Files already downloaded and verified
Files already downloaded and verified
Model: VIT ConvNNAttention
Total Parameters: 5636746
Trainable Parameters: 5636746
   - Trainable Parameters: 5.63674600 M
Model Complexity (Profiler):
   - GFLOPs: 2.33046163
   - Trainable Parameters: 5.63674600 M
[Epoch 001] Time: 93.4991s | [Train] Loss: 1.95729503 Accuracy: Top1: 33.2414%, Top5: 81.5739% | [Test] Loss: 1.79533809 Accuracy: Top1: 41.1941%, Top5: 87.1506%
[Epoch 002] Time: 92.9351s | [Train] Loss: 1.77915177 Accuracy: Top1: 41.9886%, Top5: 87.6440% | [Test] Loss: 1.67853417 Accuracy: Top1: 46.3259%, Top5: 90.5950%
[Epoch 003] Time: 92.6253s | [Train] Loss: 1.68131215 Accuracy: Top1: 46.4131%, Top5: 90.2111% | [Test] Loss: 1.61034658 Accuracy: Top1: 49.3510%, Top5: 92.0627%
[Epoch 004] Time: 93.6334s | [Train] Loss: 1.61113009 Accuracy: Top1: 49.1063%, Top5: 91.8426% | [Test] Loss: 1.56116909 Accuracy: Top1: 50.9485%, Top5: 93.2508%
[Epoch 005] Time: 93.3699s | [Train] Loss: 1.55843992 Accuracy: Top1: 51.5255%, Top5: 93.2102% | [Test] Loss: 1.51474498 Accuracy: Top1: 53.1649%, Top5: 94.2891%
[Epoch 006] Time: 92.9072s | [Train] Loss: 1.51578314 Accuracy: Top1: 53.4449%, Top5: 93.9339% | [Test] Loss: 1.49416447 Accuracy: Top1: 54.5927%, Top5: 94.3690%
[Epoch 007] Time: 92.7291s | [Train] Loss: 1.47877751 Accuracy: Top1: 55.4323%, Top5: 94.5997% | [Test] Loss: 1.46651351 Accuracy: Top1: 55.7907%, Top5: 94.9681%
[Epoch 008] Time: 93.5821s | [Train] Loss: 1.44741985 Accuracy: Top1: 56.8658%, Top5: 95.0356% | [Test] Loss: 1.44406606 Accuracy: Top1: 57.0288%, Top5: 95.1977%
[Epoch 009] Time: 93.2769s | [Train] Loss: 1.42003544 Accuracy: Top1: 58.1194%, Top5: 95.4694% | [Test] Loss: 1.44047190 Accuracy: Top1: 57.6078%, Top5: 94.8283%
[Epoch 010] Time: 93.3833s | [Train] Loss: 1.39465296 Accuracy: Top1: 59.5409%, Top5: 95.7214% | [Test] Loss: 1.41299457 Accuracy: Top1: 58.9956%, Top5: 95.6470%
[Epoch 011] Time: 93.5964s | [Train] Loss: 1.37108808 Accuracy: Top1: 60.5626%, Top5: 96.0553% | [Test] Loss: 1.39697408 Accuracy: Top1: 59.1354%, Top5: 95.7169%
[Epoch 012] Time: 93.3959s | [Train] Loss: 1.34997130 Accuracy: Top1: 61.7442%, Top5: 96.2392% | [Test] Loss: 1.37770835 Accuracy: Top1: 60.5331%, Top5: 95.8866%
[Epoch 013] Time: 93.5965s | [Train] Loss: 1.32843508 Accuracy: Top1: 62.7099%, Top5: 96.5331% | [Test] Loss: 1.36192851 Accuracy: Top1: 61.2819%, Top5: 96.1162%
[Epoch 014] Time: 93.6861s | [Train] Loss: 1.31196781 Accuracy: Top1: 63.5657%, Top5: 96.5951% | [Test] Loss: 1.35091717 Accuracy: Top1: 62.1106%, Top5: 96.3059%
[Epoch 015] Time: 93.6744s | [Train] Loss: 1.29663494 Accuracy: Top1: 64.2015%, Top5: 96.7650% | [Test] Loss: 1.34719850 Accuracy: Top1: 61.9409%, Top5: 96.0663%
[Epoch 016] Time: 93.8410s | [Train] Loss: 1.27758183 Accuracy: Top1: 65.0552%, Top5: 97.0150% | [Test] Loss: 1.34126650 Accuracy: Top1: 62.8295%, Top5: 96.5355%
[Epoch 017] Time: 93.9585s | [Train] Loss: 1.26228038 Accuracy: Top1: 66.0529%, Top5: 97.1669% | [Test] Loss: 1.32301374 Accuracy: Top1: 63.4884%, Top5: 96.4657%
[Epoch 018] Time: 93.5859s | [Train] Loss: 1.24492086 Accuracy: Top1: 66.8426%, Top5: 97.3249% | [Test] Loss: 1.31965205 Accuracy: Top1: 63.4984%, Top5: 96.5056%
[Epoch 019] Time: 93.4513s | [Train] Loss: 1.23354315 Accuracy: Top1: 67.3724%, Top5: 97.4468% | [Test] Loss: 1.31084448 Accuracy: Top1: 64.1873%, Top5: 96.7752%
[Epoch 020] Time: 93.7525s | [Train] Loss: 1.21708148 Accuracy: Top1: 68.1682%, Top5: 97.5628% | [Test] Loss: 1.29486870 Accuracy: Top1: 64.8762%, Top5: 96.8251%
[Epoch 021] Time: 93.3902s | [Train] Loss: 1.20678212 Accuracy: Top1: 68.7280%, Top5: 97.5568% | [Test] Loss: 1.29617554 Accuracy: Top1: 64.4968%, Top5: 96.6554%
[Epoch 022] Time: 93.7864s | [Train] Loss: 1.19349981 Accuracy: Top1: 69.2198%, Top5: 97.7687% | [Test] Loss: 1.28498773 Accuracy: Top1: 65.6050%, Top5: 96.9549%
[Epoch 023] Time: 93.7990s | [Train] Loss: 1.18161019 Accuracy: Top1: 70.0216%, Top5: 97.7627% | [Test] Loss: 1.30341091 Accuracy: Top1: 64.4369%, Top5: 96.7452%
[Epoch 024] Time: 93.5950s | [Train] Loss: 1.16793670 Accuracy: Top1: 70.7634%, Top5: 97.9307% | [Test] Loss: 1.28987968 Accuracy: Top1: 65.7947%, Top5: 96.8550%
[Epoch 025] Time: 93.2663s | [Train] Loss: 1.15642338 Accuracy: Top1: 71.2952%, Top5: 98.0166% | [Test] Loss: 1.27135731 Accuracy: Top1: 66.3139%, Top5: 96.9449%
[Epoch 026] Time: 93.8679s | [Train] Loss: 1.14494250 Accuracy: Top1: 71.8830%, Top5: 97.9846% | [Test] Loss: 1.27729207 Accuracy: Top1: 65.9245%, Top5: 97.0447%
[Epoch 027] Time: 93.4663s | [Train] Loss: 1.13491415 Accuracy: Top1: 72.1729%, Top5: 98.1726% | [Test] Loss: 1.26724510 Accuracy: Top1: 66.6534%, Top5: 97.0946%
[Epoch 028] Time: 93.5934s | [Train] Loss: 1.12916589 Accuracy: Top1: 72.6448%, Top5: 98.2206% | [Test] Loss: 1.25198429 Accuracy: Top1: 67.3822%, Top5: 97.1246%
[Epoch 029] Time: 93.0984s | [Train] Loss: 1.11610423 Accuracy: Top1: 73.3045%, Top5: 98.1966% | [Test] Loss: 1.26748153 Accuracy: Top1: 66.9429%, Top5: 96.7851%
[Epoch 030] Time: 93.9992s | [Train] Loss: 1.10814543 Accuracy: Top1: 73.4245%, Top5: 98.3225% | [Test] Loss: 1.25541727 Accuracy: Top1: 67.7716%, Top5: 97.0048%
[Epoch 031] Time: 93.5249s | [Train] Loss: 1.09718006 Accuracy: Top1: 74.1103%, Top5: 98.4385% | [Test] Loss: 1.25292074 Accuracy: Top1: 67.5020%, Top5: 97.0347%
[Epoch 032] Time: 93.7296s | [Train] Loss: 1.08802910 Accuracy: Top1: 74.6161%, Top5: 98.4745% | [Test] Loss: 1.24979282 Accuracy: Top1: 68.0611%, Top5: 97.0647%
[Epoch 033] Time: 93.4491s | [Train] Loss: 1.08247397 Accuracy: Top1: 74.8301%, Top5: 98.4905% | [Test] Loss: 1.24614496 Accuracy: Top1: 67.6917%, Top5: 97.2344%
[Epoch 034] Time: 93.3509s | [Train] Loss: 1.07274139 Accuracy: Top1: 75.5498%, Top5: 98.5485% | [Test] Loss: 1.23928950 Accuracy: Top1: 68.0911%, Top5: 97.2244%
[Epoch 035] Time: 93.5752s | [Train] Loss: 1.06613638 Accuracy: Top1: 75.4998%, Top5: 98.6024% | [Test] Loss: 1.24241077 Accuracy: Top1: 68.2907%, Top5: 97.0647%
[Epoch 036] Time: 93.4911s | [Train] Loss: 1.05926860 Accuracy: Top1: 75.9217%, Top5: 98.6144% | [Test] Loss: 1.23888618 Accuracy: Top1: 68.5204%, Top5: 97.2145%
[Epoch 037] Time: 93.5480s | [Train] Loss: 1.05143487 Accuracy: Top1: 76.2696%, Top5: 98.6184% | [Test] Loss: 1.24628363 Accuracy: Top1: 68.2708%, Top5: 97.2943%
[Epoch 038] Time: 93.5874s | [Train] Loss: 1.04128959 Accuracy: Top1: 76.7274%, Top5: 98.7744% | [Test] Loss: 1.24102170 Accuracy: Top1: 68.7200%, Top5: 97.1046%
[Epoch 039] Time: 93.5592s | [Train] Loss: 1.03766035 Accuracy: Top1: 76.8334%, Top5: 98.7704% | [Test] Loss: 1.24037535 Accuracy: Top1: 68.6701%, Top5: 97.1645%
[Epoch 040] Time: 93.4957s | [Train] Loss: 1.02841288 Accuracy: Top1: 77.6072%, Top5: 98.8604% | [Test] Loss: 1.23804256 Accuracy: Top1: 68.7101%, Top5: 97.1645%
[Epoch 041] Time: 93.6372s | [Train] Loss: 1.02526229 Accuracy: Top1: 77.4372%, Top5: 98.8104% | [Test] Loss: 1.23917639 Accuracy: Top1: 68.6701%, Top5: 97.3143%
[Epoch 042] Time: 93.7437s | [Train] Loss: 1.01847693 Accuracy: Top1: 77.9211%, Top5: 98.8984% | [Test] Loss: 1.23567074 Accuracy: Top1: 69.1094%, Top5: 97.2544%
[Epoch 043] Time: 93.5498s | [Train] Loss: 1.01272272 Accuracy: Top1: 78.1510%, Top5: 98.8824% | [Test] Loss: 1.22990695 Accuracy: Top1: 69.0296%, Top5: 97.3542%
[Epoch 044] Time: 93.9943s | [Train] Loss: 1.00726558 Accuracy: Top1: 78.4949%, Top5: 98.9083% | [Test] Loss: 1.22895780 Accuracy: Top1: 68.8099%, Top5: 97.2843%
[Epoch 045] Time: 93.7313s | [Train] Loss: 1.00237376 Accuracy: Top1: 78.8508%, Top5: 98.9583% | [Test] Loss: 1.23189220 Accuracy: Top1: 69.4988%, Top5: 97.2244%
[Epoch 046] Time: 93.7832s | [Train] Loss: 0.99463527 Accuracy: Top1: 79.1527%, Top5: 98.9863% | [Test] Loss: 1.23354973 Accuracy: Top1: 69.1893%, Top5: 97.2045%
[Epoch 047] Time: 93.2262s | [Train] Loss: 0.98983657 Accuracy: Top1: 79.2746%, Top5: 99.0343% | [Test] Loss: 1.23231540 Accuracy: Top1: 69.3391%, Top5: 97.2544%
[Epoch 048] Time: 93.6919s | [Train] Loss: 0.98551857 Accuracy: Top1: 79.6045%, Top5: 99.0103% | [Test] Loss: 1.23149283 Accuracy: Top1: 69.3890%, Top5: 97.1246%
[Epoch 049] Time: 93.6507s | [Train] Loss: 0.98042934 Accuracy: Top1: 79.8205%, Top5: 99.0583% | [Test] Loss: 1.23707721 Accuracy: Top1: 69.3091%, Top5: 97.1745%
[Epoch 050] Time: 93.4179s | [Train] Loss: 0.97644652 Accuracy: Top1: 79.8844%, Top5: 99.0803% | [Test] Loss: 1.23545877 Accuracy: Top1: 69.0795%, Top5: 97.3343%
[Epoch 051] Time: 93.3297s | [Train] Loss: 0.97670365 Accuracy: Top1: 80.1324%, Top5: 99.0623% | [Test] Loss: 1.22642512 Accuracy: Top1: 69.5787%, Top5: 97.1945%
[Epoch 052] Time: 93.6390s | [Train] Loss: 0.96890347 Accuracy: Top1: 80.3183%, Top5: 99.0623% | [Test] Loss: 1.22669272 Accuracy: Top1: 69.7784%, Top5: 97.1446%
[Epoch 053] Time: 93.5020s | [Train] Loss: 0.96323207 Accuracy: Top1: 80.6642%, Top5: 99.1283% | [Test] Loss: 1.23264545 Accuracy: Top1: 69.9381%, Top5: 97.2544%
[Epoch 054] Time: 93.8084s | [Train] Loss: 0.96280171 Accuracy: Top1: 80.6442%, Top5: 99.1343% | [Test] Loss: 1.23326629 Accuracy: Top1: 69.4589%, Top5: 97.2744%
[Epoch 055] Time: 94.0319s | [Train] Loss: 0.95948480 Accuracy: Top1: 80.8141%, Top5: 99.1143% | [Test] Loss: 1.22843069 Accuracy: Top1: 69.9181%, Top5: 97.2744%
[Epoch 056] Time: 93.3201s | [Train] Loss: 0.95686585 Accuracy: Top1: 80.8421%, Top5: 99.1403% | [Test] Loss: 1.22891808 Accuracy: Top1: 70.1577%, Top5: 97.2145%
[Epoch 057] Time: 93.4551s | [Train] Loss: 0.95271557 Accuracy: Top1: 81.2420%, Top5: 99.1843% | [Test] Loss: 1.22653508 Accuracy: Top1: 69.7983%, Top5: 97.2644%
[Epoch 058] Time: 93.9339s | [Train] Loss: 0.94978552 Accuracy: Top1: 81.2300%, Top5: 99.2123% | [Test] Loss: 1.22784532 Accuracy: Top1: 69.8582%, Top5: 97.1645%
[Epoch 059] Time: 94.2197s | [Train] Loss: 0.94894827 Accuracy: Top1: 81.2140%, Top5: 99.1903% | [Test] Loss: 1.22890507 Accuracy: Top1: 70.2077%, Top5: 97.2544%
[Epoch 060] Time: 94.0868s | [Train] Loss: 0.94499254 Accuracy: Top1: 81.3560%, Top5: 99.1943% | [Test] Loss: 1.22559768 Accuracy: Top1: 70.0379%, Top5: 97.2045%
[Epoch 061] Time: 93.5370s | [Train] Loss: 0.94371990 Accuracy: Top1: 81.6319%, Top5: 99.2083% | [Test] Loss: 1.22755034 Accuracy: Top1: 69.9081%, Top5: 97.4541%
[Epoch 062] Time: 93.7265s | [Train] Loss: 0.93866299 Accuracy: Top1: 81.9158%, Top5: 99.2063% | [Test] Loss: 1.22946071 Accuracy: Top1: 69.7784%, Top5: 97.2344%
[Epoch 063] Time: 92.8827s | [Train] Loss: 0.93740807 Accuracy: Top1: 81.9758%, Top5: 99.2602% | [Test] Loss: 1.23114748 Accuracy: Top1: 69.8183%, Top5: 97.1945%
[Epoch 064] Time: 93.3847s | [Train] Loss: 0.93620811 Accuracy: Top1: 81.9878%, Top5: 99.1923% | [Test] Loss: 1.22670940 Accuracy: Top1: 69.8283%, Top5: 97.1845%
[Epoch 065] Time: 93.3979s | [Train] Loss: 0.93604940 Accuracy: Top1: 81.8358%, Top5: 99.2762% | [Test] Loss: 1.22444976 Accuracy: Top1: 70.1378%, Top5: 97.1645%
[Epoch 066] Time: 94.1598s | [Train] Loss: 0.93262934 Accuracy: Top1: 82.1577%, Top5: 99.2542% | [Test] Loss: 1.23003264 Accuracy: Top1: 70.0978%, Top5: 97.2344%
[Epoch 067] Time: 92.9971s | [Train] Loss: 0.92981202 Accuracy: Top1: 82.2097%, Top5: 99.2782% | [Test] Loss: 1.23237208 Accuracy: Top1: 69.8682%, Top5: 97.1346%
[Epoch 068] Time: 93.4136s | [Train] Loss: 0.92897148 Accuracy: Top1: 82.2557%, Top5: 99.2762% | [Test] Loss: 1.22942664 Accuracy: Top1: 69.8782%, Top5: 97.2244%
[Epoch 069] Time: 93.8175s | [Train] Loss: 0.93022756 Accuracy: Top1: 82.2677%, Top5: 99.2522% | [Test] Loss: 1.22616373 Accuracy: Top1: 70.0579%, Top5: 97.2045%
[Epoch 070] Time: 93.7267s | [Train] Loss: 0.92867145 Accuracy: Top1: 82.2917%, Top5: 99.2902% | [Test] Loss: 1.22609801 Accuracy: Top1: 69.9581%, Top5: 97.1645%
[Epoch 071] Time: 93.2050s | [Train] Loss: 0.92772749 Accuracy: Top1: 82.4796%, Top5: 99.2662% | [Test] Loss: 1.22991540 Accuracy: Top1: 70.0978%, Top5: 97.1546%
[Epoch 072] Time: 93.9586s | [Train] Loss: 0.92842188 Accuracy: Top1: 82.2857%, Top5: 99.2902% | [Test] Loss: 1.22946923 Accuracy: Top1: 69.8682%, Top5: 97.1546%
[Epoch 073] Time: 93.0700s | [Train] Loss: 0.93030308 Accuracy: Top1: 82.1137%, Top5: 99.2662% | [Test] Loss: 1.22963583 Accuracy: Top1: 69.7983%, Top5: 97.2344%
[Epoch 074] Time: 93.3372s | [Train] Loss: 0.92661204 Accuracy: Top1: 82.4816%, Top5: 99.2622% | [Test] Loss: 1.22671713 Accuracy: Top1: 69.9181%, Top5: 97.2644%
[Epoch 075] Time: 93.5977s | [Train] Loss: 0.92372468 Accuracy: Top1: 82.6635%, Top5: 99.3382% | [Test] Loss: 1.22818611 Accuracy: Top1: 70.0579%, Top5: 97.2244%
[Epoch 076] Time: 93.4807s | [Train] Loss: 0.92460333 Accuracy: Top1: 82.3936%, Top5: 99.3242% | [Test] Loss: 1.22865961 Accuracy: Top1: 69.9481%, Top5: 97.1745%
[Epoch 077] Time: 93.5824s | [Train] Loss: 0.92531737 Accuracy: Top1: 82.5456%, Top5: 99.2462% | [Test] Loss: 1.22744943 Accuracy: Top1: 70.1378%, Top5: 97.2344%
[Epoch 078] Time: 94.1654s | [Train] Loss: 0.92787217 Accuracy: Top1: 82.4596%, Top5: 99.2202% | [Test] Loss: 1.22836578 Accuracy: Top1: 69.8482%, Top5: 97.1745%
[Epoch 079] Time: 93.3400s | [Train] Loss: 0.92451915 Accuracy: Top1: 82.5036%, Top5: 99.3062% | [Test] Loss: 1.22860960 Accuracy: Top1: 69.8283%, Top5: 97.2244%
[Epoch 080] Time: 93.8834s | [Train] Loss: 0.92325019 Accuracy: Top1: 82.5316%, Top5: 99.2502% | [Test] Loss: 1.22843306 Accuracy: Top1: 69.9481%, Top5: 97.1546%
Files already downloaded and verified
Files already downloaded and verified
Model: VIT ConvNNAttention
Total Parameters: 5735050
Trainable Parameters: 5735050
   - Trainable Parameters: 5.73505000 M
Model Complexity (Profiler):
   - GFLOPs: 2.33136941
   - Trainable Parameters: 5.73505000 M
[Epoch 001] Time: 92.6500s | [Train] Loss: 1.95131509 Accuracy: Top1: 33.4473%, Top5: 81.7818% | [Test] Loss: 1.78057674 Accuracy: Top1: 41.7332%, Top5: 87.8095%
[Epoch 002] Time: 92.5654s | [Train] Loss: 1.75858947 Accuracy: Top1: 42.6504%, Top5: 88.4317% | [Test] Loss: 1.65957510 Accuracy: Top1: 47.3343%, Top5: 90.6150%
[Epoch 003] Time: 93.1525s | [Train] Loss: 1.65918926 Accuracy: Top1: 46.8610%, Top5: 91.0829% | [Test] Loss: 1.59874360 Accuracy: Top1: 49.8303%, Top5: 92.6118%
[Epoch 004] Time: 93.0315s | [Train] Loss: 1.59560285 Accuracy: Top1: 49.7641%, Top5: 92.3984% | [Test] Loss: 1.54660355 Accuracy: Top1: 52.2065%, Top5: 93.6601%
[Epoch 005] Time: 93.2555s | [Train] Loss: 1.54875243 Accuracy: Top1: 51.6795%, Top5: 93.4041% | [Test] Loss: 1.50949492 Accuracy: Top1: 53.5843%, Top5: 94.3690%
[Epoch 006] Time: 92.3220s | [Train] Loss: 1.50843144 Accuracy: Top1: 53.8408%, Top5: 94.0519% | [Test] Loss: 1.48610618 Accuracy: Top1: 54.9521%, Top5: 94.4688%
[Epoch 007] Time: 93.2991s | [Train] Loss: 1.47734729 Accuracy: Top1: 55.3083%, Top5: 94.4698% | [Test] Loss: 1.45644547 Accuracy: Top1: 56.0703%, Top5: 94.9481%
[Epoch 008] Time: 92.6906s | [Train] Loss: 1.44755426 Accuracy: Top1: 57.1737%, Top5: 95.0496% | [Test] Loss: 1.43391306 Accuracy: Top1: 57.1885%, Top5: 95.0978%
[Epoch 009] Time: 92.6151s | [Train] Loss: 1.42333283 Accuracy: Top1: 57.9475%, Top5: 95.3055% | [Test] Loss: 1.42686419 Accuracy: Top1: 58.0172%, Top5: 95.2376%
[Epoch 010] Time: 92.8537s | [Train] Loss: 1.39655374 Accuracy: Top1: 59.3190%, Top5: 95.6134% | [Test] Loss: 1.40283223 Accuracy: Top1: 58.7560%, Top5: 95.4872%
[Epoch 011] Time: 92.2740s | [Train] Loss: 1.37189308 Accuracy: Top1: 60.6206%, Top5: 95.9893% | [Test] Loss: 1.39658820 Accuracy: Top1: 59.3550%, Top5: 95.4273%
[Epoch 012] Time: 93.0167s | [Train] Loss: 1.34801623 Accuracy: Top1: 61.7143%, Top5: 96.1532% | [Test] Loss: 1.37835463 Accuracy: Top1: 60.0140%, Top5: 95.9065%
[Epoch 013] Time: 93.0013s | [Train] Loss: 1.32983620 Accuracy: Top1: 62.8419%, Top5: 96.4571% | [Test] Loss: 1.35916900 Accuracy: Top1: 60.3734%, Top5: 96.2460%
[Epoch 014] Time: 93.0113s | [Train] Loss: 1.31105011 Accuracy: Top1: 63.5217%, Top5: 96.6031% | [Test] Loss: 1.34662328 Accuracy: Top1: 61.5815%, Top5: 96.0663%
[Epoch 015] Time: 93.1321s | [Train] Loss: 1.29329100 Accuracy: Top1: 64.4314%, Top5: 96.7870% | [Test] Loss: 1.34402520 Accuracy: Top1: 61.7512%, Top5: 96.2061%
[Epoch 016] Time: 92.2636s | [Train] Loss: 1.27270355 Accuracy: Top1: 65.5150%, Top5: 97.0529% | [Test] Loss: 1.32518412 Accuracy: Top1: 62.8894%, Top5: 96.5355%
[Epoch 017] Time: 92.9631s | [Train] Loss: 1.25852715 Accuracy: Top1: 66.0329%, Top5: 97.1069% | [Test] Loss: 1.31718390 Accuracy: Top1: 62.7796%, Top5: 96.5256%
[Epoch 018] Time: 93.1366s | [Train] Loss: 1.23967488 Accuracy: Top1: 66.8006%, Top5: 97.3928% | [Test] Loss: 1.29979330 Accuracy: Top1: 63.9077%, Top5: 96.8650%
[Epoch 019] Time: 93.3880s | [Train] Loss: 1.22981877 Accuracy: Top1: 67.6304%, Top5: 97.3448% | [Test] Loss: 1.29597359 Accuracy: Top1: 64.0176%, Top5: 96.7053%
[Epoch 020] Time: 92.7319s | [Train] Loss: 1.21346337 Accuracy: Top1: 68.4401%, Top5: 97.4248% | [Test] Loss: 1.27396107 Accuracy: Top1: 65.1857%, Top5: 96.9549%
[Epoch 021] Time: 93.1284s | [Train] Loss: 1.20071448 Accuracy: Top1: 68.8360%, Top5: 97.5828% | [Test] Loss: 1.27057599 Accuracy: Top1: 65.5252%, Top5: 96.9549%
[Epoch 022] Time: 92.7032s | [Train] Loss: 1.18594571 Accuracy: Top1: 69.7637%, Top5: 97.7107% | [Test] Loss: 1.26063304 Accuracy: Top1: 65.8946%, Top5: 97.0847%
[Epoch 023] Time: 92.8524s | [Train] Loss: 1.17546760 Accuracy: Top1: 70.1615%, Top5: 97.7187% | [Test] Loss: 1.26721300 Accuracy: Top1: 65.5851%, Top5: 96.9050%
[Epoch 024] Time: 92.8446s | [Train] Loss: 1.16335962 Accuracy: Top1: 70.7694%, Top5: 97.8267% | [Test] Loss: 1.26507396 Accuracy: Top1: 66.3538%, Top5: 97.0946%
[Epoch 025] Time: 93.4565s | [Train] Loss: 1.15300212 Accuracy: Top1: 71.1672%, Top5: 97.9906% | [Test] Loss: 1.26018089 Accuracy: Top1: 66.4836%, Top5: 97.0946%
[Epoch 026] Time: 93.1725s | [Train] Loss: 1.14098821 Accuracy: Top1: 71.7270%, Top5: 98.0466% | [Test] Loss: 1.26302798 Accuracy: Top1: 65.9046%, Top5: 97.1346%
[Epoch 027] Time: 93.0592s | [Train] Loss: 1.13362236 Accuracy: Top1: 72.0709%, Top5: 98.1606% | [Test] Loss: 1.24322162 Accuracy: Top1: 67.7915%, Top5: 97.1546%
[Epoch 028] Time: 93.3026s | [Train] Loss: 1.12065155 Accuracy: Top1: 72.9047%, Top5: 98.1966% | [Test] Loss: 1.23605134 Accuracy: Top1: 67.0427%, Top5: 97.1845%
[Epoch 029] Time: 92.9238s | [Train] Loss: 1.11214268 Accuracy: Top1: 73.1946%, Top5: 98.3105% | [Test] Loss: 1.24895788 Accuracy: Top1: 67.1925%, Top5: 97.1346%
[Epoch 030] Time: 93.3226s | [Train] Loss: 1.10179685 Accuracy: Top1: 73.7704%, Top5: 98.2546% | [Test] Loss: 1.24873435 Accuracy: Top1: 67.3023%, Top5: 97.0747%
[Epoch 031] Time: 92.9703s | [Train] Loss: 1.09231822 Accuracy: Top1: 74.2902%, Top5: 98.4245% | [Test] Loss: 1.24039401 Accuracy: Top1: 67.7017%, Top5: 97.2145%
[Epoch 032] Time: 92.5839s | [Train] Loss: 1.08362709 Accuracy: Top1: 74.5861%, Top5: 98.4225% | [Test] Loss: 1.23313289 Accuracy: Top1: 67.7117%, Top5: 97.3343%
[Epoch 033] Time: 92.6014s | [Train] Loss: 1.07664814 Accuracy: Top1: 74.8341%, Top5: 98.5085% | [Test] Loss: 1.22855596 Accuracy: Top1: 67.9613%, Top5: 97.0946%
[Epoch 034] Time: 93.1772s | [Train] Loss: 1.07040555 Accuracy: Top1: 75.2179%, Top5: 98.5305% | [Test] Loss: 1.22263511 Accuracy: Top1: 68.6402%, Top5: 97.3243%
[Epoch 035] Time: 92.9101s | [Train] Loss: 1.06198075 Accuracy: Top1: 75.6218%, Top5: 98.5925% | [Test] Loss: 1.22235608 Accuracy: Top1: 68.3806%, Top5: 97.2444%
[Epoch 036] Time: 92.6846s | [Train] Loss: 1.05363687 Accuracy: Top1: 75.9117%, Top5: 98.6764% | [Test] Loss: 1.22086690 Accuracy: Top1: 68.5204%, Top5: 97.2943%
[Epoch 037] Time: 93.4243s | [Train] Loss: 1.04879281 Accuracy: Top1: 76.3356%, Top5: 98.6704% | [Test] Loss: 1.22996368 Accuracy: Top1: 68.2608%, Top5: 97.2244%
[Epoch 038] Time: 92.9326s | [Train] Loss: 1.03818485 Accuracy: Top1: 76.8274%, Top5: 98.6844% | [Test] Loss: 1.21779275 Accuracy: Top1: 69.0695%, Top5: 97.2644%
[Epoch 039] Time: 92.8213s | [Train] Loss: 1.03222631 Accuracy: Top1: 77.0034%, Top5: 98.7084% | [Test] Loss: 1.21716457 Accuracy: Top1: 68.9796%, Top5: 97.3842%
[Epoch 040] Time: 92.4132s | [Train] Loss: 1.02738610 Accuracy: Top1: 77.2393%, Top5: 98.7244% | [Test] Loss: 1.21323062 Accuracy: Top1: 69.2392%, Top5: 97.3942%
[Epoch 041] Time: 92.8020s | [Train] Loss: 1.02006925 Accuracy: Top1: 77.7091%, Top5: 98.7824% | [Test] Loss: 1.21871795 Accuracy: Top1: 69.4389%, Top5: 97.2644%
[Epoch 042] Time: 93.2667s | [Train] Loss: 1.01523294 Accuracy: Top1: 77.8651%, Top5: 98.8204% | [Test] Loss: 1.21175059 Accuracy: Top1: 69.3890%, Top5: 97.3842%
[Epoch 043] Time: 92.9169s | [Train] Loss: 1.01109171 Accuracy: Top1: 78.0730%, Top5: 98.8584% | [Test] Loss: 1.21464040 Accuracy: Top1: 69.5687%, Top5: 97.3243%
[Epoch 044] Time: 93.0895s | [Train] Loss: 1.00352449 Accuracy: Top1: 78.4749%, Top5: 98.8844% | [Test] Loss: 1.21199753 Accuracy: Top1: 69.4289%, Top5: 97.3343%
[Epoch 045] Time: 93.2367s | [Train] Loss: 0.99538171 Accuracy: Top1: 78.8128%, Top5: 98.9363% | [Test] Loss: 1.21280152 Accuracy: Top1: 69.7384%, Top5: 97.3143%
[Epoch 046] Time: 93.0023s | [Train] Loss: 0.99595498 Accuracy: Top1: 78.6488%, Top5: 98.9463% | [Test] Loss: 1.20714259 Accuracy: Top1: 69.7784%, Top5: 97.2644%
[Epoch 047] Time: 92.6232s | [Train] Loss: 0.98864650 Accuracy: Top1: 79.3126%, Top5: 98.9783% | [Test] Loss: 1.21047274 Accuracy: Top1: 70.1378%, Top5: 97.3343%
[Epoch 048] Time: 93.2418s | [Train] Loss: 0.98310389 Accuracy: Top1: 79.3806%, Top5: 99.0343% | [Test] Loss: 1.21118320 Accuracy: Top1: 70.2875%, Top5: 97.2344%
[Epoch 049] Time: 93.2365s | [Train] Loss: 0.97960378 Accuracy: Top1: 79.5206%, Top5: 98.9963% | [Test] Loss: 1.21161360 Accuracy: Top1: 69.8782%, Top5: 97.2644%
[Epoch 050] Time: 92.6612s | [Train] Loss: 0.97592066 Accuracy: Top1: 79.8644%, Top5: 99.0243% | [Test] Loss: 1.21008214 Accuracy: Top1: 70.3774%, Top5: 97.4141%
[Epoch 051] Time: 93.1224s | [Train] Loss: 0.96996902 Accuracy: Top1: 80.0064%, Top5: 99.0763% | [Test] Loss: 1.20255433 Accuracy: Top1: 70.3674%, Top5: 97.4840%
[Epoch 052] Time: 93.2508s | [Train] Loss: 0.96691559 Accuracy: Top1: 80.2423%, Top5: 99.0363% | [Test] Loss: 1.20553840 Accuracy: Top1: 70.4473%, Top5: 97.2544%
[Epoch 053] Time: 93.5450s | [Train] Loss: 0.96402853 Accuracy: Top1: 80.2703%, Top5: 99.1163% | [Test] Loss: 1.21217408 Accuracy: Top1: 70.2975%, Top5: 97.4541%
[Epoch 054] Time: 93.0521s | [Train] Loss: 0.96108194 Accuracy: Top1: 80.4842%, Top5: 99.1223% | [Test] Loss: 1.20950031 Accuracy: Top1: 70.3474%, Top5: 97.3143%
[Epoch 055] Time: 92.9272s | [Train] Loss: 0.95592249 Accuracy: Top1: 80.6162%, Top5: 99.1483% | [Test] Loss: 1.21279637 Accuracy: Top1: 70.2975%, Top5: 97.4042%
[Epoch 056] Time: 92.8308s | [Train] Loss: 0.95139575 Accuracy: Top1: 81.0021%, Top5: 99.1423% | [Test] Loss: 1.20614246 Accuracy: Top1: 70.6470%, Top5: 97.3542%
[Epoch 057] Time: 93.0310s | [Train] Loss: 0.95123682 Accuracy: Top1: 81.0721%, Top5: 99.1663% | [Test] Loss: 1.20469322 Accuracy: Top1: 70.3474%, Top5: 97.4241%
[Epoch 058] Time: 93.0556s | [Train] Loss: 0.94932293 Accuracy: Top1: 81.0241%, Top5: 99.1083% | [Test] Loss: 1.20767439 Accuracy: Top1: 70.6769%, Top5: 97.4940%
[Epoch 059] Time: 92.7396s | [Train] Loss: 0.94436213 Accuracy: Top1: 81.0581%, Top5: 99.1783% | [Test] Loss: 1.20987551 Accuracy: Top1: 70.1478%, Top5: 97.4042%
[Epoch 060] Time: 92.8023s | [Train] Loss: 0.94160216 Accuracy: Top1: 81.5179%, Top5: 99.1583% | [Test] Loss: 1.20398730 Accuracy: Top1: 70.5871%, Top5: 97.3942%
[Epoch 061] Time: 93.2655s | [Train] Loss: 0.93952195 Accuracy: Top1: 81.5099%, Top5: 99.1963% | [Test] Loss: 1.21074099 Accuracy: Top1: 70.2875%, Top5: 97.4241%
[Epoch 062] Time: 92.5361s | [Train] Loss: 0.94080135 Accuracy: Top1: 81.4559%, Top5: 99.1643% | [Test] Loss: 1.20924813 Accuracy: Top1: 70.6569%, Top5: 97.3343%
[Epoch 063] Time: 92.7833s | [Train] Loss: 0.93622413 Accuracy: Top1: 81.8938%, Top5: 99.1903% | [Test] Loss: 1.20847223 Accuracy: Top1: 70.4273%, Top5: 97.3642%
[Epoch 064] Time: 93.4204s | [Train] Loss: 0.93377563 Accuracy: Top1: 82.0278%, Top5: 99.1863% | [Test] Loss: 1.20899288 Accuracy: Top1: 70.6769%, Top5: 97.3642%
[Epoch 065] Time: 93.4348s | [Train] Loss: 0.93312550 Accuracy: Top1: 82.0757%, Top5: 99.1983% | [Test] Loss: 1.20346107 Accuracy: Top1: 70.4872%, Top5: 97.4840%
[Epoch 066] Time: 92.8167s | [Train] Loss: 0.92993087 Accuracy: Top1: 81.8918%, Top5: 99.2163% | [Test] Loss: 1.20735718 Accuracy: Top1: 70.7967%, Top5: 97.3143%
[Epoch 067] Time: 92.9016s | [Train] Loss: 0.92858626 Accuracy: Top1: 82.1317%, Top5: 99.2183% | [Test] Loss: 1.20922596 Accuracy: Top1: 70.7368%, Top5: 97.3942%
[Epoch 068] Time: 93.0557s | [Train] Loss: 0.92950925 Accuracy: Top1: 82.1057%, Top5: 99.1863% | [Test] Loss: 1.20863229 Accuracy: Top1: 70.5371%, Top5: 97.3742%
[Epoch 069] Time: 93.4169s | [Train] Loss: 0.92712814 Accuracy: Top1: 82.2577%, Top5: 99.2342% | [Test] Loss: 1.20512159 Accuracy: Top1: 70.8966%, Top5: 97.4740%
[Epoch 070] Time: 93.1828s | [Train] Loss: 0.92746047 Accuracy: Top1: 82.0937%, Top5: 99.2542% | [Test] Loss: 1.20647378 Accuracy: Top1: 70.9565%, Top5: 97.3542%
[Epoch 071] Time: 93.6986s | [Train] Loss: 0.92377545 Accuracy: Top1: 82.4516%, Top5: 99.2642% | [Test] Loss: 1.20570763 Accuracy: Top1: 70.8267%, Top5: 97.4042%
[Epoch 072] Time: 93.4044s | [Train] Loss: 0.92565512 Accuracy: Top1: 82.1697%, Top5: 99.2342% | [Test] Loss: 1.20735402 Accuracy: Top1: 70.7768%, Top5: 97.4042%
[Epoch 073] Time: 93.5379s | [Train] Loss: 0.92434829 Accuracy: Top1: 82.1517%, Top5: 99.2622% | [Test] Loss: 1.20649137 Accuracy: Top1: 71.0064%, Top5: 97.3842%
[Epoch 074] Time: 93.6195s | [Train] Loss: 0.92533166 Accuracy: Top1: 82.3516%, Top5: 99.2043% | [Test] Loss: 1.20616655 Accuracy: Top1: 70.8167%, Top5: 97.3942%
[Epoch 075] Time: 92.9134s | [Train] Loss: 0.92243033 Accuracy: Top1: 82.4616%, Top5: 99.2183% | [Test] Loss: 1.20678142 Accuracy: Top1: 70.7668%, Top5: 97.4042%
[Epoch 076] Time: 92.9049s | [Train] Loss: 0.92102544 Accuracy: Top1: 82.5476%, Top5: 99.2402% | [Test] Loss: 1.20602002 Accuracy: Top1: 70.8367%, Top5: 97.4241%
[Epoch 077] Time: 93.5092s | [Train] Loss: 0.92141796 Accuracy: Top1: 82.3516%, Top5: 99.2482% | [Test] Loss: 1.20766436 Accuracy: Top1: 70.9365%, Top5: 97.4641%
[Epoch 078] Time: 92.9073s | [Train] Loss: 0.92236242 Accuracy: Top1: 82.4116%, Top5: 99.2622% | [Test] Loss: 1.20804817 Accuracy: Top1: 70.8766%, Top5: 97.4241%
[Epoch 079] Time: 93.0479s | [Train] Loss: 0.92316428 Accuracy: Top1: 82.2437%, Top5: 99.2822% | [Test] Loss: 1.20665792 Accuracy: Top1: 70.8666%, Top5: 97.5140%
[Epoch 080] Time: 92.7693s | [Train] Loss: 0.92216178 Accuracy: Top1: 82.4836%, Top5: 99.2482% | [Test] Loss: 1.20626586 Accuracy: Top1: 70.6569%, Top5: 97.5140%
Files already downloaded and verified
Files already downloaded and verified
Model: VIT ConvNNAttention
Total Parameters: 5833354
Trainable Parameters: 5833354
   - Trainable Parameters: 5.83335400 M
Model Complexity (Profiler):
   - GFLOPs: 2.33227718
   - Trainable Parameters: 5.83335400 M
[Epoch 001] Time: 93.4411s | [Train] Loss: 1.94431420 Accuracy: Top1: 33.5553%, Top5: 82.3556% | [Test] Loss: 1.76488249 Accuracy: Top1: 42.3622%, Top5: 88.1989%
[Epoch 002] Time: 93.6743s | [Train] Loss: 1.74388232 Accuracy: Top1: 43.4201%, Top5: 88.9016% | [Test] Loss: 1.63990668 Accuracy: Top1: 48.6522%, Top5: 91.3638%
[Epoch 003] Time: 93.9204s | [Train] Loss: 1.64361915 Accuracy: Top1: 47.7987%, Top5: 91.3148% | [Test] Loss: 1.57502055 Accuracy: Top1: 51.1781%, Top5: 93.1510%
[Epoch 004] Time: 93.0060s | [Train] Loss: 1.57894396 Accuracy: Top1: 50.6278%, Top5: 92.9303% | [Test] Loss: 1.54047587 Accuracy: Top1: 52.4461%, Top5: 93.5703%
[Epoch 005] Time: 93.3920s | [Train] Loss: 1.53447069 Accuracy: Top1: 52.7031%, Top5: 93.6840% | [Test] Loss: 1.49705614 Accuracy: Top1: 54.2831%, Top5: 94.4988%
[Epoch 006] Time: 93.1010s | [Train] Loss: 1.49499259 Accuracy: Top1: 54.4086%, Top5: 94.3878% | [Test] Loss: 1.47503531 Accuracy: Top1: 55.7608%, Top5: 94.6286%
[Epoch 007] Time: 93.4583s | [Train] Loss: 1.46325629 Accuracy: Top1: 55.9781%, Top5: 94.8017% | [Test] Loss: 1.44833961 Accuracy: Top1: 56.6793%, Top5: 95.0679%
[Epoch 008] Time: 93.5099s | [Train] Loss: 1.43293125 Accuracy: Top1: 57.5036%, Top5: 95.2255% | [Test] Loss: 1.42427728 Accuracy: Top1: 57.9173%, Top5: 95.3175%
[Epoch 009] Time: 94.2502s | [Train] Loss: 1.40410639 Accuracy: Top1: 58.8492%, Top5: 95.6394% | [Test] Loss: 1.42179224 Accuracy: Top1: 59.0954%, Top5: 95.1877%
[Epoch 010] Time: 93.9610s | [Train] Loss: 1.38155248 Accuracy: Top1: 59.8908%, Top5: 95.9733% | [Test] Loss: 1.39060229 Accuracy: Top1: 59.9241%, Top5: 95.8566%
[Epoch 011] Time: 93.2697s | [Train] Loss: 1.35826952 Accuracy: Top1: 61.1224%, Top5: 96.1932% | [Test] Loss: 1.37529612 Accuracy: Top1: 60.3135%, Top5: 95.5871%
[Epoch 012] Time: 93.3514s | [Train] Loss: 1.33611176 Accuracy: Top1: 62.3580%, Top5: 96.3712% | [Test] Loss: 1.36378723 Accuracy: Top1: 61.6214%, Top5: 96.0663%
[Epoch 013] Time: 93.9117s | [Train] Loss: 1.31380052 Accuracy: Top1: 63.1318%, Top5: 96.6411% | [Test] Loss: 1.33862907 Accuracy: Top1: 62.2604%, Top5: 96.4157%
[Epoch 014] Time: 93.4237s | [Train] Loss: 1.29719270 Accuracy: Top1: 63.9455%, Top5: 96.8770% | [Test] Loss: 1.33113011 Accuracy: Top1: 62.9692%, Top5: 96.3059%
[Epoch 015] Time: 93.0813s | [Train] Loss: 1.27927029 Accuracy: Top1: 64.8173%, Top5: 97.0569% | [Test] Loss: 1.32114164 Accuracy: Top1: 63.0990%, Top5: 96.4157%
[Epoch 016] Time: 93.3945s | [Train] Loss: 1.26117812 Accuracy: Top1: 65.6750%, Top5: 97.1329% | [Test] Loss: 1.31434952 Accuracy: Top1: 63.5783%, Top5: 96.5555%
[Epoch 017] Time: 93.6595s | [Train] Loss: 1.24973891 Accuracy: Top1: 66.2808%, Top5: 97.2789% | [Test] Loss: 1.31468439 Accuracy: Top1: 63.6482%, Top5: 96.7352%
[Epoch 018] Time: 93.7537s | [Train] Loss: 1.22926915 Accuracy: Top1: 67.4184%, Top5: 97.5448% | [Test] Loss: 1.30079423 Accuracy: Top1: 63.7580%, Top5: 96.6254%
[Epoch 019] Time: 93.9426s | [Train] Loss: 1.21664581 Accuracy: Top1: 67.9762%, Top5: 97.5348% | [Test] Loss: 1.28000152 Accuracy: Top1: 65.1258%, Top5: 96.8450%
[Epoch 020] Time: 94.0484s | [Train] Loss: 1.20356293 Accuracy: Top1: 68.6580%, Top5: 97.6567% | [Test] Loss: 1.26935725 Accuracy: Top1: 65.7648%, Top5: 96.7851%
[Epoch 021] Time: 93.4707s | [Train] Loss: 1.18850003 Accuracy: Top1: 69.2738%, Top5: 97.7287% | [Test] Loss: 1.27397485 Accuracy: Top1: 65.4752%, Top5: 96.8251%
[Epoch 022] Time: 93.3260s | [Train] Loss: 1.17750815 Accuracy: Top1: 70.0976%, Top5: 97.8387% | [Test] Loss: 1.26317640 Accuracy: Top1: 66.4437%, Top5: 96.9649%
[Epoch 023] Time: 93.5267s | [Train] Loss: 1.16644677 Accuracy: Top1: 70.6694%, Top5: 97.8867% | [Test] Loss: 1.27039218 Accuracy: Top1: 65.7548%, Top5: 97.0547%
[Epoch 024] Time: 93.1244s | [Train] Loss: 1.15414722 Accuracy: Top1: 71.1212%, Top5: 98.0046% | [Test] Loss: 1.26184799 Accuracy: Top1: 66.6434%, Top5: 96.9848%
[Epoch 025] Time: 93.9158s | [Train] Loss: 1.14024502 Accuracy: Top1: 71.7370%, Top5: 98.1506% | [Test] Loss: 1.25017120 Accuracy: Top1: 66.7632%, Top5: 96.9050%
[Epoch 026] Time: 93.4053s | [Train] Loss: 1.13292839 Accuracy: Top1: 72.0110%, Top5: 98.1766% | [Test] Loss: 1.25760477 Accuracy: Top1: 66.8530%, Top5: 96.9549%
[Epoch 027] Time: 93.3311s | [Train] Loss: 1.12101617 Accuracy: Top1: 72.5188%, Top5: 98.3145% | [Test] Loss: 1.23990102 Accuracy: Top1: 67.5220%, Top5: 97.0447%
[Epoch 028] Time: 93.6718s | [Train] Loss: 1.11262919 Accuracy: Top1: 73.1906%, Top5: 98.2925% | [Test] Loss: 1.23599330 Accuracy: Top1: 67.7915%, Top5: 97.1246%
[Epoch 029] Time: 93.2441s | [Train] Loss: 1.10066982 Accuracy: Top1: 73.7304%, Top5: 98.3665% | [Test] Loss: 1.24391115 Accuracy: Top1: 67.5120%, Top5: 97.0747%
[Epoch 030] Time: 93.2274s | [Train] Loss: 1.09585630 Accuracy: Top1: 73.7944%, Top5: 98.4665% | [Test] Loss: 1.22705818 Accuracy: Top1: 68.2109%, Top5: 97.0946%
[Epoch 031] Time: 93.3305s | [Train] Loss: 1.08368904 Accuracy: Top1: 74.3982%, Top5: 98.4685% | [Test] Loss: 1.23213072 Accuracy: Top1: 68.3806%, Top5: 97.0547%
[Epoch 032] Time: 93.2974s | [Train] Loss: 1.07378458 Accuracy: Top1: 75.0720%, Top5: 98.5705% | [Test] Loss: 1.23031534 Accuracy: Top1: 68.4405%, Top5: 97.1745%
[Epoch 033] Time: 93.6389s | [Train] Loss: 1.06493665 Accuracy: Top1: 75.5678%, Top5: 98.6044% | [Test] Loss: 1.22596563 Accuracy: Top1: 68.5503%, Top5: 96.9748%
[Epoch 034] Time: 93.8533s | [Train] Loss: 1.05934069 Accuracy: Top1: 75.7478%, Top5: 98.6584% | [Test] Loss: 1.22449859 Accuracy: Top1: 69.1194%, Top5: 97.1845%
[Epoch 035] Time: 93.5309s | [Train] Loss: 1.05006988 Accuracy: Top1: 76.2916%, Top5: 98.6744% | [Test] Loss: 1.22426229 Accuracy: Top1: 69.2492%, Top5: 97.0647%
[Epoch 036] Time: 93.4343s | [Train] Loss: 1.04268018 Accuracy: Top1: 76.6355%, Top5: 98.7064% | [Test] Loss: 1.22153708 Accuracy: Top1: 68.9597%, Top5: 97.0347%
[Epoch 037] Time: 93.1001s | [Train] Loss: 1.03703305 Accuracy: Top1: 76.6795%, Top5: 98.7324% | [Test] Loss: 1.21794404 Accuracy: Top1: 69.5188%, Top5: 97.1845%
[Epoch 038] Time: 93.1242s | [Train] Loss: 1.03176376 Accuracy: Top1: 76.9174%, Top5: 98.7584% | [Test] Loss: 1.21659774 Accuracy: Top1: 69.6985%, Top5: 97.1246%
[Epoch 039] Time: 94.0203s | [Train] Loss: 1.02639031 Accuracy: Top1: 77.4432%, Top5: 98.8164% | [Test] Loss: 1.21091741 Accuracy: Top1: 69.7284%, Top5: 97.1346%
[Epoch 040] Time: 93.6637s | [Train] Loss: 1.01415419 Accuracy: Top1: 77.8791%, Top5: 98.9163% | [Test] Loss: 1.21479848 Accuracy: Top1: 69.6985%, Top5: 97.0747%
[Epoch 041] Time: 93.6306s | [Train] Loss: 1.01053316 Accuracy: Top1: 78.1610%, Top5: 98.8244% | [Test] Loss: 1.21299984 Accuracy: Top1: 70.0180%, Top5: 97.1945%
[Epoch 042] Time: 93.6149s | [Train] Loss: 1.00600184 Accuracy: Top1: 78.3149%, Top5: 98.8704% | [Test] Loss: 1.21245040 Accuracy: Top1: 70.0379%, Top5: 97.2145%
[Epoch 043] Time: 93.5532s | [Train] Loss: 0.99884975 Accuracy: Top1: 78.5889%, Top5: 98.9143% | [Test] Loss: 1.20873958 Accuracy: Top1: 70.1577%, Top5: 97.1046%
[Epoch 044] Time: 93.6376s | [Train] Loss: 0.99390549 Accuracy: Top1: 78.8848%, Top5: 98.9803% | [Test] Loss: 1.20835343 Accuracy: Top1: 70.2576%, Top5: 97.2644%
[Epoch 045] Time: 93.4123s | [Train] Loss: 0.98784761 Accuracy: Top1: 79.1847%, Top5: 98.9543% | [Test] Loss: 1.21030614 Accuracy: Top1: 70.2776%, Top5: 97.2644%
[Epoch 046] Time: 93.5040s | [Train] Loss: 0.98415814 Accuracy: Top1: 79.3666%, Top5: 99.0003% | [Test] Loss: 1.21102955 Accuracy: Top1: 70.0479%, Top5: 97.2145%
[Epoch 047] Time: 93.3336s | [Train] Loss: 0.97910193 Accuracy: Top1: 79.5705%, Top5: 99.0063% | [Test] Loss: 1.21988146 Accuracy: Top1: 70.1078%, Top5: 97.2444%
[Epoch 048] Time: 94.4702s | [Train] Loss: 0.97372023 Accuracy: Top1: 79.7765%, Top5: 99.0423% | [Test] Loss: 1.21621609 Accuracy: Top1: 70.6669%, Top5: 97.2344%
[Epoch 049] Time: 93.5886s | [Train] Loss: 0.96928544 Accuracy: Top1: 79.9544%, Top5: 99.0063% | [Test] Loss: 1.21634308 Accuracy: Top1: 70.2975%, Top5: 97.1246%
[Epoch 050] Time: 93.6479s | [Train] Loss: 0.96488933 Accuracy: Top1: 80.1284%, Top5: 99.1203% | [Test] Loss: 1.21273338 Accuracy: Top1: 70.5272%, Top5: 97.3942%
[Epoch 051] Time: 93.4675s | [Train] Loss: 0.95954850 Accuracy: Top1: 80.4862%, Top5: 99.1423% | [Test] Loss: 1.20924503 Accuracy: Top1: 70.6270%, Top5: 97.1745%
[Epoch 052] Time: 93.1222s | [Train] Loss: 0.95616090 Accuracy: Top1: 80.7262%, Top5: 99.1543% | [Test] Loss: 1.20620823 Accuracy: Top1: 70.7867%, Top5: 97.3143%
[Epoch 053] Time: 94.0418s | [Train] Loss: 0.95298188 Accuracy: Top1: 80.8881%, Top5: 99.1483% | [Test] Loss: 1.21157126 Accuracy: Top1: 70.5771%, Top5: 97.3143%
[Epoch 054] Time: 93.3754s | [Train] Loss: 0.94889725 Accuracy: Top1: 80.9781%, Top5: 99.1303% | [Test] Loss: 1.21050132 Accuracy: Top1: 70.7768%, Top5: 97.4042%
[Epoch 055] Time: 93.3816s | [Train] Loss: 0.94819873 Accuracy: Top1: 80.9601%, Top5: 99.1603% | [Test] Loss: 1.21353587 Accuracy: Top1: 70.2875%, Top5: 97.4042%
[Epoch 056] Time: 93.4696s | [Train] Loss: 0.94215313 Accuracy: Top1: 81.2620%, Top5: 99.1503% | [Test] Loss: 1.21072761 Accuracy: Top1: 70.9065%, Top5: 97.4441%
[Epoch 057] Time: 93.7621s | [Train] Loss: 0.93711246 Accuracy: Top1: 81.3680%, Top5: 99.1903% | [Test] Loss: 1.20837876 Accuracy: Top1: 71.0164%, Top5: 97.2444%
[Epoch 058] Time: 93.3524s | [Train] Loss: 0.93888655 Accuracy: Top1: 81.4619%, Top5: 99.1803% | [Test] Loss: 1.21197317 Accuracy: Top1: 71.1761%, Top5: 97.3842%
[Epoch 059] Time: 93.4669s | [Train] Loss: 0.93258422 Accuracy: Top1: 81.9078%, Top5: 99.2262% | [Test] Loss: 1.20877828 Accuracy: Top1: 71.1062%, Top5: 97.2544%
[Epoch 060] Time: 93.9718s | [Train] Loss: 0.93606261 Accuracy: Top1: 81.7578%, Top5: 99.2163% | [Test] Loss: 1.21046126 Accuracy: Top1: 71.0763%, Top5: 97.3143%
[Epoch 061] Time: 93.7905s | [Train] Loss: 0.93010954 Accuracy: Top1: 81.9958%, Top5: 99.2362% | [Test] Loss: 1.21115860 Accuracy: Top1: 71.0363%, Top5: 97.1745%
[Epoch 062] Time: 93.4136s | [Train] Loss: 0.92978563 Accuracy: Top1: 81.8398%, Top5: 99.2562% | [Test] Loss: 1.21073447 Accuracy: Top1: 71.0863%, Top5: 97.3842%
[Epoch 063] Time: 92.9400s | [Train] Loss: 0.92767430 Accuracy: Top1: 81.9238%, Top5: 99.2462% | [Test] Loss: 1.21003546 Accuracy: Top1: 71.4357%, Top5: 97.3442%
[Epoch 064] Time: 93.9609s | [Train] Loss: 0.92280248 Accuracy: Top1: 82.2877%, Top5: 99.2862% | [Test] Loss: 1.21062094 Accuracy: Top1: 71.0863%, Top5: 97.2943%
[Epoch 065] Time: 93.7997s | [Train] Loss: 0.92116206 Accuracy: Top1: 82.3337%, Top5: 99.2782% | [Test] Loss: 1.20877391 Accuracy: Top1: 71.0663%, Top5: 97.2344%
[Epoch 066] Time: 93.8656s | [Train] Loss: 0.91954159 Accuracy: Top1: 82.4356%, Top5: 99.3062% | [Test] Loss: 1.20632511 Accuracy: Top1: 71.4457%, Top5: 97.3343%
[Epoch 067] Time: 93.6735s | [Train] Loss: 0.92034483 Accuracy: Top1: 82.5816%, Top5: 99.3062% | [Test] Loss: 1.21240615 Accuracy: Top1: 70.8466%, Top5: 97.1146%
[Epoch 068] Time: 93.6721s | [Train] Loss: 0.91756764 Accuracy: Top1: 82.6815%, Top5: 99.2682% | [Test] Loss: 1.20896551 Accuracy: Top1: 70.9864%, Top5: 97.2843%
[Epoch 069] Time: 93.5813s | [Train] Loss: 0.91810376 Accuracy: Top1: 82.6196%, Top5: 99.2662% | [Test] Loss: 1.20804173 Accuracy: Top1: 71.4257%, Top5: 97.3043%
[Epoch 070] Time: 93.4232s | [Train] Loss: 0.91641715 Accuracy: Top1: 82.6655%, Top5: 99.3282% | [Test] Loss: 1.20808637 Accuracy: Top1: 71.3658%, Top5: 97.3942%
[Epoch 071] Time: 93.5077s | [Train] Loss: 0.91775031 Accuracy: Top1: 82.6675%, Top5: 99.2442% | [Test] Loss: 1.21166181 Accuracy: Top1: 71.2560%, Top5: 97.2544%
[Epoch 072] Time: 93.9215s | [Train] Loss: 0.91263411 Accuracy: Top1: 82.8455%, Top5: 99.3102% | [Test] Loss: 1.21195927 Accuracy: Top1: 71.1861%, Top5: 97.2444%
[Epoch 073] Time: 93.4497s | [Train] Loss: 0.91173082 Accuracy: Top1: 82.8235%, Top5: 99.3022% | [Test] Loss: 1.21158327 Accuracy: Top1: 71.2161%, Top5: 97.2843%
[Epoch 074] Time: 93.6576s | [Train] Loss: 0.91442608 Accuracy: Top1: 82.6416%, Top5: 99.3462% | [Test] Loss: 1.21048978 Accuracy: Top1: 71.3059%, Top5: 97.2943%
[Epoch 075] Time: 93.4138s | [Train] Loss: 0.91661028 Accuracy: Top1: 82.6775%, Top5: 99.3022% | [Test] Loss: 1.21046482 Accuracy: Top1: 71.4058%, Top5: 97.3343%
[Epoch 076] Time: 93.6251s | [Train] Loss: 0.91640406 Accuracy: Top1: 82.6336%, Top5: 99.2562% | [Test] Loss: 1.20856612 Accuracy: Top1: 71.3958%, Top5: 97.2943%
[Epoch 077] Time: 93.6775s | [Train] Loss: 0.91104548 Accuracy: Top1: 82.7795%, Top5: 99.3082% | [Test] Loss: 1.20796977 Accuracy: Top1: 71.5655%, Top5: 97.3343%
[Epoch 078] Time: 93.2621s | [Train] Loss: 0.91199559 Accuracy: Top1: 82.8575%, Top5: 99.2522% | [Test] Loss: 1.20829486 Accuracy: Top1: 71.3558%, Top5: 97.1945%
[Epoch 079] Time: 93.6702s | [Train] Loss: 0.91231459 Accuracy: Top1: 82.8895%, Top5: 99.3442% | [Test] Loss: 1.21051707 Accuracy: Top1: 71.2460%, Top5: 97.3243%
[Epoch 080] Time: 93.9606s | [Train] Loss: 0.91150405 Accuracy: Top1: 82.7515%, Top5: 99.3102% | [Test] Loss: 1.20834618 Accuracy: Top1: 71.3558%, Top5: 97.2244%
Files already downloaded and verified
Files already downloaded and verified
Model: VIT ConvNNAttention
Total Parameters: 5931658
Trainable Parameters: 5931658
   - Trainable Parameters: 5.93165800 M
Model Complexity (Profiler):
   - GFLOPs: 2.33318496
   - Trainable Parameters: 5.93165800 M
[Epoch 001] Time: 94.4806s | [Train] Loss: 1.94176130 Accuracy: Top1: 33.6732%, Top5: 81.9758% | [Test] Loss: 1.75129336 Accuracy: Top1: 42.5619%, Top5: 88.7380%
[Epoch 002] Time: 94.1939s | [Train] Loss: 1.72605629 Accuracy: Top1: 43.9699%, Top5: 89.3434% | [Test] Loss: 1.62460433 Accuracy: Top1: 48.7819%, Top5: 91.8830%
[Epoch 003] Time: 94.1746s | [Train] Loss: 1.63110262 Accuracy: Top1: 48.0246%, Top5: 91.7986% | [Test] Loss: 1.56795309 Accuracy: Top1: 51.0483%, Top5: 93.4105%
[Epoch 004] Time: 94.5540s | [Train] Loss: 1.57037716 Accuracy: Top1: 50.9857%, Top5: 93.0322% | [Test] Loss: 1.53137207 Accuracy: Top1: 52.2464%, Top5: 93.7999%
[Epoch 005] Time: 94.3709s | [Train] Loss: 1.52834834 Accuracy: Top1: 52.8791%, Top5: 93.8700% | [Test] Loss: 1.49383825 Accuracy: Top1: 54.3930%, Top5: 94.4688%
[Epoch 006] Time: 94.4418s | [Train] Loss: 1.49017468 Accuracy: Top1: 54.4866%, Top5: 94.4098% | [Test] Loss: 1.47235723 Accuracy: Top1: 55.6410%, Top5: 94.9481%
[Epoch 007] Time: 94.4585s | [Train] Loss: 1.45728362 Accuracy: Top1: 56.0301%, Top5: 94.8596% | [Test] Loss: 1.44201711 Accuracy: Top1: 57.0387%, Top5: 95.1378%
[Epoch 008] Time: 94.3801s | [Train] Loss: 1.42658096 Accuracy: Top1: 57.5916%, Top5: 95.3755% | [Test] Loss: 1.42027152 Accuracy: Top1: 57.5679%, Top5: 95.5371%
[Epoch 009] Time: 94.5783s | [Train] Loss: 1.40509342 Accuracy: Top1: 58.8672%, Top5: 95.5594% | [Test] Loss: 1.43122831 Accuracy: Top1: 58.1370%, Top5: 95.4972%
[Epoch 010] Time: 94.3077s | [Train] Loss: 1.38241600 Accuracy: Top1: 59.7109%, Top5: 95.8893% | [Test] Loss: 1.38426680 Accuracy: Top1: 59.7244%, Top5: 95.9165%
[Epoch 011] Time: 94.3245s | [Train] Loss: 1.35596302 Accuracy: Top1: 61.1864%, Top5: 96.1772% | [Test] Loss: 1.39384714 Accuracy: Top1: 59.4549%, Top5: 95.7867%
[Epoch 012] Time: 94.5820s | [Train] Loss: 1.33584639 Accuracy: Top1: 62.1601%, Top5: 96.3712% | [Test] Loss: 1.36604974 Accuracy: Top1: 60.9125%, Top5: 96.0763%
[Epoch 013] Time: 94.3607s | [Train] Loss: 1.31912737 Accuracy: Top1: 62.7919%, Top5: 96.5731% | [Test] Loss: 1.34552644 Accuracy: Top1: 61.8111%, Top5: 96.2161%
[Epoch 014] Time: 94.3949s | [Train] Loss: 1.30100191 Accuracy: Top1: 63.6456%, Top5: 96.7190% | [Test] Loss: 1.34558639 Accuracy: Top1: 62.0707%, Top5: 96.1362%
[Epoch 015] Time: 94.1983s | [Train] Loss: 1.28546457 Accuracy: Top1: 64.7133%, Top5: 96.8350% | [Test] Loss: 1.32990119 Accuracy: Top1: 62.6797%, Top5: 96.5455%
[Epoch 016] Time: 94.1175s | [Train] Loss: 1.26840453 Accuracy: Top1: 65.4151%, Top5: 97.0489% | [Test] Loss: 1.32583711 Accuracy: Top1: 62.7596%, Top5: 96.4756%
[Epoch 017] Time: 94.0535s | [Train] Loss: 1.25363561 Accuracy: Top1: 66.1968%, Top5: 97.1629% | [Test] Loss: 1.31215496 Accuracy: Top1: 63.0990%, Top5: 96.6154%
[Epoch 018] Time: 94.2660s | [Train] Loss: 1.23999899 Accuracy: Top1: 66.7526%, Top5: 97.2669% | [Test] Loss: 1.32962003 Accuracy: Top1: 62.5799%, Top5: 96.6653%
[Epoch 019] Time: 94.6139s | [Train] Loss: 1.22705326 Accuracy: Top1: 67.4024%, Top5: 97.5468% | [Test] Loss: 1.28520498 Accuracy: Top1: 64.8562%, Top5: 96.6454%
[Epoch 020] Time: 93.9040s | [Train] Loss: 1.21500114 Accuracy: Top1: 67.9902%, Top5: 97.4948% | [Test] Loss: 1.28313906 Accuracy: Top1: 64.4169%, Top5: 96.8550%
[Epoch 021] Time: 94.1945s | [Train] Loss: 1.20078237 Accuracy: Top1: 68.6020%, Top5: 97.6528% | [Test] Loss: 1.27927557 Accuracy: Top1: 64.8762%, Top5: 96.9848%
[Epoch 022] Time: 93.9290s | [Train] Loss: 1.18779157 Accuracy: Top1: 69.4018%, Top5: 97.7047% | [Test] Loss: 1.27850317 Accuracy: Top1: 65.1957%, Top5: 96.9649%
[Epoch 023] Time: 94.1918s | [Train] Loss: 1.17833381 Accuracy: Top1: 69.6297%, Top5: 97.7447% | [Test] Loss: 1.28307175 Accuracy: Top1: 64.8662%, Top5: 96.9549%
[Epoch 024] Time: 94.3602s | [Train] Loss: 1.16595429 Accuracy: Top1: 70.3815%, Top5: 97.9587% | [Test] Loss: 1.27180436 Accuracy: Top1: 65.7149%, Top5: 97.1346%
[Epoch 025] Time: 94.0319s | [Train] Loss: 1.15604741 Accuracy: Top1: 70.9733%, Top5: 97.9966% | [Test] Loss: 1.25753614 Accuracy: Top1: 65.9744%, Top5: 97.1945%
[Epoch 026] Time: 94.4130s | [Train] Loss: 1.14646317 Accuracy: Top1: 71.3792%, Top5: 98.0186% | [Test] Loss: 1.27516833 Accuracy: Top1: 66.0443%, Top5: 97.0647%
[Epoch 027] Time: 94.0774s | [Train] Loss: 1.13430534 Accuracy: Top1: 72.0669%, Top5: 98.1326% | [Test] Loss: 1.24892577 Accuracy: Top1: 66.9030%, Top5: 97.2244%
[Epoch 028] Time: 94.3764s | [Train] Loss: 1.12520722 Accuracy: Top1: 72.3908%, Top5: 98.0886% | [Test] Loss: 1.23539975 Accuracy: Top1: 67.1725%, Top5: 97.2843%
[Epoch 029] Time: 94.1465s | [Train] Loss: 1.11629425 Accuracy: Top1: 72.9167%, Top5: 98.2066% | [Test] Loss: 1.24842579 Accuracy: Top1: 67.2724%, Top5: 96.9149%
[Epoch 030] Time: 94.6542s | [Train] Loss: 1.10603150 Accuracy: Top1: 73.3805%, Top5: 98.3685% | [Test] Loss: 1.24493009 Accuracy: Top1: 67.1526%, Top5: 97.2145%
[Epoch 031] Time: 94.3230s | [Train] Loss: 1.09732875 Accuracy: Top1: 73.8164%, Top5: 98.3545% | [Test] Loss: 1.24523363 Accuracy: Top1: 67.2424%, Top5: 97.2843%
[Epoch 032] Time: 94.2475s | [Train] Loss: 1.08959988 Accuracy: Top1: 74.1463%, Top5: 98.3985% | [Test] Loss: 1.25203354 Accuracy: Top1: 67.1126%, Top5: 97.1645%
[Epoch 033] Time: 94.3359s | [Train] Loss: 1.08330620 Accuracy: Top1: 74.5002%, Top5: 98.4825% | [Test] Loss: 1.24054247 Accuracy: Top1: 67.4022%, Top5: 97.2444%
[Epoch 034] Time: 94.3330s | [Train] Loss: 1.07440938 Accuracy: Top1: 74.8580%, Top5: 98.5125% | [Test] Loss: 1.23501326 Accuracy: Top1: 68.0112%, Top5: 97.3442%
[Epoch 035] Time: 94.4885s | [Train] Loss: 1.06391313 Accuracy: Top1: 75.5438%, Top5: 98.5605% | [Test] Loss: 1.22298842 Accuracy: Top1: 68.7800%, Top5: 97.3043%
[Epoch 036] Time: 94.2656s | [Train] Loss: 1.05932915 Accuracy: Top1: 75.6958%, Top5: 98.6104% | [Test] Loss: 1.22710078 Accuracy: Top1: 68.3407%, Top5: 97.3642%
[Epoch 037] Time: 94.2092s | [Train] Loss: 1.05438949 Accuracy: Top1: 75.8037%, Top5: 98.6264% | [Test] Loss: 1.22934433 Accuracy: Top1: 68.3906%, Top5: 97.3942%
[Epoch 038] Time: 94.2854s | [Train] Loss: 1.04404917 Accuracy: Top1: 76.4175%, Top5: 98.5925% | [Test] Loss: 1.22164194 Accuracy: Top1: 68.7899%, Top5: 97.5639%
[Epoch 039] Time: 94.4106s | [Train] Loss: 1.03979527 Accuracy: Top1: 76.6355%, Top5: 98.6984% | [Test] Loss: 1.22580727 Accuracy: Top1: 68.6901%, Top5: 97.3942%
[Epoch 040] Time: 94.4191s | [Train] Loss: 1.03339110 Accuracy: Top1: 76.9294%, Top5: 98.8284% | [Test] Loss: 1.22110811 Accuracy: Top1: 69.1394%, Top5: 97.4441%
[Epoch 041] Time: 94.2485s | [Train] Loss: 1.02239714 Accuracy: Top1: 77.4672%, Top5: 98.8264% | [Test] Loss: 1.22395490 Accuracy: Top1: 69.2991%, Top5: 97.3842%
[Epoch 042] Time: 94.4820s | [Train] Loss: 1.01832141 Accuracy: Top1: 77.7411%, Top5: 98.8144% | [Test] Loss: 1.21186175 Accuracy: Top1: 69.9681%, Top5: 97.4042%
[Epoch 043] Time: 94.1444s | [Train] Loss: 1.01338712 Accuracy: Top1: 77.7071%, Top5: 98.8704% | [Test] Loss: 1.21409581 Accuracy: Top1: 69.4389%, Top5: 97.5240%
[Epoch 044] Time: 94.2511s | [Train] Loss: 1.00809074 Accuracy: Top1: 78.1150%, Top5: 98.8764% | [Test] Loss: 1.22172673 Accuracy: Top1: 69.5887%, Top5: 97.5240%
[Epoch 045] Time: 94.2699s | [Train] Loss: 1.00237678 Accuracy: Top1: 78.4329%, Top5: 98.9083% | [Test] Loss: 1.21216804 Accuracy: Top1: 69.5587%, Top5: 97.5739%
[Epoch 046] Time: 94.0726s | [Train] Loss: 0.99489049 Accuracy: Top1: 78.7148%, Top5: 98.9343% | [Test] Loss: 1.21915178 Accuracy: Top1: 70.2975%, Top5: 97.4341%
[Epoch 047] Time: 94.5719s | [Train] Loss: 0.99144436 Accuracy: Top1: 79.1087%, Top5: 98.9083% | [Test] Loss: 1.21543176 Accuracy: Top1: 69.9281%, Top5: 97.5739%
[Epoch 048] Time: 93.8430s | [Train] Loss: 0.98571932 Accuracy: Top1: 79.2546%, Top5: 98.9903% | [Test] Loss: 1.22558395 Accuracy: Top1: 69.8682%, Top5: 97.4441%
[Epoch 049] Time: 94.6032s | [Train] Loss: 0.98348982 Accuracy: Top1: 79.3366%, Top5: 99.0103% | [Test] Loss: 1.22185631 Accuracy: Top1: 69.5288%, Top5: 97.4042%
[Epoch 050] Time: 94.4441s | [Train] Loss: 0.97965602 Accuracy: Top1: 79.6305%, Top5: 99.0043% | [Test] Loss: 1.22083653 Accuracy: Top1: 69.6585%, Top5: 97.4541%
[Epoch 051] Time: 93.9114s | [Train] Loss: 0.97426055 Accuracy: Top1: 79.8804%, Top5: 99.0643% | [Test] Loss: 1.21290375 Accuracy: Top1: 69.9081%, Top5: 97.3542%
[Epoch 052] Time: 93.8847s | [Train] Loss: 0.97051522 Accuracy: Top1: 80.0344%, Top5: 99.0383% | [Test] Loss: 1.20541898 Accuracy: Top1: 70.2576%, Top5: 97.5639%
[Epoch 053] Time: 94.3974s | [Train] Loss: 0.96686424 Accuracy: Top1: 80.3003%, Top5: 99.0543% | [Test] Loss: 1.22224630 Accuracy: Top1: 69.8882%, Top5: 97.4641%
[Epoch 054] Time: 94.1138s | [Train] Loss: 0.96419635 Accuracy: Top1: 80.1044%, Top5: 99.1363% | [Test] Loss: 1.20852198 Accuracy: Top1: 70.1278%, Top5: 97.4740%
[Epoch 055] Time: 94.1885s | [Train] Loss: 0.95928299 Accuracy: Top1: 80.5062%, Top5: 99.0883% | [Test] Loss: 1.22083154 Accuracy: Top1: 69.9780%, Top5: 97.5140%
[Epoch 056] Time: 94.4937s | [Train] Loss: 0.95449053 Accuracy: Top1: 80.8321%, Top5: 99.1763% | [Test] Loss: 1.21136827 Accuracy: Top1: 70.1877%, Top5: 97.3942%
[Epoch 057] Time: 94.5788s | [Train] Loss: 0.95457395 Accuracy: Top1: 80.7302%, Top5: 99.1083% | [Test] Loss: 1.20999516 Accuracy: Top1: 70.0879%, Top5: 97.4241%
[Epoch 058] Time: 93.9136s | [Train] Loss: 0.95102658 Accuracy: Top1: 80.8381%, Top5: 99.1463% | [Test] Loss: 1.21602732 Accuracy: Top1: 70.1577%, Top5: 97.4740%
[Epoch 059] Time: 94.4435s | [Train] Loss: 0.94915516 Accuracy: Top1: 80.9881%, Top5: 99.0963% | [Test] Loss: 1.21506032 Accuracy: Top1: 70.2376%, Top5: 97.3642%
[Epoch 060] Time: 94.2214s | [Train] Loss: 0.94735619 Accuracy: Top1: 81.1060%, Top5: 99.1663% | [Test] Loss: 1.21063294 Accuracy: Top1: 70.2576%, Top5: 97.2344%
[Epoch 061] Time: 94.1837s | [Train] Loss: 0.94407095 Accuracy: Top1: 81.2440%, Top5: 99.1723% | [Test] Loss: 1.21162291 Accuracy: Top1: 70.3275%, Top5: 97.3343%
[Epoch 062] Time: 94.2210s | [Train] Loss: 0.94168566 Accuracy: Top1: 81.4259%, Top5: 99.1403% | [Test] Loss: 1.21225327 Accuracy: Top1: 70.4673%, Top5: 97.4441%
[Epoch 063] Time: 94.4481s | [Train] Loss: 0.93807360 Accuracy: Top1: 81.5799%, Top5: 99.1583% | [Test] Loss: 1.21146028 Accuracy: Top1: 70.5272%, Top5: 97.4541%
[Epoch 064] Time: 94.1360s | [Train] Loss: 0.93758386 Accuracy: Top1: 81.7039%, Top5: 99.1563% | [Test] Loss: 1.21011695 Accuracy: Top1: 70.4772%, Top5: 97.4840%
[Epoch 065] Time: 93.8703s | [Train] Loss: 0.93440178 Accuracy: Top1: 81.8638%, Top5: 99.2442% | [Test] Loss: 1.20615881 Accuracy: Top1: 70.9165%, Top5: 97.3243%
[Epoch 066] Time: 94.0265s | [Train] Loss: 0.93448566 Accuracy: Top1: 81.5459%, Top5: 99.2083% | [Test] Loss: 1.21088525 Accuracy: Top1: 70.6070%, Top5: 97.4541%
[Epoch 067] Time: 94.5524s | [Train] Loss: 0.93368725 Accuracy: Top1: 81.8158%, Top5: 99.2123% | [Test] Loss: 1.21427205 Accuracy: Top1: 70.2077%, Top5: 97.4241%
[Epoch 068] Time: 94.4405s | [Train] Loss: 0.93310622 Accuracy: Top1: 81.8798%, Top5: 99.2103% | [Test] Loss: 1.21116311 Accuracy: Top1: 70.4972%, Top5: 97.3842%
[Epoch 069] Time: 94.3828s | [Train] Loss: 0.92875292 Accuracy: Top1: 82.0337%, Top5: 99.2282% | [Test] Loss: 1.21058869 Accuracy: Top1: 70.7169%, Top5: 97.3243%
[Epoch 070] Time: 94.7146s | [Train] Loss: 0.92759656 Accuracy: Top1: 82.1397%, Top5: 99.1823% | [Test] Loss: 1.21134749 Accuracy: Top1: 70.7069%, Top5: 97.3742%
[Epoch 071] Time: 94.0247s | [Train] Loss: 0.92696134 Accuracy: Top1: 82.0457%, Top5: 99.2742% | [Test] Loss: 1.21386399 Accuracy: Top1: 70.3674%, Top5: 97.4141%
[Epoch 072] Time: 94.6422s | [Train] Loss: 0.92857961 Accuracy: Top1: 82.2557%, Top5: 99.2262% | [Test] Loss: 1.21281832 Accuracy: Top1: 70.6170%, Top5: 97.3243%
[Epoch 073] Time: 94.3910s | [Train] Loss: 0.92736691 Accuracy: Top1: 82.0637%, Top5: 99.2522% | [Test] Loss: 1.21040705 Accuracy: Top1: 70.7867%, Top5: 97.3442%
[Epoch 074] Time: 94.0220s | [Train] Loss: 0.92452588 Accuracy: Top1: 82.3137%, Top5: 99.1943% | [Test] Loss: 1.20855752 Accuracy: Top1: 70.7568%, Top5: 97.4441%
[Epoch 075] Time: 94.4887s | [Train] Loss: 0.92625390 Accuracy: Top1: 82.2397%, Top5: 99.2163% | [Test] Loss: 1.21024480 Accuracy: Top1: 70.8766%, Top5: 97.4740%
[Epoch 076] Time: 94.0636s | [Train] Loss: 0.92634439 Accuracy: Top1: 82.0937%, Top5: 99.2722% | [Test] Loss: 1.21248330 Accuracy: Top1: 71.0064%, Top5: 97.3143%
[Epoch 077] Time: 94.1770s | [Train] Loss: 0.92518034 Accuracy: Top1: 82.1297%, Top5: 99.2982% | [Test] Loss: 1.21355800 Accuracy: Top1: 70.5471%, Top5: 97.3742%
[Epoch 078] Time: 93.7887s | [Train] Loss: 0.92441904 Accuracy: Top1: 82.3077%, Top5: 99.2422% | [Test] Loss: 1.21038441 Accuracy: Top1: 70.8566%, Top5: 97.4641%
[Epoch 079] Time: 94.7528s | [Train] Loss: 0.92444877 Accuracy: Top1: 82.3596%, Top5: 99.2602% | [Test] Loss: 1.21129349 Accuracy: Top1: 70.4273%, Top5: 97.4441%
[Epoch 080] Time: 94.3152s | [Train] Loss: 0.92466876 Accuracy: Top1: 82.3237%, Top5: 99.2422% | [Test] Loss: 1.21276614 Accuracy: Top1: 70.5471%, Top5: 97.4241%
Files already downloaded and verified
Files already downloaded and verified
Model: VIT ConvNNAttention
Total Parameters: 6029962
Trainable Parameters: 6029962
   - Trainable Parameters: 6.02996200 M
Model Complexity (Profiler):
   - GFLOPs: 2.33409274
   - Trainable Parameters: 6.02996200 M
[Epoch 001] Time: 98.0903s | [Train] Loss: 1.94307321 Accuracy: Top1: 33.5972%, Top5: 81.9398% | [Test] Loss: 1.75886095 Accuracy: Top1: 42.7416%, Top5: 88.0391%
[Epoch 002] Time: 97.8741s | [Train] Loss: 1.73974007 Accuracy: Top1: 43.4261%, Top5: 88.8616% | [Test] Loss: 1.62842155 Accuracy: Top1: 48.3726%, Top5: 91.6334%
[Epoch 003] Time: 97.8401s | [Train] Loss: 1.63280937 Accuracy: Top1: 48.1746%, Top5: 91.6567% | [Test] Loss: 1.56224521 Accuracy: Top1: 51.1482%, Top5: 93.5703%
[Epoch 004] Time: 97.4612s | [Train] Loss: 1.56883627 Accuracy: Top1: 50.9057%, Top5: 93.1182% | [Test] Loss: 1.52511766 Accuracy: Top1: 53.0751%, Top5: 93.8698%
[Epoch 005] Time: 97.8121s | [Train] Loss: 1.52601397 Accuracy: Top1: 52.6991%, Top5: 93.7780% | [Test] Loss: 1.49197797 Accuracy: Top1: 54.8423%, Top5: 94.5787%
[Epoch 006] Time: 97.6706s | [Train] Loss: 1.48654220 Accuracy: Top1: 54.8464%, Top5: 94.4298% | [Test] Loss: 1.46655669 Accuracy: Top1: 55.7308%, Top5: 94.7784%
[Epoch 007] Time: 98.0201s | [Train] Loss: 1.45749841 Accuracy: Top1: 56.2280%, Top5: 94.9356% | [Test] Loss: 1.44374918 Accuracy: Top1: 56.9489%, Top5: 94.9980%
[Epoch 008] Time: 97.8119s | [Train] Loss: 1.43029977 Accuracy: Top1: 57.5736%, Top5: 95.2635% | [Test] Loss: 1.42262282 Accuracy: Top1: 57.9373%, Top5: 95.3674%
[Epoch 009] Time: 97.7448s | [Train] Loss: 1.40545821 Accuracy: Top1: 58.8352%, Top5: 95.5894% | [Test] Loss: 1.42850501 Accuracy: Top1: 57.7576%, Top5: 95.1577%
[Epoch 010] Time: 97.7104s | [Train] Loss: 1.38244997 Accuracy: Top1: 59.8369%, Top5: 95.8413% | [Test] Loss: 1.38396097 Accuracy: Top1: 59.3850%, Top5: 95.8267%
[Epoch 011] Time: 97.9014s | [Train] Loss: 1.35992814 Accuracy: Top1: 60.9485%, Top5: 96.0952% | [Test] Loss: 1.40024905 Accuracy: Top1: 59.4149%, Top5: 95.5272%
[Epoch 012] Time: 97.2754s | [Train] Loss: 1.33818125 Accuracy: Top1: 62.1361%, Top5: 96.2632% | [Test] Loss: 1.37218573 Accuracy: Top1: 60.3335%, Top5: 95.9565%
[Epoch 013] Time: 97.9911s | [Train] Loss: 1.32077017 Accuracy: Top1: 62.9339%, Top5: 96.5051% | [Test] Loss: 1.34649600 Accuracy: Top1: 61.3518%, Top5: 96.3059%
[Epoch 014] Time: 97.5001s | [Train] Loss: 1.30191576 Accuracy: Top1: 64.0215%, Top5: 96.7530% | [Test] Loss: 1.34035780 Accuracy: Top1: 62.0507%, Top5: 96.2660%
[Epoch 015] Time: 98.3161s | [Train] Loss: 1.28186023 Accuracy: Top1: 64.8592%, Top5: 96.8470% | [Test] Loss: 1.33437831 Accuracy: Top1: 62.2903%, Top5: 96.2660%
[Epoch 016] Time: 97.6961s | [Train] Loss: 1.26881195 Accuracy: Top1: 65.6270%, Top5: 96.9810% | [Test] Loss: 1.32566566 Accuracy: Top1: 62.7396%, Top5: 96.5355%
[Epoch 017] Time: 97.8029s | [Train] Loss: 1.25267412 Accuracy: Top1: 66.3668%, Top5: 97.1469% | [Test] Loss: 1.30618370 Accuracy: Top1: 63.2089%, Top5: 96.3958%
[Epoch 018] Time: 97.8830s | [Train] Loss: 1.23487188 Accuracy: Top1: 67.1325%, Top5: 97.2529% | [Test] Loss: 1.28952955 Accuracy: Top1: 63.7879%, Top5: 96.9449%
[Epoch 019] Time: 97.5771s | [Train] Loss: 1.22260985 Accuracy: Top1: 67.7703%, Top5: 97.4388% | [Test] Loss: 1.28937002 Accuracy: Top1: 64.5068%, Top5: 96.5954%
[Epoch 020] Time: 98.1115s | [Train] Loss: 1.21211142 Accuracy: Top1: 68.1362%, Top5: 97.5148% | [Test] Loss: 1.26929480 Accuracy: Top1: 65.3055%, Top5: 96.7951%
[Epoch 021] Time: 98.0672s | [Train] Loss: 1.19623466 Accuracy: Top1: 68.8560%, Top5: 97.5808% | [Test] Loss: 1.26435580 Accuracy: Top1: 65.5152%, Top5: 96.9748%
[Epoch 022] Time: 98.0961s | [Train] Loss: 1.18647013 Accuracy: Top1: 69.4498%, Top5: 97.6807% | [Test] Loss: 1.25619435 Accuracy: Top1: 66.0942%, Top5: 97.0248%
[Epoch 023] Time: 97.4751s | [Train] Loss: 1.17262042 Accuracy: Top1: 70.0336%, Top5: 97.8127% | [Test] Loss: 1.26905350 Accuracy: Top1: 65.3854%, Top5: 96.8650%
[Epoch 024] Time: 97.7821s | [Train] Loss: 1.16238440 Accuracy: Top1: 70.6034%, Top5: 97.8687% | [Test] Loss: 1.26699875 Accuracy: Top1: 65.8946%, Top5: 96.9948%
[Epoch 025] Time: 97.8149s | [Train] Loss: 1.15323568 Accuracy: Top1: 71.2112%, Top5: 97.9007% | [Test] Loss: 1.25005366 Accuracy: Top1: 66.4936%, Top5: 97.1346%
[Epoch 026] Time: 97.6339s | [Train] Loss: 1.14191371 Accuracy: Top1: 71.3852%, Top5: 98.0406% | [Test] Loss: 1.25830709 Accuracy: Top1: 66.2141%, Top5: 97.0747%
[Epoch 027] Time: 97.6653s | [Train] Loss: 1.13442610 Accuracy: Top1: 71.7330%, Top5: 98.1466% | [Test] Loss: 1.24109281 Accuracy: Top1: 67.3722%, Top5: 97.2744%
[Epoch 028] Time: 97.7619s | [Train] Loss: 1.12378312 Accuracy: Top1: 72.6827%, Top5: 98.1826% | [Test] Loss: 1.22647958 Accuracy: Top1: 67.5619%, Top5: 97.2843%
[Epoch 029] Time: 97.6849s | [Train] Loss: 1.11410312 Accuracy: Top1: 72.8727%, Top5: 98.2326% | [Test] Loss: 1.24613133 Accuracy: Top1: 66.8830%, Top5: 97.2444%
[Epoch 030] Time: 98.1620s | [Train] Loss: 1.10688301 Accuracy: Top1: 73.3685%, Top5: 98.2985% | [Test] Loss: 1.23320303 Accuracy: Top1: 67.5120%, Top5: 97.3442%
[Epoch 031] Time: 97.6106s | [Train] Loss: 1.09562798 Accuracy: Top1: 73.7904%, Top5: 98.3745% | [Test] Loss: 1.24082407 Accuracy: Top1: 67.7716%, Top5: 97.1845%
[Epoch 032] Time: 97.5782s | [Train] Loss: 1.08936151 Accuracy: Top1: 74.1683%, Top5: 98.4345% | [Test] Loss: 1.22685207 Accuracy: Top1: 68.1210%, Top5: 97.2943%
[Epoch 033] Time: 97.7797s | [Train] Loss: 1.08320028 Accuracy: Top1: 74.2882%, Top5: 98.4465% | [Test] Loss: 1.21685895 Accuracy: Top1: 68.2708%, Top5: 97.2843%
[Epoch 034] Time: 97.8566s | [Train] Loss: 1.07686941 Accuracy: Top1: 74.9160%, Top5: 98.4745% | [Test] Loss: 1.21417615 Accuracy: Top1: 68.8399%, Top5: 97.4341%
[Epoch 035] Time: 97.6363s | [Train] Loss: 1.06367861 Accuracy: Top1: 75.4079%, Top5: 98.6024% | [Test] Loss: 1.22614867 Accuracy: Top1: 68.1709%, Top5: 97.3243%
[Epoch 036] Time: 97.6628s | [Train] Loss: 1.05769603 Accuracy: Top1: 75.7078%, Top5: 98.6324% | [Test] Loss: 1.20929646 Accuracy: Top1: 68.7300%, Top5: 97.2843%
[Epoch 037] Time: 97.5999s | [Train] Loss: 1.05307084 Accuracy: Top1: 75.7058%, Top5: 98.6504% | [Test] Loss: 1.21929478 Accuracy: Top1: 68.5403%, Top5: 97.3542%
[Epoch 038] Time: 97.6409s | [Train] Loss: 1.04418919 Accuracy: Top1: 76.3796%, Top5: 98.6384% | [Test] Loss: 1.21448229 Accuracy: Top1: 68.8399%, Top5: 97.3243%
[Epoch 039] Time: 97.8499s | [Train] Loss: 1.03887864 Accuracy: Top1: 76.6735%, Top5: 98.7144% | [Test] Loss: 1.20903027 Accuracy: Top1: 69.0895%, Top5: 97.3143%
[Epoch 040] Time: 97.4641s | [Train] Loss: 1.03370454 Accuracy: Top1: 76.8554%, Top5: 98.7244% | [Test] Loss: 1.20865854 Accuracy: Top1: 69.2891%, Top5: 97.3742%
[Epoch 041] Time: 97.3904s | [Train] Loss: 1.02499635 Accuracy: Top1: 77.3413%, Top5: 98.8024% | [Test] Loss: 1.20351775 Accuracy: Top1: 69.6785%, Top5: 97.2744%
[Epoch 042] Time: 97.7610s | [Train] Loss: 1.02185725 Accuracy: Top1: 77.2213%, Top5: 98.8024% | [Test] Loss: 1.21183910 Accuracy: Top1: 69.5487%, Top5: 97.2644%
[Epoch 043] Time: 97.6790s | [Train] Loss: 1.01370237 Accuracy: Top1: 77.8371%, Top5: 98.8324% | [Test] Loss: 1.20669212 Accuracy: Top1: 69.4489%, Top5: 97.2344%
[Epoch 044] Time: 97.8056s | [Train] Loss: 1.01036991 Accuracy: Top1: 77.8611%, Top5: 98.8324% | [Test] Loss: 1.19513999 Accuracy: Top1: 69.9780%, Top5: 97.3043%
[Epoch 045] Time: 97.6712s | [Train] Loss: 1.00502361 Accuracy: Top1: 78.1390%, Top5: 98.8464% | [Test] Loss: 1.20907162 Accuracy: Top1: 69.1993%, Top5: 97.4940%
[Epoch 046] Time: 98.1619s | [Train] Loss: 1.00026826 Accuracy: Top1: 78.4889%, Top5: 98.8944% | [Test] Loss: 1.20529111 Accuracy: Top1: 69.7484%, Top5: 97.4341%
[Epoch 047] Time: 97.6570s | [Train] Loss: 0.99685187 Accuracy: Top1: 78.5769%, Top5: 98.9143% | [Test] Loss: 1.20395275 Accuracy: Top1: 69.9381%, Top5: 97.3742%
[Epoch 048] Time: 98.0364s | [Train] Loss: 0.99285719 Accuracy: Top1: 78.7968%, Top5: 98.9683% | [Test] Loss: 1.21199751 Accuracy: Top1: 69.7784%, Top5: 97.2843%
[Epoch 049] Time: 98.1419s | [Train] Loss: 0.98529660 Accuracy: Top1: 79.0887%, Top5: 98.9983% | [Test] Loss: 1.20792729 Accuracy: Top1: 69.9581%, Top5: 97.3043%
[Epoch 050] Time: 97.6554s | [Train] Loss: 0.98119796 Accuracy: Top1: 79.4666%, Top5: 98.9223% | [Test] Loss: 1.20895139 Accuracy: Top1: 69.8582%, Top5: 97.2843%
[Epoch 051] Time: 97.9434s | [Train] Loss: 0.97995340 Accuracy: Top1: 79.2047%, Top5: 99.0583% | [Test] Loss: 1.20120113 Accuracy: Top1: 69.9681%, Top5: 97.4241%
[Epoch 052] Time: 97.9028s | [Train] Loss: 0.97601783 Accuracy: Top1: 79.6265%, Top5: 99.0163% | [Test] Loss: 1.19798507 Accuracy: Top1: 70.3474%, Top5: 97.4141%
[Epoch 053] Time: 97.3336s | [Train] Loss: 0.97084215 Accuracy: Top1: 79.9604%, Top5: 99.0243% | [Test] Loss: 1.20469769 Accuracy: Top1: 69.7983%, Top5: 97.3442%
[Epoch 054] Time: 97.8424s | [Train] Loss: 0.96795700 Accuracy: Top1: 80.0224%, Top5: 99.0083% | [Test] Loss: 1.20402291 Accuracy: Top1: 70.3175%, Top5: 97.4141%
[Epoch 055] Time: 97.8006s | [Train] Loss: 0.96341097 Accuracy: Top1: 80.3103%, Top5: 99.0563% | [Test] Loss: 1.20326474 Accuracy: Top1: 70.6769%, Top5: 97.3542%
[Epoch 056] Time: 97.8624s | [Train] Loss: 0.96234850 Accuracy: Top1: 80.3543%, Top5: 99.0023% | [Test] Loss: 1.19745838 Accuracy: Top1: 70.5571%, Top5: 97.3642%
[Epoch 057] Time: 97.8037s | [Train] Loss: 0.95823923 Accuracy: Top1: 80.4982%, Top5: 99.0903% | [Test] Loss: 1.19284584 Accuracy: Top1: 71.1062%, Top5: 97.4141%
[Epoch 058] Time: 97.2937s | [Train] Loss: 0.95434472 Accuracy: Top1: 80.7222%, Top5: 99.0983% | [Test] Loss: 1.20108080 Accuracy: Top1: 70.4573%, Top5: 97.3842%
[Epoch 059] Time: 97.6619s | [Train] Loss: 0.95391177 Accuracy: Top1: 80.8361%, Top5: 99.0523% | [Test] Loss: 1.20158889 Accuracy: Top1: 70.6170%, Top5: 97.3343%
[Epoch 060] Time: 97.8596s | [Train] Loss: 0.94947105 Accuracy: Top1: 80.8741%, Top5: 99.1823% | [Test] Loss: 1.20021042 Accuracy: Top1: 70.6669%, Top5: 97.3143%
[Epoch 061] Time: 97.2614s | [Train] Loss: 0.94822133 Accuracy: Top1: 80.9081%, Top5: 99.1023% | [Test] Loss: 1.20276103 Accuracy: Top1: 70.5871%, Top5: 97.4141%
[Epoch 062] Time: 97.8319s | [Train] Loss: 0.94558043 Accuracy: Top1: 80.9501%, Top5: 99.1443% | [Test] Loss: 1.20013012 Accuracy: Top1: 70.4273%, Top5: 97.3043%
[Epoch 063] Time: 97.5766s | [Train] Loss: 0.94424454 Accuracy: Top1: 81.1500%, Top5: 99.1383% | [Test] Loss: 1.20134749 Accuracy: Top1: 70.5671%, Top5: 97.2644%
[Epoch 064] Time: 98.1207s | [Train] Loss: 0.94168494 Accuracy: Top1: 81.2400%, Top5: 99.1383% | [Test] Loss: 1.20259571 Accuracy: Top1: 70.5172%, Top5: 97.3243%
[Epoch 065] Time: 97.7303s | [Train] Loss: 0.93649258 Accuracy: Top1: 81.5999%, Top5: 99.1823% | [Test] Loss: 1.20316418 Accuracy: Top1: 70.6070%, Top5: 97.3343%
[Epoch 066] Time: 97.8861s | [Train] Loss: 0.93958374 Accuracy: Top1: 81.3460%, Top5: 99.1703% | [Test] Loss: 1.19874862 Accuracy: Top1: 70.8067%, Top5: 97.2344%
[Epoch 067] Time: 97.5510s | [Train] Loss: 0.93784857 Accuracy: Top1: 81.5239%, Top5: 99.1883% | [Test] Loss: 1.20573799 Accuracy: Top1: 70.2276%, Top5: 97.2644%
[Epoch 068] Time: 97.9362s | [Train] Loss: 0.93762270 Accuracy: Top1: 81.3760%, Top5: 99.1423% | [Test] Loss: 1.19950626 Accuracy: Top1: 70.5771%, Top5: 97.3542%
[Epoch 069] Time: 97.9242s | [Train] Loss: 0.93423501 Accuracy: Top1: 81.6659%, Top5: 99.1743% | [Test] Loss: 1.19824838 Accuracy: Top1: 70.9365%, Top5: 97.3143%
[Epoch 070] Time: 97.6300s | [Train] Loss: 0.93539871 Accuracy: Top1: 81.7718%, Top5: 99.1963% | [Test] Loss: 1.20012542 Accuracy: Top1: 70.7069%, Top5: 97.2644%
[Epoch 071] Time: 97.8927s | [Train] Loss: 0.93489549 Accuracy: Top1: 81.5679%, Top5: 99.1883% | [Test] Loss: 1.19777798 Accuracy: Top1: 70.7867%, Top5: 97.2744%
[Epoch 072] Time: 97.4348s | [Train] Loss: 0.93529990 Accuracy: Top1: 81.7159%, Top5: 99.1763% | [Test] Loss: 1.19872608 Accuracy: Top1: 70.6070%, Top5: 97.3143%
[Epoch 073] Time: 97.8717s | [Train] Loss: 0.93089805 Accuracy: Top1: 81.7418%, Top5: 99.2003% | [Test] Loss: 1.20156046 Accuracy: Top1: 70.7867%, Top5: 97.2344%
[Epoch 074] Time: 97.9808s | [Train] Loss: 0.93140902 Accuracy: Top1: 81.7019%, Top5: 99.1983% | [Test] Loss: 1.20202957 Accuracy: Top1: 70.4673%, Top5: 97.2444%
[Epoch 075] Time: 97.6330s | [Train] Loss: 0.93196899 Accuracy: Top1: 81.6499%, Top5: 99.1543% | [Test] Loss: 1.20161107 Accuracy: Top1: 70.6370%, Top5: 97.2943%
[Epoch 076] Time: 98.0410s | [Train] Loss: 0.92994271 Accuracy: Top1: 81.8158%, Top5: 99.1323% | [Test] Loss: 1.20218951 Accuracy: Top1: 70.8267%, Top5: 97.3043%
[Epoch 077] Time: 97.3346s | [Train] Loss: 0.93269050 Accuracy: Top1: 81.7838%, Top5: 99.1823% | [Test] Loss: 1.20236862 Accuracy: Top1: 70.7169%, Top5: 97.2244%
[Epoch 078] Time: 97.5654s | [Train] Loss: 0.92899699 Accuracy: Top1: 81.8478%, Top5: 99.2003% | [Test] Loss: 1.20228957 Accuracy: Top1: 70.7468%, Top5: 97.2344%
[Epoch 079] Time: 97.6498s | [Train] Loss: 0.92955484 Accuracy: Top1: 81.8918%, Top5: 99.1843% | [Test] Loss: 1.20084024 Accuracy: Top1: 70.6769%, Top5: 97.2045%
[Epoch 080] Time: 97.8401s | [Train] Loss: 0.92808677 Accuracy: Top1: 82.0238%, Top5: 99.2143% | [Test] Loss: 1.20253350 Accuracy: Top1: 70.8566%, Top5: 97.2943%
Files already downloaded and verified
Files already downloaded and verified
Model: VIT ConvNNAttention
Total Parameters: 6128266
Trainable Parameters: 6128266
   - Trainable Parameters: 6.12826600 M
Model Complexity (Profiler):
   - GFLOPs: 2.33500051
   - Trainable Parameters: 6.12826600 M
[Epoch 001] Time: 102.7967s | [Train] Loss: 1.93351343 Accuracy: Top1: 33.8872%, Top5: 82.3536% | [Test] Loss: 1.74629154 Accuracy: Top1: 43.3906%, Top5: 88.4285%
[Epoch 002] Time: 102.2448s | [Train] Loss: 1.72009931 Accuracy: Top1: 43.8960%, Top5: 89.6613% | [Test] Loss: 1.61920974 Accuracy: Top1: 48.7220%, Top5: 91.9529%
[Epoch 003] Time: 102.5469s | [Train] Loss: 1.62309182 Accuracy: Top1: 48.2106%, Top5: 92.0086% | [Test] Loss: 1.56860972 Accuracy: Top1: 50.9085%, Top5: 93.3606%
[Epoch 004] Time: 102.7934s | [Train] Loss: 1.56319257 Accuracy: Top1: 51.0177%, Top5: 93.2802% | [Test] Loss: 1.52157552 Accuracy: Top1: 53.0451%, Top5: 94.0994%
[Epoch 005] Time: 102.4076s | [Train] Loss: 1.52248104 Accuracy: Top1: 53.1110%, Top5: 93.7320% | [Test] Loss: 1.48664220 Accuracy: Top1: 54.6426%, Top5: 94.5288%
[Epoch 006] Time: 102.4741s | [Train] Loss: 1.48795644 Accuracy: Top1: 54.5905%, Top5: 94.2558% | [Test] Loss: 1.46792996 Accuracy: Top1: 55.5411%, Top5: 94.7883%
[Epoch 007] Time: 102.2295s | [Train] Loss: 1.45538193 Accuracy: Top1: 56.2880%, Top5: 94.8277% | [Test] Loss: 1.44042607 Accuracy: Top1: 56.5895%, Top5: 95.1977%
[Epoch 008] Time: 102.4332s | [Train] Loss: 1.43055632 Accuracy: Top1: 57.5016%, Top5: 95.1456% | [Test] Loss: 1.42724557 Accuracy: Top1: 57.3882%, Top5: 95.1178%
[Epoch 009] Time: 102.3428s | [Train] Loss: 1.40604820 Accuracy: Top1: 58.6812%, Top5: 95.5414% | [Test] Loss: 1.42430728 Accuracy: Top1: 58.0371%, Top5: 95.3674%
[Epoch 010] Time: 102.3291s | [Train] Loss: 1.38002626 Accuracy: Top1: 59.8668%, Top5: 95.8553% | [Test] Loss: 1.38260525 Accuracy: Top1: 59.9042%, Top5: 95.7568%
[Epoch 011] Time: 101.6859s | [Train] Loss: 1.35776304 Accuracy: Top1: 61.0185%, Top5: 96.1072% | [Test] Loss: 1.38799365 Accuracy: Top1: 59.6146%, Top5: 95.8666%
[Epoch 012] Time: 102.1892s | [Train] Loss: 1.33537752 Accuracy: Top1: 61.8442%, Top5: 96.2692% | [Test] Loss: 1.35996454 Accuracy: Top1: 61.0623%, Top5: 96.0563%
[Epoch 013] Time: 102.6683s | [Train] Loss: 1.31624091 Accuracy: Top1: 62.9039%, Top5: 96.5931% | [Test] Loss: 1.33953507 Accuracy: Top1: 61.8211%, Top5: 96.2760%
[Epoch 014] Time: 102.4651s | [Train] Loss: 1.29616077 Accuracy: Top1: 64.1655%, Top5: 96.6891% | [Test] Loss: 1.33126454 Accuracy: Top1: 62.6997%, Top5: 96.2760%
[Epoch 015] Time: 102.4595s | [Train] Loss: 1.27998669 Accuracy: Top1: 64.8133%, Top5: 97.0609% | [Test] Loss: 1.32547565 Accuracy: Top1: 62.9393%, Top5: 96.3558%
[Epoch 016] Time: 102.4128s | [Train] Loss: 1.26412452 Accuracy: Top1: 65.5490%, Top5: 97.0529% | [Test] Loss: 1.31891772 Accuracy: Top1: 63.5483%, Top5: 96.6953%
[Epoch 017] Time: 102.3111s | [Train] Loss: 1.24954439 Accuracy: Top1: 66.3488%, Top5: 97.2169% | [Test] Loss: 1.31516646 Accuracy: Top1: 63.0391%, Top5: 96.5555%
[Epoch 018] Time: 102.2855s | [Train] Loss: 1.23230083 Accuracy: Top1: 67.3085%, Top5: 97.3828% | [Test] Loss: 1.30505699 Accuracy: Top1: 63.8379%, Top5: 96.5256%
[Epoch 019] Time: 101.9350s | [Train] Loss: 1.21946258 Accuracy: Top1: 67.7943%, Top5: 97.4408% | [Test] Loss: 1.28320216 Accuracy: Top1: 64.5168%, Top5: 96.8850%
[Epoch 020] Time: 102.0179s | [Train] Loss: 1.20676512 Accuracy: Top1: 68.4421%, Top5: 97.5908% | [Test] Loss: 1.27499974 Accuracy: Top1: 65.0559%, Top5: 96.7951%
[Epoch 021] Time: 102.2079s | [Train] Loss: 1.19628674 Accuracy: Top1: 68.8220%, Top5: 97.6548% | [Test] Loss: 1.26206910 Accuracy: Top1: 65.7248%, Top5: 96.9649%
[Epoch 022] Time: 102.1723s | [Train] Loss: 1.17906850 Accuracy: Top1: 69.6857%, Top5: 97.7947% | [Test] Loss: 1.26348474 Accuracy: Top1: 66.0343%, Top5: 97.1146%
[Epoch 023] Time: 102.5119s | [Train] Loss: 1.17145381 Accuracy: Top1: 70.2015%, Top5: 97.7547% | [Test] Loss: 1.28430270 Accuracy: Top1: 65.2456%, Top5: 96.7552%
[Epoch 024] Time: 102.3402s | [Train] Loss: 1.16065007 Accuracy: Top1: 70.9193%, Top5: 97.9327% | [Test] Loss: 1.26807631 Accuracy: Top1: 66.0144%, Top5: 97.0248%
[Epoch 025] Time: 102.0001s | [Train] Loss: 1.15014394 Accuracy: Top1: 71.3912%, Top5: 98.0226% | [Test] Loss: 1.24905251 Accuracy: Top1: 66.9030%, Top5: 97.1745%
[Epoch 026] Time: 101.7156s | [Train] Loss: 1.13965406 Accuracy: Top1: 71.6751%, Top5: 98.0746% | [Test] Loss: 1.25450554 Accuracy: Top1: 66.5136%, Top5: 97.1346%
[Epoch 027] Time: 102.6639s | [Train] Loss: 1.13212983 Accuracy: Top1: 72.3369%, Top5: 98.0606% | [Test] Loss: 1.23618863 Accuracy: Top1: 67.5619%, Top5: 97.3243%
[Epoch 028] Time: 102.0156s | [Train] Loss: 1.11959941 Accuracy: Top1: 72.7367%, Top5: 98.1366% | [Test] Loss: 1.23331273 Accuracy: Top1: 67.7516%, Top5: 97.3243%
[Epoch 029] Time: 102.0006s | [Train] Loss: 1.11252985 Accuracy: Top1: 73.0126%, Top5: 98.2546% | [Test] Loss: 1.24457480 Accuracy: Top1: 67.3223%, Top5: 97.1546%
[Epoch 030] Time: 102.5706s | [Train] Loss: 1.10428461 Accuracy: Top1: 73.3425%, Top5: 98.2566% | [Test] Loss: 1.24455661 Accuracy: Top1: 67.6118%, Top5: 97.1745%
[Epoch 031] Time: 102.4643s | [Train] Loss: 1.09397381 Accuracy: Top1: 73.9463%, Top5: 98.3865% | [Test] Loss: 1.23052194 Accuracy: Top1: 67.8415%, Top5: 97.4441%
[Epoch 032] Time: 102.6360s | [Train] Loss: 1.08470590 Accuracy: Top1: 74.2802%, Top5: 98.5245% | [Test] Loss: 1.23193617 Accuracy: Top1: 68.2408%, Top5: 97.3942%
[Epoch 033] Time: 102.2278s | [Train] Loss: 1.07640950 Accuracy: Top1: 74.9500%, Top5: 98.4805% | [Test] Loss: 1.22411519 Accuracy: Top1: 68.4804%, Top5: 97.3143%
[Epoch 034] Time: 102.3603s | [Train] Loss: 1.07225890 Accuracy: Top1: 75.1040%, Top5: 98.4365% | [Test] Loss: 1.22046922 Accuracy: Top1: 68.7899%, Top5: 97.3842%
[Epoch 035] Time: 102.3904s | [Train] Loss: 1.06394597 Accuracy: Top1: 75.4758%, Top5: 98.5165% | [Test] Loss: 1.21697783 Accuracy: Top1: 68.9896%, Top5: 97.2045%
[Epoch 036] Time: 102.4980s | [Train] Loss: 1.05532550 Accuracy: Top1: 75.7817%, Top5: 98.5984% | [Test] Loss: 1.21844359 Accuracy: Top1: 68.6502%, Top5: 97.1845%
[Epoch 037] Time: 102.1553s | [Train] Loss: 1.04667942 Accuracy: Top1: 76.2336%, Top5: 98.6024% | [Test] Loss: 1.22024908 Accuracy: Top1: 68.9796%, Top5: 97.2145%
[Epoch 038] Time: 102.4437s | [Train] Loss: 1.04182165 Accuracy: Top1: 76.3676%, Top5: 98.7484% | [Test] Loss: 1.21936972 Accuracy: Top1: 68.6202%, Top5: 97.2744%
[Epoch 039] Time: 102.2054s | [Train] Loss: 1.03477764 Accuracy: Top1: 76.9814%, Top5: 98.7264% | [Test] Loss: 1.21262886 Accuracy: Top1: 69.5188%, Top5: 97.4641%
[Epoch 040] Time: 102.4454s | [Train] Loss: 1.02853921 Accuracy: Top1: 77.1213%, Top5: 98.7004% | [Test] Loss: 1.21617599 Accuracy: Top1: 69.3291%, Top5: 97.4341%
[Epoch 041] Time: 102.4209s | [Train] Loss: 1.02201995 Accuracy: Top1: 77.4412%, Top5: 98.7824% | [Test] Loss: 1.21854948 Accuracy: Top1: 69.3191%, Top5: 97.3343%
[Epoch 042] Time: 102.1947s | [Train] Loss: 1.01863459 Accuracy: Top1: 77.5372%, Top5: 98.7864% | [Test] Loss: 1.21754086 Accuracy: Top1: 69.5687%, Top5: 97.3442%
[Epoch 043] Time: 102.7056s | [Train] Loss: 1.01219368 Accuracy: Top1: 77.9391%, Top5: 98.8684% | [Test] Loss: 1.22043692 Accuracy: Top1: 68.9097%, Top5: 97.2744%
[Epoch 044] Time: 102.1683s | [Train] Loss: 1.00629997 Accuracy: Top1: 78.0270%, Top5: 98.9423% | [Test] Loss: 1.20312202 Accuracy: Top1: 70.1378%, Top5: 97.4641%
[Epoch 045] Time: 102.3604s | [Train] Loss: 1.00048659 Accuracy: Top1: 78.4529%, Top5: 98.9463% | [Test] Loss: 1.20582468 Accuracy: Top1: 70.0679%, Top5: 97.3043%
[Epoch 046] Time: 102.3054s | [Train] Loss: 0.99204147 Accuracy: Top1: 78.9867%, Top5: 98.8984% | [Test] Loss: 1.20380072 Accuracy: Top1: 70.4273%, Top5: 97.3942%
[Epoch 047] Time: 102.6195s | [Train] Loss: 0.99077719 Accuracy: Top1: 79.0967%, Top5: 98.9223% | [Test] Loss: 1.20470973 Accuracy: Top1: 70.2376%, Top5: 97.3143%
[Epoch 048] Time: 102.1661s | [Train] Loss: 0.98634456 Accuracy: Top1: 79.1127%, Top5: 98.9463% | [Test] Loss: 1.21249328 Accuracy: Top1: 70.0579%, Top5: 97.4042%
[Epoch 049] Time: 101.9993s | [Train] Loss: 0.97892520 Accuracy: Top1: 79.5725%, Top5: 98.9683% | [Test] Loss: 1.21175041 Accuracy: Top1: 70.1677%, Top5: 97.4840%
[Epoch 050] Time: 102.4938s | [Train] Loss: 0.97933898 Accuracy: Top1: 79.7485%, Top5: 98.9903% | [Test] Loss: 1.21483578 Accuracy: Top1: 70.1677%, Top5: 97.4940%
[Epoch 051] Time: 102.6093s | [Train] Loss: 0.97368458 Accuracy: Top1: 79.7945%, Top5: 99.0543% | [Test] Loss: 1.20831354 Accuracy: Top1: 70.3275%, Top5: 97.4241%
[Epoch 052] Time: 102.3464s | [Train] Loss: 0.96930318 Accuracy: Top1: 79.9124%, Top5: 99.0303% | [Test] Loss: 1.20390048 Accuracy: Top1: 70.6070%, Top5: 97.2943%
[Epoch 053] Time: 102.3254s | [Train] Loss: 0.96839981 Accuracy: Top1: 80.0144%, Top5: 99.0063% | [Test] Loss: 1.21250220 Accuracy: Top1: 70.4273%, Top5: 97.3243%
[Epoch 054] Time: 102.2969s | [Train] Loss: 0.96137120 Accuracy: Top1: 80.3523%, Top5: 99.0583% | [Test] Loss: 1.20384876 Accuracy: Top1: 70.7069%, Top5: 97.5339%
[Epoch 055] Time: 102.0803s | [Train] Loss: 0.95993083 Accuracy: Top1: 80.4143%, Top5: 99.1203% | [Test] Loss: 1.20613174 Accuracy: Top1: 70.7368%, Top5: 97.4341%
[Epoch 056] Time: 102.5089s | [Train] Loss: 0.95806769 Accuracy: Top1: 80.6302%, Top5: 99.0643% | [Test] Loss: 1.20563707 Accuracy: Top1: 70.6869%, Top5: 97.4541%
[Epoch 057] Time: 102.3625s | [Train] Loss: 0.95260524 Accuracy: Top1: 80.7402%, Top5: 99.1683% | [Test] Loss: 1.20518000 Accuracy: Top1: 70.6370%, Top5: 97.4840%
[Epoch 058] Time: 102.4558s | [Train] Loss: 0.95005674 Accuracy: Top1: 80.9801%, Top5: 99.1403% | [Test] Loss: 1.20508807 Accuracy: Top1: 71.0962%, Top5: 97.4740%
[Epoch 059] Time: 102.2235s | [Train] Loss: 0.94588778 Accuracy: Top1: 81.2600%, Top5: 99.1023% | [Test] Loss: 1.20714497 Accuracy: Top1: 70.8766%, Top5: 97.4840%
[Epoch 060] Time: 102.2673s | [Train] Loss: 0.94382855 Accuracy: Top1: 81.1960%, Top5: 99.1663% | [Test] Loss: 1.20015829 Accuracy: Top1: 70.8367%, Top5: 97.5539%
[Epoch 061] Time: 102.2890s | [Train] Loss: 0.94501579 Accuracy: Top1: 81.1660%, Top5: 99.1683% | [Test] Loss: 1.20814068 Accuracy: Top1: 70.7468%, Top5: 97.3442%
[Epoch 062] Time: 102.3943s | [Train] Loss: 0.93922840 Accuracy: Top1: 81.5099%, Top5: 99.1423% | [Test] Loss: 1.20904828 Accuracy: Top1: 70.9665%, Top5: 97.3442%
[Epoch 063] Time: 102.4023s | [Train] Loss: 0.93682345 Accuracy: Top1: 81.6019%, Top5: 99.1083% | [Test] Loss: 1.20614918 Accuracy: Top1: 71.0164%, Top5: 97.3742%
[Epoch 064] Time: 102.0841s | [Train] Loss: 0.93523464 Accuracy: Top1: 81.5499%, Top5: 99.1703% | [Test] Loss: 1.20610976 Accuracy: Top1: 70.8666%, Top5: 97.2943%
[Epoch 065] Time: 102.3428s | [Train] Loss: 0.93516662 Accuracy: Top1: 81.5059%, Top5: 99.1823% | [Test] Loss: 1.20474519 Accuracy: Top1: 71.0064%, Top5: 97.5639%
[Epoch 066] Time: 102.6921s | [Train] Loss: 0.93324104 Accuracy: Top1: 81.8658%, Top5: 99.1863% | [Test] Loss: 1.20892371 Accuracy: Top1: 71.0264%, Top5: 97.3243%
[Epoch 067] Time: 102.3486s | [Train] Loss: 0.93009299 Accuracy: Top1: 82.0198%, Top5: 99.1583% | [Test] Loss: 1.21032321 Accuracy: Top1: 70.9964%, Top5: 97.3343%
[Epoch 068] Time: 102.3136s | [Train] Loss: 0.93008483 Accuracy: Top1: 81.9078%, Top5: 99.1943% | [Test] Loss: 1.20668770 Accuracy: Top1: 71.0663%, Top5: 97.3243%
[Epoch 069] Time: 102.5488s | [Train] Loss: 0.93136309 Accuracy: Top1: 81.8298%, Top5: 99.1803% | [Test] Loss: 1.20458238 Accuracy: Top1: 70.9465%, Top5: 97.4042%
[Epoch 070] Time: 101.9223s | [Train] Loss: 0.92557828 Accuracy: Top1: 82.1177%, Top5: 99.2202% | [Test] Loss: 1.20237097 Accuracy: Top1: 71.1362%, Top5: 97.4441%
[Epoch 071] Time: 101.5460s | [Train] Loss: 0.92616474 Accuracy: Top1: 82.2917%, Top5: 99.2322% | [Test] Loss: 1.20224363 Accuracy: Top1: 70.9565%, Top5: 97.5739%
[Epoch 072] Time: 102.3415s | [Train] Loss: 0.92512267 Accuracy: Top1: 82.1477%, Top5: 99.2922% | [Test] Loss: 1.20313490 Accuracy: Top1: 71.0563%, Top5: 97.5240%
[Epoch 073] Time: 102.3705s | [Train] Loss: 0.92684645 Accuracy: Top1: 82.1657%, Top5: 99.1463% | [Test] Loss: 1.20474486 Accuracy: Top1: 70.9265%, Top5: 97.4441%
[Epoch 074] Time: 102.1680s | [Train] Loss: 0.92551479 Accuracy: Top1: 82.1177%, Top5: 99.2602% | [Test] Loss: 1.20528500 Accuracy: Top1: 70.6969%, Top5: 97.3942%
[Epoch 075] Time: 102.3779s | [Train] Loss: 0.92401764 Accuracy: Top1: 82.1517%, Top5: 99.2163% | [Test] Loss: 1.20424883 Accuracy: Top1: 71.0164%, Top5: 97.3942%
[Epoch 076] Time: 102.6364s | [Train] Loss: 0.92522261 Accuracy: Top1: 82.2717%, Top5: 99.1663% | [Test] Loss: 1.20443341 Accuracy: Top1: 70.9764%, Top5: 97.5639%
[Epoch 077] Time: 102.2766s | [Train] Loss: 0.92331121 Accuracy: Top1: 82.3377%, Top5: 99.2143% | [Test] Loss: 1.20678475 Accuracy: Top1: 71.1961%, Top5: 97.4541%
[Epoch 078] Time: 102.2632s | [Train] Loss: 0.92492733 Accuracy: Top1: 82.0917%, Top5: 99.2302% | [Test] Loss: 1.20680811 Accuracy: Top1: 70.9665%, Top5: 97.4341%
[Epoch 079] Time: 102.4811s | [Train] Loss: 0.92363148 Accuracy: Top1: 82.0797%, Top5: 99.2682% | [Test] Loss: 1.20649048 Accuracy: Top1: 70.6669%, Top5: 97.4441%
[Epoch 080] Time: 102.1611s | [Train] Loss: 0.92448338 Accuracy: Top1: 82.2097%, Top5: 99.1983% | [Test] Loss: 1.20644735 Accuracy: Top1: 70.9065%, Top5: 97.5739%
