Files already downloaded and verified
Files already downloaded and verified
Model: VIT Attention
Total Parameters: 5488522
Trainable Parameters: 5488522
   - Trainable Parameters: 5.48852200 M
Model Complexity (Profiler):
   - GFLOPs: 2.50793184
   - Trainable Parameters: 5.48852200 M
[Epoch 001] Time: 54.8584s | [Train] Loss: 1.99923796 Accuracy: Top1: 26.1741%, Top5: 78.3883% | [Test] Loss: 1.85270345 Accuracy: Top1: 33.7124%, Top5: 83.4751%
[Epoch 002] Time: 55.1607s | [Train] Loss: 1.80779846 Accuracy: Top1: 33.9614%, Top5: 84.6947% | [Test] Loss: 1.66130238 Accuracy: Top1: 40.1305%, Top5: 88.2219%
[Epoch 003] Time: 55.2925s | [Train] Loss: 1.63711956 Accuracy: Top1: 39.8414%, Top5: 88.9055% | [Test] Loss: 1.54862877 Accuracy: Top1: 43.7698%, Top5: 90.7437%
[Epoch 004] Time: 55.3955s | [Train] Loss: 1.55414639 Accuracy: Top1: 42.9907%, Top5: 90.3908% | [Test] Loss: 1.49543162 Accuracy: Top1: 46.1234%, Top5: 91.6733%
[Epoch 005] Time: 55.2307s | [Train] Loss: 1.49393661 Accuracy: Top1: 45.5175%, Top5: 91.3663% | [Test] Loss: 1.45445098 Accuracy: Top1: 47.6266%, Top5: 92.1479%
[Epoch 006] Time: 55.4553s | [Train] Loss: 1.45159956 Accuracy: Top1: 47.1100%, Top5: 92.1503% | [Test] Loss: 1.40057809 Accuracy: Top1: 49.5451%, Top5: 92.9193%
[Epoch 007] Time: 55.2371s | [Train] Loss: 1.39894141 Accuracy: Top1: 48.9546%, Top5: 93.0187% | [Test] Loss: 1.34559664 Accuracy: Top1: 51.2065%, Top5: 93.7698%
[Epoch 008] Time: 55.3043s | [Train] Loss: 1.35741721 Accuracy: Top1: 50.5806%, Top5: 93.5178% | [Test] Loss: 1.31513777 Accuracy: Top1: 52.4229%, Top5: 94.0467%
[Epoch 009] Time: 55.5150s | [Train] Loss: 1.30955203 Accuracy: Top1: 52.3721%, Top5: 94.1057% | [Test] Loss: 1.27469582 Accuracy: Top1: 53.6294%, Top5: 94.4422%
[Epoch 010] Time: 55.3203s | [Train] Loss: 1.27145011 Accuracy: Top1: 53.8363%, Top5: 94.5332% | [Test] Loss: 1.23306012 Accuracy: Top1: 55.5083%, Top5: 95.0257%
[Epoch 011] Time: 55.4773s | [Train] Loss: 1.23239876 Accuracy: Top1: 55.1267%, Top5: 95.0476% | [Test] Loss: 1.19153008 Accuracy: Top1: 56.7247%, Top5: 95.4905%
[Epoch 012] Time: 55.4681s | [Train] Loss: 1.20035255 Accuracy: Top1: 56.3811%, Top5: 95.2769% | [Test] Loss: 1.17538335 Accuracy: Top1: 57.8422%, Top5: 95.6388%
[Epoch 013] Time: 55.1008s | [Train] Loss: 1.17547631 Accuracy: Top1: 57.5292%, Top5: 95.5507% | [Test] Loss: 1.13747078 Accuracy: Top1: 58.8113%, Top5: 95.9949%
[Epoch 014] Time: 55.4614s | [Train] Loss: 1.14757723 Accuracy: Top1: 58.4631%, Top5: 95.7677% | [Test] Loss: 1.11198703 Accuracy: Top1: 60.1464%, Top5: 96.0344%
[Epoch 015] Time: 55.4376s | [Train] Loss: 1.12041924 Accuracy: Top1: 59.3374%, Top5: 96.0742% | [Test] Loss: 1.12902892 Accuracy: Top1: 59.5629%, Top5: 95.9751%
[Epoch 016] Time: 55.6240s | [Train] Loss: 1.09836613 Accuracy: Top1: 60.0959%, Top5: 96.1821% | [Test] Loss: 1.07862570 Accuracy: Top1: 61.2935%, Top5: 96.6475%
[Epoch 017] Time: 55.6653s | [Train] Loss: 1.07866006 Accuracy: Top1: 60.9970%, Top5: 96.3487% | [Test] Loss: 1.05505187 Accuracy: Top1: 61.5210%, Top5: 96.7069%
[Epoch 018] Time: 55.3538s | [Train] Loss: 1.05855295 Accuracy: Top1: 62.1352%, Top5: 96.5157% | [Test] Loss: 1.04795863 Accuracy: Top1: 62.0649%, Top5: 96.5388%
[Epoch 019] Time: 55.7409s | [Train] Loss: 1.04233379 Accuracy: Top1: 62.7797%, Top5: 96.5701% | [Test] Loss: 1.04848028 Accuracy: Top1: 62.1934%, Top5: 96.6673%
[Epoch 020] Time: 55.5210s | [Train] Loss: 1.02743020 Accuracy: Top1: 62.9827%, Top5: 96.8135% | [Test] Loss: 1.03402781 Accuracy: Top1: 62.8857%, Top5: 96.9838%
[Epoch 021] Time: 55.5794s | [Train] Loss: 1.01355279 Accuracy: Top1: 63.7392%, Top5: 96.8746% | [Test] Loss: 1.01284078 Accuracy: Top1: 63.7658%, Top5: 96.9343%
[Epoch 022] Time: 55.4907s | [Train] Loss: 0.99941903 Accuracy: Top1: 64.2020%, Top5: 97.0117% | [Test] Loss: 0.99122436 Accuracy: Top1: 64.5965%, Top5: 97.1420%
[Epoch 023] Time: 55.5815s | [Train] Loss: 0.98787403 Accuracy: Top1: 64.6539%, Top5: 97.0448% | [Test] Loss: 0.99387998 Accuracy: Top1: 64.3196%, Top5: 97.0926%
[Epoch 024] Time: 55.5686s | [Train] Loss: 0.97550601 Accuracy: Top1: 65.1814%, Top5: 97.2031% | [Test] Loss: 0.98136848 Accuracy: Top1: 64.9328%, Top5: 96.9343%
[Epoch 025] Time: 55.6329s | [Train] Loss: 0.96452876 Accuracy: Top1: 65.5523%, Top5: 97.2530% | [Test] Loss: 0.96146163 Accuracy: Top1: 65.1899%, Top5: 97.1420%
[Epoch 026] Time: 55.5702s | [Train] Loss: 0.95370153 Accuracy: Top1: 66.0662%, Top5: 97.3262% | [Test] Loss: 0.95822895 Accuracy: Top1: 65.5756%, Top5: 97.2409%
[Epoch 027] Time: 55.5110s | [Train] Loss: 0.94356693 Accuracy: Top1: 66.2620%, Top5: 97.4441% | [Test] Loss: 0.94628885 Accuracy: Top1: 66.5744%, Top5: 97.2112%
[Epoch 028] Time: 55.6287s | [Train] Loss: 0.93750101 Accuracy: Top1: 66.5933%, Top5: 97.4560% | [Test] Loss: 0.94399960 Accuracy: Top1: 66.2876%, Top5: 97.2805%
[Epoch 029] Time: 55.7673s | [Train] Loss: 0.92810949 Accuracy: Top1: 66.7667%, Top5: 97.5488% | [Test] Loss: 0.94001389 Accuracy: Top1: 66.8710%, Top5: 97.2805%
[Epoch 030] Time: 55.6068s | [Train] Loss: 0.92379286 Accuracy: Top1: 67.0984%, Top5: 97.4361% | [Test] Loss: 0.93163876 Accuracy: Top1: 66.8216%, Top5: 97.3299%
[Epoch 031] Time: 55.4396s | [Train] Loss: 0.91577378 Accuracy: Top1: 67.3505%, Top5: 97.5260% | [Test] Loss: 0.93733206 Accuracy: Top1: 66.8710%, Top5: 97.3991%
[Epoch 032] Time: 55.2096s | [Train] Loss: 0.90865459 Accuracy: Top1: 67.7909%, Top5: 97.5759% | [Test] Loss: 0.91980973 Accuracy: Top1: 67.4347%, Top5: 97.5178%
[Epoch 033] Time: 55.4736s | [Train] Loss: 0.90267174 Accuracy: Top1: 68.0339%, Top5: 97.6023% | [Test] Loss: 0.92078945 Accuracy: Top1: 67.3754%, Top5: 97.6562%
[Epoch 034] Time: 55.6748s | [Train] Loss: 0.89648470 Accuracy: Top1: 67.9368%, Top5: 97.5783% | [Test] Loss: 0.90686461 Accuracy: Top1: 68.2753%, Top5: 97.6266%
[Epoch 035] Time: 55.5721s | [Train] Loss: 0.89145076 Accuracy: Top1: 68.2501%, Top5: 97.6562% | [Test] Loss: 0.91209490 Accuracy: Top1: 67.8105%, Top5: 97.6167%
[Epoch 036] Time: 55.4137s | [Train] Loss: 0.88823348 Accuracy: Top1: 68.4547%, Top5: 97.7130% | [Test] Loss: 0.90667535 Accuracy: Top1: 67.8501%, Top5: 97.5771%
[Epoch 037] Time: 55.5527s | [Train] Loss: 0.88461036 Accuracy: Top1: 68.5222%, Top5: 97.7062% | [Test] Loss: 0.90372337 Accuracy: Top1: 67.8204%, Top5: 97.6167%
[Epoch 038] Time: 55.7117s | [Train] Loss: 0.88009232 Accuracy: Top1: 68.7800%, Top5: 97.7506% | [Test] Loss: 0.90486432 Accuracy: Top1: 68.1171%, Top5: 97.5870%
[Epoch 039] Time: 55.1627s | [Train] Loss: 0.88071732 Accuracy: Top1: 68.5550%, Top5: 97.7769% | [Test] Loss: 0.90210230 Accuracy: Top1: 68.4335%, Top5: 97.6859%
[Epoch 040] Time: 55.5033s | [Train] Loss: 0.87237527 Accuracy: Top1: 69.0773%, Top5: 97.8101% | [Test] Loss: 0.89700084 Accuracy: Top1: 68.4731%, Top5: 97.6068%
[Epoch 041] Time: 55.6568s | [Train] Loss: 0.87502455 Accuracy: Top1: 68.8735%, Top5: 97.7789% | [Test] Loss: 0.89589157 Accuracy: Top1: 68.5522%, Top5: 97.6859%
[Epoch 042] Time: 55.3609s | [Train] Loss: 0.87130331 Accuracy: Top1: 68.9578%, Top5: 97.8129% | [Test] Loss: 0.89367476 Accuracy: Top1: 68.5324%, Top5: 97.6958%
[Epoch 043] Time: 55.6470s | [Train] Loss: 0.86902614 Accuracy: Top1: 69.0589%, Top5: 97.8820% | [Test] Loss: 0.89249829 Accuracy: Top1: 68.5621%, Top5: 97.7453%
[Epoch 044] Time: 55.6370s | [Train] Loss: 0.86545281 Accuracy: Top1: 69.3183%, Top5: 97.8501% | [Test] Loss: 0.89598155 Accuracy: Top1: 68.4731%, Top5: 97.7650%
[Epoch 045] Time: 55.6040s | [Train] Loss: 0.86590385 Accuracy: Top1: 69.1948%, Top5: 97.8437% | [Test] Loss: 0.89265721 Accuracy: Top1: 68.6511%, Top5: 97.7255%
[Epoch 046] Time: 55.5873s | [Train] Loss: 0.86796087 Accuracy: Top1: 69.2407%, Top5: 97.8477% | [Test] Loss: 0.89253571 Accuracy: Top1: 68.6610%, Top5: 97.7453%
[Epoch 047] Time: 55.5036s | [Train] Loss: 0.86608059 Accuracy: Top1: 69.2823%, Top5: 97.8840% | [Test] Loss: 0.89155326 Accuracy: Top1: 68.6610%, Top5: 97.7650%
[Epoch 048] Time: 55.3680s | [Train] Loss: 0.86516597 Accuracy: Top1: 69.1252%, Top5: 97.8688% | [Test] Loss: 0.89088512 Accuracy: Top1: 68.5918%, Top5: 97.7749%
[Epoch 049] Time: 55.2789s | [Train] Loss: 0.86132109 Accuracy: Top1: 69.5688%, Top5: 97.8157% | [Test] Loss: 0.89113993 Accuracy: Top1: 68.6808%, Top5: 97.7749%
[Epoch 050] Time: 55.3463s | [Train] Loss: 0.86287243 Accuracy: Top1: 69.3622%, Top5: 97.8896% | [Test] Loss: 0.89112685 Accuracy: Top1: 68.6610%, Top5: 97.7749%
Files already downloaded and verified
Files already downloaded and verified
Model: VIT ConvNNAttention
Total Parameters: 5931658
Trainable Parameters: 5931658
   - Trainable Parameters: 5.93165800 M
Model Complexity (Profiler):
   - GFLOPs: 1.81030598
   - Trainable Parameters: 5.93165800 M
[Epoch 001] Time: 76.7184s | [Train] Loss: 2.05901445 Accuracy: Top1: 28.5746%, Top5: 77.5927% | [Test] Loss: 1.88973560 Accuracy: Top1: 37.0847%, Top5: 84.5530%
[Epoch 002] Time: 75.1651s | [Train] Loss: 1.89444857 Accuracy: Top1: 36.6097%, Top5: 84.3954% | [Test] Loss: 1.80330302 Accuracy: Top1: 40.5756%, Top5: 87.4110%
[Epoch 003] Time: 75.2806s | [Train] Loss: 1.82282252 Accuracy: Top1: 39.9177%, Top5: 86.8650% | [Test] Loss: 1.75274994 Accuracy: Top1: 42.9589%, Top5: 88.7955%
[Epoch 004] Time: 75.4332s | [Train] Loss: 1.76941034 Accuracy: Top1: 42.2726%, Top5: 88.1937% | [Test] Loss: 1.70738115 Accuracy: Top1: 44.8873%, Top5: 89.7251%
[Epoch 005] Time: 75.2502s | [Train] Loss: 1.72980385 Accuracy: Top1: 43.7556%, Top5: 89.1548% | [Test] Loss: 1.67677671 Accuracy: Top1: 45.9454%, Top5: 90.4668%
[Epoch 006] Time: 75.2501s | [Train] Loss: 1.69479838 Accuracy: Top1: 45.6282%, Top5: 90.0472% | [Test] Loss: 1.64665493 Accuracy: Top1: 47.6167%, Top5: 91.2678%
[Epoch 007] Time: 75.3528s | [Train] Loss: 1.66450444 Accuracy: Top1: 46.8123%, Top5: 90.9311% | [Test] Loss: 1.63339547 Accuracy: Top1: 47.8441%, Top5: 91.8315%
[Epoch 008] Time: 74.9277s | [Train] Loss: 1.64037307 Accuracy: Top1: 47.9016%, Top5: 91.4822% | [Test] Loss: 1.59402431 Accuracy: Top1: 49.8714%, Top5: 92.5633%
[Epoch 009] Time: 75.0416s | [Train] Loss: 1.61478467 Accuracy: Top1: 49.1416%, Top5: 92.1124% | [Test] Loss: 1.57953515 Accuracy: Top1: 50.2670%, Top5: 92.9292%
[Epoch 010] Time: 75.1342s | [Train] Loss: 1.59481116 Accuracy: Top1: 50.2410%, Top5: 92.5340% | [Test] Loss: 1.56135417 Accuracy: Top1: 51.0285%, Top5: 93.1369%
[Epoch 011] Time: 75.0109s | [Train] Loss: 1.57486184 Accuracy: Top1: 51.0042%, Top5: 92.8884% | [Test] Loss: 1.54596314 Accuracy: Top1: 52.1756%, Top5: 93.4237%
[Epoch 012] Time: 75.0713s | [Train] Loss: 1.55872754 Accuracy: Top1: 51.7411%, Top5: 93.4471% | [Test] Loss: 1.52886519 Accuracy: Top1: 52.5316%, Top5: 93.7006%
[Epoch 013] Time: 74.9563s | [Train] Loss: 1.54274157 Accuracy: Top1: 52.4512%, Top5: 93.5666% | [Test] Loss: 1.51987413 Accuracy: Top1: 53.1151%, Top5: 93.8192%
[Epoch 014] Time: 75.0006s | [Train] Loss: 1.52776521 Accuracy: Top1: 53.3468%, Top5: 93.7936% | [Test] Loss: 1.50400758 Accuracy: Top1: 54.1634%, Top5: 94.3434%
[Epoch 015] Time: 75.2225s | [Train] Loss: 1.51364348 Accuracy: Top1: 53.7424%, Top5: 94.0845% | [Test] Loss: 1.50798342 Accuracy: Top1: 53.9656%, Top5: 94.1060%
[Epoch 016] Time: 75.1438s | [Train] Loss: 1.50152924 Accuracy: Top1: 54.6036%, Top5: 94.1784% | [Test] Loss: 1.49096004 Accuracy: Top1: 54.8457%, Top5: 94.5115%
[Epoch 017] Time: 75.1057s | [Train] Loss: 1.48806142 Accuracy: Top1: 55.0328%, Top5: 94.4781% | [Test] Loss: 1.47997353 Accuracy: Top1: 55.4885%, Top5: 94.6104%
[Epoch 018] Time: 74.9238s | [Train] Loss: 1.47828615 Accuracy: Top1: 55.8460%, Top5: 94.6192% | [Test] Loss: 1.47745807 Accuracy: Top1: 55.3006%, Top5: 94.6005%
[Epoch 019] Time: 75.0863s | [Train] Loss: 1.46951888 Accuracy: Top1: 56.0502%, Top5: 94.8098% | [Test] Loss: 1.46648813 Accuracy: Top1: 56.2500%, Top5: 94.5411%
[Epoch 020] Time: 75.3516s | [Train] Loss: 1.45882853 Accuracy: Top1: 56.3791%, Top5: 94.9484% | [Test] Loss: 1.45873694 Accuracy: Top1: 56.6060%, Top5: 94.8081%
[Epoch 021] Time: 74.9668s | [Train] Loss: 1.45440730 Accuracy: Top1: 56.8790%, Top5: 95.0244% | [Test] Loss: 1.45322414 Accuracy: Top1: 56.6357%, Top5: 94.9367%
[Epoch 022] Time: 75.2437s | [Train] Loss: 1.44537660 Accuracy: Top1: 57.0424%, Top5: 95.1227% | [Test] Loss: 1.44336632 Accuracy: Top1: 57.2884%, Top5: 95.1147%
[Epoch 023] Time: 74.9839s | [Train] Loss: 1.43516487 Accuracy: Top1: 57.8041%, Top5: 95.2574% | [Test] Loss: 1.44254847 Accuracy: Top1: 57.4565%, Top5: 95.1741%
[Epoch 024] Time: 75.0798s | [Train] Loss: 1.42950332 Accuracy: Top1: 57.9707%, Top5: 95.2649% | [Test] Loss: 1.43913780 Accuracy: Top1: 57.2983%, Top5: 95.2433%
[Epoch 025] Time: 75.1458s | [Train] Loss: 1.42300677 Accuracy: Top1: 58.2305%, Top5: 95.4943% | [Test] Loss: 1.42715660 Accuracy: Top1: 58.4454%, Top5: 95.4015%
[Epoch 026] Time: 75.0424s | [Train] Loss: 1.42008502 Accuracy: Top1: 58.4938%, Top5: 95.4020% | [Test] Loss: 1.42627681 Accuracy: Top1: 57.9114%, Top5: 95.3521%
[Epoch 027] Time: 75.0657s | [Train] Loss: 1.41333911 Accuracy: Top1: 58.6457%, Top5: 95.5359% | [Test] Loss: 1.42122071 Accuracy: Top1: 58.4850%, Top5: 95.2631%
[Epoch 028] Time: 74.7669s | [Train] Loss: 1.40723250 Accuracy: Top1: 59.3055%, Top5: 95.5910% | [Test] Loss: 1.42223791 Accuracy: Top1: 58.2081%, Top5: 95.3026%
[Epoch 029] Time: 75.0748s | [Train] Loss: 1.40204551 Accuracy: Top1: 59.3558%, Top5: 95.7085% | [Test] Loss: 1.41922510 Accuracy: Top1: 58.4751%, Top5: 95.5004%
[Epoch 030] Time: 75.0177s | [Train] Loss: 1.39631816 Accuracy: Top1: 59.6687%, Top5: 95.7789% | [Test] Loss: 1.41449653 Accuracy: Top1: 58.8014%, Top5: 95.3224%
[Epoch 031] Time: 74.6386s | [Train] Loss: 1.39793133 Accuracy: Top1: 59.5368%, Top5: 95.7105% | [Test] Loss: 1.41605872 Accuracy: Top1: 58.9597%, Top5: 95.4015%
[Epoch 032] Time: 74.7083s | [Train] Loss: 1.39225153 Accuracy: Top1: 59.8969%, Top5: 95.7273% | [Test] Loss: 1.41107294 Accuracy: Top1: 59.2464%, Top5: 95.5103%
[Epoch 033] Time: 75.0840s | [Train] Loss: 1.38762687 Accuracy: Top1: 60.2238%, Top5: 95.8392% | [Test] Loss: 1.40970167 Accuracy: Top1: 58.8212%, Top5: 95.5004%
[Epoch 034] Time: 75.0883s | [Train] Loss: 1.38607446 Accuracy: Top1: 60.2881%, Top5: 95.8104% | [Test] Loss: 1.40482554 Accuracy: Top1: 59.5036%, Top5: 95.5103%
[Epoch 035] Time: 74.9632s | [Train] Loss: 1.38161750 Accuracy: Top1: 60.3720%, Top5: 95.9735% | [Test] Loss: 1.40586641 Accuracy: Top1: 59.4838%, Top5: 95.4806%
[Epoch 036] Time: 74.9770s | [Train] Loss: 1.38151435 Accuracy: Top1: 60.3177%, Top5: 95.9135% | [Test] Loss: 1.40413831 Accuracy: Top1: 59.3750%, Top5: 95.7476%
[Epoch 037] Time: 75.2055s | [Train] Loss: 1.37790364 Accuracy: Top1: 60.6869%, Top5: 96.0074% | [Test] Loss: 1.40414536 Accuracy: Top1: 59.4244%, Top5: 95.7377%
[Epoch 038] Time: 74.6143s | [Train] Loss: 1.37810986 Accuracy: Top1: 60.3652%, Top5: 95.9906% | [Test] Loss: 1.40293174 Accuracy: Top1: 59.3651%, Top5: 95.5202%
[Epoch 039] Time: 74.9686s | [Train] Loss: 1.37702459 Accuracy: Top1: 60.6650%, Top5: 95.9175% | [Test] Loss: 1.40094099 Accuracy: Top1: 59.6915%, Top5: 95.6586%
[Epoch 040] Time: 75.0711s | [Train] Loss: 1.37400119 Accuracy: Top1: 60.6274%, Top5: 96.0422% | [Test] Loss: 1.39924987 Accuracy: Top1: 59.4640%, Top5: 95.7081%
[Epoch 041] Time: 74.9617s | [Train] Loss: 1.37054955 Accuracy: Top1: 61.1701%, Top5: 96.0422% | [Test] Loss: 1.40119122 Accuracy: Top1: 59.1278%, Top5: 95.5597%
[Epoch 042] Time: 74.9368s | [Train] Loss: 1.36833205 Accuracy: Top1: 60.9231%, Top5: 96.0386% | [Test] Loss: 1.39677467 Accuracy: Top1: 59.9288%, Top5: 95.5894%
[Epoch 043] Time: 74.9199s | [Train] Loss: 1.36783360 Accuracy: Top1: 61.1817%, Top5: 96.1133% | [Test] Loss: 1.39748006 Accuracy: Top1: 59.3354%, Top5: 95.5597%
[Epoch 044] Time: 74.8754s | [Train] Loss: 1.37030493 Accuracy: Top1: 60.8432%, Top5: 96.0310% | [Test] Loss: 1.40001315 Accuracy: Top1: 59.6123%, Top5: 95.8366%
[Epoch 045] Time: 74.9887s | [Train] Loss: 1.36862945 Accuracy: Top1: 61.0866%, Top5: 96.0086% | [Test] Loss: 1.39311310 Accuracy: Top1: 59.8299%, Top5: 95.8663%
[Epoch 046] Time: 74.8892s | [Train] Loss: 1.36691769 Accuracy: Top1: 60.9855%, Top5: 96.1037% | [Test] Loss: 1.39703050 Accuracy: Top1: 59.7013%, Top5: 95.7180%
[Epoch 047] Time: 74.9693s | [Train] Loss: 1.36566974 Accuracy: Top1: 61.4015%, Top5: 96.1125% | [Test] Loss: 1.39845279 Accuracy: Top1: 59.5827%, Top5: 95.5795%
[Epoch 048] Time: 75.0653s | [Train] Loss: 1.36494484 Accuracy: Top1: 61.2672%, Top5: 96.0782% | [Test] Loss: 1.39919655 Accuracy: Top1: 59.6519%, Top5: 95.6982%
[Epoch 049] Time: 74.8637s | [Train] Loss: 1.36752135 Accuracy: Top1: 61.0378%, Top5: 96.1821% | [Test] Loss: 1.39830420 Accuracy: Top1: 59.8497%, Top5: 95.7575%
[Epoch 050] Time: 75.0283s | [Train] Loss: 1.36659667 Accuracy: Top1: 61.0586%, Top5: 96.1625% | [Test] Loss: 1.39981380 Accuracy: Top1: 59.4937%, Top5: 95.7674%
