Files already downloaded and verified
Files already downloaded and verified
Model: VIT ConvNNAttention
Total Parameters: 5938570
Trainable Parameters: 5938570
   - Trainable Parameters: 5.93857000 M
Model Complexity (Profiler):
   - GFLOPs: 2.33604304
   - Trainable Parameters: 5.93857000 M
[Epoch 001] Time: 85.0161s | [Train] Loss: 2.04361032 Accuracy: Top1: 28.6009%, Top5: 77.4924% | [Test] Loss: 1.87604695 Accuracy: Top1: 37.5593%, Top5: 85.2255%
[Epoch 002] Time: 85.3249s | [Train] Loss: 1.85133464 Accuracy: Top1: 38.5030%, Top5: 85.7169% | [Test] Loss: 1.76554727 Accuracy: Top1: 42.0787%, Top5: 88.2021%
[Epoch 003] Time: 85.7653s | [Train] Loss: 1.76450660 Accuracy: Top1: 42.3577%, Top5: 88.0183% | [Test] Loss: 1.68877221 Accuracy: Top1: 45.4806%, Top5: 90.4074%
[Epoch 004] Time: 85.6657s | [Train] Loss: 1.69479667 Accuracy: Top1: 45.0971%, Top5: 90.0500% | [Test] Loss: 1.63111480 Accuracy: Top1: 48.3782%, Top5: 91.8612%
[Epoch 005] Time: 86.0200s | [Train] Loss: 1.64195244 Accuracy: Top1: 47.4764%, Top5: 91.5074% | [Test] Loss: 1.59013050 Accuracy: Top1: 50.0099%, Top5: 92.5930%
[Epoch 006] Time: 85.8419s | [Train] Loss: 1.60265912 Accuracy: Top1: 49.6216%, Top5: 92.3673% | [Test] Loss: 1.55963566 Accuracy: Top1: 51.2263%, Top5: 93.3149%
[Epoch 007] Time: 85.9937s | [Train] Loss: 1.57273186 Accuracy: Top1: 50.7309%, Top5: 92.8469% | [Test] Loss: 1.54162626 Accuracy: Top1: 52.1954%, Top5: 93.8093%
[Epoch 008] Time: 85.9591s | [Train] Loss: 1.54595650 Accuracy: Top1: 52.1551%, Top5: 93.5794% | [Test] Loss: 1.52485101 Accuracy: Top1: 52.8481%, Top5: 93.8687%
[Epoch 009] Time: 85.9458s | [Train] Loss: 1.52404921 Accuracy: Top1: 53.0946%, Top5: 93.9338% | [Test] Loss: 1.50277662 Accuracy: Top1: 54.1733%, Top5: 94.1159%
[Epoch 010] Time: 86.1966s | [Train] Loss: 1.50387051 Accuracy: Top1: 53.8439%, Top5: 94.1804% | [Test] Loss: 1.48312297 Accuracy: Top1: 54.8853%, Top5: 94.7686%
[Epoch 011] Time: 86.0445s | [Train] Loss: 1.48910047 Accuracy: Top1: 54.6991%, Top5: 94.4046% | [Test] Loss: 1.47009357 Accuracy: Top1: 55.6270%, Top5: 94.8378%
[Epoch 012] Time: 86.1777s | [Train] Loss: 1.47164412 Accuracy: Top1: 55.4272%, Top5: 94.6671% | [Test] Loss: 1.45760499 Accuracy: Top1: 55.9533%, Top5: 94.9862%
[Epoch 013] Time: 86.1982s | [Train] Loss: 1.45236963 Accuracy: Top1: 56.4514%, Top5: 94.8801% | [Test] Loss: 1.45119464 Accuracy: Top1: 56.1116%, Top5: 95.2729%
[Epoch 014] Time: 86.1236s | [Train] Loss: 1.44128122 Accuracy: Top1: 56.9705%, Top5: 95.0663% | [Test] Loss: 1.43464404 Accuracy: Top1: 56.9719%, Top5: 95.2927%
[Epoch 015] Time: 86.3037s | [Train] Loss: 1.42948569 Accuracy: Top1: 57.6990%, Top5: 95.2206% | [Test] Loss: 1.43326419 Accuracy: Top1: 57.5850%, Top5: 95.2334%
[Epoch 016] Time: 86.1840s | [Train] Loss: 1.41456611 Accuracy: Top1: 58.2345%, Top5: 95.4644% | [Test] Loss: 1.42048205 Accuracy: Top1: 58.0696%, Top5: 95.5597%
[Epoch 017] Time: 86.0056s | [Train] Loss: 1.40123816 Accuracy: Top1: 59.0349%, Top5: 95.5535% | [Test] Loss: 1.41242233 Accuracy: Top1: 58.0202%, Top5: 95.5993%
[Epoch 018] Time: 86.3607s | [Train] Loss: 1.39310815 Accuracy: Top1: 59.3334%, Top5: 95.7657% | [Test] Loss: 1.40291641 Accuracy: Top1: 58.7223%, Top5: 95.5993%
[Epoch 019] Time: 86.2415s | [Train] Loss: 1.38135929 Accuracy: Top1: 59.9229%, Top5: 95.8372% | [Test] Loss: 1.40182054 Accuracy: Top1: 58.6926%, Top5: 95.6883%
[Epoch 020] Time: 85.7584s | [Train] Loss: 1.37112483 Accuracy: Top1: 60.4128%, Top5: 95.9851% | [Test] Loss: 1.38902639 Accuracy: Top1: 59.0981%, Top5: 95.7476%
[Epoch 021] Time: 85.9219s | [Train] Loss: 1.36227296 Accuracy: Top1: 60.8672%, Top5: 96.0993% | [Test] Loss: 1.38609116 Accuracy: Top1: 59.6717%, Top5: 96.0641%
[Epoch 022] Time: 86.0738s | [Train] Loss: 1.35150976 Accuracy: Top1: 61.3863%, Top5: 96.1705% | [Test] Loss: 1.37537582 Accuracy: Top1: 60.1661%, Top5: 96.0344%
[Epoch 023] Time: 86.1913s | [Train] Loss: 1.34330183 Accuracy: Top1: 61.7911%, Top5: 96.3071% | [Test] Loss: 1.36996969 Accuracy: Top1: 60.3639%, Top5: 96.2025%
[Epoch 024] Time: 86.1315s | [Train] Loss: 1.33784048 Accuracy: Top1: 62.0049%, Top5: 96.3359% | [Test] Loss: 1.35883333 Accuracy: Top1: 60.4826%, Top5: 96.1630%
[Epoch 025] Time: 86.3709s | [Train] Loss: 1.32971164 Accuracy: Top1: 62.2015%, Top5: 96.5473% | [Test] Loss: 1.35401348 Accuracy: Top1: 60.9573%, Top5: 96.3904%
[Epoch 026] Time: 85.9969s | [Train] Loss: 1.32506292 Accuracy: Top1: 62.8637%, Top5: 96.5169% | [Test] Loss: 1.35254764 Accuracy: Top1: 61.1650%, Top5: 96.2421%
[Epoch 027] Time: 85.9285s | [Train] Loss: 1.31895814 Accuracy: Top1: 62.9644%, Top5: 96.5377% | [Test] Loss: 1.34878846 Accuracy: Top1: 61.4814%, Top5: 96.3113%
[Epoch 028] Time: 86.0890s | [Train] Loss: 1.30858663 Accuracy: Top1: 63.4567%, Top5: 96.6320% | [Test] Loss: 1.34360417 Accuracy: Top1: 61.2243%, Top5: 96.1926%
[Epoch 029] Time: 86.2192s | [Train] Loss: 1.30352059 Accuracy: Top1: 63.7952%, Top5: 96.7903% | [Test] Loss: 1.34490516 Accuracy: Top1: 61.7682%, Top5: 96.3904%
[Epoch 030] Time: 86.1441s | [Train] Loss: 1.29820165 Accuracy: Top1: 64.0245%, Top5: 96.8238% | [Test] Loss: 1.33783504 Accuracy: Top1: 61.7583%, Top5: 96.5190%
[Epoch 031] Time: 86.3563s | [Train] Loss: 1.29655574 Accuracy: Top1: 64.0078%, Top5: 96.8099% | [Test] Loss: 1.33146654 Accuracy: Top1: 62.4802%, Top5: 96.5091%
[Epoch 032] Time: 85.8811s | [Train] Loss: 1.29019664 Accuracy: Top1: 64.5297%, Top5: 96.8782% | [Test] Loss: 1.32731053 Accuracy: Top1: 62.1638%, Top5: 96.5289%
[Epoch 033] Time: 86.1156s | [Train] Loss: 1.28540192 Accuracy: Top1: 64.7494%, Top5: 96.8986% | [Test] Loss: 1.32521236 Accuracy: Top1: 62.5593%, Top5: 96.3706%
[Epoch 034] Time: 86.2777s | [Train] Loss: 1.28139796 Accuracy: Top1: 64.9261%, Top5: 96.9585% | [Test] Loss: 1.32903853 Accuracy: Top1: 62.0253%, Top5: 96.4597%
[Epoch 035] Time: 86.2458s | [Train] Loss: 1.28102655 Accuracy: Top1: 64.7387%, Top5: 96.9086% | [Test] Loss: 1.32878974 Accuracy: Top1: 62.2528%, Top5: 96.4992%
[Epoch 036] Time: 86.1544s | [Train] Loss: 1.27751464 Accuracy: Top1: 65.0703%, Top5: 96.9070% | [Test] Loss: 1.32020297 Accuracy: Top1: 62.9351%, Top5: 96.5585%
[Epoch 037] Time: 86.1350s | [Train] Loss: 1.27590686 Accuracy: Top1: 65.0416%, Top5: 97.1028% | [Test] Loss: 1.32368580 Accuracy: Top1: 62.5890%, Top5: 96.5981%
[Epoch 038] Time: 86.4367s | [Train] Loss: 1.27047483 Accuracy: Top1: 65.2462%, Top5: 97.0193% | [Test] Loss: 1.31886652 Accuracy: Top1: 63.0044%, Top5: 96.6278%
[Epoch 039] Time: 86.2508s | [Train] Loss: 1.26762711 Accuracy: Top1: 65.4743%, Top5: 97.0476% | [Test] Loss: 1.32067962 Accuracy: Top1: 62.6978%, Top5: 96.4992%
[Epoch 040] Time: 85.9909s | [Train] Loss: 1.26655801 Accuracy: Top1: 65.5790%, Top5: 97.0704% | [Test] Loss: 1.31989815 Accuracy: Top1: 63.0340%, Top5: 96.6179%
[Epoch 041] Time: 86.1975s | [Train] Loss: 1.26540979 Accuracy: Top1: 65.7569%, Top5: 97.0037% | [Test] Loss: 1.31474190 Accuracy: Top1: 63.1230%, Top5: 96.7464%
[Epoch 042] Time: 86.2647s | [Train] Loss: 1.26445792 Accuracy: Top1: 65.5830%, Top5: 97.0876% | [Test] Loss: 1.31510470 Accuracy: Top1: 62.8956%, Top5: 96.4992%
[Epoch 043] Time: 86.1669s | [Train] Loss: 1.26175183 Accuracy: Top1: 65.8208%, Top5: 97.0756% | [Test] Loss: 1.31453672 Accuracy: Top1: 63.3010%, Top5: 96.6673%
[Epoch 044] Time: 86.0858s | [Train] Loss: 1.26227035 Accuracy: Top1: 65.7025%, Top5: 97.0952% | [Test] Loss: 1.31468033 Accuracy: Top1: 63.0835%, Top5: 96.6475%
[Epoch 045] Time: 86.0898s | [Train] Loss: 1.25979107 Accuracy: Top1: 65.8820%, Top5: 97.1304% | [Test] Loss: 1.31342161 Accuracy: Top1: 62.8066%, Top5: 96.7761%
[Epoch 046] Time: 86.2220s | [Train] Loss: 1.26065191 Accuracy: Top1: 65.9459%, Top5: 97.1176% | [Test] Loss: 1.31435386 Accuracy: Top1: 63.1230%, Top5: 96.7464%
[Epoch 047] Time: 86.1778s | [Train] Loss: 1.26180965 Accuracy: Top1: 65.9091%, Top5: 97.2051% | [Test] Loss: 1.31453403 Accuracy: Top1: 63.2219%, Top5: 96.6871%
[Epoch 048] Time: 86.1734s | [Train] Loss: 1.25872197 Accuracy: Top1: 65.8592%, Top5: 97.1244% | [Test] Loss: 1.31331075 Accuracy: Top1: 63.4197%, Top5: 96.7563%
[Epoch 049] Time: 86.3593s | [Train] Loss: 1.26013537 Accuracy: Top1: 65.8376%, Top5: 97.1815% | [Test] Loss: 1.31284061 Accuracy: Top1: 63.3604%, Top5: 96.6475%
[Epoch 050] Time: 86.1361s | [Train] Loss: 1.25994861 Accuracy: Top1: 65.8955%, Top5: 97.1751% | [Test] Loss: 1.31325240 Accuracy: Top1: 63.3801%, Top5: 96.7366%
