Files already downloaded and verified
Files already downloaded and verified
Model: VIT ConvNNAttention
Total Parameters: 5938570
Trainable Parameters: 5938570
   - Trainable Parameters: 5.93857000 M
Model Complexity (Profiler):
   - GFLOPs: 1.98745705
   - Trainable Parameters: 5.93857000 M
[Epoch 001] Time: 80.9939s | [Train] Loss: 2.02982228 Accuracy: Top1: 29.5928%, Top5: 78.4011% | [Test] Loss: 1.86706499 Accuracy: Top1: 38.3703%, Top5: 85.5222%
[Epoch 002] Time: 80.9928s | [Train] Loss: 1.85758203 Accuracy: Top1: 38.3564%, Top5: 85.5878% | [Test] Loss: 1.76327848 Accuracy: Top1: 42.5336%, Top5: 88.0241%
[Epoch 003] Time: 81.2241s | [Train] Loss: 1.77720410 Accuracy: Top1: 41.7311%, Top5: 88.0790% | [Test] Loss: 1.70122075 Accuracy: Top1: 44.9960%, Top5: 90.0218%
[Epoch 004] Time: 81.2516s | [Train] Loss: 1.72003002 Accuracy: Top1: 44.5101%, Top5: 89.5468% | [Test] Loss: 1.65363501 Accuracy: Top1: 46.7069%, Top5: 91.4557%
[Epoch 005] Time: 81.4448s | [Train] Loss: 1.67153727 Accuracy: Top1: 46.4958%, Top5: 90.7581% | [Test] Loss: 1.61447028 Accuracy: Top1: 48.7144%, Top5: 92.5040%
[Epoch 006] Time: 81.4671s | [Train] Loss: 1.63509434 Accuracy: Top1: 47.9604%, Top5: 91.7172% | [Test] Loss: 1.58032907 Accuracy: Top1: 50.2373%, Top5: 93.0281%
[Epoch 007] Time: 81.3760s | [Train] Loss: 1.60511785 Accuracy: Top1: 49.3258%, Top5: 92.4021% | [Test] Loss: 1.57128299 Accuracy: Top1: 50.3758%, Top5: 93.4632%
[Epoch 008] Time: 81.2049s | [Train] Loss: 1.58153740 Accuracy: Top1: 50.3900%, Top5: 92.7721% | [Test] Loss: 1.53990333 Accuracy: Top1: 52.6305%, Top5: 93.9478%
[Epoch 009] Time: 81.0911s | [Train] Loss: 1.55675199 Accuracy: Top1: 51.7032%, Top5: 93.2848% | [Test] Loss: 1.52672676 Accuracy: Top1: 52.2449%, Top5: 94.2544%
[Epoch 010] Time: 81.5090s | [Train] Loss: 1.53385286 Accuracy: Top1: 52.4492%, Top5: 93.8071% | [Test] Loss: 1.50485083 Accuracy: Top1: 53.7184%, Top5: 94.2445%
[Epoch 011] Time: 81.6686s | [Train] Loss: 1.51735727 Accuracy: Top1: 53.8387%, Top5: 93.9786% | [Test] Loss: 1.48610784 Accuracy: Top1: 54.8062%, Top5: 94.5807%
[Epoch 012] Time: 81.2295s | [Train] Loss: 1.50022863 Accuracy: Top1: 54.4785%, Top5: 94.2451% | [Test] Loss: 1.47528820 Accuracy: Top1: 55.4786%, Top5: 94.8279%
[Epoch 013] Time: 81.1983s | [Train] Loss: 1.48647453 Accuracy: Top1: 55.0915%, Top5: 94.6352% | [Test] Loss: 1.46803258 Accuracy: Top1: 55.3797%, Top5: 94.8279%
[Epoch 014] Time: 81.4686s | [Train] Loss: 1.47461287 Accuracy: Top1: 55.6478%, Top5: 94.6715% | [Test] Loss: 1.45335544 Accuracy: Top1: 56.3192%, Top5: 95.0356%
[Epoch 015] Time: 81.5895s | [Train] Loss: 1.45885387 Accuracy: Top1: 56.3143%, Top5: 94.9764% | [Test] Loss: 1.45680634 Accuracy: Top1: 56.5566%, Top5: 94.8675%
[Epoch 016] Time: 81.4852s | [Train] Loss: 1.44802777 Accuracy: Top1: 56.9701%, Top5: 95.0823% | [Test] Loss: 1.44399977 Accuracy: Top1: 57.1697%, Top5: 95.0059%
[Epoch 017] Time: 81.1585s | [Train] Loss: 1.43841465 Accuracy: Top1: 57.3066%, Top5: 95.2526% | [Test] Loss: 1.43356236 Accuracy: Top1: 57.2983%, Top5: 95.1741%
[Epoch 018] Time: 81.3750s | [Train] Loss: 1.42620342 Accuracy: Top1: 58.0890%, Top5: 95.2538% | [Test] Loss: 1.42476700 Accuracy: Top1: 58.5443%, Top5: 95.2037%
[Epoch 019] Time: 81.2144s | [Train] Loss: 1.41768370 Accuracy: Top1: 58.4695%, Top5: 95.4839% | [Test] Loss: 1.42732526 Accuracy: Top1: 57.8026%, Top5: 95.3026%
[Epoch 020] Time: 81.2584s | [Train] Loss: 1.40850736 Accuracy: Top1: 58.7592%, Top5: 95.5403% | [Test] Loss: 1.41308791 Accuracy: Top1: 58.6333%, Top5: 95.2334%
[Epoch 021] Time: 81.2923s | [Train] Loss: 1.39811012 Accuracy: Top1: 59.3390%, Top5: 95.6710% | [Test] Loss: 1.41480931 Accuracy: Top1: 58.2278%, Top5: 95.4411%
[Epoch 022] Time: 81.3342s | [Train] Loss: 1.39279532 Accuracy: Top1: 59.4989%, Top5: 95.7960% | [Test] Loss: 1.40341733 Accuracy: Top1: 59.5134%, Top5: 95.5103%
[Epoch 023] Time: 81.2832s | [Train] Loss: 1.38436141 Accuracy: Top1: 60.0891%, Top5: 95.9335% | [Test] Loss: 1.39892194 Accuracy: Top1: 59.3256%, Top5: 95.7476%
[Epoch 024] Time: 81.4516s | [Train] Loss: 1.37801645 Accuracy: Top1: 60.5563%, Top5: 96.0050% | [Test] Loss: 1.38919479 Accuracy: Top1: 59.7013%, Top5: 95.5795%
[Epoch 025] Time: 81.3469s | [Train] Loss: 1.37134346 Accuracy: Top1: 60.7501%, Top5: 96.0570% | [Test] Loss: 1.38686854 Accuracy: Top1: 60.1859%, Top5: 95.6092%
[Epoch 026] Time: 81.1805s | [Train] Loss: 1.36449873 Accuracy: Top1: 60.9019%, Top5: 96.0162% | [Test] Loss: 1.38721211 Accuracy: Top1: 59.6321%, Top5: 95.7674%
[Epoch 027] Time: 81.4862s | [Train] Loss: 1.35977725 Accuracy: Top1: 61.2152%, Top5: 96.0654% | [Test] Loss: 1.37891013 Accuracy: Top1: 60.1464%, Top5: 95.9059%
[Epoch 028] Time: 81.2945s | [Train] Loss: 1.35479025 Accuracy: Top1: 61.6180%, Top5: 96.2812% | [Test] Loss: 1.38020022 Accuracy: Top1: 60.4826%, Top5: 95.8762%
[Epoch 029] Time: 81.2779s | [Train] Loss: 1.34979047 Accuracy: Top1: 61.7559%, Top5: 96.3871% | [Test] Loss: 1.37377558 Accuracy: Top1: 60.8979%, Top5: 96.0542%
[Epoch 030] Time: 80.9780s | [Train] Loss: 1.34581885 Accuracy: Top1: 61.8546%, Top5: 96.2864% | [Test] Loss: 1.36895823 Accuracy: Top1: 61.3034%, Top5: 96.0443%
[Epoch 031] Time: 81.1445s | [Train] Loss: 1.34381181 Accuracy: Top1: 61.9517%, Top5: 96.3471% | [Test] Loss: 1.37035326 Accuracy: Top1: 60.7397%, Top5: 96.0245%
[Epoch 032] Time: 81.4671s | [Train] Loss: 1.33908902 Accuracy: Top1: 62.4013%, Top5: 96.4406% | [Test] Loss: 1.37010162 Accuracy: Top1: 61.0265%, Top5: 95.8465%
[Epoch 033] Time: 81.5690s | [Train] Loss: 1.33693256 Accuracy: Top1: 62.3841%, Top5: 96.3991% | [Test] Loss: 1.36799251 Accuracy: Top1: 61.3924%, Top5: 95.6685%
[Epoch 034] Time: 81.2409s | [Train] Loss: 1.33002713 Accuracy: Top1: 62.6922%, Top5: 96.3115% | [Test] Loss: 1.36124571 Accuracy: Top1: 61.2935%, Top5: 95.8762%
[Epoch 035] Time: 81.1989s | [Train] Loss: 1.32627281 Accuracy: Top1: 62.8581%, Top5: 96.5117% | [Test] Loss: 1.36530997 Accuracy: Top1: 61.1748%, Top5: 95.8960%
[Epoch 036] Time: 81.5440s | [Train] Loss: 1.32482280 Accuracy: Top1: 62.9803%, Top5: 96.4750% | [Test] Loss: 1.35708450 Accuracy: Top1: 61.4419%, Top5: 96.0344%
[Epoch 037] Time: 81.4578s | [Train] Loss: 1.32256930 Accuracy: Top1: 63.1010%, Top5: 96.5589% | [Test] Loss: 1.35738985 Accuracy: Top1: 61.2638%, Top5: 95.9850%
[Epoch 038] Time: 81.2778s | [Train] Loss: 1.31914687 Accuracy: Top1: 63.4855%, Top5: 96.5509% | [Test] Loss: 1.36189309 Accuracy: Top1: 61.6001%, Top5: 95.8564%
[Epoch 039] Time: 81.3385s | [Train] Loss: 1.31897857 Accuracy: Top1: 63.3408%, Top5: 96.4890% | [Test] Loss: 1.35984991 Accuracy: Top1: 61.5902%, Top5: 96.1432%
[Epoch 040] Time: 81.4010s | [Train] Loss: 1.32060696 Accuracy: Top1: 63.3028%, Top5: 96.6057% | [Test] Loss: 1.35766265 Accuracy: Top1: 62.0748%, Top5: 96.0344%
[Epoch 041] Time: 81.3339s | [Train] Loss: 1.31766662 Accuracy: Top1: 63.3947%, Top5: 96.5869% | [Test] Loss: 1.35721476 Accuracy: Top1: 61.5309%, Top5: 95.9157%
[Epoch 042] Time: 81.2903s | [Train] Loss: 1.31385727 Accuracy: Top1: 63.4399%, Top5: 96.7172% | [Test] Loss: 1.35261204 Accuracy: Top1: 62.2824%, Top5: 96.0641%
[Epoch 043] Time: 81.2611s | [Train] Loss: 1.31314032 Accuracy: Top1: 63.7792%, Top5: 96.6141% | [Test] Loss: 1.35333356 Accuracy: Top1: 62.1242%, Top5: 95.9553%
[Epoch 044] Time: 81.2467s | [Train] Loss: 1.31427509 Accuracy: Top1: 63.5062%, Top5: 96.7295% | [Test] Loss: 1.35485166 Accuracy: Top1: 61.6693%, Top5: 96.0146%
[Epoch 045] Time: 81.2417s | [Train] Loss: 1.31164705 Accuracy: Top1: 63.5945%, Top5: 96.7168% | [Test] Loss: 1.35207350 Accuracy: Top1: 62.0649%, Top5: 96.0839%
[Epoch 046] Time: 81.3034s | [Train] Loss: 1.31262339 Accuracy: Top1: 63.6749%, Top5: 96.6912% | [Test] Loss: 1.35494561 Accuracy: Top1: 61.9956%, Top5: 96.0146%
[Epoch 047] Time: 81.2466s | [Train] Loss: 1.31019318 Accuracy: Top1: 63.6661%, Top5: 96.6960% | [Test] Loss: 1.35457586 Accuracy: Top1: 61.7781%, Top5: 95.9652%
[Epoch 048] Time: 81.5109s | [Train] Loss: 1.31492770 Accuracy: Top1: 63.4535%, Top5: 96.6069% | [Test] Loss: 1.35561545 Accuracy: Top1: 61.9858%, Top5: 96.0344%
[Epoch 049] Time: 81.3879s | [Train] Loss: 1.31089117 Accuracy: Top1: 63.5214%, Top5: 96.7607% | [Test] Loss: 1.35239857 Accuracy: Top1: 62.2132%, Top5: 96.0938%
[Epoch 050] Time: 81.2913s | [Train] Loss: 1.31147697 Accuracy: Top1: 63.6201%, Top5: 96.6492% | [Test] Loss: 1.35260676 Accuracy: Top1: 62.2627%, Top5: 96.0740%
Files already downloaded and verified
Files already downloaded and verified
Model: VIT BranchConv
Total Parameters: 5046922
Trainable Parameters: 5046922
   - Trainable Parameters: 5.04692200 M
Model Complexity (Profiler):
   - GFLOPs: 1.89314054
   - Trainable Parameters: 5.04692200 M
[Epoch 001] Time: 70.6488s | [Train] Loss: 1.96420019 Accuracy: Top1: 29.1936%, Top5: 78.2816% | [Test] Loss: 1.77224616 Accuracy: Top1: 37.3220%, Top5: 85.2453%
[Epoch 002] Time: 70.1519s | [Train] Loss: 1.75014231 Accuracy: Top1: 37.9140%, Top5: 85.5307% | [Test] Loss: 1.66312976 Accuracy: Top1: 41.4755%, Top5: 87.4506%
[Epoch 003] Time: 70.1541s | [Train] Loss: 1.66200907 Accuracy: Top1: 40.9043%, Top5: 87.4548% | [Test] Loss: 1.58799423 Accuracy: Top1: 43.1665%, Top5: 89.2207%
[Epoch 004] Time: 70.3545s | [Train] Loss: 1.58974731 Accuracy: Top1: 43.4303%, Top5: 88.8911% | [Test] Loss: 1.51512320 Accuracy: Top1: 45.7278%, Top5: 90.1701%
[Epoch 005] Time: 70.2589s | [Train] Loss: 1.52365517 Accuracy: Top1: 45.6897%, Top5: 90.2574% | [Test] Loss: 1.45748844 Accuracy: Top1: 47.5771%, Top5: 91.2876%
[Epoch 006] Time: 70.2248s | [Train] Loss: 1.47341426 Accuracy: Top1: 47.2606%, Top5: 91.1988% | [Test] Loss: 1.40735548 Accuracy: Top1: 49.2781%, Top5: 92.5040%
[Epoch 007] Time: 70.0581s | [Train] Loss: 1.42762770 Accuracy: Top1: 48.7552%, Top5: 92.0840% | [Test] Loss: 1.37568002 Accuracy: Top1: 50.0890%, Top5: 93.0973%
[Epoch 008] Time: 70.1167s | [Train] Loss: 1.39007757 Accuracy: Top1: 49.9924%, Top5: 92.7586% | [Test] Loss: 1.34744630 Accuracy: Top1: 51.2856%, Top5: 93.5423%
[Epoch 009] Time: 70.0076s | [Train] Loss: 1.35210900 Accuracy: Top1: 51.1781%, Top5: 93.1562% | [Test] Loss: 1.31351604 Accuracy: Top1: 52.0471%, Top5: 94.2642%
[Epoch 010] Time: 69.8866s | [Train] Loss: 1.32120673 Accuracy: Top1: 52.1887%, Top5: 93.7400% | [Test] Loss: 1.29226614 Accuracy: Top1: 52.8481%, Top5: 94.3434%
[Epoch 011] Time: 70.1755s | [Train] Loss: 1.29638710 Accuracy: Top1: 53.2489%, Top5: 94.1556% | [Test] Loss: 1.26448891 Accuracy: Top1: 54.0645%, Top5: 94.6994%
[Epoch 012] Time: 70.1733s | [Train] Loss: 1.26879160 Accuracy: Top1: 54.2124%, Top5: 94.4130% | [Test] Loss: 1.24285727 Accuracy: Top1: 54.7369%, Top5: 95.0059%
[Epoch 013] Time: 70.3327s | [Train] Loss: 1.24925508 Accuracy: Top1: 54.8985%, Top5: 94.6915% | [Test] Loss: 1.23342736 Accuracy: Top1: 55.5676%, Top5: 95.0059%
[Epoch 014] Time: 70.0699s | [Train] Loss: 1.22676843 Accuracy: Top1: 55.8720%, Top5: 94.9305% | [Test] Loss: 1.20772913 Accuracy: Top1: 55.9929%, Top5: 95.4509%
[Epoch 015] Time: 70.0013s | [Train] Loss: 1.20607891 Accuracy: Top1: 56.6093%, Top5: 95.0931% | [Test] Loss: 1.22770681 Accuracy: Top1: 56.0819%, Top5: 94.8774%
[Epoch 016] Time: 70.2583s | [Train] Loss: 1.18937406 Accuracy: Top1: 57.1280%, Top5: 95.3385% | [Test] Loss: 1.18651409 Accuracy: Top1: 57.6642%, Top5: 95.4411%
[Epoch 017] Time: 70.1805s | [Train] Loss: 1.17441963 Accuracy: Top1: 57.6942%, Top5: 95.4064% | [Test] Loss: 1.17128334 Accuracy: Top1: 57.5356%, Top5: 95.7674%
[Epoch 018] Time: 70.1015s | [Train] Loss: 1.15441408 Accuracy: Top1: 58.3396%, Top5: 95.6494% | [Test] Loss: 1.15893341 Accuracy: Top1: 58.1883%, Top5: 95.7872%
[Epoch 019] Time: 70.3750s | [Train] Loss: 1.14367725 Accuracy: Top1: 58.8759%, Top5: 95.7956% | [Test] Loss: 1.17079787 Accuracy: Top1: 57.7729%, Top5: 95.5301%
[Epoch 020] Time: 70.3812s | [Train] Loss: 1.12810496 Accuracy: Top1: 59.4845%, Top5: 95.9251% | [Test] Loss: 1.15318869 Accuracy: Top1: 58.7322%, Top5: 95.7674%
[Epoch 021] Time: 70.1174s | [Train] Loss: 1.11703101 Accuracy: Top1: 60.0068%, Top5: 95.9555% | [Test] Loss: 1.13197892 Accuracy: Top1: 59.1574%, Top5: 95.7278%
[Epoch 022] Time: 70.1729s | [Train] Loss: 1.10542341 Accuracy: Top1: 60.3589%, Top5: 96.0898% | [Test] Loss: 1.12863657 Accuracy: Top1: 59.6519%, Top5: 95.8861%
[Epoch 023] Time: 70.2085s | [Train] Loss: 1.09459945 Accuracy: Top1: 60.9403%, Top5: 96.0802% | [Test] Loss: 1.12440705 Accuracy: Top1: 59.6025%, Top5: 95.9553%
[Epoch 024] Time: 70.3769s | [Train] Loss: 1.08408423 Accuracy: Top1: 61.2268%, Top5: 96.2432% | [Test] Loss: 1.11456554 Accuracy: Top1: 59.8299%, Top5: 95.9751%
[Epoch 025] Time: 70.0727s | [Train] Loss: 1.07513538 Accuracy: Top1: 61.4486%, Top5: 96.3791% | [Test] Loss: 1.10455759 Accuracy: Top1: 60.4727%, Top5: 96.1135%
[Epoch 026] Time: 69.9553s | [Train] Loss: 1.06942531 Accuracy: Top1: 61.8458%, Top5: 96.4270% | [Test] Loss: 1.10033473 Accuracy: Top1: 60.3738%, Top5: 96.1531%
[Epoch 027] Time: 70.2382s | [Train] Loss: 1.05791766 Accuracy: Top1: 62.2818%, Top5: 96.4758% | [Test] Loss: 1.09801645 Accuracy: Top1: 60.1958%, Top5: 96.1531%
[Epoch 028] Time: 70.2355s | [Train] Loss: 1.05055514 Accuracy: Top1: 62.2291%, Top5: 96.5249% | [Test] Loss: 1.09805952 Accuracy: Top1: 60.3540%, Top5: 96.2520%
[Epoch 029] Time: 70.0023s | [Train] Loss: 1.04209169 Accuracy: Top1: 62.7462%, Top5: 96.5737% | [Test] Loss: 1.08855566 Accuracy: Top1: 60.7298%, Top5: 96.2520%
[Epoch 030] Time: 69.9511s | [Train] Loss: 1.03773341 Accuracy: Top1: 62.9012%, Top5: 96.5433% | [Test] Loss: 1.08329207 Accuracy: Top1: 60.8782%, Top5: 96.1630%
[Epoch 031] Time: 70.2840s | [Train] Loss: 1.03326070 Accuracy: Top1: 62.9664%, Top5: 96.5929% | [Test] Loss: 1.08166654 Accuracy: Top1: 61.1650%, Top5: 96.2520%
[Epoch 032] Time: 70.2910s | [Train] Loss: 1.02529503 Accuracy: Top1: 63.6537%, Top5: 96.6396% | [Test] Loss: 1.07694520 Accuracy: Top1: 61.4023%, Top5: 96.2520%
[Epoch 033] Time: 70.0629s | [Train] Loss: 1.02092192 Accuracy: Top1: 63.7636%, Top5: 96.7767% | [Test] Loss: 1.07701824 Accuracy: Top1: 61.3825%, Top5: 96.3410%
[Epoch 034] Time: 70.0281s | [Train] Loss: 1.01656521 Accuracy: Top1: 63.6001%, Top5: 96.7172% | [Test] Loss: 1.07433697 Accuracy: Top1: 61.5111%, Top5: 96.3805%
[Epoch 035] Time: 70.2715s | [Train] Loss: 1.01249336 Accuracy: Top1: 63.8559%, Top5: 96.8482% | [Test] Loss: 1.07398563 Accuracy: Top1: 61.4517%, Top5: 96.3014%
[Epoch 036] Time: 70.1703s | [Train] Loss: 1.00861085 Accuracy: Top1: 64.0173%, Top5: 96.9166% | [Test] Loss: 1.06776670 Accuracy: Top1: 61.8671%, Top5: 96.4794%
[Epoch 037] Time: 70.0474s | [Train] Loss: 1.00742420 Accuracy: Top1: 64.1948%, Top5: 96.8498% | [Test] Loss: 1.06837295 Accuracy: Top1: 61.8078%, Top5: 96.4300%
[Epoch 038] Time: 70.0560s | [Train] Loss: 1.00352137 Accuracy: Top1: 64.2771%, Top5: 96.8187% | [Test] Loss: 1.06722455 Accuracy: Top1: 61.8968%, Top5: 96.4102%
[Epoch 039] Time: 70.1543s | [Train] Loss: 1.00245735 Accuracy: Top1: 64.2987%, Top5: 96.9285% | [Test] Loss: 1.06830987 Accuracy: Top1: 61.7089%, Top5: 96.4102%
[Epoch 040] Time: 70.2667s | [Train] Loss: 0.99705784 Accuracy: Top1: 64.3814%, Top5: 96.9297% | [Test] Loss: 1.06382713 Accuracy: Top1: 61.8968%, Top5: 96.4794%
[Epoch 041] Time: 70.2634s | [Train] Loss: 0.99648810 Accuracy: Top1: 64.2603%, Top5: 96.9393% | [Test] Loss: 1.06366388 Accuracy: Top1: 61.8770%, Top5: 96.5289%
[Epoch 042] Time: 70.1470s | [Train] Loss: 0.99360025 Accuracy: Top1: 64.5117%, Top5: 96.9549% | [Test] Loss: 1.05917763 Accuracy: Top1: 62.0748%, Top5: 96.5190%
[Epoch 043] Time: 70.1656s | [Train] Loss: 0.99224229 Accuracy: Top1: 64.5956%, Top5: 96.9517% | [Test] Loss: 1.06039787 Accuracy: Top1: 61.8572%, Top5: 96.4695%
[Epoch 044] Time: 69.9050s | [Train] Loss: 0.99064024 Accuracy: Top1: 64.6719%, Top5: 97.0285% | [Test] Loss: 1.05997036 Accuracy: Top1: 61.9858%, Top5: 96.6080%
[Epoch 045] Time: 70.1401s | [Train] Loss: 0.98890465 Accuracy: Top1: 64.9540%, Top5: 97.0376% | [Test] Loss: 1.06057287 Accuracy: Top1: 62.1341%, Top5: 96.5190%
[Epoch 046] Time: 70.1915s | [Train] Loss: 0.99091077 Accuracy: Top1: 64.7866%, Top5: 96.8838% | [Test] Loss: 1.05924448 Accuracy: Top1: 62.1143%, Top5: 96.4794%
[Epoch 047] Time: 70.1430s | [Train] Loss: 0.98688177 Accuracy: Top1: 65.1223%, Top5: 96.9565% | [Test] Loss: 1.05913969 Accuracy: Top1: 62.0649%, Top5: 96.5388%
[Epoch 048] Time: 70.0996s | [Train] Loss: 0.98824912 Accuracy: Top1: 64.7335%, Top5: 96.9445% | [Test] Loss: 1.05934492 Accuracy: Top1: 61.8869%, Top5: 96.4992%
[Epoch 049] Time: 70.0201s | [Train] Loss: 0.98917454 Accuracy: Top1: 64.6184%, Top5: 96.9805% | [Test] Loss: 1.05787332 Accuracy: Top1: 62.1440%, Top5: 96.5091%
[Epoch 050] Time: 70.0690s | [Train] Loss: 0.99045688 Accuracy: Top1: 64.7834%, Top5: 96.9250% | [Test] Loss: 1.05751978 Accuracy: Top1: 62.1638%, Top5: 96.4893%
Files already downloaded and verified
Files already downloaded and verified
Model: VIT BranchAttention
Total Parameters: 5159434
Trainable Parameters: 5159434
   - Trainable Parameters: 5.15943400 M
Model Complexity (Profiler):
   - GFLOPs: 2.15911891
   - Trainable Parameters: 5.15943400 M
[Epoch 001] Time: 80.1527s | [Train] Loss: 1.99993321 Accuracy: Top1: 27.4580%, Top5: 77.3182% | [Test] Loss: 1.82245757 Accuracy: Top1: 35.0178%, Top5: 83.8706%
[Epoch 002] Time: 80.0952s | [Train] Loss: 1.78562456 Accuracy: Top1: 35.9351%, Top5: 84.8857% | [Test] Loss: 1.66412508 Accuracy: Top1: 41.0008%, Top5: 87.6582%
[Epoch 003] Time: 79.9669s | [Train] Loss: 1.63915757 Accuracy: Top1: 40.9883%, Top5: 88.5142% | [Test] Loss: 1.51458789 Accuracy: Top1: 45.0257%, Top5: 91.0601%
[Epoch 004] Time: 80.1054s | [Train] Loss: 1.53572909 Accuracy: Top1: 44.4369%, Top5: 90.5643% | [Test] Loss: 1.45894481 Accuracy: Top1: 47.1519%, Top5: 91.7326%
[Epoch 005] Time: 80.0920s | [Train] Loss: 1.47906154 Accuracy: Top1: 46.3000%, Top5: 91.5517% | [Test] Loss: 1.41844311 Accuracy: Top1: 48.8825%, Top5: 92.4545%
[Epoch 006] Time: 80.0725s | [Train] Loss: 1.43285332 Accuracy: Top1: 47.9044%, Top5: 92.1595% | [Test] Loss: 1.37886570 Accuracy: Top1: 50.2769%, Top5: 93.1171%
[Epoch 007] Time: 79.8743s | [Train] Loss: 1.39584869 Accuracy: Top1: 49.1184%, Top5: 92.8233% | [Test] Loss: 1.33717780 Accuracy: Top1: 51.7009%, Top5: 93.7797%
[Epoch 008] Time: 80.1246s | [Train] Loss: 1.36155602 Accuracy: Top1: 50.4871%, Top5: 93.3092% | [Test] Loss: 1.31773130 Accuracy: Top1: 51.9086%, Top5: 93.8983%
[Epoch 009] Time: 80.1201s | [Train] Loss: 1.33175026 Accuracy: Top1: 51.4202%, Top5: 93.7304% | [Test] Loss: 1.27804057 Accuracy: Top1: 53.2931%, Top5: 94.4521%
[Epoch 010] Time: 79.8094s | [Train] Loss: 1.30454535 Accuracy: Top1: 52.5547%, Top5: 94.0421% | [Test] Loss: 1.25415834 Accuracy: Top1: 53.8766%, Top5: 94.8675%
[Epoch 011] Time: 79.7725s | [Train] Loss: 1.28054618 Accuracy: Top1: 53.3156%, Top5: 94.3071% | [Test] Loss: 1.23831973 Accuracy: Top1: 54.6381%, Top5: 94.8873%
[Epoch 012] Time: 79.6396s | [Train] Loss: 1.25492853 Accuracy: Top1: 54.2239%, Top5: 94.8074% | [Test] Loss: 1.21193574 Accuracy: Top1: 55.8347%, Top5: 95.2136%
[Epoch 013] Time: 79.9386s | [Train] Loss: 1.23679359 Accuracy: Top1: 55.0320%, Top5: 94.9261% | [Test] Loss: 1.20737448 Accuracy: Top1: 55.9335%, Top5: 95.2235%
[Epoch 014] Time: 79.4718s | [Train] Loss: 1.21372762 Accuracy: Top1: 55.8056%, Top5: 95.2006% | [Test] Loss: 1.18559493 Accuracy: Top1: 56.8236%, Top5: 95.2532%
[Epoch 015] Time: 79.7594s | [Train] Loss: 1.19185390 Accuracy: Top1: 56.7184%, Top5: 95.3597% | [Test] Loss: 1.20990659 Accuracy: Top1: 56.4972%, Top5: 95.0653%
[Epoch 016] Time: 79.8016s | [Train] Loss: 1.17575193 Accuracy: Top1: 57.1220%, Top5: 95.4931% | [Test] Loss: 1.13886363 Accuracy: Top1: 58.9695%, Top5: 96.0146%
[Epoch 017] Time: 79.9320s | [Train] Loss: 1.15925450 Accuracy: Top1: 57.7394%, Top5: 95.7741% | [Test] Loss: 1.13053493 Accuracy: Top1: 58.9893%, Top5: 95.9059%
[Epoch 018] Time: 79.7518s | [Train] Loss: 1.14416225 Accuracy: Top1: 58.1050%, Top5: 95.7793% | [Test] Loss: 1.12588234 Accuracy: Top1: 59.0190%, Top5: 95.9751%
[Epoch 019] Time: 79.7408s | [Train] Loss: 1.12657778 Accuracy: Top1: 59.1588%, Top5: 95.9918% | [Test] Loss: 1.11428713 Accuracy: Top1: 59.3750%, Top5: 95.9059%
[Epoch 020] Time: 79.8140s | [Train] Loss: 1.11370012 Accuracy: Top1: 59.6244%, Top5: 96.2328% | [Test] Loss: 1.11028503 Accuracy: Top1: 59.6717%, Top5: 96.1234%
[Epoch 021] Time: 79.7521s | [Train] Loss: 1.09705183 Accuracy: Top1: 60.1778%, Top5: 96.2652% | [Test] Loss: 1.09829539 Accuracy: Top1: 60.6507%, Top5: 96.2322%
[Epoch 022] Time: 79.8163s | [Train] Loss: 1.08731904 Accuracy: Top1: 60.6514%, Top5: 96.4514% | [Test] Loss: 1.06971520 Accuracy: Top1: 61.1847%, Top5: 96.6475%
[Epoch 023] Time: 79.8235s | [Train] Loss: 1.07397072 Accuracy: Top1: 61.0578%, Top5: 96.4530% | [Test] Loss: 1.05666916 Accuracy: Top1: 61.8671%, Top5: 96.4695%
[Epoch 024] Time: 79.5141s | [Train] Loss: 1.06281100 Accuracy: Top1: 61.8362%, Top5: 96.6664% | [Test] Loss: 1.05048882 Accuracy: Top1: 62.4604%, Top5: 96.7069%
[Epoch 025] Time: 79.8404s | [Train] Loss: 1.05575378 Accuracy: Top1: 61.7016%, Top5: 96.6888% | [Test] Loss: 1.03269625 Accuracy: Top1: 62.4308%, Top5: 96.8849%
[Epoch 026] Time: 79.8716s | [Train] Loss: 1.04230427 Accuracy: Top1: 62.1639%, Top5: 96.8738% | [Test] Loss: 1.03830653 Accuracy: Top1: 62.6582%, Top5: 96.8849%
[Epoch 027] Time: 79.2669s | [Train] Loss: 1.03316328 Accuracy: Top1: 62.5172%, Top5: 96.9421% | [Test] Loss: 1.03058385 Accuracy: Top1: 63.0340%, Top5: 96.9343%
[Epoch 028] Time: 79.5515s | [Train] Loss: 1.02261516 Accuracy: Top1: 62.9660%, Top5: 96.9965% | [Test] Loss: 1.02381920 Accuracy: Top1: 62.9648%, Top5: 96.7761%
[Epoch 029] Time: 79.5470s | [Train] Loss: 1.01827642 Accuracy: Top1: 63.4491%, Top5: 96.9573% | [Test] Loss: 1.02081154 Accuracy: Top1: 63.3109%, Top5: 97.0530%
[Epoch 030] Time: 79.7062s | [Train] Loss: 1.01121857 Accuracy: Top1: 63.5030%, Top5: 97.0185% | [Test] Loss: 1.02634809 Accuracy: Top1: 62.9055%, Top5: 96.9541%
[Epoch 031] Time: 79.5886s | [Train] Loss: 1.00412857 Accuracy: Top1: 63.7764%, Top5: 97.0844% | [Test] Loss: 1.00532915 Accuracy: Top1: 64.0032%, Top5: 96.9146%
[Epoch 032] Time: 79.7442s | [Train] Loss: 0.99692146 Accuracy: Top1: 64.1049%, Top5: 97.1431% | [Test] Loss: 1.00271073 Accuracy: Top1: 63.7658%, Top5: 96.9937%
[Epoch 033] Time: 79.4095s | [Train] Loss: 0.99319297 Accuracy: Top1: 64.0637%, Top5: 97.1695% | [Test] Loss: 1.00491663 Accuracy: Top1: 63.8647%, Top5: 96.9739%
[Epoch 034] Time: 79.4055s | [Train] Loss: 0.98789820 Accuracy: Top1: 64.4098%, Top5: 97.1032% | [Test] Loss: 0.99481864 Accuracy: Top1: 64.3196%, Top5: 97.1025%
[Epoch 035] Time: 79.5900s | [Train] Loss: 0.98568638 Accuracy: Top1: 64.5792%, Top5: 97.1995% | [Test] Loss: 1.00274281 Accuracy: Top1: 63.9142%, Top5: 97.0431%
[Epoch 036] Time: 79.8600s | [Train] Loss: 0.98242549 Accuracy: Top1: 64.4521%, Top5: 97.1831% | [Test] Loss: 0.98670709 Accuracy: Top1: 64.2900%, Top5: 97.0036%
[Epoch 037] Time: 79.8283s | [Train] Loss: 0.97544747 Accuracy: Top1: 64.8282%, Top5: 97.2031% | [Test] Loss: 0.98988881 Accuracy: Top1: 64.5075%, Top5: 97.0036%
[Epoch 038] Time: 79.7300s | [Train] Loss: 0.97379421 Accuracy: Top1: 64.9760%, Top5: 97.2131% | [Test] Loss: 0.98921460 Accuracy: Top1: 64.4185%, Top5: 97.0629%
[Epoch 039] Time: 79.6170s | [Train] Loss: 0.97202151 Accuracy: Top1: 64.9353%, Top5: 97.2914% | [Test] Loss: 0.98410017 Accuracy: Top1: 64.3196%, Top5: 97.1025%
[Epoch 040] Time: 79.5977s | [Train] Loss: 0.96611377 Accuracy: Top1: 65.2054%, Top5: 97.2434% | [Test] Loss: 0.97925820 Accuracy: Top1: 64.7745%, Top5: 97.1222%
[Epoch 041] Time: 79.4927s | [Train] Loss: 0.96527808 Accuracy: Top1: 65.2817%, Top5: 97.2650% | [Test] Loss: 0.97899980 Accuracy: Top1: 64.8635%, Top5: 97.1025%
[Epoch 042] Time: 79.3671s | [Train] Loss: 0.96216478 Accuracy: Top1: 65.3381%, Top5: 97.3274% | [Test] Loss: 0.97724854 Accuracy: Top1: 64.8438%, Top5: 97.1123%
[Epoch 043] Time: 79.6814s | [Train] Loss: 0.95982569 Accuracy: Top1: 65.5742%, Top5: 97.3473% | [Test] Loss: 0.97775052 Accuracy: Top1: 65.0316%, Top5: 97.1519%
[Epoch 044] Time: 79.6817s | [Train] Loss: 0.96378187 Accuracy: Top1: 65.2506%, Top5: 97.3150% | [Test] Loss: 0.97708240 Accuracy: Top1: 64.9031%, Top5: 97.1618%
[Epoch 045] Time: 79.6976s | [Train] Loss: 0.95758349 Accuracy: Top1: 65.4939%, Top5: 97.3334% | [Test] Loss: 0.97724587 Accuracy: Top1: 64.8833%, Top5: 97.1321%
[Epoch 046] Time: 79.7468s | [Train] Loss: 0.95800396 Accuracy: Top1: 65.6162%, Top5: 97.3745% | [Test] Loss: 0.97542674 Accuracy: Top1: 64.7943%, Top5: 97.1717%
[Epoch 047] Time: 79.7012s | [Train] Loss: 0.95890083 Accuracy: Top1: 65.5479%, Top5: 97.3853% | [Test] Loss: 0.97509209 Accuracy: Top1: 64.8932%, Top5: 97.2013%
[Epoch 048] Time: 79.6498s | [Train] Loss: 0.95675056 Accuracy: Top1: 65.6654%, Top5: 97.3941% | [Test] Loss: 0.97318845 Accuracy: Top1: 64.9229%, Top5: 97.1420%
[Epoch 049] Time: 79.6934s | [Train] Loss: 0.95860281 Accuracy: Top1: 65.4588%, Top5: 97.3981% | [Test] Loss: 0.97545122 Accuracy: Top1: 64.7547%, Top5: 97.1915%
[Epoch 050] Time: 79.3583s | [Train] Loss: 0.95730267 Accuracy: Top1: 65.5794%, Top5: 97.3601% | [Test] Loss: 0.97348859 Accuracy: Top1: 64.9921%, Top5: 97.1321%
