Files already downloaded and verified
Files already downloaded and verified
Model: VIT BranchConv
Total Parameters: 5046922
Trainable Parameters: 5046922
   - Trainable Parameters: 5.04692200 M
Model Complexity (Profiler):
   - GFLOPs: 1.98028704
   - Trainable Parameters: 5.04692200 M
[Epoch 001] Time: 70.7534s | [Train] Loss: 1.97319495 Accuracy: Top1: 29.1160%, Top5: 77.6131% | [Test] Loss: 1.76737655 Accuracy: Top1: 37.7967%, Top5: 85.2947%
[Epoch 002] Time: 70.7122s | [Train] Loss: 1.74892687 Accuracy: Top1: 37.6479%, Top5: 85.5691% | [Test] Loss: 1.66504772 Accuracy: Top1: 40.9909%, Top5: 87.4011%
[Epoch 003] Time: 71.0409s | [Train] Loss: 1.66348542 Accuracy: Top1: 41.1617%, Top5: 87.4708% | [Test] Loss: 1.59483867 Accuracy: Top1: 43.2951%, Top5: 89.1515%
[Epoch 004] Time: 71.1333s | [Train] Loss: 1.59208104 Accuracy: Top1: 43.2141%, Top5: 89.0301% | [Test] Loss: 1.51740704 Accuracy: Top1: 45.4114%, Top5: 90.5657%
[Epoch 005] Time: 71.0583s | [Train] Loss: 1.51821585 Accuracy: Top1: 45.6270%, Top5: 90.6142% | [Test] Loss: 1.45040886 Accuracy: Top1: 47.6859%, Top5: 91.9403%
[Epoch 006] Time: 71.1636s | [Train] Loss: 1.45699873 Accuracy: Top1: 47.8353%, Top5: 91.5985% | [Test] Loss: 1.40497975 Accuracy: Top1: 49.5253%, Top5: 92.6523%
[Epoch 007] Time: 71.2586s | [Train] Loss: 1.41244208 Accuracy: Top1: 49.0601%, Top5: 92.5104% | [Test] Loss: 1.37508424 Accuracy: Top1: 49.9901%, Top5: 93.2160%
[Epoch 008] Time: 71.4407s | [Train] Loss: 1.37194605 Accuracy: Top1: 50.4628%, Top5: 93.0750% | [Test] Loss: 1.34167745 Accuracy: Top1: 51.4438%, Top5: 93.6511%
[Epoch 009] Time: 71.6239s | [Train] Loss: 1.33798772 Accuracy: Top1: 51.5973%, Top5: 93.5594% | [Test] Loss: 1.31844542 Accuracy: Top1: 52.6701%, Top5: 93.9972%
[Epoch 010] Time: 71.2949s | [Train] Loss: 1.30825098 Accuracy: Top1: 52.6227%, Top5: 94.0533% | [Test] Loss: 1.28833521 Accuracy: Top1: 53.6392%, Top5: 94.3730%
[Epoch 011] Time: 71.4127s | [Train] Loss: 1.28608713 Accuracy: Top1: 53.4151%, Top5: 94.2675% | [Test] Loss: 1.26795481 Accuracy: Top1: 54.4304%, Top5: 94.5411%
[Epoch 012] Time: 71.4693s | [Train] Loss: 1.25996597 Accuracy: Top1: 54.2607%, Top5: 94.7003% | [Test] Loss: 1.24864563 Accuracy: Top1: 54.8161%, Top5: 94.8279%
[Epoch 013] Time: 71.4273s | [Train] Loss: 1.24190744 Accuracy: Top1: 55.0675%, Top5: 94.7003% | [Test] Loss: 1.23352265 Accuracy: Top1: 55.5182%, Top5: 94.9268%
[Epoch 014] Time: 71.2164s | [Train] Loss: 1.22149947 Accuracy: Top1: 55.8140%, Top5: 95.0987% | [Test] Loss: 1.21482592 Accuracy: Top1: 55.7852%, Top5: 95.1839%
[Epoch 015] Time: 71.5646s | [Train] Loss: 1.20107907 Accuracy: Top1: 56.6160%, Top5: 95.2458% | [Test] Loss: 1.21468686 Accuracy: Top1: 56.3983%, Top5: 95.0059%
[Epoch 016] Time: 71.4062s | [Train] Loss: 1.18458221 Accuracy: Top1: 57.2822%, Top5: 95.3485% | [Test] Loss: 1.19876855 Accuracy: Top1: 56.9818%, Top5: 95.2828%
[Epoch 017] Time: 71.5953s | [Train] Loss: 1.16875959 Accuracy: Top1: 57.8397%, Top5: 95.6018% | [Test] Loss: 1.17936727 Accuracy: Top1: 57.8817%, Top5: 95.2532%
[Epoch 018] Time: 71.3111s | [Train] Loss: 1.14888562 Accuracy: Top1: 58.3020%, Top5: 95.7876% | [Test] Loss: 1.16400165 Accuracy: Top1: 58.2278%, Top5: 95.7180%
[Epoch 019] Time: 71.3453s | [Train] Loss: 1.13424099 Accuracy: Top1: 58.9346%, Top5: 95.9695% | [Test] Loss: 1.16536465 Accuracy: Top1: 58.1191%, Top5: 95.6092%
[Epoch 020] Time: 71.4802s | [Train] Loss: 1.12023069 Accuracy: Top1: 59.4909%, Top5: 96.0594% | [Test] Loss: 1.15096213 Accuracy: Top1: 58.7915%, Top5: 95.8366%
[Epoch 021] Time: 71.4166s | [Train] Loss: 1.11009102 Accuracy: Top1: 59.8286%, Top5: 96.0818% | [Test] Loss: 1.14155635 Accuracy: Top1: 59.2563%, Top5: 95.7476%
[Epoch 022] Time: 71.5495s | [Train] Loss: 1.09517498 Accuracy: Top1: 60.5107%, Top5: 96.1933% | [Test] Loss: 1.13014053 Accuracy: Top1: 59.1475%, Top5: 95.8762%
[Epoch 023] Time: 71.5339s | [Train] Loss: 1.08609135 Accuracy: Top1: 60.8895%, Top5: 96.2564% | [Test] Loss: 1.12224167 Accuracy: Top1: 59.5233%, Top5: 95.9652%
[Epoch 024] Time: 71.3878s | [Train] Loss: 1.07525091 Accuracy: Top1: 61.2168%, Top5: 96.4466% | [Test] Loss: 1.11665645 Accuracy: Top1: 59.6519%, Top5: 96.0938%
[Epoch 025] Time: 71.4571s | [Train] Loss: 1.06611961 Accuracy: Top1: 61.6704%, Top5: 96.4542% | [Test] Loss: 1.10647220 Accuracy: Top1: 60.0178%, Top5: 96.0443%
[Epoch 026] Time: 71.3816s | [Train] Loss: 1.05275045 Accuracy: Top1: 62.4293%, Top5: 96.5401% | [Test] Loss: 1.10690737 Accuracy: Top1: 60.1661%, Top5: 96.2124%
[Epoch 027] Time: 71.5530s | [Train] Loss: 1.04512374 Accuracy: Top1: 62.4301%, Top5: 96.6420% | [Test] Loss: 1.10105598 Accuracy: Top1: 60.2848%, Top5: 96.2223%
[Epoch 028] Time: 71.7234s | [Train] Loss: 1.03859083 Accuracy: Top1: 62.9695%, Top5: 96.6816% | [Test] Loss: 1.09078844 Accuracy: Top1: 60.8188%, Top5: 96.1630%
[Epoch 029] Time: 71.4151s | [Train] Loss: 1.02930806 Accuracy: Top1: 62.9324%, Top5: 96.8147% | [Test] Loss: 1.08831265 Accuracy: Top1: 60.7496%, Top5: 96.3608%
[Epoch 030] Time: 71.3147s | [Train] Loss: 1.02497055 Accuracy: Top1: 63.1889%, Top5: 96.8246% | [Test] Loss: 1.08285701 Accuracy: Top1: 61.4517%, Top5: 96.3904%
[Epoch 031] Time: 71.4897s | [Train] Loss: 1.02082548 Accuracy: Top1: 63.3352%, Top5: 96.8638% | [Test] Loss: 1.08113860 Accuracy: Top1: 61.7979%, Top5: 96.3706%
[Epoch 032] Time: 71.4118s | [Train] Loss: 1.01280067 Accuracy: Top1: 63.8359%, Top5: 96.8622% | [Test] Loss: 1.07929642 Accuracy: Top1: 61.2540%, Top5: 96.4300%
[Epoch 033] Time: 71.6194s | [Train] Loss: 1.00699375 Accuracy: Top1: 63.9062%, Top5: 96.9385% | [Test] Loss: 1.07617597 Accuracy: Top1: 61.3430%, Top5: 96.3706%
[Epoch 034] Time: 71.3354s | [Train] Loss: 1.00397268 Accuracy: Top1: 64.0098%, Top5: 96.9126% | [Test] Loss: 1.07126869 Accuracy: Top1: 61.6792%, Top5: 96.5190%
[Epoch 035] Time: 71.3858s | [Train] Loss: 1.00209411 Accuracy: Top1: 64.0993%, Top5: 96.9525% | [Test] Loss: 1.07175587 Accuracy: Top1: 62.0055%, Top5: 96.5684%
[Epoch 036] Time: 71.4370s | [Train] Loss: 0.99610454 Accuracy: Top1: 64.4537%, Top5: 96.9945% | [Test] Loss: 1.06627270 Accuracy: Top1: 61.8078%, Top5: 96.5487%
[Epoch 037] Time: 71.4342s | [Train] Loss: 0.99267864 Accuracy: Top1: 64.4018%, Top5: 97.0241% | [Test] Loss: 1.06302524 Accuracy: Top1: 62.2627%, Top5: 96.5981%
[Epoch 038] Time: 70.9942s | [Train] Loss: 0.99139435 Accuracy: Top1: 64.3282%, Top5: 97.0273% | [Test] Loss: 1.06306172 Accuracy: Top1: 62.3022%, Top5: 96.5981%
[Epoch 039] Time: 71.5911s | [Train] Loss: 0.98679922 Accuracy: Top1: 64.7071%, Top5: 97.0305% | [Test] Loss: 1.06393385 Accuracy: Top1: 61.8572%, Top5: 96.5289%
[Epoch 040] Time: 71.5231s | [Train] Loss: 0.98255203 Accuracy: Top1: 64.7746%, Top5: 97.1551% | [Test] Loss: 1.05815225 Accuracy: Top1: 62.2528%, Top5: 96.4201%
[Epoch 041] Time: 71.2696s | [Train] Loss: 0.98232049 Accuracy: Top1: 64.7922%, Top5: 97.1711% | [Test] Loss: 1.05701201 Accuracy: Top1: 62.2824%, Top5: 96.6278%
[Epoch 042] Time: 71.2622s | [Train] Loss: 0.98030507 Accuracy: Top1: 64.9065%, Top5: 97.1447% | [Test] Loss: 1.05775267 Accuracy: Top1: 62.2231%, Top5: 96.5487%
[Epoch 043] Time: 71.4605s | [Train] Loss: 0.97815114 Accuracy: Top1: 65.0092%, Top5: 97.1915% | [Test] Loss: 1.05778632 Accuracy: Top1: 62.2923%, Top5: 96.4695%
[Epoch 044] Time: 71.4277s | [Train] Loss: 0.97577324 Accuracy: Top1: 64.7470%, Top5: 97.1471% | [Test] Loss: 1.05704328 Accuracy: Top1: 62.5692%, Top5: 96.5882%
[Epoch 045] Time: 71.7630s | [Train] Loss: 0.97555066 Accuracy: Top1: 65.1758%, Top5: 97.1883% | [Test] Loss: 1.05651820 Accuracy: Top1: 62.4604%, Top5: 96.6871%
[Epoch 046] Time: 71.4215s | [Train] Loss: 0.97600940 Accuracy: Top1: 65.1555%, Top5: 97.0908% | [Test] Loss: 1.05693990 Accuracy: Top1: 62.1934%, Top5: 96.6772%
[Epoch 047] Time: 71.4439s | [Train] Loss: 0.97328910 Accuracy: Top1: 65.2370%, Top5: 97.1975% | [Test] Loss: 1.05509111 Accuracy: Top1: 62.3121%, Top5: 96.6574%
[Epoch 048] Time: 71.5640s | [Train] Loss: 0.97244006 Accuracy: Top1: 65.2570%, Top5: 97.1899% | [Test] Loss: 1.05676884 Accuracy: Top1: 62.5494%, Top5: 96.5190%
[Epoch 049] Time: 71.4265s | [Train] Loss: 0.97293725 Accuracy: Top1: 64.9405%, Top5: 97.1991% | [Test] Loss: 1.05758422 Accuracy: Top1: 62.3022%, Top5: 96.6179%
[Epoch 050] Time: 71.5988s | [Train] Loss: 0.97526169 Accuracy: Top1: 65.0719%, Top5: 97.1519% | [Test] Loss: 1.05637175 Accuracy: Top1: 62.2528%, Top5: 96.5684%
Files already downloaded and verified
Files already downloaded and verified
Model: VIT BranchAttention
Total Parameters: 5159434
Trainable Parameters: 5159434
   - Trainable Parameters: 5.15943400 M
Model Complexity (Profiler):
   - GFLOPs: 2.24626541
   - Trainable Parameters: 5.15943400 M
[Epoch 001] Time: 80.8596s | [Train] Loss: 2.02634887 Accuracy: Top1: 25.4983%, Top5: 76.4822% | [Test] Loss: 1.86209365 Accuracy: Top1: 33.8608%, Top5: 83.3267%
[Epoch 002] Time: 81.2285s | [Train] Loss: 1.82553349 Accuracy: Top1: 34.3878%, Top5: 83.9078% | [Test] Loss: 1.70462539 Accuracy: Top1: 39.7943%, Top5: 87.0550%
[Epoch 003] Time: 81.1680s | [Train] Loss: 1.68124776 Accuracy: Top1: 39.4038%, Top5: 87.3617% | [Test] Loss: 1.55605185 Accuracy: Top1: 44.2049%, Top5: 90.2591%
[Epoch 004] Time: 81.2956s | [Train] Loss: 1.56617269 Accuracy: Top1: 43.3096%, Top5: 89.9748% | [Test] Loss: 1.47811148 Accuracy: Top1: 46.2816%, Top5: 91.6337%
[Epoch 005] Time: 81.3631s | [Train] Loss: 1.50603465 Accuracy: Top1: 45.3001%, Top5: 91.1541% | [Test] Loss: 1.45441658 Accuracy: Top1: 47.4881%, Top5: 92.0392%
[Epoch 006] Time: 80.6342s | [Train] Loss: 1.46629298 Accuracy: Top1: 46.7635%, Top5: 91.6748% | [Test] Loss: 1.42027510 Accuracy: Top1: 48.8034%, Top5: 92.6127%
[Epoch 007] Time: 80.7255s | [Train] Loss: 1.43078192 Accuracy: Top1: 48.2277%, Top5: 92.2027% | [Test] Loss: 1.37761169 Accuracy: Top1: 50.3362%, Top5: 93.3643%
[Epoch 008] Time: 81.3077s | [Train] Loss: 1.39981792 Accuracy: Top1: 49.0429%, Top5: 92.7617% | [Test] Loss: 1.36358287 Accuracy: Top1: 50.4945%, Top5: 93.5720%
[Epoch 009] Time: 81.2406s | [Train] Loss: 1.36786295 Accuracy: Top1: 50.0088%, Top5: 93.3464% | [Test] Loss: 1.33261152 Accuracy: Top1: 51.1175%, Top5: 94.2247%
[Epoch 010] Time: 81.1975s | [Train] Loss: 1.34000669 Accuracy: Top1: 51.3435%, Top5: 93.6489% | [Test] Loss: 1.30632728 Accuracy: Top1: 52.5218%, Top5: 94.4917%
[Epoch 011] Time: 81.0018s | [Train] Loss: 1.31414485 Accuracy: Top1: 52.1503%, Top5: 94.0981% | [Test] Loss: 1.27509803 Accuracy: Top1: 53.5206%, Top5: 94.7785%
[Epoch 012] Time: 81.2369s | [Train] Loss: 1.28808592 Accuracy: Top1: 53.1006%, Top5: 94.3230% | [Test] Loss: 1.24501096 Accuracy: Top1: 54.5787%, Top5: 95.2532%
[Epoch 013] Time: 81.0590s | [Train] Loss: 1.26695672 Accuracy: Top1: 53.7660%, Top5: 94.6771% | [Test] Loss: 1.23092512 Accuracy: Top1: 55.0633%, Top5: 95.3422%
[Epoch 014] Time: 81.0808s | [Train] Loss: 1.24452384 Accuracy: Top1: 54.6152%, Top5: 94.9317% | [Test] Loss: 1.21016193 Accuracy: Top1: 56.0423%, Top5: 95.4509%
[Epoch 015] Time: 81.1978s | [Train] Loss: 1.22094025 Accuracy: Top1: 55.5539%, Top5: 95.1379% | [Test] Loss: 1.23528023 Accuracy: Top1: 55.1127%, Top5: 95.1048%
[Epoch 016] Time: 81.0765s | [Train] Loss: 1.20297232 Accuracy: Top1: 56.2408%, Top5: 95.4320% | [Test] Loss: 1.18392057 Accuracy: Top1: 56.5665%, Top5: 95.8564%
[Epoch 017] Time: 80.9563s | [Train] Loss: 1.18817286 Accuracy: Top1: 56.7479%, Top5: 95.5171% | [Test] Loss: 1.16643742 Accuracy: Top1: 57.4070%, Top5: 96.0443%
[Epoch 018] Time: 81.2782s | [Train] Loss: 1.17157078 Accuracy: Top1: 57.2798%, Top5: 95.8092% | [Test] Loss: 1.15007697 Accuracy: Top1: 57.9015%, Top5: 96.1531%
[Epoch 019] Time: 81.4834s | [Train] Loss: 1.15875928 Accuracy: Top1: 57.8932%, Top5: 95.8328% | [Test] Loss: 1.15904986 Accuracy: Top1: 57.9608%, Top5: 96.0443%
[Epoch 020] Time: 81.1757s | [Train] Loss: 1.14018306 Accuracy: Top1: 58.5490%, Top5: 96.0298% | [Test] Loss: 1.13382384 Accuracy: Top1: 58.6729%, Top5: 96.2619%
[Epoch 021] Time: 81.2151s | [Train] Loss: 1.12902750 Accuracy: Top1: 58.9930%, Top5: 96.1153% | [Test] Loss: 1.12071438 Accuracy: Top1: 59.2662%, Top5: 96.2718%
[Epoch 022] Time: 81.3194s | [Train] Loss: 1.11535063 Accuracy: Top1: 59.4945%, Top5: 96.2576% | [Test] Loss: 1.09942027 Accuracy: Top1: 59.7706%, Top5: 96.5981%
[Epoch 023] Time: 80.8874s | [Train] Loss: 1.10164516 Accuracy: Top1: 60.2757%, Top5: 96.1701% | [Test] Loss: 1.09246219 Accuracy: Top1: 60.2453%, Top5: 96.4695%
[Epoch 024] Time: 80.7937s | [Train] Loss: 1.09237451 Accuracy: Top1: 60.4987%, Top5: 96.2992% | [Test] Loss: 1.08409308 Accuracy: Top1: 60.7397%, Top5: 96.6475%
[Epoch 025] Time: 81.3988s | [Train] Loss: 1.08532746 Accuracy: Top1: 60.7185%, Top5: 96.3619% | [Test] Loss: 1.07529600 Accuracy: Top1: 60.8881%, Top5: 96.6179%
[Epoch 026] Time: 81.0723s | [Train] Loss: 1.07251637 Accuracy: Top1: 61.2688%, Top5: 96.6500% | [Test] Loss: 1.06589822 Accuracy: Top1: 61.3627%, Top5: 96.7267%
[Epoch 027] Time: 81.0529s | [Train] Loss: 1.06401865 Accuracy: Top1: 61.5665%, Top5: 96.6796% | [Test] Loss: 1.05435560 Accuracy: Top1: 61.8275%, Top5: 96.8058%
[Epoch 028] Time: 80.9815s | [Train] Loss: 1.05386730 Accuracy: Top1: 61.7959%, Top5: 96.7180% | [Test] Loss: 1.05282790 Accuracy: Top1: 61.7484%, Top5: 96.8948%
[Epoch 029] Time: 81.2281s | [Train] Loss: 1.04778567 Accuracy: Top1: 62.2311%, Top5: 96.8163% | [Test] Loss: 1.04702512 Accuracy: Top1: 62.4901%, Top5: 96.9541%
[Epoch 030] Time: 81.2055s | [Train] Loss: 1.04441518 Accuracy: Top1: 62.2818%, Top5: 96.7535% | [Test] Loss: 1.03982767 Accuracy: Top1: 62.5396%, Top5: 96.8354%
[Epoch 031] Time: 81.2824s | [Train] Loss: 1.03583917 Accuracy: Top1: 62.5244%, Top5: 96.8406% | [Test] Loss: 1.03761573 Accuracy: Top1: 62.6780%, Top5: 96.8849%
[Epoch 032] Time: 80.8651s | [Train] Loss: 1.02805321 Accuracy: Top1: 62.8437%, Top5: 96.8574% | [Test] Loss: 1.02989797 Accuracy: Top1: 62.9450%, Top5: 96.9838%
[Epoch 033] Time: 81.0440s | [Train] Loss: 1.02404807 Accuracy: Top1: 63.1290%, Top5: 97.0057% | [Test] Loss: 1.02221482 Accuracy: Top1: 63.2516%, Top5: 97.0431%
[Epoch 034] Time: 80.9339s | [Train] Loss: 1.02000631 Accuracy: Top1: 63.4091%, Top5: 96.9837% | [Test] Loss: 1.02210338 Accuracy: Top1: 62.9549%, Top5: 97.1025%
[Epoch 035] Time: 81.2686s | [Train] Loss: 1.01359495 Accuracy: Top1: 63.5038%, Top5: 97.0700% | [Test] Loss: 1.02388148 Accuracy: Top1: 63.2615%, Top5: 97.0233%
[Epoch 036] Time: 81.5092s | [Train] Loss: 1.01120734 Accuracy: Top1: 63.6385%, Top5: 97.0376% | [Test] Loss: 1.01749906 Accuracy: Top1: 63.7164%, Top5: 96.9937%
[Epoch 037] Time: 81.5323s | [Train] Loss: 1.00691881 Accuracy: Top1: 63.7976%, Top5: 97.0336% | [Test] Loss: 1.01203491 Accuracy: Top1: 63.7164%, Top5: 97.0530%
[Epoch 038] Time: 81.2074s | [Train] Loss: 1.00546736 Accuracy: Top1: 63.6565%, Top5: 97.0185% | [Test] Loss: 1.01044002 Accuracy: Top1: 63.7658%, Top5: 97.1025%
[Epoch 039] Time: 81.0276s | [Train] Loss: 0.99951747 Accuracy: Top1: 64.1200%, Top5: 97.1336% | [Test] Loss: 1.01182116 Accuracy: Top1: 63.5878%, Top5: 97.1222%
[Epoch 040] Time: 81.0461s | [Train] Loss: 0.99687530 Accuracy: Top1: 64.2160%, Top5: 97.0716% | [Test] Loss: 1.01111391 Accuracy: Top1: 63.9241%, Top5: 97.0134%
[Epoch 041] Time: 81.4175s | [Train] Loss: 0.99372501 Accuracy: Top1: 64.1049%, Top5: 97.1523% | [Test] Loss: 1.00672061 Accuracy: Top1: 63.9636%, Top5: 97.1519%
[Epoch 042] Time: 81.2671s | [Train] Loss: 0.99167418 Accuracy: Top1: 64.1125%, Top5: 97.1763% | [Test] Loss: 1.00733823 Accuracy: Top1: 63.8449%, Top5: 97.1816%
[Epoch 043] Time: 81.3183s | [Train] Loss: 0.98881326 Accuracy: Top1: 64.4246%, Top5: 97.2634% | [Test] Loss: 1.00502657 Accuracy: Top1: 63.9142%, Top5: 97.0629%
[Epoch 044] Time: 81.3734s | [Train] Loss: 0.98770978 Accuracy: Top1: 64.4705%, Top5: 97.2295% | [Test] Loss: 1.00295204 Accuracy: Top1: 63.9834%, Top5: 97.1420%
[Epoch 045] Time: 81.3096s | [Train] Loss: 0.98706203 Accuracy: Top1: 64.3766%, Top5: 97.2730% | [Test] Loss: 1.00207943 Accuracy: Top1: 64.2405%, Top5: 97.2310%
[Epoch 046] Time: 80.9358s | [Train] Loss: 0.98806188 Accuracy: Top1: 64.5269%, Top5: 97.2331% | [Test] Loss: 1.00276142 Accuracy: Top1: 64.2207%, Top5: 97.1519%
[Epoch 047] Time: 81.0763s | [Train] Loss: 0.98613325 Accuracy: Top1: 64.4741%, Top5: 97.2391% | [Test] Loss: 1.00141052 Accuracy: Top1: 64.3987%, Top5: 97.1123%
[Epoch 048] Time: 81.0379s | [Train] Loss: 0.98545811 Accuracy: Top1: 64.4297%, Top5: 97.1731% | [Test] Loss: 1.00109224 Accuracy: Top1: 64.1021%, Top5: 97.1519%
[Epoch 049] Time: 81.2164s | [Train] Loss: 0.98531126 Accuracy: Top1: 64.5173%, Top5: 97.2454% | [Test] Loss: 1.00063582 Accuracy: Top1: 64.3394%, Top5: 97.1915%
[Epoch 050] Time: 81.0914s | [Train] Loss: 0.98446387 Accuracy: Top1: 64.5848%, Top5: 97.2650% | [Test] Loss: 1.00076478 Accuracy: Top1: 64.1713%, Top5: 97.1618%
