Files already downloaded and verified
Files already downloaded and verified
Model: VIT ConvNNAttention
Total Parameters: 5931658
Trainable Parameters: 5931658
   - Trainable Parameters: 5.93165800 M
Model Complexity (Profiler):
   - GFLOPs: 2.33318496
   - Trainable Parameters: 5.93165800 M
[Epoch 001] Time: 84.0382s | [Train] Loss: 2.30890188 Accuracy: Top1: 11.9453%, Top5: 53.3875% | [Test] Loss: 2.23737215 Accuracy: Top1: 18.8291%, Top5: 66.9304%
[Epoch 002] Time: 84.9654s | [Train] Loss: 2.11906860 Accuracy: Top1: 19.9776%, Top5: 71.4426% | [Test] Loss: 2.01070760 Accuracy: Top1: 25.8109%, Top5: 77.8085%
[Epoch 003] Time: 84.8144s | [Train] Loss: 2.00577624 Accuracy: Top1: 25.0200%, Top5: 77.5999% | [Test] Loss: 1.93688357 Accuracy: Top1: 29.5194%, Top5: 81.2203%
[Epoch 004] Time: 84.8709s | [Train] Loss: 1.93300100 Accuracy: Top1: 28.8823%, Top5: 80.2170% | [Test] Loss: 1.86368784 Accuracy: Top1: 32.2983%, Top5: 83.1487%
[Epoch 005] Time: 84.9374s | [Train] Loss: 1.86776418 Accuracy: Top1: 31.7367%, Top5: 82.5308% | [Test] Loss: 1.79432298 Accuracy: Top1: 35.4826%, Top5: 84.5134%
[Epoch 006] Time: 84.7954s | [Train] Loss: 1.80661343 Accuracy: Top1: 34.4098%, Top5: 84.6383% | [Test] Loss: 1.72894877 Accuracy: Top1: 38.0637%, Top5: 86.2144%
[Epoch 007] Time: 84.5573s | [Train] Loss: 1.74815676 Accuracy: Top1: 36.6372%, Top5: 86.1977% | [Test] Loss: 1.67487875 Accuracy: Top1: 39.7350%, Top5: 87.9153%
[Epoch 008] Time: 84.9864s | [Train] Loss: 1.69334817 Accuracy: Top1: 38.4099%, Top5: 87.4764% | [Test] Loss: 1.65065820 Accuracy: Top1: 40.2492%, Top5: 88.5878%
[Epoch 009] Time: 84.8141s | [Train] Loss: 1.65120855 Accuracy: Top1: 39.5916%, Top5: 88.3112% | [Test] Loss: 1.60053062 Accuracy: Top1: 41.8710%, Top5: 89.2108%
[Epoch 010] Time: 84.5457s | [Train] Loss: 1.61242111 Accuracy: Top1: 41.2372%, Top5: 89.2471% | [Test] Loss: 1.56090038 Accuracy: Top1: 43.7006%, Top5: 90.0218%
[Epoch 011] Time: 84.6205s | [Train] Loss: 1.58032683 Accuracy: Top1: 42.1328%, Top5: 89.9037% | [Test] Loss: 1.53558294 Accuracy: Top1: 43.9972%, Top5: 90.6646%
[Epoch 012] Time: 84.5069s | [Train] Loss: 1.54922182 Accuracy: Top1: 43.3240%, Top5: 90.5487% | [Test] Loss: 1.50097913 Accuracy: Top1: 45.7971%, Top5: 91.2085%
[Epoch 013] Time: 84.9298s | [Train] Loss: 1.52009434 Accuracy: Top1: 44.7486%, Top5: 91.0062% | [Test] Loss: 1.48024982 Accuracy: Top1: 46.1630%, Top5: 91.7623%
[Epoch 014] Time: 84.8378s | [Train] Loss: 1.49785552 Accuracy: Top1: 45.3553%, Top5: 91.2872% | [Test] Loss: 1.45439964 Accuracy: Top1: 46.9442%, Top5: 91.9007%
[Epoch 015] Time: 85.0131s | [Train] Loss: 1.47455364 Accuracy: Top1: 46.3043%, Top5: 91.6552% | [Test] Loss: 1.44777114 Accuracy: Top1: 47.2310%, Top5: 92.0589%
[Epoch 016] Time: 85.0587s | [Train] Loss: 1.45439914 Accuracy: Top1: 47.0764%, Top5: 91.9517% | [Test] Loss: 1.42496916 Accuracy: Top1: 48.3979%, Top5: 92.3952%
[Epoch 017] Time: 84.9344s | [Train] Loss: 1.43802728 Accuracy: Top1: 47.5068%, Top5: 92.3222% | [Test] Loss: 1.41001012 Accuracy: Top1: 48.8924%, Top5: 92.6721%
[Epoch 018] Time: 84.7139s | [Train] Loss: 1.41797999 Accuracy: Top1: 48.1833%, Top5: 92.4852% | [Test] Loss: 1.38973751 Accuracy: Top1: 49.5748%, Top5: 92.8797%
[Epoch 019] Time: 85.0281s | [Train] Loss: 1.40605949 Accuracy: Top1: 48.7848%, Top5: 92.7218% | [Test] Loss: 1.37095583 Accuracy: Top1: 50.2769%, Top5: 93.4039%
[Epoch 020] Time: 84.8197s | [Train] Loss: 1.39174626 Accuracy: Top1: 49.2783%, Top5: 92.9915% | [Test] Loss: 1.36647789 Accuracy: Top1: 50.3758%, Top5: 93.2852%
[Epoch 021] Time: 84.8952s | [Train] Loss: 1.37967573 Accuracy: Top1: 49.8342%, Top5: 92.9999% | [Test] Loss: 1.35210354 Accuracy: Top1: 50.3263%, Top5: 93.5819%
[Epoch 022] Time: 84.7391s | [Train] Loss: 1.36729471 Accuracy: Top1: 50.1614%, Top5: 93.2377% | [Test] Loss: 1.33920021 Accuracy: Top1: 51.2757%, Top5: 93.5028%
[Epoch 023] Time: 84.7304s | [Train] Loss: 1.35917840 Accuracy: Top1: 50.4795%, Top5: 93.2753% | [Test] Loss: 1.32880209 Accuracy: Top1: 51.6416%, Top5: 93.6907%
[Epoch 024] Time: 84.6841s | [Train] Loss: 1.34897998 Accuracy: Top1: 50.8991%, Top5: 93.4511% | [Test] Loss: 1.31780838 Accuracy: Top1: 51.8394%, Top5: 93.8489%
[Epoch 025] Time: 84.8056s | [Train] Loss: 1.33644220 Accuracy: Top1: 51.2220%, Top5: 93.6869% | [Test] Loss: 1.30678668 Accuracy: Top1: 51.9680%, Top5: 94.0467%
[Epoch 026] Time: 85.0492s | [Train] Loss: 1.32945490 Accuracy: Top1: 51.6524%, Top5: 93.6996% | [Test] Loss: 1.30172975 Accuracy: Top1: 52.1064%, Top5: 94.1851%
[Epoch 027] Time: 84.6686s | [Train] Loss: 1.32157424 Accuracy: Top1: 51.7747%, Top5: 93.8643% | [Test] Loss: 1.29841239 Accuracy: Top1: 52.6998%, Top5: 94.1653%
[Epoch 028] Time: 84.7134s | [Train] Loss: 1.31459104 Accuracy: Top1: 52.2267%, Top5: 93.8399% | [Test] Loss: 1.29061438 Accuracy: Top1: 52.8679%, Top5: 94.2346%
[Epoch 029] Time: 84.8546s | [Train] Loss: 1.30660705 Accuracy: Top1: 52.2682%, Top5: 93.9039% | [Test] Loss: 1.28565156 Accuracy: Top1: 52.7888%, Top5: 94.1950%
[Epoch 030] Time: 85.0545s | [Train] Loss: 1.30100510 Accuracy: Top1: 52.5340%, Top5: 94.0070% | [Test] Loss: 1.27522937 Accuracy: Top1: 53.2931%, Top5: 94.3434%
[Epoch 031] Time: 84.7417s | [Train] Loss: 1.29617245 Accuracy: Top1: 52.7677%, Top5: 94.0749% | [Test] Loss: 1.27467305 Accuracy: Top1: 53.1151%, Top5: 94.4719%
[Epoch 032] Time: 84.9343s | [Train] Loss: 1.29207405 Accuracy: Top1: 52.9252%, Top5: 94.2164% | [Test] Loss: 1.27053469 Accuracy: Top1: 53.4909%, Top5: 94.4225%
[Epoch 033] Time: 84.9973s | [Train] Loss: 1.28729326 Accuracy: Top1: 53.1186%, Top5: 94.2072% | [Test] Loss: 1.26962684 Accuracy: Top1: 53.6392%, Top5: 94.6104%
[Epoch 034] Time: 84.9536s | [Train] Loss: 1.28305006 Accuracy: Top1: 53.3100%, Top5: 94.2255% | [Test] Loss: 1.26119862 Accuracy: Top1: 53.8172%, Top5: 94.6005%
[Epoch 035] Time: 84.8576s | [Train] Loss: 1.27745860 Accuracy: Top1: 53.5466%, Top5: 94.2743% | [Test] Loss: 1.26256791 Accuracy: Top1: 53.5898%, Top5: 94.5906%
[Epoch 036] Time: 84.8801s | [Train] Loss: 1.27338979 Accuracy: Top1: 53.7316%, Top5: 94.4401% | [Test] Loss: 1.25859119 Accuracy: Top1: 53.9953%, Top5: 94.5411%
[Epoch 037] Time: 85.0656s | [Train] Loss: 1.27296717 Accuracy: Top1: 53.6633%, Top5: 94.4134% | [Test] Loss: 1.25572442 Accuracy: Top1: 53.9458%, Top5: 94.6104%
[Epoch 038] Time: 84.6253s | [Train] Loss: 1.26919011 Accuracy: Top1: 53.9322%, Top5: 94.5384% | [Test] Loss: 1.25321266 Accuracy: Top1: 53.9359%, Top5: 94.6400%
[Epoch 039] Time: 84.8055s | [Train] Loss: 1.26867649 Accuracy: Top1: 53.7136%, Top5: 94.5045% | [Test] Loss: 1.25101008 Accuracy: Top1: 54.0348%, Top5: 94.7093%
[Epoch 040] Time: 84.6662s | [Train] Loss: 1.26708848 Accuracy: Top1: 53.8247%, Top5: 94.5205% | [Test] Loss: 1.24925862 Accuracy: Top1: 54.2326%, Top5: 94.8477%
[Epoch 041] Time: 84.7774s | [Train] Loss: 1.26633765 Accuracy: Top1: 53.7328%, Top5: 94.3886% | [Test] Loss: 1.24933381 Accuracy: Top1: 54.2029%, Top5: 94.6598%
[Epoch 042] Time: 84.9427s | [Train] Loss: 1.26071284 Accuracy: Top1: 54.2092%, Top5: 94.4829% | [Test] Loss: 1.24700331 Accuracy: Top1: 54.3908%, Top5: 94.7686%
[Epoch 043] Time: 84.7924s | [Train] Loss: 1.25860616 Accuracy: Top1: 54.1212%, Top5: 94.6276% | [Test] Loss: 1.24734066 Accuracy: Top1: 54.4304%, Top5: 94.6796%
[Epoch 044] Time: 84.7595s | [Train] Loss: 1.25897697 Accuracy: Top1: 54.0985%, Top5: 94.5716% | [Test] Loss: 1.24636626 Accuracy: Top1: 54.3117%, Top5: 94.8180%
[Epoch 045] Time: 84.9903s | [Train] Loss: 1.26048790 Accuracy: Top1: 54.1284%, Top5: 94.5221% | [Test] Loss: 1.24520651 Accuracy: Top1: 54.3513%, Top5: 94.8378%
[Epoch 046] Time: 84.9863s | [Train] Loss: 1.25947205 Accuracy: Top1: 54.2207%, Top5: 94.5285% | [Test] Loss: 1.24565905 Accuracy: Top1: 54.3710%, Top5: 94.7983%
[Epoch 047] Time: 84.9168s | [Train] Loss: 1.25824789 Accuracy: Top1: 54.2323%, Top5: 94.5117% | [Test] Loss: 1.24520766 Accuracy: Top1: 54.3908%, Top5: 94.8180%
[Epoch 048] Time: 84.7518s | [Train] Loss: 1.25887886 Accuracy: Top1: 54.2016%, Top5: 94.4901% | [Test] Loss: 1.24514326 Accuracy: Top1: 54.3612%, Top5: 94.7983%
[Epoch 049] Time: 84.5094s | [Train] Loss: 1.25878924 Accuracy: Top1: 54.1908%, Top5: 94.4721% | [Test] Loss: 1.24496310 Accuracy: Top1: 54.3414%, Top5: 94.8279%
[Epoch 050] Time: 84.5649s | [Train] Loss: 1.25855259 Accuracy: Top1: 54.2088%, Top5: 94.5936% | [Test] Loss: 1.24497762 Accuracy: Top1: 54.3809%, Top5: 94.8180%
Files already downloaded and verified
Files already downloaded and verified
Model: VIT ConvNNAttention
Total Parameters: 5938570
Trainable Parameters: 5938570
   - Trainable Parameters: 5.93857000 M
Model Complexity (Profiler):
   - GFLOPs: 2.33604304
   - Trainable Parameters: 5.93857000 M
[Epoch 001] Time: 88.7325s | [Train] Loss: 2.30743100 Accuracy: Top1: 11.8342%, Top5: 53.8863% | [Test] Loss: 2.23297423 Accuracy: Top1: 17.3853%, Top5: 65.9217%
[Epoch 002] Time: 88.9340s | [Train] Loss: 2.10625645 Accuracy: Top1: 19.9764%, Top5: 72.2430% | [Test] Loss: 2.00458187 Accuracy: Top1: 25.2472%, Top5: 77.9866%
[Epoch 003] Time: 88.5505s | [Train] Loss: 2.00025739 Accuracy: Top1: 25.0627%, Top5: 77.8489% | [Test] Loss: 1.93619402 Accuracy: Top1: 29.2227%, Top5: 81.0522%
[Epoch 004] Time: 88.7833s | [Train] Loss: 1.93637173 Accuracy: Top1: 28.5410%, Top5: 80.4759% | [Test] Loss: 1.86851213 Accuracy: Top1: 31.4577%, Top5: 82.8323%
[Epoch 005] Time: 88.8936s | [Train] Loss: 1.87374014 Accuracy: Top1: 31.6200%, Top5: 82.4017% | [Test] Loss: 1.79757111 Accuracy: Top1: 35.0969%, Top5: 84.6222%
[Epoch 006] Time: 88.7642s | [Train] Loss: 1.80844991 Accuracy: Top1: 34.0090%, Top5: 84.5620% | [Test] Loss: 1.72416722 Accuracy: Top1: 37.5198%, Top5: 86.8572%
[Epoch 007] Time: 88.5659s | [Train] Loss: 1.74375517 Accuracy: Top1: 36.2912%, Top5: 86.4574% | [Test] Loss: 1.67239297 Accuracy: Top1: 39.2306%, Top5: 88.1131%
[Epoch 008] Time: 88.7085s | [Train] Loss: 1.69195422 Accuracy: Top1: 38.2229%, Top5: 87.4516% | [Test] Loss: 1.63239929 Accuracy: Top1: 41.3667%, Top5: 88.6570%
[Epoch 009] Time: 88.4237s | [Train] Loss: 1.64639848 Accuracy: Top1: 39.7063%, Top5: 88.5890% | [Test] Loss: 1.58304769 Accuracy: Top1: 42.2765%, Top5: 89.5075%
[Epoch 010] Time: 88.4253s | [Train] Loss: 1.61188165 Accuracy: Top1: 40.9579%, Top5: 89.2503% | [Test] Loss: 1.55079814 Accuracy: Top1: 43.6808%, Top5: 90.4470%
[Epoch 011] Time: 88.5080s | [Train] Loss: 1.58090730 Accuracy: Top1: 42.2083%, Top5: 89.7578% | [Test] Loss: 1.52693879 Accuracy: Top1: 44.3236%, Top5: 90.8030%
[Epoch 012] Time: 88.6431s | [Train] Loss: 1.54668969 Accuracy: Top1: 43.3468%, Top5: 90.6046% | [Test] Loss: 1.50379429 Accuracy: Top1: 45.5004%, Top5: 91.2282%
[Epoch 013] Time: 88.4472s | [Train] Loss: 1.52346263 Accuracy: Top1: 44.2188%, Top5: 90.9451% | [Test] Loss: 1.48455408 Accuracy: Top1: 45.9751%, Top5: 91.6436%
[Epoch 014] Time: 88.2737s | [Train] Loss: 1.49845746 Accuracy: Top1: 44.9700%, Top5: 91.4118% | [Test] Loss: 1.45367632 Accuracy: Top1: 47.5672%, Top5: 92.1282%
[Epoch 015] Time: 88.6072s | [Train] Loss: 1.47262722 Accuracy: Top1: 46.1845%, Top5: 91.7915% | [Test] Loss: 1.43239760 Accuracy: Top1: 47.3695%, Top5: 92.6424%
[Epoch 016] Time: 88.6591s | [Train] Loss: 1.45431630 Accuracy: Top1: 46.8330%, Top5: 92.1431% | [Test] Loss: 1.41365239 Accuracy: Top1: 48.5858%, Top5: 93.0380%
[Epoch 017] Time: 88.4608s | [Train] Loss: 1.43452646 Accuracy: Top1: 47.5575%, Top5: 92.4824% | [Test] Loss: 1.40001123 Accuracy: Top1: 49.1100%, Top5: 93.1863%
[Epoch 018] Time: 88.5438s | [Train] Loss: 1.41542750 Accuracy: Top1: 48.4151%, Top5: 92.7853% | [Test] Loss: 1.37694760 Accuracy: Top1: 49.7923%, Top5: 93.5819%
[Epoch 019] Time: 88.4693s | [Train] Loss: 1.39846436 Accuracy: Top1: 48.7140%, Top5: 93.0730% | [Test] Loss: 1.36348494 Accuracy: Top1: 50.2275%, Top5: 93.7698%
[Epoch 020] Time: 88.6109s | [Train] Loss: 1.38723438 Accuracy: Top1: 49.3862%, Top5: 93.0607% | [Test] Loss: 1.35184963 Accuracy: Top1: 50.6527%, Top5: 94.1258%
[Epoch 021] Time: 88.5590s | [Train] Loss: 1.37130571 Accuracy: Top1: 49.9700%, Top5: 93.4303% | [Test] Loss: 1.34213080 Accuracy: Top1: 51.1076%, Top5: 94.0269%
[Epoch 022] Time: 88.7579s | [Train] Loss: 1.35780284 Accuracy: Top1: 50.5547%, Top5: 93.4651% | [Test] Loss: 1.33228120 Accuracy: Top1: 51.7801%, Top5: 94.1456%
[Epoch 023] Time: 88.6256s | [Train] Loss: 1.34717484 Accuracy: Top1: 50.8592%, Top5: 93.6737% | [Test] Loss: 1.31703269 Accuracy: Top1: 52.4130%, Top5: 94.3631%
[Epoch 024] Time: 88.5114s | [Train] Loss: 1.33660856 Accuracy: Top1: 51.0973%, Top5: 93.7320% | [Test] Loss: 1.30848292 Accuracy: Top1: 52.4130%, Top5: 94.5906%
[Epoch 025] Time: 88.4279s | [Train] Loss: 1.32726064 Accuracy: Top1: 51.7080%, Top5: 93.9754% | [Test] Loss: 1.30163863 Accuracy: Top1: 52.8481%, Top5: 94.5708%
[Epoch 026] Time: 88.4477s | [Train] Loss: 1.32051596 Accuracy: Top1: 52.0652%, Top5: 94.1117% | [Test] Loss: 1.29410652 Accuracy: Top1: 53.0558%, Top5: 94.5016%
[Epoch 027] Time: 88.7126s | [Train] Loss: 1.31351117 Accuracy: Top1: 52.2075%, Top5: 94.1093% | [Test] Loss: 1.28864353 Accuracy: Top1: 53.0360%, Top5: 94.6400%
[Epoch 028] Time: 88.0692s | [Train] Loss: 1.30570565 Accuracy: Top1: 52.4856%, Top5: 94.2211% | [Test] Loss: 1.28070477 Accuracy: Top1: 53.4415%, Top5: 94.7093%
[Epoch 029] Time: 88.6917s | [Train] Loss: 1.29854395 Accuracy: Top1: 52.6255%, Top5: 94.3314% | [Test] Loss: 1.27873692 Accuracy: Top1: 53.6689%, Top5: 94.6301%
[Epoch 030] Time: 88.5401s | [Train] Loss: 1.29336971 Accuracy: Top1: 53.1058%, Top5: 94.3195% | [Test] Loss: 1.26871200 Accuracy: Top1: 54.1337%, Top5: 94.8081%
[Epoch 031] Time: 88.5508s | [Train] Loss: 1.28631796 Accuracy: Top1: 53.2169%, Top5: 94.4305% | [Test] Loss: 1.26676842 Accuracy: Top1: 54.0150%, Top5: 94.8477%
[Epoch 032] Time: 88.4529s | [Train] Loss: 1.28231379 Accuracy: Top1: 53.4063%, Top5: 94.4957% | [Test] Loss: 1.25789493 Accuracy: Top1: 54.5985%, Top5: 94.9466%
[Epoch 033] Time: 88.5352s | [Train] Loss: 1.27827392 Accuracy: Top1: 53.5989%, Top5: 94.5229% | [Test] Loss: 1.26180053 Accuracy: Top1: 54.4205%, Top5: 94.7983%
[Epoch 034] Time: 88.4931s | [Train] Loss: 1.27123707 Accuracy: Top1: 53.8191%, Top5: 94.6395% | [Test] Loss: 1.25554857 Accuracy: Top1: 54.7963%, Top5: 94.8378%
[Epoch 035] Time: 88.5950s | [Train] Loss: 1.26899668 Accuracy: Top1: 53.9738%, Top5: 94.6639% | [Test] Loss: 1.25519855 Accuracy: Top1: 54.5293%, Top5: 94.9664%
[Epoch 036] Time: 88.3617s | [Train] Loss: 1.26938763 Accuracy: Top1: 53.7776%, Top5: 94.6843% | [Test] Loss: 1.24867592 Accuracy: Top1: 55.0138%, Top5: 95.0356%
[Epoch 037] Time: 88.4938s | [Train] Loss: 1.26188661 Accuracy: Top1: 54.1588%, Top5: 94.7582% | [Test] Loss: 1.24830231 Accuracy: Top1: 54.9842%, Top5: 94.8873%
[Epoch 038] Time: 88.4416s | [Train] Loss: 1.25994286 Accuracy: Top1: 54.3354%, Top5: 94.6903% | [Test] Loss: 1.24296945 Accuracy: Top1: 55.0930%, Top5: 95.0059%
[Epoch 039] Time: 88.6022s | [Train] Loss: 1.25469664 Accuracy: Top1: 54.4066%, Top5: 94.8721% | [Test] Loss: 1.24522912 Accuracy: Top1: 55.3105%, Top5: 95.0059%
[Epoch 040] Time: 88.4389s | [Train] Loss: 1.25608256 Accuracy: Top1: 54.4749%, Top5: 94.7714% | [Test] Loss: 1.24214790 Accuracy: Top1: 55.1226%, Top5: 95.0158%
[Epoch 041] Time: 88.4064s | [Train] Loss: 1.25527736 Accuracy: Top1: 54.5297%, Top5: 94.9085% | [Test] Loss: 1.24133567 Accuracy: Top1: 55.1721%, Top5: 94.9169%
[Epoch 042] Time: 88.4497s | [Train] Loss: 1.25227180 Accuracy: Top1: 54.4505%, Top5: 94.9137% | [Test] Loss: 1.24044034 Accuracy: Top1: 55.4786%, Top5: 95.0257%
[Epoch 043] Time: 88.5564s | [Train] Loss: 1.24989317 Accuracy: Top1: 54.4513%, Top5: 94.9477% | [Test] Loss: 1.23851371 Accuracy: Top1: 55.3204%, Top5: 94.8576%
[Epoch 044] Time: 88.1574s | [Train] Loss: 1.25132545 Accuracy: Top1: 54.4174%, Top5: 94.8857% | [Test] Loss: 1.23994386 Accuracy: Top1: 55.3204%, Top5: 95.1048%
[Epoch 045] Time: 88.5200s | [Train] Loss: 1.24896203 Accuracy: Top1: 54.5320%, Top5: 94.8801% | [Test] Loss: 1.23840351 Accuracy: Top1: 55.4193%, Top5: 95.1246%
[Epoch 046] Time: 88.4851s | [Train] Loss: 1.24833562 Accuracy: Top1: 54.6679%, Top5: 94.8973% | [Test] Loss: 1.23914915 Accuracy: Top1: 55.2907%, Top5: 95.0257%
[Epoch 047] Time: 88.4789s | [Train] Loss: 1.24710717 Accuracy: Top1: 54.6407%, Top5: 94.9664% | [Test] Loss: 1.23858795 Accuracy: Top1: 55.3006%, Top5: 95.0257%
[Epoch 048] Time: 88.8152s | [Train] Loss: 1.24980177 Accuracy: Top1: 54.6767%, Top5: 94.9848% | [Test] Loss: 1.23816289 Accuracy: Top1: 55.2907%, Top5: 95.0752%
[Epoch 049] Time: 88.5437s | [Train] Loss: 1.24715236 Accuracy: Top1: 54.6451%, Top5: 94.9512% | [Test] Loss: 1.23800544 Accuracy: Top1: 55.3402%, Top5: 95.0554%
[Epoch 050] Time: 88.4684s | [Train] Loss: 1.24753643 Accuracy: Top1: 54.6379%, Top5: 95.0248% | [Test] Loss: 1.23800613 Accuracy: Top1: 55.3896%, Top5: 95.0653%
Files already downloaded and verified
Files already downloaded and verified
Model: VIT BranchConv
Total Parameters: 5046922
Trainable Parameters: 5046922
   - Trainable Parameters: 5.04692200 M
Model Complexity (Profiler):
   - GFLOPs: 1.98028704
   - Trainable Parameters: 5.04692200 M
[Epoch 001] Time: 73.6125s | [Train] Loss: 1.97572349 Accuracy: Top1: 29.0457%, Top5: 77.7777% | [Test] Loss: 1.78083584 Accuracy: Top1: 36.8572%, Top5: 84.6816%
[Epoch 002] Time: 73.3735s | [Train] Loss: 1.76503324 Accuracy: Top1: 37.2958%, Top5: 85.1247% | [Test] Loss: 1.68309143 Accuracy: Top1: 40.2888%, Top5: 86.8671%
[Epoch 003] Time: 73.4286s | [Train] Loss: 1.68963485 Accuracy: Top1: 39.9197%, Top5: 86.7727% | [Test] Loss: 1.62964102 Accuracy: Top1: 41.8513%, Top5: 88.2911%
[Epoch 004] Time: 73.5710s | [Train] Loss: 1.63454079 Accuracy: Top1: 41.8646%, Top5: 87.9739% | [Test] Loss: 1.57692825 Accuracy: Top1: 43.6313%, Top5: 89.2900%
[Epoch 005] Time: 73.2137s | [Train] Loss: 1.58295212 Accuracy: Top1: 43.7256%, Top5: 89.0725% | [Test] Loss: 1.53718553 Accuracy: Top1: 45.0455%, Top5: 89.9723%
[Epoch 006] Time: 73.4409s | [Train] Loss: 1.53411260 Accuracy: Top1: 45.3429%, Top5: 89.9788% | [Test] Loss: 1.47723712 Accuracy: Top1: 47.0827%, Top5: 91.0997%
[Epoch 007] Time: 73.4633s | [Train] Loss: 1.48268350 Accuracy: Top1: 46.9441%, Top5: 91.2656% | [Test] Loss: 1.43082531 Accuracy: Top1: 48.3386%, Top5: 92.1677%
[Epoch 008] Time: 73.4621s | [Train] Loss: 1.43504092 Accuracy: Top1: 48.4067%, Top5: 92.1248% | [Test] Loss: 1.38721843 Accuracy: Top1: 50.0890%, Top5: 92.9094%
[Epoch 009] Time: 73.4970s | [Train] Loss: 1.38940610 Accuracy: Top1: 50.1019%, Top5: 92.9400% | [Test] Loss: 1.35429043 Accuracy: Top1: 50.7911%, Top5: 93.5324%
[Epoch 010] Time: 73.3994s | [Train] Loss: 1.34904563 Accuracy: Top1: 51.2684%, Top5: 93.5434% | [Test] Loss: 1.31474901 Accuracy: Top1: 52.6009%, Top5: 93.9082%
[Epoch 011] Time: 73.5884s | [Train] Loss: 1.32004300 Accuracy: Top1: 52.0412%, Top5: 93.9594% | [Test] Loss: 1.28969181 Accuracy: Top1: 53.5206%, Top5: 94.3236%
[Epoch 012] Time: 73.5138s | [Train] Loss: 1.28902735 Accuracy: Top1: 53.6261%, Top5: 94.3690% | [Test] Loss: 1.26754187 Accuracy: Top1: 54.1831%, Top5: 94.4818%
[Epoch 013] Time: 73.5111s | [Train] Loss: 1.26596854 Accuracy: Top1: 54.1900%, Top5: 94.5368% | [Test] Loss: 1.25167326 Accuracy: Top1: 54.9248%, Top5: 94.6005%
[Epoch 014] Time: 73.4470s | [Train] Loss: 1.24448755 Accuracy: Top1: 55.0859%, Top5: 94.8465% | [Test] Loss: 1.22906138 Accuracy: Top1: 55.5676%, Top5: 94.8477%
[Epoch 015] Time: 73.6708s | [Train] Loss: 1.21863433 Accuracy: Top1: 56.1173%, Top5: 95.0372% | [Test] Loss: 1.22946138 Accuracy: Top1: 56.0225%, Top5: 94.9466%
[Epoch 016] Time: 73.4576s | [Train] Loss: 1.20206777 Accuracy: Top1: 56.6796%, Top5: 95.2174% | [Test] Loss: 1.20254650 Accuracy: Top1: 56.6851%, Top5: 95.2729%
[Epoch 017] Time: 73.3434s | [Train] Loss: 1.18287841 Accuracy: Top1: 57.6602%, Top5: 95.3593% | [Test] Loss: 1.19289850 Accuracy: Top1: 57.0312%, Top5: 95.2729%
[Epoch 018] Time: 73.4424s | [Train] Loss: 1.16758699 Accuracy: Top1: 58.0155%, Top5: 95.5886% | [Test] Loss: 1.17660494 Accuracy: Top1: 57.9114%, Top5: 95.3718%
[Epoch 019] Time: 73.6099s | [Train] Loss: 1.15447005 Accuracy: Top1: 58.4950%, Top5: 95.7629% | [Test] Loss: 1.17768126 Accuracy: Top1: 57.6246%, Top5: 95.5004%
[Epoch 020] Time: 73.3835s | [Train] Loss: 1.14020747 Accuracy: Top1: 59.0006%, Top5: 95.8420% | [Test] Loss: 1.16258977 Accuracy: Top1: 58.1883%, Top5: 95.6586%
[Epoch 021] Time: 73.1730s | [Train] Loss: 1.12818433 Accuracy: Top1: 59.5836%, Top5: 95.8979% | [Test] Loss: 1.15465418 Accuracy: Top1: 57.9213%, Top5: 95.7773%
[Epoch 022] Time: 73.3443s | [Train] Loss: 1.11717788 Accuracy: Top1: 60.0703%, Top5: 96.0586% | [Test] Loss: 1.13984534 Accuracy: Top1: 58.6135%, Top5: 95.8564%
[Epoch 023] Time: 73.4708s | [Train] Loss: 1.10562079 Accuracy: Top1: 60.2566%, Top5: 96.0778% | [Test] Loss: 1.13866942 Accuracy: Top1: 58.9399%, Top5: 95.7575%
[Epoch 024] Time: 73.4823s | [Train] Loss: 1.09665375 Accuracy: Top1: 60.6178%, Top5: 96.1733% | [Test] Loss: 1.13083561 Accuracy: Top1: 58.9893%, Top5: 95.9355%
[Epoch 025] Time: 73.4848s | [Train] Loss: 1.08595181 Accuracy: Top1: 61.1025%, Top5: 96.3683% | [Test] Loss: 1.12051307 Accuracy: Top1: 59.7112%, Top5: 95.9355%
[Epoch 026] Time: 73.4434s | [Train] Loss: 1.07620402 Accuracy: Top1: 61.4286%, Top5: 96.3771% | [Test] Loss: 1.11791519 Accuracy: Top1: 59.6321%, Top5: 96.0047%
[Epoch 027] Time: 73.4594s | [Train] Loss: 1.07112733 Accuracy: Top1: 61.9234%, Top5: 96.4610% | [Test] Loss: 1.11634522 Accuracy: Top1: 59.4937%, Top5: 96.0542%
[Epoch 028] Time: 73.5644s | [Train] Loss: 1.06319013 Accuracy: Top1: 61.9697%, Top5: 96.5050% | [Test] Loss: 1.10875777 Accuracy: Top1: 59.9090%, Top5: 96.0641%
[Epoch 029] Time: 73.5733s | [Train] Loss: 1.05656162 Accuracy: Top1: 62.1427%, Top5: 96.5709% | [Test] Loss: 1.10631547 Accuracy: Top1: 60.0969%, Top5: 96.0542%
[Epoch 030] Time: 73.1908s | [Train] Loss: 1.04971199 Accuracy: Top1: 62.5895%, Top5: 96.6456% | [Test] Loss: 1.09942908 Accuracy: Top1: 60.5815%, Top5: 96.1036%
[Epoch 031] Time: 73.5076s | [Train] Loss: 1.04361472 Accuracy: Top1: 62.6894%, Top5: 96.7335% | [Test] Loss: 1.10243456 Accuracy: Top1: 60.3738%, Top5: 96.0245%
[Epoch 032] Time: 73.4218s | [Train] Loss: 1.03820920 Accuracy: Top1: 62.8952%, Top5: 96.6976% | [Test] Loss: 1.09034881 Accuracy: Top1: 60.7694%, Top5: 96.2322%
[Epoch 033] Time: 73.4215s | [Train] Loss: 1.03331717 Accuracy: Top1: 63.1394%, Top5: 96.6636% | [Test] Loss: 1.09165930 Accuracy: Top1: 60.9177%, Top5: 96.1531%
[Epoch 034] Time: 73.3568s | [Train] Loss: 1.02889826 Accuracy: Top1: 63.3456%, Top5: 96.7807% | [Test] Loss: 1.08932393 Accuracy: Top1: 60.6804%, Top5: 96.2718%
[Epoch 035] Time: 73.5148s | [Train] Loss: 1.02595979 Accuracy: Top1: 63.1650%, Top5: 96.8087% | [Test] Loss: 1.08750962 Accuracy: Top1: 61.0067%, Top5: 96.1828%
[Epoch 036] Time: 73.3122s | [Train] Loss: 1.02234598 Accuracy: Top1: 63.3748%, Top5: 96.8426% | [Test] Loss: 1.08815451 Accuracy: Top1: 60.7496%, Top5: 96.2223%
[Epoch 037] Time: 73.4831s | [Train] Loss: 1.01644596 Accuracy: Top1: 63.8731%, Top5: 96.9353% | [Test] Loss: 1.08464340 Accuracy: Top1: 60.9968%, Top5: 96.3410%
[Epoch 038] Time: 73.4231s | [Train] Loss: 1.01745208 Accuracy: Top1: 63.7004%, Top5: 96.8266% | [Test] Loss: 1.08328585 Accuracy: Top1: 61.1155%, Top5: 96.1135%
[Epoch 039] Time: 73.4087s | [Train] Loss: 1.01526649 Accuracy: Top1: 63.7464%, Top5: 96.9150% | [Test] Loss: 1.08016448 Accuracy: Top1: 61.1650%, Top5: 96.3014%
[Epoch 040] Time: 73.5230s | [Train] Loss: 1.01091332 Accuracy: Top1: 63.9694%, Top5: 96.8566% | [Test] Loss: 1.07884505 Accuracy: Top1: 61.3726%, Top5: 96.2421%
[Epoch 041] Time: 73.4190s | [Train] Loss: 1.00671164 Accuracy: Top1: 64.0645%, Top5: 96.8390% | [Test] Loss: 1.07796393 Accuracy: Top1: 61.5902%, Top5: 96.2718%
[Epoch 042] Time: 73.3472s | [Train] Loss: 1.00580142 Accuracy: Top1: 63.9154%, Top5: 97.0348% | [Test] Loss: 1.07693110 Accuracy: Top1: 61.3232%, Top5: 96.3212%
[Epoch 043] Time: 73.4561s | [Train] Loss: 1.00591153 Accuracy: Top1: 64.0857%, Top5: 96.9190% | [Test] Loss: 1.07701916 Accuracy: Top1: 61.5605%, Top5: 96.2816%
[Epoch 044] Time: 73.4583s | [Train] Loss: 1.00524155 Accuracy: Top1: 64.0070%, Top5: 96.9485% | [Test] Loss: 1.07548869 Accuracy: Top1: 61.2540%, Top5: 96.3410%
[Epoch 045] Time: 73.4898s | [Train] Loss: 1.00534525 Accuracy: Top1: 63.9086%, Top5: 97.0297% | [Test] Loss: 1.07511407 Accuracy: Top1: 61.4122%, Top5: 96.2718%
[Epoch 046] Time: 73.3833s | [Train] Loss: 1.00069210 Accuracy: Top1: 64.1552%, Top5: 96.9869% | [Test] Loss: 1.07482535 Accuracy: Top1: 61.4517%, Top5: 96.2520%
[Epoch 047] Time: 73.4464s | [Train] Loss: 1.00228306 Accuracy: Top1: 64.3462%, Top5: 96.9845% | [Test] Loss: 1.07478046 Accuracy: Top1: 61.2935%, Top5: 96.3805%
[Epoch 048] Time: 73.4871s | [Train] Loss: 1.00070639 Accuracy: Top1: 64.3666%, Top5: 96.9477% | [Test] Loss: 1.07477257 Accuracy: Top1: 61.4814%, Top5: 96.3014%
[Epoch 049] Time: 73.3534s | [Train] Loss: 1.00096651 Accuracy: Top1: 64.3634%, Top5: 97.0225% | [Test] Loss: 1.07477540 Accuracy: Top1: 61.4419%, Top5: 96.3113%
[Epoch 050] Time: 73.2997s | [Train] Loss: 1.00248325 Accuracy: Top1: 64.2383%, Top5: 96.9289% | [Test] Loss: 1.07476858 Accuracy: Top1: 61.4814%, Top5: 96.2915%
Files already downloaded and verified
Files already downloaded and verified
Model: VIT BranchAttention
Total Parameters: 5159434
Trainable Parameters: 5159434
   - Trainable Parameters: 5.15943400 M
Model Complexity (Profiler):
   - GFLOPs: 2.24626541
   - Trainable Parameters: 5.15943400 M
[Epoch 001] Time: 83.3054s | [Train] Loss: 2.05936659 Accuracy: Top1: 23.5706%, Top5: 75.1894% | [Test] Loss: 1.90882525 Accuracy: Top1: 31.3884%, Top5: 81.9126%
[Epoch 002] Time: 83.1897s | [Train] Loss: 1.88729136 Accuracy: Top1: 30.5363%, Top5: 82.5575% | [Test] Loss: 1.78123963 Accuracy: Top1: 35.3343%, Top5: 85.3244%
[Epoch 003] Time: 83.4743s | [Train] Loss: 1.75017579 Accuracy: Top1: 35.7301%, Top5: 86.3367% | [Test] Loss: 1.64101789 Accuracy: Top1: 39.8932%, Top5: 88.7559%
[Epoch 004] Time: 82.8474s | [Train] Loss: 1.64672350 Accuracy: Top1: 39.0577%, Top5: 88.5985% | [Test] Loss: 1.57429402 Accuracy: Top1: 42.5534%, Top5: 90.2888%
[Epoch 005] Time: 83.3309s | [Train] Loss: 1.58213260 Accuracy: Top1: 41.4094%, Top5: 89.7654% | [Test] Loss: 1.53816122 Accuracy: Top1: 43.9676%, Top5: 90.7536%
[Epoch 006] Time: 83.1171s | [Train] Loss: 1.53401842 Accuracy: Top1: 43.2505%, Top5: 90.7533% | [Test] Loss: 1.48521975 Accuracy: Top1: 45.9157%, Top5: 91.6436%
[Epoch 007] Time: 83.6036s | [Train] Loss: 1.48845765 Accuracy: Top1: 45.0004%, Top5: 91.5685% | [Test] Loss: 1.43041106 Accuracy: Top1: 48.0222%, Top5: 92.6226%
[Epoch 008] Time: 83.1638s | [Train] Loss: 1.45025576 Accuracy: Top1: 46.8075%, Top5: 92.2590% | [Test] Loss: 1.40839689 Accuracy: Top1: 49.0506%, Top5: 92.7413%
[Epoch 009] Time: 83.1419s | [Train] Loss: 1.41175149 Accuracy: Top1: 48.2153%, Top5: 92.8425% | [Test] Loss: 1.37586742 Accuracy: Top1: 50.1088%, Top5: 93.4731%
[Epoch 010] Time: 83.4021s | [Train] Loss: 1.37862920 Accuracy: Top1: 49.2847%, Top5: 93.2840% | [Test] Loss: 1.33532223 Accuracy: Top1: 51.1175%, Top5: 94.2642%
[Epoch 011] Time: 82.9827s | [Train] Loss: 1.34927705 Accuracy: Top1: 50.4983%, Top5: 93.8111% | [Test] Loss: 1.30816930 Accuracy: Top1: 52.5119%, Top5: 94.2939%
[Epoch 012] Time: 83.3953s | [Train] Loss: 1.32059235 Accuracy: Top1: 51.4550%, Top5: 94.1264% | [Test] Loss: 1.27421788 Accuracy: Top1: 53.8074%, Top5: 94.8873%
[Epoch 013] Time: 83.0434s | [Train] Loss: 1.29121251 Accuracy: Top1: 52.8233%, Top5: 94.4773% | [Test] Loss: 1.25484175 Accuracy: Top1: 53.8370%, Top5: 94.9565%
[Epoch 014] Time: 83.2480s | [Train] Loss: 1.27082454 Accuracy: Top1: 53.3508%, Top5: 94.7438% | [Test] Loss: 1.23027995 Accuracy: Top1: 54.9150%, Top5: 95.2334%
[Epoch 015] Time: 83.4081s | [Train] Loss: 1.24789962 Accuracy: Top1: 54.1133%, Top5: 94.9836% | [Test] Loss: 1.23838096 Accuracy: Top1: 55.1424%, Top5: 95.3125%
[Epoch 016] Time: 83.1544s | [Train] Loss: 1.22323757 Accuracy: Top1: 55.1938%, Top5: 95.2558% | [Test] Loss: 1.19864207 Accuracy: Top1: 56.2994%, Top5: 95.6685%
[Epoch 017] Time: 83.1449s | [Train] Loss: 1.20280480 Accuracy: Top1: 55.9827%, Top5: 95.3980% | [Test] Loss: 1.16428166 Accuracy: Top1: 57.2191%, Top5: 95.9949%
[Epoch 018] Time: 83.4562s | [Train] Loss: 1.18660629 Accuracy: Top1: 56.4650%, Top5: 95.7233% | [Test] Loss: 1.16059976 Accuracy: Top1: 57.4664%, Top5: 96.0542%
[Epoch 019] Time: 83.0259s | [Train] Loss: 1.16982162 Accuracy: Top1: 57.1236%, Top5: 95.7789% | [Test] Loss: 1.16292047 Accuracy: Top1: 57.4763%, Top5: 96.0344%
[Epoch 020] Time: 83.1066s | [Train] Loss: 1.15575486 Accuracy: Top1: 57.5967%, Top5: 95.9503% | [Test] Loss: 1.14257323 Accuracy: Top1: 58.0795%, Top5: 96.1729%
[Epoch 021] Time: 83.4634s | [Train] Loss: 1.13849136 Accuracy: Top1: 58.2513%, Top5: 95.9942% | [Test] Loss: 1.12167688 Accuracy: Top1: 59.2662%, Top5: 96.2718%
[Epoch 022] Time: 83.1608s | [Train] Loss: 1.12516277 Accuracy: Top1: 58.9206%, Top5: 96.1597% | [Test] Loss: 1.10820154 Accuracy: Top1: 59.4937%, Top5: 96.5289%
[Epoch 023] Time: 83.2928s | [Train] Loss: 1.11277848 Accuracy: Top1: 59.2751%, Top5: 96.2152% | [Test] Loss: 1.09188950 Accuracy: Top1: 60.1562%, Top5: 96.7267%
[Epoch 024] Time: 83.1791s | [Train] Loss: 1.10212082 Accuracy: Top1: 59.7758%, Top5: 96.3747% | [Test] Loss: 1.09695778 Accuracy: Top1: 59.8101%, Top5: 96.6080%
[Epoch 025] Time: 83.3304s | [Train] Loss: 1.09349579 Accuracy: Top1: 60.1870%, Top5: 96.3659% | [Test] Loss: 1.08496800 Accuracy: Top1: 60.2749%, Top5: 96.6970%
[Epoch 026] Time: 83.1075s | [Train] Loss: 1.08022875 Accuracy: Top1: 60.8064%, Top5: 96.6001% | [Test] Loss: 1.08106403 Accuracy: Top1: 60.3639%, Top5: 96.7860%
[Epoch 027] Time: 83.1830s | [Train] Loss: 1.07179013 Accuracy: Top1: 60.9643%, Top5: 96.6756% | [Test] Loss: 1.06367524 Accuracy: Top1: 61.6001%, Top5: 96.7168%
[Epoch 028] Time: 83.3519s | [Train] Loss: 1.06052509 Accuracy: Top1: 61.3915%, Top5: 96.7379% | [Test] Loss: 1.05480413 Accuracy: Top1: 61.4023%, Top5: 96.9047%
[Epoch 029] Time: 83.4872s | [Train] Loss: 1.05664673 Accuracy: Top1: 61.5705%, Top5: 96.6216% | [Test] Loss: 1.05017869 Accuracy: Top1: 61.9759%, Top5: 96.8552%
[Epoch 030] Time: 83.0261s | [Train] Loss: 1.04921556 Accuracy: Top1: 61.9537%, Top5: 96.7867% | [Test] Loss: 1.04327437 Accuracy: Top1: 61.9264%, Top5: 96.9047%
[Epoch 031] Time: 83.2436s | [Train] Loss: 1.04293604 Accuracy: Top1: 62.1603%, Top5: 96.9018% | [Test] Loss: 1.04345345 Accuracy: Top1: 62.0649%, Top5: 96.9739%
[Epoch 032] Time: 83.4275s | [Train] Loss: 1.03490468 Accuracy: Top1: 62.5412%, Top5: 96.8862% | [Test] Loss: 1.03287683 Accuracy: Top1: 62.5000%, Top5: 96.9739%
[Epoch 033] Time: 82.9697s | [Train] Loss: 1.02923263 Accuracy: Top1: 62.4968%, Top5: 96.9477% | [Test] Loss: 1.02554363 Accuracy: Top1: 62.6978%, Top5: 97.0134%
[Epoch 034] Time: 83.3748s | [Train] Loss: 1.02384761 Accuracy: Top1: 62.8273%, Top5: 96.8846% | [Test] Loss: 1.01816809 Accuracy: Top1: 62.9747%, Top5: 97.1123%
[Epoch 035] Time: 83.2505s | [Train] Loss: 1.02045373 Accuracy: Top1: 63.2025%, Top5: 96.9733% | [Test] Loss: 1.02135798 Accuracy: Top1: 62.6879%, Top5: 97.0431%
[Epoch 036] Time: 83.3796s | [Train] Loss: 1.01420324 Accuracy: Top1: 63.3804%, Top5: 97.0277% | [Test] Loss: 1.01527584 Accuracy: Top1: 63.2219%, Top5: 97.2211%
[Epoch 037] Time: 83.1839s | [Train] Loss: 1.00938950 Accuracy: Top1: 63.6089%, Top5: 97.0348% | [Test] Loss: 1.01312432 Accuracy: Top1: 63.2615%, Top5: 97.0431%
[Epoch 038] Time: 83.3505s | [Train] Loss: 1.01248974 Accuracy: Top1: 63.2805%, Top5: 96.9829% | [Test] Loss: 1.01087230 Accuracy: Top1: 63.3999%, Top5: 97.0926%
[Epoch 039] Time: 83.2819s | [Train] Loss: 1.00476421 Accuracy: Top1: 63.8155%, Top5: 97.0876% | [Test] Loss: 1.01081189 Accuracy: Top1: 62.9549%, Top5: 97.1321%
[Epoch 040] Time: 82.9830s | [Train] Loss: 1.00027361 Accuracy: Top1: 63.7396%, Top5: 97.1663% | [Test] Loss: 1.01021729 Accuracy: Top1: 63.2714%, Top5: 97.1222%
[Epoch 041] Time: 83.3407s | [Train] Loss: 0.99898456 Accuracy: Top1: 63.8899%, Top5: 97.1395% | [Test] Loss: 1.00344210 Accuracy: Top1: 63.6669%, Top5: 97.1915%
[Epoch 042] Time: 83.0524s | [Train] Loss: 0.99599290 Accuracy: Top1: 63.8499%, Top5: 97.1415% | [Test] Loss: 1.00433807 Accuracy: Top1: 63.3801%, Top5: 97.2607%
[Epoch 043] Time: 83.2301s | [Train] Loss: 0.99751221 Accuracy: Top1: 64.0729%, Top5: 97.0876% | [Test] Loss: 1.00112465 Accuracy: Top1: 63.4988%, Top5: 97.2409%
[Epoch 044] Time: 83.1918s | [Train] Loss: 0.99482346 Accuracy: Top1: 64.1324%, Top5: 97.0996% | [Test] Loss: 1.00258863 Accuracy: Top1: 63.2417%, Top5: 97.2409%
[Epoch 045] Time: 83.1162s | [Train] Loss: 0.99356719 Accuracy: Top1: 63.9490%, Top5: 97.1475% | [Test] Loss: 1.00066339 Accuracy: Top1: 63.3703%, Top5: 97.2607%
[Epoch 046] Time: 83.2377s | [Train] Loss: 0.99291182 Accuracy: Top1: 64.0393%, Top5: 97.1835% | [Test] Loss: 1.00057226 Accuracy: Top1: 63.4790%, Top5: 97.2607%
[Epoch 047] Time: 83.1026s | [Train] Loss: 0.99050308 Accuracy: Top1: 64.1184%, Top5: 97.1595% | [Test] Loss: 0.99963573 Accuracy: Top1: 63.5779%, Top5: 97.2409%
[Epoch 048] Time: 83.2593s | [Train] Loss: 0.99070676 Accuracy: Top1: 64.3131%, Top5: 97.1196% | [Test] Loss: 0.99953861 Accuracy: Top1: 63.3900%, Top5: 97.2508%
[Epoch 049] Time: 83.2012s | [Train] Loss: 0.98917881 Accuracy: Top1: 64.2195%, Top5: 97.2235% | [Test] Loss: 0.99975838 Accuracy: Top1: 63.4593%, Top5: 97.2310%
[Epoch 050] Time: 83.3077s | [Train] Loss: 0.99159763 Accuracy: Top1: 64.1764%, Top5: 97.2682% | [Test] Loss: 0.99986169 Accuracy: Top1: 63.3900%, Top5: 97.2211%
