Files already downloaded and verified
Files already downloaded and verified
Model: VIT ConvNNAttention
Total Parameters: 5931658
Trainable Parameters: 5931658
   - Trainable Parameters: 5.93165800 M
Model Complexity (Profiler):
   - GFLOPs: 2.33318496
   - Trainable Parameters: 5.93165800 M
[Epoch 001] Time: 82.3437s | [Train] Loss: 1.95252664 Accuracy: Top1: 29.8745%, Top5: 78.8591% | [Test] Loss: 1.74561365 Accuracy: Top1: 38.2318%, Top5: 85.9078%
[Epoch 002] Time: 81.8012s | [Train] Loss: 1.71203639 Accuracy: Top1: 39.3506%, Top5: 86.3399% | [Test] Loss: 1.60443177 Accuracy: Top1: 43.4039%, Top5: 88.5779%
[Epoch 003] Time: 81.8797s | [Train] Loss: 1.59756371 Accuracy: Top1: 43.1066%, Top5: 88.6913% | [Test] Loss: 1.51075734 Accuracy: Top1: 45.8267%, Top5: 90.8228%
[Epoch 004] Time: 82.3899s | [Train] Loss: 1.50860494 Accuracy: Top1: 45.8468%, Top5: 90.5794% | [Test] Loss: 1.42961728 Accuracy: Top1: 48.8430%, Top5: 91.9699%
[Epoch 005] Time: 82.5032s | [Train] Loss: 1.43519246 Accuracy: Top1: 48.4151%, Top5: 92.0616% | [Test] Loss: 1.38192213 Accuracy: Top1: 50.2275%, Top5: 92.7710%
[Epoch 006] Time: 82.2606s | [Train] Loss: 1.38269816 Accuracy: Top1: 49.9293%, Top5: 92.8481% | [Test] Loss: 1.34197659 Accuracy: Top1: 51.3350%, Top5: 93.5127%
[Epoch 007] Time: 82.4214s | [Train] Loss: 1.33799360 Accuracy: Top1: 51.6524%, Top5: 93.5026% | [Test] Loss: 1.31786699 Accuracy: Top1: 51.9284%, Top5: 93.9379%
[Epoch 008] Time: 82.3953s | [Train] Loss: 1.30475080 Accuracy: Top1: 52.5048%, Top5: 94.0769% | [Test] Loss: 1.29394275 Accuracy: Top1: 52.9767%, Top5: 94.1456%
[Epoch 009] Time: 82.0449s | [Train] Loss: 1.27548922 Accuracy: Top1: 53.7864%, Top5: 94.3394% | [Test] Loss: 1.26927167 Accuracy: Top1: 53.7184%, Top5: 94.4620%
[Epoch 010] Time: 82.2275s | [Train] Loss: 1.24711813 Accuracy: Top1: 54.9484%, Top5: 94.7622% | [Test] Loss: 1.24074378 Accuracy: Top1: 54.5589%, Top5: 94.8873%
[Epoch 011] Time: 82.4584s | [Train] Loss: 1.22857216 Accuracy: Top1: 55.5659%, Top5: 94.9636% | [Test] Loss: 1.22277891 Accuracy: Top1: 55.3797%, Top5: 94.9268%
[Epoch 012] Time: 82.3564s | [Train] Loss: 1.20400515 Accuracy: Top1: 56.4338%, Top5: 95.2014% | [Test] Loss: 1.21121773 Accuracy: Top1: 56.4181%, Top5: 94.9862%
[Epoch 013] Time: 82.6284s | [Train] Loss: 1.18780096 Accuracy: Top1: 57.0668%, Top5: 95.3333% | [Test] Loss: 1.19364509 Accuracy: Top1: 56.4775%, Top5: 95.3125%
[Epoch 014] Time: 82.6682s | [Train] Loss: 1.16760788 Accuracy: Top1: 57.7566%, Top5: 95.5247% | [Test] Loss: 1.17561455 Accuracy: Top1: 57.1499%, Top5: 95.3521%
[Epoch 015] Time: 82.5726s | [Train] Loss: 1.14767515 Accuracy: Top1: 58.6085%, Top5: 95.7405% | [Test] Loss: 1.19772277 Accuracy: Top1: 56.5467%, Top5: 95.3125%
[Epoch 016] Time: 82.6591s | [Train] Loss: 1.13239604 Accuracy: Top1: 58.9047%, Top5: 95.8704% | [Test] Loss: 1.16275232 Accuracy: Top1: 57.3873%, Top5: 95.6487%
[Epoch 017] Time: 82.7551s | [Train] Loss: 1.11523120 Accuracy: Top1: 59.7538%, Top5: 96.0914% | [Test] Loss: 1.13453806 Accuracy: Top1: 58.5542%, Top5: 95.7971%
[Epoch 018] Time: 82.1985s | [Train] Loss: 1.10162638 Accuracy: Top1: 60.2526%, Top5: 96.2520% | [Test] Loss: 1.13265345 Accuracy: Top1: 58.9300%, Top5: 95.8366%
[Epoch 019] Time: 82.7797s | [Train] Loss: 1.08759320 Accuracy: Top1: 60.8512%, Top5: 96.3895% | [Test] Loss: 1.13959380 Accuracy: Top1: 58.4652%, Top5: 95.9553%
[Epoch 020] Time: 82.5154s | [Train] Loss: 1.07235379 Accuracy: Top1: 61.1701%, Top5: 96.5197% | [Test] Loss: 1.11941694 Accuracy: Top1: 59.2860%, Top5: 96.1333%
[Epoch 021] Time: 82.3088s | [Train] Loss: 1.06109693 Accuracy: Top1: 61.7315%, Top5: 96.5417% | [Test] Loss: 1.11462238 Accuracy: Top1: 59.4343%, Top5: 96.0542%
[Epoch 022] Time: 82.1894s | [Train] Loss: 1.04354594 Accuracy: Top1: 62.2462%, Top5: 96.7080% | [Test] Loss: 1.10333322 Accuracy: Top1: 59.9782%, Top5: 95.9949%
[Epoch 023] Time: 82.2597s | [Train] Loss: 1.03713544 Accuracy: Top1: 62.7586%, Top5: 96.7088% | [Test] Loss: 1.08899508 Accuracy: Top1: 60.3837%, Top5: 96.1036%
[Epoch 024] Time: 82.5646s | [Train] Loss: 1.02887221 Accuracy: Top1: 62.8349%, Top5: 96.8043% | [Test] Loss: 1.08335311 Accuracy: Top1: 60.5716%, Top5: 96.2223%
[Epoch 025] Time: 82.4938s | [Train] Loss: 1.01594912 Accuracy: Top1: 63.4155%, Top5: 96.9473% | [Test] Loss: 1.07684164 Accuracy: Top1: 61.0166%, Top5: 96.3113%
[Epoch 026] Time: 82.6066s | [Train] Loss: 1.00821068 Accuracy: Top1: 63.2952%, Top5: 96.9997% | [Test] Loss: 1.08038334 Accuracy: Top1: 60.9078%, Top5: 96.1432%
[Epoch 027] Time: 82.7536s | [Train] Loss: 0.99583754 Accuracy: Top1: 64.1188%, Top5: 97.0488% | [Test] Loss: 1.06906911 Accuracy: Top1: 61.4221%, Top5: 96.5487%
[Epoch 028] Time: 82.3472s | [Train] Loss: 0.98819938 Accuracy: Top1: 64.2479%, Top5: 97.2051% | [Test] Loss: 1.06040885 Accuracy: Top1: 61.3825%, Top5: 96.5190%
[Epoch 029] Time: 82.5052s | [Train] Loss: 0.98545237 Accuracy: Top1: 64.5632%, Top5: 97.1403% | [Test] Loss: 1.05940913 Accuracy: Top1: 61.5210%, Top5: 96.3904%
[Epoch 030] Time: 82.5144s | [Train] Loss: 0.97215925 Accuracy: Top1: 65.0643%, Top5: 97.1735% | [Test] Loss: 1.05182445 Accuracy: Top1: 61.9462%, Top5: 96.5882%
[Epoch 031] Time: 82.4942s | [Train] Loss: 0.96815027 Accuracy: Top1: 65.0715%, Top5: 97.3613% | [Test] Loss: 1.05087485 Accuracy: Top1: 62.3418%, Top5: 96.5684%
[Epoch 032] Time: 82.4688s | [Train] Loss: 0.95985046 Accuracy: Top1: 65.3920%, Top5: 97.3749% | [Test] Loss: 1.04764681 Accuracy: Top1: 62.3912%, Top5: 96.6179%
[Epoch 033] Time: 82.5826s | [Train] Loss: 0.95446021 Accuracy: Top1: 65.6614%, Top5: 97.4233% | [Test] Loss: 1.04038725 Accuracy: Top1: 62.2824%, Top5: 96.6278%
[Epoch 034] Time: 82.1979s | [Train] Loss: 0.94973664 Accuracy: Top1: 65.7489%, Top5: 97.3250% | [Test] Loss: 1.03790822 Accuracy: Top1: 62.5989%, Top5: 96.6574%
[Epoch 035] Time: 82.2455s | [Train] Loss: 0.94305667 Accuracy: Top1: 66.1245%, Top5: 97.5000% | [Test] Loss: 1.03910931 Accuracy: Top1: 62.5494%, Top5: 96.8157%
[Epoch 036] Time: 82.2564s | [Train] Loss: 0.94488586 Accuracy: Top1: 65.9887%, Top5: 97.4105% | [Test] Loss: 1.03730046 Accuracy: Top1: 62.7868%, Top5: 96.7662%
[Epoch 037] Time: 82.4273s | [Train] Loss: 0.93900217 Accuracy: Top1: 66.1361%, Top5: 97.4752% | [Test] Loss: 1.03041466 Accuracy: Top1: 62.9351%, Top5: 96.7069%
[Epoch 038] Time: 82.7721s | [Train] Loss: 0.93508181 Accuracy: Top1: 66.4690%, Top5: 97.4017% | [Test] Loss: 1.03383284 Accuracy: Top1: 62.6088%, Top5: 96.6179%
[Epoch 039] Time: 82.6560s | [Train] Loss: 0.93392692 Accuracy: Top1: 66.3091%, Top5: 97.4820% | [Test] Loss: 1.03021925 Accuracy: Top1: 62.6978%, Top5: 96.8354%
[Epoch 040] Time: 82.4125s | [Train] Loss: 0.92856493 Accuracy: Top1: 66.5857%, Top5: 97.4892% | [Test] Loss: 1.02807890 Accuracy: Top1: 62.7670%, Top5: 96.9739%
[Epoch 041] Time: 82.5076s | [Train] Loss: 0.92385994 Accuracy: Top1: 66.6972%, Top5: 97.6459% | [Test] Loss: 1.03113628 Accuracy: Top1: 62.9153%, Top5: 96.7761%
[Epoch 042] Time: 82.5268s | [Train] Loss: 0.92273085 Accuracy: Top1: 66.6916%, Top5: 97.6071% | [Test] Loss: 1.03022391 Accuracy: Top1: 63.1626%, Top5: 96.8453%
[Epoch 043] Time: 82.3773s | [Train] Loss: 0.92003400 Accuracy: Top1: 67.0668%, Top5: 97.5559% | [Test] Loss: 1.02739171 Accuracy: Top1: 63.1230%, Top5: 96.8651%
[Epoch 044] Time: 82.2978s | [Train] Loss: 0.92089089 Accuracy: Top1: 66.8630%, Top5: 97.6203% | [Test] Loss: 1.02825218 Accuracy: Top1: 63.0439%, Top5: 96.7267%
[Epoch 045] Time: 82.4501s | [Train] Loss: 0.91995792 Accuracy: Top1: 67.2422%, Top5: 97.6762% | [Test] Loss: 1.02346011 Accuracy: Top1: 63.3999%, Top5: 96.9442%
[Epoch 046] Time: 82.3169s | [Train] Loss: 0.91942242 Accuracy: Top1: 66.7072%, Top5: 97.6139% | [Test] Loss: 1.02755394 Accuracy: Top1: 62.8659%, Top5: 96.9343%
[Epoch 047] Time: 82.3723s | [Train] Loss: 0.91925845 Accuracy: Top1: 66.9118%, Top5: 97.6938% | [Test] Loss: 1.02685566 Accuracy: Top1: 63.1032%, Top5: 96.9146%
[Epoch 048] Time: 82.7437s | [Train] Loss: 0.91893686 Accuracy: Top1: 66.9669%, Top5: 97.6662% | [Test] Loss: 1.02599039 Accuracy: Top1: 63.0439%, Top5: 96.8651%
[Epoch 049] Time: 82.8276s | [Train] Loss: 0.91570392 Accuracy: Top1: 67.0432%, Top5: 97.7881% | [Test] Loss: 1.02786509 Accuracy: Top1: 62.7868%, Top5: 96.8651%
[Epoch 050] Time: 82.4509s | [Train] Loss: 0.91986379 Accuracy: Top1: 66.6756%, Top5: 97.6271% | [Test] Loss: 1.02656225 Accuracy: Top1: 63.0241%, Top5: 96.8651%
Files already downloaded and verified
Files already downloaded and verified
Model: VIT BranchConv
Total Parameters: 5046922
Trainable Parameters: 5046922
   - Trainable Parameters: 5.04692200 M
Model Complexity (Profiler):
   - GFLOPs: 1.98028704
   - Trainable Parameters: 5.04692200 M
[Epoch 001] Time: 71.4546s | [Train] Loss: 1.97612866 Accuracy: Top1: 28.7672%, Top5: 77.7122% | [Test] Loss: 1.77259127 Accuracy: Top1: 37.3022%, Top5: 85.0969%
[Epoch 002] Time: 71.0220s | [Train] Loss: 1.75465974 Accuracy: Top1: 37.5523%, Top5: 85.2729% | [Test] Loss: 1.66619545 Accuracy: Top1: 40.8920%, Top5: 87.3022%
[Epoch 003] Time: 70.8052s | [Train] Loss: 1.66935745 Accuracy: Top1: 40.7329%, Top5: 87.1403% | [Test] Loss: 1.59670898 Accuracy: Top1: 43.4039%, Top5: 89.1416%
[Epoch 004] Time: 71.1522s | [Train] Loss: 1.59573233 Accuracy: Top1: 43.2245%, Top5: 88.8551% | [Test] Loss: 1.52326936 Accuracy: Top1: 45.2828%, Top5: 90.4470%
[Epoch 005] Time: 71.0811s | [Train] Loss: 1.52234535 Accuracy: Top1: 45.5119%, Top5: 90.3692% | [Test] Loss: 1.45713251 Accuracy: Top1: 47.4387%, Top5: 91.7919%
[Epoch 006] Time: 71.3423s | [Train] Loss: 1.46100621 Accuracy: Top1: 47.4692%, Top5: 91.5769% | [Test] Loss: 1.40369519 Accuracy: Top1: 49.3473%, Top5: 92.8699%
[Epoch 007] Time: 71.3301s | [Train] Loss: 1.41096331 Accuracy: Top1: 49.0253%, Top5: 92.5140% | [Test] Loss: 1.36999460 Accuracy: Top1: 50.4252%, Top5: 93.5127%
[Epoch 008] Time: 71.0245s | [Train] Loss: 1.37195325 Accuracy: Top1: 50.4032%, Top5: 93.0367% | [Test] Loss: 1.35851584 Accuracy: Top1: 51.0384%, Top5: 93.4731%
[Epoch 009] Time: 71.2730s | [Train] Loss: 1.33717317 Accuracy: Top1: 51.4442%, Top5: 93.6753% | [Test] Loss: 1.31909481 Accuracy: Top1: 51.6713%, Top5: 94.1357%
[Epoch 010] Time: 71.4568s | [Train] Loss: 1.30801886 Accuracy: Top1: 52.5523%, Top5: 93.9858% | [Test] Loss: 1.29026154 Accuracy: Top1: 53.8370%, Top5: 94.2939%
[Epoch 011] Time: 71.1831s | [Train] Loss: 1.28553656 Accuracy: Top1: 53.3971%, Top5: 94.3434% | [Test] Loss: 1.27068753 Accuracy: Top1: 54.0249%, Top5: 94.4917%
[Epoch 012] Time: 71.5616s | [Train] Loss: 1.25978064 Accuracy: Top1: 54.4174%, Top5: 94.6443% | [Test] Loss: 1.25036694 Accuracy: Top1: 54.9743%, Top5: 94.7884%
[Epoch 013] Time: 71.4026s | [Train] Loss: 1.23915445 Accuracy: Top1: 54.9413%, Top5: 94.8505% | [Test] Loss: 1.24312180 Accuracy: Top1: 54.8952%, Top5: 94.9466%
[Epoch 014] Time: 71.1301s | [Train] Loss: 1.21845221 Accuracy: Top1: 55.9207%, Top5: 95.0280% | [Test] Loss: 1.21685774 Accuracy: Top1: 56.1907%, Top5: 95.2927%
[Epoch 015] Time: 71.1786s | [Train] Loss: 1.19830694 Accuracy: Top1: 56.7523%, Top5: 95.2250% | [Test] Loss: 1.22420975 Accuracy: Top1: 56.2203%, Top5: 94.9565%
[Epoch 016] Time: 71.2965s | [Train] Loss: 1.17873706 Accuracy: Top1: 57.4273%, Top5: 95.4388% | [Test] Loss: 1.19378478 Accuracy: Top1: 57.4268%, Top5: 95.3916%
[Epoch 017] Time: 71.2482s | [Train] Loss: 1.16557535 Accuracy: Top1: 58.1006%, Top5: 95.5667% | [Test] Loss: 1.18167566 Accuracy: Top1: 57.4763%, Top5: 95.6191%
[Epoch 018] Time: 71.3033s | [Train] Loss: 1.14850617 Accuracy: Top1: 58.4223%, Top5: 95.8056% | [Test] Loss: 1.17278296 Accuracy: Top1: 57.5653%, Top5: 95.7180%
[Epoch 019] Time: 71.3348s | [Train] Loss: 1.13343521 Accuracy: Top1: 59.4681%, Top5: 95.8816% | [Test] Loss: 1.17464623 Accuracy: Top1: 57.8521%, Top5: 95.5400%
[Epoch 020] Time: 71.1441s | [Train] Loss: 1.11860893 Accuracy: Top1: 59.6795%, Top5: 96.0538% | [Test] Loss: 1.15896971 Accuracy: Top1: 58.7124%, Top5: 95.7278%
[Epoch 021] Time: 71.4107s | [Train] Loss: 1.10972745 Accuracy: Top1: 59.9484%, Top5: 96.0366% | [Test] Loss: 1.15107190 Accuracy: Top1: 58.6729%, Top5: 95.6487%
[Epoch 022] Time: 71.2466s | [Train] Loss: 1.09782826 Accuracy: Top1: 60.4500%, Top5: 96.2452% | [Test] Loss: 1.14581926 Accuracy: Top1: 58.3070%, Top5: 95.7872%
[Epoch 023] Time: 71.3890s | [Train] Loss: 1.08454151 Accuracy: Top1: 60.9902%, Top5: 96.2232% | [Test] Loss: 1.12931960 Accuracy: Top1: 59.3354%, Top5: 95.9850%
[Epoch 024] Time: 71.1307s | [Train] Loss: 1.07322849 Accuracy: Top1: 61.3783%, Top5: 96.4390% | [Test] Loss: 1.12448977 Accuracy: Top1: 59.6025%, Top5: 95.9850%
[Epoch 025] Time: 71.2556s | [Train] Loss: 1.06353639 Accuracy: Top1: 61.9421%, Top5: 96.4158% | [Test] Loss: 1.11478005 Accuracy: Top1: 60.1859%, Top5: 96.0047%
[Epoch 026] Time: 71.1929s | [Train] Loss: 1.05542706 Accuracy: Top1: 62.0217%, Top5: 96.5249% | [Test] Loss: 1.11605253 Accuracy: Top1: 59.8398%, Top5: 96.0938%
[Epoch 027] Time: 71.3326s | [Train] Loss: 1.04465849 Accuracy: Top1: 62.5751%, Top5: 96.6448% | [Test] Loss: 1.10907677 Accuracy: Top1: 60.1068%, Top5: 96.1036%
[Epoch 028] Time: 70.9896s | [Train] Loss: 1.03899171 Accuracy: Top1: 62.8441%, Top5: 96.6168% | [Test] Loss: 1.10256484 Accuracy: Top1: 60.3244%, Top5: 96.0542%
[Epoch 029] Time: 71.4051s | [Train] Loss: 1.03347577 Accuracy: Top1: 63.0435%, Top5: 96.7475% | [Test] Loss: 1.09785213 Accuracy: Top1: 61.0661%, Top5: 96.1531%
[Epoch 030] Time: 71.5752s | [Train] Loss: 1.02643086 Accuracy: Top1: 63.1174%, Top5: 96.7555% | [Test] Loss: 1.09299003 Accuracy: Top1: 60.7199%, Top5: 96.2915%
[Epoch 031] Time: 71.2513s | [Train] Loss: 1.01817583 Accuracy: Top1: 63.5386%, Top5: 96.8127% | [Test] Loss: 1.09469104 Accuracy: Top1: 60.9375%, Top5: 96.1036%
[Epoch 032] Time: 71.2825s | [Train] Loss: 1.01280588 Accuracy: Top1: 63.7272%, Top5: 96.8223% | [Test] Loss: 1.08551520 Accuracy: Top1: 61.0858%, Top5: 96.2322%
[Epoch 033] Time: 71.1942s | [Train] Loss: 1.00709223 Accuracy: Top1: 63.9426%, Top5: 96.8438% | [Test] Loss: 1.08029008 Accuracy: Top1: 61.6100%, Top5: 96.3608%
[Epoch 034] Time: 71.1660s | [Train] Loss: 1.00186139 Accuracy: Top1: 64.1284%, Top5: 96.9477% | [Test] Loss: 1.07831428 Accuracy: Top1: 61.5803%, Top5: 96.3212%
[Epoch 035] Time: 71.4771s | [Train] Loss: 0.99320829 Accuracy: Top1: 64.4497%, Top5: 97.0253% | [Test] Loss: 1.08445913 Accuracy: Top1: 61.3528%, Top5: 96.3509%
[Epoch 036] Time: 71.3109s | [Train] Loss: 0.99469765 Accuracy: Top1: 64.5081%, Top5: 96.9190% | [Test] Loss: 1.07573544 Accuracy: Top1: 61.5210%, Top5: 96.3311%
[Epoch 037] Time: 71.2266s | [Train] Loss: 0.99148115 Accuracy: Top1: 64.3354%, Top5: 96.9573% | [Test] Loss: 1.07369414 Accuracy: Top1: 61.9066%, Top5: 96.3509%
[Epoch 038] Time: 71.2943s | [Train] Loss: 0.98752622 Accuracy: Top1: 64.6883%, Top5: 97.0324% | [Test] Loss: 1.07179275 Accuracy: Top1: 61.6990%, Top5: 96.3014%
[Epoch 039] Time: 71.2268s | [Train] Loss: 0.98547308 Accuracy: Top1: 64.8509%, Top5: 97.0336% | [Test] Loss: 1.07082610 Accuracy: Top1: 62.2231%, Top5: 96.3608%
[Epoch 040] Time: 71.2446s | [Train] Loss: 0.97964115 Accuracy: Top1: 65.0228%, Top5: 97.0229% | [Test] Loss: 1.07107747 Accuracy: Top1: 61.8078%, Top5: 96.4102%
[Epoch 041] Time: 71.1827s | [Train] Loss: 0.97729134 Accuracy: Top1: 65.0859%, Top5: 97.1475% | [Test] Loss: 1.06789505 Accuracy: Top1: 61.9066%, Top5: 96.3904%
[Epoch 042] Time: 71.1936s | [Train] Loss: 0.97637515 Accuracy: Top1: 64.9057%, Top5: 97.0776% | [Test] Loss: 1.06712816 Accuracy: Top1: 62.3121%, Top5: 96.5091%
[Epoch 043] Time: 70.8978s | [Train] Loss: 0.97545069 Accuracy: Top1: 65.2813%, Top5: 97.1655% | [Test] Loss: 1.06540404 Accuracy: Top1: 61.9858%, Top5: 96.3509%
[Epoch 044] Time: 71.2732s | [Train] Loss: 0.97354055 Accuracy: Top1: 65.2677%, Top5: 97.0864% | [Test] Loss: 1.06716724 Accuracy: Top1: 62.1440%, Top5: 96.4695%
[Epoch 045] Time: 71.3072s | [Train] Loss: 0.97411381 Accuracy: Top1: 65.0244%, Top5: 97.0564% | [Test] Loss: 1.06571491 Accuracy: Top1: 62.1440%, Top5: 96.4102%
[Epoch 046] Time: 71.1216s | [Train] Loss: 0.96982872 Accuracy: Top1: 65.4008%, Top5: 97.1743% | [Test] Loss: 1.06495233 Accuracy: Top1: 61.8869%, Top5: 96.3608%
[Epoch 047] Time: 71.3322s | [Train] Loss: 0.96993122 Accuracy: Top1: 65.3165%, Top5: 97.0596% | [Test] Loss: 1.06604476 Accuracy: Top1: 62.1835%, Top5: 96.2718%
[Epoch 048] Time: 71.4823s | [Train] Loss: 0.96997612 Accuracy: Top1: 65.3832%, Top5: 97.1483% | [Test] Loss: 1.06437932 Accuracy: Top1: 62.2528%, Top5: 96.4201%
[Epoch 049] Time: 71.3332s | [Train] Loss: 0.97137093 Accuracy: Top1: 65.2002%, Top5: 97.1511% | [Test] Loss: 1.06491056 Accuracy: Top1: 62.2429%, Top5: 96.4102%
[Epoch 050] Time: 71.2067s | [Train] Loss: 0.96876898 Accuracy: Top1: 65.2981%, Top5: 97.1332% | [Test] Loss: 1.06391633 Accuracy: Top1: 61.9561%, Top5: 96.3311%
Files already downloaded and verified
Files already downloaded and verified
Model: VIT BranchAttention
Total Parameters: 5159434
Trainable Parameters: 5159434
   - Trainable Parameters: 5.15943400 M
Model Complexity (Profiler):
   - GFLOPs: 2.24626541
   - Trainable Parameters: 5.15943400 M
[Epoch 001] Time: 81.0645s | [Train] Loss: 2.01948636 Accuracy: Top1: 25.7101%, Top5: 76.6152% | [Test] Loss: 1.85577011 Accuracy: Top1: 33.5245%, Top5: 83.4157%
[Epoch 002] Time: 80.7973s | [Train] Loss: 1.82214382 Accuracy: Top1: 34.4533%, Top5: 84.0973% | [Test] Loss: 1.70335725 Accuracy: Top1: 39.2702%, Top5: 86.9660%
[Epoch 003] Time: 80.7989s | [Train] Loss: 1.67489080 Accuracy: Top1: 39.6871%, Top5: 87.7957% | [Test] Loss: 1.56114823 Accuracy: Top1: 43.7698%, Top5: 90.4668%
[Epoch 004] Time: 80.9985s | [Train] Loss: 1.56571321 Accuracy: Top1: 43.2321%, Top5: 90.1267% | [Test] Loss: 1.49426099 Accuracy: Top1: 46.3212%, Top5: 91.5249%
[Epoch 005] Time: 80.7946s | [Train] Loss: 1.50391356 Accuracy: Top1: 45.5531%, Top5: 91.1405% | [Test] Loss: 1.45206533 Accuracy: Top1: 47.6859%, Top5: 92.0095%
[Epoch 006] Time: 81.1066s | [Train] Loss: 1.46356186 Accuracy: Top1: 46.7515%, Top5: 91.7743% | [Test] Loss: 1.40639888 Accuracy: Top1: 49.3473%, Top5: 92.6820%
[Epoch 007] Time: 80.8459s | [Train] Loss: 1.42650752 Accuracy: Top1: 48.2733%, Top5: 92.2926% | [Test] Loss: 1.38287292 Accuracy: Top1: 49.8418%, Top5: 93.1270%
[Epoch 008] Time: 80.9849s | [Train] Loss: 1.39245499 Accuracy: Top1: 49.3714%, Top5: 92.7877% | [Test] Loss: 1.37709338 Accuracy: Top1: 50.0396%, Top5: 93.2358%
[Epoch 009] Time: 81.1934s | [Train] Loss: 1.36335587 Accuracy: Top1: 50.2909%, Top5: 93.2205% | [Test] Loss: 1.33735346 Accuracy: Top1: 51.2065%, Top5: 93.7401%
[Epoch 010] Time: 81.1674s | [Train] Loss: 1.33309121 Accuracy: Top1: 51.4870%, Top5: 93.7288% | [Test] Loss: 1.30746656 Accuracy: Top1: 52.3339%, Top5: 94.1456%
[Epoch 011] Time: 80.9878s | [Train] Loss: 1.30742567 Accuracy: Top1: 52.3641%, Top5: 93.9550% | [Test] Loss: 1.29009331 Accuracy: Top1: 52.8778%, Top5: 94.3434%
[Epoch 012] Time: 81.1843s | [Train] Loss: 1.27818914 Accuracy: Top1: 53.4359%, Top5: 94.4353% | [Test] Loss: 1.25088458 Accuracy: Top1: 54.8457%, Top5: 94.8477%
[Epoch 013] Time: 80.7008s | [Train] Loss: 1.25348407 Accuracy: Top1: 54.5528%, Top5: 94.6883% | [Test] Loss: 1.23462464 Accuracy: Top1: 55.0138%, Top5: 95.0356%
[Epoch 014] Time: 80.6713s | [Train] Loss: 1.23598699 Accuracy: Top1: 55.1850%, Top5: 94.8669% | [Test] Loss: 1.21402957 Accuracy: Top1: 55.9434%, Top5: 95.1642%
[Epoch 015] Time: 80.8349s | [Train] Loss: 1.20727586 Accuracy: Top1: 56.1065%, Top5: 95.2697% | [Test] Loss: 1.23539690 Accuracy: Top1: 55.8841%, Top5: 94.9565%
[Epoch 016] Time: 80.9485s | [Train] Loss: 1.18573236 Accuracy: Top1: 57.0301%, Top5: 95.4524% | [Test] Loss: 1.18186173 Accuracy: Top1: 57.3675%, Top5: 95.6685%
[Epoch 017] Time: 81.2356s | [Train] Loss: 1.16727040 Accuracy: Top1: 57.6199%, Top5: 95.7077% | [Test] Loss: 1.16098683 Accuracy: Top1: 57.8422%, Top5: 95.9454%
[Epoch 018] Time: 81.1299s | [Train] Loss: 1.15188526 Accuracy: Top1: 58.3196%, Top5: 95.7924% | [Test] Loss: 1.14480757 Accuracy: Top1: 58.2081%, Top5: 95.9652%
[Epoch 019] Time: 81.1934s | [Train] Loss: 1.13519638 Accuracy: Top1: 59.0621%, Top5: 95.8899% | [Test] Loss: 1.15420385 Accuracy: Top1: 58.3861%, Top5: 95.8762%
[Epoch 020] Time: 81.1442s | [Train] Loss: 1.11883095 Accuracy: Top1: 59.6771%, Top5: 96.0910% | [Test] Loss: 1.13309313 Accuracy: Top1: 59.1475%, Top5: 96.1135%
[Epoch 021] Time: 81.0348s | [Train] Loss: 1.10523451 Accuracy: Top1: 60.2418%, Top5: 96.1901% | [Test] Loss: 1.11859895 Accuracy: Top1: 59.8794%, Top5: 96.1926%
[Epoch 022] Time: 80.8181s | [Train] Loss: 1.09105456 Accuracy: Top1: 60.4172%, Top5: 96.3755% | [Test] Loss: 1.09639272 Accuracy: Top1: 60.2156%, Top5: 96.4893%
[Epoch 023] Time: 81.3165s | [Train] Loss: 1.08267316 Accuracy: Top1: 60.9299%, Top5: 96.4534% | [Test] Loss: 1.08069084 Accuracy: Top1: 61.1056%, Top5: 96.3904%
[Epoch 024] Time: 80.9373s | [Train] Loss: 1.06954910 Accuracy: Top1: 61.4814%, Top5: 96.5373% | [Test] Loss: 1.07318235 Accuracy: Top1: 61.1946%, Top5: 96.6475%
[Epoch 025] Time: 81.3034s | [Train] Loss: 1.05817267 Accuracy: Top1: 61.7835%, Top5: 96.5086% | [Test] Loss: 1.06914229 Accuracy: Top1: 61.6297%, Top5: 96.5882%
[Epoch 026] Time: 80.9643s | [Train] Loss: 1.04789079 Accuracy: Top1: 62.1719%, Top5: 96.8019% | [Test] Loss: 1.05871089 Accuracy: Top1: 62.1934%, Top5: 96.5981%
[Epoch 027] Time: 80.9880s | [Train] Loss: 1.03868545 Accuracy: Top1: 62.8185%, Top5: 96.7140% | [Test] Loss: 1.04941300 Accuracy: Top1: 62.1143%, Top5: 96.8750%
[Epoch 028] Time: 81.0975s | [Train] Loss: 1.02980478 Accuracy: Top1: 62.9136%, Top5: 96.8658% | [Test] Loss: 1.04678607 Accuracy: Top1: 62.0748%, Top5: 96.7959%
[Epoch 029] Time: 80.8621s | [Train] Loss: 1.02215841 Accuracy: Top1: 63.3112%, Top5: 96.8314% | [Test] Loss: 1.03969402 Accuracy: Top1: 62.3813%, Top5: 96.7761%
[Epoch 030] Time: 81.1163s | [Train] Loss: 1.01184332 Accuracy: Top1: 63.3608%, Top5: 97.0133% | [Test] Loss: 1.02988346 Accuracy: Top1: 63.0142%, Top5: 97.0036%
[Epoch 031] Time: 80.8336s | [Train] Loss: 1.00820116 Accuracy: Top1: 63.5754%, Top5: 97.0524% | [Test] Loss: 1.02997023 Accuracy: Top1: 62.9846%, Top5: 96.9244%
[Epoch 032] Time: 81.1098s | [Train] Loss: 1.00306880 Accuracy: Top1: 64.0453%, Top5: 97.0672% | [Test] Loss: 1.02154852 Accuracy: Top1: 63.2219%, Top5: 96.9838%
[Epoch 033] Time: 80.8912s | [Train] Loss: 0.99517249 Accuracy: Top1: 64.2635%, Top5: 97.0932% | [Test] Loss: 1.01911468 Accuracy: Top1: 63.1230%, Top5: 97.0134%
[Epoch 034] Time: 80.9280s | [Train] Loss: 0.98910708 Accuracy: Top1: 64.3111%, Top5: 97.1443% | [Test] Loss: 1.01135409 Accuracy: Top1: 63.4790%, Top5: 97.0332%
[Epoch 035] Time: 80.8876s | [Train] Loss: 0.98509908 Accuracy: Top1: 64.8497%, Top5: 97.1795% | [Test] Loss: 1.01227737 Accuracy: Top1: 63.5878%, Top5: 96.9739%
[Epoch 036] Time: 80.8250s | [Train] Loss: 0.97872433 Accuracy: Top1: 64.8829%, Top5: 97.2383% | [Test] Loss: 1.00515813 Accuracy: Top1: 64.0922%, Top5: 97.1618%
[Epoch 037] Time: 80.8768s | [Train] Loss: 0.97481896 Accuracy: Top1: 65.0755%, Top5: 97.2846% | [Test] Loss: 1.00557422 Accuracy: Top1: 63.8944%, Top5: 97.0629%
[Epoch 038] Time: 80.7848s | [Train] Loss: 0.97265001 Accuracy: Top1: 65.1598%, Top5: 97.3082% | [Test] Loss: 1.00212522 Accuracy: Top1: 64.1119%, Top5: 97.2112%
[Epoch 039] Time: 81.1716s | [Train] Loss: 0.96600174 Accuracy: Top1: 65.4644%, Top5: 97.2926% | [Test] Loss: 0.99704384 Accuracy: Top1: 64.1515%, Top5: 97.1420%
[Epoch 040] Time: 80.5434s | [Train] Loss: 0.96515700 Accuracy: Top1: 65.4695%, Top5: 97.3098% | [Test] Loss: 0.99840924 Accuracy: Top1: 64.2108%, Top5: 97.1123%
[Epoch 041] Time: 80.9989s | [Train] Loss: 0.96348487 Accuracy: Top1: 65.5539%, Top5: 97.3090% | [Test] Loss: 0.99561068 Accuracy: Top1: 64.6163%, Top5: 97.1025%
[Epoch 042] Time: 80.9763s | [Train] Loss: 0.96275792 Accuracy: Top1: 65.4144%, Top5: 97.3402% | [Test] Loss: 0.99277965 Accuracy: Top1: 64.1713%, Top5: 97.2013%
[Epoch 043] Time: 80.9875s | [Train] Loss: 0.95998309 Accuracy: Top1: 65.5639%, Top5: 97.4564% | [Test] Loss: 0.99344663 Accuracy: Top1: 64.3790%, Top5: 97.2409%
[Epoch 044] Time: 80.8376s | [Train] Loss: 0.95984170 Accuracy: Top1: 65.6134%, Top5: 97.2662% | [Test] Loss: 0.99696859 Accuracy: Top1: 64.2009%, Top5: 97.1420%
[Epoch 045] Time: 81.1056s | [Train] Loss: 0.95878721 Accuracy: Top1: 65.8987%, Top5: 97.3461% | [Test] Loss: 0.98993503 Accuracy: Top1: 64.5866%, Top5: 97.1618%
[Epoch 046] Time: 81.0819s | [Train] Loss: 0.95928473 Accuracy: Top1: 65.7253%, Top5: 97.3130% | [Test] Loss: 0.99305603 Accuracy: Top1: 64.3987%, Top5: 97.2310%
[Epoch 047] Time: 81.0030s | [Train] Loss: 0.95446644 Accuracy: Top1: 65.9011%, Top5: 97.4365% | [Test] Loss: 0.99132092 Accuracy: Top1: 64.7745%, Top5: 97.1618%
[Epoch 048] Time: 81.1608s | [Train] Loss: 0.95580668 Accuracy: Top1: 65.7665%, Top5: 97.3721% | [Test] Loss: 0.99098185 Accuracy: Top1: 64.3790%, Top5: 97.2310%
[Epoch 049] Time: 81.0000s | [Train] Loss: 0.95594132 Accuracy: Top1: 65.8404%, Top5: 97.3961% | [Test] Loss: 0.99215031 Accuracy: Top1: 64.5372%, Top5: 97.2013%
[Epoch 050] Time: 80.5825s | [Train] Loss: 0.95636316 Accuracy: Top1: 65.8084%, Top5: 97.3330% | [Test] Loss: 0.99268461 Accuracy: Top1: 64.5273%, Top5: 97.1915%
