Files already downloaded and verified
Files already downloaded and verified
Model: VIT ConvNNAttention
Total Parameters: 5931658
Trainable Parameters: 5931658
   - Trainable Parameters: 5.93165800 M
Model Complexity (Profiler):
   - GFLOPs: 1.98459898
   - Trainable Parameters: 5.93165800 M
[Epoch 001] Time: 77.6285s | [Train] Loss: 1.93324780 Accuracy: Top1: 30.8220%, Top5: 78.9666% | [Test] Loss: 1.75093889 Accuracy: Top1: 38.2219%, Top5: 85.1464%
[Epoch 002] Time: 77.4381s | [Train] Loss: 1.72215631 Accuracy: Top1: 38.9746%, Top5: 85.8780% | [Test] Loss: 1.62117227 Accuracy: Top1: 42.6523%, Top5: 87.8857%
[Epoch 003] Time: 77.5729s | [Train] Loss: 1.61419000 Accuracy: Top1: 42.5683%, Top5: 88.5134% | [Test] Loss: 1.53548420 Accuracy: Top1: 45.2729%, Top5: 89.8536%
[Epoch 004] Time: 77.4922s | [Train] Loss: 1.53059293 Accuracy: Top1: 45.2266%, Top5: 90.1523% | [Test] Loss: 1.46436795 Accuracy: Top1: 47.5574%, Top5: 91.1590%
[Epoch 005] Time: 77.7894s | [Train] Loss: 1.46927067 Accuracy: Top1: 47.2355%, Top5: 91.4578% | [Test] Loss: 1.41560455 Accuracy: Top1: 49.0605%, Top5: 92.3358%
[Epoch 006] Time: 77.6614s | [Train] Loss: 1.42564969 Accuracy: Top1: 48.9698%, Top5: 92.1092% | [Test] Loss: 1.37628174 Accuracy: Top1: 50.1978%, Top5: 93.0182%
[Epoch 007] Time: 77.7831s | [Train] Loss: 1.38732385 Accuracy: Top1: 49.9297%, Top5: 92.7230% | [Test] Loss: 1.35804411 Accuracy: Top1: 50.3165%, Top5: 93.4632%
[Epoch 008] Time: 78.2211s | [Train] Loss: 1.35237313 Accuracy: Top1: 51.1341%, Top5: 93.3232% | [Test] Loss: 1.32613701 Accuracy: Top1: 51.7998%, Top5: 93.7994%
[Epoch 009] Time: 77.9083s | [Train] Loss: 1.32015967 Accuracy: Top1: 52.3517%, Top5: 93.8683% | [Test] Loss: 1.30191712 Accuracy: Top1: 52.6602%, Top5: 94.2642%
[Epoch 010] Time: 77.6354s | [Train] Loss: 1.29310316 Accuracy: Top1: 53.2357%, Top5: 94.2227% | [Test] Loss: 1.27499488 Accuracy: Top1: 53.5206%, Top5: 94.2741%
[Epoch 011] Time: 77.9013s | [Train] Loss: 1.26784676 Accuracy: Top1: 54.3286%, Top5: 94.4701% | [Test] Loss: 1.24823467 Accuracy: Top1: 54.5589%, Top5: 94.6796%
[Epoch 012] Time: 77.8841s | [Train] Loss: 1.24390379 Accuracy: Top1: 54.8561%, Top5: 94.8821% | [Test] Loss: 1.23290103 Accuracy: Top1: 54.8754%, Top5: 94.6697%
[Epoch 013] Time: 77.9703s | [Train] Loss: 1.22664232 Accuracy: Top1: 55.6338%, Top5: 94.9680% | [Test] Loss: 1.22216902 Accuracy: Top1: 55.9138%, Top5: 94.8576%
[Epoch 014] Time: 77.7161s | [Train] Loss: 1.20819320 Accuracy: Top1: 56.5026%, Top5: 95.2262% | [Test] Loss: 1.20188173 Accuracy: Top1: 56.4873%, Top5: 95.0653%
[Epoch 015] Time: 78.3195s | [Train] Loss: 1.18695434 Accuracy: Top1: 57.2379%, Top5: 95.4348% | [Test] Loss: 1.21549120 Accuracy: Top1: 55.9929%, Top5: 94.8873%
[Epoch 016] Time: 77.9267s | [Train] Loss: 1.17374109 Accuracy: Top1: 57.6035%, Top5: 95.5203% | [Test] Loss: 1.18983356 Accuracy: Top1: 56.7247%, Top5: 95.1741%
[Epoch 017] Time: 77.9312s | [Train] Loss: 1.15847667 Accuracy: Top1: 58.3348%, Top5: 95.6622% | [Test] Loss: 1.17777427 Accuracy: Top1: 57.6543%, Top5: 95.2631%
[Epoch 018] Time: 78.1054s | [Train] Loss: 1.14818865 Accuracy: Top1: 58.5710%, Top5: 95.7745% | [Test] Loss: 1.16871597 Accuracy: Top1: 58.0103%, Top5: 95.4015%
[Epoch 019] Time: 77.9691s | [Train] Loss: 1.13018179 Accuracy: Top1: 59.4685%, Top5: 96.0042% | [Test] Loss: 1.16481594 Accuracy: Top1: 58.1290%, Top5: 95.3125%
[Epoch 020] Time: 77.9960s | [Train] Loss: 1.11853252 Accuracy: Top1: 59.5940%, Top5: 96.1161% | [Test] Loss: 1.15492529 Accuracy: Top1: 58.4949%, Top5: 95.6685%
[Epoch 021] Time: 77.9987s | [Train] Loss: 1.10787335 Accuracy: Top1: 60.1750%, Top5: 96.1365% | [Test] Loss: 1.13846495 Accuracy: Top1: 58.8113%, Top5: 95.6586%
[Epoch 022] Time: 77.9304s | [Train] Loss: 1.09833764 Accuracy: Top1: 60.3700%, Top5: 96.1457% | [Test] Loss: 1.13789106 Accuracy: Top1: 59.1080%, Top5: 95.7377%
[Epoch 023] Time: 77.8722s | [Train] Loss: 1.09045708 Accuracy: Top1: 60.7437%, Top5: 96.2832% | [Test] Loss: 1.12696127 Accuracy: Top1: 59.8991%, Top5: 95.7773%
[Epoch 024] Time: 77.9800s | [Train] Loss: 1.07685488 Accuracy: Top1: 61.1053%, Top5: 96.4278% | [Test] Loss: 1.11767505 Accuracy: Top1: 59.6816%, Top5: 95.9751%
[Epoch 025] Time: 77.9251s | [Train] Loss: 1.06697383 Accuracy: Top1: 61.6164%, Top5: 96.5345% | [Test] Loss: 1.11253041 Accuracy: Top1: 60.2156%, Top5: 96.0047%
[Epoch 026] Time: 77.9341s | [Train] Loss: 1.06339611 Accuracy: Top1: 61.6532%, Top5: 96.5221% | [Test] Loss: 1.12055586 Accuracy: Top1: 59.7903%, Top5: 95.8465%
[Epoch 027] Time: 77.6797s | [Train] Loss: 1.05302064 Accuracy: Top1: 62.2510%, Top5: 96.5641% | [Test] Loss: 1.10513158 Accuracy: Top1: 60.2749%, Top5: 95.9454%
[Epoch 028] Time: 77.9114s | [Train] Loss: 1.04947270 Accuracy: Top1: 62.2219%, Top5: 96.6512% | [Test] Loss: 1.10057894 Accuracy: Top1: 60.3441%, Top5: 96.0344%
[Epoch 029] Time: 78.0194s | [Train] Loss: 1.03844519 Accuracy: Top1: 62.6023%, Top5: 96.7235% | [Test] Loss: 1.10066191 Accuracy: Top1: 60.5716%, Top5: 96.0938%
[Epoch 030] Time: 77.9037s | [Train] Loss: 1.03389589 Accuracy: Top1: 62.8549%, Top5: 96.7767% | [Test] Loss: 1.09916393 Accuracy: Top1: 60.4925%, Top5: 96.1630%
[Epoch 031] Time: 77.6725s | [Train] Loss: 1.02715745 Accuracy: Top1: 63.2557%, Top5: 96.8658% | [Test] Loss: 1.09635934 Accuracy: Top1: 61.1254%, Top5: 96.1036%
[Epoch 032] Time: 78.0048s | [Train] Loss: 1.02484895 Accuracy: Top1: 63.1722%, Top5: 96.8454% | [Test] Loss: 1.08688428 Accuracy: Top1: 61.0957%, Top5: 96.1234%
[Epoch 033] Time: 78.1192s | [Train] Loss: 1.02155681 Accuracy: Top1: 63.3408%, Top5: 96.9218% | [Test] Loss: 1.09086233 Accuracy: Top1: 61.1650%, Top5: 96.1828%
[Epoch 034] Time: 77.8487s | [Train] Loss: 1.01184338 Accuracy: Top1: 63.8811%, Top5: 96.8870% | [Test] Loss: 1.08497695 Accuracy: Top1: 60.6903%, Top5: 96.3311%
[Epoch 035] Time: 77.8244s | [Train] Loss: 1.01209437 Accuracy: Top1: 63.7240%, Top5: 96.8914% | [Test] Loss: 1.08933769 Accuracy: Top1: 60.6507%, Top5: 96.2619%
[Epoch 036] Time: 77.6979s | [Train] Loss: 1.01116679 Accuracy: Top1: 63.6193%, Top5: 96.9074% | [Test] Loss: 1.07849953 Accuracy: Top1: 61.0265%, Top5: 96.0938%
[Epoch 037] Time: 77.8801s | [Train] Loss: 1.00224427 Accuracy: Top1: 64.0301%, Top5: 96.9721% | [Test] Loss: 1.07879526 Accuracy: Top1: 61.3034%, Top5: 96.2718%
[Epoch 038] Time: 78.1499s | [Train] Loss: 0.99868537 Accuracy: Top1: 64.2032%, Top5: 97.0245% | [Test] Loss: 1.08203192 Accuracy: Top1: 61.3627%, Top5: 96.2619%
[Epoch 039] Time: 77.7409s | [Train] Loss: 0.99514917 Accuracy: Top1: 64.2543%, Top5: 96.9925% | [Test] Loss: 1.07846826 Accuracy: Top1: 61.4221%, Top5: 96.2520%
[Epoch 040] Time: 77.9585s | [Train] Loss: 0.99660888 Accuracy: Top1: 64.2443%, Top5: 97.0237% | [Test] Loss: 1.07695491 Accuracy: Top1: 61.3133%, Top5: 96.3706%
[Epoch 041] Time: 77.7668s | [Train] Loss: 0.99448353 Accuracy: Top1: 64.2859%, Top5: 97.1016% | [Test] Loss: 1.07663269 Accuracy: Top1: 61.3034%, Top5: 96.3311%
[Epoch 042] Time: 77.7574s | [Train] Loss: 0.99371317 Accuracy: Top1: 64.4098%, Top5: 97.0297% | [Test] Loss: 1.07256535 Accuracy: Top1: 61.5506%, Top5: 96.3410%
[Epoch 043] Time: 77.8455s | [Train] Loss: 0.99261154 Accuracy: Top1: 64.4621%, Top5: 97.1587% | [Test] Loss: 1.07352471 Accuracy: Top1: 61.6792%, Top5: 96.4300%
[Epoch 044] Time: 77.8934s | [Train] Loss: 0.99142399 Accuracy: Top1: 64.4134%, Top5: 97.1144% | [Test] Loss: 1.07263846 Accuracy: Top1: 61.3034%, Top5: 96.2124%
[Epoch 045] Time: 77.9854s | [Train] Loss: 0.99160368 Accuracy: Top1: 64.5149%, Top5: 96.9817% | [Test] Loss: 1.07453884 Accuracy: Top1: 61.7781%, Top5: 96.4003%
[Epoch 046] Time: 77.9333s | [Train] Loss: 0.98583414 Accuracy: Top1: 64.7343%, Top5: 97.0508% | [Test] Loss: 1.06969621 Accuracy: Top1: 61.5803%, Top5: 96.3706%
[Epoch 047] Time: 77.8286s | [Train] Loss: 0.98824999 Accuracy: Top1: 64.4617%, Top5: 97.0524% | [Test] Loss: 1.07140750 Accuracy: Top1: 61.6990%, Top5: 96.3805%
[Epoch 048] Time: 77.8528s | [Train] Loss: 0.99032427 Accuracy: Top1: 64.4929%, Top5: 97.0213% | [Test] Loss: 1.07228062 Accuracy: Top1: 61.4221%, Top5: 96.3311%
[Epoch 049] Time: 77.9276s | [Train] Loss: 0.98826753 Accuracy: Top1: 64.5828%, Top5: 97.0792% | [Test] Loss: 1.07465795 Accuracy: Top1: 61.3331%, Top5: 96.4003%
[Epoch 050] Time: 77.8507s | [Train] Loss: 0.98426334 Accuracy: Top1: 64.7686%, Top5: 97.0752% | [Test] Loss: 1.07465510 Accuracy: Top1: 61.4320%, Top5: 96.2223%
Files already downloaded and verified
Files already downloaded and verified
Model: VIT BranchConv
Total Parameters: 5046922
Trainable Parameters: 5046922
   - Trainable Parameters: 5.04692200 M
Model Complexity (Profiler):
   - GFLOPs: 1.89314054
   - Trainable Parameters: 5.04692200 M
[Epoch 001] Time: 70.3499s | [Train] Loss: 1.97313716 Accuracy: Top1: 29.2639%, Top5: 78.0019% | [Test] Loss: 1.77655316 Accuracy: Top1: 36.5902%, Top5: 84.9782%
[Epoch 002] Time: 70.1005s | [Train] Loss: 1.74979833 Accuracy: Top1: 37.8361%, Top5: 85.6074% | [Test] Loss: 1.65787111 Accuracy: Top1: 41.3964%, Top5: 87.5989%
[Epoch 003] Time: 70.0177s | [Train] Loss: 1.65526280 Accuracy: Top1: 41.1901%, Top5: 87.5056% | [Test] Loss: 1.57997094 Accuracy: Top1: 43.9577%, Top5: 89.1911%
[Epoch 004] Time: 69.9252s | [Train] Loss: 1.57765938 Accuracy: Top1: 43.8659%, Top5: 89.2136% | [Test] Loss: 1.50170753 Accuracy: Top1: 46.1926%, Top5: 90.4074%
[Epoch 005] Time: 69.7280s | [Train] Loss: 1.51043926 Accuracy: Top1: 45.8576%, Top5: 90.6446% | [Test] Loss: 1.45092177 Accuracy: Top1: 47.4090%, Top5: 91.7722%
[Epoch 006] Time: 70.1328s | [Train] Loss: 1.46240104 Accuracy: Top1: 47.3905%, Top5: 91.6580% | [Test] Loss: 1.40429890 Accuracy: Top1: 49.1297%, Top5: 92.5040%
[Epoch 007] Time: 70.2926s | [Train] Loss: 1.41670038 Accuracy: Top1: 48.9770%, Top5: 92.2119% | [Test] Loss: 1.37441110 Accuracy: Top1: 49.9604%, Top5: 93.2555%
[Epoch 008] Time: 70.2794s | [Train] Loss: 1.38126191 Accuracy: Top1: 50.3752%, Top5: 92.9787% | [Test] Loss: 1.34533226 Accuracy: Top1: 51.2164%, Top5: 93.3149%
[Epoch 009] Time: 70.1320s | [Train] Loss: 1.34818752 Accuracy: Top1: 51.1977%, Top5: 93.4563% | [Test] Loss: 1.32099124 Accuracy: Top1: 51.6416%, Top5: 93.9082%
[Epoch 010] Time: 70.1466s | [Train] Loss: 1.31585213 Accuracy: Top1: 52.4900%, Top5: 93.7308% | [Test] Loss: 1.29134432 Accuracy: Top1: 53.0657%, Top5: 94.2642%
[Epoch 011] Time: 70.1009s | [Train] Loss: 1.29038478 Accuracy: Top1: 53.2537%, Top5: 94.2563% | [Test] Loss: 1.25901882 Accuracy: Top1: 54.5589%, Top5: 94.5906%
[Epoch 012] Time: 70.0650s | [Train] Loss: 1.26647155 Accuracy: Top1: 54.2915%, Top5: 94.4329% | [Test] Loss: 1.24662824 Accuracy: Top1: 54.6677%, Top5: 94.7587%
[Epoch 013] Time: 69.7628s | [Train] Loss: 1.24197314 Accuracy: Top1: 55.1399%, Top5: 94.8354% | [Test] Loss: 1.23500645 Accuracy: Top1: 55.0336%, Top5: 95.0850%
[Epoch 014] Time: 69.8754s | [Train] Loss: 1.22267507 Accuracy: Top1: 55.8784%, Top5: 94.9477% | [Test] Loss: 1.21440155 Accuracy: Top1: 56.2797%, Top5: 95.1741%
[Epoch 015] Time: 70.1318s | [Train] Loss: 1.20379914 Accuracy: Top1: 56.4466%, Top5: 95.2306% | [Test] Loss: 1.22174630 Accuracy: Top1: 55.8643%, Top5: 95.0752%
[Epoch 016] Time: 69.9497s | [Train] Loss: 1.18487875 Accuracy: Top1: 57.3645%, Top5: 95.5199% | [Test] Loss: 1.19389169 Accuracy: Top1: 56.7544%, Top5: 95.5795%
[Epoch 017] Time: 70.0577s | [Train] Loss: 1.16826081 Accuracy: Top1: 58.0890%, Top5: 95.4735% | [Test] Loss: 1.17518840 Accuracy: Top1: 57.4466%, Top5: 95.5400%
[Epoch 018] Time: 70.0373s | [Train] Loss: 1.15536612 Accuracy: Top1: 58.3016%, Top5: 95.6793% | [Test] Loss: 1.16454651 Accuracy: Top1: 57.8323%, Top5: 95.4608%
[Epoch 019] Time: 69.9544s | [Train] Loss: 1.13868383 Accuracy: Top1: 59.0957%, Top5: 95.9347% | [Test] Loss: 1.16125434 Accuracy: Top1: 58.1290%, Top5: 95.6883%
[Epoch 020] Time: 69.8060s | [Train] Loss: 1.12499784 Accuracy: Top1: 59.5800%, Top5: 96.0818% | [Test] Loss: 1.15616533 Accuracy: Top1: 58.5245%, Top5: 95.8960%
[Epoch 021] Time: 69.9650s | [Train] Loss: 1.11431863 Accuracy: Top1: 60.1151%, Top5: 96.0198% | [Test] Loss: 1.14272291 Accuracy: Top1: 58.6729%, Top5: 95.9355%
[Epoch 022] Time: 69.9307s | [Train] Loss: 1.10212972 Accuracy: Top1: 60.6082%, Top5: 96.1453% | [Test] Loss: 1.13118848 Accuracy: Top1: 58.7025%, Top5: 96.0542%
[Epoch 023] Time: 69.9270s | [Train] Loss: 1.08930351 Accuracy: Top1: 60.8412%, Top5: 96.3199% | [Test] Loss: 1.12988972 Accuracy: Top1: 59.1970%, Top5: 96.0146%
[Epoch 024] Time: 70.0393s | [Train] Loss: 1.08492830 Accuracy: Top1: 61.2700%, Top5: 96.2492% | [Test] Loss: 1.12197162 Accuracy: Top1: 59.4937%, Top5: 96.2025%
[Epoch 025] Time: 70.1479s | [Train] Loss: 1.07049264 Accuracy: Top1: 61.6488%, Top5: 96.4806% | [Test] Loss: 1.11413978 Accuracy: Top1: 59.5827%, Top5: 96.1531%
[Epoch 026] Time: 70.0920s | [Train] Loss: 1.06277133 Accuracy: Top1: 61.7407%, Top5: 96.4650% | [Test] Loss: 1.10807411 Accuracy: Top1: 59.8596%, Top5: 96.1630%
[Epoch 027] Time: 69.8262s | [Train] Loss: 1.05676005 Accuracy: Top1: 62.0540%, Top5: 96.5537% | [Test] Loss: 1.10476267 Accuracy: Top1: 59.9090%, Top5: 96.2915%
[Epoch 028] Time: 70.0959s | [Train] Loss: 1.04698372 Accuracy: Top1: 62.3258%, Top5: 96.6884% | [Test] Loss: 1.10694923 Accuracy: Top1: 59.9486%, Top5: 96.4399%
[Epoch 029] Time: 70.1174s | [Train] Loss: 1.04201149 Accuracy: Top1: 62.5859%, Top5: 96.7188% | [Test] Loss: 1.09938365 Accuracy: Top1: 60.1859%, Top5: 96.3410%
[Epoch 030] Time: 70.0275s | [Train] Loss: 1.03357520 Accuracy: Top1: 63.0515%, Top5: 96.6932% | [Test] Loss: 1.09148328 Accuracy: Top1: 60.4826%, Top5: 96.5289%
[Epoch 031] Time: 69.8430s | [Train] Loss: 1.02884741 Accuracy: Top1: 63.1953%, Top5: 96.7787% | [Test] Loss: 1.09650538 Accuracy: Top1: 60.5419%, Top5: 96.3410%
[Epoch 032] Time: 70.0839s | [Train] Loss: 1.02406125 Accuracy: Top1: 63.3160%, Top5: 96.8898% | [Test] Loss: 1.08524390 Accuracy: Top1: 61.0364%, Top5: 96.4498%
[Epoch 033] Time: 70.1171s | [Train] Loss: 1.01738142 Accuracy: Top1: 63.5938%, Top5: 96.8238% | [Test] Loss: 1.08775048 Accuracy: Top1: 61.1353%, Top5: 96.4498%
[Epoch 034] Time: 70.0470s | [Train] Loss: 1.01408578 Accuracy: Top1: 63.6689%, Top5: 96.9417% | [Test] Loss: 1.08424568 Accuracy: Top1: 60.8485%, Top5: 96.4893%
[Epoch 035] Time: 69.8586s | [Train] Loss: 1.01070202 Accuracy: Top1: 63.8519%, Top5: 97.0021% | [Test] Loss: 1.08455882 Accuracy: Top1: 60.9869%, Top5: 96.4893%
[Epoch 036] Time: 69.9506s | [Train] Loss: 1.00522845 Accuracy: Top1: 63.9970%, Top5: 97.0153% | [Test] Loss: 1.07723965 Accuracy: Top1: 61.5210%, Top5: 96.5684%
[Epoch 037] Time: 70.0337s | [Train] Loss: 1.00171305 Accuracy: Top1: 64.1512%, Top5: 96.9873% | [Test] Loss: 1.07409070 Accuracy: Top1: 61.2342%, Top5: 96.6080%
[Epoch 038] Time: 70.3434s | [Train] Loss: 0.99763189 Accuracy: Top1: 64.1948%, Top5: 97.0408% | [Test] Loss: 1.07775837 Accuracy: Top1: 61.1353%, Top5: 96.5684%
[Epoch 039] Time: 69.6879s | [Train] Loss: 0.99789428 Accuracy: Top1: 64.1692%, Top5: 96.9437% | [Test] Loss: 1.07439602 Accuracy: Top1: 61.1353%, Top5: 96.6574%
[Epoch 040] Time: 70.1833s | [Train] Loss: 0.99018774 Accuracy: Top1: 64.4801%, Top5: 97.0704% | [Test] Loss: 1.07298361 Accuracy: Top1: 61.3528%, Top5: 96.5882%
[Epoch 041] Time: 70.1918s | [Train] Loss: 0.99236867 Accuracy: Top1: 64.4493%, Top5: 97.0932% | [Test] Loss: 1.07358940 Accuracy: Top1: 61.2243%, Top5: 96.5783%
[Epoch 042] Time: 69.6187s | [Train] Loss: 0.99005448 Accuracy: Top1: 64.5712%, Top5: 97.1196% | [Test] Loss: 1.07179690 Accuracy: Top1: 61.0562%, Top5: 96.6278%
[Epoch 043] Time: 69.9748s | [Train] Loss: 0.98954288 Accuracy: Top1: 64.7482%, Top5: 97.0476% | [Test] Loss: 1.07205473 Accuracy: Top1: 61.5210%, Top5: 96.6179%
[Epoch 044] Time: 70.0126s | [Train] Loss: 0.98913949 Accuracy: Top1: 64.7434%, Top5: 97.1124% | [Test] Loss: 1.07261700 Accuracy: Top1: 61.6396%, Top5: 96.6574%
[Epoch 045] Time: 69.8917s | [Train] Loss: 0.98635493 Accuracy: Top1: 64.6555%, Top5: 97.0752% | [Test] Loss: 1.07326495 Accuracy: Top1: 61.5012%, Top5: 96.6377%
[Epoch 046] Time: 69.9758s | [Train] Loss: 0.98426765 Accuracy: Top1: 65.0440%, Top5: 97.1236% | [Test] Loss: 1.07149852 Accuracy: Top1: 61.5111%, Top5: 96.6179%
[Epoch 047] Time: 69.9603s | [Train] Loss: 0.98187121 Accuracy: Top1: 64.9317%, Top5: 97.1623% | [Test] Loss: 1.07046176 Accuracy: Top1: 61.4517%, Top5: 96.5783%
[Epoch 048] Time: 70.1141s | [Train] Loss: 0.98674089 Accuracy: Top1: 64.6415%, Top5: 97.0844% | [Test] Loss: 1.06899067 Accuracy: Top1: 61.6693%, Top5: 96.7267%
[Epoch 049] Time: 70.0643s | [Train] Loss: 0.98206850 Accuracy: Top1: 64.9265%, Top5: 97.1463% | [Test] Loss: 1.06956575 Accuracy: Top1: 61.7880%, Top5: 96.6673%
[Epoch 050] Time: 69.6817s | [Train] Loss: 0.97921900 Accuracy: Top1: 65.0324%, Top5: 97.1328% | [Test] Loss: 1.07104996 Accuracy: Top1: 61.3331%, Top5: 96.5981%
Files already downloaded and verified
Files already downloaded and verified
Model: VIT BranchAttention
Total Parameters: 5159434
Trainable Parameters: 5159434
   - Trainable Parameters: 5.15943400 M
Model Complexity (Profiler):
   - GFLOPs: 2.15911891
   - Trainable Parameters: 5.15943400 M
[Epoch 001] Time: 80.1267s | [Train] Loss: 1.98612107 Accuracy: Top1: 28.0958%, Top5: 77.8053% | [Test] Loss: 1.80002456 Accuracy: Top1: 35.9968%, Top5: 84.6123%
[Epoch 002] Time: 80.1543s | [Train] Loss: 1.76560426 Accuracy: Top1: 36.7863%, Top5: 85.4524% | [Test] Loss: 1.63282701 Accuracy: Top1: 41.3865%, Top5: 88.5186%
[Epoch 003] Time: 79.5229s | [Train] Loss: 1.61619926 Accuracy: Top1: 41.7060%, Top5: 89.0669% | [Test] Loss: 1.50046138 Accuracy: Top1: 45.4707%, Top5: 91.4062%
[Epoch 004] Time: 79.9523s | [Train] Loss: 1.52363013 Accuracy: Top1: 44.7774%, Top5: 90.8240% | [Test] Loss: 1.44369611 Accuracy: Top1: 47.2508%, Top5: 92.2172%
[Epoch 005] Time: 79.7332s | [Train] Loss: 1.47201999 Accuracy: Top1: 46.5741%, Top5: 91.5901% | [Test] Loss: 1.40384461 Accuracy: Top1: 48.9419%, Top5: 93.1270%
[Epoch 006] Time: 79.9239s | [Train] Loss: 1.42778348 Accuracy: Top1: 48.0379%, Top5: 92.2454% | [Test] Loss: 1.36593397 Accuracy: Top1: 50.2373%, Top5: 93.7401%
[Epoch 007] Time: 79.9346s | [Train] Loss: 1.39015280 Accuracy: Top1: 49.3290%, Top5: 92.8493% | [Test] Loss: 1.32362740 Accuracy: Top1: 51.7702%, Top5: 94.0961%
[Epoch 008] Time: 79.8578s | [Train] Loss: 1.35579153 Accuracy: Top1: 50.6562%, Top5: 93.4139% | [Test] Loss: 1.31577193 Accuracy: Top1: 52.4426%, Top5: 94.3137%
[Epoch 009] Time: 79.8295s | [Train] Loss: 1.32290538 Accuracy: Top1: 51.8111%, Top5: 93.7440% | [Test] Loss: 1.28233876 Accuracy: Top1: 53.4316%, Top5: 94.5510%
[Epoch 010] Time: 79.2190s | [Train] Loss: 1.29373978 Accuracy: Top1: 52.9851%, Top5: 94.2160% | [Test] Loss: 1.24470148 Accuracy: Top1: 54.3908%, Top5: 94.6499%
[Epoch 011] Time: 79.8671s | [Train] Loss: 1.26802542 Accuracy: Top1: 53.9710%, Top5: 94.4629% | [Test] Loss: 1.22556170 Accuracy: Top1: 55.1721%, Top5: 95.1444%
[Epoch 012] Time: 79.7761s | [Train] Loss: 1.24254748 Accuracy: Top1: 54.9544%, Top5: 94.7430% | [Test] Loss: 1.20632494 Accuracy: Top1: 56.0028%, Top5: 95.2927%
[Epoch 013] Time: 79.8235s | [Train] Loss: 1.22065244 Accuracy: Top1: 55.6174%, Top5: 94.9381% | [Test] Loss: 1.18983250 Accuracy: Top1: 56.4775%, Top5: 95.3718%
[Epoch 014] Time: 80.0239s | [Train] Loss: 1.19803375 Accuracy: Top1: 56.4242%, Top5: 95.1986% | [Test] Loss: 1.16754804 Accuracy: Top1: 57.6246%, Top5: 95.5202%
[Epoch 015] Time: 79.7136s | [Train] Loss: 1.17586382 Accuracy: Top1: 57.3402%, Top5: 95.4656% | [Test] Loss: 1.16862753 Accuracy: Top1: 57.9114%, Top5: 95.6487%
[Epoch 016] Time: 79.7724s | [Train] Loss: 1.15646777 Accuracy: Top1: 57.9811%, Top5: 95.6750% | [Test] Loss: 1.12386915 Accuracy: Top1: 59.7310%, Top5: 96.1036%
[Epoch 017] Time: 79.7770s | [Train] Loss: 1.13735495 Accuracy: Top1: 58.7244%, Top5: 95.9423% | [Test] Loss: 1.11124862 Accuracy: Top1: 59.7409%, Top5: 96.1926%
[Epoch 018] Time: 79.4471s | [Train] Loss: 1.12308524 Accuracy: Top1: 59.2371%, Top5: 96.0558% | [Test] Loss: 1.10219619 Accuracy: Top1: 60.0079%, Top5: 96.1828%
[Epoch 019] Time: 79.6298s | [Train] Loss: 1.10410401 Accuracy: Top1: 59.9972%, Top5: 96.2632% | [Test] Loss: 1.09987713 Accuracy: Top1: 60.2255%, Top5: 96.3904%
[Epoch 020] Time: 79.8044s | [Train] Loss: 1.09274402 Accuracy: Top1: 60.4847%, Top5: 96.3000% | [Test] Loss: 1.09028395 Accuracy: Top1: 60.8188%, Top5: 96.3212%
[Epoch 021] Time: 79.7072s | [Train] Loss: 1.07623710 Accuracy: Top1: 61.1329%, Top5: 96.4051% | [Test] Loss: 1.07311917 Accuracy: Top1: 61.1847%, Top5: 96.4794%
[Epoch 022] Time: 79.7835s | [Train] Loss: 1.06227370 Accuracy: Top1: 61.5074%, Top5: 96.5401% | [Test] Loss: 1.05817932 Accuracy: Top1: 61.7286%, Top5: 96.7860%
[Epoch 023] Time: 79.5475s | [Train] Loss: 1.05310779 Accuracy: Top1: 61.8302%, Top5: 96.6316% | [Test] Loss: 1.03783353 Accuracy: Top1: 62.3220%, Top5: 96.7464%
[Epoch 024] Time: 79.6374s | [Train] Loss: 1.03605658 Accuracy: Top1: 62.5575%, Top5: 96.7747% | [Test] Loss: 1.02504140 Accuracy: Top1: 62.8560%, Top5: 96.8453%
[Epoch 025] Time: 79.4075s | [Train] Loss: 1.03099112 Accuracy: Top1: 62.7757%, Top5: 96.7711% | [Test] Loss: 1.02225067 Accuracy: Top1: 62.9648%, Top5: 97.0233%
[Epoch 026] Time: 79.5249s | [Train] Loss: 1.01683997 Accuracy: Top1: 63.0914%, Top5: 96.9997% | [Test] Loss: 1.01613678 Accuracy: Top1: 63.4494%, Top5: 97.0036%
[Epoch 027] Time: 79.3869s | [Train] Loss: 1.01038796 Accuracy: Top1: 63.5358%, Top5: 96.9937% | [Test] Loss: 1.01232813 Accuracy: Top1: 63.4790%, Top5: 97.1618%
[Epoch 028] Time: 79.6468s | [Train] Loss: 1.00162182 Accuracy: Top1: 63.8551%, Top5: 96.9797% | [Test] Loss: 1.00461096 Accuracy: Top1: 63.4494%, Top5: 97.0134%
[Epoch 029] Time: 79.8336s | [Train] Loss: 0.99589459 Accuracy: Top1: 64.2255%, Top5: 97.0904% | [Test] Loss: 1.00550249 Accuracy: Top1: 63.4593%, Top5: 97.2211%
[Epoch 030] Time: 79.7537s | [Train] Loss: 0.99081781 Accuracy: Top1: 64.1724%, Top5: 97.1743% | [Test] Loss: 0.99432308 Accuracy: Top1: 63.6669%, Top5: 97.1816%
[Epoch 031] Time: 79.6514s | [Train] Loss: 0.98506284 Accuracy: Top1: 64.5864%, Top5: 97.2163% | [Test] Loss: 0.99023488 Accuracy: Top1: 64.6559%, Top5: 97.0926%
[Epoch 032] Time: 79.6234s | [Train] Loss: 0.97520491 Accuracy: Top1: 64.9005%, Top5: 97.2271% | [Test] Loss: 0.98442192 Accuracy: Top1: 64.5372%, Top5: 97.2508%
[Epoch 033] Time: 79.7607s | [Train] Loss: 0.97203927 Accuracy: Top1: 65.1471%, Top5: 97.2343% | [Test] Loss: 0.98820919 Accuracy: Top1: 64.1021%, Top5: 97.1420%
[Epoch 034] Time: 79.3568s | [Train] Loss: 0.96853380 Accuracy: Top1: 64.9840%, Top5: 97.3134% | [Test] Loss: 0.97571866 Accuracy: Top1: 64.7449%, Top5: 97.2706%
[Epoch 035] Time: 79.4865s | [Train] Loss: 0.96201823 Accuracy: Top1: 65.4028%, Top5: 97.3202% | [Test] Loss: 0.98610661 Accuracy: Top1: 64.2702%, Top5: 97.2409%
[Epoch 036] Time: 79.6493s | [Train] Loss: 0.96131617 Accuracy: Top1: 65.3393%, Top5: 97.4029% | [Test] Loss: 0.97318301 Accuracy: Top1: 65.1305%, Top5: 97.3596%
[Epoch 037] Time: 79.7510s | [Train] Loss: 0.95275839 Accuracy: Top1: 65.6170%, Top5: 97.3134% | [Test] Loss: 0.97238729 Accuracy: Top1: 64.7251%, Top5: 97.3991%
[Epoch 038] Time: 79.7660s | [Train] Loss: 0.95183600 Accuracy: Top1: 65.6474%, Top5: 97.4768% | [Test] Loss: 0.96901301 Accuracy: Top1: 65.1602%, Top5: 97.3596%
[Epoch 039] Time: 79.3460s | [Train] Loss: 0.94886119 Accuracy: Top1: 65.8364%, Top5: 97.4584% | [Test] Loss: 0.96687932 Accuracy: Top1: 65.0119%, Top5: 97.4486%
[Epoch 040] Time: 79.5229s | [Train] Loss: 0.94690834 Accuracy: Top1: 65.9950%, Top5: 97.4013% | [Test] Loss: 0.96436911 Accuracy: Top1: 65.2987%, Top5: 97.4585%
[Epoch 041] Time: 79.2434s | [Train] Loss: 0.94629136 Accuracy: Top1: 65.7789%, Top5: 97.3729% | [Test] Loss: 0.96698146 Accuracy: Top1: 65.1701%, Top5: 97.3497%
[Epoch 042] Time: 79.6120s | [Train] Loss: 0.94401774 Accuracy: Top1: 66.2056%, Top5: 97.4972% | [Test] Loss: 0.96374871 Accuracy: Top1: 64.9426%, Top5: 97.4288%
[Epoch 043] Time: 79.6472s | [Train] Loss: 0.94292648 Accuracy: Top1: 66.0454%, Top5: 97.4592% | [Test] Loss: 0.95848917 Accuracy: Top1: 65.4272%, Top5: 97.3002%
[Epoch 044] Time: 79.5121s | [Train] Loss: 0.94315520 Accuracy: Top1: 66.0953%, Top5: 97.5272% | [Test] Loss: 0.96112853 Accuracy: Top1: 65.2690%, Top5: 97.5376%
[Epoch 045] Time: 79.5398s | [Train] Loss: 0.94030473 Accuracy: Top1: 66.1996%, Top5: 97.3881% | [Test] Loss: 0.96282002 Accuracy: Top1: 65.4272%, Top5: 97.4189%
[Epoch 046] Time: 79.4800s | [Train] Loss: 0.93628561 Accuracy: Top1: 66.2292%, Top5: 97.5480% | [Test] Loss: 0.96201287 Accuracy: Top1: 65.3778%, Top5: 97.3596%
[Epoch 047] Time: 79.6113s | [Train] Loss: 0.93579560 Accuracy: Top1: 66.3987%, Top5: 97.4760% | [Test] Loss: 0.95902800 Accuracy: Top1: 65.2492%, Top5: 97.2805%
[Epoch 048] Time: 79.5219s | [Train] Loss: 0.93555168 Accuracy: Top1: 66.4122%, Top5: 97.4341% | [Test] Loss: 0.95768696 Accuracy: Top1: 65.5261%, Top5: 97.4980%
[Epoch 049] Time: 79.7433s | [Train] Loss: 0.93483229 Accuracy: Top1: 66.4246%, Top5: 97.4720% | [Test] Loss: 0.96103791 Accuracy: Top1: 65.5558%, Top5: 97.3991%
[Epoch 050] Time: 79.7781s | [Train] Loss: 0.93673889 Accuracy: Top1: 66.1749%, Top5: 97.5056% | [Test] Loss: 0.95886665 Accuracy: Top1: 65.3184%, Top5: 97.4189%
