Files already downloaded and verified
Files already downloaded and verified
Model: VIT ConvNNAttention
Total Parameters: 5931658
Trainable Parameters: 5931658
   - Trainable Parameters: 5.93165800 M
Model Complexity (Profiler):
   - GFLOPs: 2.33318496
   - Trainable Parameters: 5.93165800 M
[Epoch 001] Time: 80.7967s | [Train] Loss: 2.12423905 Accuracy: Top1: 21.5533%, Top5: 70.8376% | [Test] Loss: 1.90315221 Accuracy: Top1: 32.4960%, Top5: 82.7532%
[Epoch 002] Time: 80.7542s | [Train] Loss: 1.86438519 Accuracy: Top1: 32.4624%, Top5: 82.9608% | [Test] Loss: 1.73239231 Accuracy: Top1: 38.3505%, Top5: 85.8979%
[Epoch 003] Time: 81.1572s | [Train] Loss: 1.74043363 Accuracy: Top1: 37.4568%, Top5: 86.0210% | [Test] Loss: 1.63965895 Accuracy: Top1: 41.9106%, Top5: 88.4395%
[Epoch 004] Time: 81.1432s | [Train] Loss: 1.65853137 Accuracy: Top1: 40.3121%, Top5: 87.8021% | [Test] Loss: 1.55298155 Accuracy: Top1: 45.1048%, Top5: 89.8932%
[Epoch 005] Time: 81.2906s | [Train] Loss: 1.58580038 Accuracy: Top1: 42.8744%, Top5: 89.4613% | [Test] Loss: 1.50710749 Accuracy: Top1: 46.1135%, Top5: 90.7140%
[Epoch 006] Time: 81.6297s | [Train] Loss: 1.53522567 Accuracy: Top1: 44.6431%, Top5: 90.4492% | [Test] Loss: 1.45873207 Accuracy: Top1: 47.6562%, Top5: 91.7029%
[Epoch 007] Time: 81.1881s | [Train] Loss: 1.48896891 Accuracy: Top1: 45.9539%, Top5: 91.3543% | [Test] Loss: 1.42167890 Accuracy: Top1: 49.1594%, Top5: 92.5138%
[Epoch 008] Time: 81.2597s | [Train] Loss: 1.45227713 Accuracy: Top1: 47.2119%, Top5: 92.0089% | [Test] Loss: 1.40969536 Accuracy: Top1: 49.2286%, Top5: 92.6820%
[Epoch 009] Time: 81.2485s | [Train] Loss: 1.41903906 Accuracy: Top1: 48.3140%, Top5: 92.5112% | [Test] Loss: 1.39070549 Accuracy: Top1: 49.3473%, Top5: 92.9094%
[Epoch 010] Time: 80.7496s | [Train] Loss: 1.39472649 Accuracy: Top1: 49.2156%, Top5: 92.8780% | [Test] Loss: 1.34502138 Accuracy: Top1: 50.8801%, Top5: 93.6907%
[Epoch 011] Time: 81.5735s | [Train] Loss: 1.36920887 Accuracy: Top1: 50.0424%, Top5: 93.2285% | [Test] Loss: 1.33524546 Accuracy: Top1: 51.0779%, Top5: 93.8687%
[Epoch 012] Time: 81.5154s | [Train] Loss: 1.34408234 Accuracy: Top1: 51.0274%, Top5: 93.5550% | [Test] Loss: 1.31034421 Accuracy: Top1: 52.8085%, Top5: 94.1653%
[Epoch 013] Time: 81.4094s | [Train] Loss: 1.32434099 Accuracy: Top1: 51.6844%, Top5: 93.8931% | [Test] Loss: 1.29320752 Accuracy: Top1: 52.6899%, Top5: 94.4620%
[Epoch 014] Time: 81.5068s | [Train] Loss: 1.30574807 Accuracy: Top1: 52.4716%, Top5: 94.1604% | [Test] Loss: 1.27498845 Accuracy: Top1: 53.8469%, Top5: 94.9070%
[Epoch 015] Time: 81.4141s | [Train] Loss: 1.28805742 Accuracy: Top1: 53.1446%, Top5: 94.3095% | [Test] Loss: 1.29400685 Accuracy: Top1: 53.0756%, Top5: 94.4324%
[Epoch 016] Time: 80.9246s | [Train] Loss: 1.27156215 Accuracy: Top1: 53.6477%, Top5: 94.5396% | [Test] Loss: 1.25881123 Accuracy: Top1: 54.6578%, Top5: 94.9664%
[Epoch 017] Time: 81.3947s | [Train] Loss: 1.25645062 Accuracy: Top1: 54.3223%, Top5: 94.6843% | [Test] Loss: 1.24144109 Accuracy: Top1: 54.6282%, Top5: 95.2532%
[Epoch 018] Time: 81.6278s | [Train] Loss: 1.24537774 Accuracy: Top1: 54.7295%, Top5: 94.8961% | [Test] Loss: 1.23630064 Accuracy: Top1: 54.9347%, Top5: 94.8873%
[Epoch 019] Time: 81.2162s | [Train] Loss: 1.23185388 Accuracy: Top1: 55.0791%, Top5: 95.0643% | [Test] Loss: 1.22506089 Accuracy: Top1: 55.0336%, Top5: 95.3125%
[Epoch 020] Time: 81.5217s | [Train] Loss: 1.21858941 Accuracy: Top1: 55.8672%, Top5: 95.0396% | [Test] Loss: 1.22079816 Accuracy: Top1: 55.6962%, Top5: 95.2532%
[Epoch 021] Time: 81.3454s | [Train] Loss: 1.20806862 Accuracy: Top1: 55.9339%, Top5: 95.2418% | [Test] Loss: 1.20550607 Accuracy: Top1: 56.2500%, Top5: 95.5894%
[Epoch 022] Time: 81.2704s | [Train] Loss: 1.19668414 Accuracy: Top1: 56.5913%, Top5: 95.2853% | [Test] Loss: 1.19957017 Accuracy: Top1: 56.3093%, Top5: 95.5597%
[Epoch 023] Time: 81.6266s | [Train] Loss: 1.18714869 Accuracy: Top1: 56.9609%, Top5: 95.4668% | [Test] Loss: 1.19058059 Accuracy: Top1: 56.3588%, Top5: 95.5597%
[Epoch 024] Time: 81.6127s | [Train] Loss: 1.17577410 Accuracy: Top1: 57.2367%, Top5: 95.6038% | [Test] Loss: 1.18014188 Accuracy: Top1: 56.6851%, Top5: 95.7575%
[Epoch 025] Time: 81.3502s | [Train] Loss: 1.16615948 Accuracy: Top1: 57.7450%, Top5: 95.6038% | [Test] Loss: 1.17030308 Accuracy: Top1: 57.6246%, Top5: 95.8960%
[Epoch 026] Time: 81.3965s | [Train] Loss: 1.16044305 Accuracy: Top1: 57.9951%, Top5: 95.7357% | [Test] Loss: 1.17628130 Accuracy: Top1: 57.1203%, Top5: 95.7971%
[Epoch 027] Time: 81.5122s | [Train] Loss: 1.15339759 Accuracy: Top1: 58.2461%, Top5: 95.6694% | [Test] Loss: 1.16171647 Accuracy: Top1: 57.3279%, Top5: 95.8861%
[Epoch 028] Time: 81.2141s | [Train] Loss: 1.14642387 Accuracy: Top1: 58.3256%, Top5: 95.7952% | [Test] Loss: 1.15780632 Accuracy: Top1: 57.3675%, Top5: 95.8267%
[Epoch 029] Time: 81.6675s | [Train] Loss: 1.13717451 Accuracy: Top1: 58.7828%, Top5: 95.9307% | [Test] Loss: 1.15226945 Accuracy: Top1: 57.3972%, Top5: 95.9553%
[Epoch 030] Time: 81.7396s | [Train] Loss: 1.13196105 Accuracy: Top1: 58.9154%, Top5: 95.9683% | [Test] Loss: 1.14558820 Accuracy: Top1: 57.9608%, Top5: 95.9949%
[Epoch 031] Time: 81.5599s | [Train] Loss: 1.12654593 Accuracy: Top1: 59.0597%, Top5: 96.0930% | [Test] Loss: 1.14814338 Accuracy: Top1: 57.8817%, Top5: 96.0542%
[Epoch 032] Time: 81.1861s | [Train] Loss: 1.12092190 Accuracy: Top1: 59.4389%, Top5: 96.0322% | [Test] Loss: 1.14002747 Accuracy: Top1: 58.0696%, Top5: 96.0641%
[Epoch 033] Time: 81.6793s | [Train] Loss: 1.11409182 Accuracy: Top1: 59.5368%, Top5: 96.1209% | [Test] Loss: 1.13553648 Accuracy: Top1: 58.4949%, Top5: 96.1135%
[Epoch 034] Time: 81.6637s | [Train] Loss: 1.11244741 Accuracy: Top1: 59.7171%, Top5: 96.1413% | [Test] Loss: 1.13266502 Accuracy: Top1: 58.4949%, Top5: 96.1036%
[Epoch 035] Time: 81.6945s | [Train] Loss: 1.11182493 Accuracy: Top1: 59.7163%, Top5: 96.1181% | [Test] Loss: 1.13376609 Accuracy: Top1: 58.4256%, Top5: 96.2025%
[Epoch 036] Time: 81.3074s | [Train] Loss: 1.10600363 Accuracy: Top1: 60.0523%, Top5: 96.1401% | [Test] Loss: 1.13364750 Accuracy: Top1: 58.3861%, Top5: 96.1828%
[Epoch 037] Time: 81.5634s | [Train] Loss: 1.10169722 Accuracy: Top1: 60.0012%, Top5: 96.2164% | [Test] Loss: 1.12890253 Accuracy: Top1: 58.7124%, Top5: 96.1630%
[Epoch 038] Time: 81.2462s | [Train] Loss: 1.09647684 Accuracy: Top1: 60.3393%, Top5: 96.3199% | [Test] Loss: 1.12157454 Accuracy: Top1: 58.9300%, Top5: 96.2619%
[Epoch 039] Time: 81.2920s | [Train] Loss: 1.09669995 Accuracy: Top1: 60.2126%, Top5: 96.2828% | [Test] Loss: 1.12183011 Accuracy: Top1: 58.7816%, Top5: 96.2520%
[Epoch 040] Time: 81.4379s | [Train] Loss: 1.09262983 Accuracy: Top1: 60.4795%, Top5: 96.2888% | [Test] Loss: 1.12039145 Accuracy: Top1: 58.7718%, Top5: 96.3014%
[Epoch 041] Time: 81.7025s | [Train] Loss: 1.09369102 Accuracy: Top1: 60.4108%, Top5: 96.4094% | [Test] Loss: 1.11934916 Accuracy: Top1: 59.1377%, Top5: 96.2322%
[Epoch 042] Time: 81.3742s | [Train] Loss: 1.09083370 Accuracy: Top1: 60.4352%, Top5: 96.2276% | [Test] Loss: 1.11936265 Accuracy: Top1: 59.3256%, Top5: 96.2223%
[Epoch 043] Time: 81.3706s | [Train] Loss: 1.08877967 Accuracy: Top1: 60.2306%, Top5: 96.3639% | [Test] Loss: 1.12057331 Accuracy: Top1: 58.9794%, Top5: 96.2718%
[Epoch 044] Time: 81.4198s | [Train] Loss: 1.08878738 Accuracy: Top1: 60.6082%, Top5: 96.2748% | [Test] Loss: 1.11792900 Accuracy: Top1: 58.7124%, Top5: 96.2322%
[Epoch 045] Time: 81.2430s | [Train] Loss: 1.08532179 Accuracy: Top1: 60.7896%, Top5: 96.4170% | [Test] Loss: 1.11623320 Accuracy: Top1: 59.0190%, Top5: 96.2421%
[Epoch 046] Time: 81.8057s | [Train] Loss: 1.08492651 Accuracy: Top1: 60.6825%, Top5: 96.4462% | [Test] Loss: 1.11576891 Accuracy: Top1: 59.0289%, Top5: 96.3212%
[Epoch 047] Time: 81.4677s | [Train] Loss: 1.08536616 Accuracy: Top1: 60.7569%, Top5: 96.3663% | [Test] Loss: 1.11644105 Accuracy: Top1: 59.0981%, Top5: 96.2619%
[Epoch 048] Time: 81.5517s | [Train] Loss: 1.08139193 Accuracy: Top1: 60.7601%, Top5: 96.3935% | [Test] Loss: 1.11703371 Accuracy: Top1: 58.8410%, Top5: 96.2619%
[Epoch 049] Time: 81.6421s | [Train] Loss: 1.08498067 Accuracy: Top1: 60.6849%, Top5: 96.3831% | [Test] Loss: 1.11640446 Accuracy: Top1: 58.9399%, Top5: 96.2718%
[Epoch 050] Time: 81.1971s | [Train] Loss: 1.08514051 Accuracy: Top1: 60.6710%, Top5: 96.3939% | [Test] Loss: 1.11646540 Accuracy: Top1: 59.0091%, Top5: 96.3509%
Files already downloaded and verified
Files already downloaded and verified
Model: VIT BranchConv
Total Parameters: 5046922
Trainable Parameters: 5046922
   - Trainable Parameters: 5.04692200 M
Model Complexity (Profiler):
   - GFLOPs: 1.98028704
   - Trainable Parameters: 5.04692200 M
[Epoch 001] Time: 71.1337s | [Train] Loss: 1.98766390 Accuracy: Top1: 28.6237%, Top5: 76.7287% | [Test] Loss: 1.77868278 Accuracy: Top1: 36.6891%, Top5: 84.9189%
[Epoch 002] Time: 71.0497s | [Train] Loss: 1.76345060 Accuracy: Top1: 37.2758%, Top5: 85.0563% | [Test] Loss: 1.68822108 Accuracy: Top1: 40.1602%, Top5: 86.6891%
[Epoch 003] Time: 70.9518s | [Train] Loss: 1.68593424 Accuracy: Top1: 40.1950%, Top5: 86.8726% | [Test] Loss: 1.62730405 Accuracy: Top1: 42.0194%, Top5: 87.9648%
[Epoch 004] Time: 70.7094s | [Train] Loss: 1.62878250 Accuracy: Top1: 42.3022%, Top5: 88.0798% | [Test] Loss: 1.57238097 Accuracy: Top1: 43.6412%, Top5: 89.2405%
[Epoch 005] Time: 70.8422s | [Train] Loss: 1.57437620 Accuracy: Top1: 44.0581%, Top5: 89.2783% | [Test] Loss: 1.52475657 Accuracy: Top1: 45.6784%, Top5: 90.3877%
[Epoch 006] Time: 70.8327s | [Train] Loss: 1.52502855 Accuracy: Top1: 45.5435%, Top5: 90.4436% | [Test] Loss: 1.47137617 Accuracy: Top1: 47.0629%, Top5: 91.3568%
[Epoch 007] Time: 71.0512s | [Train] Loss: 1.47355060 Accuracy: Top1: 47.3905%, Top5: 91.3975% | [Test] Loss: 1.42151403 Accuracy: Top1: 48.5166%, Top5: 92.4347%
[Epoch 008] Time: 70.9432s | [Train] Loss: 1.42771427 Accuracy: Top1: 48.4867%, Top5: 92.2051% | [Test] Loss: 1.38476120 Accuracy: Top1: 50.1681%, Top5: 93.0874%
[Epoch 009] Time: 71.0652s | [Train] Loss: 1.38339647 Accuracy: Top1: 50.2142%, Top5: 92.9296% | [Test] Loss: 1.34910178 Accuracy: Top1: 50.9098%, Top5: 93.5720%
[Epoch 010] Time: 71.0703s | [Train] Loss: 1.34666349 Accuracy: Top1: 51.2192%, Top5: 93.5194% | [Test] Loss: 1.31580307 Accuracy: Top1: 52.3042%, Top5: 93.8884%
[Epoch 011] Time: 71.0185s | [Train] Loss: 1.31816106 Accuracy: Top1: 52.3541%, Top5: 93.8919% | [Test] Loss: 1.29565566 Accuracy: Top1: 53.1250%, Top5: 94.1555%
[Epoch 012] Time: 70.7468s | [Train] Loss: 1.28885022 Accuracy: Top1: 53.2449%, Top5: 94.3474% | [Test] Loss: 1.26929667 Accuracy: Top1: 53.9656%, Top5: 94.4324%
[Epoch 013] Time: 70.9824s | [Train] Loss: 1.26637506 Accuracy: Top1: 54.2699%, Top5: 94.5105% | [Test] Loss: 1.25270913 Accuracy: Top1: 54.5293%, Top5: 94.8081%
[Epoch 014] Time: 71.1021s | [Train] Loss: 1.24534745 Accuracy: Top1: 54.9453%, Top5: 94.8813% | [Test] Loss: 1.23849416 Accuracy: Top1: 55.3797%, Top5: 94.9169%
[Epoch 015] Time: 71.2216s | [Train] Loss: 1.22089801 Accuracy: Top1: 55.7101%, Top5: 95.1147% | [Test] Loss: 1.22400275 Accuracy: Top1: 55.5775%, Top5: 94.8576%
[Epoch 016] Time: 70.8834s | [Train] Loss: 1.20229719 Accuracy: Top1: 56.6456%, Top5: 95.2989% | [Test] Loss: 1.21253056 Accuracy: Top1: 56.1610%, Top5: 95.2037%
[Epoch 017] Time: 70.9425s | [Train] Loss: 1.18640494 Accuracy: Top1: 57.3234%, Top5: 95.2737% | [Test] Loss: 1.19362105 Accuracy: Top1: 56.9126%, Top5: 95.3916%
[Epoch 018] Time: 71.0211s | [Train] Loss: 1.17121516 Accuracy: Top1: 57.9400%, Top5: 95.5223% | [Test] Loss: 1.18024651 Accuracy: Top1: 57.3675%, Top5: 95.5894%
[Epoch 019] Time: 70.9306s | [Train] Loss: 1.15541880 Accuracy: Top1: 58.5786%, Top5: 95.6949% | [Test] Loss: 1.18263761 Accuracy: Top1: 57.6048%, Top5: 95.6586%
[Epoch 020] Time: 71.1383s | [Train] Loss: 1.14182099 Accuracy: Top1: 59.0094%, Top5: 95.8004% | [Test] Loss: 1.16637616 Accuracy: Top1: 57.6741%, Top5: 95.7674%
[Epoch 021] Time: 71.0427s | [Train] Loss: 1.13367578 Accuracy: Top1: 59.2379%, Top5: 95.8820% | [Test] Loss: 1.16112440 Accuracy: Top1: 57.9411%, Top5: 95.8169%
[Epoch 022] Time: 71.1707s | [Train] Loss: 1.11889882 Accuracy: Top1: 59.8374%, Top5: 96.0474% | [Test] Loss: 1.14145289 Accuracy: Top1: 58.2377%, Top5: 95.9157%
[Epoch 023] Time: 70.9992s | [Train] Loss: 1.10778923 Accuracy: Top1: 60.2462%, Top5: 96.0894% | [Test] Loss: 1.13863610 Accuracy: Top1: 58.8410%, Top5: 95.9355%
[Epoch 024] Time: 71.0517s | [Train] Loss: 1.09627858 Accuracy: Top1: 60.7625%, Top5: 96.1361% | [Test] Loss: 1.13279860 Accuracy: Top1: 58.9597%, Top5: 96.1036%
[Epoch 025] Time: 71.2065s | [Train] Loss: 1.08531697 Accuracy: Top1: 61.0702%, Top5: 96.3499% | [Test] Loss: 1.12418640 Accuracy: Top1: 59.3552%, Top5: 96.1828%
[Epoch 026] Time: 70.9626s | [Train] Loss: 1.07962812 Accuracy: Top1: 61.6264%, Top5: 96.3111% | [Test] Loss: 1.12278200 Accuracy: Top1: 59.4343%, Top5: 96.1234%
[Epoch 027] Time: 70.9966s | [Train] Loss: 1.07389330 Accuracy: Top1: 61.6204%, Top5: 96.4482% | [Test] Loss: 1.12096524 Accuracy: Top1: 59.7409%, Top5: 96.2915%
[Epoch 028] Time: 71.0393s | [Train] Loss: 1.06694395 Accuracy: Top1: 62.0444%, Top5: 96.4510% | [Test] Loss: 1.11088779 Accuracy: Top1: 59.8596%, Top5: 96.3805%
[Epoch 029] Time: 71.0146s | [Train] Loss: 1.05844020 Accuracy: Top1: 62.2682%, Top5: 96.5329% | [Test] Loss: 1.10769247 Accuracy: Top1: 60.0870%, Top5: 96.3311%
[Epoch 030] Time: 71.0669s | [Train] Loss: 1.05411056 Accuracy: Top1: 62.4433%, Top5: 96.5078% | [Test] Loss: 1.09833484 Accuracy: Top1: 59.7310%, Top5: 96.4201%
[Epoch 031] Time: 71.0771s | [Train] Loss: 1.04454117 Accuracy: Top1: 62.5671%, Top5: 96.6332% | [Test] Loss: 1.10293430 Accuracy: Top1: 60.4233%, Top5: 96.2816%
[Epoch 032] Time: 71.4091s | [Train] Loss: 1.04170927 Accuracy: Top1: 62.8940%, Top5: 96.6648% | [Test] Loss: 1.09268668 Accuracy: Top1: 60.5222%, Top5: 96.3311%
[Epoch 033] Time: 71.0527s | [Train] Loss: 1.03491120 Accuracy: Top1: 63.1010%, Top5: 96.7331% | [Test] Loss: 1.09427882 Accuracy: Top1: 60.7496%, Top5: 96.4498%
[Epoch 034] Time: 71.0385s | [Train] Loss: 1.03086592 Accuracy: Top1: 63.1410%, Top5: 96.7407% | [Test] Loss: 1.09023338 Accuracy: Top1: 60.8287%, Top5: 96.4201%
[Epoch 035] Time: 70.9638s | [Train] Loss: 1.02762409 Accuracy: Top1: 63.3364%, Top5: 96.8167% | [Test] Loss: 1.09386215 Accuracy: Top1: 60.2551%, Top5: 96.5091%
[Epoch 036] Time: 71.0778s | [Train] Loss: 1.02289559 Accuracy: Top1: 63.5134%, Top5: 96.8534% | [Test] Loss: 1.08828354 Accuracy: Top1: 60.7397%, Top5: 96.5981%
[Epoch 037] Time: 71.0511s | [Train] Loss: 1.02028495 Accuracy: Top1: 63.6109%, Top5: 96.8614% | [Test] Loss: 1.08306765 Accuracy: Top1: 60.8881%, Top5: 96.5289%
[Epoch 038] Time: 71.1269s | [Train] Loss: 1.01874703 Accuracy: Top1: 63.6121%, Top5: 96.9138% | [Test] Loss: 1.08481109 Accuracy: Top1: 61.0364%, Top5: 96.5289%
[Epoch 039] Time: 71.0757s | [Train] Loss: 1.01732066 Accuracy: Top1: 63.6785%, Top5: 96.9130% | [Test] Loss: 1.08173536 Accuracy: Top1: 60.9276%, Top5: 96.6278%
[Epoch 040] Time: 70.7017s | [Train] Loss: 1.01174418 Accuracy: Top1: 63.9658%, Top5: 96.8666% | [Test] Loss: 1.08019380 Accuracy: Top1: 61.1650%, Top5: 96.5684%
[Epoch 041] Time: 70.9222s | [Train] Loss: 1.01123589 Accuracy: Top1: 64.0689%, Top5: 96.8794% | [Test] Loss: 1.07752789 Accuracy: Top1: 61.2540%, Top5: 96.5981%
[Epoch 042] Time: 71.0374s | [Train] Loss: 1.00893093 Accuracy: Top1: 64.0401%, Top5: 96.8370% | [Test] Loss: 1.07727193 Accuracy: Top1: 61.3726%, Top5: 96.5289%
[Epoch 043] Time: 71.0623s | [Train] Loss: 1.00797618 Accuracy: Top1: 63.9590%, Top5: 96.9126% | [Test] Loss: 1.07689604 Accuracy: Top1: 61.3133%, Top5: 96.5882%
[Epoch 044] Time: 70.9868s | [Train] Loss: 1.00568310 Accuracy: Top1: 64.1220%, Top5: 96.9405% | [Test] Loss: 1.07448827 Accuracy: Top1: 61.5012%, Top5: 96.6080%
[Epoch 045] Time: 70.8866s | [Train] Loss: 1.00471473 Accuracy: Top1: 64.1840%, Top5: 96.9026% | [Test] Loss: 1.07478044 Accuracy: Top1: 61.3034%, Top5: 96.6871%
[Epoch 046] Time: 71.1189s | [Train] Loss: 1.00570833 Accuracy: Top1: 64.0697%, Top5: 96.9445% | [Test] Loss: 1.07482979 Accuracy: Top1: 61.4221%, Top5: 96.6179%
[Epoch 047] Time: 71.0031s | [Train] Loss: 1.00274719 Accuracy: Top1: 64.2751%, Top5: 96.9817% | [Test] Loss: 1.07494525 Accuracy: Top1: 61.4023%, Top5: 96.6179%
[Epoch 048] Time: 70.9724s | [Train] Loss: 1.00476530 Accuracy: Top1: 64.1932%, Top5: 96.9142% | [Test] Loss: 1.07488518 Accuracy: Top1: 61.4221%, Top5: 96.5981%
[Epoch 049] Time: 71.0714s | [Train] Loss: 1.00511385 Accuracy: Top1: 64.0573%, Top5: 96.9665% | [Test] Loss: 1.07489594 Accuracy: Top1: 61.3627%, Top5: 96.6179%
[Epoch 050] Time: 71.1856s | [Train] Loss: 1.00382715 Accuracy: Top1: 64.4881%, Top5: 96.8378% | [Test] Loss: 1.07482706 Accuracy: Top1: 61.3924%, Top5: 96.5882%
Files already downloaded and verified
Files already downloaded and verified
Model: VIT BranchAttention
Total Parameters: 5159434
Trainable Parameters: 5159434
   - Trainable Parameters: 5.15943400 M
Model Complexity (Profiler):
   - GFLOPs: 2.24626541
   - Trainable Parameters: 5.15943400 M
[Epoch 001] Time: 80.8535s | [Train] Loss: 2.04624654 Accuracy: Top1: 23.7144%, Top5: 76.0670% | [Test] Loss: 1.91356414 Accuracy: Top1: 30.6566%, Top5: 81.8038%
[Epoch 002] Time: 80.6401s | [Train] Loss: 1.90047987 Accuracy: Top1: 30.3852%, Top5: 81.9873% | [Test] Loss: 1.79870512 Accuracy: Top1: 35.2255%, Top5: 84.8200%
[Epoch 003] Time: 80.7342s | [Train] Loss: 1.76604546 Accuracy: Top1: 35.1091%, Top5: 85.8999% | [Test] Loss: 1.64630617 Accuracy: Top1: 40.1602%, Top5: 88.7856%
[Epoch 004] Time: 80.4771s | [Train] Loss: 1.64870403 Accuracy: Top1: 39.0229%, Top5: 88.6281% | [Test] Loss: 1.56334237 Accuracy: Top1: 42.8896%, Top5: 90.3085%
[Epoch 005] Time: 80.7668s | [Train] Loss: 1.57681007 Accuracy: Top1: 41.6340%, Top5: 90.0979% | [Test] Loss: 1.53124419 Accuracy: Top1: 43.7994%, Top5: 91.0997%
[Epoch 006] Time: 80.6830s | [Train] Loss: 1.52706253 Accuracy: Top1: 43.6837%, Top5: 91.0474% | [Test] Loss: 1.46520673 Accuracy: Top1: 46.3410%, Top5: 92.2369%
[Epoch 007] Time: 80.5437s | [Train] Loss: 1.47845802 Accuracy: Top1: 45.6286%, Top5: 91.8930% | [Test] Loss: 1.42012384 Accuracy: Top1: 48.1606%, Top5: 92.8699%
[Epoch 008] Time: 80.2779s | [Train] Loss: 1.43994200 Accuracy: Top1: 47.0644%, Top5: 92.4784% | [Test] Loss: 1.38950126 Accuracy: Top1: 49.3869%, Top5: 93.3940%
[Epoch 009] Time: 80.5988s | [Train] Loss: 1.39830928 Accuracy: Top1: 48.5666%, Top5: 93.0583% | [Test] Loss: 1.36133497 Accuracy: Top1: 50.2275%, Top5: 93.3841%
[Epoch 010] Time: 80.2809s | [Train] Loss: 1.36551058 Accuracy: Top1: 49.6895%, Top5: 93.7156% | [Test] Loss: 1.32540815 Accuracy: Top1: 51.7998%, Top5: 94.0071%
[Epoch 011] Time: 80.6072s | [Train] Loss: 1.33029831 Accuracy: Top1: 51.3355%, Top5: 94.0157% | [Test] Loss: 1.28417304 Accuracy: Top1: 53.0261%, Top5: 94.6895%
[Epoch 012] Time: 80.7015s | [Train] Loss: 1.29859330 Accuracy: Top1: 52.2323%, Top5: 94.5580% | [Test] Loss: 1.25298355 Accuracy: Top1: 54.3414%, Top5: 94.9862%
[Epoch 013] Time: 80.5337s | [Train] Loss: 1.27360771 Accuracy: Top1: 53.5086%, Top5: 94.6987% | [Test] Loss: 1.23184796 Accuracy: Top1: 54.8161%, Top5: 95.2532%
[Epoch 014] Time: 80.3753s | [Train] Loss: 1.24771660 Accuracy: Top1: 54.2379%, Top5: 95.0444% | [Test] Loss: 1.20632405 Accuracy: Top1: 55.8940%, Top5: 95.3916%
[Epoch 015] Time: 80.5551s | [Train] Loss: 1.22191143 Accuracy: Top1: 55.4104%, Top5: 95.2358% | [Test] Loss: 1.22678217 Accuracy: Top1: 55.5281%, Top5: 95.5103%
[Epoch 016] Time: 80.4899s | [Train] Loss: 1.20087541 Accuracy: Top1: 56.2112%, Top5: 95.4208% | [Test] Loss: 1.18330579 Accuracy: Top1: 56.5467%, Top5: 95.8366%
[Epoch 017] Time: 80.5336s | [Train] Loss: 1.18335971 Accuracy: Top1: 56.8562%, Top5: 95.5894% | [Test] Loss: 1.14414525 Accuracy: Top1: 58.1092%, Top5: 96.1135%
[Epoch 018] Time: 80.8694s | [Train] Loss: 1.16333409 Accuracy: Top1: 57.5751%, Top5: 95.7493% | [Test] Loss: 1.14690922 Accuracy: Top1: 58.2674%, Top5: 96.1333%
[Epoch 019] Time: 80.0885s | [Train] Loss: 1.14431195 Accuracy: Top1: 58.4147%, Top5: 95.9247% | [Test] Loss: 1.15719711 Accuracy: Top1: 58.3070%, Top5: 96.1135%
[Epoch 020] Time: 80.5302s | [Train] Loss: 1.13290584 Accuracy: Top1: 58.6789%, Top5: 96.0989% | [Test] Loss: 1.10945251 Accuracy: Top1: 59.4541%, Top5: 96.6179%
[Epoch 021] Time: 79.8426s | [Train] Loss: 1.11733849 Accuracy: Top1: 59.2551%, Top5: 96.2300% | [Test] Loss: 1.10776664 Accuracy: Top1: 59.9090%, Top5: 96.3311%
[Epoch 022] Time: 80.5181s | [Train] Loss: 1.10311262 Accuracy: Top1: 59.8825%, Top5: 96.4114% | [Test] Loss: 1.08666884 Accuracy: Top1: 60.2848%, Top5: 96.6574%
[Epoch 023] Time: 80.1926s | [Train] Loss: 1.08982719 Accuracy: Top1: 60.2486%, Top5: 96.3635% | [Test] Loss: 1.07478367 Accuracy: Top1: 60.8584%, Top5: 96.6179%
[Epoch 024] Time: 80.5409s | [Train] Loss: 1.07800040 Accuracy: Top1: 60.7269%, Top5: 96.5701% | [Test] Loss: 1.06943405 Accuracy: Top1: 61.1056%, Top5: 96.8453%
[Epoch 025] Time: 80.5920s | [Train] Loss: 1.07183516 Accuracy: Top1: 61.0022%, Top5: 96.5429% | [Test] Loss: 1.05139643 Accuracy: Top1: 61.8374%, Top5: 96.9244%
[Epoch 026] Time: 80.4791s | [Train] Loss: 1.05940919 Accuracy: Top1: 61.7371%, Top5: 96.5933% | [Test] Loss: 1.05068167 Accuracy: Top1: 62.0154%, Top5: 96.9640%
[Epoch 027] Time: 80.5375s | [Train] Loss: 1.04972250 Accuracy: Top1: 62.0788%, Top5: 96.7607% | [Test] Loss: 1.04674044 Accuracy: Top1: 62.3121%, Top5: 96.8256%
[Epoch 028] Time: 80.6437s | [Train] Loss: 1.04131255 Accuracy: Top1: 62.4820%, Top5: 96.8410% | [Test] Loss: 1.03631946 Accuracy: Top1: 62.5692%, Top5: 97.0036%
[Epoch 029] Time: 80.6410s | [Train] Loss: 1.03386369 Accuracy: Top1: 62.5767%, Top5: 96.8438% | [Test] Loss: 1.02580308 Accuracy: Top1: 63.0044%, Top5: 97.2310%
[Epoch 030] Time: 80.4535s | [Train] Loss: 1.02610286 Accuracy: Top1: 62.9424%, Top5: 96.9481% | [Test] Loss: 1.02182054 Accuracy: Top1: 62.6978%, Top5: 97.1222%
[Epoch 031] Time: 80.5852s | [Train] Loss: 1.02022766 Accuracy: Top1: 63.2029%, Top5: 97.0225% | [Test] Loss: 1.02209781 Accuracy: Top1: 63.1725%, Top5: 97.0134%
[Epoch 032] Time: 80.7459s | [Train] Loss: 1.01362294 Accuracy: Top1: 63.3927%, Top5: 96.9349% | [Test] Loss: 1.00879018 Accuracy: Top1: 63.5878%, Top5: 97.0926%
[Epoch 033] Time: 80.4678s | [Train] Loss: 1.00784732 Accuracy: Top1: 63.4107%, Top5: 97.0273% | [Test] Loss: 1.01096157 Accuracy: Top1: 62.8758%, Top5: 97.1717%
[Epoch 034] Time: 80.5396s | [Train] Loss: 1.00382654 Accuracy: Top1: 63.7320%, Top5: 97.0592% | [Test] Loss: 0.99990357 Accuracy: Top1: 64.1119%, Top5: 97.0827%
[Epoch 035] Time: 80.3286s | [Train] Loss: 0.99951178 Accuracy: Top1: 63.8099%, Top5: 97.0364% | [Test] Loss: 1.00506661 Accuracy: Top1: 63.8054%, Top5: 97.0134%
[Epoch 036] Time: 80.5640s | [Train] Loss: 0.99545871 Accuracy: Top1: 64.1648%, Top5: 97.1495% | [Test] Loss: 0.99405244 Accuracy: Top1: 64.1416%, Top5: 97.1915%
[Epoch 037] Time: 80.4647s | [Train] Loss: 0.99086808 Accuracy: Top1: 64.3614%, Top5: 97.0848% | [Test] Loss: 0.99241274 Accuracy: Top1: 64.2702%, Top5: 97.1420%
[Epoch 038] Time: 80.8800s | [Train] Loss: 0.98423065 Accuracy: Top1: 64.6383%, Top5: 97.2235% | [Test] Loss: 0.98894395 Accuracy: Top1: 64.3097%, Top5: 97.1816%
[Epoch 039] Time: 80.5626s | [Train] Loss: 0.98393679 Accuracy: Top1: 64.4969%, Top5: 97.2734% | [Test] Loss: 0.98854139 Accuracy: Top1: 64.2603%, Top5: 97.1816%
[Epoch 040] Time: 80.5964s | [Train] Loss: 0.98301235 Accuracy: Top1: 64.5940%, Top5: 97.2470% | [Test] Loss: 0.98774055 Accuracy: Top1: 64.1911%, Top5: 97.2211%
[Epoch 041] Time: 80.2741s | [Train] Loss: 0.98138265 Accuracy: Top1: 64.5436%, Top5: 97.2347% | [Test] Loss: 0.98373546 Accuracy: Top1: 64.6559%, Top5: 97.2112%
[Epoch 042] Time: 80.2121s | [Train] Loss: 0.97949940 Accuracy: Top1: 64.7119%, Top5: 97.1807% | [Test] Loss: 0.98244748 Accuracy: Top1: 64.2405%, Top5: 97.2607%
[Epoch 043] Time: 80.6478s | [Train] Loss: 0.97510160 Accuracy: Top1: 64.9085%, Top5: 97.2514% | [Test] Loss: 0.98053242 Accuracy: Top1: 64.6559%, Top5: 97.2013%
[Epoch 044] Time: 80.3383s | [Train] Loss: 0.97477596 Accuracy: Top1: 64.9824%, Top5: 97.3493% | [Test] Loss: 0.98270595 Accuracy: Top1: 64.6954%, Top5: 97.2112%
[Epoch 045] Time: 80.7710s | [Train] Loss: 0.97397516 Accuracy: Top1: 64.9808%, Top5: 97.2363% | [Test] Loss: 0.98094162 Accuracy: Top1: 64.6460%, Top5: 97.2310%
[Epoch 046] Time: 80.7115s | [Train] Loss: 0.97200413 Accuracy: Top1: 64.9724%, Top5: 97.2406% | [Test] Loss: 0.98129696 Accuracy: Top1: 64.6657%, Top5: 97.2706%
[Epoch 047] Time: 80.6901s | [Train] Loss: 0.97222500 Accuracy: Top1: 64.9872%, Top5: 97.2606% | [Test] Loss: 0.97946206 Accuracy: Top1: 64.6262%, Top5: 97.2211%
[Epoch 048] Time: 80.4812s | [Train] Loss: 0.97367875 Accuracy: Top1: 64.9153%, Top5: 97.3250% | [Test] Loss: 0.97978287 Accuracy: Top1: 64.6361%, Top5: 97.2409%
[Epoch 049] Time: 80.7893s | [Train] Loss: 0.97255272 Accuracy: Top1: 64.8929%, Top5: 97.3194% | [Test] Loss: 0.97917739 Accuracy: Top1: 64.8240%, Top5: 97.2310%
[Epoch 050] Time: 80.5962s | [Train] Loss: 0.96945815 Accuracy: Top1: 65.1155%, Top5: 97.2906% | [Test] Loss: 0.97944115 Accuracy: Top1: 64.8339%, Top5: 97.2508%
