Files already downloaded and verified
Files already downloaded and verified
Model: VIT Attention
Total Parameters: 5488522
Trainable Parameters: 5488522
   - Trainable Parameters: 5.48852200 M
Model Complexity (Profiler):
   - GFLOPs: 2.50793184
   - Trainable Parameters: 5.48852200 M
[Epoch 001] Time: 55.0009s | [Train] Loss: 1.66439129 Accuracy: Top1: 39.0913%, Top5: 87.1483% | [Test] Loss: 1.33718194 Accuracy: Top1: 51.7108%, Top5: 93.4335%
[Epoch 002] Time: 54.8688s | [Train] Loss: 1.25831988 Accuracy: Top1: 54.4054%, Top5: 94.5017% | [Test] Loss: 1.13891608 Accuracy: Top1: 58.3861%, Top5: 95.6290%
[Epoch 003] Time: 55.0695s | [Train] Loss: 1.09385261 Accuracy: Top1: 60.7964%, Top5: 96.1033% | [Test] Loss: 1.08221655 Accuracy: Top1: 60.8089%, Top5: 96.3410%
[Epoch 004] Time: 55.3014s | [Train] Loss: 0.99791477 Accuracy: Top1: 64.2080%, Top5: 96.9337% | [Test] Loss: 0.99805360 Accuracy: Top1: 64.0131%, Top5: 96.9244%
[Epoch 005] Time: 55.4666s | [Train] Loss: 0.91203722 Accuracy: Top1: 67.6479%, Top5: 97.4584% | [Test] Loss: 0.96313867 Accuracy: Top1: 65.9019%, Top5: 97.1519%
[Epoch 006] Time: 55.4567s | [Train] Loss: 0.83729123 Accuracy: Top1: 70.3121%, Top5: 97.9000% | [Test] Loss: 0.90365868 Accuracy: Top1: 68.2259%, Top5: 97.3299%
[Epoch 007] Time: 55.7973s | [Train] Loss: 0.77674431 Accuracy: Top1: 72.4916%, Top5: 98.2701% | [Test] Loss: 0.82173800 Accuracy: Top1: 70.9256%, Top5: 97.7848%
[Epoch 008] Time: 55.6418s | [Train] Loss: 0.72043912 Accuracy: Top1: 74.3642%, Top5: 98.5006% | [Test] Loss: 0.85781332 Accuracy: Top1: 70.1444%, Top5: 97.6661%
[Epoch 009] Time: 55.5663s | [Train] Loss: 0.67099390 Accuracy: Top1: 76.1377%, Top5: 98.7412% | [Test] Loss: 0.81540376 Accuracy: Top1: 71.7662%, Top5: 98.0024%
[Epoch 010] Time: 55.5930s | [Train] Loss: 0.62870307 Accuracy: Top1: 77.4173%, Top5: 98.9630% | [Test] Loss: 0.79040834 Accuracy: Top1: 73.1903%, Top5: 98.1507%
[Epoch 011] Time: 55.7143s | [Train] Loss: 0.58366878 Accuracy: Top1: 79.1752%, Top5: 99.1468% | [Test] Loss: 0.78929656 Accuracy: Top1: 73.8528%, Top5: 98.2298%
[Epoch 012] Time: 55.5583s | [Train] Loss: 0.53537150 Accuracy: Top1: 80.8576%, Top5: 99.2847% | [Test] Loss: 0.80365935 Accuracy: Top1: 73.5463%, Top5: 98.0914%
[Epoch 013] Time: 55.6625s | [Train] Loss: 0.50233057 Accuracy: Top1: 81.8706%, Top5: 99.4325% | [Test] Loss: 0.76155549 Accuracy: Top1: 74.6143%, Top5: 98.3188%
[Epoch 014] Time: 55.4712s | [Train] Loss: 0.45581023 Accuracy: Top1: 83.7688%, Top5: 99.5544% | [Test] Loss: 0.76058053 Accuracy: Top1: 75.2670%, Top5: 98.4276%
[Epoch 015] Time: 55.6474s | [Train] Loss: 0.42029479 Accuracy: Top1: 84.8985%, Top5: 99.6411% | [Test] Loss: 0.80580555 Accuracy: Top1: 74.6638%, Top5: 98.2991%
[Epoch 016] Time: 55.8679s | [Train] Loss: 0.38883034 Accuracy: Top1: 86.0750%, Top5: 99.6771% | [Test] Loss: 0.77294219 Accuracy: Top1: 75.4846%, Top5: 98.2595%
[Epoch 017] Time: 55.6360s | [Train] Loss: 0.35018463 Accuracy: Top1: 87.4716%, Top5: 99.7782% | [Test] Loss: 0.82820458 Accuracy: Top1: 74.4858%, Top5: 98.3485%
[Epoch 018] Time: 55.6555s | [Train] Loss: 0.31827348 Accuracy: Top1: 88.5278%, Top5: 99.8461% | [Test] Loss: 0.85205508 Accuracy: Top1: 75.5241%, Top5: 98.3188%
[Epoch 019] Time: 55.5815s | [Train] Loss: 0.29136356 Accuracy: Top1: 89.3354%, Top5: 99.9121% | [Test] Loss: 0.86993292 Accuracy: Top1: 75.4846%, Top5: 98.2595%
[Epoch 020] Time: 55.7534s | [Train] Loss: 0.25861815 Accuracy: Top1: 90.6885%, Top5: 99.9101% | [Test] Loss: 0.87293533 Accuracy: Top1: 76.2955%, Top5: 98.3979%
[Epoch 021] Time: 55.9788s | [Train] Loss: 0.24076468 Accuracy: Top1: 91.3267%, Top5: 99.9480% | [Test] Loss: 0.90694772 Accuracy: Top1: 75.4648%, Top5: 98.3287%
[Epoch 022] Time: 55.7326s | [Train] Loss: 0.22196885 Accuracy: Top1: 91.9817%, Top5: 99.9461% | [Test] Loss: 0.92669407 Accuracy: Top1: 75.9296%, Top5: 98.2002%
[Epoch 023] Time: 55.5048s | [Train] Loss: 0.20419874 Accuracy: Top1: 92.6495%, Top5: 99.9560% | [Test] Loss: 0.90618786 Accuracy: Top1: 76.1373%, Top5: 98.3386%
[Epoch 024] Time: 55.7863s | [Train] Loss: 0.18269301 Accuracy: Top1: 93.3100%, Top5: 99.9780% | [Test] Loss: 0.96535312 Accuracy: Top1: 75.6230%, Top5: 98.1705%
[Epoch 025] Time: 55.5472s | [Train] Loss: 0.17247937 Accuracy: Top1: 93.7940%, Top5: 99.9760% | [Test] Loss: 0.94588226 Accuracy: Top1: 76.2856%, Top5: 98.4375%
[Epoch 026] Time: 55.1331s | [Train] Loss: 0.15299674 Accuracy: Top1: 94.4421%, Top5: 99.9860% | [Test] Loss: 1.01616219 Accuracy: Top1: 76.5922%, Top5: 98.3881%
[Epoch 027] Time: 55.8250s | [Train] Loss: 0.14792880 Accuracy: Top1: 94.6931%, Top5: 99.9800% | [Test] Loss: 1.03098342 Accuracy: Top1: 76.2559%, Top5: 98.3089%
[Epoch 028] Time: 56.0730s | [Train] Loss: 0.13689339 Accuracy: Top1: 95.0803%, Top5: 99.9800% | [Test] Loss: 1.03548417 Accuracy: Top1: 76.7603%, Top5: 98.5265%
[Epoch 029] Time: 55.9183s | [Train] Loss: 0.12616088 Accuracy: Top1: 95.4668%, Top5: 99.9880% | [Test] Loss: 1.06475627 Accuracy: Top1: 75.9889%, Top5: 98.3782%
[Epoch 030] Time: 55.4879s | [Train] Loss: 0.11647298 Accuracy: Top1: 95.8444%, Top5: 99.9940% | [Test] Loss: 1.10578078 Accuracy: Top1: 76.5526%, Top5: 98.3683%
[Epoch 031] Time: 55.5407s | [Train] Loss: 0.11075650 Accuracy: Top1: 96.0810%, Top5: 99.9860% | [Test] Loss: 1.11952510 Accuracy: Top1: 76.5625%, Top5: 98.4474%
[Epoch 032] Time: 55.7401s | [Train] Loss: 0.10377331 Accuracy: Top1: 96.4078%, Top5: 99.9900% | [Test] Loss: 1.09463091 Accuracy: Top1: 76.8493%, Top5: 98.3979%
[Epoch 033] Time: 55.5372s | [Train] Loss: 0.09805974 Accuracy: Top1: 96.5737%, Top5: 99.9920% | [Test] Loss: 1.10618055 Accuracy: Top1: 77.2844%, Top5: 98.3188%
[Epoch 034] Time: 55.6064s | [Train] Loss: 0.09234904 Accuracy: Top1: 96.6460%, Top5: 99.9960% | [Test] Loss: 1.17393892 Accuracy: Top1: 76.7702%, Top5: 98.4573%
[Epoch 035] Time: 55.5901s | [Train] Loss: 0.09048551 Accuracy: Top1: 96.7927%, Top5: 99.9960% | [Test] Loss: 1.18881367 Accuracy: Top1: 76.5823%, Top5: 98.2793%
[Epoch 036] Time: 55.6547s | [Train] Loss: 0.08139162 Accuracy: Top1: 97.1823%, Top5: 99.9940% | [Test] Loss: 1.16577093 Accuracy: Top1: 76.8888%, Top5: 98.3485%
[Epoch 037] Time: 55.5666s | [Train] Loss: 0.07736640 Accuracy: Top1: 97.2906%, Top5: 99.9960% | [Test] Loss: 1.21562699 Accuracy: Top1: 76.9581%, Top5: 98.3188%
[Epoch 038] Time: 55.5838s | [Train] Loss: 0.06916742 Accuracy: Top1: 97.5424%, Top5: 99.9960% | [Test] Loss: 1.18425041 Accuracy: Top1: 77.0965%, Top5: 98.2397%
[Epoch 039] Time: 55.6290s | [Train] Loss: 0.06963713 Accuracy: Top1: 97.5939%, Top5: 99.9980% | [Test] Loss: 1.24813555 Accuracy: Top1: 76.7108%, Top5: 98.4078%
[Epoch 040] Time: 55.6351s | [Train] Loss: 0.06717158 Accuracy: Top1: 97.6471%, Top5: 99.9940% | [Test] Loss: 1.22638965 Accuracy: Top1: 77.2350%, Top5: 98.3979%
[Epoch 041] Time: 55.8501s | [Train] Loss: 0.06279323 Accuracy: Top1: 97.7897%, Top5: 99.9940% | [Test] Loss: 1.26139843 Accuracy: Top1: 77.4328%, Top5: 98.2100%
[Epoch 042] Time: 55.5942s | [Train] Loss: 0.05956697 Accuracy: Top1: 97.9008%, Top5: 99.9960% | [Test] Loss: 1.28548176 Accuracy: Top1: 76.8394%, Top5: 98.3287%
[Epoch 043] Time: 55.7624s | [Train] Loss: 0.05778913 Accuracy: Top1: 97.9388%, Top5: 99.9980% | [Test] Loss: 1.28793040 Accuracy: Top1: 77.6305%, Top5: 98.2595%
[Epoch 044] Time: 55.6190s | [Train] Loss: 0.05062421 Accuracy: Top1: 98.1566%, Top5: 99.9980% | [Test] Loss: 1.34975699 Accuracy: Top1: 76.4636%, Top5: 98.2793%
[Epoch 045] Time: 55.6622s | [Train] Loss: 0.05040262 Accuracy: Top1: 98.2597%, Top5: 100.0000% | [Test] Loss: 1.32750310 Accuracy: Top1: 77.1954%, Top5: 98.3584%
[Epoch 046] Time: 55.8177s | [Train] Loss: 0.04742793 Accuracy: Top1: 98.3084%, Top5: 99.9980% | [Test] Loss: 1.32797090 Accuracy: Top1: 77.6602%, Top5: 98.2298%
[Epoch 047] Time: 55.8412s | [Train] Loss: 0.04673564 Accuracy: Top1: 98.3788%, Top5: 99.9940% | [Test] Loss: 1.34610841 Accuracy: Top1: 77.6108%, Top5: 98.2002%
[Epoch 048] Time: 55.6806s | [Train] Loss: 0.04139951 Accuracy: Top1: 98.5630%, Top5: 100.0000% | [Test] Loss: 1.43056270 Accuracy: Top1: 77.4130%, Top5: 98.2793%
[Epoch 049] Time: 55.6741s | [Train] Loss: 0.03912390 Accuracy: Top1: 98.6397%, Top5: 99.9980% | [Test] Loss: 1.41371200 Accuracy: Top1: 77.4624%, Top5: 98.2595%
[Epoch 050] Time: 55.8750s | [Train] Loss: 0.03767785 Accuracy: Top1: 98.7096%, Top5: 100.0000% | [Test] Loss: 1.35698415 Accuracy: Top1: 77.5514%, Top5: 98.3782%
[Epoch 051] Time: 55.7272s | [Train] Loss: 0.03349953 Accuracy: Top1: 98.9078%, Top5: 100.0000% | [Test] Loss: 1.47305061 Accuracy: Top1: 77.3734%, Top5: 98.2595%
[Epoch 052] Time: 55.7626s | [Train] Loss: 0.03415555 Accuracy: Top1: 98.8607%, Top5: 99.9980% | [Test] Loss: 1.45054590 Accuracy: Top1: 77.6206%, Top5: 98.2793%
[Epoch 053] Time: 55.7247s | [Train] Loss: 0.03090769 Accuracy: Top1: 98.9438%, Top5: 99.9980% | [Test] Loss: 1.47651106 Accuracy: Top1: 77.5218%, Top5: 98.2991%
[Epoch 054] Time: 55.6285s | [Train] Loss: 0.02932154 Accuracy: Top1: 99.0357%, Top5: 100.0000% | [Test] Loss: 1.46424325 Accuracy: Top1: 77.9866%, Top5: 98.4078%
[Epoch 055] Time: 55.6722s | [Train] Loss: 0.02744961 Accuracy: Top1: 99.0797%, Top5: 100.0000% | [Test] Loss: 1.49388032 Accuracy: Top1: 77.6503%, Top5: 98.3287%
[Epoch 056] Time: 55.5859s | [Train] Loss: 0.02694359 Accuracy: Top1: 99.0585%, Top5: 100.0000% | [Test] Loss: 1.47411571 Accuracy: Top1: 78.3129%, Top5: 98.3683%
[Epoch 057] Time: 55.7020s | [Train] Loss: 0.02507320 Accuracy: Top1: 99.0685%, Top5: 100.0000% | [Test] Loss: 1.51458839 Accuracy: Top1: 78.1052%, Top5: 98.5463%
[Epoch 058] Time: 55.8909s | [Train] Loss: 0.02409112 Accuracy: Top1: 99.2124%, Top5: 99.9960% | [Test] Loss: 1.50904712 Accuracy: Top1: 77.7690%, Top5: 98.3881%
[Epoch 059] Time: 55.6300s | [Train] Loss: 0.02055045 Accuracy: Top1: 99.2847%, Top5: 100.0000% | [Test] Loss: 1.54686675 Accuracy: Top1: 77.4229%, Top5: 98.2991%
[Epoch 060] Time: 55.4732s | [Train] Loss: 0.01930932 Accuracy: Top1: 99.3366%, Top5: 100.0000% | [Test] Loss: 1.54187642 Accuracy: Top1: 78.2634%, Top5: 98.3287%
[Epoch 061] Time: 55.5960s | [Train] Loss: 0.01977403 Accuracy: Top1: 99.3594%, Top5: 99.9980% | [Test] Loss: 1.57698125 Accuracy: Top1: 77.8085%, Top5: 98.2694%
[Epoch 062] Time: 55.6319s | [Train] Loss: 0.01717484 Accuracy: Top1: 99.4126%, Top5: 100.0000% | [Test] Loss: 1.58646547 Accuracy: Top1: 78.5502%, Top5: 98.2892%
[Epoch 063] Time: 55.7886s | [Train] Loss: 0.01381657 Accuracy: Top1: 99.5265%, Top5: 100.0000% | [Test] Loss: 1.63786902 Accuracy: Top1: 77.9074%, Top5: 98.2397%
[Epoch 064] Time: 55.6810s | [Train] Loss: 0.01563343 Accuracy: Top1: 99.4793%, Top5: 100.0000% | [Test] Loss: 1.68768817 Accuracy: Top1: 78.0756%, Top5: 98.2793%
[Epoch 065] Time: 55.9292s | [Train] Loss: 0.01218195 Accuracy: Top1: 99.5704%, Top5: 100.0000% | [Test] Loss: 1.67328725 Accuracy: Top1: 78.2931%, Top5: 98.2793%
[Epoch 066] Time: 55.6595s | [Train] Loss: 0.01318720 Accuracy: Top1: 99.5552%, Top5: 100.0000% | [Test] Loss: 1.69317963 Accuracy: Top1: 78.5403%, Top5: 98.2694%
[Epoch 067] Time: 55.8413s | [Train] Loss: 0.01203111 Accuracy: Top1: 99.5944%, Top5: 100.0000% | [Test] Loss: 1.67761773 Accuracy: Top1: 78.4909%, Top5: 98.1606%
[Epoch 068] Time: 55.8607s | [Train] Loss: 0.01055022 Accuracy: Top1: 99.6571%, Top5: 100.0000% | [Test] Loss: 1.76519751 Accuracy: Top1: 78.0558%, Top5: 98.2694%
[Epoch 069] Time: 55.7220s | [Train] Loss: 0.00990519 Accuracy: Top1: 99.6563%, Top5: 100.0000% | [Test] Loss: 1.75181662 Accuracy: Top1: 78.6887%, Top5: 98.1408%
[Epoch 070] Time: 55.0754s | [Train] Loss: 0.00847887 Accuracy: Top1: 99.7211%, Top5: 100.0000% | [Test] Loss: 1.70332722 Accuracy: Top1: 78.9260%, Top5: 98.3287%
[Epoch 071] Time: 55.9378s | [Train] Loss: 0.00799959 Accuracy: Top1: 99.7231%, Top5: 100.0000% | [Test] Loss: 1.75437173 Accuracy: Top1: 78.2634%, Top5: 98.2595%
[Epoch 072] Time: 55.2315s | [Train] Loss: 0.00837392 Accuracy: Top1: 99.7351%, Top5: 100.0000% | [Test] Loss: 1.79043347 Accuracy: Top1: 78.9260%, Top5: 98.3386%
[Epoch 073] Time: 55.6106s | [Train] Loss: 0.00690937 Accuracy: Top1: 99.7750%, Top5: 100.0000% | [Test] Loss: 1.79158506 Accuracy: Top1: 78.6788%, Top5: 98.2496%
[Epoch 074] Time: 55.6513s | [Train] Loss: 0.00723244 Accuracy: Top1: 99.7391%, Top5: 100.0000% | [Test] Loss: 1.76773969 Accuracy: Top1: 78.9755%, Top5: 98.2991%
[Epoch 075] Time: 55.6291s | [Train] Loss: 0.00469123 Accuracy: Top1: 99.8461%, Top5: 100.0000% | [Test] Loss: 1.80886936 Accuracy: Top1: 78.5206%, Top5: 98.3683%
[Epoch 076] Time: 55.7541s | [Train] Loss: 0.00545527 Accuracy: Top1: 99.8182%, Top5: 100.0000% | [Test] Loss: 1.75584797 Accuracy: Top1: 78.5997%, Top5: 98.4869%
[Epoch 077] Time: 55.5944s | [Train] Loss: 0.00416399 Accuracy: Top1: 99.8601%, Top5: 100.0000% | [Test] Loss: 1.84369181 Accuracy: Top1: 78.7480%, Top5: 98.2199%
[Epoch 078] Time: 55.7466s | [Train] Loss: 0.00435112 Accuracy: Top1: 99.8661%, Top5: 100.0000% | [Test] Loss: 1.83166013 Accuracy: Top1: 78.7184%, Top5: 98.3287%
[Epoch 079] Time: 55.6780s | [Train] Loss: 0.00409334 Accuracy: Top1: 99.8641%, Top5: 100.0000% | [Test] Loss: 1.84255010 Accuracy: Top1: 78.7876%, Top5: 98.4078%
[Epoch 080] Time: 55.5931s | [Train] Loss: 0.00312702 Accuracy: Top1: 99.8901%, Top5: 100.0000% | [Test] Loss: 1.87144056 Accuracy: Top1: 78.5700%, Top5: 98.2892%
[Epoch 081] Time: 55.6509s | [Train] Loss: 0.00359319 Accuracy: Top1: 99.8721%, Top5: 100.0000% | [Test] Loss: 1.84865381 Accuracy: Top1: 78.7678%, Top5: 98.3287%
[Epoch 082] Time: 55.7460s | [Train] Loss: 0.00243363 Accuracy: Top1: 99.9201%, Top5: 100.0000% | [Test] Loss: 1.90497188 Accuracy: Top1: 78.7282%, Top5: 98.1705%
[Epoch 083] Time: 55.6451s | [Train] Loss: 0.00215890 Accuracy: Top1: 99.9261%, Top5: 100.0000% | [Test] Loss: 1.86676168 Accuracy: Top1: 78.9656%, Top5: 98.4375%
[Epoch 084] Time: 55.6311s | [Train] Loss: 0.00281617 Accuracy: Top1: 99.9161%, Top5: 100.0000% | [Test] Loss: 1.85407918 Accuracy: Top1: 79.2128%, Top5: 98.3089%
[Epoch 085] Time: 55.5748s | [Train] Loss: 0.00176101 Accuracy: Top1: 99.9381%, Top5: 100.0000% | [Test] Loss: 1.88111848 Accuracy: Top1: 78.9755%, Top5: 98.4672%
[Epoch 086] Time: 55.6902s | [Train] Loss: 0.00206787 Accuracy: Top1: 99.9441%, Top5: 100.0000% | [Test] Loss: 1.85825533 Accuracy: Top1: 79.0941%, Top5: 98.4474%
[Epoch 087] Time: 55.5902s | [Train] Loss: 0.00195555 Accuracy: Top1: 99.9241%, Top5: 100.0000% | [Test] Loss: 1.85353726 Accuracy: Top1: 79.2326%, Top5: 98.4375%
[Epoch 088] Time: 55.5900s | [Train] Loss: 0.00133149 Accuracy: Top1: 99.9620%, Top5: 100.0000% | [Test] Loss: 1.87184207 Accuracy: Top1: 79.3414%, Top5: 98.3782%
[Epoch 089] Time: 55.6587s | [Train] Loss: 0.00159657 Accuracy: Top1: 99.9441%, Top5: 100.0000% | [Test] Loss: 1.87373792 Accuracy: Top1: 79.4007%, Top5: 98.3485%
[Epoch 090] Time: 55.4838s | [Train] Loss: 0.00120411 Accuracy: Top1: 99.9680%, Top5: 100.0000% | [Test] Loss: 1.88257160 Accuracy: Top1: 79.3809%, Top5: 98.3683%
[Epoch 091] Time: 55.8163s | [Train] Loss: 0.00111868 Accuracy: Top1: 99.9620%, Top5: 100.0000% | [Test] Loss: 1.87063788 Accuracy: Top1: 79.3809%, Top5: 98.3683%
[Epoch 092] Time: 55.7622s | [Train] Loss: 0.00136050 Accuracy: Top1: 99.9580%, Top5: 100.0000% | [Test] Loss: 1.86844198 Accuracy: Top1: 79.4600%, Top5: 98.3782%
[Epoch 093] Time: 55.6781s | [Train] Loss: 0.00164530 Accuracy: Top1: 99.9401%, Top5: 100.0000% | [Test] Loss: 1.86394506 Accuracy: Top1: 79.3315%, Top5: 98.3485%
[Epoch 094] Time: 55.7217s | [Train] Loss: 0.00089127 Accuracy: Top1: 99.9700%, Top5: 100.0000% | [Test] Loss: 1.86651629 Accuracy: Top1: 79.5787%, Top5: 98.3683%
[Epoch 095] Time: 55.7342s | [Train] Loss: 0.00083578 Accuracy: Top1: 99.9760%, Top5: 100.0000% | [Test] Loss: 1.86900592 Accuracy: Top1: 79.4106%, Top5: 98.3782%
[Epoch 096] Time: 55.7004s | [Train] Loss: 0.00124038 Accuracy: Top1: 99.9540%, Top5: 100.0000% | [Test] Loss: 1.86515378 Accuracy: Top1: 79.5589%, Top5: 98.3683%
[Epoch 097] Time: 55.5156s | [Train] Loss: 0.00081956 Accuracy: Top1: 99.9760%, Top5: 100.0000% | [Test] Loss: 1.86128324 Accuracy: Top1: 79.5688%, Top5: 98.3881%
[Epoch 098] Time: 55.8390s | [Train] Loss: 0.00120109 Accuracy: Top1: 99.9628%, Top5: 100.0000% | [Test] Loss: 1.86216806 Accuracy: Top1: 79.5985%, Top5: 98.3979%
[Epoch 099] Time: 55.4725s | [Train] Loss: 0.00159345 Accuracy: Top1: 99.9421%, Top5: 100.0000% | [Test] Loss: 1.86110059 Accuracy: Top1: 79.5589%, Top5: 98.3979%
[Epoch 100] Time: 55.6733s | [Train] Loss: 0.00099568 Accuracy: Top1: 99.9700%, Top5: 100.0000% | [Test] Loss: 1.86104011 Accuracy: Top1: 79.5589%, Top5: 98.3979%
Files already downloaded and verified
Files already downloaded and verified
Model: VIT ConvNNAttention
Total Parameters: 5931658
Trainable Parameters: 5931658
   - Trainable Parameters: 5.93165800 M
Model Complexity (Profiler):
   - GFLOPs: 2.33318496
   - Trainable Parameters: 5.93165800 M
[Epoch 001] Time: 83.3232s | [Train] Loss: 1.60810651 Accuracy: Top1: 42.1220%, Top5: 88.2661% | [Test] Loss: 1.36094597 Accuracy: Top1: 50.9395%, Top5: 93.0182%
[Epoch 002] Time: 82.7139s | [Train] Loss: 1.28844589 Accuracy: Top1: 53.4763%, Top5: 94.1360% | [Test] Loss: 1.17151766 Accuracy: Top1: 57.1895%, Top5: 95.2334%
[Epoch 003] Time: 82.6157s | [Train] Loss: 1.13977556 Accuracy: Top1: 58.9078%, Top5: 95.7021% | [Test] Loss: 1.13109612 Accuracy: Top1: 58.9992%, Top5: 95.9059%
[Epoch 004] Time: 82.5784s | [Train] Loss: 1.04263531 Accuracy: Top1: 62.3905%, Top5: 96.6049% | [Test] Loss: 1.05682810 Accuracy: Top1: 61.8374%, Top5: 96.5289%
[Epoch 005] Time: 82.7179s | [Train] Loss: 0.95742280 Accuracy: Top1: 65.7860%, Top5: 97.2474% | [Test] Loss: 1.04541187 Accuracy: Top1: 62.1440%, Top5: 96.4992%
[Epoch 006] Time: 82.7438s | [Train] Loss: 0.88132292 Accuracy: Top1: 68.3764%, Top5: 97.8089% | [Test] Loss: 1.00693959 Accuracy: Top1: 64.0328%, Top5: 97.0332%
[Epoch 007] Time: 82.7182s | [Train] Loss: 0.81345199 Accuracy: Top1: 70.8112%, Top5: 98.3140% | [Test] Loss: 0.97312337 Accuracy: Top1: 66.2085%, Top5: 97.0926%
[Epoch 008] Time: 82.8190s | [Train] Loss: 0.74278930 Accuracy: Top1: 73.3564%, Top5: 98.5762% | [Test] Loss: 0.98003751 Accuracy: Top1: 66.1590%, Top5: 97.4090%
[Epoch 009] Time: 82.6451s | [Train] Loss: 0.68411761 Accuracy: Top1: 75.4008%, Top5: 98.8759% | [Test] Loss: 0.96838782 Accuracy: Top1: 67.2666%, Top5: 97.3794%
[Epoch 010] Time: 82.7209s | [Train] Loss: 0.62537421 Accuracy: Top1: 77.4608%, Top5: 99.0705% | [Test] Loss: 0.98203009 Accuracy: Top1: 66.9304%, Top5: 97.4486%
[Epoch 011] Time: 82.6533s | [Train] Loss: 0.56731897 Accuracy: Top1: 79.5988%, Top5: 99.3566% | [Test] Loss: 0.93759611 Accuracy: Top1: 69.5708%, Top5: 97.7057%
[Epoch 012] Time: 82.8114s | [Train] Loss: 0.50756639 Accuracy: Top1: 81.8191%, Top5: 99.5225% | [Test] Loss: 0.94360384 Accuracy: Top1: 69.5214%, Top5: 97.7255%
[Epoch 013] Time: 82.5310s | [Train] Loss: 0.46102733 Accuracy: Top1: 83.4571%, Top5: 99.6272% | [Test] Loss: 0.94916929 Accuracy: Top1: 70.0455%, Top5: 97.9134%
[Epoch 014] Time: 82.6193s | [Train] Loss: 0.40916216 Accuracy: Top1: 85.3201%, Top5: 99.7371% | [Test] Loss: 0.98631853 Accuracy: Top1: 70.4707%, Top5: 97.6760%
[Epoch 015] Time: 82.9298s | [Train] Loss: 0.36526234 Accuracy: Top1: 86.8510%, Top5: 99.8162% | [Test] Loss: 1.08077223 Accuracy: Top1: 69.4719%, Top5: 97.8540%
[Epoch 016] Time: 82.5899s | [Train] Loss: 0.32227950 Accuracy: Top1: 88.3216%, Top5: 99.8541% | [Test] Loss: 1.09238211 Accuracy: Top1: 69.9466%, Top5: 97.7947%
[Epoch 017] Time: 82.5586s | [Train] Loss: 0.28778124 Accuracy: Top1: 89.5448%, Top5: 99.9181% | [Test] Loss: 1.11974708 Accuracy: Top1: 70.4608%, Top5: 97.7255%
[Epoch 018] Time: 82.6959s | [Train] Loss: 0.25441699 Accuracy: Top1: 90.7013%, Top5: 99.9281% | [Test] Loss: 1.16072291 Accuracy: Top1: 69.7587%, Top5: 97.6661%
[Epoch 019] Time: 82.5862s | [Train] Loss: 0.23048385 Accuracy: Top1: 91.6580%, Top5: 99.9500% | [Test] Loss: 1.19691408 Accuracy: Top1: 70.6092%, Top5: 97.7848%
[Epoch 020] Time: 82.3286s | [Train] Loss: 0.20983838 Accuracy: Top1: 92.2482%, Top5: 99.9640% | [Test] Loss: 1.19301676 Accuracy: Top1: 70.5301%, Top5: 97.9430%
[Epoch 021] Time: 82.5516s | [Train] Loss: 0.19257558 Accuracy: Top1: 92.9180%, Top5: 99.9608% | [Test] Loss: 1.19625250 Accuracy: Top1: 71.0047%, Top5: 98.0222%
[Epoch 022] Time: 82.5423s | [Train] Loss: 0.17248081 Accuracy: Top1: 93.6593%, Top5: 99.9780% | [Test] Loss: 1.32136256 Accuracy: Top1: 70.1543%, Top5: 97.7255%
[Epoch 023] Time: 82.6673s | [Train] Loss: 0.15891195 Accuracy: Top1: 94.2563%, Top5: 99.9840% | [Test] Loss: 1.32768875 Accuracy: Top1: 70.3026%, Top5: 97.7453%
[Epoch 024] Time: 82.5984s | [Train] Loss: 0.15008698 Accuracy: Top1: 94.6080%, Top5: 99.9900% | [Test] Loss: 1.30447229 Accuracy: Top1: 71.3212%, Top5: 97.8244%
[Epoch 025] Time: 82.6905s | [Train] Loss: 0.13369212 Accuracy: Top1: 95.0527%, Top5: 99.9900% | [Test] Loss: 1.38423724 Accuracy: Top1: 70.5993%, Top5: 97.7255%
[Epoch 026] Time: 82.3656s | [Train] Loss: 0.12283196 Accuracy: Top1: 95.6598%, Top5: 99.9920% | [Test] Loss: 1.39635838 Accuracy: Top1: 71.4893%, Top5: 97.7947%
[Epoch 027] Time: 82.7786s | [Train] Loss: 0.11663974 Accuracy: Top1: 95.7996%, Top5: 99.9900% | [Test] Loss: 1.45418167 Accuracy: Top1: 71.1630%, Top5: 97.7749%
[Epoch 028] Time: 82.5567s | [Train] Loss: 0.11257584 Accuracy: Top1: 95.8728%, Top5: 99.9960% | [Test] Loss: 1.46048521 Accuracy: Top1: 70.3916%, Top5: 97.8244%
[Epoch 029] Time: 82.4210s | [Train] Loss: 0.09980464 Accuracy: Top1: 96.4114%, Top5: 99.9960% | [Test] Loss: 1.49192660 Accuracy: Top1: 70.7278%, Top5: 97.6661%
[Epoch 030] Time: 82.6585s | [Train] Loss: 0.09615587 Accuracy: Top1: 96.4634%, Top5: 99.9920% | [Test] Loss: 1.57169596 Accuracy: Top1: 70.6191%, Top5: 97.7255%
[Epoch 031] Time: 82.7793s | [Train] Loss: 0.08885310 Accuracy: Top1: 96.8282%, Top5: 99.9960% | [Test] Loss: 1.58590874 Accuracy: Top1: 70.7674%, Top5: 97.7650%
[Epoch 032] Time: 82.2817s | [Train] Loss: 0.08638534 Accuracy: Top1: 96.9317%, Top5: 99.9980% | [Test] Loss: 1.58228615 Accuracy: Top1: 71.0245%, Top5: 97.6464%
[Epoch 033] Time: 82.4526s | [Train] Loss: 0.08197670 Accuracy: Top1: 97.0732%, Top5: 99.9920% | [Test] Loss: 1.53826263 Accuracy: Top1: 71.4003%, Top5: 97.7848%
[Epoch 034] Time: 82.5624s | [Train] Loss: 0.07852130 Accuracy: Top1: 97.2143%, Top5: 99.9940% | [Test] Loss: 1.54027085 Accuracy: Top1: 71.2322%, Top5: 97.7354%
[Epoch 035] Time: 82.5884s | [Train] Loss: 0.07296569 Accuracy: Top1: 97.3505%, Top5: 99.9960% | [Test] Loss: 1.60004861 Accuracy: Top1: 71.3904%, Top5: 97.6760%
[Epoch 036] Time: 82.3485s | [Train] Loss: 0.06568773 Accuracy: Top1: 97.7150%, Top5: 99.9980% | [Test] Loss: 1.63800297 Accuracy: Top1: 71.0344%, Top5: 97.6068%
[Epoch 037] Time: 82.5619s | [Train] Loss: 0.06728830 Accuracy: Top1: 97.6495%, Top5: 100.0000% | [Test] Loss: 1.62295515 Accuracy: Top1: 71.3113%, Top5: 97.7749%
[Epoch 038] Time: 82.4742s | [Train] Loss: 0.05995153 Accuracy: Top1: 97.8876%, Top5: 99.9960% | [Test] Loss: 1.65481194 Accuracy: Top1: 71.1729%, Top5: 97.7749%
[Epoch 039] Time: 82.5915s | [Train] Loss: 0.06129600 Accuracy: Top1: 97.8453%, Top5: 99.9940% | [Test] Loss: 1.65812016 Accuracy: Top1: 71.9244%, Top5: 97.6760%
[Epoch 040] Time: 82.2505s | [Train] Loss: 0.05505050 Accuracy: Top1: 98.0447%, Top5: 99.9980% | [Test] Loss: 1.69140768 Accuracy: Top1: 71.5190%, Top5: 97.6365%
[Epoch 041] Time: 82.5678s | [Train] Loss: 0.05028056 Accuracy: Top1: 98.2225%, Top5: 100.0000% | [Test] Loss: 1.78087317 Accuracy: Top1: 71.5882%, Top5: 97.5574%
[Epoch 042] Time: 82.5691s | [Train] Loss: 0.04994976 Accuracy: Top1: 98.2553%, Top5: 100.0000% | [Test] Loss: 1.73668341 Accuracy: Top1: 72.0926%, Top5: 97.5870%
[Epoch 043] Time: 82.3056s | [Train] Loss: 0.04869096 Accuracy: Top1: 98.2673%, Top5: 100.0000% | [Test] Loss: 1.74131026 Accuracy: Top1: 71.4992%, Top5: 97.6365%
[Epoch 044] Time: 82.6310s | [Train] Loss: 0.04362478 Accuracy: Top1: 98.4851%, Top5: 99.9980% | [Test] Loss: 1.78735636 Accuracy: Top1: 71.3904%, Top5: 97.8639%
[Epoch 045] Time: 82.6362s | [Train] Loss: 0.04323624 Accuracy: Top1: 98.4942%, Top5: 100.0000% | [Test] Loss: 1.79902458 Accuracy: Top1: 72.1717%, Top5: 97.7650%
[Epoch 046] Time: 82.5856s | [Train] Loss: 0.03792484 Accuracy: Top1: 98.6409%, Top5: 100.0000% | [Test] Loss: 1.82647945 Accuracy: Top1: 71.3904%, Top5: 97.7650%
[Epoch 047] Time: 82.3126s | [Train] Loss: 0.03738771 Accuracy: Top1: 98.6433%, Top5: 100.0000% | [Test] Loss: 1.81357463 Accuracy: Top1: 72.0431%, Top5: 97.8145%
[Epoch 048] Time: 82.6532s | [Train] Loss: 0.03558353 Accuracy: Top1: 98.7700%, Top5: 100.0000% | [Test] Loss: 1.83395193 Accuracy: Top1: 72.5277%, Top5: 97.7650%
[Epoch 049] Time: 82.3121s | [Train] Loss: 0.03171631 Accuracy: Top1: 98.9098%, Top5: 100.0000% | [Test] Loss: 1.85810190 Accuracy: Top1: 72.0134%, Top5: 97.6760%
[Epoch 050] Time: 82.5055s | [Train] Loss: 0.03246941 Accuracy: Top1: 98.8219%, Top5: 100.0000% | [Test] Loss: 1.87751792 Accuracy: Top1: 72.2211%, Top5: 97.7749%
[Epoch 051] Time: 82.5093s | [Train] Loss: 0.02871195 Accuracy: Top1: 99.0030%, Top5: 100.0000% | [Test] Loss: 1.92875242 Accuracy: Top1: 72.3398%, Top5: 97.9430%
[Epoch 052] Time: 82.4479s | [Train] Loss: 0.02877613 Accuracy: Top1: 98.9766%, Top5: 100.0000% | [Test] Loss: 1.97642546 Accuracy: Top1: 72.2508%, Top5: 97.5969%
[Epoch 053] Time: 82.5865s | [Train] Loss: 0.02671645 Accuracy: Top1: 99.1049%, Top5: 100.0000% | [Test] Loss: 1.96535587 Accuracy: Top1: 72.3794%, Top5: 97.7650%
[Epoch 054] Time: 82.4027s | [Train] Loss: 0.02449646 Accuracy: Top1: 99.1616%, Top5: 100.0000% | [Test] Loss: 2.00201263 Accuracy: Top1: 72.6365%, Top5: 97.6167%
[Epoch 055] Time: 82.7975s | [Train] Loss: 0.02146636 Accuracy: Top1: 99.2347%, Top5: 100.0000% | [Test] Loss: 1.98764912 Accuracy: Top1: 72.7156%, Top5: 97.8343%
[Epoch 056] Time: 82.2840s | [Train] Loss: 0.02026775 Accuracy: Top1: 99.2987%, Top5: 100.0000% | [Test] Loss: 1.97089307 Accuracy: Top1: 72.7947%, Top5: 97.8343%
[Epoch 057] Time: 82.1640s | [Train] Loss: 0.02071504 Accuracy: Top1: 99.2387%, Top5: 100.0000% | [Test] Loss: 2.00179039 Accuracy: Top1: 73.0222%, Top5: 97.6760%
[Epoch 058] Time: 82.3996s | [Train] Loss: 0.02018272 Accuracy: Top1: 99.3246%, Top5: 100.0000% | [Test] Loss: 2.02776740 Accuracy: Top1: 72.5376%, Top5: 97.5870%
[Epoch 059] Time: 82.5549s | [Train] Loss: 0.01895789 Accuracy: Top1: 99.3554%, Top5: 100.0000% | [Test] Loss: 2.05742123 Accuracy: Top1: 73.1013%, Top5: 97.7354%
[Epoch 060] Time: 82.8149s | [Train] Loss: 0.01611424 Accuracy: Top1: 99.4593%, Top5: 100.0000% | [Test] Loss: 2.06109104 Accuracy: Top1: 72.7749%, Top5: 97.8441%
[Epoch 061] Time: 82.6595s | [Train] Loss: 0.01505586 Accuracy: Top1: 99.4965%, Top5: 100.0000% | [Test] Loss: 2.09892752 Accuracy: Top1: 72.5475%, Top5: 97.6958%
[Epoch 062] Time: 82.7935s | [Train] Loss: 0.01363563 Accuracy: Top1: 99.5085%, Top5: 100.0000% | [Test] Loss: 2.09174018 Accuracy: Top1: 72.9430%, Top5: 97.5969%
[Epoch 063] Time: 82.7128s | [Train] Loss: 0.01296326 Accuracy: Top1: 99.5344%, Top5: 100.0000% | [Test] Loss: 2.13907617 Accuracy: Top1: 72.4585%, Top5: 97.8738%
[Epoch 064] Time: 82.5375s | [Train] Loss: 0.01223289 Accuracy: Top1: 99.5844%, Top5: 100.0000% | [Test] Loss: 2.16931016 Accuracy: Top1: 72.3497%, Top5: 97.7551%
[Epoch 065] Time: 82.7128s | [Train] Loss: 0.01170719 Accuracy: Top1: 99.5844%, Top5: 100.0000% | [Test] Loss: 2.14743712 Accuracy: Top1: 72.6760%, Top5: 97.8639%
[Epoch 066] Time: 82.3844s | [Train] Loss: 0.01273721 Accuracy: Top1: 99.5261%, Top5: 100.0000% | [Test] Loss: 2.11805082 Accuracy: Top1: 73.2298%, Top5: 97.9134%
[Epoch 067] Time: 82.5477s | [Train] Loss: 0.01042661 Accuracy: Top1: 99.6603%, Top5: 100.0000% | [Test] Loss: 2.10193634 Accuracy: Top1: 73.6254%, Top5: 97.7255%
[Epoch 068] Time: 82.4578s | [Train] Loss: 0.00938680 Accuracy: Top1: 99.6783%, Top5: 100.0000% | [Test] Loss: 2.16235400 Accuracy: Top1: 73.1408%, Top5: 97.8343%
[Epoch 069] Time: 82.3728s | [Train] Loss: 0.00808843 Accuracy: Top1: 99.7283%, Top5: 100.0000% | [Test] Loss: 2.19497607 Accuracy: Top1: 73.0815%, Top5: 97.9035%
[Epoch 070] Time: 82.5814s | [Train] Loss: 0.00615869 Accuracy: Top1: 99.7802%, Top5: 100.0000% | [Test] Loss: 2.20590471 Accuracy: Top1: 73.3881%, Top5: 98.0123%
[Epoch 071] Time: 82.6672s | [Train] Loss: 0.00666245 Accuracy: Top1: 99.7882%, Top5: 100.0000% | [Test] Loss: 2.18918481 Accuracy: Top1: 73.2100%, Top5: 97.8244%
[Epoch 072] Time: 82.3343s | [Train] Loss: 0.00602234 Accuracy: Top1: 99.8170%, Top5: 100.0000% | [Test] Loss: 2.26286641 Accuracy: Top1: 73.3188%, Top5: 97.8046%
[Epoch 073] Time: 82.5030s | [Train] Loss: 0.00652649 Accuracy: Top1: 99.7762%, Top5: 100.0000% | [Test] Loss: 2.26626227 Accuracy: Top1: 73.2199%, Top5: 97.7255%
[Epoch 074] Time: 82.3707s | [Train] Loss: 0.00593725 Accuracy: Top1: 99.8002%, Top5: 100.0000% | [Test] Loss: 2.29045340 Accuracy: Top1: 73.4573%, Top5: 97.8145%
[Epoch 075] Time: 82.4462s | [Train] Loss: 0.00483678 Accuracy: Top1: 99.8342%, Top5: 100.0000% | [Test] Loss: 2.29509522 Accuracy: Top1: 73.6748%, Top5: 97.6661%
[Epoch 076] Time: 82.1113s | [Train] Loss: 0.00537246 Accuracy: Top1: 99.8122%, Top5: 100.0000% | [Test] Loss: 2.28179364 Accuracy: Top1: 73.6353%, Top5: 97.9134%
[Epoch 077] Time: 82.4483s | [Train] Loss: 0.00379191 Accuracy: Top1: 99.8801%, Top5: 100.0000% | [Test] Loss: 2.28074911 Accuracy: Top1: 73.5957%, Top5: 97.9035%
[Epoch 078] Time: 82.1612s | [Train] Loss: 0.00386424 Accuracy: Top1: 99.8601%, Top5: 100.0000% | [Test] Loss: 2.28130269 Accuracy: Top1: 74.0407%, Top5: 97.8145%
[Epoch 079] Time: 82.0903s | [Train] Loss: 0.00352625 Accuracy: Top1: 99.9001%, Top5: 100.0000% | [Test] Loss: 2.28972164 Accuracy: Top1: 74.1001%, Top5: 97.8837%
[Epoch 080] Time: 82.6272s | [Train] Loss: 0.00276963 Accuracy: Top1: 99.9141%, Top5: 100.0000% | [Test] Loss: 2.33207222 Accuracy: Top1: 73.9814%, Top5: 97.9035%
[Epoch 081] Time: 82.4992s | [Train] Loss: 0.00334042 Accuracy: Top1: 99.8981%, Top5: 100.0000% | [Test] Loss: 2.32675029 Accuracy: Top1: 73.7342%, Top5: 97.7255%
[Epoch 082] Time: 82.3296s | [Train] Loss: 0.00258447 Accuracy: Top1: 99.9229%, Top5: 100.0000% | [Test] Loss: 2.32631235 Accuracy: Top1: 73.8528%, Top5: 97.8145%
[Epoch 083] Time: 82.6395s | [Train] Loss: 0.00284111 Accuracy: Top1: 99.8961%, Top5: 100.0000% | [Test] Loss: 2.35503441 Accuracy: Top1: 74.0309%, Top5: 97.9727%
[Epoch 084] Time: 82.0523s | [Train] Loss: 0.00263299 Accuracy: Top1: 99.9041%, Top5: 100.0000% | [Test] Loss: 2.30409550 Accuracy: Top1: 74.0902%, Top5: 97.9035%
[Epoch 085] Time: 82.4250s | [Train] Loss: 0.00204726 Accuracy: Top1: 99.9321%, Top5: 100.0000% | [Test] Loss: 2.31503267 Accuracy: Top1: 74.0506%, Top5: 97.9628%
[Epoch 086] Time: 82.6509s | [Train] Loss: 0.00191632 Accuracy: Top1: 99.9401%, Top5: 100.0000% | [Test] Loss: 2.32818007 Accuracy: Top1: 73.9814%, Top5: 97.8936%
[Epoch 087] Time: 82.2819s | [Train] Loss: 0.00184432 Accuracy: Top1: 99.9281%, Top5: 100.0000% | [Test] Loss: 2.29691848 Accuracy: Top1: 73.9320%, Top5: 97.9035%
[Epoch 088] Time: 82.5728s | [Train] Loss: 0.00151774 Accuracy: Top1: 99.9500%, Top5: 100.0000% | [Test] Loss: 2.30151462 Accuracy: Top1: 74.3176%, Top5: 97.9233%
[Epoch 089] Time: 82.6262s | [Train] Loss: 0.00147959 Accuracy: Top1: 99.9480%, Top5: 100.0000% | [Test] Loss: 2.32648177 Accuracy: Top1: 74.0506%, Top5: 97.9331%
[Epoch 090] Time: 82.4873s | [Train] Loss: 0.00127804 Accuracy: Top1: 99.9540%, Top5: 100.0000% | [Test] Loss: 2.32936695 Accuracy: Top1: 74.1396%, Top5: 97.8837%
[Epoch 091] Time: 82.6015s | [Train] Loss: 0.00117580 Accuracy: Top1: 99.9580%, Top5: 100.0000% | [Test] Loss: 2.31888709 Accuracy: Top1: 74.1594%, Top5: 98.0024%
[Epoch 092] Time: 82.5947s | [Train] Loss: 0.00127442 Accuracy: Top1: 99.9540%, Top5: 100.0000% | [Test] Loss: 2.34321690 Accuracy: Top1: 74.4363%, Top5: 97.9134%
[Epoch 093] Time: 82.6642s | [Train] Loss: 0.00122358 Accuracy: Top1: 99.9620%, Top5: 100.0000% | [Test] Loss: 2.34909819 Accuracy: Top1: 74.1495%, Top5: 97.9134%
[Epoch 094] Time: 82.4728s | [Train] Loss: 0.00119421 Accuracy: Top1: 99.9620%, Top5: 100.0000% | [Test] Loss: 2.33685620 Accuracy: Top1: 74.1594%, Top5: 97.9925%
[Epoch 095] Time: 82.7188s | [Train] Loss: 0.00090114 Accuracy: Top1: 99.9720%, Top5: 100.0000% | [Test] Loss: 2.34974817 Accuracy: Top1: 74.1001%, Top5: 97.9529%
[Epoch 096] Time: 82.6786s | [Train] Loss: 0.00111843 Accuracy: Top1: 99.9720%, Top5: 100.0000% | [Test] Loss: 2.34127427 Accuracy: Top1: 74.2286%, Top5: 97.8936%
[Epoch 097] Time: 82.5376s | [Train] Loss: 0.00109575 Accuracy: Top1: 99.9760%, Top5: 100.0000% | [Test] Loss: 2.34911314 Accuracy: Top1: 74.2385%, Top5: 97.9529%
[Epoch 098] Time: 82.3781s | [Train] Loss: 0.00091093 Accuracy: Top1: 99.9720%, Top5: 100.0000% | [Test] Loss: 2.34425036 Accuracy: Top1: 74.1792%, Top5: 98.0123%
[Epoch 099] Time: 82.4663s | [Train] Loss: 0.00082961 Accuracy: Top1: 99.9780%, Top5: 100.0000% | [Test] Loss: 2.34631729 Accuracy: Top1: 74.1990%, Top5: 97.9331%
[Epoch 100] Time: 82.5681s | [Train] Loss: 0.00111318 Accuracy: Top1: 99.9720%, Top5: 100.0000% | [Test] Loss: 2.34879296 Accuracy: Top1: 74.2089%, Top5: 98.0024%
Files already downloaded and verified
Files already downloaded and verified
Model: VIT ConvNNAttention
Total Parameters: 6718090
Trainable Parameters: 6718090
   - Trainable Parameters: 6.71809000 M
Model Complexity (Profiler):
   - GFLOPs: 2.34044717
   - Trainable Parameters: 6.71809000 M
[Epoch 001] Time: 116.7471s | [Train] Loss: 1.58583500 Accuracy: Top1: 42.7086%, Top5: 88.7464% | [Test] Loss: 1.36332586 Accuracy: Top1: 50.6131%, Top5: 93.0775%
[Epoch 002] Time: 116.3495s | [Train] Loss: 1.28324244 Accuracy: Top1: 53.5422%, Top5: 94.1280% | [Test] Loss: 1.18217294 Accuracy: Top1: 56.6653%, Top5: 95.2334%
[Epoch 003] Time: 116.2922s | [Train] Loss: 1.14136236 Accuracy: Top1: 58.7852%, Top5: 95.8684% | [Test] Loss: 1.16670441 Accuracy: Top1: 57.4070%, Top5: 95.2631%
[Epoch 004] Time: 116.2791s | [Train] Loss: 1.04289719 Accuracy: Top1: 62.7574%, Top5: 96.6073% | [Test] Loss: 1.09007847 Accuracy: Top1: 61.2638%, Top5: 96.1630%
[Epoch 005] Time: 116.3914s | [Train] Loss: 0.95984308 Accuracy: Top1: 65.6897%, Top5: 97.2526% | [Test] Loss: 1.02396180 Accuracy: Top1: 63.7856%, Top5: 96.7860%
[Epoch 006] Time: 116.5379s | [Train] Loss: 0.88436455 Accuracy: Top1: 68.3524%, Top5: 97.8241% | [Test] Loss: 1.05278556 Accuracy: Top1: 63.2911%, Top5: 96.7168%
[Epoch 007] Time: 116.2610s | [Train] Loss: 0.82425637 Accuracy: Top1: 70.6002%, Top5: 98.1426% | [Test] Loss: 0.97374821 Accuracy: Top1: 66.1986%, Top5: 97.0728%
[Epoch 008] Time: 116.4481s | [Train] Loss: 0.76103813 Accuracy: Top1: 72.7290%, Top5: 98.5170% | [Test] Loss: 0.99863424 Accuracy: Top1: 65.6151%, Top5: 96.9442%
[Epoch 009] Time: 116.2642s | [Train] Loss: 0.70075529 Accuracy: Top1: 74.9193%, Top5: 98.8311% | [Test] Loss: 1.01249954 Accuracy: Top1: 66.4359%, Top5: 97.0827%
[Epoch 010] Time: 116.4739s | [Train] Loss: 0.63246103 Accuracy: Top1: 77.4309%, Top5: 99.1784% | [Test] Loss: 1.00672902 Accuracy: Top1: 66.6238%, Top5: 97.1420%
[Epoch 011] Time: 116.2001s | [Train] Loss: 0.58105546 Accuracy: Top1: 79.1180%, Top5: 99.2695% | [Test] Loss: 0.96672802 Accuracy: Top1: 68.6313%, Top5: 97.3497%
[Epoch 012] Time: 116.4885s | [Train] Loss: 0.52174693 Accuracy: Top1: 81.2176%, Top5: 99.4513% | [Test] Loss: 1.00384275 Accuracy: Top1: 68.1764%, Top5: 97.2706%
[Epoch 013] Time: 116.3134s | [Train] Loss: 0.46962738 Accuracy: Top1: 83.0139%, Top5: 99.6324% | [Test] Loss: 1.01884920 Accuracy: Top1: 68.7994%, Top5: 97.4585%
[Epoch 014] Time: 116.4802s | [Train] Loss: 0.42289595 Accuracy: Top1: 84.8593%, Top5: 99.7163% | [Test] Loss: 1.03787918 Accuracy: Top1: 69.1752%, Top5: 97.4486%
[Epoch 015] Time: 116.2723s | [Train] Loss: 0.37436425 Accuracy: Top1: 86.5249%, Top5: 99.8002% | [Test] Loss: 1.07192466 Accuracy: Top1: 69.7093%, Top5: 97.4881%
[Epoch 016] Time: 116.3068s | [Train] Loss: 0.33419805 Accuracy: Top1: 87.8093%, Top5: 99.8461% | [Test] Loss: 1.10195145 Accuracy: Top1: 69.7983%, Top5: 97.3892%
[Epoch 017] Time: 116.4691s | [Train] Loss: 0.29369462 Accuracy: Top1: 89.3111%, Top5: 99.9181% | [Test] Loss: 1.12941054 Accuracy: Top1: 69.5708%, Top5: 97.6068%
[Epoch 018] Time: 116.5588s | [Train] Loss: 0.26235632 Accuracy: Top1: 90.3888%, Top5: 99.9480% | [Test] Loss: 1.20421229 Accuracy: Top1: 69.1653%, Top5: 97.2310%
[Epoch 019] Time: 116.3672s | [Train] Loss: 0.23376630 Accuracy: Top1: 91.5437%, Top5: 99.9421% | [Test] Loss: 1.26155023 Accuracy: Top1: 69.4719%, Top5: 97.4090%
[Epoch 020] Time: 116.4196s | [Train] Loss: 0.21384227 Accuracy: Top1: 92.1751%, Top5: 99.9700% | [Test] Loss: 1.27761022 Accuracy: Top1: 69.5807%, Top5: 97.4288%
[Epoch 021] Time: 116.3708s | [Train] Loss: 0.19660337 Accuracy: Top1: 92.9328%, Top5: 99.9780% | [Test] Loss: 1.31805404 Accuracy: Top1: 69.6895%, Top5: 97.3398%
[Epoch 022] Time: 116.3364s | [Train] Loss: 0.17750457 Accuracy: Top1: 93.5506%, Top5: 99.9900% | [Test] Loss: 1.36953077 Accuracy: Top1: 70.1938%, Top5: 97.2805%
[Epoch 023] Time: 116.4588s | [Train] Loss: 0.16498146 Accuracy: Top1: 94.0833%, Top5: 99.9820% | [Test] Loss: 1.40559360 Accuracy: Top1: 69.3038%, Top5: 97.3002%
[Epoch 024] Time: 116.5122s | [Train] Loss: 0.15505176 Accuracy: Top1: 94.4002%, Top5: 99.9780% | [Test] Loss: 1.42226466 Accuracy: Top1: 69.6796%, Top5: 97.4684%
[Epoch 025] Time: 116.1335s | [Train] Loss: 0.14132633 Accuracy: Top1: 94.9952%, Top5: 99.9960% | [Test] Loss: 1.43407688 Accuracy: Top1: 69.6203%, Top5: 97.4782%
[Epoch 026] Time: 116.3336s | [Train] Loss: 0.12936436 Accuracy: Top1: 95.4180%, Top5: 99.9900% | [Test] Loss: 1.46989189 Accuracy: Top1: 70.1938%, Top5: 97.7749%
[Epoch 027] Time: 116.0950s | [Train] Loss: 0.12414662 Accuracy: Top1: 95.6022%, Top5: 99.9900% | [Test] Loss: 1.50709481 Accuracy: Top1: 70.3718%, Top5: 97.5376%
[Epoch 028] Time: 116.2551s | [Train] Loss: 0.11573673 Accuracy: Top1: 95.7705%, Top5: 99.9900% | [Test] Loss: 1.54950624 Accuracy: Top1: 70.0752%, Top5: 97.3497%
[Epoch 029] Time: 116.2861s | [Train] Loss: 0.10917344 Accuracy: Top1: 96.1481%, Top5: 99.9980% | [Test] Loss: 1.56800932 Accuracy: Top1: 69.9466%, Top5: 97.4486%
[Epoch 030] Time: 116.3355s | [Train] Loss: 0.10150877 Accuracy: Top1: 96.3763%, Top5: 99.9960% | [Test] Loss: 1.57919387 Accuracy: Top1: 70.2532%, Top5: 97.5079%
[Epoch 031] Time: 116.1559s | [Train] Loss: 0.09776819 Accuracy: Top1: 96.5377%, Top5: 99.9960% | [Test] Loss: 1.59695739 Accuracy: Top1: 70.0158%, Top5: 97.4684%
[Epoch 032] Time: 116.0978s | [Train] Loss: 0.08987389 Accuracy: Top1: 96.7555%, Top5: 99.9960% | [Test] Loss: 1.60756056 Accuracy: Top1: 70.4608%, Top5: 97.6562%
[Epoch 033] Time: 116.2982s | [Train] Loss: 0.08542902 Accuracy: Top1: 96.8958%, Top5: 99.9940% | [Test] Loss: 1.64821962 Accuracy: Top1: 70.9059%, Top5: 97.6859%
[Epoch 034] Time: 116.2010s | [Train] Loss: 0.07917899 Accuracy: Top1: 97.1224%, Top5: 99.9980% | [Test] Loss: 1.67909641 Accuracy: Top1: 70.9652%, Top5: 97.6365%
[Epoch 035] Time: 116.1401s | [Train] Loss: 0.07819884 Accuracy: Top1: 97.2231%, Top5: 99.9980% | [Test] Loss: 1.66133376 Accuracy: Top1: 70.8267%, Top5: 97.4782%
[Epoch 036] Time: 116.3601s | [Train] Loss: 0.07248830 Accuracy: Top1: 97.4480%, Top5: 99.9980% | [Test] Loss: 1.72411716 Accuracy: Top1: 70.3323%, Top5: 97.6661%
[Epoch 037] Time: 116.4195s | [Train] Loss: 0.06699159 Accuracy: Top1: 97.6618%, Top5: 99.9980% | [Test] Loss: 1.77083661 Accuracy: Top1: 70.4806%, Top5: 97.5672%
[Epoch 038] Time: 116.3056s | [Train] Loss: 0.06421465 Accuracy: Top1: 97.7454%, Top5: 99.9960% | [Test] Loss: 1.74037912 Accuracy: Top1: 71.0938%, Top5: 97.3892%
[Epoch 039] Time: 116.2595s | [Train] Loss: 0.06256476 Accuracy: Top1: 97.7657%, Top5: 99.9980% | [Test] Loss: 1.76116908 Accuracy: Top1: 71.2816%, Top5: 97.5277%
[Epoch 040] Time: 116.2383s | [Train] Loss: 0.05916425 Accuracy: Top1: 97.8940%, Top5: 99.9980% | [Test] Loss: 1.79465647 Accuracy: Top1: 70.9652%, Top5: 97.4288%
[Epoch 041] Time: 116.0706s | [Train] Loss: 0.05284949 Accuracy: Top1: 98.1258%, Top5: 99.9960% | [Test] Loss: 1.80306406 Accuracy: Top1: 70.9454%, Top5: 97.4387%
[Epoch 042] Time: 116.3995s | [Train] Loss: 0.05088602 Accuracy: Top1: 98.2301%, Top5: 99.9980% | [Test] Loss: 1.84094328 Accuracy: Top1: 71.0641%, Top5: 97.6562%
[Epoch 043] Time: 116.3953s | [Train] Loss: 0.05047682 Accuracy: Top1: 98.2525%, Top5: 99.9980% | [Test] Loss: 1.83160743 Accuracy: Top1: 70.7872%, Top5: 97.3991%
[Epoch 044] Time: 116.3585s | [Train] Loss: 0.04752463 Accuracy: Top1: 98.3504%, Top5: 99.9960% | [Test] Loss: 1.79893457 Accuracy: Top1: 71.3805%, Top5: 97.5178%
[Epoch 045] Time: 116.3577s | [Train] Loss: 0.04479311 Accuracy: Top1: 98.4095%, Top5: 99.9980% | [Test] Loss: 1.87695628 Accuracy: Top1: 71.4794%, Top5: 97.5969%
[Epoch 046] Time: 116.3839s | [Train] Loss: 0.04269769 Accuracy: Top1: 98.5350%, Top5: 99.9980% | [Test] Loss: 1.90153623 Accuracy: Top1: 71.3410%, Top5: 97.3497%
[Epoch 047] Time: 116.4366s | [Train] Loss: 0.04178061 Accuracy: Top1: 98.5182%, Top5: 100.0000% | [Test] Loss: 1.89928929 Accuracy: Top1: 71.0146%, Top5: 97.3497%
[Epoch 048] Time: 116.4833s | [Train] Loss: 0.03776983 Accuracy: Top1: 98.6853%, Top5: 100.0000% | [Test] Loss: 1.91994281 Accuracy: Top1: 71.5684%, Top5: 97.4684%
[Epoch 049] Time: 116.3369s | [Train] Loss: 0.03567709 Accuracy: Top1: 98.7256%, Top5: 100.0000% | [Test] Loss: 1.93788273 Accuracy: Top1: 71.3706%, Top5: 97.5475%
[Epoch 050] Time: 116.4688s | [Train] Loss: 0.03342177 Accuracy: Top1: 98.8707%, Top5: 99.9960% | [Test] Loss: 1.95729391 Accuracy: Top1: 71.5190%, Top5: 97.3695%
[Epoch 051] Time: 116.4352s | [Train] Loss: 0.02944304 Accuracy: Top1: 98.9378%, Top5: 100.0000% | [Test] Loss: 2.01363177 Accuracy: Top1: 71.6377%, Top5: 97.5475%
[Epoch 052] Time: 116.4548s | [Train] Loss: 0.03158390 Accuracy: Top1: 98.9019%, Top5: 100.0000% | [Test] Loss: 2.05931300 Accuracy: Top1: 71.2322%, Top5: 97.3794%
[Epoch 053] Time: 116.3726s | [Train] Loss: 0.02689470 Accuracy: Top1: 99.0817%, Top5: 100.0000% | [Test] Loss: 2.05124975 Accuracy: Top1: 70.9949%, Top5: 97.6464%
[Epoch 054] Time: 116.1567s | [Train] Loss: 0.02770431 Accuracy: Top1: 99.1137%, Top5: 100.0000% | [Test] Loss: 2.06038858 Accuracy: Top1: 71.6574%, Top5: 97.5475%
[Epoch 055] Time: 116.1413s | [Train] Loss: 0.02662016 Accuracy: Top1: 99.0309%, Top5: 100.0000% | [Test] Loss: 2.12340883 Accuracy: Top1: 71.5981%, Top5: 97.3101%
[Epoch 056] Time: 116.3430s | [Train] Loss: 0.02293886 Accuracy: Top1: 99.1976%, Top5: 100.0000% | [Test] Loss: 2.17026471 Accuracy: Top1: 71.4003%, Top5: 97.5376%
[Epoch 057] Time: 116.2797s | [Train] Loss: 0.02204630 Accuracy: Top1: 99.2875%, Top5: 100.0000% | [Test] Loss: 2.07734056 Accuracy: Top1: 71.9937%, Top5: 97.6859%
[Epoch 058] Time: 116.4396s | [Train] Loss: 0.01879805 Accuracy: Top1: 99.3107%, Top5: 100.0000% | [Test] Loss: 2.11341490 Accuracy: Top1: 72.3794%, Top5: 97.5672%
[Epoch 059] Time: 116.2624s | [Train] Loss: 0.01897464 Accuracy: Top1: 99.3195%, Top5: 100.0000% | [Test] Loss: 2.14045172 Accuracy: Top1: 72.4684%, Top5: 97.4980%
[Epoch 060] Time: 116.4434s | [Train] Loss: 0.01918877 Accuracy: Top1: 99.3586%, Top5: 100.0000% | [Test] Loss: 2.20915345 Accuracy: Top1: 72.0926%, Top5: 97.4387%
[Epoch 061] Time: 116.2417s | [Train] Loss: 0.01769848 Accuracy: Top1: 99.4026%, Top5: 100.0000% | [Test] Loss: 2.11910926 Accuracy: Top1: 71.9838%, Top5: 97.8343%
[Epoch 062] Time: 116.2521s | [Train] Loss: 0.01510470 Accuracy: Top1: 99.4493%, Top5: 100.0000% | [Test] Loss: 2.19738674 Accuracy: Top1: 72.3497%, Top5: 97.5969%
[Epoch 063] Time: 116.3869s | [Train] Loss: 0.01436760 Accuracy: Top1: 99.5093%, Top5: 100.0000% | [Test] Loss: 2.17591557 Accuracy: Top1: 72.4090%, Top5: 97.5672%
[Epoch 064] Time: 116.3160s | [Train] Loss: 0.01375751 Accuracy: Top1: 99.5424%, Top5: 100.0000% | [Test] Loss: 2.19242664 Accuracy: Top1: 72.3695%, Top5: 97.6068%
[Epoch 065] Time: 116.2294s | [Train] Loss: 0.01312970 Accuracy: Top1: 99.5512%, Top5: 100.0000% | [Test] Loss: 2.19505675 Accuracy: Top1: 72.5574%, Top5: 97.3695%
[Epoch 066] Time: 116.3302s | [Train] Loss: 0.01052552 Accuracy: Top1: 99.6603%, Top5: 100.0000% | [Test] Loss: 2.22005675 Accuracy: Top1: 72.9925%, Top5: 97.4881%
[Epoch 067] Time: 116.2944s | [Train] Loss: 0.01039426 Accuracy: Top1: 99.6383%, Top5: 100.0000% | [Test] Loss: 2.28090109 Accuracy: Top1: 72.5376%, Top5: 97.4782%
[Epoch 068] Time: 116.0473s | [Train] Loss: 0.01026701 Accuracy: Top1: 99.6304%, Top5: 100.0000% | [Test] Loss: 2.32279420 Accuracy: Top1: 72.8244%, Top5: 97.5969%
[Epoch 069] Time: 116.4159s | [Train] Loss: 0.00891661 Accuracy: Top1: 99.7003%, Top5: 100.0000% | [Test] Loss: 2.26541746 Accuracy: Top1: 72.6760%, Top5: 97.7057%
[Epoch 070] Time: 116.2842s | [Train] Loss: 0.00818185 Accuracy: Top1: 99.7063%, Top5: 100.0000% | [Test] Loss: 2.31203726 Accuracy: Top1: 72.7354%, Top5: 97.6562%
[Epoch 071] Time: 116.3891s | [Train] Loss: 0.00794119 Accuracy: Top1: 99.7243%, Top5: 100.0000% | [Test] Loss: 2.29766907 Accuracy: Top1: 73.0815%, Top5: 97.7156%
[Epoch 072] Time: 116.3042s | [Train] Loss: 0.00760128 Accuracy: Top1: 99.7351%, Top5: 100.0000% | [Test] Loss: 2.31833547 Accuracy: Top1: 72.7650%, Top5: 97.4881%
[Epoch 073] Time: 116.3823s | [Train] Loss: 0.00667401 Accuracy: Top1: 99.7622%, Top5: 100.0000% | [Test] Loss: 2.37379403 Accuracy: Top1: 72.4288%, Top5: 97.4486%
[Epoch 074] Time: 116.1607s | [Train] Loss: 0.00578532 Accuracy: Top1: 99.8102%, Top5: 100.0000% | [Test] Loss: 2.34218831 Accuracy: Top1: 72.8046%, Top5: 97.4585%
[Epoch 075] Time: 116.4983s | [Train] Loss: 0.00512206 Accuracy: Top1: 99.8182%, Top5: 100.0000% | [Test] Loss: 2.33787276 Accuracy: Top1: 72.7947%, Top5: 97.6365%
[Epoch 076] Time: 116.3350s | [Train] Loss: 0.00523250 Accuracy: Top1: 99.8370%, Top5: 100.0000% | [Test] Loss: 2.37893389 Accuracy: Top1: 72.9628%, Top5: 97.6958%
[Epoch 077] Time: 116.1872s | [Train] Loss: 0.00479035 Accuracy: Top1: 99.8362%, Top5: 100.0000% | [Test] Loss: 2.33222257 Accuracy: Top1: 73.2100%, Top5: 97.5672%
[Epoch 078] Time: 116.3782s | [Train] Loss: 0.00443123 Accuracy: Top1: 99.8561%, Top5: 100.0000% | [Test] Loss: 2.37446243 Accuracy: Top1: 72.8936%, Top5: 97.5574%
[Epoch 079] Time: 116.3666s | [Train] Loss: 0.00394715 Accuracy: Top1: 99.8521%, Top5: 100.0000% | [Test] Loss: 2.37839577 Accuracy: Top1: 73.1705%, Top5: 97.7650%
[Epoch 080] Time: 116.5146s | [Train] Loss: 0.00370606 Accuracy: Top1: 99.8621%, Top5: 100.0000% | [Test] Loss: 2.36263975 Accuracy: Top1: 73.3485%, Top5: 97.7947%
[Epoch 081] Time: 116.2673s | [Train] Loss: 0.00268958 Accuracy: Top1: 99.9141%, Top5: 100.0000% | [Test] Loss: 2.42811919 Accuracy: Top1: 73.0419%, Top5: 97.6760%
[Epoch 082] Time: 116.0457s | [Train] Loss: 0.00239254 Accuracy: Top1: 99.9381%, Top5: 100.0000% | [Test] Loss: 2.43885357 Accuracy: Top1: 72.9628%, Top5: 97.7057%
[Epoch 083] Time: 116.1570s | [Train] Loss: 0.00270973 Accuracy: Top1: 99.9181%, Top5: 100.0000% | [Test] Loss: 2.42913622 Accuracy: Top1: 73.5463%, Top5: 97.7749%
[Epoch 084] Time: 116.1215s | [Train] Loss: 0.00253103 Accuracy: Top1: 99.9141%, Top5: 100.0000% | [Test] Loss: 2.41801596 Accuracy: Top1: 73.2100%, Top5: 97.7057%
[Epoch 085] Time: 116.2314s | [Train] Loss: 0.00230956 Accuracy: Top1: 99.9161%, Top5: 100.0000% | [Test] Loss: 2.44647844 Accuracy: Top1: 73.2991%, Top5: 97.8343%
[Epoch 086] Time: 116.3576s | [Train] Loss: 0.00188390 Accuracy: Top1: 99.9421%, Top5: 100.0000% | [Test] Loss: 2.45789165 Accuracy: Top1: 73.3089%, Top5: 97.7650%
[Epoch 087] Time: 116.0101s | [Train] Loss: 0.00153102 Accuracy: Top1: 99.9520%, Top5: 100.0000% | [Test] Loss: 2.46336780 Accuracy: Top1: 73.5067%, Top5: 97.7848%
[Epoch 088] Time: 116.1719s | [Train] Loss: 0.00160175 Accuracy: Top1: 99.9600%, Top5: 100.0000% | [Test] Loss: 2.47385599 Accuracy: Top1: 73.0716%, Top5: 97.6266%
[Epoch 089] Time: 116.0956s | [Train] Loss: 0.00175514 Accuracy: Top1: 99.9341%, Top5: 100.0000% | [Test] Loss: 2.45127407 Accuracy: Top1: 73.1804%, Top5: 97.8046%
[Epoch 090] Time: 116.3516s | [Train] Loss: 0.00126684 Accuracy: Top1: 99.9640%, Top5: 100.0000% | [Test] Loss: 2.46083601 Accuracy: Top1: 73.2892%, Top5: 97.6562%
[Epoch 091] Time: 116.4377s | [Train] Loss: 0.00178479 Accuracy: Top1: 99.9401%, Top5: 100.0000% | [Test] Loss: 2.45700387 Accuracy: Top1: 73.3683%, Top5: 97.8244%
[Epoch 092] Time: 116.2645s | [Train] Loss: 0.00116791 Accuracy: Top1: 99.9620%, Top5: 100.0000% | [Test] Loss: 2.47454653 Accuracy: Top1: 73.2694%, Top5: 97.8145%
[Epoch 093] Time: 116.0592s | [Train] Loss: 0.00114238 Accuracy: Top1: 99.9700%, Top5: 100.0000% | [Test] Loss: 2.44566247 Accuracy: Top1: 73.3287%, Top5: 97.8244%
[Epoch 094] Time: 116.2726s | [Train] Loss: 0.00146535 Accuracy: Top1: 99.9580%, Top5: 100.0000% | [Test] Loss: 2.45487953 Accuracy: Top1: 73.4375%, Top5: 97.8145%
[Epoch 095] Time: 116.3910s | [Train] Loss: 0.00113955 Accuracy: Top1: 99.9640%, Top5: 100.0000% | [Test] Loss: 2.45448132 Accuracy: Top1: 73.6254%, Top5: 97.7255%
[Epoch 096] Time: 116.2594s | [Train] Loss: 0.00126040 Accuracy: Top1: 99.9520%, Top5: 100.0000% | [Test] Loss: 2.46143804 Accuracy: Top1: 73.5364%, Top5: 97.7551%
[Epoch 097] Time: 116.3106s | [Train] Loss: 0.00089715 Accuracy: Top1: 99.9780%, Top5: 100.0000% | [Test] Loss: 2.45450012 Accuracy: Top1: 73.3386%, Top5: 97.8145%
[Epoch 098] Time: 116.3063s | [Train] Loss: 0.00108751 Accuracy: Top1: 99.9740%, Top5: 100.0000% | [Test] Loss: 2.47278882 Accuracy: Top1: 73.2892%, Top5: 97.8540%
[Epoch 099] Time: 115.9256s | [Train] Loss: 0.00105380 Accuracy: Top1: 99.9680%, Top5: 100.0000% | [Test] Loss: 2.47016542 Accuracy: Top1: 73.2892%, Top5: 97.8046%
[Epoch 100] Time: 116.0663s | [Train] Loss: 0.00109569 Accuracy: Top1: 99.9640%, Top5: 100.0000% | [Test] Loss: 2.46834126 Accuracy: Top1: 73.4771%, Top5: 97.7749%
Files already downloaded and verified
Files already downloaded and verified
Model: VIT BranchConv
Total Parameters: 5046922
Trainable Parameters: 5046922
   - Trainable Parameters: 5.04692200 M
Model Complexity (Profiler):
   - GFLOPs: 1.98028704
   - Trainable Parameters: 5.04692200 M
[Epoch 001] Time: 71.6479s | [Train] Loss: 1.62493346 Accuracy: Top1: 41.6372%, Top5: 87.7677% | [Test] Loss: 1.35129390 Accuracy: Top1: 50.8307%, Top5: 93.3248%
[Epoch 002] Time: 71.5145s | [Train] Loss: 1.24992897 Accuracy: Top1: 54.7323%, Top5: 94.5748% | [Test] Loss: 1.18007469 Accuracy: Top1: 57.1104%, Top5: 95.1839%
[Epoch 003] Time: 71.4003s | [Train] Loss: 1.09615944 Accuracy: Top1: 60.6921%, Top5: 96.0758% | [Test] Loss: 1.13263514 Accuracy: Top1: 59.2959%, Top5: 95.8762%
[Epoch 004] Time: 71.5622s | [Train] Loss: 0.99464935 Accuracy: Top1: 64.5360%, Top5: 96.9545% | [Test] Loss: 1.01666751 Accuracy: Top1: 63.3505%, Top5: 96.5981%
[Epoch 005] Time: 71.5423s | [Train] Loss: 0.90431433 Accuracy: Top1: 67.8037%, Top5: 97.5523% | [Test] Loss: 0.99674397 Accuracy: Top1: 63.9438%, Top5: 96.9343%
[Epoch 006] Time: 71.5575s | [Train] Loss: 0.82532857 Accuracy: Top1: 70.3868%, Top5: 98.1666% | [Test] Loss: 0.98140983 Accuracy: Top1: 65.4668%, Top5: 97.0728%
[Epoch 007] Time: 71.5167s | [Train] Loss: 0.75599053 Accuracy: Top1: 73.0539%, Top5: 98.4711% | [Test] Loss: 0.95826360 Accuracy: Top1: 66.5843%, Top5: 97.1025%
[Epoch 008] Time: 71.4015s | [Train] Loss: 0.68383936 Accuracy: Top1: 75.3668%, Top5: 98.7836% | [Test] Loss: 1.01215972 Accuracy: Top1: 65.4272%, Top5: 97.1321%
[Epoch 009] Time: 71.5633s | [Train] Loss: 0.61523086 Accuracy: Top1: 77.8401%, Top5: 99.1856% | [Test] Loss: 0.96629182 Accuracy: Top1: 67.6226%, Top5: 97.3497%
[Epoch 010] Time: 71.4993s | [Train] Loss: 0.54447429 Accuracy: Top1: 80.5403%, Top5: 99.3814% | [Test] Loss: 0.99630264 Accuracy: Top1: 67.5138%, Top5: 97.3002%
[Epoch 011] Time: 71.6276s | [Train] Loss: 0.47240861 Accuracy: Top1: 83.0147%, Top5: 99.5245% | [Test] Loss: 1.02273060 Accuracy: Top1: 68.0874%, Top5: 97.3794%
[Epoch 012] Time: 71.4480s | [Train] Loss: 0.41273513 Accuracy: Top1: 85.0168%, Top5: 99.7111% | [Test] Loss: 1.09962186 Accuracy: Top1: 67.4743%, Top5: 97.1519%
[Epoch 013] Time: 71.4727s | [Train] Loss: 0.35766574 Accuracy: Top1: 87.1627%, Top5: 99.8170% | [Test] Loss: 1.12871377 Accuracy: Top1: 67.8402%, Top5: 97.0431%
[Epoch 014] Time: 71.4864s | [Train] Loss: 0.30197930 Accuracy: Top1: 89.0413%, Top5: 99.8821% | [Test] Loss: 1.16094966 Accuracy: Top1: 68.8489%, Top5: 97.3991%
[Epoch 015] Time: 71.4755s | [Train] Loss: 0.25740228 Accuracy: Top1: 90.6410%, Top5: 99.9181% | [Test] Loss: 1.27212796 Accuracy: Top1: 68.9181%, Top5: 97.2508%
[Epoch 016] Time: 71.5642s | [Train] Loss: 0.22399769 Accuracy: Top1: 91.9897%, Top5: 99.9480% | [Test] Loss: 1.28488120 Accuracy: Top1: 68.9379%, Top5: 97.2903%
[Epoch 017] Time: 71.5921s | [Train] Loss: 0.18946061 Accuracy: Top1: 93.1306%, Top5: 99.9760% | [Test] Loss: 1.41645800 Accuracy: Top1: 67.6226%, Top5: 97.0332%
[Epoch 018] Time: 71.4821s | [Train] Loss: 0.16926683 Accuracy: Top1: 93.9706%, Top5: 99.9700% | [Test] Loss: 1.46211506 Accuracy: Top1: 68.2753%, Top5: 97.0332%
[Epoch 019] Time: 71.5456s | [Train] Loss: 0.15212733 Accuracy: Top1: 94.3686%, Top5: 99.9900% | [Test] Loss: 1.55380321 Accuracy: Top1: 67.7413%, Top5: 96.7464%
[Epoch 020] Time: 71.6405s | [Train] Loss: 0.13661683 Accuracy: Top1: 95.1207%, Top5: 99.9900% | [Test] Loss: 1.63028555 Accuracy: Top1: 67.5732%, Top5: 96.7563%
[Epoch 021] Time: 71.5389s | [Train] Loss: 0.12017823 Accuracy: Top1: 95.7201%, Top5: 99.9960% | [Test] Loss: 1.61225460 Accuracy: Top1: 68.4237%, Top5: 97.1123%
[Epoch 022] Time: 71.5101s | [Train] Loss: 0.10654498 Accuracy: Top1: 96.1105%, Top5: 99.9960% | [Test] Loss: 1.64585494 Accuracy: Top1: 68.8390%, Top5: 97.0134%
[Epoch 023] Time: 71.4226s | [Train] Loss: 0.10093472 Accuracy: Top1: 96.4462%, Top5: 99.9960% | [Test] Loss: 1.66853338 Accuracy: Top1: 68.7302%, Top5: 96.9937%
[Epoch 024] Time: 71.3312s | [Train] Loss: 0.09251688 Accuracy: Top1: 96.6616%, Top5: 99.9900% | [Test] Loss: 1.85664899 Accuracy: Top1: 68.1764%, Top5: 96.9640%
[Epoch 025] Time: 71.5831s | [Train] Loss: 0.09012565 Accuracy: Top1: 96.8015%, Top5: 99.9980% | [Test] Loss: 1.76814473 Accuracy: Top1: 68.8588%, Top5: 97.1915%
[Epoch 026] Time: 71.5598s | [Train] Loss: 0.08037082 Accuracy: Top1: 97.0428%, Top5: 99.9980% | [Test] Loss: 1.79586082 Accuracy: Top1: 68.9873%, Top5: 97.0036%
[Epoch 027] Time: 71.4221s | [Train] Loss: 0.07637406 Accuracy: Top1: 97.1755%, Top5: 99.9980% | [Test] Loss: 1.79058094 Accuracy: Top1: 68.5819%, Top5: 97.0827%
[Epoch 028] Time: 71.4432s | [Train] Loss: 0.07282764 Accuracy: Top1: 97.4684%, Top5: 99.9960% | [Test] Loss: 1.81390128 Accuracy: Top1: 68.8983%, Top5: 96.8948%
[Epoch 029] Time: 71.5161s | [Train] Loss: 0.06788519 Accuracy: Top1: 97.5911%, Top5: 99.9980% | [Test] Loss: 1.88079681 Accuracy: Top1: 69.0665%, Top5: 96.9838%
[Epoch 030] Time: 71.3184s | [Train] Loss: 0.06098695 Accuracy: Top1: 97.8185%, Top5: 99.9980% | [Test] Loss: 1.95483912 Accuracy: Top1: 68.3544%, Top5: 97.0431%
[Epoch 031] Time: 71.4431s | [Train] Loss: 0.06212070 Accuracy: Top1: 97.8752%, Top5: 99.9980% | [Test] Loss: 1.90964735 Accuracy: Top1: 69.2741%, Top5: 96.9640%
[Epoch 032] Time: 71.3656s | [Train] Loss: 0.05656080 Accuracy: Top1: 97.9380%, Top5: 100.0000% | [Test] Loss: 1.86174549 Accuracy: Top1: 69.6400%, Top5: 97.2211%
[Epoch 033] Time: 71.3687s | [Train] Loss: 0.05570009 Accuracy: Top1: 98.0906%, Top5: 100.0000% | [Test] Loss: 1.91120280 Accuracy: Top1: 70.0257%, Top5: 97.0629%
[Epoch 034] Time: 71.2069s | [Train] Loss: 0.04974212 Accuracy: Top1: 98.2385%, Top5: 100.0000% | [Test] Loss: 1.99473550 Accuracy: Top1: 69.5609%, Top5: 97.0530%
[Epoch 035] Time: 71.1928s | [Train] Loss: 0.04656417 Accuracy: Top1: 98.3468%, Top5: 100.0000% | [Test] Loss: 2.12552647 Accuracy: Top1: 69.2049%, Top5: 97.0332%
[Epoch 036] Time: 71.4184s | [Train] Loss: 0.04485327 Accuracy: Top1: 98.4339%, Top5: 99.9960% | [Test] Loss: 2.08757619 Accuracy: Top1: 69.1258%, Top5: 96.8552%
[Epoch 037] Time: 71.5946s | [Train] Loss: 0.04451178 Accuracy: Top1: 98.4195%, Top5: 99.9980% | [Test] Loss: 2.05397389 Accuracy: Top1: 69.2840%, Top5: 96.9937%
[Epoch 038] Time: 71.4087s | [Train] Loss: 0.03944095 Accuracy: Top1: 98.6093%, Top5: 99.9980% | [Test] Loss: 2.11511061 Accuracy: Top1: 69.2840%, Top5: 97.0629%
[Epoch 039] Time: 71.1969s | [Train] Loss: 0.04021574 Accuracy: Top1: 98.5462%, Top5: 100.0000% | [Test] Loss: 2.19762651 Accuracy: Top1: 69.0665%, Top5: 96.7662%
[Epoch 040] Time: 71.2826s | [Train] Loss: 0.03696678 Accuracy: Top1: 98.7460%, Top5: 100.0000% | [Test] Loss: 2.14758289 Accuracy: Top1: 68.7698%, Top5: 97.0926%
[Epoch 041] Time: 71.3617s | [Train] Loss: 0.03450325 Accuracy: Top1: 98.7608%, Top5: 100.0000% | [Test] Loss: 2.14995531 Accuracy: Top1: 69.9367%, Top5: 97.2112%
[Epoch 042] Time: 71.3622s | [Train] Loss: 0.03073482 Accuracy: Top1: 98.9090%, Top5: 99.9980% | [Test] Loss: 2.18484084 Accuracy: Top1: 69.9763%, Top5: 97.0431%
[Epoch 043] Time: 71.4445s | [Train] Loss: 0.03025305 Accuracy: Top1: 98.9370%, Top5: 99.9980% | [Test] Loss: 2.25113998 Accuracy: Top1: 69.6203%, Top5: 97.0332%
[Epoch 044] Time: 71.5797s | [Train] Loss: 0.02687887 Accuracy: Top1: 99.0909%, Top5: 100.0000% | [Test] Loss: 2.30515781 Accuracy: Top1: 69.6994%, Top5: 96.8552%
[Epoch 045] Time: 71.5729s | [Train] Loss: 0.02688941 Accuracy: Top1: 99.0417%, Top5: 100.0000% | [Test] Loss: 2.23808617 Accuracy: Top1: 69.9565%, Top5: 96.9146%
[Epoch 046] Time: 71.2886s | [Train] Loss: 0.02394548 Accuracy: Top1: 99.1476%, Top5: 100.0000% | [Test] Loss: 2.39813604 Accuracy: Top1: 69.5807%, Top5: 96.9739%
[Epoch 047] Time: 71.4467s | [Train] Loss: 0.02306524 Accuracy: Top1: 99.2076%, Top5: 100.0000% | [Test] Loss: 2.37976086 Accuracy: Top1: 69.3532%, Top5: 96.6475%
[Epoch 048] Time: 71.5069s | [Train] Loss: 0.02226438 Accuracy: Top1: 99.2235%, Top5: 100.0000% | [Test] Loss: 2.39182559 Accuracy: Top1: 69.7983%, Top5: 96.8750%
[Epoch 049] Time: 71.2025s | [Train] Loss: 0.02172307 Accuracy: Top1: 99.2767%, Top5: 100.0000% | [Test] Loss: 2.39299038 Accuracy: Top1: 69.5115%, Top5: 96.7563%
[Epoch 050] Time: 71.3828s | [Train] Loss: 0.01990617 Accuracy: Top1: 99.2975%, Top5: 100.0000% | [Test] Loss: 2.39038100 Accuracy: Top1: 69.7488%, Top5: 97.0926%
[Epoch 051] Time: 71.2837s | [Train] Loss: 0.01805294 Accuracy: Top1: 99.3426%, Top5: 100.0000% | [Test] Loss: 2.49734978 Accuracy: Top1: 69.6301%, Top5: 97.0036%
[Epoch 052] Time: 71.4264s | [Train] Loss: 0.01650188 Accuracy: Top1: 99.4345%, Top5: 100.0000% | [Test] Loss: 2.51498420 Accuracy: Top1: 70.5004%, Top5: 96.9739%
[Epoch 053] Time: 71.3148s | [Train] Loss: 0.01592642 Accuracy: Top1: 99.4405%, Top5: 100.0000% | [Test] Loss: 2.46949383 Accuracy: Top1: 70.7575%, Top5: 97.2112%
[Epoch 054] Time: 71.3584s | [Train] Loss: 0.01478718 Accuracy: Top1: 99.5065%, Top5: 100.0000% | [Test] Loss: 2.47113342 Accuracy: Top1: 69.8972%, Top5: 97.0036%
[Epoch 055] Time: 71.5146s | [Train] Loss: 0.01374974 Accuracy: Top1: 99.5392%, Top5: 100.0000% | [Test] Loss: 2.55670405 Accuracy: Top1: 69.8180%, Top5: 96.7563%
[Epoch 056] Time: 71.3389s | [Train] Loss: 0.01582464 Accuracy: Top1: 99.4325%, Top5: 100.0000% | [Test] Loss: 2.46852179 Accuracy: Top1: 70.6685%, Top5: 97.1816%
[Epoch 057] Time: 71.4255s | [Train] Loss: 0.01152505 Accuracy: Top1: 99.6204%, Top5: 100.0000% | [Test] Loss: 2.62385681 Accuracy: Top1: 69.7290%, Top5: 97.0431%
[Epoch 058] Time: 71.1859s | [Train] Loss: 0.01044728 Accuracy: Top1: 99.6531%, Top5: 100.0000% | [Test] Loss: 2.54292596 Accuracy: Top1: 70.3619%, Top5: 97.1420%
[Epoch 059] Time: 71.4016s | [Train] Loss: 0.00901842 Accuracy: Top1: 99.6831%, Top5: 100.0000% | [Test] Loss: 2.70127531 Accuracy: Top1: 70.4015%, Top5: 96.9343%
[Epoch 060] Time: 71.5478s | [Train] Loss: 0.00916125 Accuracy: Top1: 99.6923%, Top5: 100.0000% | [Test] Loss: 2.63880212 Accuracy: Top1: 70.4015%, Top5: 96.9244%
[Epoch 061] Time: 71.3069s | [Train] Loss: 0.00852637 Accuracy: Top1: 99.6883%, Top5: 99.9980% | [Test] Loss: 2.67421426 Accuracy: Top1: 70.4608%, Top5: 97.0827%
[Epoch 062] Time: 71.2872s | [Train] Loss: 0.00849010 Accuracy: Top1: 99.6843%, Top5: 100.0000% | [Test] Loss: 2.71419639 Accuracy: Top1: 70.0752%, Top5: 97.2112%
[Epoch 063] Time: 71.3537s | [Train] Loss: 0.00606367 Accuracy: Top1: 99.8022%, Top5: 100.0000% | [Test] Loss: 2.72478913 Accuracy: Top1: 70.4312%, Top5: 97.2211%
[Epoch 064] Time: 71.5839s | [Train] Loss: 0.00632121 Accuracy: Top1: 99.7802%, Top5: 100.0000% | [Test] Loss: 2.76925411 Accuracy: Top1: 70.6982%, Top5: 97.1025%
[Epoch 065] Time: 71.4179s | [Train] Loss: 0.00592688 Accuracy: Top1: 99.8022%, Top5: 100.0000% | [Test] Loss: 2.84792934 Accuracy: Top1: 70.4608%, Top5: 96.8948%
[Epoch 066] Time: 71.4397s | [Train] Loss: 0.00501004 Accuracy: Top1: 99.8262%, Top5: 100.0000% | [Test] Loss: 2.83823396 Accuracy: Top1: 70.8366%, Top5: 96.8453%
[Epoch 067] Time: 71.2575s | [Train] Loss: 0.00610884 Accuracy: Top1: 99.7922%, Top5: 100.0000% | [Test] Loss: 2.81808775 Accuracy: Top1: 70.8070%, Top5: 96.9838%
[Epoch 068] Time: 71.4229s | [Train] Loss: 0.00414253 Accuracy: Top1: 99.8601%, Top5: 100.0000% | [Test] Loss: 2.92093769 Accuracy: Top1: 70.7872%, Top5: 96.8651%
[Epoch 069] Time: 71.4424s | [Train] Loss: 0.00452043 Accuracy: Top1: 99.8481%, Top5: 100.0000% | [Test] Loss: 2.93066645 Accuracy: Top1: 70.8564%, Top5: 96.8552%
[Epoch 070] Time: 71.4253s | [Train] Loss: 0.00307413 Accuracy: Top1: 99.9141%, Top5: 100.0000% | [Test] Loss: 2.86442730 Accuracy: Top1: 70.8762%, Top5: 97.1618%
[Epoch 071] Time: 71.3609s | [Train] Loss: 0.00354283 Accuracy: Top1: 99.8821%, Top5: 100.0000% | [Test] Loss: 2.90165758 Accuracy: Top1: 70.7180%, Top5: 97.2409%
[Epoch 072] Time: 71.3141s | [Train] Loss: 0.00295014 Accuracy: Top1: 99.8821%, Top5: 100.0000% | [Test] Loss: 2.94075049 Accuracy: Top1: 70.9652%, Top5: 97.1816%
[Epoch 073] Time: 71.6402s | [Train] Loss: 0.00250876 Accuracy: Top1: 99.9181%, Top5: 100.0000% | [Test] Loss: 2.98753854 Accuracy: Top1: 71.0443%, Top5: 97.0431%
[Epoch 074] Time: 71.3143s | [Train] Loss: 0.00246344 Accuracy: Top1: 99.9141%, Top5: 100.0000% | [Test] Loss: 2.93360740 Accuracy: Top1: 71.2816%, Top5: 96.9442%
[Epoch 075] Time: 71.3537s | [Train] Loss: 0.00184073 Accuracy: Top1: 99.9421%, Top5: 100.0000% | [Test] Loss: 2.95827827 Accuracy: Top1: 70.7872%, Top5: 97.2607%
[Epoch 076] Time: 71.4733s | [Train] Loss: 0.00166805 Accuracy: Top1: 99.9500%, Top5: 100.0000% | [Test] Loss: 2.98269354 Accuracy: Top1: 70.8564%, Top5: 97.0926%
[Epoch 077] Time: 71.2785s | [Train] Loss: 0.00264578 Accuracy: Top1: 99.9141%, Top5: 100.0000% | [Test] Loss: 3.03892372 Accuracy: Top1: 70.6784%, Top5: 96.9343%
[Epoch 078] Time: 71.3489s | [Train] Loss: 0.00117802 Accuracy: Top1: 99.9640%, Top5: 100.0000% | [Test] Loss: 3.03049958 Accuracy: Top1: 70.9850%, Top5: 96.9244%
[Epoch 079] Time: 71.3813s | [Train] Loss: 0.00139521 Accuracy: Top1: 99.9540%, Top5: 100.0000% | [Test] Loss: 3.00225447 Accuracy: Top1: 70.9751%, Top5: 97.1321%
[Epoch 080] Time: 71.3472s | [Train] Loss: 0.00085183 Accuracy: Top1: 99.9740%, Top5: 100.0000% | [Test] Loss: 3.02393210 Accuracy: Top1: 71.1036%, Top5: 97.1717%
[Epoch 081] Time: 71.2356s | [Train] Loss: 0.00104628 Accuracy: Top1: 99.9660%, Top5: 100.0000% | [Test] Loss: 3.00854183 Accuracy: Top1: 71.2421%, Top5: 97.1123%
[Epoch 082] Time: 71.3474s | [Train] Loss: 0.00121246 Accuracy: Top1: 99.9580%, Top5: 100.0000% | [Test] Loss: 3.04702610 Accuracy: Top1: 71.1432%, Top5: 97.0530%
[Epoch 083] Time: 71.3240s | [Train] Loss: 0.00059083 Accuracy: Top1: 99.9820%, Top5: 100.0000% | [Test] Loss: 3.07688194 Accuracy: Top1: 71.3706%, Top5: 97.0431%
[Epoch 084] Time: 71.5075s | [Train] Loss: 0.00108239 Accuracy: Top1: 99.9740%, Top5: 100.0000% | [Test] Loss: 3.04890500 Accuracy: Top1: 71.2025%, Top5: 97.0728%
[Epoch 085] Time: 71.4342s | [Train] Loss: 0.00049564 Accuracy: Top1: 99.9840%, Top5: 100.0000% | [Test] Loss: 3.05074446 Accuracy: Top1: 71.4300%, Top5: 97.0629%
[Epoch 086] Time: 71.1208s | [Train] Loss: 0.00039021 Accuracy: Top1: 99.9880%, Top5: 100.0000% | [Test] Loss: 3.05364282 Accuracy: Top1: 71.4498%, Top5: 97.2013%
[Epoch 087] Time: 71.3723s | [Train] Loss: 0.00044427 Accuracy: Top1: 99.9900%, Top5: 100.0000% | [Test] Loss: 3.05795931 Accuracy: Top1: 71.3311%, Top5: 96.9838%
[Epoch 088] Time: 71.4992s | [Train] Loss: 0.00048606 Accuracy: Top1: 99.9800%, Top5: 100.0000% | [Test] Loss: 3.04537621 Accuracy: Top1: 71.4498%, Top5: 97.0926%
[Epoch 089] Time: 71.2626s | [Train] Loss: 0.00039472 Accuracy: Top1: 99.9880%, Top5: 100.0000% | [Test] Loss: 3.07509370 Accuracy: Top1: 71.5289%, Top5: 96.9146%
[Epoch 090] Time: 71.3037s | [Train] Loss: 0.00028232 Accuracy: Top1: 99.9900%, Top5: 100.0000% | [Test] Loss: 3.07395393 Accuracy: Top1: 71.5190%, Top5: 97.0926%
[Epoch 091] Time: 71.3780s | [Train] Loss: 0.00039961 Accuracy: Top1: 99.9900%, Top5: 100.0000% | [Test] Loss: 3.08043996 Accuracy: Top1: 71.5487%, Top5: 97.0629%
[Epoch 092] Time: 71.2302s | [Train] Loss: 0.00037188 Accuracy: Top1: 99.9840%, Top5: 100.0000% | [Test] Loss: 3.08430335 Accuracy: Top1: 71.5190%, Top5: 97.1519%
[Epoch 093] Time: 71.3477s | [Train] Loss: 0.00040589 Accuracy: Top1: 99.9860%, Top5: 100.0000% | [Test] Loss: 3.08108450 Accuracy: Top1: 71.7168%, Top5: 97.1618%
[Epoch 094] Time: 71.3734s | [Train] Loss: 0.00033462 Accuracy: Top1: 99.9940%, Top5: 100.0000% | [Test] Loss: 3.07815643 Accuracy: Top1: 71.7168%, Top5: 97.1420%
[Epoch 095] Time: 71.4163s | [Train] Loss: 0.00037876 Accuracy: Top1: 99.9860%, Top5: 100.0000% | [Test] Loss: 3.07281202 Accuracy: Top1: 71.7959%, Top5: 97.1123%
[Epoch 096] Time: 71.4041s | [Train] Loss: 0.00038329 Accuracy: Top1: 99.9880%, Top5: 100.0000% | [Test] Loss: 3.07430431 Accuracy: Top1: 71.5981%, Top5: 97.1123%
[Epoch 097] Time: 71.4429s | [Train] Loss: 0.00025508 Accuracy: Top1: 99.9920%, Top5: 100.0000% | [Test] Loss: 3.07677509 Accuracy: Top1: 71.7761%, Top5: 97.0629%
[Epoch 098] Time: 71.3721s | [Train] Loss: 0.00030423 Accuracy: Top1: 99.9920%, Top5: 100.0000% | [Test] Loss: 3.07335071 Accuracy: Top1: 71.8453%, Top5: 97.1519%
[Epoch 099] Time: 71.2719s | [Train] Loss: 0.00026598 Accuracy: Top1: 99.9900%, Top5: 100.0000% | [Test] Loss: 3.07538458 Accuracy: Top1: 71.7860%, Top5: 97.1321%
[Epoch 100] Time: 71.2612s | [Train] Loss: 0.00026669 Accuracy: Top1: 99.9920%, Top5: 100.0000% | [Test] Loss: 3.07558166 Accuracy: Top1: 71.8256%, Top5: 97.1915%
Files already downloaded and verified
Files already downloaded and verified
Model: VIT BranchAttention
Total Parameters: 5159434
Trainable Parameters: 5159434
   - Trainable Parameters: 5.15943400 M
Model Complexity (Profiler):
   - GFLOPs: 2.24626541
   - Trainable Parameters: 5.15943400 M
[Epoch 001] Time: 81.8028s | [Train] Loss: 1.65617100 Accuracy: Top1: 39.8557%, Top5: 87.3953% | [Test] Loss: 1.43062493 Accuracy: Top1: 48.5858%, Top5: 91.6238%
[Epoch 002] Time: 81.2456s | [Train] Loss: 1.32216834 Accuracy: Top1: 51.8378%, Top5: 93.7984% | [Test] Loss: 1.20973060 Accuracy: Top1: 55.4688%, Top5: 95.0554%
[Epoch 003] Time: 81.3609s | [Train] Loss: 1.15776147 Accuracy: Top1: 57.8365%, Top5: 95.6941% | [Test] Loss: 1.11211652 Accuracy: Top1: 60.1167%, Top5: 96.3212%
[Epoch 004] Time: 81.3475s | [Train] Loss: 1.04524947 Accuracy: Top1: 62.6267%, Top5: 96.6608% | [Test] Loss: 1.04083470 Accuracy: Top1: 62.5791%, Top5: 96.6179%
[Epoch 005] Time: 81.4078s | [Train] Loss: 0.95540466 Accuracy: Top1: 65.8580%, Top5: 97.3146% | [Test] Loss: 0.99723936 Accuracy: Top1: 64.2009%, Top5: 97.2211%
[Epoch 006] Time: 81.2329s | [Train] Loss: 0.87944595 Accuracy: Top1: 68.4339%, Top5: 97.8708% | [Test] Loss: 0.96075216 Accuracy: Top1: 66.1986%, Top5: 97.1222%
[Epoch 007] Time: 81.3639s | [Train] Loss: 0.81875673 Accuracy: Top1: 70.7677%, Top5: 98.0914% | [Test] Loss: 0.88645668 Accuracy: Top1: 68.2259%, Top5: 97.5870%
[Epoch 008] Time: 81.4608s | [Train] Loss: 0.76464171 Accuracy: Top1: 72.7394%, Top5: 98.4679% | [Test] Loss: 0.87996601 Accuracy: Top1: 69.1258%, Top5: 97.4387%
[Epoch 009] Time: 81.3595s | [Train] Loss: 0.71214568 Accuracy: Top1: 74.4226%, Top5: 98.7668% | [Test] Loss: 0.88911026 Accuracy: Top1: 69.1851%, Top5: 97.6167%
[Epoch 010] Time: 81.1719s | [Train] Loss: 0.65873250 Accuracy: Top1: 76.5637%, Top5: 98.9298% | [Test] Loss: 0.87548556 Accuracy: Top1: 70.0059%, Top5: 97.9628%
[Epoch 011] Time: 81.3721s | [Train] Loss: 0.61169921 Accuracy: Top1: 78.0758%, Top5: 99.0697% | [Test] Loss: 0.83260780 Accuracy: Top1: 71.7761%, Top5: 98.1804%
[Epoch 012] Time: 81.3228s | [Train] Loss: 0.56994471 Accuracy: Top1: 79.7227%, Top5: 99.2028% | [Test] Loss: 0.88202484 Accuracy: Top1: 70.7674%, Top5: 97.7354%
[Epoch 013] Time: 81.5741s | [Train] Loss: 0.53465416 Accuracy: Top1: 80.7197%, Top5: 99.3866% | [Test] Loss: 0.80741557 Accuracy: Top1: 72.7453%, Top5: 98.0222%
[Epoch 014] Time: 81.1041s | [Train] Loss: 0.48854656 Accuracy: Top1: 82.5679%, Top5: 99.5225% | [Test] Loss: 0.84413566 Accuracy: Top1: 72.4090%, Top5: 98.2496%
[Epoch 015] Time: 81.4450s | [Train] Loss: 0.44904455 Accuracy: Top1: 83.8475%, Top5: 99.5924% | [Test] Loss: 0.87647642 Accuracy: Top1: 72.1519%, Top5: 98.1507%
[Epoch 016] Time: 81.2785s | [Train] Loss: 0.41420758 Accuracy: Top1: 85.0899%, Top5: 99.6983% | [Test] Loss: 0.82398058 Accuracy: Top1: 74.1199%, Top5: 98.3386%
[Epoch 017] Time: 81.2278s | [Train] Loss: 0.38043379 Accuracy: Top1: 86.3563%, Top5: 99.7422% | [Test] Loss: 0.85841448 Accuracy: Top1: 73.6847%, Top5: 98.2298%
[Epoch 018] Time: 81.3771s | [Train] Loss: 0.35400938 Accuracy: Top1: 87.2530%, Top5: 99.7902% | [Test] Loss: 0.88142736 Accuracy: Top1: 73.4672%, Top5: 98.2397%
[Epoch 019] Time: 81.0920s | [Train] Loss: 0.31927373 Accuracy: Top1: 88.4994%, Top5: 99.8521% | [Test] Loss: 0.93656809 Accuracy: Top1: 72.8936%, Top5: 98.1606%
[Epoch 020] Time: 81.4070s | [Train] Loss: 0.29112050 Accuracy: Top1: 89.3570%, Top5: 99.8881% | [Test] Loss: 0.90292190 Accuracy: Top1: 74.4264%, Top5: 98.4375%
[Epoch 021] Time: 81.5319s | [Train] Loss: 0.26782590 Accuracy: Top1: 90.2570%, Top5: 99.9141% | [Test] Loss: 0.95027443 Accuracy: Top1: 73.6353%, Top5: 98.2991%
[Epoch 022] Time: 81.1887s | [Train] Loss: 0.24502499 Accuracy: Top1: 91.1369%, Top5: 99.9261% | [Test] Loss: 0.93923266 Accuracy: Top1: 74.1891%, Top5: 98.3683%
[Epoch 023] Time: 81.1893s | [Train] Loss: 0.21962416 Accuracy: Top1: 92.0157%, Top5: 99.9580% | [Test] Loss: 1.11025009 Accuracy: Top1: 72.7551%, Top5: 98.2397%
[Epoch 024] Time: 81.4451s | [Train] Loss: 0.20282197 Accuracy: Top1: 92.6455%, Top5: 99.9760% | [Test] Loss: 1.05187871 Accuracy: Top1: 73.8133%, Top5: 98.1606%
[Epoch 025] Time: 81.0299s | [Train] Loss: 0.19007053 Accuracy: Top1: 92.9959%, Top5: 99.9700% | [Test] Loss: 1.04861218 Accuracy: Top1: 74.1297%, Top5: 98.2496%
[Epoch 026] Time: 81.2254s | [Train] Loss: 0.17927323 Accuracy: Top1: 93.5058%, Top5: 99.9780% | [Test] Loss: 1.07202975 Accuracy: Top1: 74.3473%, Top5: 98.3089%
[Epoch 027] Time: 81.1542s | [Train] Loss: 0.16328380 Accuracy: Top1: 94.1368%, Top5: 99.9760% | [Test] Loss: 1.07972105 Accuracy: Top1: 74.9011%, Top5: 98.3386%
[Epoch 028] Time: 81.0716s | [Train] Loss: 0.14929654 Accuracy: Top1: 94.5648%, Top5: 99.9920% | [Test] Loss: 1.15472085 Accuracy: Top1: 74.4858%, Top5: 98.1210%
[Epoch 029] Time: 81.2251s | [Train] Loss: 0.13973245 Accuracy: Top1: 94.9189%, Top5: 99.9920% | [Test] Loss: 1.16435898 Accuracy: Top1: 74.4759%, Top5: 98.0716%
[Epoch 030] Time: 81.1209s | [Train] Loss: 0.13467109 Accuracy: Top1: 95.1766%, Top5: 99.9860% | [Test] Loss: 1.18436259 Accuracy: Top1: 74.3671%, Top5: 98.3287%
[Epoch 031] Time: 80.7272s | [Train] Loss: 0.11994957 Accuracy: Top1: 95.6598%, Top5: 99.9900% | [Test] Loss: 1.23238107 Accuracy: Top1: 74.2286%, Top5: 98.0419%
[Epoch 032] Time: 81.3338s | [Train] Loss: 0.11933992 Accuracy: Top1: 95.6230%, Top5: 99.9900% | [Test] Loss: 1.17626723 Accuracy: Top1: 74.7824%, Top5: 98.2595%
[Epoch 033] Time: 81.0345s | [Train] Loss: 0.11194872 Accuracy: Top1: 95.9938%, Top5: 99.9820% | [Test] Loss: 1.17524301 Accuracy: Top1: 74.8220%, Top5: 98.3485%
[Epoch 034] Time: 81.0508s | [Train] Loss: 0.10099997 Accuracy: Top1: 96.3719%, Top5: 99.9960% | [Test] Loss: 1.24490977 Accuracy: Top1: 74.7132%, Top5: 98.3188%
[Epoch 035] Time: 81.1263s | [Train] Loss: 0.10064021 Accuracy: Top1: 96.3851%, Top5: 99.9880% | [Test] Loss: 1.34486419 Accuracy: Top1: 73.9023%, Top5: 98.1408%
[Epoch 036] Time: 81.4186s | [Train] Loss: 0.09434162 Accuracy: Top1: 96.7040%, Top5: 99.9900% | [Test] Loss: 1.23172515 Accuracy: Top1: 74.7330%, Top5: 98.2496%
[Epoch 037] Time: 80.9041s | [Train] Loss: 0.08822487 Accuracy: Top1: 96.8850%, Top5: 99.9920% | [Test] Loss: 1.26543277 Accuracy: Top1: 75.4153%, Top5: 98.4474%
[Epoch 038] Time: 81.3428s | [Train] Loss: 0.08058361 Accuracy: Top1: 97.1324%, Top5: 99.9940% | [Test] Loss: 1.34477714 Accuracy: Top1: 74.7132%, Top5: 98.1804%
[Epoch 039] Time: 81.3299s | [Train] Loss: 0.07725696 Accuracy: Top1: 97.2686%, Top5: 99.9920% | [Test] Loss: 1.34683495 Accuracy: Top1: 74.6835%, Top5: 98.3584%
[Epoch 040] Time: 81.0229s | [Train] Loss: 0.07003278 Accuracy: Top1: 97.5224%, Top5: 99.9960% | [Test] Loss: 1.41458966 Accuracy: Top1: 74.1199%, Top5: 98.2100%
[Epoch 041] Time: 81.1074s | [Train] Loss: 0.06697178 Accuracy: Top1: 97.6067%, Top5: 99.9960% | [Test] Loss: 1.42422236 Accuracy: Top1: 74.5253%, Top5: 98.3584%
[Epoch 042] Time: 81.1954s | [Train] Loss: 0.07005800 Accuracy: Top1: 97.4660%, Top5: 99.9960% | [Test] Loss: 1.35447328 Accuracy: Top1: 75.5736%, Top5: 98.3979%
[Epoch 043] Time: 81.3018s | [Train] Loss: 0.06392776 Accuracy: Top1: 97.7889%, Top5: 99.9940% | [Test] Loss: 1.38361022 Accuracy: Top1: 74.9506%, Top5: 98.2595%
[Epoch 044] Time: 81.1404s | [Train] Loss: 0.06161592 Accuracy: Top1: 97.7897%, Top5: 100.0000% | [Test] Loss: 1.43354624 Accuracy: Top1: 75.3066%, Top5: 98.2100%
[Epoch 045] Time: 81.2975s | [Train] Loss: 0.05348884 Accuracy: Top1: 98.1526%, Top5: 100.0000% | [Test] Loss: 1.41958248 Accuracy: Top1: 75.4747%, Top5: 98.3287%
[Epoch 046] Time: 81.0850s | [Train] Loss: 0.05463048 Accuracy: Top1: 98.1074%, Top5: 100.0000% | [Test] Loss: 1.51044054 Accuracy: Top1: 74.7330%, Top5: 98.1112%
[Epoch 047] Time: 80.9891s | [Train] Loss: 0.05132843 Accuracy: Top1: 98.1558%, Top5: 100.0000% | [Test] Loss: 1.48034998 Accuracy: Top1: 75.4747%, Top5: 98.2793%
[Epoch 048] Time: 81.1510s | [Train] Loss: 0.04654232 Accuracy: Top1: 98.3556%, Top5: 100.0000% | [Test] Loss: 1.49204166 Accuracy: Top1: 75.5439%, Top5: 98.2991%
[Epoch 049] Time: 81.2786s | [Train] Loss: 0.04773892 Accuracy: Top1: 98.3536%, Top5: 99.9980% | [Test] Loss: 1.44340165 Accuracy: Top1: 75.5934%, Top5: 98.2793%
[Epoch 050] Time: 81.2930s | [Train] Loss: 0.04054985 Accuracy: Top1: 98.5682%, Top5: 100.0000% | [Test] Loss: 1.53617164 Accuracy: Top1: 75.3263%, Top5: 98.3683%
[Epoch 051] Time: 81.1752s | [Train] Loss: 0.04143330 Accuracy: Top1: 98.5762%, Top5: 100.0000% | [Test] Loss: 1.55704338 Accuracy: Top1: 75.1978%, Top5: 98.2298%
[Epoch 052] Time: 81.1723s | [Train] Loss: 0.03959860 Accuracy: Top1: 98.6069%, Top5: 100.0000% | [Test] Loss: 1.54464616 Accuracy: Top1: 75.6329%, Top5: 98.3683%
[Epoch 053] Time: 81.0641s | [Train] Loss: 0.03531812 Accuracy: Top1: 98.7600%, Top5: 100.0000% | [Test] Loss: 1.54955854 Accuracy: Top1: 76.1669%, Top5: 98.3386%
[Epoch 054] Time: 81.2866s | [Train] Loss: 0.03378952 Accuracy: Top1: 98.8599%, Top5: 100.0000% | [Test] Loss: 1.62012657 Accuracy: Top1: 75.6131%, Top5: 98.2298%
[Epoch 055] Time: 81.1624s | [Train] Loss: 0.03287441 Accuracy: Top1: 98.8651%, Top5: 99.9980% | [Test] Loss: 1.60799522 Accuracy: Top1: 75.6725%, Top5: 98.4276%
[Epoch 056] Time: 80.9881s | [Train] Loss: 0.02858930 Accuracy: Top1: 99.0010%, Top5: 100.0000% | [Test] Loss: 1.61286134 Accuracy: Top1: 76.1669%, Top5: 98.3188%
[Epoch 057] Time: 80.8573s | [Train] Loss: 0.02857435 Accuracy: Top1: 99.0569%, Top5: 99.9980% | [Test] Loss: 1.66805053 Accuracy: Top1: 75.6725%, Top5: 97.9826%
[Epoch 058] Time: 81.2724s | [Train] Loss: 0.02519112 Accuracy: Top1: 99.1324%, Top5: 100.0000% | [Test] Loss: 1.67084237 Accuracy: Top1: 75.6626%, Top5: 98.4375%
[Epoch 059] Time: 81.3859s | [Train] Loss: 0.02504901 Accuracy: Top1: 99.1204%, Top5: 100.0000% | [Test] Loss: 1.66589058 Accuracy: Top1: 76.2263%, Top5: 98.2991%
[Epoch 060] Time: 81.1881s | [Train] Loss: 0.02273380 Accuracy: Top1: 99.2215%, Top5: 100.0000% | [Test] Loss: 1.65949288 Accuracy: Top1: 76.3944%, Top5: 98.2496%
[Epoch 061] Time: 81.0928s | [Train] Loss: 0.02327615 Accuracy: Top1: 99.2435%, Top5: 100.0000% | [Test] Loss: 1.69564742 Accuracy: Top1: 76.5032%, Top5: 98.2892%
[Epoch 062] Time: 81.2524s | [Train] Loss: 0.01969845 Accuracy: Top1: 99.3446%, Top5: 100.0000% | [Test] Loss: 1.81199664 Accuracy: Top1: 75.4945%, Top5: 98.1903%
[Epoch 063] Time: 80.7769s | [Train] Loss: 0.01935830 Accuracy: Top1: 99.3227%, Top5: 100.0000% | [Test] Loss: 1.71935213 Accuracy: Top1: 76.4537%, Top5: 98.3485%
[Epoch 064] Time: 81.2366s | [Train] Loss: 0.01562289 Accuracy: Top1: 99.4186%, Top5: 100.0000% | [Test] Loss: 1.76866036 Accuracy: Top1: 76.3845%, Top5: 98.2199%
[Epoch 065] Time: 81.1381s | [Train] Loss: 0.01571848 Accuracy: Top1: 99.4385%, Top5: 100.0000% | [Test] Loss: 1.82108053 Accuracy: Top1: 76.2658%, Top5: 98.2397%
[Epoch 066] Time: 81.0323s | [Train] Loss: 0.01732951 Accuracy: Top1: 99.4206%, Top5: 100.0000% | [Test] Loss: 1.72596642 Accuracy: Top1: 76.9185%, Top5: 98.2892%
[Epoch 067] Time: 81.0993s | [Train] Loss: 0.01431653 Accuracy: Top1: 99.5093%, Top5: 100.0000% | [Test] Loss: 1.76758730 Accuracy: Top1: 76.1867%, Top5: 98.4869%
[Epoch 068] Time: 81.1968s | [Train] Loss: 0.01197851 Accuracy: Top1: 99.5924%, Top5: 100.0000% | [Test] Loss: 1.82459026 Accuracy: Top1: 76.7405%, Top5: 98.3386%
[Epoch 069] Time: 81.3600s | [Train] Loss: 0.01227649 Accuracy: Top1: 99.5684%, Top5: 100.0000% | [Test] Loss: 1.82604400 Accuracy: Top1: 76.7504%, Top5: 98.3287%
[Epoch 070] Time: 81.1243s | [Train] Loss: 0.01029647 Accuracy: Top1: 99.6791%, Top5: 99.9980% | [Test] Loss: 1.82859241 Accuracy: Top1: 76.1966%, Top5: 98.3881%
[Epoch 071] Time: 81.1394s | [Train] Loss: 0.01035630 Accuracy: Top1: 99.6463%, Top5: 100.0000% | [Test] Loss: 1.87580046 Accuracy: Top1: 76.3548%, Top5: 98.2892%
[Epoch 072] Time: 80.9822s | [Train] Loss: 0.00946957 Accuracy: Top1: 99.6823%, Top5: 100.0000% | [Test] Loss: 1.90384490 Accuracy: Top1: 76.5032%, Top5: 98.2595%
[Epoch 073] Time: 81.0001s | [Train] Loss: 0.00904826 Accuracy: Top1: 99.7143%, Top5: 100.0000% | [Test] Loss: 1.87543991 Accuracy: Top1: 76.8790%, Top5: 98.4276%
[Epoch 074] Time: 81.0280s | [Train] Loss: 0.00876446 Accuracy: Top1: 99.6883%, Top5: 100.0000% | [Test] Loss: 1.88140766 Accuracy: Top1: 76.9581%, Top5: 98.3584%
[Epoch 075] Time: 81.0684s | [Train] Loss: 0.00631982 Accuracy: Top1: 99.7902%, Top5: 100.0000% | [Test] Loss: 1.90805454 Accuracy: Top1: 77.0965%, Top5: 98.4573%
[Epoch 076] Time: 81.0971s | [Train] Loss: 0.00695161 Accuracy: Top1: 99.7383%, Top5: 100.0000% | [Test] Loss: 1.92405868 Accuracy: Top1: 76.7801%, Top5: 98.4375%
[Epoch 077] Time: 81.0276s | [Train] Loss: 0.00684990 Accuracy: Top1: 99.7642%, Top5: 100.0000% | [Test] Loss: 1.89120268 Accuracy: Top1: 77.0965%, Top5: 98.2793%
[Epoch 078] Time: 81.0299s | [Train] Loss: 0.00492752 Accuracy: Top1: 99.8362%, Top5: 100.0000% | [Test] Loss: 1.94986692 Accuracy: Top1: 76.7702%, Top5: 98.3485%
[Epoch 079] Time: 81.1517s | [Train] Loss: 0.00600602 Accuracy: Top1: 99.7942%, Top5: 100.0000% | [Test] Loss: 1.94993344 Accuracy: Top1: 77.1657%, Top5: 98.2397%
[Epoch 080] Time: 81.1232s | [Train] Loss: 0.00491897 Accuracy: Top1: 99.8330%, Top5: 100.0000% | [Test] Loss: 1.96154153 Accuracy: Top1: 77.1262%, Top5: 98.3979%
[Epoch 081] Time: 81.0375s | [Train] Loss: 0.00409908 Accuracy: Top1: 99.8481%, Top5: 100.0000% | [Test] Loss: 1.92371498 Accuracy: Top1: 77.0669%, Top5: 98.4375%
[Epoch 082] Time: 80.7831s | [Train] Loss: 0.00422199 Accuracy: Top1: 99.8569%, Top5: 100.0000% | [Test] Loss: 1.92397618 Accuracy: Top1: 77.0669%, Top5: 98.4078%
[Epoch 083] Time: 80.7955s | [Train] Loss: 0.00401619 Accuracy: Top1: 99.8681%, Top5: 100.0000% | [Test] Loss: 1.97764720 Accuracy: Top1: 77.0669%, Top5: 98.2991%
[Epoch 084] Time: 80.9750s | [Train] Loss: 0.00302629 Accuracy: Top1: 99.9061%, Top5: 100.0000% | [Test] Loss: 1.97918028 Accuracy: Top1: 76.9581%, Top5: 98.2892%
[Epoch 085] Time: 80.9008s | [Train] Loss: 0.00328171 Accuracy: Top1: 99.8921%, Top5: 100.0000% | [Test] Loss: 1.95967860 Accuracy: Top1: 77.2547%, Top5: 98.4672%
[Epoch 086] Time: 80.9805s | [Train] Loss: 0.00289068 Accuracy: Top1: 99.8921%, Top5: 100.0000% | [Test] Loss: 1.97568568 Accuracy: Top1: 77.4624%, Top5: 98.2892%
[Epoch 087] Time: 81.2575s | [Train] Loss: 0.00328171 Accuracy: Top1: 99.8921%, Top5: 100.0000% | [Test] Loss: 1.99371546 Accuracy: Top1: 77.1559%, Top5: 98.2892%
[Epoch 088] Time: 80.7314s | [Train] Loss: 0.00287945 Accuracy: Top1: 99.8961%, Top5: 100.0000% | [Test] Loss: 2.00359362 Accuracy: Top1: 77.2350%, Top5: 98.2991%
[Epoch 089] Time: 80.8780s | [Train] Loss: 0.00208288 Accuracy: Top1: 99.9401%, Top5: 100.0000% | [Test] Loss: 2.00386779 Accuracy: Top1: 77.1460%, Top5: 98.3683%
[Epoch 090] Time: 81.0286s | [Train] Loss: 0.00203894 Accuracy: Top1: 99.9480%, Top5: 100.0000% | [Test] Loss: 1.99458847 Accuracy: Top1: 77.6009%, Top5: 98.3386%
[Epoch 091] Time: 81.1872s | [Train] Loss: 0.00149570 Accuracy: Top1: 99.9660%, Top5: 100.0000% | [Test] Loss: 1.99485495 Accuracy: Top1: 77.4723%, Top5: 98.4375%
[Epoch 092] Time: 81.1323s | [Train] Loss: 0.00200780 Accuracy: Top1: 99.9321%, Top5: 100.0000% | [Test] Loss: 1.98659933 Accuracy: Top1: 77.7789%, Top5: 98.3584%
[Epoch 093] Time: 80.9478s | [Train] Loss: 0.00186086 Accuracy: Top1: 99.9401%, Top5: 100.0000% | [Test] Loss: 1.99401428 Accuracy: Top1: 77.6305%, Top5: 98.3683%
[Epoch 094] Time: 81.0792s | [Train] Loss: 0.00163884 Accuracy: Top1: 99.9500%, Top5: 100.0000% | [Test] Loss: 1.99433996 Accuracy: Top1: 77.4229%, Top5: 98.3782%
[Epoch 095] Time: 80.7956s | [Train] Loss: 0.00160801 Accuracy: Top1: 99.9421%, Top5: 100.0000% | [Test] Loss: 1.99651619 Accuracy: Top1: 77.5415%, Top5: 98.3979%
[Epoch 096] Time: 81.2627s | [Train] Loss: 0.00130801 Accuracy: Top1: 99.9640%, Top5: 100.0000% | [Test] Loss: 1.99497742 Accuracy: Top1: 77.5119%, Top5: 98.3485%
[Epoch 097] Time: 81.2945s | [Train] Loss: 0.00224731 Accuracy: Top1: 99.9261%, Top5: 100.0000% | [Test] Loss: 1.99796062 Accuracy: Top1: 77.4624%, Top5: 98.3584%
[Epoch 098] Time: 80.8583s | [Train] Loss: 0.00165837 Accuracy: Top1: 99.9461%, Top5: 100.0000% | [Test] Loss: 1.99750860 Accuracy: Top1: 77.6800%, Top5: 98.3584%
[Epoch 099] Time: 81.2372s | [Train] Loss: 0.00120865 Accuracy: Top1: 99.9620%, Top5: 100.0000% | [Test] Loss: 1.99774931 Accuracy: Top1: 77.6503%, Top5: 98.3782%
[Epoch 100] Time: 81.1713s | [Train] Loss: 0.00149972 Accuracy: Top1: 99.9520%, Top5: 100.0000% | [Test] Loss: 1.99796384 Accuracy: Top1: 77.6009%, Top5: 98.3485%
