Files already downloaded and verified
Files already downloaded and verified
Model: VIT ConvNNAttention
Total Parameters: 5685898
Trainable Parameters: 5685898
   - Trainable Parameters: 5.68589800 M
Model Complexity (Profiler):
   - GFLOPs: 2.33091552
   - Trainable Parameters: 5.68589800 M
[Epoch 001] Time: 70.7063s | [Train] Loss: 1.62518314 Accuracy: Top1: 41.8298%, Top5: 87.9000% | [Test] Loss: 1.36944290 Accuracy: Top1: 50.5934%, Top5: 92.8797%
[Epoch 002] Time: 70.7041s | [Train] Loss: 1.29772135 Accuracy: Top1: 53.1114%, Top5: 93.8995% | [Test] Loss: 1.24228140 Accuracy: Top1: 55.4688%, Top5: 94.3631%
[Epoch 003] Time: 70.9771s | [Train] Loss: 1.15178860 Accuracy: Top1: 58.5298%, Top5: 95.7233% | [Test] Loss: 1.17807555 Accuracy: Top1: 57.4367%, Top5: 95.4608%
[Epoch 004] Time: 71.0359s | [Train] Loss: 1.05445377 Accuracy: Top1: 62.1647%, Top5: 96.5377% | [Test] Loss: 1.07946415 Accuracy: Top1: 61.1155%, Top5: 96.1630%
[Epoch 005] Time: 71.1526s | [Train] Loss: 0.96395552 Accuracy: Top1: 65.4000%, Top5: 97.3006% | [Test] Loss: 1.03459404 Accuracy: Top1: 62.5099%, Top5: 96.5487%
[Epoch 006] Time: 70.7946s | [Train] Loss: 0.88288498 Accuracy: Top1: 68.4823%, Top5: 97.8129% | [Test] Loss: 1.03738373 Accuracy: Top1: 63.2615%, Top5: 96.9541%
[Epoch 007] Time: 71.2022s | [Train] Loss: 0.81223182 Accuracy: Top1: 70.9131%, Top5: 98.0926% | [Test] Loss: 0.97737057 Accuracy: Top1: 65.5558%, Top5: 97.3002%
[Epoch 008] Time: 70.9503s | [Train] Loss: 0.73732808 Accuracy: Top1: 73.7968%, Top5: 98.5985% | [Test] Loss: 0.97347432 Accuracy: Top1: 66.3964%, Top5: 97.2013%
[Epoch 009] Time: 71.1108s | [Train] Loss: 0.66905695 Accuracy: Top1: 76.0394%, Top5: 98.9318% | [Test] Loss: 0.94545607 Accuracy: Top1: 68.0281%, Top5: 97.6562%
[Epoch 010] Time: 70.9346s | [Train] Loss: 0.60024601 Accuracy: Top1: 78.5738%, Top5: 99.1976% | [Test] Loss: 0.95660080 Accuracy: Top1: 68.3544%, Top5: 97.4881%
[Epoch 011] Time: 71.0480s | [Train] Loss: 0.53797839 Accuracy: Top1: 80.6981%, Top5: 99.4266% | [Test] Loss: 0.95836250 Accuracy: Top1: 69.5411%, Top5: 97.6760%
[Epoch 012] Time: 71.2993s | [Train] Loss: 0.48253491 Accuracy: Top1: 82.5480%, Top5: 99.5085% | [Test] Loss: 0.99234121 Accuracy: Top1: 68.7994%, Top5: 97.6068%
[Epoch 013] Time: 71.2462s | [Train] Loss: 0.42787059 Accuracy: Top1: 84.5061%, Top5: 99.6759% | [Test] Loss: 0.97360514 Accuracy: Top1: 69.8180%, Top5: 97.6760%
[Epoch 014] Time: 70.9855s | [Train] Loss: 0.37788509 Accuracy: Top1: 86.4214%, Top5: 99.7402% | [Test] Loss: 1.02210997 Accuracy: Top1: 70.2235%, Top5: 97.6464%
[Epoch 015] Time: 71.3018s | [Train] Loss: 0.33491349 Accuracy: Top1: 87.9987%, Top5: 99.8441% | [Test] Loss: 1.07095386 Accuracy: Top1: 70.2235%, Top5: 97.7453%
[Epoch 016] Time: 70.8987s | [Train] Loss: 0.29272007 Accuracy: Top1: 89.5161%, Top5: 99.8901% | [Test] Loss: 1.10431176 Accuracy: Top1: 69.5115%, Top5: 97.8046%
[Epoch 017] Time: 71.0407s | [Train] Loss: 0.25747650 Accuracy: Top1: 90.7029%, Top5: 99.9309% | [Test] Loss: 1.19734041 Accuracy: Top1: 69.9664%, Top5: 97.8441%
[Epoch 018] Time: 71.2689s | [Train] Loss: 0.22843238 Accuracy: Top1: 91.5549%, Top5: 99.9580% | [Test] Loss: 1.27243410 Accuracy: Top1: 69.3137%, Top5: 97.5771%
[Epoch 019] Time: 71.1276s | [Train] Loss: 0.20502203 Accuracy: Top1: 92.5667%, Top5: 99.9620% | [Test] Loss: 1.26000993 Accuracy: Top1: 70.6092%, Top5: 97.6562%
[Epoch 020] Time: 71.1030s | [Train] Loss: 0.18535147 Accuracy: Top1: 93.2888%, Top5: 99.9728% | [Test] Loss: 1.29103883 Accuracy: Top1: 71.1926%, Top5: 97.6167%
[Epoch 021] Time: 71.1426s | [Train] Loss: 0.16981340 Accuracy: Top1: 93.8331%, Top5: 99.9840% | [Test] Loss: 1.29607257 Accuracy: Top1: 70.1839%, Top5: 97.6661%
[Epoch 022] Time: 70.8743s | [Train] Loss: 0.15359353 Accuracy: Top1: 94.4897%, Top5: 99.9880% | [Test] Loss: 1.33786555 Accuracy: Top1: 70.4608%, Top5: 97.6562%
[Epoch 023] Time: 71.0968s | [Train] Loss: 0.13743362 Accuracy: Top1: 95.0120%, Top5: 99.9880% | [Test] Loss: 1.42941970 Accuracy: Top1: 70.3026%, Top5: 97.5771%
[Epoch 024] Time: 71.1769s | [Train] Loss: 0.12786297 Accuracy: Top1: 95.5355%, Top5: 99.9920% | [Test] Loss: 1.36395736 Accuracy: Top1: 70.8960%, Top5: 97.8837%
[Epoch 025] Time: 71.0139s | [Train] Loss: 0.12052541 Accuracy: Top1: 95.7625%, Top5: 99.9920% | [Test] Loss: 1.43912521 Accuracy: Top1: 71.4300%, Top5: 97.6266%
[Epoch 026] Time: 71.1741s | [Train] Loss: 0.11492288 Accuracy: Top1: 95.9559%, Top5: 99.9960% | [Test] Loss: 1.45188773 Accuracy: Top1: 70.8960%, Top5: 97.8343%
[Epoch 027] Time: 71.2090s | [Train] Loss: 0.10349115 Accuracy: Top1: 96.3559%, Top5: 99.9940% | [Test] Loss: 1.47051909 Accuracy: Top1: 71.2025%, Top5: 97.8046%
[Epoch 028] Time: 70.9511s | [Train] Loss: 0.09999942 Accuracy: Top1: 96.4094%, Top5: 99.9980% | [Test] Loss: 1.53500653 Accuracy: Top1: 70.6982%, Top5: 97.7354%
[Epoch 029] Time: 70.9564s | [Train] Loss: 0.08970401 Accuracy: Top1: 96.8298%, Top5: 99.9980% | [Test] Loss: 1.55896298 Accuracy: Top1: 71.2223%, Top5: 97.5870%
[Epoch 030] Time: 70.8279s | [Train] Loss: 0.08426032 Accuracy: Top1: 97.0125%, Top5: 99.9980% | [Test] Loss: 1.53524714 Accuracy: Top1: 71.7464%, Top5: 97.6464%
[Epoch 031] Time: 70.9680s | [Train] Loss: 0.08223893 Accuracy: Top1: 97.1699%, Top5: 99.9980% | [Test] Loss: 1.57461093 Accuracy: Top1: 71.4794%, Top5: 97.4486%
[Epoch 032] Time: 71.0113s | [Train] Loss: 0.07812185 Accuracy: Top1: 97.2562%, Top5: 100.0000% | [Test] Loss: 1.66987385 Accuracy: Top1: 71.1531%, Top5: 97.4090%
[Epoch 033] Time: 71.0850s | [Train] Loss: 0.07225752 Accuracy: Top1: 97.4972%, Top5: 99.9940% | [Test] Loss: 1.62628667 Accuracy: Top1: 71.3410%, Top5: 97.6661%
[Epoch 034] Time: 71.0560s | [Train] Loss: 0.07107233 Accuracy: Top1: 97.5016%, Top5: 99.9960% | [Test] Loss: 1.67523021 Accuracy: Top1: 70.9454%, Top5: 97.4684%
[Epoch 035] Time: 70.6415s | [Train] Loss: 0.06476212 Accuracy: Top1: 97.7446%, Top5: 100.0000% | [Test] Loss: 1.67193754 Accuracy: Top1: 70.9553%, Top5: 97.7255%
[Epoch 036] Time: 70.9474s | [Train] Loss: 0.06303438 Accuracy: Top1: 97.7961%, Top5: 100.0000% | [Test] Loss: 1.67428613 Accuracy: Top1: 71.4893%, Top5: 97.7057%
[Epoch 037] Time: 71.0485s | [Train] Loss: 0.05826287 Accuracy: Top1: 97.9296%, Top5: 100.0000% | [Test] Loss: 1.70517470 Accuracy: Top1: 71.9838%, Top5: 97.7650%
[Epoch 038] Time: 71.2109s | [Train] Loss: 0.05613284 Accuracy: Top1: 97.9807%, Top5: 99.9980% | [Test] Loss: 1.76702006 Accuracy: Top1: 71.3212%, Top5: 97.5277%
[Epoch 039] Time: 71.0513s | [Train] Loss: 0.04895058 Accuracy: Top1: 98.3332%, Top5: 99.9960% | [Test] Loss: 1.79065454 Accuracy: Top1: 71.8750%, Top5: 97.3991%
[Epoch 040] Time: 70.8462s | [Train] Loss: 0.05008553 Accuracy: Top1: 98.1614%, Top5: 99.9960% | [Test] Loss: 1.74658737 Accuracy: Top1: 71.4498%, Top5: 97.4782%
[Epoch 041] Time: 71.0435s | [Train] Loss: 0.04872162 Accuracy: Top1: 98.2840%, Top5: 100.0000% | [Test] Loss: 1.74660334 Accuracy: Top1: 71.8849%, Top5: 97.6266%
[Epoch 042] Time: 70.9192s | [Train] Loss: 0.04262583 Accuracy: Top1: 98.5394%, Top5: 100.0000% | [Test] Loss: 1.79769477 Accuracy: Top1: 72.0926%, Top5: 97.7057%
[Epoch 043] Time: 70.9411s | [Train] Loss: 0.04323835 Accuracy: Top1: 98.4831%, Top5: 99.9980% | [Test] Loss: 1.74086258 Accuracy: Top1: 72.4189%, Top5: 97.6365%
[Epoch 044] Time: 71.2095s | [Train] Loss: 0.03922121 Accuracy: Top1: 98.6701%, Top5: 100.0000% | [Test] Loss: 1.85088803 Accuracy: Top1: 71.9640%, Top5: 97.6859%
[Epoch 045] Time: 71.0188s | [Train] Loss: 0.03738092 Accuracy: Top1: 98.6409%, Top5: 100.0000% | [Test] Loss: 1.82771175 Accuracy: Top1: 72.1420%, Top5: 97.6365%
[Epoch 046] Time: 70.8978s | [Train] Loss: 0.03538022 Accuracy: Top1: 98.7532%, Top5: 100.0000% | [Test] Loss: 1.80507102 Accuracy: Top1: 72.5475%, Top5: 97.5969%
[Epoch 047] Time: 70.9942s | [Train] Loss: 0.03530857 Accuracy: Top1: 98.7332%, Top5: 99.9980% | [Test] Loss: 1.85346566 Accuracy: Top1: 71.7069%, Top5: 97.5475%
[Epoch 048] Time: 70.7567s | [Train] Loss: 0.03253855 Accuracy: Top1: 98.8779%, Top5: 100.0000% | [Test] Loss: 1.92380952 Accuracy: Top1: 71.7662%, Top5: 97.6068%
[Epoch 049] Time: 70.8500s | [Train] Loss: 0.02811488 Accuracy: Top1: 98.9970%, Top5: 100.0000% | [Test] Loss: 1.91948308 Accuracy: Top1: 71.9442%, Top5: 97.6562%
[Epoch 050] Time: 70.9400s | [Train] Loss: 0.02663731 Accuracy: Top1: 99.0877%, Top5: 100.0000% | [Test] Loss: 1.95427015 Accuracy: Top1: 72.2706%, Top5: 97.7749%
[Epoch 051] Time: 70.9894s | [Train] Loss: 0.02582305 Accuracy: Top1: 99.1137%, Top5: 100.0000% | [Test] Loss: 2.03878866 Accuracy: Top1: 71.9640%, Top5: 97.5178%
[Epoch 052] Time: 71.2324s | [Train] Loss: 0.02395874 Accuracy: Top1: 99.1768%, Top5: 100.0000% | [Test] Loss: 2.01715723 Accuracy: Top1: 72.3497%, Top5: 97.7255%
[Epoch 053] Time: 70.9924s | [Train] Loss: 0.02481638 Accuracy: Top1: 99.1037%, Top5: 100.0000% | [Test] Loss: 2.03467630 Accuracy: Top1: 72.2903%, Top5: 97.7156%
[Epoch 054] Time: 70.8374s | [Train] Loss: 0.02163901 Accuracy: Top1: 99.2607%, Top5: 100.0000% | [Test] Loss: 2.07294949 Accuracy: Top1: 72.5475%, Top5: 97.7453%
[Epoch 055] Time: 71.2210s | [Train] Loss: 0.02199455 Accuracy: Top1: 99.2875%, Top5: 100.0000% | [Test] Loss: 1.98711912 Accuracy: Top1: 72.7749%, Top5: 97.8145%
[Epoch 056] Time: 70.8746s | [Train] Loss: 0.01833956 Accuracy: Top1: 99.3566%, Top5: 100.0000% | [Test] Loss: 2.07217676 Accuracy: Top1: 72.4782%, Top5: 97.8738%
[Epoch 057] Time: 70.5803s | [Train] Loss: 0.01746310 Accuracy: Top1: 99.4086%, Top5: 100.0000% | [Test] Loss: 2.17844085 Accuracy: Top1: 72.5277%, Top5: 97.5178%
[Epoch 058] Time: 70.8698s | [Train] Loss: 0.01751163 Accuracy: Top1: 99.3822%, Top5: 100.0000% | [Test] Loss: 2.14080315 Accuracy: Top1: 72.5870%, Top5: 97.5771%
[Epoch 059] Time: 71.0793s | [Train] Loss: 0.01737968 Accuracy: Top1: 99.4122%, Top5: 100.0000% | [Test] Loss: 2.10662652 Accuracy: Top1: 72.5079%, Top5: 97.6958%
[Epoch 060] Time: 71.1134s | [Train] Loss: 0.01210534 Accuracy: Top1: 99.5644%, Top5: 100.0000% | [Test] Loss: 2.21673096 Accuracy: Top1: 72.3695%, Top5: 97.4288%
[Epoch 061] Time: 71.0007s | [Train] Loss: 0.01676411 Accuracy: Top1: 99.4186%, Top5: 100.0000% | [Test] Loss: 2.11498082 Accuracy: Top1: 72.7650%, Top5: 97.6958%
[Epoch 062] Time: 70.9060s | [Train] Loss: 0.01414836 Accuracy: Top1: 99.4905%, Top5: 100.0000% | [Test] Loss: 2.17568076 Accuracy: Top1: 72.2903%, Top5: 97.6760%
[Epoch 063] Time: 70.9065s | [Train] Loss: 0.01160395 Accuracy: Top1: 99.5972%, Top5: 100.0000% | [Test] Loss: 2.20731216 Accuracy: Top1: 72.5969%, Top5: 97.5475%
[Epoch 064] Time: 70.7494s | [Train] Loss: 0.01088944 Accuracy: Top1: 99.6024%, Top5: 100.0000% | [Test] Loss: 2.22369072 Accuracy: Top1: 72.7255%, Top5: 97.7551%
[Epoch 065] Time: 70.9909s | [Train] Loss: 0.01100188 Accuracy: Top1: 99.6304%, Top5: 100.0000% | [Test] Loss: 2.22328394 Accuracy: Top1: 72.9035%, Top5: 97.6661%
[Epoch 066] Time: 71.1038s | [Train] Loss: 0.00897064 Accuracy: Top1: 99.6743%, Top5: 100.0000% | [Test] Loss: 2.21114716 Accuracy: Top1: 72.8540%, Top5: 97.7749%
[Epoch 067] Time: 71.0036s | [Train] Loss: 0.00835022 Accuracy: Top1: 99.7379%, Top5: 100.0000% | [Test] Loss: 2.30876215 Accuracy: Top1: 72.7255%, Top5: 97.5672%
[Epoch 068] Time: 70.7841s | [Train] Loss: 0.00766781 Accuracy: Top1: 99.7183%, Top5: 100.0000% | [Test] Loss: 2.28993912 Accuracy: Top1: 73.1408%, Top5: 97.6859%
[Epoch 069] Time: 71.0377s | [Train] Loss: 0.00714303 Accuracy: Top1: 99.7582%, Top5: 100.0000% | [Test] Loss: 2.33917917 Accuracy: Top1: 72.7156%, Top5: 97.7255%
[Epoch 070] Time: 70.8331s | [Train] Loss: 0.00759268 Accuracy: Top1: 99.7442%, Top5: 100.0000% | [Test] Loss: 2.33647368 Accuracy: Top1: 72.9925%, Top5: 97.7354%
[Epoch 071] Time: 70.9831s | [Train] Loss: 0.00667181 Accuracy: Top1: 99.7702%, Top5: 100.0000% | [Test] Loss: 2.31655371 Accuracy: Top1: 73.1804%, Top5: 97.8244%
[Epoch 072] Time: 71.1055s | [Train] Loss: 0.00526444 Accuracy: Top1: 99.8162%, Top5: 100.0000% | [Test] Loss: 2.33943537 Accuracy: Top1: 73.3584%, Top5: 97.8046%
[Epoch 073] Time: 70.9393s | [Train] Loss: 0.00577257 Accuracy: Top1: 99.8022%, Top5: 100.0000% | [Test] Loss: 2.33457114 Accuracy: Top1: 73.2595%, Top5: 97.7749%
[Epoch 074] Time: 71.1169s | [Train] Loss: 0.00553063 Accuracy: Top1: 99.8082%, Top5: 100.0000% | [Test] Loss: 2.37914006 Accuracy: Top1: 73.7935%, Top5: 97.7551%
[Epoch 075] Time: 70.5164s | [Train] Loss: 0.00482068 Accuracy: Top1: 99.8449%, Top5: 100.0000% | [Test] Loss: 2.38304858 Accuracy: Top1: 73.2002%, Top5: 97.8441%
[Epoch 076] Time: 70.9522s | [Train] Loss: 0.00442395 Accuracy: Top1: 99.8541%, Top5: 100.0000% | [Test] Loss: 2.39193285 Accuracy: Top1: 73.3979%, Top5: 97.9727%
[Epoch 077] Time: 70.7445s | [Train] Loss: 0.00277045 Accuracy: Top1: 99.9101%, Top5: 100.0000% | [Test] Loss: 2.37168563 Accuracy: Top1: 73.8726%, Top5: 98.0518%
[Epoch 078] Time: 71.1590s | [Train] Loss: 0.00331603 Accuracy: Top1: 99.8861%, Top5: 100.0000% | [Test] Loss: 2.45629912 Accuracy: Top1: 73.2397%, Top5: 97.7453%
[Epoch 079] Time: 70.8323s | [Train] Loss: 0.00387182 Accuracy: Top1: 99.8821%, Top5: 100.0000% | [Test] Loss: 2.41588442 Accuracy: Top1: 73.3881%, Top5: 97.9233%
[Epoch 080] Time: 70.6384s | [Train] Loss: 0.00254292 Accuracy: Top1: 99.9061%, Top5: 100.0000% | [Test] Loss: 2.44100948 Accuracy: Top1: 73.5364%, Top5: 97.9035%
[Epoch 081] Time: 71.0694s | [Train] Loss: 0.00316855 Accuracy: Top1: 99.8961%, Top5: 100.0000% | [Test] Loss: 2.49773673 Accuracy: Top1: 73.7144%, Top5: 97.8738%
[Epoch 082] Time: 71.0458s | [Train] Loss: 0.00230823 Accuracy: Top1: 99.9201%, Top5: 100.0000% | [Test] Loss: 2.47235844 Accuracy: Top1: 73.7045%, Top5: 97.7947%
[Epoch 083] Time: 70.8937s | [Train] Loss: 0.00187413 Accuracy: Top1: 99.9349%, Top5: 100.0000% | [Test] Loss: 2.47438656 Accuracy: Top1: 73.7836%, Top5: 97.9035%
[Epoch 084] Time: 70.9741s | [Train] Loss: 0.00186797 Accuracy: Top1: 99.9461%, Top5: 100.0000% | [Test] Loss: 2.46898037 Accuracy: Top1: 73.7737%, Top5: 97.9727%
[Epoch 085] Time: 71.0485s | [Train] Loss: 0.00213425 Accuracy: Top1: 99.9341%, Top5: 100.0000% | [Test] Loss: 2.47848459 Accuracy: Top1: 74.0309%, Top5: 98.0815%
[Epoch 086] Time: 70.9876s | [Train] Loss: 0.00208747 Accuracy: Top1: 99.9301%, Top5: 100.0000% | [Test] Loss: 2.47579104 Accuracy: Top1: 74.0902%, Top5: 97.9134%
[Epoch 087] Time: 71.0000s | [Train] Loss: 0.00128289 Accuracy: Top1: 99.9640%, Top5: 100.0000% | [Test] Loss: 2.48009870 Accuracy: Top1: 73.7935%, Top5: 97.8046%
[Epoch 088] Time: 71.1100s | [Train] Loss: 0.00172932 Accuracy: Top1: 99.9480%, Top5: 100.0000% | [Test] Loss: 2.47339689 Accuracy: Top1: 74.0704%, Top5: 97.9529%
[Epoch 089] Time: 70.9077s | [Train] Loss: 0.00105210 Accuracy: Top1: 99.9660%, Top5: 100.0000% | [Test] Loss: 2.48584303 Accuracy: Top1: 73.8133%, Top5: 97.9233%
[Epoch 090] Time: 71.1283s | [Train] Loss: 0.00127449 Accuracy: Top1: 99.9580%, Top5: 100.0000% | [Test] Loss: 2.47233046 Accuracy: Top1: 73.9913%, Top5: 97.9925%
[Epoch 091] Time: 70.8101s | [Train] Loss: 0.00086709 Accuracy: Top1: 99.9760%, Top5: 100.0000% | [Test] Loss: 2.45781341 Accuracy: Top1: 74.0012%, Top5: 97.8639%
[Epoch 092] Time: 70.6821s | [Train] Loss: 0.00106229 Accuracy: Top1: 99.9660%, Top5: 100.0000% | [Test] Loss: 2.47775410 Accuracy: Top1: 73.6452%, Top5: 97.9035%
[Epoch 093] Time: 71.0298s | [Train] Loss: 0.00117788 Accuracy: Top1: 99.9660%, Top5: 100.0000% | [Test] Loss: 2.46146756 Accuracy: Top1: 73.9023%, Top5: 97.8837%
[Epoch 094] Time: 70.9176s | [Train] Loss: 0.00100052 Accuracy: Top1: 99.9720%, Top5: 100.0000% | [Test] Loss: 2.45088735 Accuracy: Top1: 74.0506%, Top5: 97.9925%
[Epoch 095] Time: 71.0455s | [Train] Loss: 0.00108283 Accuracy: Top1: 99.9680%, Top5: 100.0000% | [Test] Loss: 2.44921090 Accuracy: Top1: 74.0704%, Top5: 97.9331%
[Epoch 096] Time: 71.0069s | [Train] Loss: 0.00081456 Accuracy: Top1: 99.9740%, Top5: 100.0000% | [Test] Loss: 2.45336526 Accuracy: Top1: 74.0309%, Top5: 97.9826%
[Epoch 097] Time: 70.8941s | [Train] Loss: 0.00098012 Accuracy: Top1: 99.9740%, Top5: 100.0000% | [Test] Loss: 2.44874650 Accuracy: Top1: 74.1396%, Top5: 97.9529%
[Epoch 098] Time: 70.5335s | [Train] Loss: 0.00105972 Accuracy: Top1: 99.9680%, Top5: 100.0000% | [Test] Loss: 2.45090893 Accuracy: Top1: 74.1297%, Top5: 97.9727%
[Epoch 099] Time: 70.9942s | [Train] Loss: 0.00089240 Accuracy: Top1: 99.9740%, Top5: 100.0000% | [Test] Loss: 2.45206873 Accuracy: Top1: 73.9913%, Top5: 97.9826%
[Epoch 100] Time: 70.9922s | [Train] Loss: 0.00077560 Accuracy: Top1: 99.9740%, Top5: 100.0000% | [Test] Loss: 2.45253047 Accuracy: Top1: 74.1001%, Top5: 97.9430%
Files already downloaded and verified
Files already downloaded and verified
Model: VIT ConvNNAttention
Total Parameters: 6275722
Trainable Parameters: 6275722
   - Trainable Parameters: 6.27572200 M
Model Complexity (Profiler):
   - GFLOPs: 2.33636218
   - Trainable Parameters: 6.27572200 M
[Epoch 001] Time: 97.8011s | [Train] Loss: 1.59584183 Accuracy: Top1: 42.5160%, Top5: 88.4719% | [Test] Loss: 1.36707781 Accuracy: Top1: 50.4747%, Top5: 92.9589%
[Epoch 002] Time: 97.6615s | [Train] Loss: 1.28798277 Accuracy: Top1: 53.2425%, Top5: 94.0913% | [Test] Loss: 1.18794567 Accuracy: Top1: 56.6357%, Top5: 95.3422%
[Epoch 003] Time: 97.7959s | [Train] Loss: 1.14902345 Accuracy: Top1: 58.5949%, Top5: 95.6386% | [Test] Loss: 1.14444202 Accuracy: Top1: 58.0696%, Top5: 95.5400%
[Epoch 004] Time: 97.5832s | [Train] Loss: 1.05516353 Accuracy: Top1: 62.2019%, Top5: 96.4534% | [Test] Loss: 1.06293867 Accuracy: Top1: 61.0759%, Top5: 96.3113%
[Epoch 005] Time: 97.7390s | [Train] Loss: 0.96921956 Accuracy: Top1: 65.4124%, Top5: 97.1156% | [Test] Loss: 1.03404864 Accuracy: Top1: 63.0538%, Top5: 96.6574%
[Epoch 006] Time: 97.3771s | [Train] Loss: 0.89743471 Accuracy: Top1: 67.9192%, Top5: 97.7410% | [Test] Loss: 1.05191590 Accuracy: Top1: 62.9450%, Top5: 96.6772%
[Epoch 007] Time: 97.4581s | [Train] Loss: 0.83759581 Accuracy: Top1: 69.9437%, Top5: 98.0926% | [Test] Loss: 1.01803694 Accuracy: Top1: 64.9921%, Top5: 96.8552%
[Epoch 008] Time: 97.6047s | [Train] Loss: 0.76789552 Accuracy: Top1: 72.4524%, Top5: 98.5382% | [Test] Loss: 0.98247208 Accuracy: Top1: 66.0997%, Top5: 97.2409%
[Epoch 009] Time: 97.6293s | [Train] Loss: 0.70529430 Accuracy: Top1: 74.7658%, Top5: 98.8012% | [Test] Loss: 0.98734053 Accuracy: Top1: 67.8600%, Top5: 97.2805%
[Epoch 010] Time: 97.3617s | [Train] Loss: 0.65071511 Accuracy: Top1: 76.6376%, Top5: 99.0177% | [Test] Loss: 0.98971721 Accuracy: Top1: 66.6337%, Top5: 97.1321%
[Epoch 011] Time: 97.3003s | [Train] Loss: 0.59758418 Accuracy: Top1: 78.5938%, Top5: 99.2867% | [Test] Loss: 0.97546020 Accuracy: Top1: 67.7710%, Top5: 97.3991%
[Epoch 012] Time: 97.6806s | [Train] Loss: 0.53436613 Accuracy: Top1: 80.8911%, Top5: 99.4505% | [Test] Loss: 1.01478717 Accuracy: Top1: 67.8699%, Top5: 97.3200%
[Epoch 013] Time: 97.6571s | [Train] Loss: 0.47935600 Accuracy: Top1: 82.7006%, Top5: 99.6344% | [Test] Loss: 1.05173891 Accuracy: Top1: 67.3655%, Top5: 97.2903%
[Epoch 014] Time: 97.4971s | [Train] Loss: 0.43174831 Accuracy: Top1: 84.4701%, Top5: 99.6911% | [Test] Loss: 1.03564627 Accuracy: Top1: 68.4632%, Top5: 97.5178%
[Epoch 015] Time: 97.5647s | [Train] Loss: 0.38811501 Accuracy: Top1: 85.9135%, Top5: 99.8082% | [Test] Loss: 1.16630073 Accuracy: Top1: 68.1566%, Top5: 97.0134%
[Epoch 016] Time: 97.5826s | [Train] Loss: 0.35111905 Accuracy: Top1: 87.1355%, Top5: 99.8501% | [Test] Loss: 1.12750268 Accuracy: Top1: 68.4731%, Top5: 97.5475%
[Epoch 017] Time: 97.5759s | [Train] Loss: 0.30428757 Accuracy: Top1: 88.9930%, Top5: 99.8861% | [Test] Loss: 1.14512922 Accuracy: Top1: 69.1950%, Top5: 97.5079%
[Epoch 018] Time: 97.4257s | [Train] Loss: 0.27693313 Accuracy: Top1: 89.8034%, Top5: 99.9409% | [Test] Loss: 1.22703421 Accuracy: Top1: 68.2852%, Top5: 97.3200%
[Epoch 019] Time: 97.5994s | [Train] Loss: 0.24376313 Accuracy: Top1: 91.0730%, Top5: 99.9580% | [Test] Loss: 1.24414122 Accuracy: Top1: 69.6796%, Top5: 97.2211%
[Epoch 020] Time: 97.4846s | [Train] Loss: 0.22196882 Accuracy: Top1: 91.8402%, Top5: 99.9720% | [Test] Loss: 1.25889718 Accuracy: Top1: 69.3928%, Top5: 97.3991%
[Epoch 021] Time: 97.3696s | [Train] Loss: 0.19826591 Accuracy: Top1: 92.8988%, Top5: 99.9700% | [Test] Loss: 1.29658687 Accuracy: Top1: 69.2741%, Top5: 97.4585%
[Epoch 022] Time: 97.6738s | [Train] Loss: 0.18213736 Accuracy: Top1: 93.4131%, Top5: 99.9900% | [Test] Loss: 1.36284122 Accuracy: Top1: 69.6400%, Top5: 97.2508%
[Epoch 023] Time: 97.6113s | [Train] Loss: 0.16869861 Accuracy: Top1: 93.9926%, Top5: 99.9900% | [Test] Loss: 1.44141885 Accuracy: Top1: 69.4027%, Top5: 97.2211%
[Epoch 024] Time: 97.5655s | [Train] Loss: 0.15362382 Accuracy: Top1: 94.4461%, Top5: 99.9840% | [Test] Loss: 1.41108193 Accuracy: Top1: 69.5807%, Top5: 97.2211%
[Epoch 025] Time: 97.5902s | [Train] Loss: 0.14595492 Accuracy: Top1: 94.7674%, Top5: 99.9840% | [Test] Loss: 1.39085767 Accuracy: Top1: 70.0653%, Top5: 97.3002%
[Epoch 026] Time: 97.6112s | [Train] Loss: 0.13413203 Accuracy: Top1: 95.2074%, Top5: 99.9980% | [Test] Loss: 1.46814079 Accuracy: Top1: 70.3916%, Top5: 97.3596%
[Epoch 027] Time: 97.0928s | [Train] Loss: 0.12257830 Accuracy: Top1: 95.6646%, Top5: 99.9920% | [Test] Loss: 1.46706498 Accuracy: Top1: 70.2136%, Top5: 97.4189%
[Epoch 028] Time: 97.3806s | [Train] Loss: 0.11783460 Accuracy: Top1: 95.7433%, Top5: 99.9880% | [Test] Loss: 1.45963920 Accuracy: Top1: 69.8675%, Top5: 97.4684%
[Epoch 029] Time: 97.4303s | [Train] Loss: 0.10735639 Accuracy: Top1: 96.2428%, Top5: 99.9960% | [Test] Loss: 1.52137410 Accuracy: Top1: 70.5993%, Top5: 97.3991%
[Epoch 030] Time: 97.5439s | [Train] Loss: 0.10452231 Accuracy: Top1: 96.2772%, Top5: 99.9920% | [Test] Loss: 1.54838652 Accuracy: Top1: 70.1642%, Top5: 97.4980%
[Epoch 031] Time: 97.3583s | [Train] Loss: 0.09486399 Accuracy: Top1: 96.6872%, Top5: 100.0000% | [Test] Loss: 1.65847744 Accuracy: Top1: 69.8180%, Top5: 97.1816%
[Epoch 032] Time: 97.3504s | [Train] Loss: 0.09399803 Accuracy: Top1: 96.6009%, Top5: 100.0000% | [Test] Loss: 1.62883203 Accuracy: Top1: 69.9466%, Top5: 97.3200%
[Epoch 033] Time: 97.4896s | [Train] Loss: 0.08674330 Accuracy: Top1: 96.8734%, Top5: 99.9920% | [Test] Loss: 1.74017043 Accuracy: Top1: 68.8489%, Top5: 96.9244%
[Epoch 034] Time: 97.4487s | [Train] Loss: 0.08230314 Accuracy: Top1: 97.1403%, Top5: 99.9960% | [Test] Loss: 1.66224765 Accuracy: Top1: 70.6191%, Top5: 97.2706%
[Epoch 035] Time: 97.6586s | [Train] Loss: 0.08178121 Accuracy: Top1: 97.1268%, Top5: 99.9980% | [Test] Loss: 1.69542605 Accuracy: Top1: 70.5004%, Top5: 97.0036%
[Epoch 036] Time: 97.2308s | [Train] Loss: 0.07572939 Accuracy: Top1: 97.3605%, Top5: 100.0000% | [Test] Loss: 1.72001106 Accuracy: Top1: 69.8675%, Top5: 97.2409%
[Epoch 037] Time: 97.6976s | [Train] Loss: 0.07197907 Accuracy: Top1: 97.4041%, Top5: 99.9960% | [Test] Loss: 1.81273525 Accuracy: Top1: 70.1938%, Top5: 96.8453%
[Epoch 038] Time: 97.2319s | [Train] Loss: 0.06647622 Accuracy: Top1: 97.6802%, Top5: 100.0000% | [Test] Loss: 1.70658277 Accuracy: Top1: 71.2223%, Top5: 97.5079%
[Epoch 039] Time: 97.2018s | [Train] Loss: 0.06250433 Accuracy: Top1: 97.8381%, Top5: 100.0000% | [Test] Loss: 1.70535039 Accuracy: Top1: 71.4794%, Top5: 97.2013%
[Epoch 040] Time: 97.5726s | [Train] Loss: 0.05971029 Accuracy: Top1: 97.8880%, Top5: 99.9980% | [Test] Loss: 1.74202434 Accuracy: Top1: 70.4905%, Top5: 97.2310%
[Epoch 041] Time: 97.3005s | [Train] Loss: 0.05760630 Accuracy: Top1: 97.9636%, Top5: 100.0000% | [Test] Loss: 1.72575819 Accuracy: Top1: 71.5388%, Top5: 97.2013%
[Epoch 042] Time: 97.5320s | [Train] Loss: 0.05414701 Accuracy: Top1: 98.1206%, Top5: 100.0000% | [Test] Loss: 1.81556651 Accuracy: Top1: 70.3323%, Top5: 97.1816%
[Epoch 043] Time: 97.2040s | [Train] Loss: 0.05104004 Accuracy: Top1: 98.1921%, Top5: 100.0000% | [Test] Loss: 1.79815340 Accuracy: Top1: 71.1729%, Top5: 97.4387%
[Epoch 044] Time: 97.4567s | [Train] Loss: 0.04771752 Accuracy: Top1: 98.3140%, Top5: 100.0000% | [Test] Loss: 1.80018374 Accuracy: Top1: 71.2421%, Top5: 97.6365%
[Epoch 045] Time: 97.5728s | [Train] Loss: 0.04585798 Accuracy: Top1: 98.4179%, Top5: 99.9980% | [Test] Loss: 1.82340359 Accuracy: Top1: 71.0443%, Top5: 97.4980%
[Epoch 046] Time: 96.9834s | [Train] Loss: 0.04237675 Accuracy: Top1: 98.5122%, Top5: 100.0000% | [Test] Loss: 1.83058856 Accuracy: Top1: 71.4399%, Top5: 97.3002%
[Epoch 047] Time: 97.2984s | [Train] Loss: 0.03931060 Accuracy: Top1: 98.6041%, Top5: 99.9980% | [Test] Loss: 2.00273600 Accuracy: Top1: 70.9553%, Top5: 97.0629%
[Epoch 048] Time: 97.4362s | [Train] Loss: 0.03765890 Accuracy: Top1: 98.6273%, Top5: 100.0000% | [Test] Loss: 1.91251300 Accuracy: Top1: 71.4794%, Top5: 97.2508%
[Epoch 049] Time: 97.4851s | [Train] Loss: 0.03381206 Accuracy: Top1: 98.7996%, Top5: 100.0000% | [Test] Loss: 1.98367502 Accuracy: Top1: 70.8663%, Top5: 97.1222%
[Epoch 050] Time: 97.1746s | [Train] Loss: 0.03380614 Accuracy: Top1: 98.8351%, Top5: 100.0000% | [Test] Loss: 1.97724955 Accuracy: Top1: 71.2322%, Top5: 97.1519%
[Epoch 051] Time: 97.4877s | [Train] Loss: 0.03165599 Accuracy: Top1: 98.8859%, Top5: 100.0000% | [Test] Loss: 1.96989257 Accuracy: Top1: 71.2520%, Top5: 97.6365%
[Epoch 052] Time: 97.6500s | [Train] Loss: 0.03226337 Accuracy: Top1: 98.9550%, Top5: 100.0000% | [Test] Loss: 1.98943565 Accuracy: Top1: 71.7168%, Top5: 97.2211%
[Epoch 053] Time: 97.4649s | [Train] Loss: 0.02874859 Accuracy: Top1: 99.1009%, Top5: 100.0000% | [Test] Loss: 2.00263840 Accuracy: Top1: 71.9442%, Top5: 97.3794%
[Epoch 054] Time: 97.4681s | [Train] Loss: 0.02760799 Accuracy: Top1: 99.0289%, Top5: 100.0000% | [Test] Loss: 2.00056788 Accuracy: Top1: 71.5190%, Top5: 97.5672%
[Epoch 055] Time: 97.3567s | [Train] Loss: 0.02364838 Accuracy: Top1: 99.2148%, Top5: 100.0000% | [Test] Loss: 2.13042709 Accuracy: Top1: 71.1432%, Top5: 97.2903%
[Epoch 056] Time: 97.6604s | [Train] Loss: 0.02544917 Accuracy: Top1: 99.0845%, Top5: 99.9980% | [Test] Loss: 2.05697320 Accuracy: Top1: 71.3311%, Top5: 97.4486%
[Epoch 057] Time: 97.3139s | [Train] Loss: 0.02359664 Accuracy: Top1: 99.1588%, Top5: 100.0000% | [Test] Loss: 2.05652205 Accuracy: Top1: 71.2322%, Top5: 97.5870%
[Epoch 058] Time: 97.6036s | [Train] Loss: 0.02007629 Accuracy: Top1: 99.2887%, Top5: 99.9980% | [Test] Loss: 2.11537131 Accuracy: Top1: 71.9838%, Top5: 97.3596%
[Epoch 059] Time: 97.3631s | [Train] Loss: 0.01865999 Accuracy: Top1: 99.3802%, Top5: 100.0000% | [Test] Loss: 2.26404810 Accuracy: Top1: 71.5783%, Top5: 97.0036%
[Epoch 060] Time: 97.3433s | [Train] Loss: 0.01938756 Accuracy: Top1: 99.3107%, Top5: 100.0000% | [Test] Loss: 2.19535571 Accuracy: Top1: 71.8453%, Top5: 97.0926%
[Epoch 061] Time: 97.5153s | [Train] Loss: 0.01521205 Accuracy: Top1: 99.4565%, Top5: 99.9980% | [Test] Loss: 2.18770057 Accuracy: Top1: 71.9937%, Top5: 97.3991%
[Epoch 062] Time: 97.4265s | [Train] Loss: 0.01676644 Accuracy: Top1: 99.4693%, Top5: 100.0000% | [Test] Loss: 2.16437936 Accuracy: Top1: 72.2903%, Top5: 97.4387%
[Epoch 063] Time: 97.3594s | [Train] Loss: 0.01293254 Accuracy: Top1: 99.5432%, Top5: 100.0000% | [Test] Loss: 2.19912609 Accuracy: Top1: 72.4486%, Top5: 97.5079%
[Epoch 064] Time: 97.3862s | [Train] Loss: 0.01449114 Accuracy: Top1: 99.4885%, Top5: 100.0000% | [Test] Loss: 2.24308033 Accuracy: Top1: 72.1123%, Top5: 97.1618%
[Epoch 065] Time: 97.1958s | [Train] Loss: 0.01269100 Accuracy: Top1: 99.5624%, Top5: 100.0000% | [Test] Loss: 2.22308414 Accuracy: Top1: 72.0036%, Top5: 97.1321%
[Epoch 066] Time: 97.2610s | [Train] Loss: 0.01212766 Accuracy: Top1: 99.5684%, Top5: 100.0000% | [Test] Loss: 2.26887459 Accuracy: Top1: 72.1519%, Top5: 97.2310%
[Epoch 067] Time: 97.4670s | [Train] Loss: 0.01085667 Accuracy: Top1: 99.6184%, Top5: 100.0000% | [Test] Loss: 2.26663237 Accuracy: Top1: 72.6661%, Top5: 97.4585%
[Epoch 068] Time: 96.9566s | [Train] Loss: 0.00918604 Accuracy: Top1: 99.6731%, Top5: 100.0000% | [Test] Loss: 2.35805377 Accuracy: Top1: 71.8058%, Top5: 97.1025%
[Epoch 069] Time: 97.5236s | [Train] Loss: 0.00975538 Accuracy: Top1: 99.6843%, Top5: 100.0000% | [Test] Loss: 2.30130756 Accuracy: Top1: 72.1915%, Top5: 97.2805%
[Epoch 070] Time: 97.5580s | [Train] Loss: 0.00879126 Accuracy: Top1: 99.7003%, Top5: 100.0000% | [Test] Loss: 2.29975289 Accuracy: Top1: 72.0530%, Top5: 97.4684%
[Epoch 071] Time: 97.2196s | [Train] Loss: 0.00832137 Accuracy: Top1: 99.7071%, Top5: 100.0000% | [Test] Loss: 2.35029037 Accuracy: Top1: 72.3695%, Top5: 97.4881%
[Epoch 072] Time: 97.5938s | [Train] Loss: 0.00690045 Accuracy: Top1: 99.7582%, Top5: 100.0000% | [Test] Loss: 2.40343367 Accuracy: Top1: 72.1025%, Top5: 97.2805%
[Epoch 073] Time: 97.6031s | [Train] Loss: 0.00605935 Accuracy: Top1: 99.7582%, Top5: 100.0000% | [Test] Loss: 2.39421549 Accuracy: Top1: 72.6464%, Top5: 97.2805%
[Epoch 074] Time: 97.3084s | [Train] Loss: 0.00651306 Accuracy: Top1: 99.7762%, Top5: 100.0000% | [Test] Loss: 2.36837450 Accuracy: Top1: 72.4980%, Top5: 97.5277%
[Epoch 075] Time: 97.4369s | [Train] Loss: 0.00593524 Accuracy: Top1: 99.8162%, Top5: 100.0000% | [Test] Loss: 2.37570112 Accuracy: Top1: 72.2805%, Top5: 97.3892%
[Epoch 076] Time: 97.3780s | [Train] Loss: 0.00538064 Accuracy: Top1: 99.8302%, Top5: 100.0000% | [Test] Loss: 2.37324239 Accuracy: Top1: 72.3892%, Top5: 97.4782%
[Epoch 077] Time: 97.4056s | [Train] Loss: 0.00494569 Accuracy: Top1: 99.8322%, Top5: 100.0000% | [Test] Loss: 2.36467545 Accuracy: Top1: 72.6859%, Top5: 97.3497%
[Epoch 078] Time: 97.3588s | [Train] Loss: 0.00401729 Accuracy: Top1: 99.8621%, Top5: 100.0000% | [Test] Loss: 2.44616208 Accuracy: Top1: 72.6266%, Top5: 97.0926%
[Epoch 079] Time: 97.2896s | [Train] Loss: 0.00345937 Accuracy: Top1: 99.8941%, Top5: 100.0000% | [Test] Loss: 2.42045978 Accuracy: Top1: 72.8540%, Top5: 97.1519%
[Epoch 080] Time: 97.3234s | [Train] Loss: 0.00350400 Accuracy: Top1: 99.8781%, Top5: 100.0000% | [Test] Loss: 2.44253348 Accuracy: Top1: 72.9134%, Top5: 97.2805%
[Epoch 081] Time: 97.6186s | [Train] Loss: 0.00336394 Accuracy: Top1: 99.8901%, Top5: 100.0000% | [Test] Loss: 2.40482139 Accuracy: Top1: 72.9727%, Top5: 97.3497%
[Epoch 082] Time: 97.5931s | [Train] Loss: 0.00308556 Accuracy: Top1: 99.9001%, Top5: 100.0000% | [Test] Loss: 2.49183035 Accuracy: Top1: 72.6266%, Top5: 97.2112%
[Epoch 083] Time: 97.1783s | [Train] Loss: 0.00263215 Accuracy: Top1: 99.9121%, Top5: 100.0000% | [Test] Loss: 2.44680340 Accuracy: Top1: 72.8145%, Top5: 97.3596%
[Epoch 084] Time: 97.2897s | [Train] Loss: 0.00220943 Accuracy: Top1: 99.9281%, Top5: 100.0000% | [Test] Loss: 2.46339665 Accuracy: Top1: 72.7947%, Top5: 97.4288%
[Epoch 085] Time: 97.3718s | [Train] Loss: 0.00208573 Accuracy: Top1: 99.9341%, Top5: 100.0000% | [Test] Loss: 2.43779574 Accuracy: Top1: 72.9134%, Top5: 97.5672%
[Epoch 086] Time: 97.5876s | [Train] Loss: 0.00225875 Accuracy: Top1: 99.9241%, Top5: 100.0000% | [Test] Loss: 2.43602267 Accuracy: Top1: 73.0518%, Top5: 97.3991%
[Epoch 087] Time: 97.3144s | [Train] Loss: 0.00185472 Accuracy: Top1: 99.9369%, Top5: 100.0000% | [Test] Loss: 2.45421043 Accuracy: Top1: 73.0617%, Top5: 97.3200%
[Epoch 088] Time: 97.4770s | [Train] Loss: 0.00143688 Accuracy: Top1: 99.9580%, Top5: 100.0000% | [Test] Loss: 2.45369454 Accuracy: Top1: 73.1507%, Top5: 97.6266%
[Epoch 089] Time: 97.2057s | [Train] Loss: 0.00190829 Accuracy: Top1: 99.9321%, Top5: 100.0000% | [Test] Loss: 2.44428642 Accuracy: Top1: 72.8936%, Top5: 97.5672%
[Epoch 090] Time: 97.5514s | [Train] Loss: 0.00101982 Accuracy: Top1: 99.9720%, Top5: 100.0000% | [Test] Loss: 2.46218085 Accuracy: Top1: 73.0914%, Top5: 97.5574%
[Epoch 091] Time: 97.3730s | [Train] Loss: 0.00164415 Accuracy: Top1: 99.9361%, Top5: 100.0000% | [Test] Loss: 2.45830780 Accuracy: Top1: 73.1309%, Top5: 97.5376%
[Epoch 092] Time: 97.2652s | [Train] Loss: 0.00164166 Accuracy: Top1: 99.9480%, Top5: 100.0000% | [Test] Loss: 2.47512415 Accuracy: Top1: 73.0024%, Top5: 97.4881%
[Epoch 093] Time: 97.3368s | [Train] Loss: 0.00129638 Accuracy: Top1: 99.9600%, Top5: 100.0000% | [Test] Loss: 2.49138898 Accuracy: Top1: 73.2397%, Top5: 97.3794%
[Epoch 094] Time: 97.5119s | [Train] Loss: 0.00136368 Accuracy: Top1: 99.9381%, Top5: 100.0000% | [Test] Loss: 2.47859228 Accuracy: Top1: 73.1013%, Top5: 97.3695%
[Epoch 095] Time: 97.3586s | [Train] Loss: 0.00132929 Accuracy: Top1: 99.9620%, Top5: 100.0000% | [Test] Loss: 2.48643446 Accuracy: Top1: 73.2002%, Top5: 97.3794%
[Epoch 096] Time: 97.6072s | [Train] Loss: 0.00149131 Accuracy: Top1: 99.9600%, Top5: 100.0000% | [Test] Loss: 2.48171631 Accuracy: Top1: 73.2397%, Top5: 97.3892%
[Epoch 097] Time: 97.4337s | [Train] Loss: 0.00192231 Accuracy: Top1: 99.9361%, Top5: 100.0000% | [Test] Loss: 2.49002933 Accuracy: Top1: 73.1309%, Top5: 97.3794%
[Epoch 098] Time: 97.4656s | [Train] Loss: 0.00141531 Accuracy: Top1: 99.9520%, Top5: 100.0000% | [Test] Loss: 2.48165352 Accuracy: Top1: 73.0815%, Top5: 97.3497%
[Epoch 099] Time: 97.4117s | [Train] Loss: 0.00106678 Accuracy: Top1: 99.9780%, Top5: 100.0000% | [Test] Loss: 2.48669521 Accuracy: Top1: 73.1903%, Top5: 97.4387%
[Epoch 100] Time: 97.4466s | [Train] Loss: 0.00116530 Accuracy: Top1: 99.9660%, Top5: 100.0000% | [Test] Loss: 2.48197632 Accuracy: Top1: 73.2991%, Top5: 97.3497%
Files already downloaded and verified
Files already downloaded and verified
Model: VIT ConvNNAttention
Total Parameters: 7258762
Trainable Parameters: 7258762
   - Trainable Parameters: 7.25876200 M
Model Complexity (Profiler):
   - GFLOPs: 2.34543994
   - Trainable Parameters: 7.25876200 M
[Epoch 001] Time: 146.7053s | [Train] Loss: 1.58464220 Accuracy: Top1: 42.7202%, Top5: 88.6601% | [Test] Loss: 1.34451077 Accuracy: Top1: 51.2362%, Top5: 93.5127%
[Epoch 002] Time: 146.4210s | [Train] Loss: 1.27914078 Accuracy: Top1: 53.7308%, Top5: 94.1772% | [Test] Loss: 1.19157929 Accuracy: Top1: 57.0312%, Top5: 95.4312%
[Epoch 003] Time: 146.5192s | [Train] Loss: 1.14114165 Accuracy: Top1: 58.9490%, Top5: 95.8072% | [Test] Loss: 1.13239524 Accuracy: Top1: 58.6729%, Top5: 95.9454%
[Epoch 004] Time: 146.3751s | [Train] Loss: 1.04908643 Accuracy: Top1: 62.2039%, Top5: 96.6025% | [Test] Loss: 1.09582259 Accuracy: Top1: 60.8683%, Top5: 96.4300%
[Epoch 005] Time: 146.3920s | [Train] Loss: 0.96712435 Accuracy: Top1: 65.3708%, Top5: 97.2195% | [Test] Loss: 1.05228875 Accuracy: Top1: 62.1143%, Top5: 96.6179%
[Epoch 006] Time: 146.3188s | [Train] Loss: 0.89341697 Accuracy: Top1: 68.0866%, Top5: 97.6339% | [Test] Loss: 1.08112370 Accuracy: Top1: 62.1341%, Top5: 96.4893%
[Epoch 007] Time: 146.3466s | [Train] Loss: 0.83077368 Accuracy: Top1: 70.1942%, Top5: 98.1266% | [Test] Loss: 0.99252282 Accuracy: Top1: 65.2097%, Top5: 96.8354%
[Epoch 008] Time: 146.4721s | [Train] Loss: 0.76873514 Accuracy: Top1: 72.4700%, Top5: 98.5010% | [Test] Loss: 0.97613718 Accuracy: Top1: 65.8129%, Top5: 97.1816%
[Epoch 009] Time: 146.6096s | [Train] Loss: 0.71012276 Accuracy: Top1: 74.6411%, Top5: 98.8779% | [Test] Loss: 0.99233323 Accuracy: Top1: 66.5941%, Top5: 97.4288%
[Epoch 010] Time: 146.4220s | [Train] Loss: 0.64938927 Accuracy: Top1: 76.6272%, Top5: 99.0485% | [Test] Loss: 1.00726882 Accuracy: Top1: 66.4557%, Top5: 97.0530%
[Epoch 011] Time: 146.6087s | [Train] Loss: 0.59377163 Accuracy: Top1: 78.9059%, Top5: 99.2755% | [Test] Loss: 1.02362914 Accuracy: Top1: 66.7425%, Top5: 97.0530%
[Epoch 012] Time: 146.5689s | [Train] Loss: 0.53944668 Accuracy: Top1: 80.6290%, Top5: 99.4641% | [Test] Loss: 1.01292428 Accuracy: Top1: 67.1974%, Top5: 97.2409%
[Epoch 013] Time: 146.5534s | [Train] Loss: 0.49532978 Accuracy: Top1: 82.0233%, Top5: 99.5488% | [Test] Loss: 1.02577575 Accuracy: Top1: 67.6325%, Top5: 97.4684%
[Epoch 014] Time: 146.6636s | [Train] Loss: 0.44115884 Accuracy: Top1: 83.9886%, Top5: 99.6823% | [Test] Loss: 1.07192451 Accuracy: Top1: 67.5237%, Top5: 97.3695%
[Epoch 015] Time: 146.6913s | [Train] Loss: 0.39716995 Accuracy: Top1: 85.4668%, Top5: 99.7802% | [Test] Loss: 1.08256476 Accuracy: Top1: 68.2456%, Top5: 97.4585%
[Epoch 016] Time: 146.3052s | [Train] Loss: 0.35221240 Accuracy: Top1: 87.0976%, Top5: 99.8449% | [Test] Loss: 1.15863362 Accuracy: Top1: 68.4138%, Top5: 97.2508%
[Epoch 017] Time: 146.6537s | [Train] Loss: 0.31631770 Accuracy: Top1: 88.5718%, Top5: 99.8661% | [Test] Loss: 1.18765819 Accuracy: Top1: 67.7809%, Top5: 97.2310%
[Epoch 018] Time: 146.5029s | [Train] Loss: 0.28946052 Accuracy: Top1: 89.4297%, Top5: 99.9221% | [Test] Loss: 1.25845841 Accuracy: Top1: 66.7820%, Top5: 96.8453%
[Epoch 019] Time: 146.6165s | [Train] Loss: 0.25712092 Accuracy: Top1: 90.6206%, Top5: 99.9480% | [Test] Loss: 1.23823821 Accuracy: Top1: 69.0862%, Top5: 97.0431%
[Epoch 020] Time: 146.5801s | [Train] Loss: 0.23421489 Accuracy: Top1: 91.5249%, Top5: 99.9381% | [Test] Loss: 1.24660558 Accuracy: Top1: 69.3335%, Top5: 97.2508%
[Epoch 021] Time: 146.6290s | [Train] Loss: 0.21469179 Accuracy: Top1: 92.2239%, Top5: 99.9700% | [Test] Loss: 1.33006686 Accuracy: Top1: 68.5918%, Top5: 97.1025%
[Epoch 022] Time: 146.5370s | [Train] Loss: 0.19405644 Accuracy: Top1: 92.8720%, Top5: 99.9740% | [Test] Loss: 1.36216914 Accuracy: Top1: 69.2939%, Top5: 97.2903%
[Epoch 023] Time: 146.7539s | [Train] Loss: 0.17627917 Accuracy: Top1: 93.6213%, Top5: 99.9800% | [Test] Loss: 1.34968512 Accuracy: Top1: 69.4126%, Top5: 97.2706%
[Epoch 024] Time: 146.5949s | [Train] Loss: 0.16147005 Accuracy: Top1: 94.1860%, Top5: 99.9960% | [Test] Loss: 1.39085657 Accuracy: Top1: 69.4027%, Top5: 97.2903%
[Epoch 025] Time: 146.5090s | [Train] Loss: 0.15338599 Accuracy: Top1: 94.4309%, Top5: 99.9880% | [Test] Loss: 1.42797721 Accuracy: Top1: 69.4422%, Top5: 97.2013%
[Epoch 026] Time: 146.7413s | [Train] Loss: 0.14367634 Accuracy: Top1: 94.9089%, Top5: 99.9880% | [Test] Loss: 1.49170186 Accuracy: Top1: 68.7302%, Top5: 97.2310%
[Epoch 027] Time: 146.5675s | [Train] Loss: 0.13344994 Accuracy: Top1: 95.2238%, Top5: 99.9940% | [Test] Loss: 1.53880611 Accuracy: Top1: 69.1851%, Top5: 97.4486%
[Epoch 028] Time: 146.9672s | [Train] Loss: 0.12627068 Accuracy: Top1: 95.5806%, Top5: 99.9920% | [Test] Loss: 1.50296480 Accuracy: Top1: 69.4917%, Top5: 97.2409%
[Epoch 029] Time: 146.6863s | [Train] Loss: 0.11686827 Accuracy: Top1: 95.8368%, Top5: 99.9940% | [Test] Loss: 1.62163307 Accuracy: Top1: 68.4929%, Top5: 97.0827%
[Epoch 030] Time: 146.7591s | [Train] Loss: 0.10919628 Accuracy: Top1: 96.1409%, Top5: 99.9960% | [Test] Loss: 1.64321973 Accuracy: Top1: 68.9972%, Top5: 97.0728%
[Epoch 031] Time: 146.4556s | [Train] Loss: 0.10471100 Accuracy: Top1: 96.1937%, Top5: 99.9960% | [Test] Loss: 1.70262162 Accuracy: Top1: 68.5423%, Top5: 97.0332%
[Epoch 032] Time: 146.6646s | [Train] Loss: 0.09818982 Accuracy: Top1: 96.4830%, Top5: 99.9980% | [Test] Loss: 1.62489687 Accuracy: Top1: 68.7203%, Top5: 97.2211%
[Epoch 033] Time: 146.7435s | [Train] Loss: 0.09375590 Accuracy: Top1: 96.6117%, Top5: 99.9940% | [Test] Loss: 1.64248046 Accuracy: Top1: 69.5115%, Top5: 97.0332%
[Epoch 034] Time: 146.4842s | [Train] Loss: 0.08804858 Accuracy: Top1: 96.7819%, Top5: 99.9980% | [Test] Loss: 1.69031289 Accuracy: Top1: 69.6598%, Top5: 97.1123%
[Epoch 035] Time: 146.4856s | [Train] Loss: 0.08513542 Accuracy: Top1: 97.0189%, Top5: 99.9920% | [Test] Loss: 1.70366392 Accuracy: Top1: 70.0850%, Top5: 97.3497%
[Epoch 036] Time: 146.7138s | [Train] Loss: 0.07688014 Accuracy: Top1: 97.2331%, Top5: 99.9980% | [Test] Loss: 1.75665441 Accuracy: Top1: 69.0961%, Top5: 97.2706%
[Epoch 037] Time: 146.4594s | [Train] Loss: 0.07685055 Accuracy: Top1: 97.2211%, Top5: 99.9960% | [Test] Loss: 1.73713639 Accuracy: Top1: 69.5312%, Top5: 97.2211%
[Epoch 038] Time: 146.5955s | [Train] Loss: 0.07273885 Accuracy: Top1: 97.4101%, Top5: 99.9980% | [Test] Loss: 1.74434405 Accuracy: Top1: 70.1938%, Top5: 97.2805%
[Epoch 039] Time: 146.4073s | [Train] Loss: 0.06988671 Accuracy: Top1: 97.5420%, Top5: 100.0000% | [Test] Loss: 1.73727422 Accuracy: Top1: 70.4905%, Top5: 97.2805%
[Epoch 040] Time: 146.3808s | [Train] Loss: 0.06197944 Accuracy: Top1: 97.8125%, Top5: 99.9960% | [Test] Loss: 1.73926005 Accuracy: Top1: 69.8279%, Top5: 97.0629%
[Epoch 041] Time: 146.9271s | [Train] Loss: 0.05805861 Accuracy: Top1: 97.9775%, Top5: 100.0000% | [Test] Loss: 1.80082350 Accuracy: Top1: 70.4114%, Top5: 97.2805%
[Epoch 042] Time: 146.7521s | [Train] Loss: 0.06076123 Accuracy: Top1: 97.8609%, Top5: 100.0000% | [Test] Loss: 1.74958528 Accuracy: Top1: 70.3224%, Top5: 97.2013%
[Epoch 043] Time: 146.3715s | [Train] Loss: 0.05547340 Accuracy: Top1: 98.0267%, Top5: 99.9980% | [Test] Loss: 1.80175645 Accuracy: Top1: 70.5103%, Top5: 97.2805%
[Epoch 044] Time: 146.6039s | [Train] Loss: 0.05159840 Accuracy: Top1: 98.1706%, Top5: 100.0000% | [Test] Loss: 1.90797853 Accuracy: Top1: 69.8378%, Top5: 97.1915%
[Epoch 045] Time: 146.7066s | [Train] Loss: 0.04889764 Accuracy: Top1: 98.3136%, Top5: 99.9980% | [Test] Loss: 1.86725152 Accuracy: Top1: 70.3323%, Top5: 97.2805%
[Epoch 046] Time: 146.4973s | [Train] Loss: 0.04601631 Accuracy: Top1: 98.3824%, Top5: 99.9980% | [Test] Loss: 1.82110642 Accuracy: Top1: 71.0938%, Top5: 97.2409%
[Epoch 047] Time: 146.5456s | [Train] Loss: 0.04363279 Accuracy: Top1: 98.4359%, Top5: 99.9980% | [Test] Loss: 1.90887896 Accuracy: Top1: 70.6883%, Top5: 97.3299%
[Epoch 048] Time: 146.6005s | [Train] Loss: 0.04303961 Accuracy: Top1: 98.4603%, Top5: 100.0000% | [Test] Loss: 1.90819692 Accuracy: Top1: 70.7575%, Top5: 97.1618%
[Epoch 049] Time: 146.8525s | [Train] Loss: 0.04318018 Accuracy: Top1: 98.5390%, Top5: 99.9980% | [Test] Loss: 1.93595194 Accuracy: Top1: 69.8378%, Top5: 97.1222%
[Epoch 050] Time: 146.5968s | [Train] Loss: 0.03786203 Accuracy: Top1: 98.6713%, Top5: 100.0000% | [Test] Loss: 1.88907545 Accuracy: Top1: 70.8267%, Top5: 97.3892%
[Epoch 051] Time: 146.3257s | [Train] Loss: 0.03293037 Accuracy: Top1: 98.8395%, Top5: 100.0000% | [Test] Loss: 1.97977818 Accuracy: Top1: 71.3608%, Top5: 97.3101%
[Epoch 052] Time: 146.4825s | [Train] Loss: 0.03312827 Accuracy: Top1: 98.8319%, Top5: 100.0000% | [Test] Loss: 1.97312898 Accuracy: Top1: 70.8267%, Top5: 97.1816%
[Epoch 053] Time: 146.7898s | [Train] Loss: 0.03047147 Accuracy: Top1: 98.9758%, Top5: 100.0000% | [Test] Loss: 2.00666719 Accuracy: Top1: 70.9256%, Top5: 97.5376%
[Epoch 054] Time: 146.5299s | [Train] Loss: 0.02977936 Accuracy: Top1: 98.9378%, Top5: 100.0000% | [Test] Loss: 2.00641835 Accuracy: Top1: 70.8169%, Top5: 97.3299%
[Epoch 055] Time: 146.8355s | [Train] Loss: 0.02733501 Accuracy: Top1: 99.0613%, Top5: 100.0000% | [Test] Loss: 2.08360806 Accuracy: Top1: 71.3410%, Top5: 97.1816%
[Epoch 056] Time: 146.8237s | [Train] Loss: 0.02639922 Accuracy: Top1: 99.1356%, Top5: 100.0000% | [Test] Loss: 2.11845697 Accuracy: Top1: 70.7180%, Top5: 96.9343%
[Epoch 057] Time: 146.7083s | [Train] Loss: 0.02297966 Accuracy: Top1: 99.2164%, Top5: 100.0000% | [Test] Loss: 2.07440217 Accuracy: Top1: 71.8354%, Top5: 97.1915%
[Epoch 058] Time: 146.3519s | [Train] Loss: 0.02171900 Accuracy: Top1: 99.2503%, Top5: 100.0000% | [Test] Loss: 2.05881833 Accuracy: Top1: 71.8256%, Top5: 97.2903%
[Epoch 059] Time: 146.6823s | [Train] Loss: 0.02147130 Accuracy: Top1: 99.2575%, Top5: 100.0000% | [Test] Loss: 2.16522662 Accuracy: Top1: 71.0146%, Top5: 97.3596%
[Epoch 060] Time: 146.6058s | [Train] Loss: 0.02011202 Accuracy: Top1: 99.2807%, Top5: 100.0000% | [Test] Loss: 2.14023509 Accuracy: Top1: 71.9146%, Top5: 97.4881%
[Epoch 061] Time: 146.6392s | [Train] Loss: 0.01822742 Accuracy: Top1: 99.3462%, Top5: 100.0000% | [Test] Loss: 2.23986962 Accuracy: Top1: 71.5882%, Top5: 97.2013%
[Epoch 062] Time: 146.5956s | [Train] Loss: 0.01618278 Accuracy: Top1: 99.4365%, Top5: 99.9980% | [Test] Loss: 2.19945983 Accuracy: Top1: 71.1630%, Top5: 97.3794%
[Epoch 063] Time: 146.7933s | [Train] Loss: 0.01563784 Accuracy: Top1: 99.4693%, Top5: 100.0000% | [Test] Loss: 2.27107638 Accuracy: Top1: 71.4003%, Top5: 97.1123%
[Epoch 064] Time: 146.6855s | [Train] Loss: 0.01540025 Accuracy: Top1: 99.4501%, Top5: 100.0000% | [Test] Loss: 2.25220451 Accuracy: Top1: 71.2619%, Top5: 97.3794%
[Epoch 065] Time: 146.7075s | [Train] Loss: 0.01497273 Accuracy: Top1: 99.4965%, Top5: 100.0000% | [Test] Loss: 2.25769477 Accuracy: Top1: 71.5289%, Top5: 97.3695%
[Epoch 066] Time: 146.6723s | [Train] Loss: 0.01300735 Accuracy: Top1: 99.5225%, Top5: 100.0000% | [Test] Loss: 2.30507248 Accuracy: Top1: 71.4794%, Top5: 97.2607%
[Epoch 067] Time: 146.7346s | [Train] Loss: 0.01213907 Accuracy: Top1: 99.5804%, Top5: 100.0000% | [Test] Loss: 2.32030570 Accuracy: Top1: 71.6278%, Top5: 97.3794%
[Epoch 068] Time: 146.6098s | [Train] Loss: 0.01074832 Accuracy: Top1: 99.6264%, Top5: 100.0000% | [Test] Loss: 2.37783316 Accuracy: Top1: 71.8750%, Top5: 97.2706%
[Epoch 069] Time: 146.5563s | [Train] Loss: 0.00898361 Accuracy: Top1: 99.6983%, Top5: 100.0000% | [Test] Loss: 2.37512852 Accuracy: Top1: 71.6772%, Top5: 97.2112%
[Epoch 070] Time: 146.9298s | [Train] Loss: 0.01108214 Accuracy: Top1: 99.6232%, Top5: 100.0000% | [Test] Loss: 2.36964407 Accuracy: Top1: 71.3805%, Top5: 97.3200%
[Epoch 071] Time: 146.7257s | [Train] Loss: 0.00901745 Accuracy: Top1: 99.6743%, Top5: 100.0000% | [Test] Loss: 2.36098191 Accuracy: Top1: 72.1717%, Top5: 97.4288%
[Epoch 072] Time: 146.9015s | [Train] Loss: 0.00805382 Accuracy: Top1: 99.7031%, Top5: 100.0000% | [Test] Loss: 2.35124245 Accuracy: Top1: 71.9047%, Top5: 97.4782%
[Epoch 073] Time: 146.4714s | [Train] Loss: 0.00692269 Accuracy: Top1: 99.7702%, Top5: 100.0000% | [Test] Loss: 2.39282436 Accuracy: Top1: 71.9442%, Top5: 97.3101%
[Epoch 074] Time: 146.8550s | [Train] Loss: 0.00800468 Accuracy: Top1: 99.7263%, Top5: 100.0000% | [Test] Loss: 2.31513263 Accuracy: Top1: 71.9937%, Top5: 97.3299%
[Epoch 075] Time: 146.5723s | [Train] Loss: 0.00478480 Accuracy: Top1: 99.8382%, Top5: 100.0000% | [Test] Loss: 2.35791130 Accuracy: Top1: 72.1420%, Top5: 97.4387%
[Epoch 076] Time: 146.9196s | [Train] Loss: 0.00523084 Accuracy: Top1: 99.8182%, Top5: 100.0000% | [Test] Loss: 2.37525752 Accuracy: Top1: 72.0926%, Top5: 97.3991%
[Epoch 077] Time: 146.9418s | [Train] Loss: 0.00490701 Accuracy: Top1: 99.8362%, Top5: 100.0000% | [Test] Loss: 2.43591992 Accuracy: Top1: 71.9937%, Top5: 97.2013%
[Epoch 078] Time: 146.4286s | [Train] Loss: 0.00431175 Accuracy: Top1: 99.8541%, Top5: 100.0000% | [Test] Loss: 2.44712552 Accuracy: Top1: 72.1321%, Top5: 97.4090%
[Epoch 079] Time: 146.5831s | [Train] Loss: 0.00391649 Accuracy: Top1: 99.8681%, Top5: 100.0000% | [Test] Loss: 2.44464122 Accuracy: Top1: 72.3398%, Top5: 97.3794%
[Epoch 080] Time: 146.7190s | [Train] Loss: 0.00401709 Accuracy: Top1: 99.8701%, Top5: 100.0000% | [Test] Loss: 2.45749484 Accuracy: Top1: 72.3596%, Top5: 97.4980%
[Epoch 081] Time: 146.6371s | [Train] Loss: 0.00316474 Accuracy: Top1: 99.9041%, Top5: 100.0000% | [Test] Loss: 2.46488267 Accuracy: Top1: 72.4387%, Top5: 97.4090%
[Epoch 082] Time: 146.6474s | [Train] Loss: 0.00340723 Accuracy: Top1: 99.8961%, Top5: 100.0000% | [Test] Loss: 2.48484179 Accuracy: Top1: 72.3002%, Top5: 97.5079%
[Epoch 083] Time: 146.6173s | [Train] Loss: 0.00240005 Accuracy: Top1: 99.9341%, Top5: 100.0000% | [Test] Loss: 2.46763614 Accuracy: Top1: 72.7848%, Top5: 97.2903%
[Epoch 084] Time: 146.7932s | [Train] Loss: 0.00322315 Accuracy: Top1: 99.9021%, Top5: 100.0000% | [Test] Loss: 2.48470466 Accuracy: Top1: 72.6365%, Top5: 97.3794%
[Epoch 085] Time: 146.9305s | [Train] Loss: 0.00262520 Accuracy: Top1: 99.9081%, Top5: 100.0000% | [Test] Loss: 2.47235915 Accuracy: Top1: 72.7551%, Top5: 97.3398%
[Epoch 086] Time: 146.9582s | [Train] Loss: 0.00217705 Accuracy: Top1: 99.9401%, Top5: 100.0000% | [Test] Loss: 2.51942355 Accuracy: Top1: 72.5475%, Top5: 97.4486%
[Epoch 087] Time: 146.7154s | [Train] Loss: 0.00224961 Accuracy: Top1: 99.9161%, Top5: 100.0000% | [Test] Loss: 2.50487992 Accuracy: Top1: 72.7255%, Top5: 97.3794%
[Epoch 088] Time: 146.4795s | [Train] Loss: 0.00223989 Accuracy: Top1: 99.9301%, Top5: 100.0000% | [Test] Loss: 2.49934937 Accuracy: Top1: 73.0024%, Top5: 97.4486%
[Epoch 089] Time: 146.6383s | [Train] Loss: 0.00248103 Accuracy: Top1: 99.9201%, Top5: 100.0000% | [Test] Loss: 2.48499906 Accuracy: Top1: 72.5969%, Top5: 97.5574%
[Epoch 090] Time: 146.8130s | [Train] Loss: 0.00174425 Accuracy: Top1: 99.9480%, Top5: 100.0000% | [Test] Loss: 2.50047021 Accuracy: Top1: 72.5969%, Top5: 97.4881%
[Epoch 091] Time: 146.7821s | [Train] Loss: 0.00168488 Accuracy: Top1: 99.9381%, Top5: 100.0000% | [Test] Loss: 2.51778758 Accuracy: Top1: 72.6365%, Top5: 97.6068%
[Epoch 092] Time: 146.9043s | [Train] Loss: 0.00233343 Accuracy: Top1: 99.9161%, Top5: 100.0000% | [Test] Loss: 2.51058218 Accuracy: Top1: 72.7848%, Top5: 97.5376%
[Epoch 093] Time: 146.7385s | [Train] Loss: 0.00168115 Accuracy: Top1: 99.9361%, Top5: 100.0000% | [Test] Loss: 2.50284044 Accuracy: Top1: 72.7255%, Top5: 97.3794%
[Epoch 094] Time: 146.6257s | [Train] Loss: 0.00185886 Accuracy: Top1: 99.9321%, Top5: 100.0000% | [Test] Loss: 2.50269745 Accuracy: Top1: 72.6661%, Top5: 97.3002%
[Epoch 095] Time: 146.5294s | [Train] Loss: 0.00142965 Accuracy: Top1: 99.9560%, Top5: 100.0000% | [Test] Loss: 2.50603555 Accuracy: Top1: 72.7947%, Top5: 97.3398%
[Epoch 096] Time: 146.6649s | [Train] Loss: 0.00148201 Accuracy: Top1: 99.9540%, Top5: 100.0000% | [Test] Loss: 2.48371099 Accuracy: Top1: 73.0815%, Top5: 97.4782%
[Epoch 097] Time: 146.5501s | [Train] Loss: 0.00168792 Accuracy: Top1: 99.9480%, Top5: 100.0000% | [Test] Loss: 2.50184890 Accuracy: Top1: 72.6859%, Top5: 97.4684%
[Epoch 098] Time: 146.5451s | [Train] Loss: 0.00153839 Accuracy: Top1: 99.9508%, Top5: 100.0000% | [Test] Loss: 2.50397794 Accuracy: Top1: 72.8936%, Top5: 97.5079%
[Epoch 099] Time: 146.7180s | [Train] Loss: 0.00131172 Accuracy: Top1: 99.9640%, Top5: 100.0000% | [Test] Loss: 2.49927565 Accuracy: Top1: 72.8738%, Top5: 97.4980%
[Epoch 100] Time: 146.7719s | [Train] Loss: 0.00164486 Accuracy: Top1: 99.9520%, Top5: 100.0000% | [Test] Loss: 2.50456978 Accuracy: Top1: 72.7551%, Top5: 97.4980%
Files already downloaded and verified
Files already downloaded and verified
Model: VIT ConvNNAttention
Total Parameters: 7897738
Trainable Parameters: 7897738
   - Trainable Parameters: 7.89773800 M
Model Complexity (Profiler):
   - GFLOPs: 2.35134048
   - Trainable Parameters: 7.89773800 M
[Epoch 001] Time: 174.1506s | [Train] Loss: 1.58094436 Accuracy: Top1: 43.1662%, Top5: 88.6097% | [Test] Loss: 1.34220982 Accuracy: Top1: 52.0075%, Top5: 93.2852%
[Epoch 002] Time: 173.9804s | [Train] Loss: 1.28126495 Accuracy: Top1: 53.7848%, Top5: 94.0685% | [Test] Loss: 1.17033525 Accuracy: Top1: 57.6345%, Top5: 95.2136%
[Epoch 003] Time: 173.9403s | [Train] Loss: 1.14172397 Accuracy: Top1: 59.0098%, Top5: 95.6961% | [Test] Loss: 1.12909177 Accuracy: Top1: 59.6025%, Top5: 95.6092%
[Epoch 004] Time: 173.8865s | [Train] Loss: 1.04732619 Accuracy: Top1: 62.2658%, Top5: 96.5393% | [Test] Loss: 1.06218967 Accuracy: Top1: 62.1835%, Top5: 96.4498%
[Epoch 005] Time: 174.0773s | [Train] Loss: 0.96286136 Accuracy: Top1: 65.5259%, Top5: 97.1927% | [Test] Loss: 1.05031360 Accuracy: Top1: 62.6978%, Top5: 96.3410%
[Epoch 006] Time: 174.1125s | [Train] Loss: 0.89136144 Accuracy: Top1: 68.2033%, Top5: 97.7458% | [Test] Loss: 1.04662948 Accuracy: Top1: 63.6570%, Top5: 96.7168%
[Epoch 007] Time: 174.1831s | [Train] Loss: 0.83253266 Accuracy: Top1: 70.3696%, Top5: 98.1334% | [Test] Loss: 1.01691512 Accuracy: Top1: 65.2789%, Top5: 96.6278%
[Epoch 008] Time: 174.0835s | [Train] Loss: 0.76468374 Accuracy: Top1: 72.5951%, Top5: 98.5258% | [Test] Loss: 0.97967522 Accuracy: Top1: 66.5348%, Top5: 97.0629%
[Epoch 009] Time: 174.1472s | [Train] Loss: 0.70523822 Accuracy: Top1: 74.8825%, Top5: 98.7892% | [Test] Loss: 1.00427880 Accuracy: Top1: 66.7326%, Top5: 97.2211%
[Epoch 010] Time: 174.3213s | [Train] Loss: 0.64644490 Accuracy: Top1: 77.0065%, Top5: 98.9926% | [Test] Loss: 1.02285951 Accuracy: Top1: 66.0997%, Top5: 97.1420%
[Epoch 011] Time: 174.2452s | [Train] Loss: 0.59691355 Accuracy: Top1: 78.6857%, Top5: 99.1828% | [Test] Loss: 1.02732177 Accuracy: Top1: 66.5348%, Top5: 96.9541%
[Epoch 012] Time: 174.4355s | [Train] Loss: 0.53911378 Accuracy: Top1: 80.5930%, Top5: 99.4445% | [Test] Loss: 1.04069782 Accuracy: Top1: 66.6337%, Top5: 97.1025%
[Epoch 013] Time: 174.5631s | [Train] Loss: 0.48840534 Accuracy: Top1: 82.3382%, Top5: 99.5624% | [Test] Loss: 1.03863657 Accuracy: Top1: 67.5930%, Top5: 97.3200%
[Epoch 014] Time: 174.4293s | [Train] Loss: 0.44503643 Accuracy: Top1: 84.0285%, Top5: 99.6000% | [Test] Loss: 1.05499913 Accuracy: Top1: 68.3742%, Top5: 97.2310%
[Epoch 015] Time: 174.5253s | [Train] Loss: 0.39458966 Accuracy: Top1: 85.6426%, Top5: 99.7630% | [Test] Loss: 1.12007039 Accuracy: Top1: 67.8896%, Top5: 97.5672%
[Epoch 016] Time: 174.3892s | [Train] Loss: 0.35869263 Accuracy: Top1: 87.0956%, Top5: 99.8282% | [Test] Loss: 1.17059135 Accuracy: Top1: 67.2567%, Top5: 97.3596%
[Epoch 017] Time: 174.4622s | [Train] Loss: 0.31885749 Accuracy: Top1: 88.4403%, Top5: 99.8961% | [Test] Loss: 1.15506061 Accuracy: Top1: 68.8687%, Top5: 97.5178%
[Epoch 018] Time: 174.3912s | [Train] Loss: 0.28610880 Accuracy: Top1: 89.4317%, Top5: 99.9141% | [Test] Loss: 1.22280049 Accuracy: Top1: 68.0676%, Top5: 97.1025%
[Epoch 019] Time: 174.4976s | [Train] Loss: 0.25638061 Accuracy: Top1: 90.7493%, Top5: 99.9461% | [Test] Loss: 1.24432503 Accuracy: Top1: 68.8093%, Top5: 97.5475%
[Epoch 020] Time: 174.5254s | [Train] Loss: 0.23788063 Accuracy: Top1: 91.4394%, Top5: 99.9660% | [Test] Loss: 1.26715445 Accuracy: Top1: 68.9676%, Top5: 97.3497%
[Epoch 021] Time: 174.5301s | [Train] Loss: 0.20781581 Accuracy: Top1: 92.4516%, Top5: 99.9660% | [Test] Loss: 1.34162357 Accuracy: Top1: 68.2358%, Top5: 97.1321%
[Epoch 022] Time: 174.4638s | [Train] Loss: 0.19763506 Accuracy: Top1: 92.6786%, Top5: 99.9820% | [Test] Loss: 1.33723483 Accuracy: Top1: 69.3335%, Top5: 97.4881%
[Epoch 023] Time: 174.5054s | [Train] Loss: 0.18032110 Accuracy: Top1: 93.4327%, Top5: 99.9820% | [Test] Loss: 1.35381650 Accuracy: Top1: 69.3236%, Top5: 97.3200%
[Epoch 024] Time: 174.5057s | [Train] Loss: 0.16107987 Accuracy: Top1: 94.2627%, Top5: 99.9940% | [Test] Loss: 1.43046547 Accuracy: Top1: 69.2445%, Top5: 97.4189%
[Epoch 025] Time: 174.5549s | [Train] Loss: 0.15199354 Accuracy: Top1: 94.6296%, Top5: 99.9900% | [Test] Loss: 1.46955247 Accuracy: Top1: 69.0368%, Top5: 97.0332%
[Epoch 026] Time: 174.4822s | [Train] Loss: 0.14521047 Accuracy: Top1: 94.7834%, Top5: 99.9860% | [Test] Loss: 1.48684745 Accuracy: Top1: 69.6104%, Top5: 97.2903%
[Epoch 027] Time: 174.6580s | [Train] Loss: 0.13769584 Accuracy: Top1: 95.1315%, Top5: 99.9920% | [Test] Loss: 1.50822010 Accuracy: Top1: 69.3928%, Top5: 97.4684%
[Epoch 028] Time: 174.6856s | [Train] Loss: 0.12581587 Accuracy: Top1: 95.4348%, Top5: 99.9960% | [Test] Loss: 1.52106509 Accuracy: Top1: 68.9676%, Top5: 97.2903%
[Epoch 029] Time: 174.4966s | [Train] Loss: 0.11856149 Accuracy: Top1: 95.6933%, Top5: 99.9940% | [Test] Loss: 1.55128585 Accuracy: Top1: 69.6400%, Top5: 96.9739%
[Epoch 030] Time: 174.3906s | [Train] Loss: 0.11078902 Accuracy: Top1: 95.9795%, Top5: 99.9960% | [Test] Loss: 1.61890253 Accuracy: Top1: 69.6697%, Top5: 97.2508%
[Epoch 031] Time: 174.5901s | [Train] Loss: 0.10333651 Accuracy: Top1: 96.3823%, Top5: 99.9920% | [Test] Loss: 1.65708185 Accuracy: Top1: 69.3532%, Top5: 97.3299%
[Epoch 032] Time: 174.7392s | [Train] Loss: 0.10140145 Accuracy: Top1: 96.3415%, Top5: 99.9960% | [Test] Loss: 1.60228571 Accuracy: Top1: 69.4917%, Top5: 97.4189%
[Epoch 033] Time: 174.4077s | [Train] Loss: 0.09403544 Accuracy: Top1: 96.6588%, Top5: 99.9940% | [Test] Loss: 1.63154099 Accuracy: Top1: 69.7587%, Top5: 97.3794%
[Epoch 034] Time: 174.4718s | [Train] Loss: 0.08847355 Accuracy: Top1: 96.8207%, Top5: 99.9960% | [Test] Loss: 1.66324841 Accuracy: Top1: 70.4707%, Top5: 97.3892%
[Epoch 035] Time: 174.5242s | [Train] Loss: 0.08302687 Accuracy: Top1: 97.1352%, Top5: 99.9940% | [Test] Loss: 1.68965942 Accuracy: Top1: 69.7290%, Top5: 97.1519%
[Epoch 036] Time: 174.5012s | [Train] Loss: 0.08252882 Accuracy: Top1: 97.0552%, Top5: 99.9960% | [Test] Loss: 1.66093287 Accuracy: Top1: 70.3125%, Top5: 97.3497%
[Epoch 037] Time: 174.2548s | [Train] Loss: 0.07589397 Accuracy: Top1: 97.3593%, Top5: 99.9960% | [Test] Loss: 1.71363223 Accuracy: Top1: 70.0850%, Top5: 97.3991%
[Epoch 038] Time: 174.6151s | [Train] Loss: 0.07170892 Accuracy: Top1: 97.4680%, Top5: 99.9960% | [Test] Loss: 1.73371211 Accuracy: Top1: 70.6784%, Top5: 97.2409%
[Epoch 039] Time: 174.7308s | [Train] Loss: 0.06859944 Accuracy: Top1: 97.5787%, Top5: 99.9960% | [Test] Loss: 1.78288812 Accuracy: Top1: 70.3224%, Top5: 97.3695%
[Epoch 040] Time: 174.5781s | [Train] Loss: 0.06305781 Accuracy: Top1: 97.8317%, Top5: 99.9980% | [Test] Loss: 1.81348462 Accuracy: Top1: 69.9466%, Top5: 97.2903%
[Epoch 041] Time: 174.6151s | [Train] Loss: 0.05956835 Accuracy: Top1: 97.9388%, Top5: 99.9980% | [Test] Loss: 1.88215293 Accuracy: Top1: 70.1345%, Top5: 97.2508%
[Epoch 042] Time: 174.5919s | [Train] Loss: 0.05761444 Accuracy: Top1: 98.0007%, Top5: 99.9960% | [Test] Loss: 1.89689328 Accuracy: Top1: 69.9960%, Top5: 97.1123%
[Epoch 043] Time: 174.4336s | [Train] Loss: 0.05673639 Accuracy: Top1: 97.9120%, Top5: 100.0000% | [Test] Loss: 1.83937445 Accuracy: Top1: 70.5795%, Top5: 97.4090%
[Epoch 044] Time: 174.6229s | [Train] Loss: 0.05195835 Accuracy: Top1: 98.1494%, Top5: 99.9980% | [Test] Loss: 1.88495161 Accuracy: Top1: 70.4806%, Top5: 97.3695%
[Epoch 045] Time: 174.7563s | [Train] Loss: 0.04895335 Accuracy: Top1: 98.2645%, Top5: 100.0000% | [Test] Loss: 1.90197867 Accuracy: Top1: 70.3718%, Top5: 97.3101%
[Epoch 046] Time: 174.6662s | [Train] Loss: 0.04695931 Accuracy: Top1: 98.3480%, Top5: 100.0000% | [Test] Loss: 1.92148033 Accuracy: Top1: 71.0740%, Top5: 97.3200%
[Epoch 047] Time: 174.8333s | [Train] Loss: 0.04327690 Accuracy: Top1: 98.4295%, Top5: 99.9980% | [Test] Loss: 1.94141712 Accuracy: Top1: 71.1729%, Top5: 97.3398%
[Epoch 048] Time: 174.7123s | [Train] Loss: 0.04098931 Accuracy: Top1: 98.5782%, Top5: 99.9980% | [Test] Loss: 1.95653006 Accuracy: Top1: 70.3323%, Top5: 97.2805%
[Epoch 049] Time: 174.5761s | [Train] Loss: 0.03917976 Accuracy: Top1: 98.6313%, Top5: 100.0000% | [Test] Loss: 1.97087829 Accuracy: Top1: 70.3125%, Top5: 97.1618%
[Epoch 050] Time: 174.6944s | [Train] Loss: 0.03903565 Accuracy: Top1: 98.6369%, Top5: 100.0000% | [Test] Loss: 1.94446442 Accuracy: Top1: 71.1036%, Top5: 97.3101%
[Epoch 051] Time: 174.7548s | [Train] Loss: 0.03869036 Accuracy: Top1: 98.6801%, Top5: 100.0000% | [Test] Loss: 1.96121499 Accuracy: Top1: 71.6673%, Top5: 97.3002%
[Epoch 052] Time: 174.7375s | [Train] Loss: 0.03606079 Accuracy: Top1: 98.7468%, Top5: 99.9980% | [Test] Loss: 1.94772236 Accuracy: Top1: 71.4399%, Top5: 97.4387%
[Epoch 053] Time: 174.6122s | [Train] Loss: 0.02903055 Accuracy: Top1: 98.9758%, Top5: 100.0000% | [Test] Loss: 2.02281709 Accuracy: Top1: 71.2421%, Top5: 97.7255%
[Epoch 054] Time: 174.7217s | [Train] Loss: 0.02837174 Accuracy: Top1: 98.9830%, Top5: 99.9980% | [Test] Loss: 2.04181209 Accuracy: Top1: 71.2619%, Top5: 97.3794%
[Epoch 055] Time: 174.6333s | [Train] Loss: 0.02736757 Accuracy: Top1: 99.0409%, Top5: 100.0000% | [Test] Loss: 2.08769131 Accuracy: Top1: 70.8267%, Top5: 97.1915%
[Epoch 056] Time: 174.7132s | [Train] Loss: 0.02726143 Accuracy: Top1: 99.0377%, Top5: 100.0000% | [Test] Loss: 2.08484759 Accuracy: Top1: 71.3311%, Top5: 97.2607%
[Epoch 057] Time: 174.7485s | [Train] Loss: 0.02281149 Accuracy: Top1: 99.1608%, Top5: 100.0000% | [Test] Loss: 2.09631926 Accuracy: Top1: 71.8453%, Top5: 97.5475%
[Epoch 058] Time: 174.5760s | [Train] Loss: 0.02330792 Accuracy: Top1: 99.1976%, Top5: 100.0000% | [Test] Loss: 2.11150021 Accuracy: Top1: 71.5882%, Top5: 97.4585%
[Epoch 059] Time: 174.6687s | [Train] Loss: 0.02314090 Accuracy: Top1: 99.1808%, Top5: 100.0000% | [Test] Loss: 2.18479164 Accuracy: Top1: 71.5388%, Top5: 97.3794%
[Epoch 060] Time: 174.7872s | [Train] Loss: 0.01990798 Accuracy: Top1: 99.3047%, Top5: 100.0000% | [Test] Loss: 2.15400486 Accuracy: Top1: 71.4794%, Top5: 97.4486%
[Epoch 061] Time: 174.6555s | [Train] Loss: 0.01773993 Accuracy: Top1: 99.3906%, Top5: 100.0000% | [Test] Loss: 2.22420423 Accuracy: Top1: 71.3410%, Top5: 97.3101%
[Epoch 062] Time: 174.5140s | [Train] Loss: 0.01723437 Accuracy: Top1: 99.4214%, Top5: 100.0000% | [Test] Loss: 2.25582799 Accuracy: Top1: 71.1036%, Top5: 97.2805%
[Epoch 063] Time: 174.6867s | [Train] Loss: 0.01585220 Accuracy: Top1: 99.4505%, Top5: 100.0000% | [Test] Loss: 2.25355533 Accuracy: Top1: 71.5487%, Top5: 97.3892%
[Epoch 064] Time: 174.5412s | [Train] Loss: 0.01700533 Accuracy: Top1: 99.4218%, Top5: 100.0000% | [Test] Loss: 2.28600234 Accuracy: Top1: 71.2619%, Top5: 97.4980%
[Epoch 065] Time: 174.6824s | [Train] Loss: 0.01411155 Accuracy: Top1: 99.5045%, Top5: 100.0000% | [Test] Loss: 2.29175559 Accuracy: Top1: 71.3706%, Top5: 97.3794%
[Epoch 066] Time: 174.5474s | [Train] Loss: 0.01360963 Accuracy: Top1: 99.5332%, Top5: 100.0000% | [Test] Loss: 2.26485111 Accuracy: Top1: 71.9146%, Top5: 97.6167%
[Epoch 067] Time: 174.6958s | [Train] Loss: 0.01144155 Accuracy: Top1: 99.6124%, Top5: 100.0000% | [Test] Loss: 2.33233886 Accuracy: Top1: 71.4597%, Top5: 97.3002%
[Epoch 068] Time: 174.6510s | [Train] Loss: 0.01086525 Accuracy: Top1: 99.6244%, Top5: 100.0000% | [Test] Loss: 2.36562707 Accuracy: Top1: 71.8157%, Top5: 97.3991%
[Epoch 069] Time: 174.3836s | [Train] Loss: 0.00848085 Accuracy: Top1: 99.6883%, Top5: 100.0000% | [Test] Loss: 2.38666553 Accuracy: Top1: 71.4992%, Top5: 97.2805%
[Epoch 070] Time: 174.5850s | [Train] Loss: 0.00982335 Accuracy: Top1: 99.6683%, Top5: 100.0000% | [Test] Loss: 2.38508452 Accuracy: Top1: 71.8552%, Top5: 97.3794%
[Epoch 071] Time: 174.3084s | [Train] Loss: 0.00818495 Accuracy: Top1: 99.7323%, Top5: 100.0000% | [Test] Loss: 2.45334633 Accuracy: Top1: 72.0233%, Top5: 97.4387%
[Epoch 072] Time: 174.6332s | [Train] Loss: 0.00816085 Accuracy: Top1: 99.7003%, Top5: 100.0000% | [Test] Loss: 2.39991032 Accuracy: Top1: 71.9442%, Top5: 97.3596%
[Epoch 073] Time: 174.5102s | [Train] Loss: 0.00667356 Accuracy: Top1: 99.7562%, Top5: 100.0000% | [Test] Loss: 2.45132228 Accuracy: Top1: 72.2310%, Top5: 97.4387%
[Epoch 074] Time: 174.5787s | [Train] Loss: 0.00631829 Accuracy: Top1: 99.8022%, Top5: 100.0000% | [Test] Loss: 2.46359241 Accuracy: Top1: 72.0728%, Top5: 97.5475%
[Epoch 075] Time: 174.3832s | [Train] Loss: 0.00628289 Accuracy: Top1: 99.8182%, Top5: 100.0000% | [Test] Loss: 2.46800762 Accuracy: Top1: 72.2409%, Top5: 97.4881%
[Epoch 076] Time: 174.5549s | [Train] Loss: 0.00550919 Accuracy: Top1: 99.8102%, Top5: 100.0000% | [Test] Loss: 2.45509690 Accuracy: Top1: 72.4090%, Top5: 97.2805%
[Epoch 077] Time: 174.5418s | [Train] Loss: 0.00577317 Accuracy: Top1: 99.8062%, Top5: 100.0000% | [Test] Loss: 2.47947582 Accuracy: Top1: 72.2607%, Top5: 97.5672%
[Epoch 078] Time: 174.5762s | [Train] Loss: 0.00438071 Accuracy: Top1: 99.8581%, Top5: 100.0000% | [Test] Loss: 2.47995670 Accuracy: Top1: 72.1618%, Top5: 97.4782%
[Epoch 079] Time: 174.5352s | [Train] Loss: 0.00458920 Accuracy: Top1: 99.8661%, Top5: 100.0000% | [Test] Loss: 2.49504660 Accuracy: Top1: 72.3596%, Top5: 97.4585%
[Epoch 080] Time: 174.3472s | [Train] Loss: 0.00373693 Accuracy: Top1: 99.8861%, Top5: 100.0000% | [Test] Loss: 2.51546420 Accuracy: Top1: 72.5870%, Top5: 97.3695%
[Epoch 081] Time: 174.5022s | [Train] Loss: 0.00358458 Accuracy: Top1: 99.8681%, Top5: 100.0000% | [Test] Loss: 2.48879304 Accuracy: Top1: 72.7848%, Top5: 97.5574%
[Epoch 082] Time: 174.4643s | [Train] Loss: 0.00342758 Accuracy: Top1: 99.8861%, Top5: 100.0000% | [Test] Loss: 2.51674957 Accuracy: Top1: 72.7255%, Top5: 97.4684%
[Epoch 083] Time: 174.4049s | [Train] Loss: 0.00316427 Accuracy: Top1: 99.8901%, Top5: 100.0000% | [Test] Loss: 2.52385262 Accuracy: Top1: 72.7749%, Top5: 97.6859%
[Epoch 084] Time: 174.5074s | [Train] Loss: 0.00308182 Accuracy: Top1: 99.8841%, Top5: 100.0000% | [Test] Loss: 2.53470293 Accuracy: Top1: 72.4782%, Top5: 97.4684%
[Epoch 085] Time: 174.5097s | [Train] Loss: 0.00319001 Accuracy: Top1: 99.8881%, Top5: 100.0000% | [Test] Loss: 2.48079315 Accuracy: Top1: 72.5475%, Top5: 97.5178%
[Epoch 086] Time: 174.3889s | [Train] Loss: 0.00252567 Accuracy: Top1: 99.8981%, Top5: 100.0000% | [Test] Loss: 2.51670946 Accuracy: Top1: 73.0123%, Top5: 97.4090%
[Epoch 087] Time: 174.5129s | [Train] Loss: 0.00205898 Accuracy: Top1: 99.9221%, Top5: 100.0000% | [Test] Loss: 2.51775641 Accuracy: Top1: 72.9035%, Top5: 97.4782%
[Epoch 088] Time: 174.6456s | [Train] Loss: 0.00224013 Accuracy: Top1: 99.9341%, Top5: 99.9980% | [Test] Loss: 2.48458190 Accuracy: Top1: 72.8540%, Top5: 97.4387%
[Epoch 089] Time: 174.5097s | [Train] Loss: 0.00188493 Accuracy: Top1: 99.9441%, Top5: 100.0000% | [Test] Loss: 2.53457109 Accuracy: Top1: 73.1507%, Top5: 97.4782%
[Epoch 090] Time: 174.5245s | [Train] Loss: 0.00142337 Accuracy: Top1: 99.9600%, Top5: 100.0000% | [Test] Loss: 2.54818786 Accuracy: Top1: 73.0419%, Top5: 97.4684%
[Epoch 091] Time: 174.6379s | [Train] Loss: 0.00209412 Accuracy: Top1: 99.9261%, Top5: 100.0000% | [Test] Loss: 2.53327863 Accuracy: Top1: 73.0914%, Top5: 97.5475%
[Epoch 092] Time: 174.4664s | [Train] Loss: 0.00198705 Accuracy: Top1: 99.9381%, Top5: 100.0000% | [Test] Loss: 2.54156321 Accuracy: Top1: 72.9233%, Top5: 97.5178%
[Epoch 093] Time: 174.3266s | [Train] Loss: 0.00164102 Accuracy: Top1: 99.9480%, Top5: 100.0000% | [Test] Loss: 2.54925450 Accuracy: Top1: 72.8046%, Top5: 97.4881%
[Epoch 094] Time: 174.3822s | [Train] Loss: 0.00155891 Accuracy: Top1: 99.9520%, Top5: 100.0000% | [Test] Loss: 2.55517891 Accuracy: Top1: 73.1112%, Top5: 97.4387%
[Epoch 095] Time: 174.5772s | [Train] Loss: 0.00156452 Accuracy: Top1: 99.9480%, Top5: 100.0000% | [Test] Loss: 2.54447887 Accuracy: Top1: 73.0617%, Top5: 97.5178%
[Epoch 096] Time: 174.5990s | [Train] Loss: 0.00132925 Accuracy: Top1: 99.9608%, Top5: 100.0000% | [Test] Loss: 2.54233941 Accuracy: Top1: 73.2298%, Top5: 97.4782%
[Epoch 097] Time: 174.4484s | [Train] Loss: 0.00144630 Accuracy: Top1: 99.9500%, Top5: 100.0000% | [Test] Loss: 2.55426302 Accuracy: Top1: 73.0024%, Top5: 97.4585%
[Epoch 098] Time: 174.4648s | [Train] Loss: 0.00171624 Accuracy: Top1: 99.9500%, Top5: 100.0000% | [Test] Loss: 2.56430339 Accuracy: Top1: 73.0222%, Top5: 97.5376%
[Epoch 099] Time: 174.4963s | [Train] Loss: 0.00151976 Accuracy: Top1: 99.9461%, Top5: 100.0000% | [Test] Loss: 2.54841852 Accuracy: Top1: 73.0815%, Top5: 97.5079%
[Epoch 100] Time: 174.4945s | [Train] Loss: 0.00123942 Accuracy: Top1: 99.9560%, Top5: 100.0000% | [Test] Loss: 2.52769747 Accuracy: Top1: 73.1705%, Top5: 97.4288%
