Files already downloaded and verified
Files already downloaded and verified
Model: VIT Attention
Total Parameters: 5488522
Trainable Parameters: 5488522
   - Trainable Parameters: 5.48852200 M
Model Complexity (Profiler):
   - GFLOPs: 2.50793184
   - Trainable Parameters: 5.48852200 M
[Epoch 001] Time: 50.0233s | [Train] Loss: 1.99939471 Accuracy: Top1: 26.4730%, Top5: 77.8780% | [Test] Loss: 1.83013440 Accuracy: Top1: 34.4541%, Top5: 83.7520%
[Epoch 002] Time: 49.3260s | [Train] Loss: 1.76856492 Accuracy: Top1: 35.6734%, Top5: 85.6334% | [Test] Loss: 1.60679397 Accuracy: Top1: 42.5336%, Top5: 89.1812%
[Epoch 003] Time: 49.9761s | [Train] Loss: 1.60433113 Accuracy: Top1: 41.5441%, Top5: 89.2967% | [Test] Loss: 1.51498597 Accuracy: Top1: 46.1234%, Top5: 91.1590%
[Epoch 004] Time: 50.3992s | [Train] Loss: 1.52977323 Accuracy: Top1: 44.2172%, Top5: 90.7377% | [Test] Loss: 1.46974323 Accuracy: Top1: 47.1420%, Top5: 92.0392%
[Epoch 005] Time: 49.9937s | [Train] Loss: 1.47143710 Accuracy: Top1: 46.3487%, Top5: 91.7128% | [Test] Loss: 1.43499877 Accuracy: Top1: 48.3683%, Top5: 92.0392%
[Epoch 006] Time: 49.9839s | [Train] Loss: 1.42625548 Accuracy: Top1: 48.0723%, Top5: 92.2974% | [Test] Loss: 1.37848048 Accuracy: Top1: 50.3758%, Top5: 93.0676%
[Epoch 007] Time: 50.2917s | [Train] Loss: 1.37887294 Accuracy: Top1: 49.8889%, Top5: 93.0247% | [Test] Loss: 1.33761990 Accuracy: Top1: 51.5032%, Top5: 93.7896%
[Epoch 008] Time: 49.9380s | [Train] Loss: 1.33968979 Accuracy: Top1: 51.3627%, Top5: 93.5989% | [Test] Loss: 1.31596472 Accuracy: Top1: 53.1250%, Top5: 93.8093%
[Epoch 009] Time: 50.3746s | [Train] Loss: 1.29735197 Accuracy: Top1: 53.0035%, Top5: 94.0741% | [Test] Loss: 1.26317146 Accuracy: Top1: 54.2820%, Top5: 94.6005%
[Epoch 010] Time: 50.1064s | [Train] Loss: 1.25995126 Accuracy: Top1: 54.4062%, Top5: 94.6292% | [Test] Loss: 1.23151469 Accuracy: Top1: 55.8544%, Top5: 94.7191%
[Epoch 011] Time: 50.3120s | [Train] Loss: 1.22932165 Accuracy: Top1: 55.4899%, Top5: 94.9241% | [Test] Loss: 1.19985926 Accuracy: Top1: 56.8829%, Top5: 95.1741%
[Epoch 012] Time: 50.7042s | [Train] Loss: 1.19949247 Accuracy: Top1: 56.3679%, Top5: 95.2753% | [Test] Loss: 1.18207726 Accuracy: Top1: 57.4268%, Top5: 95.4707%
[Epoch 013] Time: 50.2161s | [Train] Loss: 1.17893231 Accuracy: Top1: 57.3921%, Top5: 95.4803% | [Test] Loss: 1.14317776 Accuracy: Top1: 58.8608%, Top5: 95.9652%
[Epoch 014] Time: 50.1857s | [Train] Loss: 1.15168847 Accuracy: Top1: 58.3292%, Top5: 95.6054% | [Test] Loss: 1.12867076 Accuracy: Top1: 59.6222%, Top5: 95.7971%
[Epoch 015] Time: 50.3472s | [Train] Loss: 1.12771558 Accuracy: Top1: 59.3123%, Top5: 95.9239% | [Test] Loss: 1.14104752 Accuracy: Top1: 59.1772%, Top5: 95.9553%
[Epoch 016] Time: 50.2101s | [Train] Loss: 1.10630507 Accuracy: Top1: 60.0747%, Top5: 96.0638% | [Test] Loss: 1.10498977 Accuracy: Top1: 60.4628%, Top5: 96.4102%
[Epoch 017] Time: 50.2354s | [Train] Loss: 1.08963748 Accuracy: Top1: 60.7309%, Top5: 96.2940% | [Test] Loss: 1.07484534 Accuracy: Top1: 61.7682%, Top5: 96.4597%
[Epoch 018] Time: 50.1071s | [Train] Loss: 1.07223918 Accuracy: Top1: 61.3955%, Top5: 96.4366% | [Test] Loss: 1.06717143 Accuracy: Top1: 61.4616%, Top5: 96.6278%
[Epoch 019] Time: 50.1354s | [Train] Loss: 1.05309624 Accuracy: Top1: 62.1615%, Top5: 96.5509% | [Test] Loss: 1.08704994 Accuracy: Top1: 61.1748%, Top5: 96.5981%
[Epoch 020] Time: 50.1777s | [Train] Loss: 1.04026617 Accuracy: Top1: 62.4824%, Top5: 96.7927% | [Test] Loss: 1.04783653 Accuracy: Top1: 62.8758%, Top5: 96.9047%
[Epoch 021] Time: 50.2480s | [Train] Loss: 1.02804951 Accuracy: Top1: 63.1793%, Top5: 96.7787% | [Test] Loss: 1.03032297 Accuracy: Top1: 62.8362%, Top5: 97.0036%
[Epoch 022] Time: 50.2315s | [Train] Loss: 1.01359899 Accuracy: Top1: 63.5470%, Top5: 96.9437% | [Test] Loss: 1.01648747 Accuracy: Top1: 63.7955%, Top5: 97.0233%
[Epoch 023] Time: 50.7567s | [Train] Loss: 1.00308171 Accuracy: Top1: 63.9222%, Top5: 96.9917% | [Test] Loss: 0.99815482 Accuracy: Top1: 64.3790%, Top5: 96.9640%
[Epoch 024] Time: 50.4418s | [Train] Loss: 0.99090702 Accuracy: Top1: 64.3458%, Top5: 97.0293% | [Test] Loss: 0.99800663 Accuracy: Top1: 64.2900%, Top5: 97.0629%
[Epoch 025] Time: 50.3093s | [Train] Loss: 0.98424099 Accuracy: Top1: 64.6407%, Top5: 97.1563% | [Test] Loss: 0.98559401 Accuracy: Top1: 64.7844%, Top5: 97.0530%
[Epoch 026] Time: 50.2617s | [Train] Loss: 0.97267240 Accuracy: Top1: 65.2909%, Top5: 97.2414% | [Test] Loss: 0.99817059 Accuracy: Top1: 64.4482%, Top5: 97.0629%
[Epoch 027] Time: 50.3402s | [Train] Loss: 0.96335786 Accuracy: Top1: 65.6042%, Top5: 97.2135% | [Test] Loss: 0.97144130 Accuracy: Top1: 65.2492%, Top5: 97.2211%
[Epoch 028] Time: 50.6105s | [Train] Loss: 0.95465175 Accuracy: Top1: 65.9555%, Top5: 97.2494% | [Test] Loss: 0.96929225 Accuracy: Top1: 65.2492%, Top5: 97.1816%
[Epoch 029] Time: 50.4748s | [Train] Loss: 0.94950566 Accuracy: Top1: 65.9863%, Top5: 97.3525% | [Test] Loss: 0.96784862 Accuracy: Top1: 65.5261%, Top5: 97.2508%
[Epoch 030] Time: 50.4829s | [Train] Loss: 0.94023831 Accuracy: Top1: 66.5413%, Top5: 97.4281% | [Test] Loss: 0.95387047 Accuracy: Top1: 66.1195%, Top5: 97.2607%
[Epoch 031] Time: 50.4963s | [Train] Loss: 0.93374987 Accuracy: Top1: 66.8502%, Top5: 97.4580% | [Test] Loss: 0.96795018 Accuracy: Top1: 65.5360%, Top5: 97.2310%
[Epoch 032] Time: 50.3906s | [Train] Loss: 0.92693407 Accuracy: Top1: 66.9661%, Top5: 97.5048% | [Test] Loss: 0.94822078 Accuracy: Top1: 66.0700%, Top5: 97.4782%
[Epoch 033] Time: 50.4773s | [Train] Loss: 0.92670715 Accuracy: Top1: 66.8622%, Top5: 97.5124% | [Test] Loss: 0.94584917 Accuracy: Top1: 66.0008%, Top5: 97.4585%
[Epoch 034] Time: 50.4103s | [Train] Loss: 0.91566321 Accuracy: Top1: 67.3018%, Top5: 97.5891% | [Test] Loss: 0.93939749 Accuracy: Top1: 66.3568%, Top5: 97.4980%
[Epoch 035] Time: 50.1699s | [Train] Loss: 0.91266689 Accuracy: Top1: 67.5535%, Top5: 97.5751% | [Test] Loss: 0.94564678 Accuracy: Top1: 66.1491%, Top5: 97.4881%
[Epoch 036] Time: 50.3885s | [Train] Loss: 0.90880886 Accuracy: Top1: 67.6415%, Top5: 97.6722% | [Test] Loss: 0.93774555 Accuracy: Top1: 66.5447%, Top5: 97.4782%
[Epoch 037] Time: 50.3300s | [Train] Loss: 0.90537151 Accuracy: Top1: 67.9096%, Top5: 97.6822% | [Test] Loss: 0.93300074 Accuracy: Top1: 66.6634%, Top5: 97.3497%
[Epoch 038] Time: 50.2276s | [Train] Loss: 0.90103227 Accuracy: Top1: 67.9372%, Top5: 97.6499% | [Test] Loss: 0.93250873 Accuracy: Top1: 66.5051%, Top5: 97.4387%
[Epoch 039] Time: 50.2771s | [Train] Loss: 0.89807160 Accuracy: Top1: 68.0147%, Top5: 97.6443% | [Test] Loss: 0.92892319 Accuracy: Top1: 66.9106%, Top5: 97.4980%
[Epoch 040] Time: 50.4118s | [Train] Loss: 0.89390634 Accuracy: Top1: 68.1118%, Top5: 97.7210% | [Test] Loss: 0.92817837 Accuracy: Top1: 66.9007%, Top5: 97.5672%
[Epoch 041] Time: 49.9656s | [Train] Loss: 0.89207135 Accuracy: Top1: 68.2133%, Top5: 97.6958% | [Test] Loss: 0.92806064 Accuracy: Top1: 66.8908%, Top5: 97.4189%
[Epoch 042] Time: 50.1487s | [Train] Loss: 0.89233281 Accuracy: Top1: 68.3620%, Top5: 97.6950% | [Test] Loss: 0.92388920 Accuracy: Top1: 67.1776%, Top5: 97.5178%
[Epoch 043] Time: 50.4188s | [Train] Loss: 0.89301427 Accuracy: Top1: 68.2896%, Top5: 97.6279% | [Test] Loss: 0.92443141 Accuracy: Top1: 66.9897%, Top5: 97.4782%
[Epoch 044] Time: 50.4197s | [Train] Loss: 0.88612274 Accuracy: Top1: 68.4954%, Top5: 97.7789% | [Test] Loss: 0.92384591 Accuracy: Top1: 67.0589%, Top5: 97.5277%
[Epoch 045] Time: 50.4262s | [Train] Loss: 0.88659329 Accuracy: Top1: 68.3576%, Top5: 97.7789% | [Test] Loss: 0.92269747 Accuracy: Top1: 67.1381%, Top5: 97.4881%
[Epoch 046] Time: 50.2742s | [Train] Loss: 0.88657846 Accuracy: Top1: 68.3776%, Top5: 97.6898% | [Test] Loss: 0.92169557 Accuracy: Top1: 67.2963%, Top5: 97.4486%
[Epoch 047] Time: 50.1530s | [Train] Loss: 0.88406325 Accuracy: Top1: 68.4851%, Top5: 97.7530% | [Test] Loss: 0.92107086 Accuracy: Top1: 67.2963%, Top5: 97.4288%
[Epoch 048] Time: 50.3226s | [Train] Loss: 0.88567567 Accuracy: Top1: 68.4631%, Top5: 97.7426% | [Test] Loss: 0.92117349 Accuracy: Top1: 67.3161%, Top5: 97.4881%
[Epoch 049] Time: 50.0355s | [Train] Loss: 0.88654732 Accuracy: Top1: 68.4355%, Top5: 97.7218% | [Test] Loss: 0.92101720 Accuracy: Top1: 67.2567%, Top5: 97.4585%
[Epoch 050] Time: 50.5277s | [Train] Loss: 0.88338217 Accuracy: Top1: 68.5598%, Top5: 97.7677% | [Test] Loss: 0.92112548 Accuracy: Top1: 67.2864%, Top5: 97.4684%
Files already downloaded and verified
Files already downloaded and verified
Model: VIT ConvNNAttention
Total Parameters: 9472138
Trainable Parameters: 9472138
   - Trainable Parameters: 9.47213800 M
Model Complexity (Profiler):
   - GFLOPs: 2.33318496
   - Trainable Parameters: 9.47213800 M
[Epoch 001] Time: 78.2340s | [Train] Loss: 1.90231752 Accuracy: Top1: 31.8067%, Top5: 80.1479% | [Test] Loss: 1.68041337 Accuracy: Top1: 40.6349%, Top5: 87.1143%
[Epoch 002] Time: 77.8868s | [Train] Loss: 1.65501013 Accuracy: Top1: 41.7180%, Top5: 87.3186% | [Test] Loss: 1.54670333 Accuracy: Top1: 45.5795%, Top5: 89.5570%
[Epoch 003] Time: 77.6489s | [Train] Loss: 1.52827075 Accuracy: Top1: 45.8448%, Top5: 90.1247% | [Test] Loss: 1.43787981 Accuracy: Top1: 48.4869%, Top5: 91.9996%
[Epoch 004] Time: 77.6477s | [Train] Loss: 1.42173967 Accuracy: Top1: 49.1984%, Top5: 92.1284% | [Test] Loss: 1.35708342 Accuracy: Top1: 50.8604%, Top5: 93.0578%
[Epoch 005] Time: 77.5285s | [Train] Loss: 1.34776418 Accuracy: Top1: 51.3631%, Top5: 93.3368% | [Test] Loss: 1.31406298 Accuracy: Top1: 52.3240%, Top5: 93.8884%
[Epoch 006] Time: 77.1350s | [Train] Loss: 1.29683752 Accuracy: Top1: 53.3588%, Top5: 93.9158% | [Test] Loss: 1.26964766 Accuracy: Top1: 54.5589%, Top5: 94.4719%
[Epoch 007] Time: 77.5768s | [Train] Loss: 1.25607665 Accuracy: Top1: 54.8226%, Top5: 94.5864% | [Test] Loss: 1.24547007 Accuracy: Top1: 54.7963%, Top5: 94.7488%
[Epoch 008] Time: 77.5934s | [Train] Loss: 1.22584863 Accuracy: Top1: 55.7329%, Top5: 94.8765% | [Test] Loss: 1.23645241 Accuracy: Top1: 55.6369%, Top5: 94.6994%
[Epoch 009] Time: 77.9414s | [Train] Loss: 1.19254067 Accuracy: Top1: 56.9405%, Top5: 95.2777% | [Test] Loss: 1.20420023 Accuracy: Top1: 56.8434%, Top5: 95.1938%
[Epoch 010] Time: 77.6888s | [Train] Loss: 1.16021240 Accuracy: Top1: 58.2417%, Top5: 95.6014% | [Test] Loss: 1.16209898 Accuracy: Top1: 58.2180%, Top5: 95.6784%
[Epoch 011] Time: 77.6753s | [Train] Loss: 1.13691960 Accuracy: Top1: 59.1021%, Top5: 95.8867% | [Test] Loss: 1.14633926 Accuracy: Top1: 58.9201%, Top5: 95.7971%
[Epoch 012] Time: 77.7711s | [Train] Loss: 1.11001551 Accuracy: Top1: 60.1163%, Top5: 96.0590% | [Test] Loss: 1.13463384 Accuracy: Top1: 59.1475%, Top5: 95.8762%
[Epoch 013] Time: 77.7731s | [Train] Loss: 1.09092265 Accuracy: Top1: 60.6618%, Top5: 96.1625% | [Test] Loss: 1.11765002 Accuracy: Top1: 59.4937%, Top5: 96.0938%
[Epoch 014] Time: 77.6905s | [Train] Loss: 1.07120352 Accuracy: Top1: 61.5713%, Top5: 96.3667% | [Test] Loss: 1.09712789 Accuracy: Top1: 60.7595%, Top5: 96.0938%
[Epoch 015] Time: 77.5647s | [Train] Loss: 1.05036078 Accuracy: Top1: 62.3182%, Top5: 96.5685% | [Test] Loss: 1.10616065 Accuracy: Top1: 60.3738%, Top5: 96.2124%
[Epoch 016] Time: 77.8070s | [Train] Loss: 1.03273497 Accuracy: Top1: 63.0683%, Top5: 96.6844% | [Test] Loss: 1.08547883 Accuracy: Top1: 61.4517%, Top5: 96.5091%
[Epoch 017] Time: 77.4876s | [Train] Loss: 1.01847757 Accuracy: Top1: 63.3732%, Top5: 96.8710% | [Test] Loss: 1.06220121 Accuracy: Top1: 61.9858%, Top5: 96.4102%
[Epoch 018] Time: 77.7141s | [Train] Loss: 0.99564879 Accuracy: Top1: 64.5089%, Top5: 96.9913% | [Test] Loss: 1.06350247 Accuracy: Top1: 61.8968%, Top5: 96.4201%
[Epoch 019] Time: 77.6832s | [Train] Loss: 0.98271911 Accuracy: Top1: 64.7958%, Top5: 97.1563% | [Test] Loss: 1.06544785 Accuracy: Top1: 62.3714%, Top5: 96.4794%
[Epoch 020] Time: 77.7683s | [Train] Loss: 0.96780936 Accuracy: Top1: 65.4240%, Top5: 97.1679% | [Test] Loss: 1.04096737 Accuracy: Top1: 62.2231%, Top5: 96.6871%
[Epoch 021] Time: 77.5587s | [Train] Loss: 0.95572923 Accuracy: Top1: 65.9926%, Top5: 97.3202% | [Test] Loss: 1.03696583 Accuracy: Top1: 62.7868%, Top5: 96.6574%
[Epoch 022] Time: 77.6933s | [Train] Loss: 0.94221230 Accuracy: Top1: 66.4698%, Top5: 97.3066% | [Test] Loss: 1.02597514 Accuracy: Top1: 63.0934%, Top5: 96.7366%
[Epoch 023] Time: 77.7282s | [Train] Loss: 0.92863352 Accuracy: Top1: 66.8490%, Top5: 97.5292% | [Test] Loss: 1.01816496 Accuracy: Top1: 63.6076%, Top5: 96.8157%
[Epoch 024] Time: 77.6291s | [Train] Loss: 0.92100955 Accuracy: Top1: 67.2011%, Top5: 97.4852% | [Test] Loss: 1.01412194 Accuracy: Top1: 63.7460%, Top5: 97.0332%
[Epoch 025] Time: 77.8306s | [Train] Loss: 0.90930433 Accuracy: Top1: 67.6183%, Top5: 97.6722% | [Test] Loss: 1.00709038 Accuracy: Top1: 63.8350%, Top5: 96.8948%
[Epoch 026] Time: 77.6593s | [Train] Loss: 0.89872648 Accuracy: Top1: 67.9664%, Top5: 97.6650% | [Test] Loss: 1.00035536 Accuracy: Top1: 64.0032%, Top5: 97.0134%
[Epoch 027] Time: 77.7998s | [Train] Loss: 0.88679057 Accuracy: Top1: 68.4659%, Top5: 97.7550% | [Test] Loss: 0.99813571 Accuracy: Top1: 64.6559%, Top5: 97.0431%
[Epoch 028] Time: 77.8176s | [Train] Loss: 0.87914997 Accuracy: Top1: 68.7896%, Top5: 97.8129% | [Test] Loss: 0.99782190 Accuracy: Top1: 64.5669%, Top5: 96.9937%
[Epoch 029] Time: 77.9978s | [Train] Loss: 0.87496583 Accuracy: Top1: 68.6877%, Top5: 97.8688% | [Test] Loss: 0.99623033 Accuracy: Top1: 64.7547%, Top5: 97.0728%
[Epoch 030] Time: 77.5037s | [Train] Loss: 0.86081073 Accuracy: Top1: 69.2307%, Top5: 97.8637% | [Test] Loss: 0.99160772 Accuracy: Top1: 64.5965%, Top5: 97.0431%
[Epoch 031] Time: 77.5317s | [Train] Loss: 0.85821438 Accuracy: Top1: 69.3614%, Top5: 97.9364% | [Test] Loss: 0.98865607 Accuracy: Top1: 64.7547%, Top5: 97.2112%
[Epoch 032] Time: 77.7098s | [Train] Loss: 0.85051006 Accuracy: Top1: 69.7211%, Top5: 97.9991% | [Test] Loss: 0.98811397 Accuracy: Top1: 65.3580%, Top5: 97.0332%
[Epoch 033] Time: 77.6505s | [Train] Loss: 0.84705954 Accuracy: Top1: 69.7982%, Top5: 97.9620% | [Test] Loss: 0.98764946 Accuracy: Top1: 65.0910%, Top5: 97.1025%
[Epoch 034] Time: 77.6060s | [Train] Loss: 0.84229853 Accuracy: Top1: 70.1379%, Top5: 98.0107% | [Test] Loss: 0.98167044 Accuracy: Top1: 65.3877%, Top5: 97.1222%
[Epoch 035] Time: 77.5499s | [Train] Loss: 0.83607129 Accuracy: Top1: 70.2797%, Top5: 98.0934% | [Test] Loss: 0.98665481 Accuracy: Top1: 65.1206%, Top5: 97.1222%
[Epoch 036] Time: 77.3712s | [Train] Loss: 0.83072857 Accuracy: Top1: 70.5303%, Top5: 98.0483% | [Test] Loss: 0.98007598 Accuracy: Top1: 65.2987%, Top5: 97.2211%
[Epoch 037] Time: 77.6858s | [Train] Loss: 0.82706368 Accuracy: Top1: 70.5591%, Top5: 98.0806% | [Test] Loss: 0.97927201 Accuracy: Top1: 65.2987%, Top5: 97.2607%
[Epoch 038] Time: 77.5684s | [Train] Loss: 0.82550158 Accuracy: Top1: 70.6574%, Top5: 98.0774% | [Test] Loss: 0.98033357 Accuracy: Top1: 65.4371%, Top5: 97.2805%
[Epoch 039] Time: 77.6805s | [Train] Loss: 0.82060629 Accuracy: Top1: 70.8800%, Top5: 98.1238% | [Test] Loss: 0.97482255 Accuracy: Top1: 65.3085%, Top5: 97.2508%
[Epoch 040] Time: 77.4986s | [Train] Loss: 0.81299632 Accuracy: Top1: 71.3043%, Top5: 98.1006% | [Test] Loss: 0.97631382 Accuracy: Top1: 65.7041%, Top5: 97.3299%
[Epoch 041] Time: 77.8340s | [Train] Loss: 0.81214874 Accuracy: Top1: 71.1129%, Top5: 98.1825% | [Test] Loss: 0.97165506 Accuracy: Top1: 65.5756%, Top5: 97.2805%
[Epoch 042] Time: 77.9122s | [Train] Loss: 0.81210214 Accuracy: Top1: 71.0894%, Top5: 98.2976% | [Test] Loss: 0.97497102 Accuracy: Top1: 65.4470%, Top5: 97.3398%
[Epoch 043] Time: 77.3980s | [Train] Loss: 0.80824825 Accuracy: Top1: 71.3547%, Top5: 98.2637% | [Test] Loss: 0.97087660 Accuracy: Top1: 65.7437%, Top5: 97.2409%
[Epoch 044] Time: 77.3207s | [Train] Loss: 0.80706585 Accuracy: Top1: 71.3419%, Top5: 98.2385% | [Test] Loss: 0.97156666 Accuracy: Top1: 65.7634%, Top5: 97.3002%
[Epoch 045] Time: 77.4737s | [Train] Loss: 0.80580242 Accuracy: Top1: 71.4422%, Top5: 98.2145% | [Test] Loss: 0.97199319 Accuracy: Top1: 65.8129%, Top5: 97.2409%
[Epoch 046] Time: 77.6887s | [Train] Loss: 0.80579466 Accuracy: Top1: 71.3943%, Top5: 98.2497% | [Test] Loss: 0.97184893 Accuracy: Top1: 65.6349%, Top5: 97.3892%
[Epoch 047] Time: 77.5951s | [Train] Loss: 0.80637568 Accuracy: Top1: 71.4047%, Top5: 98.2405% | [Test] Loss: 0.97151554 Accuracy: Top1: 66.0206%, Top5: 97.2607%
[Epoch 048] Time: 77.2440s | [Train] Loss: 0.80501148 Accuracy: Top1: 71.5365%, Top5: 98.2633% | [Test] Loss: 0.97226715 Accuracy: Top1: 65.7437%, Top5: 97.3596%
[Epoch 049] Time: 77.4809s | [Train] Loss: 0.80448097 Accuracy: Top1: 71.4898%, Top5: 98.1666% | [Test] Loss: 0.96990388 Accuracy: Top1: 65.9415%, Top5: 97.3695%
[Epoch 050] Time: 77.3950s | [Train] Loss: 0.80520166 Accuracy: Top1: 71.4774%, Top5: 98.2053% | [Test] Loss: 0.97059103 Accuracy: Top1: 65.7634%, Top5: 97.4881%
Files already downloaded and verified
Files already downloaded and verified
Model: VIT BranchConv
Total Parameters: 6817930
Trainable Parameters: 6817930
   - Trainable Parameters: 6.81793000 M
Model Complexity (Profiler):
   - GFLOPs: 1.98028704
   - Trainable Parameters: 6.81793000 M
[Epoch 001] Time: 62.4185s | [Train] Loss: 1.92259410 Accuracy: Top1: 31.1133%, Top5: 79.6196% | [Test] Loss: 1.72597781 Accuracy: Top1: 38.9537%, Top5: 86.0463%
[Epoch 002] Time: 62.2196s | [Train] Loss: 1.70834442 Accuracy: Top1: 39.6032%, Top5: 86.2928% | [Test] Loss: 1.62469525 Accuracy: Top1: 42.7116%, Top5: 88.2120%
[Epoch 003] Time: 62.0983s | [Train] Loss: 1.61857161 Accuracy: Top1: 42.7761%, Top5: 88.3352% | [Test] Loss: 1.54975624 Accuracy: Top1: 44.7290%, Top5: 89.7844%
[Epoch 004] Time: 62.3069s | [Train] Loss: 1.53247595 Accuracy: Top1: 45.8292%, Top5: 89.9185% | [Test] Loss: 1.46332731 Accuracy: Top1: 47.6859%, Top5: 91.3766%
[Epoch 005] Time: 62.4941s | [Train] Loss: 1.44622494 Accuracy: Top1: 48.4607%, Top5: 91.6340% | [Test] Loss: 1.38945825 Accuracy: Top1: 50.0198%, Top5: 92.7116%
[Epoch 006] Time: 62.3994s | [Train] Loss: 1.38194883 Accuracy: Top1: 50.3716%, Top5: 92.6555% | [Test] Loss: 1.33537433 Accuracy: Top1: 51.9284%, Top5: 93.6412%
[Epoch 007] Time: 62.3758s | [Train] Loss: 1.33124649 Accuracy: Top1: 52.1515%, Top5: 93.5762% | [Test] Loss: 1.29677390 Accuracy: Top1: 53.1843%, Top5: 94.0566%
[Epoch 008] Time: 62.2800s | [Train] Loss: 1.28686162 Accuracy: Top1: 53.5602%, Top5: 94.1468% | [Test] Loss: 1.27431173 Accuracy: Top1: 53.7381%, Top5: 94.5016%
[Epoch 009] Time: 62.5199s | [Train] Loss: 1.25168462 Accuracy: Top1: 54.6172%, Top5: 94.5169% | [Test] Loss: 1.24552171 Accuracy: Top1: 54.7073%, Top5: 94.7785%
[Epoch 010] Time: 62.1517s | [Train] Loss: 1.22138473 Accuracy: Top1: 55.9623%, Top5: 95.0244% | [Test] Loss: 1.22279831 Accuracy: Top1: 55.8149%, Top5: 94.9466%
[Epoch 011] Time: 62.4081s | [Train] Loss: 1.19380129 Accuracy: Top1: 57.2007%, Top5: 95.1562% | [Test] Loss: 1.19773803 Accuracy: Top1: 57.0807%, Top5: 95.2729%
[Epoch 012] Time: 62.4658s | [Train] Loss: 1.16386740 Accuracy: Top1: 58.1957%, Top5: 95.5039% | [Test] Loss: 1.17975095 Accuracy: Top1: 57.6444%, Top5: 95.2927%
[Epoch 013] Time: 62.5245s | [Train] Loss: 1.14022484 Accuracy: Top1: 59.1248%, Top5: 95.7585% | [Test] Loss: 1.15752792 Accuracy: Top1: 58.1586%, Top5: 95.7674%
[Epoch 014] Time: 62.4932s | [Train] Loss: 1.11658880 Accuracy: Top1: 60.1235%, Top5: 95.8923% | [Test] Loss: 1.14269259 Accuracy: Top1: 58.2278%, Top5: 95.8267%
[Epoch 015] Time: 62.5659s | [Train] Loss: 1.09222839 Accuracy: Top1: 61.0398%, Top5: 96.0850% | [Test] Loss: 1.14739863 Accuracy: Top1: 58.9003%, Top5: 95.6784%
[Epoch 016] Time: 62.6085s | [Train] Loss: 1.07537822 Accuracy: Top1: 61.7068%, Top5: 96.1837% | [Test] Loss: 1.12326737 Accuracy: Top1: 59.8299%, Top5: 96.0542%
[Epoch 017] Time: 62.5213s | [Train] Loss: 1.05730221 Accuracy: Top1: 62.2578%, Top5: 96.3883% | [Test] Loss: 1.10228030 Accuracy: Top1: 60.3244%, Top5: 96.2520%
[Epoch 018] Time: 62.6264s | [Train] Loss: 1.03946799 Accuracy: Top1: 62.7598%, Top5: 96.5869% | [Test] Loss: 1.09202711 Accuracy: Top1: 60.6903%, Top5: 96.2915%
[Epoch 019] Time: 62.4120s | [Train] Loss: 1.02401790 Accuracy: Top1: 63.3696%, Top5: 96.7339% | [Test] Loss: 1.08891821 Accuracy: Top1: 61.1353%, Top5: 96.3509%
[Epoch 020] Time: 62.6143s | [Train] Loss: 1.00882425 Accuracy: Top1: 63.8223%, Top5: 96.7767% | [Test] Loss: 1.07577393 Accuracy: Top1: 61.2342%, Top5: 96.4102%
[Epoch 021] Time: 62.5249s | [Train] Loss: 0.99477594 Accuracy: Top1: 64.5013%, Top5: 96.9254% | [Test] Loss: 1.07159643 Accuracy: Top1: 61.3726%, Top5: 96.5091%
[Epoch 022] Time: 62.5741s | [Train] Loss: 0.98126660 Accuracy: Top1: 64.9317%, Top5: 97.0924% | [Test] Loss: 1.06353361 Accuracy: Top1: 61.4913%, Top5: 96.5783%
[Epoch 023] Time: 62.4991s | [Train] Loss: 0.97143822 Accuracy: Top1: 65.3932%, Top5: 97.0576% | [Test] Loss: 1.05848290 Accuracy: Top1: 62.2330%, Top5: 96.6278%
[Epoch 024] Time: 62.5460s | [Train] Loss: 0.95890657 Accuracy: Top1: 66.1057%, Top5: 97.1064% | [Test] Loss: 1.05271868 Accuracy: Top1: 62.0154%, Top5: 96.5684%
[Epoch 025] Time: 62.6276s | [Train] Loss: 0.94895368 Accuracy: Top1: 66.3455%, Top5: 97.2291% | [Test] Loss: 1.04000473 Accuracy: Top1: 62.6384%, Top5: 96.7267%
[Epoch 026] Time: 62.4764s | [Train] Loss: 0.93534008 Accuracy: Top1: 66.7879%, Top5: 97.3434% | [Test] Loss: 1.03246301 Accuracy: Top1: 62.9055%, Top5: 96.7069%
[Epoch 027] Time: 62.4422s | [Train] Loss: 0.92624709 Accuracy: Top1: 67.1032%, Top5: 97.4612% | [Test] Loss: 1.03321494 Accuracy: Top1: 62.8956%, Top5: 96.7662%
[Epoch 028] Time: 62.4564s | [Train] Loss: 0.91947573 Accuracy: Top1: 67.2255%, Top5: 97.4652% | [Test] Loss: 1.03133225 Accuracy: Top1: 62.8263%, Top5: 96.8256%
[Epoch 029] Time: 62.5632s | [Train] Loss: 0.91052898 Accuracy: Top1: 67.4860%, Top5: 97.4976% | [Test] Loss: 1.02414972 Accuracy: Top1: 63.4593%, Top5: 96.8256%
[Epoch 030] Time: 62.6111s | [Train] Loss: 0.90217552 Accuracy: Top1: 67.9628%, Top5: 97.5268% | [Test] Loss: 1.02047684 Accuracy: Top1: 63.3604%, Top5: 96.8058%
[Epoch 031] Time: 62.5294s | [Train] Loss: 0.89289900 Accuracy: Top1: 68.2621%, Top5: 97.6227% | [Test] Loss: 1.01616926 Accuracy: Top1: 64.0922%, Top5: 96.8058%
[Epoch 032] Time: 62.6029s | [Train] Loss: 0.88838046 Accuracy: Top1: 68.4375%, Top5: 97.6291% | [Test] Loss: 1.01607583 Accuracy: Top1: 63.8153%, Top5: 96.7267%
[Epoch 033] Time: 62.4786s | [Train] Loss: 0.88286291 Accuracy: Top1: 68.7336%, Top5: 97.6531% | [Test] Loss: 1.01140806 Accuracy: Top1: 64.0526%, Top5: 96.8750%
[Epoch 034] Time: 62.4343s | [Train] Loss: 0.87844185 Accuracy: Top1: 68.9450%, Top5: 97.7422% | [Test] Loss: 1.00836032 Accuracy: Top1: 64.2207%, Top5: 96.9640%
[Epoch 035] Time: 62.4963s | [Train] Loss: 0.87049957 Accuracy: Top1: 68.9962%, Top5: 97.7542% | [Test] Loss: 1.01066576 Accuracy: Top1: 64.0823%, Top5: 96.8552%
[Epoch 036] Time: 62.4773s | [Train] Loss: 0.86514861 Accuracy: Top1: 69.3942%, Top5: 97.7410% | [Test] Loss: 1.00637081 Accuracy: Top1: 64.3295%, Top5: 96.9640%
[Epoch 037] Time: 62.6748s | [Train] Loss: 0.86224457 Accuracy: Top1: 69.5101%, Top5: 97.7641% | [Test] Loss: 1.00326750 Accuracy: Top1: 64.4778%, Top5: 96.8256%
[Epoch 038] Time: 62.6858s | [Train] Loss: 0.85972725 Accuracy: Top1: 69.4889%, Top5: 97.8449% | [Test] Loss: 1.00323846 Accuracy: Top1: 64.3987%, Top5: 96.9541%
[Epoch 039] Time: 62.6244s | [Train] Loss: 0.85848355 Accuracy: Top1: 69.5564%, Top5: 97.8561% | [Test] Loss: 1.00292540 Accuracy: Top1: 64.2801%, Top5: 96.9937%
[Epoch 040] Time: 62.6690s | [Train] Loss: 0.85236050 Accuracy: Top1: 69.7814%, Top5: 97.9516% | [Test] Loss: 1.00185383 Accuracy: Top1: 64.5669%, Top5: 96.9739%
[Epoch 041] Time: 62.3901s | [Train] Loss: 0.85109432 Accuracy: Top1: 69.7778%, Top5: 97.8565% | [Test] Loss: 0.99826301 Accuracy: Top1: 64.5965%, Top5: 97.0530%
[Epoch 042] Time: 62.5175s | [Train] Loss: 0.84596614 Accuracy: Top1: 69.9828%, Top5: 97.9020% | [Test] Loss: 0.99998525 Accuracy: Top1: 64.4778%, Top5: 97.0728%
[Epoch 043] Time: 62.5672s | [Train] Loss: 0.84698485 Accuracy: Top1: 70.0384%, Top5: 97.8736% | [Test] Loss: 0.99835539 Accuracy: Top1: 64.5372%, Top5: 97.0036%
[Epoch 044] Time: 62.7246s | [Train] Loss: 0.84497211 Accuracy: Top1: 69.9616%, Top5: 97.9064% | [Test] Loss: 0.99738479 Accuracy: Top1: 64.7943%, Top5: 96.9541%
[Epoch 045] Time: 62.5652s | [Train] Loss: 0.84391430 Accuracy: Top1: 69.8206%, Top5: 97.8944% | [Test] Loss: 0.99792092 Accuracy: Top1: 64.7547%, Top5: 96.9838%
[Epoch 046] Time: 62.5751s | [Train] Loss: 0.84170396 Accuracy: Top1: 70.0659%, Top5: 97.9620% | [Test] Loss: 0.99801033 Accuracy: Top1: 64.6756%, Top5: 96.9442%
[Epoch 047] Time: 62.3497s | [Train] Loss: 0.84165990 Accuracy: Top1: 70.1339%, Top5: 97.9496% | [Test] Loss: 0.99556227 Accuracy: Top1: 64.8438%, Top5: 97.0530%
[Epoch 048] Time: 62.4484s | [Train] Loss: 0.84188002 Accuracy: Top1: 70.1507%, Top5: 97.9596% | [Test] Loss: 0.99720751 Accuracy: Top1: 64.7053%, Top5: 97.0431%
[Epoch 049] Time: 62.5590s | [Train] Loss: 0.84098727 Accuracy: Top1: 70.3209%, Top5: 97.9895% | [Test] Loss: 0.99720373 Accuracy: Top1: 64.6559%, Top5: 97.0036%
[Epoch 050] Time: 62.6561s | [Train] Loss: 0.84156654 Accuracy: Top1: 70.1003%, Top5: 97.9464% | [Test] Loss: 0.99690797 Accuracy: Top1: 64.8734%, Top5: 97.0629%
Files already downloaded and verified
Files already downloaded and verified
Model: VIT BranchAttention
Total Parameters: 6044938
Trainable Parameters: 6044938
   - Trainable Parameters: 6.04493800 M
Model Complexity (Profiler):
   - GFLOPs: 2.24626541
   - Trainable Parameters: 6.04493800 M
[Epoch 001] Time: 66.5826s | [Train] Loss: 1.98285438 Accuracy: Top1: 27.5484%, Top5: 78.2381% | [Test] Loss: 1.79240318 Accuracy: Top1: 36.2638%, Top5: 84.5827%
[Epoch 002] Time: 66.1540s | [Train] Loss: 1.74530166 Accuracy: Top1: 37.5400%, Top5: 85.7025% | [Test] Loss: 1.61052430 Accuracy: Top1: 42.8105%, Top5: 88.4889%
[Epoch 003] Time: 66.3983s | [Train] Loss: 1.58635181 Accuracy: Top1: 43.2952%, Top5: 89.4805% | [Test] Loss: 1.48318448 Accuracy: Top1: 46.9442%, Top5: 91.6040%
[Epoch 004] Time: 66.4519s | [Train] Loss: 1.49325267 Accuracy: Top1: 45.9315%, Top5: 91.1741% | [Test] Loss: 1.42074988 Accuracy: Top1: 48.2397%, Top5: 92.2369%
[Epoch 005] Time: 66.3049s | [Train] Loss: 1.43056466 Accuracy: Top1: 48.0259%, Top5: 92.2299% | [Test] Loss: 1.38377727 Accuracy: Top1: 49.9011%, Top5: 93.1369%
[Epoch 006] Time: 66.5287s | [Train] Loss: 1.38735962 Accuracy: Top1: 49.5177%, Top5: 92.7857% | [Test] Loss: 1.33996790 Accuracy: Top1: 51.2658%, Top5: 93.4929%
[Epoch 007] Time: 66.2757s | [Train] Loss: 1.34806195 Accuracy: Top1: 51.0734%, Top5: 93.4483% | [Test] Loss: 1.31597577 Accuracy: Top1: 52.1064%, Top5: 93.9972%
[Epoch 008] Time: 66.1621s | [Train] Loss: 1.31822439 Accuracy: Top1: 52.2179%, Top5: 93.7552% | [Test] Loss: 1.31136961 Accuracy: Top1: 52.5218%, Top5: 94.0467%
[Epoch 009] Time: 66.1886s | [Train] Loss: 1.28736508 Accuracy: Top1: 53.1246%, Top5: 94.1596% | [Test] Loss: 1.27220034 Accuracy: Top1: 53.5206%, Top5: 94.3631%
[Epoch 010] Time: 66.1525s | [Train] Loss: 1.25802526 Accuracy: Top1: 54.4997%, Top5: 94.6156% | [Test] Loss: 1.23703332 Accuracy: Top1: 55.1622%, Top5: 94.8378%
[Epoch 011] Time: 66.2230s | [Train] Loss: 1.23553497 Accuracy: Top1: 55.1215%, Top5: 94.8577% | [Test] Loss: 1.21565354 Accuracy: Top1: 55.5281%, Top5: 95.2532%
[Epoch 012] Time: 66.2524s | [Train] Loss: 1.21182720 Accuracy: Top1: 56.1877%, Top5: 95.0631% | [Test] Loss: 1.19519809 Accuracy: Top1: 56.6258%, Top5: 95.3817%
[Epoch 013] Time: 66.3325s | [Train] Loss: 1.18992085 Accuracy: Top1: 57.1859%, Top5: 95.2889% | [Test] Loss: 1.17613694 Accuracy: Top1: 56.7840%, Top5: 95.5696%
[Epoch 014] Time: 66.1551s | [Train] Loss: 1.17013838 Accuracy: Top1: 57.6135%, Top5: 95.5127% | [Test] Loss: 1.15643729 Accuracy: Top1: 58.2674%, Top5: 95.6784%
[Epoch 015] Time: 66.3034s | [Train] Loss: 1.14674294 Accuracy: Top1: 58.6449%, Top5: 95.7537% | [Test] Loss: 1.18415260 Accuracy: Top1: 57.2093%, Top5: 95.3521%
[Epoch 016] Time: 66.3795s | [Train] Loss: 1.13119813 Accuracy: Top1: 58.9522%, Top5: 95.9363% | [Test] Loss: 1.13897413 Accuracy: Top1: 58.6531%, Top5: 96.0047%
[Epoch 017] Time: 66.2320s | [Train] Loss: 1.11318912 Accuracy: Top1: 59.9596%, Top5: 95.9974% | [Test] Loss: 1.12156988 Accuracy: Top1: 59.4541%, Top5: 96.1036%
[Epoch 018] Time: 66.3945s | [Train] Loss: 1.09788351 Accuracy: Top1: 60.2949%, Top5: 96.1797% | [Test] Loss: 1.10208713 Accuracy: Top1: 59.9090%, Top5: 96.2322%
[Epoch 019] Time: 66.1594s | [Train] Loss: 1.08309378 Accuracy: Top1: 60.9994%, Top5: 96.3771% | [Test] Loss: 1.10586569 Accuracy: Top1: 60.0079%, Top5: 96.2816%
[Epoch 020] Time: 66.3786s | [Train] Loss: 1.07086386 Accuracy: Top1: 61.4702%, Top5: 96.4566% | [Test] Loss: 1.07960146 Accuracy: Top1: 60.5815%, Top5: 96.4893%
[Epoch 021] Time: 66.3001s | [Train] Loss: 1.05514207 Accuracy: Top1: 62.0073%, Top5: 96.6424% | [Test] Loss: 1.07662627 Accuracy: Top1: 60.9869%, Top5: 96.4300%
[Epoch 022] Time: 66.4347s | [Train] Loss: 1.04222578 Accuracy: Top1: 62.1599%, Top5: 96.7080% | [Test] Loss: 1.05870162 Accuracy: Top1: 61.8770%, Top5: 96.4003%
[Epoch 023] Time: 66.1187s | [Train] Loss: 1.03476961 Accuracy: Top1: 62.5531%, Top5: 96.6960% | [Test] Loss: 1.04111664 Accuracy: Top1: 62.4506%, Top5: 96.5882%
[Epoch 024] Time: 66.3691s | [Train] Loss: 1.02249865 Accuracy: Top1: 63.0075%, Top5: 96.8534% | [Test] Loss: 1.04867243 Accuracy: Top1: 62.3022%, Top5: 96.7464%
[Epoch 025] Time: 66.2591s | [Train] Loss: 1.01481140 Accuracy: Top1: 63.5790%, Top5: 96.9485% | [Test] Loss: 1.02953198 Accuracy: Top1: 62.5000%, Top5: 96.6377%
[Epoch 026] Time: 66.0218s | [Train] Loss: 0.99912446 Accuracy: Top1: 63.9994%, Top5: 96.9745% | [Test] Loss: 1.02754564 Accuracy: Top1: 62.6384%, Top5: 96.6278%
[Epoch 027] Time: 66.3203s | [Train] Loss: 0.99550137 Accuracy: Top1: 64.1384%, Top5: 97.0145% | [Test] Loss: 1.02035021 Accuracy: Top1: 63.1626%, Top5: 96.6574%
[Epoch 028] Time: 66.1368s | [Train] Loss: 0.98635505 Accuracy: Top1: 64.5612%, Top5: 97.1096% | [Test] Loss: 1.00812783 Accuracy: Top1: 63.3604%, Top5: 96.8354%
[Epoch 029] Time: 66.3408s | [Train] Loss: 0.98038182 Accuracy: Top1: 64.7670%, Top5: 97.1983% | [Test] Loss: 1.00801567 Accuracy: Top1: 63.6274%, Top5: 96.7662%
[Epoch 030] Time: 66.4544s | [Train] Loss: 0.97392767 Accuracy: Top1: 64.9137%, Top5: 97.2083% | [Test] Loss: 1.00600233 Accuracy: Top1: 63.8252%, Top5: 96.8354%
[Epoch 031] Time: 66.4443s | [Train] Loss: 0.96407490 Accuracy: Top1: 65.2046%, Top5: 97.3282% | [Test] Loss: 1.00508491 Accuracy: Top1: 64.0131%, Top5: 96.8157%
[Epoch 032] Time: 66.2883s | [Train] Loss: 0.96023032 Accuracy: Top1: 65.2721%, Top5: 97.2798% | [Test] Loss: 0.99725280 Accuracy: Top1: 63.8548%, Top5: 97.0332%
[Epoch 033] Time: 66.2360s | [Train] Loss: 0.95471250 Accuracy: Top1: 65.6318%, Top5: 97.3533% | [Test] Loss: 0.99166664 Accuracy: Top1: 64.3295%, Top5: 96.9739%
[Epoch 034] Time: 66.2336s | [Train] Loss: 0.94839872 Accuracy: Top1: 66.1641%, Top5: 97.3753% | [Test] Loss: 0.98871476 Accuracy: Top1: 64.2603%, Top5: 97.0728%
[Epoch 035] Time: 66.3257s | [Train] Loss: 0.94692136 Accuracy: Top1: 65.9783%, Top5: 97.4193% | [Test] Loss: 0.99331305 Accuracy: Top1: 64.4482%, Top5: 96.9146%
[Epoch 036] Time: 66.2855s | [Train] Loss: 0.94108746 Accuracy: Top1: 66.3171%, Top5: 97.3553% | [Test] Loss: 0.98684751 Accuracy: Top1: 64.5174%, Top5: 97.0728%
[Epoch 037] Time: 66.2230s | [Train] Loss: 0.93898614 Accuracy: Top1: 66.1905%, Top5: 97.4333% | [Test] Loss: 0.98127501 Accuracy: Top1: 64.7745%, Top5: 96.9442%
[Epoch 038] Time: 66.4745s | [Train] Loss: 0.93248863 Accuracy: Top1: 66.5949%, Top5: 97.5088% | [Test] Loss: 0.98322310 Accuracy: Top1: 64.4680%, Top5: 96.9937%
[Epoch 039] Time: 66.3698s | [Train] Loss: 0.93340672 Accuracy: Top1: 66.3959%, Top5: 97.4780% | [Test] Loss: 0.97969883 Accuracy: Top1: 64.8042%, Top5: 97.1321%
[Epoch 040] Time: 66.2999s | [Train] Loss: 0.92829860 Accuracy: Top1: 66.7327%, Top5: 97.5939% | [Test] Loss: 0.97871772 Accuracy: Top1: 64.8141%, Top5: 97.1519%
[Epoch 041] Time: 66.2674s | [Train] Loss: 0.92626504 Accuracy: Top1: 66.6832%, Top5: 97.5859% | [Test] Loss: 0.97621158 Accuracy: Top1: 64.6855%, Top5: 97.1519%
[Epoch 042] Time: 66.2703s | [Train] Loss: 0.92586188 Accuracy: Top1: 66.8422%, Top5: 97.4852% | [Test] Loss: 0.97731385 Accuracy: Top1: 64.8635%, Top5: 97.1618%
[Epoch 043] Time: 66.0922s | [Train] Loss: 0.92461688 Accuracy: Top1: 66.7028%, Top5: 97.5120% | [Test] Loss: 0.97342045 Accuracy: Top1: 65.0218%, Top5: 97.1025%
[Epoch 044] Time: 66.2147s | [Train] Loss: 0.92194510 Accuracy: Top1: 66.9701%, Top5: 97.5583% | [Test] Loss: 0.97241670 Accuracy: Top1: 64.7745%, Top5: 97.1321%
[Epoch 045] Time: 66.5186s | [Train] Loss: 0.92106443 Accuracy: Top1: 67.1116%, Top5: 97.5691% | [Test] Loss: 0.97365024 Accuracy: Top1: 64.7745%, Top5: 97.1222%
[Epoch 046] Time: 66.3767s | [Train] Loss: 0.91766023 Accuracy: Top1: 67.0213%, Top5: 97.6343% | [Test] Loss: 0.97283555 Accuracy: Top1: 64.9426%, Top5: 97.1816%
[Epoch 047] Time: 66.4506s | [Train] Loss: 0.91707745 Accuracy: Top1: 67.1995%, Top5: 97.5911% | [Test] Loss: 0.97142861 Accuracy: Top1: 64.7053%, Top5: 97.1915%
[Epoch 048] Time: 66.3568s | [Train] Loss: 0.91997947 Accuracy: Top1: 67.1232%, Top5: 97.5088% | [Test] Loss: 0.97166847 Accuracy: Top1: 64.9229%, Top5: 97.1420%
[Epoch 049] Time: 66.3633s | [Train] Loss: 0.91849973 Accuracy: Top1: 66.9002%, Top5: 97.5280% | [Test] Loss: 0.97125876 Accuracy: Top1: 65.0811%, Top5: 97.1915%
[Epoch 050] Time: 66.4258s | [Train] Loss: 0.91769539 Accuracy: Top1: 67.1731%, Top5: 97.6926% | [Test] Loss: 0.97157236 Accuracy: Top1: 64.8339%, Top5: 97.1816%
