Files already downloaded and verified
Files already downloaded and verified
Model: VIT ConvNNAttention
Total Parameters: 7260298
Trainable Parameters: 7260298
   - Trainable Parameters: 7.26029800 M
Model Complexity (Profiler):
   - GFLOPs: 2.33091552
   - Trainable Parameters: 7.26029800 M
[Epoch 001] Time: 65.8499s | [Train] Loss: 1.93040342 Accuracy: Top1: 30.6354%, Top5: 79.7227% | [Test] Loss: 1.72647197 Accuracy: Top1: 38.9438%, Top5: 86.0067%
[Epoch 002] Time: 65.9175s | [Train] Loss: 1.69940846 Accuracy: Top1: 39.8418%, Top5: 86.5981% | [Test] Loss: 1.59401843 Accuracy: Top1: 43.6116%, Top5: 88.5384%
[Epoch 003] Time: 66.2517s | [Train] Loss: 1.58895047 Accuracy: Top1: 43.8135%, Top5: 88.8775% | [Test] Loss: 1.50783974 Accuracy: Top1: 46.2520%, Top5: 90.6843%
[Epoch 004] Time: 66.3755s | [Train] Loss: 1.50046544 Accuracy: Top1: 46.7971%, Top5: 90.4719% | [Test] Loss: 1.43205387 Accuracy: Top1: 48.5858%, Top5: 91.8018%
[Epoch 005] Time: 66.4035s | [Train] Loss: 1.42719434 Accuracy: Top1: 48.9562%, Top5: 91.9533% | [Test] Loss: 1.37299856 Accuracy: Top1: 50.7516%, Top5: 92.7413%
[Epoch 006] Time: 66.4552s | [Train] Loss: 1.37123661 Accuracy: Top1: 50.7457%, Top5: 92.8341% | [Test] Loss: 1.33366107 Accuracy: Top1: 52.1657%, Top5: 93.3544%
[Epoch 007] Time: 66.4597s | [Train] Loss: 1.32614945 Accuracy: Top1: 52.4461%, Top5: 93.4243% | [Test] Loss: 1.30573787 Accuracy: Top1: 52.6998%, Top5: 93.7599%
[Epoch 008] Time: 66.4598s | [Train] Loss: 1.28768952 Accuracy: Top1: 53.8016%, Top5: 94.1268% | [Test] Loss: 1.27299140 Accuracy: Top1: 53.8271%, Top5: 94.2247%
[Epoch 009] Time: 66.4392s | [Train] Loss: 1.25153577 Accuracy: Top1: 55.0999%, Top5: 94.4401% | [Test] Loss: 1.25074946 Accuracy: Top1: 54.7765%, Top5: 94.7884%
[Epoch 010] Time: 66.5009s | [Train] Loss: 1.22248725 Accuracy: Top1: 55.9515%, Top5: 94.7834% | [Test] Loss: 1.22471519 Accuracy: Top1: 55.2413%, Top5: 94.7587%
[Epoch 011] Time: 66.5435s | [Train] Loss: 1.19621643 Accuracy: Top1: 56.8119%, Top5: 95.2138% | [Test] Loss: 1.20521621 Accuracy: Top1: 56.4478%, Top5: 94.9565%
[Epoch 012] Time: 66.5835s | [Train] Loss: 1.17147729 Accuracy: Top1: 57.8085%, Top5: 95.3105% | [Test] Loss: 1.18433953 Accuracy: Top1: 57.1994%, Top5: 95.2828%
[Epoch 013] Time: 66.5367s | [Train] Loss: 1.14891877 Accuracy: Top1: 58.7016%, Top5: 95.7049% | [Test] Loss: 1.16954557 Accuracy: Top1: 57.4268%, Top5: 95.4015%
[Epoch 014] Time: 66.8123s | [Train] Loss: 1.12599771 Accuracy: Top1: 59.6711%, Top5: 95.9303% | [Test] Loss: 1.15115310 Accuracy: Top1: 58.3762%, Top5: 95.5498%
[Epoch 015] Time: 66.6519s | [Train] Loss: 1.10359627 Accuracy: Top1: 60.5850%, Top5: 96.0110% | [Test] Loss: 1.15101911 Accuracy: Top1: 58.2377%, Top5: 95.9355%
[Epoch 016] Time: 66.3519s | [Train] Loss: 1.08619926 Accuracy: Top1: 61.1805%, Top5: 96.2132% | [Test] Loss: 1.13754117 Accuracy: Top1: 59.0487%, Top5: 95.8762%
[Epoch 017] Time: 66.6920s | [Train] Loss: 1.06975030 Accuracy: Top1: 61.9210%, Top5: 96.3239% | [Test] Loss: 1.11145376 Accuracy: Top1: 60.1068%, Top5: 95.9850%
[Epoch 018] Time: 66.6828s | [Train] Loss: 1.05392100 Accuracy: Top1: 62.1939%, Top5: 96.4358% | [Test] Loss: 1.10864336 Accuracy: Top1: 59.9288%, Top5: 96.0740%
[Epoch 019] Time: 66.5405s | [Train] Loss: 1.03598008 Accuracy: Top1: 63.0007%, Top5: 96.6500% | [Test] Loss: 1.10818004 Accuracy: Top1: 60.1167%, Top5: 96.0839%
[Epoch 020] Time: 66.6752s | [Train] Loss: 1.02189344 Accuracy: Top1: 63.3776%, Top5: 96.7555% | [Test] Loss: 1.08682977 Accuracy: Top1: 61.2540%, Top5: 96.2816%
[Epoch 021] Time: 66.8092s | [Train] Loss: 1.00493135 Accuracy: Top1: 64.1944%, Top5: 96.8091% | [Test] Loss: 1.08480912 Accuracy: Top1: 61.0661%, Top5: 96.3212%
[Epoch 022] Time: 66.5142s | [Train] Loss: 0.99345741 Accuracy: Top1: 64.7339%, Top5: 96.9405% | [Test] Loss: 1.06962616 Accuracy: Top1: 61.6891%, Top5: 96.3805%
[Epoch 023] Time: 66.6820s | [Train] Loss: 0.98101121 Accuracy: Top1: 64.9656%, Top5: 97.0616% | [Test] Loss: 1.05655988 Accuracy: Top1: 62.0748%, Top5: 96.5487%
[Epoch 024] Time: 66.5333s | [Train] Loss: 0.96670287 Accuracy: Top1: 65.5998%, Top5: 97.1475% | [Test] Loss: 1.05771561 Accuracy: Top1: 61.9858%, Top5: 96.5091%
[Epoch 025] Time: 66.7173s | [Train] Loss: 0.95875328 Accuracy: Top1: 65.9247%, Top5: 97.1771% | [Test] Loss: 1.04827721 Accuracy: Top1: 62.3022%, Top5: 96.5882%
[Epoch 026] Time: 66.6965s | [Train] Loss: 0.94741273 Accuracy: Top1: 66.0286%, Top5: 97.3094% | [Test] Loss: 1.04459094 Accuracy: Top1: 62.4604%, Top5: 96.7069%
[Epoch 027] Time: 66.5308s | [Train] Loss: 0.93949610 Accuracy: Top1: 66.5189%, Top5: 97.3921% | [Test] Loss: 1.04410773 Accuracy: Top1: 62.4901%, Top5: 96.7464%
[Epoch 028] Time: 66.7314s | [Train] Loss: 0.92904568 Accuracy: Top1: 66.8238%, Top5: 97.4520% | [Test] Loss: 1.03920490 Accuracy: Top1: 62.6681%, Top5: 96.6377%
[Epoch 029] Time: 66.6256s | [Train] Loss: 0.92258750 Accuracy: Top1: 67.0241%, Top5: 97.5240% | [Test] Loss: 1.03724083 Accuracy: Top1: 63.1527%, Top5: 96.7563%
[Epoch 030] Time: 66.7920s | [Train] Loss: 0.91408004 Accuracy: Top1: 67.3577%, Top5: 97.5028% | [Test] Loss: 1.02722717 Accuracy: Top1: 63.2219%, Top5: 96.8354%
[Epoch 031] Time: 66.5971s | [Train] Loss: 0.90790063 Accuracy: Top1: 67.6067%, Top5: 97.6059% | [Test] Loss: 1.02837445 Accuracy: Top1: 63.0538%, Top5: 96.7662%
[Epoch 032] Time: 66.5992s | [Train] Loss: 0.90086408 Accuracy: Top1: 67.8792%, Top5: 97.5759% | [Test] Loss: 1.02520506 Accuracy: Top1: 63.2516%, Top5: 96.8453%
[Epoch 033] Time: 66.5148s | [Train] Loss: 0.89521730 Accuracy: Top1: 67.8896%, Top5: 97.6291% | [Test] Loss: 1.01629976 Accuracy: Top1: 64.0427%, Top5: 96.7860%
[Epoch 034] Time: 66.4554s | [Train] Loss: 0.88796019 Accuracy: Top1: 68.2001%, Top5: 97.8009% | [Test] Loss: 1.01802996 Accuracy: Top1: 64.1021%, Top5: 96.8256%
[Epoch 035] Time: 66.6400s | [Train] Loss: 0.88416047 Accuracy: Top1: 68.5450%, Top5: 97.8009% | [Test] Loss: 1.01907244 Accuracy: Top1: 63.7263%, Top5: 96.7959%
[Epoch 036] Time: 66.5629s | [Train] Loss: 0.88025896 Accuracy: Top1: 68.6525%, Top5: 97.7510% | [Test] Loss: 1.01401171 Accuracy: Top1: 64.1713%, Top5: 97.0233%
[Epoch 037] Time: 66.5586s | [Train] Loss: 0.87177708 Accuracy: Top1: 68.7768%, Top5: 97.8680% | [Test] Loss: 1.01228795 Accuracy: Top1: 64.4680%, Top5: 97.0036%
[Epoch 038] Time: 66.4673s | [Train] Loss: 0.86830169 Accuracy: Top1: 68.9998%, Top5: 97.8565% | [Test] Loss: 1.01097427 Accuracy: Top1: 63.9438%, Top5: 96.9640%
[Epoch 039] Time: 66.5851s | [Train] Loss: 0.87002182 Accuracy: Top1: 69.0425%, Top5: 97.8920% | [Test] Loss: 1.01091001 Accuracy: Top1: 64.4284%, Top5: 96.9937%
[Epoch 040] Time: 66.5889s | [Train] Loss: 0.86623436 Accuracy: Top1: 69.2559%, Top5: 97.9260% | [Test] Loss: 1.00658536 Accuracy: Top1: 64.2801%, Top5: 97.0134%
[Epoch 041] Time: 66.6110s | [Train] Loss: 0.86203040 Accuracy: Top1: 69.3898%, Top5: 97.9596% | [Test] Loss: 1.01113311 Accuracy: Top1: 64.3394%, Top5: 96.9739%
[Epoch 042] Time: 66.7153s | [Train] Loss: 0.85987519 Accuracy: Top1: 69.2184%, Top5: 97.8760% | [Test] Loss: 1.00886328 Accuracy: Top1: 63.9241%, Top5: 96.9640%
[Epoch 043] Time: 66.5087s | [Train] Loss: 0.85798888 Accuracy: Top1: 69.5432%, Top5: 97.8976% | [Test] Loss: 1.00663196 Accuracy: Top1: 64.3097%, Top5: 96.9937%
[Epoch 044] Time: 66.6873s | [Train] Loss: 0.85689101 Accuracy: Top1: 69.3790%, Top5: 97.9684% | [Test] Loss: 1.00602909 Accuracy: Top1: 64.3691%, Top5: 97.0233%
[Epoch 045] Time: 66.7598s | [Train] Loss: 0.85476474 Accuracy: Top1: 69.3103%, Top5: 97.9516% | [Test] Loss: 1.00631626 Accuracy: Top1: 64.4581%, Top5: 97.0728%
[Epoch 046] Time: 66.7118s | [Train] Loss: 0.85787480 Accuracy: Top1: 69.5376%, Top5: 97.9148% | [Test] Loss: 1.00817423 Accuracy: Top1: 64.1911%, Top5: 96.9442%
[Epoch 047] Time: 66.6712s | [Train] Loss: 0.85304834 Accuracy: Top1: 69.4653%, Top5: 97.9448% | [Test] Loss: 1.00530741 Accuracy: Top1: 64.3196%, Top5: 97.0332%
[Epoch 048] Time: 66.4040s | [Train] Loss: 0.85393336 Accuracy: Top1: 69.7063%, Top5: 97.9204% | [Test] Loss: 1.00570567 Accuracy: Top1: 64.5471%, Top5: 97.1420%
[Epoch 049] Time: 66.4921s | [Train] Loss: 0.85283059 Accuracy: Top1: 69.6252%, Top5: 97.9648% | [Test] Loss: 1.00549285 Accuracy: Top1: 64.4680%, Top5: 97.0036%
[Epoch 050] Time: 66.5957s | [Train] Loss: 0.85375355 Accuracy: Top1: 69.5404%, Top5: 97.9424% | [Test] Loss: 1.00642860 Accuracy: Top1: 64.3196%, Top5: 97.0926%
Files already downloaded and verified
Files already downloaded and verified
Model: VIT ConvNNAttention
Total Parameters: 12568714
Trainable Parameters: 12568714
   - Trainable Parameters: 12.56871400 M
Model Complexity (Profiler):
   - GFLOPs: 2.33636218
   - Trainable Parameters: 12.56871400 M
[Epoch 001] Time: 93.6805s | [Train] Loss: 1.86003963 Accuracy: Top1: 33.6269%, Top5: 81.3531% | [Test] Loss: 1.64522954 Accuracy: Top1: 41.5348%, Top5: 87.7868%
[Epoch 002] Time: 93.7638s | [Train] Loss: 1.62288969 Accuracy: Top1: 42.8149%, Top5: 88.2117% | [Test] Loss: 1.50827165 Accuracy: Top1: 46.3805%, Top5: 90.6744%
[Epoch 003] Time: 93.7261s | [Train] Loss: 1.48611354 Accuracy: Top1: 47.2402%, Top5: 90.8967% | [Test] Loss: 1.39304874 Accuracy: Top1: 50.2077%, Top5: 92.7809%
[Epoch 004] Time: 93.8208s | [Train] Loss: 1.38312271 Accuracy: Top1: 50.7281%, Top5: 92.7206% | [Test] Loss: 1.32306468 Accuracy: Top1: 52.3339%, Top5: 93.7203%
[Epoch 005] Time: 93.3296s | [Train] Loss: 1.31665397 Accuracy: Top1: 52.8073%, Top5: 93.6457% | [Test] Loss: 1.27714222 Accuracy: Top1: 53.8370%, Top5: 94.4521%
[Epoch 006] Time: 93.7129s | [Train] Loss: 1.27691293 Accuracy: Top1: 53.9710%, Top5: 94.2008% | [Test] Loss: 1.24414296 Accuracy: Top1: 55.8347%, Top5: 94.6499%
[Epoch 007] Time: 93.4418s | [Train] Loss: 1.23417055 Accuracy: Top1: 55.4951%, Top5: 94.9041% | [Test] Loss: 1.22798534 Accuracy: Top1: 55.7456%, Top5: 94.9169%
[Epoch 008] Time: 93.3410s | [Train] Loss: 1.20202953 Accuracy: Top1: 56.5385%, Top5: 95.1183% | [Test] Loss: 1.21292494 Accuracy: Top1: 56.5170%, Top5: 94.9268%
[Epoch 009] Time: 93.5815s | [Train] Loss: 1.16703458 Accuracy: Top1: 58.0159%, Top5: 95.4556% | [Test] Loss: 1.17706231 Accuracy: Top1: 57.8521%, Top5: 95.3323%
[Epoch 010] Time: 93.6481s | [Train] Loss: 1.13966175 Accuracy: Top1: 59.1580%, Top5: 95.6829% | [Test] Loss: 1.14455786 Accuracy: Top1: 58.8212%, Top5: 95.5400%
[Epoch 011] Time: 93.6408s | [Train] Loss: 1.11484320 Accuracy: Top1: 59.8977%, Top5: 95.8524% | [Test] Loss: 1.12954657 Accuracy: Top1: 59.6222%, Top5: 95.8366%
[Epoch 012] Time: 93.7302s | [Train] Loss: 1.08603912 Accuracy: Top1: 60.8696%, Top5: 96.3063% | [Test] Loss: 1.11544805 Accuracy: Top1: 59.9585%, Top5: 95.8861%
[Epoch 013] Time: 93.8553s | [Train] Loss: 1.06838822 Accuracy: Top1: 61.6876%, Top5: 96.3255% | [Test] Loss: 1.10018849 Accuracy: Top1: 60.3936%, Top5: 95.9850%
[Epoch 014] Time: 93.5188s | [Train] Loss: 1.04534224 Accuracy: Top1: 62.5092%, Top5: 96.4990% | [Test] Loss: 1.08118855 Accuracy: Top1: 61.6199%, Top5: 96.2915%
[Epoch 015] Time: 93.7357s | [Train] Loss: 1.02611165 Accuracy: Top1: 63.4211%, Top5: 96.7475% | [Test] Loss: 1.09598364 Accuracy: Top1: 61.2638%, Top5: 95.9553%
[Epoch 016] Time: 93.6664s | [Train] Loss: 1.00574193 Accuracy: Top1: 63.9690%, Top5: 96.8970% | [Test] Loss: 1.07134806 Accuracy: Top1: 61.9858%, Top5: 96.2223%
[Epoch 017] Time: 93.7676s | [Train] Loss: 0.98621748 Accuracy: Top1: 64.5756%, Top5: 96.9741% | [Test] Loss: 1.04723141 Accuracy: Top1: 63.1626%, Top5: 96.4300%
[Epoch 018] Time: 93.7332s | [Train] Loss: 0.97025377 Accuracy: Top1: 65.1678%, Top5: 97.1859% | [Test] Loss: 1.04375531 Accuracy: Top1: 63.5186%, Top5: 96.4695%
[Epoch 019] Time: 93.5377s | [Train] Loss: 0.95639795 Accuracy: Top1: 65.9343%, Top5: 97.2095% | [Test] Loss: 1.06255814 Accuracy: Top1: 62.3319%, Top5: 96.4399%
[Epoch 020] Time: 93.9863s | [Train] Loss: 0.93939254 Accuracy: Top1: 66.5006%, Top5: 97.4001% | [Test] Loss: 1.03936616 Accuracy: Top1: 63.2021%, Top5: 96.5487%
[Epoch 021] Time: 93.8782s | [Train] Loss: 0.92450416 Accuracy: Top1: 67.0492%, Top5: 97.5200% | [Test] Loss: 1.02862028 Accuracy: Top1: 63.6175%, Top5: 96.6475%
[Epoch 022] Time: 93.4933s | [Train] Loss: 0.91704102 Accuracy: Top1: 67.1971%, Top5: 97.4784% | [Test] Loss: 1.01622618 Accuracy: Top1: 63.9438%, Top5: 96.6179%
[Epoch 023] Time: 93.6871s | [Train] Loss: 0.89888410 Accuracy: Top1: 67.8704%, Top5: 97.5871% | [Test] Loss: 1.00221943 Accuracy: Top1: 64.9229%, Top5: 96.7366%
[Epoch 024] Time: 93.6527s | [Train] Loss: 0.88648460 Accuracy: Top1: 68.3911%, Top5: 97.6930% | [Test] Loss: 1.00683378 Accuracy: Top1: 64.7547%, Top5: 96.9937%
[Epoch 025] Time: 93.6305s | [Train] Loss: 0.87271118 Accuracy: Top1: 68.7480%, Top5: 97.8289% | [Test] Loss: 0.98930222 Accuracy: Top1: 65.1602%, Top5: 97.0134%
[Epoch 026] Time: 93.6634s | [Train] Loss: 0.86643809 Accuracy: Top1: 69.1676%, Top5: 97.9288% | [Test] Loss: 1.00140847 Accuracy: Top1: 64.7053%, Top5: 96.7860%
[Epoch 027] Time: 93.6532s | [Train] Loss: 0.85352697 Accuracy: Top1: 69.5848%, Top5: 98.0147% | [Test] Loss: 0.98394143 Accuracy: Top1: 65.4173%, Top5: 96.9244%
[Epoch 028] Time: 93.4501s | [Train] Loss: 0.84514661 Accuracy: Top1: 69.9600%, Top5: 97.9735% | [Test] Loss: 0.97521050 Accuracy: Top1: 66.0305%, Top5: 97.0629%
[Epoch 029] Time: 93.5367s | [Train] Loss: 0.83568080 Accuracy: Top1: 70.2605%, Top5: 98.0403% | [Test] Loss: 0.98217431 Accuracy: Top1: 65.8030%, Top5: 97.2607%
[Epoch 030] Time: 93.4409s | [Train] Loss: 0.83145247 Accuracy: Top1: 70.4216%, Top5: 97.9943% | [Test] Loss: 0.97113203 Accuracy: Top1: 66.1392%, Top5: 97.1420%
[Epoch 031] Time: 93.7510s | [Train] Loss: 0.82100965 Accuracy: Top1: 70.8500%, Top5: 98.1154% | [Test] Loss: 0.97469331 Accuracy: Top1: 66.4062%, Top5: 96.8552%
[Epoch 032] Time: 93.6609s | [Train] Loss: 0.81554165 Accuracy: Top1: 70.9403%, Top5: 98.1750% | [Test] Loss: 0.97338232 Accuracy: Top1: 65.9810%, Top5: 96.9640%
[Epoch 033] Time: 93.7613s | [Train] Loss: 0.80729093 Accuracy: Top1: 71.3755%, Top5: 98.1746% | [Test] Loss: 0.97402967 Accuracy: Top1: 65.9316%, Top5: 97.0827%
[Epoch 034] Time: 93.6033s | [Train] Loss: 0.80218566 Accuracy: Top1: 71.2756%, Top5: 98.2485% | [Test] Loss: 0.97175746 Accuracy: Top1: 66.2876%, Top5: 97.0728%
[Epoch 035] Time: 93.6398s | [Train] Loss: 0.79568551 Accuracy: Top1: 71.5981%, Top5: 98.2421% | [Test] Loss: 0.96855950 Accuracy: Top1: 66.2777%, Top5: 97.1618%
[Epoch 036] Time: 93.6127s | [Train] Loss: 0.78770173 Accuracy: Top1: 71.9022%, Top5: 98.2557% | [Test] Loss: 0.97079741 Accuracy: Top1: 66.3568%, Top5: 97.1222%
[Epoch 037] Time: 93.8602s | [Train] Loss: 0.78308434 Accuracy: Top1: 72.2530%, Top5: 98.3316% | [Test] Loss: 0.96519918 Accuracy: Top1: 66.8216%, Top5: 97.2013%
[Epoch 038] Time: 93.5303s | [Train] Loss: 0.78025745 Accuracy: Top1: 72.2275%, Top5: 98.3572% | [Test] Loss: 0.96777832 Accuracy: Top1: 66.8809%, Top5: 97.0728%
[Epoch 039] Time: 93.7535s | [Train] Loss: 0.77609191 Accuracy: Top1: 72.2798%, Top5: 98.3975% | [Test] Loss: 0.96589204 Accuracy: Top1: 66.7623%, Top5: 97.1816%
[Epoch 040] Time: 93.6653s | [Train] Loss: 0.77257443 Accuracy: Top1: 72.2395%, Top5: 98.4579% | [Test] Loss: 0.96505142 Accuracy: Top1: 66.8315%, Top5: 97.0827%
[Epoch 041] Time: 93.7861s | [Train] Loss: 0.76996960 Accuracy: Top1: 72.5344%, Top5: 98.4503% | [Test] Loss: 0.96434842 Accuracy: Top1: 66.7524%, Top5: 97.0530%
[Epoch 042] Time: 93.8065s | [Train] Loss: 0.77040524 Accuracy: Top1: 72.5356%, Top5: 98.3792% | [Test] Loss: 0.96211381 Accuracy: Top1: 66.8216%, Top5: 97.1025%
[Epoch 043] Time: 93.6172s | [Train] Loss: 0.76636695 Accuracy: Top1: 72.8712%, Top5: 98.4555% | [Test] Loss: 0.96274280 Accuracy: Top1: 66.9106%, Top5: 97.0530%
[Epoch 044] Time: 93.7704s | [Train] Loss: 0.76641053 Accuracy: Top1: 72.5324%, Top5: 98.4315% | [Test] Loss: 0.96133361 Accuracy: Top1: 66.5941%, Top5: 97.2013%
[Epoch 045] Time: 93.5955s | [Train] Loss: 0.76516367 Accuracy: Top1: 72.7657%, Top5: 98.4763% | [Test] Loss: 0.96178937 Accuracy: Top1: 66.7524%, Top5: 97.1717%
[Epoch 046] Time: 93.6621s | [Train] Loss: 0.76327987 Accuracy: Top1: 72.7845%, Top5: 98.4495% | [Test] Loss: 0.96437062 Accuracy: Top1: 66.7128%, Top5: 97.0827%
[Epoch 047] Time: 93.4447s | [Train] Loss: 0.76057843 Accuracy: Top1: 72.9060%, Top5: 98.4671% | [Test] Loss: 0.96312195 Accuracy: Top1: 66.6139%, Top5: 97.2409%
[Epoch 048] Time: 93.7086s | [Train] Loss: 0.75884375 Accuracy: Top1: 73.1050%, Top5: 98.4759% | [Test] Loss: 0.96460971 Accuracy: Top1: 66.7919%, Top5: 97.3002%
[Epoch 049] Time: 93.6839s | [Train] Loss: 0.76393394 Accuracy: Top1: 72.7625%, Top5: 98.4463% | [Test] Loss: 0.96154182 Accuracy: Top1: 66.8809%, Top5: 97.2607%
[Epoch 050] Time: 93.5915s | [Train] Loss: 0.76016865 Accuracy: Top1: 72.9528%, Top5: 98.4699% | [Test] Loss: 0.96124739 Accuracy: Top1: 66.7722%, Top5: 97.2805%
Files already downloaded and verified
Files already downloaded and verified
Model: VIT ConvNNAttention
Total Parameters: 16550026
Trainable Parameters: 16550026
   - Trainable Parameters: 16.55002600 M
Model Complexity (Profiler):
   - GFLOPs: 2.34044717
   - Trainable Parameters: 16.55002600 M
[Epoch 001] Time: 115.3803s | [Train] Loss: 1.85055938 Accuracy: Top1: 34.2144%, Top5: 81.6624% | [Test] Loss: 1.62839929 Accuracy: Top1: 42.1084%, Top5: 87.8857%
[Epoch 002] Time: 115.1275s | [Train] Loss: 1.58772943 Accuracy: Top1: 43.9110%, Top5: 88.8115% | [Test] Loss: 1.45994740 Accuracy: Top1: 47.7057%, Top5: 91.3667%
[Epoch 003] Time: 115.0939s | [Train] Loss: 1.43931175 Accuracy: Top1: 48.5066%, Top5: 91.7515% | [Test] Loss: 1.36112929 Accuracy: Top1: 50.9593%, Top5: 93.3149%
[Epoch 004] Time: 115.0455s | [Train] Loss: 1.35023509 Accuracy: Top1: 51.4015%, Top5: 93.2561% | [Test] Loss: 1.29319990 Accuracy: Top1: 52.8877%, Top5: 94.0862%
[Epoch 005] Time: 115.0788s | [Train] Loss: 1.29081366 Accuracy: Top1: 53.6521%, Top5: 93.9574% | [Test] Loss: 1.26632934 Accuracy: Top1: 53.9755%, Top5: 94.6499%
[Epoch 006] Time: 115.2611s | [Train] Loss: 1.24929851 Accuracy: Top1: 55.1435%, Top5: 94.5736% | [Test] Loss: 1.23477862 Accuracy: Top1: 55.4094%, Top5: 94.7290%
[Epoch 007] Time: 115.0110s | [Train] Loss: 1.20843212 Accuracy: Top1: 56.5034%, Top5: 94.9488% | [Test] Loss: 1.20795518 Accuracy: Top1: 56.7148%, Top5: 95.1444%
[Epoch 008] Time: 115.1657s | [Train] Loss: 1.17528597 Accuracy: Top1: 57.8025%, Top5: 95.4436% | [Test] Loss: 1.18299497 Accuracy: Top1: 57.3081%, Top5: 95.3026%
[Epoch 009] Time: 114.8134s | [Train] Loss: 1.14159265 Accuracy: Top1: 59.1240%, Top5: 95.7509% | [Test] Loss: 1.16045086 Accuracy: Top1: 58.2476%, Top5: 95.6290%
[Epoch 010] Time: 115.0942s | [Train] Loss: 1.11606002 Accuracy: Top1: 59.9365%, Top5: 95.9571% | [Test] Loss: 1.13196132 Accuracy: Top1: 59.0882%, Top5: 95.9553%
[Epoch 011] Time: 115.0204s | [Train] Loss: 1.08992762 Accuracy: Top1: 61.0774%, Top5: 96.2136% | [Test] Loss: 1.10698390 Accuracy: Top1: 60.1562%, Top5: 96.1234%
[Epoch 012] Time: 114.9493s | [Train] Loss: 1.06301585 Accuracy: Top1: 61.9465%, Top5: 96.5277% | [Test] Loss: 1.09804903 Accuracy: Top1: 60.5617%, Top5: 96.1630%
[Epoch 013] Time: 114.8146s | [Train] Loss: 1.04520078 Accuracy: Top1: 62.3877%, Top5: 96.6536% | [Test] Loss: 1.08588292 Accuracy: Top1: 60.7694%, Top5: 96.1531%
[Epoch 014] Time: 115.3126s | [Train] Loss: 1.02457293 Accuracy: Top1: 63.0031%, Top5: 96.8015% | [Test] Loss: 1.07496349 Accuracy: Top1: 61.4122%, Top5: 96.5585%
[Epoch 015] Time: 114.9498s | [Train] Loss: 1.00547839 Accuracy: Top1: 63.9518%, Top5: 97.0165% | [Test] Loss: 1.08082159 Accuracy: Top1: 61.6693%, Top5: 96.3904%
[Epoch 016] Time: 115.2216s | [Train] Loss: 0.98450056 Accuracy: Top1: 64.9173%, Top5: 97.1655% | [Test] Loss: 1.05327734 Accuracy: Top1: 62.6088%, Top5: 96.4695%
[Epoch 017] Time: 115.2488s | [Train] Loss: 0.96441768 Accuracy: Top1: 65.3093%, Top5: 97.3202% | [Test] Loss: 1.03773033 Accuracy: Top1: 63.5878%, Top5: 96.6772%
[Epoch 018] Time: 115.0292s | [Train] Loss: 0.95196952 Accuracy: Top1: 65.8288%, Top5: 97.4025% | [Test] Loss: 1.04346587 Accuracy: Top1: 63.0736%, Top5: 96.7168%
[Epoch 019] Time: 114.9727s | [Train] Loss: 0.93107141 Accuracy: Top1: 66.7275%, Top5: 97.4844% | [Test] Loss: 1.05187103 Accuracy: Top1: 63.1131%, Top5: 96.6871%
[Epoch 020] Time: 114.9941s | [Train] Loss: 0.91842136 Accuracy: Top1: 67.1703%, Top5: 97.6027% | [Test] Loss: 1.02184892 Accuracy: Top1: 63.8153%, Top5: 96.9244%
[Epoch 021] Time: 115.0954s | [Train] Loss: 0.90612505 Accuracy: Top1: 67.5312%, Top5: 97.7178% | [Test] Loss: 1.02096678 Accuracy: Top1: 63.8548%, Top5: 96.9047%
[Epoch 022] Time: 114.9151s | [Train] Loss: 0.89009634 Accuracy: Top1: 67.9236%, Top5: 97.8101% | [Test] Loss: 1.00669666 Accuracy: Top1: 64.8833%, Top5: 96.9541%
[Epoch 023] Time: 115.0001s | [Train] Loss: 0.87677290 Accuracy: Top1: 68.7896%, Top5: 97.9008% | [Test] Loss: 1.00117724 Accuracy: Top1: 64.9130%, Top5: 97.1321%
[Epoch 024] Time: 115.2148s | [Train] Loss: 0.86116534 Accuracy: Top1: 69.3322%, Top5: 97.9959% | [Test] Loss: 0.99732426 Accuracy: Top1: 65.1701%, Top5: 96.9640%
[Epoch 025] Time: 115.2442s | [Train] Loss: 0.85502881 Accuracy: Top1: 69.3978%, Top5: 98.0323% | [Test] Loss: 0.98508401 Accuracy: Top1: 65.4272%, Top5: 97.1222%
[Epoch 026] Time: 115.0875s | [Train] Loss: 0.84557485 Accuracy: Top1: 69.7271%, Top5: 98.0906% | [Test] Loss: 0.98436837 Accuracy: Top1: 65.7634%, Top5: 97.1222%
[Epoch 027] Time: 114.9555s | [Train] Loss: 0.83383854 Accuracy: Top1: 70.2226%, Top5: 98.2505% | [Test] Loss: 0.97927726 Accuracy: Top1: 65.5657%, Top5: 97.2903%
[Epoch 028] Time: 115.1107s | [Train] Loss: 0.82181210 Accuracy: Top1: 70.7509%, Top5: 98.1566% | [Test] Loss: 0.97602370 Accuracy: Top1: 65.7832%, Top5: 97.2508%
[Epoch 029] Time: 115.0402s | [Train] Loss: 0.81286351 Accuracy: Top1: 70.9387%, Top5: 98.2281% | [Test] Loss: 0.97971276 Accuracy: Top1: 66.1491%, Top5: 97.1519%
[Epoch 030] Time: 115.0228s | [Train] Loss: 0.80649810 Accuracy: Top1: 71.2344%, Top5: 98.2952% | [Test] Loss: 0.97496100 Accuracy: Top1: 65.7437%, Top5: 97.2508%
[Epoch 031] Time: 114.9669s | [Train] Loss: 0.80230335 Accuracy: Top1: 71.3735%, Top5: 98.3100% | [Test] Loss: 0.97236858 Accuracy: Top1: 66.0502%, Top5: 97.3002%
[Epoch 032] Time: 114.9459s | [Train] Loss: 0.79219773 Accuracy: Top1: 71.8179%, Top5: 98.4359% | [Test] Loss: 0.96719261 Accuracy: Top1: 66.4458%, Top5: 97.0827%
[Epoch 033] Time: 115.0468s | [Train] Loss: 0.78011895 Accuracy: Top1: 72.3242%, Top5: 98.3975% | [Test] Loss: 0.97216307 Accuracy: Top1: 65.9612%, Top5: 97.1123%
[Epoch 034] Time: 115.0854s | [Train] Loss: 0.77451100 Accuracy: Top1: 72.2910%, Top5: 98.4055% | [Test] Loss: 0.96697328 Accuracy: Top1: 66.4656%, Top5: 97.3695%
[Epoch 035] Time: 115.2420s | [Train] Loss: 0.77086537 Accuracy: Top1: 72.4964%, Top5: 98.4910% | [Test] Loss: 0.96897979 Accuracy: Top1: 66.3469%, Top5: 97.2112%
[Epoch 036] Time: 114.9137s | [Train] Loss: 0.76324044 Accuracy: Top1: 72.7286%, Top5: 98.4783% | [Test] Loss: 0.96523220 Accuracy: Top1: 66.7029%, Top5: 97.1915%
[Epoch 037] Time: 115.1046s | [Train] Loss: 0.76030484 Accuracy: Top1: 72.9747%, Top5: 98.4623% | [Test] Loss: 0.96887251 Accuracy: Top1: 66.8612%, Top5: 97.1222%
[Epoch 038] Time: 114.7738s | [Train] Loss: 0.75566861 Accuracy: Top1: 72.9592%, Top5: 98.5442% | [Test] Loss: 0.96388365 Accuracy: Top1: 66.8414%, Top5: 97.2112%
[Epoch 039] Time: 115.3090s | [Train] Loss: 0.75118861 Accuracy: Top1: 73.1797%, Top5: 98.5338% | [Test] Loss: 0.96541772 Accuracy: Top1: 66.9502%, Top5: 97.1717%
[Epoch 040] Time: 115.0505s | [Train] Loss: 0.74934149 Accuracy: Top1: 73.3504%, Top5: 98.5550% | [Test] Loss: 0.96592575 Accuracy: Top1: 66.6535%, Top5: 97.2607%
[Epoch 041] Time: 114.9813s | [Train] Loss: 0.74140810 Accuracy: Top1: 73.4595%, Top5: 98.6097% | [Test] Loss: 0.96305838 Accuracy: Top1: 67.1677%, Top5: 97.2409%
[Epoch 042] Time: 115.3429s | [Train] Loss: 0.74345478 Accuracy: Top1: 73.6061%, Top5: 98.5934% | [Test] Loss: 0.95945946 Accuracy: Top1: 66.9106%, Top5: 97.2310%
[Epoch 043] Time: 114.9748s | [Train] Loss: 0.74052461 Accuracy: Top1: 73.5662%, Top5: 98.6393% | [Test] Loss: 0.96070435 Accuracy: Top1: 67.1084%, Top5: 97.1717%
[Epoch 044] Time: 115.0952s | [Train] Loss: 0.73778619 Accuracy: Top1: 73.6697%, Top5: 98.6117% | [Test] Loss: 0.95891680 Accuracy: Top1: 66.9304%, Top5: 97.3200%
[Epoch 045] Time: 115.0974s | [Train] Loss: 0.73504072 Accuracy: Top1: 73.8939%, Top5: 98.6041% | [Test] Loss: 0.95726941 Accuracy: Top1: 67.0392%, Top5: 97.2805%
[Epoch 046] Time: 115.2200s | [Train] Loss: 0.73316884 Accuracy: Top1: 73.8767%, Top5: 98.7012% | [Test] Loss: 0.96385457 Accuracy: Top1: 66.5150%, Top5: 97.2112%
[Epoch 047] Time: 115.2218s | [Train] Loss: 0.73221678 Accuracy: Top1: 74.1009%, Top5: 98.6281% | [Test] Loss: 0.95877378 Accuracy: Top1: 67.0293%, Top5: 97.3596%
[Epoch 048] Time: 115.0596s | [Train] Loss: 0.73597752 Accuracy: Top1: 73.8135%, Top5: 98.6137% | [Test] Loss: 0.96067733 Accuracy: Top1: 66.7919%, Top5: 97.2508%
[Epoch 049] Time: 114.8842s | [Train] Loss: 0.73001197 Accuracy: Top1: 74.0261%, Top5: 98.6281% | [Test] Loss: 0.96104580 Accuracy: Top1: 66.6930%, Top5: 97.3200%
[Epoch 050] Time: 115.0646s | [Train] Loss: 0.73217854 Accuracy: Top1: 73.7852%, Top5: 98.6673% | [Test] Loss: 0.95871091 Accuracy: Top1: 66.9205%, Top5: 97.3101%
Files already downloaded and verified
Files already downloaded and verified
Model: VIT ConvNNAttention
Total Parameters: 21416074
Trainable Parameters: 21416074
   - Trainable Parameters: 21.41607400 M
Model Complexity (Profiler):
   - GFLOPs: 2.34543994
   - Trainable Parameters: 21.41607400 M
[Epoch 001] Time: 141.5041s | [Train] Loss: 1.82735151 Accuracy: Top1: 34.7151%, Top5: 82.3649% | [Test] Loss: 1.62040416 Accuracy: Top1: 42.4842%, Top5: 87.9648%
[Epoch 002] Time: 141.4137s | [Train] Loss: 1.57824349 Accuracy: Top1: 44.4453%, Top5: 89.0621% | [Test] Loss: 1.45189269 Accuracy: Top1: 48.7243%, Top5: 91.3766%
[Epoch 003] Time: 141.5212s | [Train] Loss: 1.41558978 Accuracy: Top1: 49.5205%, Top5: 92.0864% | [Test] Loss: 1.34648242 Accuracy: Top1: 51.7504%, Top5: 93.4039%
[Epoch 004] Time: 141.3386s | [Train] Loss: 1.32852163 Accuracy: Top1: 52.3430%, Top5: 93.4219% | [Test] Loss: 1.28447582 Accuracy: Top1: 53.9161%, Top5: 94.2544%
[Epoch 005] Time: 141.5350s | [Train] Loss: 1.27244814 Accuracy: Top1: 54.4473%, Top5: 94.1093% | [Test] Loss: 1.25082216 Accuracy: Top1: 55.3204%, Top5: 94.8279%
[Epoch 006] Time: 141.4626s | [Train] Loss: 1.23279147 Accuracy: Top1: 55.5647%, Top5: 94.6555% | [Test] Loss: 1.22490592 Accuracy: Top1: 56.0918%, Top5: 94.9466%
[Epoch 007] Time: 141.5014s | [Train] Loss: 1.18937563 Accuracy: Top1: 57.6383%, Top5: 95.1343% | [Test] Loss: 1.20565753 Accuracy: Top1: 56.9521%, Top5: 95.1938%
[Epoch 008] Time: 141.6610s | [Train] Loss: 1.15577774 Accuracy: Top1: 58.5902%, Top5: 95.5083% | [Test] Loss: 1.18522377 Accuracy: Top1: 57.6938%, Top5: 95.5202%
[Epoch 009] Time: 141.6059s | [Train] Loss: 1.12056868 Accuracy: Top1: 59.8038%, Top5: 95.8068% | [Test] Loss: 1.14529493 Accuracy: Top1: 58.8113%, Top5: 95.7377%
[Epoch 010] Time: 141.6195s | [Train] Loss: 1.09496138 Accuracy: Top1: 60.8863%, Top5: 96.0346% | [Test] Loss: 1.11924625 Accuracy: Top1: 59.9090%, Top5: 95.9355%
[Epoch 011] Time: 141.5685s | [Train] Loss: 1.06220233 Accuracy: Top1: 61.9178%, Top5: 96.3519% | [Test] Loss: 1.10319524 Accuracy: Top1: 60.7002%, Top5: 96.1234%
[Epoch 012] Time: 141.5048s | [Train] Loss: 1.03613048 Accuracy: Top1: 62.7629%, Top5: 96.6548% | [Test] Loss: 1.09379023 Accuracy: Top1: 60.8979%, Top5: 96.0938%
[Epoch 013] Time: 141.5724s | [Train] Loss: 1.01465182 Accuracy: Top1: 63.6457%, Top5: 96.8354% | [Test] Loss: 1.07873056 Accuracy: Top1: 61.4320%, Top5: 96.3212%
[Epoch 014] Time: 141.5808s | [Train] Loss: 0.99009816 Accuracy: Top1: 64.6455%, Top5: 97.0077% | [Test] Loss: 1.05553161 Accuracy: Top1: 62.4209%, Top5: 96.6970%
[Epoch 015] Time: 141.3826s | [Train] Loss: 0.96964766 Accuracy: Top1: 65.3864%, Top5: 97.0712% | [Test] Loss: 1.07278624 Accuracy: Top1: 61.9264%, Top5: 96.4102%
[Epoch 016] Time: 141.5731s | [Train] Loss: 0.94920835 Accuracy: Top1: 66.1465%, Top5: 97.3781% | [Test] Loss: 1.04586797 Accuracy: Top1: 63.1032%, Top5: 96.8157%
[Epoch 017] Time: 141.5901s | [Train] Loss: 0.93382372 Accuracy: Top1: 66.6180%, Top5: 97.4385% | [Test] Loss: 1.02450453 Accuracy: Top1: 63.7065%, Top5: 96.7662%
[Epoch 018] Time: 141.6509s | [Train] Loss: 0.91325644 Accuracy: Top1: 67.1228%, Top5: 97.5619% | [Test] Loss: 1.02233688 Accuracy: Top1: 63.9438%, Top5: 96.9146%
[Epoch 019] Time: 141.4719s | [Train] Loss: 0.89846157 Accuracy: Top1: 68.0239%, Top5: 97.6862% | [Test] Loss: 1.03963146 Accuracy: Top1: 63.6768%, Top5: 96.7662%
[Epoch 020] Time: 141.5994s | [Train] Loss: 0.88320006 Accuracy: Top1: 68.5358%, Top5: 97.7673% | [Test] Loss: 1.01285256 Accuracy: Top1: 64.1812%, Top5: 96.8651%
[Epoch 021] Time: 141.4686s | [Train] Loss: 0.86765252 Accuracy: Top1: 69.0993%, Top5: 97.8848% | [Test] Loss: 1.01367423 Accuracy: Top1: 64.4976%, Top5: 97.1123%
[Epoch 022] Time: 141.4578s | [Train] Loss: 0.85376423 Accuracy: Top1: 69.5336%, Top5: 97.9120% | [Test] Loss: 0.99710048 Accuracy: Top1: 64.8339%, Top5: 96.9244%
[Epoch 023] Time: 141.3996s | [Train] Loss: 0.83898462 Accuracy: Top1: 70.2126%, Top5: 98.0786% | [Test] Loss: 0.99154216 Accuracy: Top1: 64.9723%, Top5: 97.0728%
[Epoch 024] Time: 141.1867s | [Train] Loss: 0.82495478 Accuracy: Top1: 70.6813%, Top5: 98.0934% | [Test] Loss: 1.00148231 Accuracy: Top1: 65.0712%, Top5: 97.0332%
[Epoch 025] Time: 141.5676s | [Train] Loss: 0.81160985 Accuracy: Top1: 71.1441%, Top5: 98.2081% | [Test] Loss: 0.98264063 Accuracy: Top1: 65.7634%, Top5: 97.1025%
[Epoch 026] Time: 141.4848s | [Train] Loss: 0.80259942 Accuracy: Top1: 71.3651%, Top5: 98.2585% | [Test] Loss: 0.97684275 Accuracy: Top1: 65.8623%, Top5: 97.1420%
[Epoch 027] Time: 141.5573s | [Train] Loss: 0.79311785 Accuracy: Top1: 71.8930%, Top5: 98.2824% | [Test] Loss: 0.97256015 Accuracy: Top1: 66.1491%, Top5: 97.2310%
[Epoch 028] Time: 141.6572s | [Train] Loss: 0.77766118 Accuracy: Top1: 72.3661%, Top5: 98.3472% | [Test] Loss: 0.96986993 Accuracy: Top1: 66.3271%, Top5: 97.2310%
[Epoch 029] Time: 141.7264s | [Train] Loss: 0.76967456 Accuracy: Top1: 72.6586%, Top5: 98.3760% | [Test] Loss: 0.97914773 Accuracy: Top1: 66.4359%, Top5: 97.2112%
[Epoch 030] Time: 141.6767s | [Train] Loss: 0.76137256 Accuracy: Top1: 73.1366%, Top5: 98.4515% | [Test] Loss: 0.97612029 Accuracy: Top1: 66.3370%, Top5: 97.3794%
[Epoch 031] Time: 141.5421s | [Train] Loss: 0.75054286 Accuracy: Top1: 73.2681%, Top5: 98.5490% | [Test] Loss: 0.97178670 Accuracy: Top1: 66.8809%, Top5: 97.2508%
[Epoch 032] Time: 141.7003s | [Train] Loss: 0.74233767 Accuracy: Top1: 73.6357%, Top5: 98.5278% | [Test] Loss: 0.96444443 Accuracy: Top1: 67.0095%, Top5: 97.2112%
[Epoch 033] Time: 141.5703s | [Train] Loss: 0.73886872 Accuracy: Top1: 73.8763%, Top5: 98.5750% | [Test] Loss: 0.96357045 Accuracy: Top1: 66.6337%, Top5: 97.2310%
[Epoch 034] Time: 141.7703s | [Train] Loss: 0.72922539 Accuracy: Top1: 74.3175%, Top5: 98.5934% | [Test] Loss: 0.96738479 Accuracy: Top1: 66.7623%, Top5: 97.3596%
[Epoch 035] Time: 141.6612s | [Train] Loss: 0.72226863 Accuracy: Top1: 74.4589%, Top5: 98.7068% | [Test] Loss: 0.96824366 Accuracy: Top1: 67.0688%, Top5: 97.2211%
[Epoch 036] Time: 141.5588s | [Train] Loss: 0.71563955 Accuracy: Top1: 74.6455%, Top5: 98.6761% | [Test] Loss: 0.96677280 Accuracy: Top1: 67.0293%, Top5: 97.3398%
[Epoch 037] Time: 141.3790s | [Train] Loss: 0.71359967 Accuracy: Top1: 74.7359%, Top5: 98.6781% | [Test] Loss: 0.96742517 Accuracy: Top1: 66.9502%, Top5: 97.3101%
[Epoch 038] Time: 141.6309s | [Train] Loss: 0.70588563 Accuracy: Top1: 75.1211%, Top5: 98.6861% | [Test] Loss: 0.96456790 Accuracy: Top1: 67.3161%, Top5: 97.3596%
[Epoch 039] Time: 141.5034s | [Train] Loss: 0.70309147 Accuracy: Top1: 75.2094%, Top5: 98.7580% | [Test] Loss: 0.96285820 Accuracy: Top1: 67.5435%, Top5: 97.4288%
[Epoch 040] Time: 141.4966s | [Train] Loss: 0.69610628 Accuracy: Top1: 75.5171%, Top5: 98.7888% | [Test] Loss: 0.96676128 Accuracy: Top1: 66.9699%, Top5: 97.3991%
[Epoch 041] Time: 141.4777s | [Train] Loss: 0.69521568 Accuracy: Top1: 75.5303%, Top5: 98.7092% | [Test] Loss: 0.96654249 Accuracy: Top1: 67.2765%, Top5: 97.4684%
[Epoch 042] Time: 141.4551s | [Train] Loss: 0.69260735 Accuracy: Top1: 75.6706%, Top5: 98.7732% | [Test] Loss: 0.96059752 Accuracy: Top1: 67.2468%, Top5: 97.3991%
[Epoch 043] Time: 141.5527s | [Train] Loss: 0.68805467 Accuracy: Top1: 75.6710%, Top5: 98.7340% | [Test] Loss: 0.95900672 Accuracy: Top1: 67.0688%, Top5: 97.4387%
[Epoch 044] Time: 141.4989s | [Train] Loss: 0.68684901 Accuracy: Top1: 75.8324%, Top5: 98.7920% | [Test] Loss: 0.95869184 Accuracy: Top1: 67.0886%, Top5: 97.3101%
[Epoch 045] Time: 141.5964s | [Train] Loss: 0.68622813 Accuracy: Top1: 75.8408%, Top5: 98.7548% | [Test] Loss: 0.96132637 Accuracy: Top1: 67.4150%, Top5: 97.4090%
[Epoch 046] Time: 141.7290s | [Train] Loss: 0.68379816 Accuracy: Top1: 75.8536%, Top5: 98.8151% | [Test] Loss: 0.96114591 Accuracy: Top1: 67.6424%, Top5: 97.3892%
[Epoch 047] Time: 141.5326s | [Train] Loss: 0.68270111 Accuracy: Top1: 75.9775%, Top5: 98.8347% | [Test] Loss: 0.96007316 Accuracy: Top1: 67.1677%, Top5: 97.5079%
[Epoch 048] Time: 141.4877s | [Train] Loss: 0.68289257 Accuracy: Top1: 75.8792%, Top5: 98.8359% | [Test] Loss: 0.96180602 Accuracy: Top1: 67.3556%, Top5: 97.4288%
[Epoch 049] Time: 141.3532s | [Train] Loss: 0.67783700 Accuracy: Top1: 75.9958%, Top5: 98.8087% | [Test] Loss: 0.95919115 Accuracy: Top1: 67.3556%, Top5: 97.5178%
[Epoch 050] Time: 141.2764s | [Train] Loss: 0.68285712 Accuracy: Top1: 76.0110%, Top5: 98.8008% | [Test] Loss: 0.96050096 Accuracy: Top1: 67.3457%, Top5: 97.4881%
Files already downloaded and verified
Files already downloaded and verified
Model: VIT ConvNNAttention
Total Parameters: 27166858
Trainable Parameters: 27166858
   - Trainable Parameters: 27.16685800 M
Model Complexity (Profiler):
   - GFLOPs: 2.35134048
   - Trainable Parameters: 27.16685800 M
[Epoch 001] Time: 171.3948s | [Train] Loss: 1.80367770 Accuracy: Top1: 35.4476%, Top5: 83.1825% | [Test] Loss: 1.59328697 Accuracy: Top1: 43.5127%, Top5: 88.7757%
[Epoch 002] Time: 171.1902s | [Train] Loss: 1.56059066 Accuracy: Top1: 44.6779%, Top5: 89.2651% | [Test] Loss: 1.44295855 Accuracy: Top1: 48.8430%, Top5: 91.5645%
[Epoch 003] Time: 171.1448s | [Train] Loss: 1.41627978 Accuracy: Top1: 49.3946%, Top5: 91.9689% | [Test] Loss: 1.33029480 Accuracy: Top1: 52.5415%, Top5: 93.6511%
[Epoch 004] Time: 171.4109s | [Train] Loss: 1.32209167 Accuracy: Top1: 52.6227%, Top5: 93.5362% | [Test] Loss: 1.27092050 Accuracy: Top1: 54.1040%, Top5: 94.3928%
[Epoch 005] Time: 171.1899s | [Train] Loss: 1.25888979 Accuracy: Top1: 54.9389%, Top5: 94.2387% | [Test] Loss: 1.24078952 Accuracy: Top1: 55.5380%, Top5: 94.7884%
[Epoch 006] Time: 171.2034s | [Train] Loss: 1.21822419 Accuracy: Top1: 56.3215%, Top5: 94.6791% | [Test] Loss: 1.21384268 Accuracy: Top1: 56.7939%, Top5: 95.0554%
[Epoch 007] Time: 171.3524s | [Train] Loss: 1.17896876 Accuracy: Top1: 57.8948%, Top5: 95.1926% | [Test] Loss: 1.18379701 Accuracy: Top1: 57.8125%, Top5: 95.5004%
[Epoch 008] Time: 171.0557s | [Train] Loss: 1.14198187 Accuracy: Top1: 59.0857%, Top5: 95.7545% | [Test] Loss: 1.18806642 Accuracy: Top1: 57.4070%, Top5: 95.1938%
[Epoch 009] Time: 171.3800s | [Train] Loss: 1.11146631 Accuracy: Top1: 60.1818%, Top5: 95.9435% | [Test] Loss: 1.13316086 Accuracy: Top1: 58.8706%, Top5: 95.8465%
[Epoch 010] Time: 171.3682s | [Train] Loss: 1.08114830 Accuracy: Top1: 61.3987%, Top5: 96.2812% | [Test] Loss: 1.11431680 Accuracy: Top1: 60.2749%, Top5: 96.1234%
[Epoch 011] Time: 171.4742s | [Train] Loss: 1.05579968 Accuracy: Top1: 62.0796%, Top5: 96.4410% | [Test] Loss: 1.08731412 Accuracy: Top1: 60.8979%, Top5: 96.2520%
[Epoch 012] Time: 171.2426s | [Train] Loss: 1.03047840 Accuracy: Top1: 63.1422%, Top5: 96.6788% | [Test] Loss: 1.07962206 Accuracy: Top1: 61.5309%, Top5: 96.3311%
[Epoch 013] Time: 171.3411s | [Train] Loss: 1.00276497 Accuracy: Top1: 64.1340%, Top5: 96.9373% | [Test] Loss: 1.06046938 Accuracy: Top1: 61.7979%, Top5: 96.3904%
[Epoch 014] Time: 171.3207s | [Train] Loss: 0.98010379 Accuracy: Top1: 65.1814%, Top5: 96.9865% | [Test] Loss: 1.05064656 Accuracy: Top1: 63.0637%, Top5: 96.4201%
[Epoch 015] Time: 171.3116s | [Train] Loss: 0.95798423 Accuracy: Top1: 65.7437%, Top5: 97.1563% | [Test] Loss: 1.06098760 Accuracy: Top1: 62.3714%, Top5: 96.4794%
[Epoch 016] Time: 171.2701s | [Train] Loss: 0.93235354 Accuracy: Top1: 66.7084%, Top5: 97.4449% | [Test] Loss: 1.04111356 Accuracy: Top1: 63.2417%, Top5: 96.5684%
[Epoch 017] Time: 171.3554s | [Train] Loss: 0.91531400 Accuracy: Top1: 67.3030%, Top5: 97.6179% | [Test] Loss: 1.01881784 Accuracy: Top1: 63.4988%, Top5: 96.8256%
[Epoch 018] Time: 171.2525s | [Train] Loss: 0.89758398 Accuracy: Top1: 68.0099%, Top5: 97.5807% | [Test] Loss: 1.03062408 Accuracy: Top1: 63.4197%, Top5: 96.8750%
[Epoch 019] Time: 171.1799s | [Train] Loss: 0.87815546 Accuracy: Top1: 68.6245%, Top5: 97.7881% | [Test] Loss: 1.03884888 Accuracy: Top1: 63.3999%, Top5: 96.7563%
[Epoch 020] Time: 171.4235s | [Train] Loss: 0.86371415 Accuracy: Top1: 69.0513%, Top5: 97.8465% | [Test] Loss: 1.02002372 Accuracy: Top1: 64.0032%, Top5: 96.9146%
[Epoch 021] Time: 171.1271s | [Train] Loss: 0.84814274 Accuracy: Top1: 69.7375%, Top5: 97.9987% | [Test] Loss: 1.01260738 Accuracy: Top1: 64.3790%, Top5: 97.0530%
[Epoch 022] Time: 171.2496s | [Train] Loss: 0.83014503 Accuracy: Top1: 70.6182%, Top5: 98.1594% | [Test] Loss: 0.98490286 Accuracy: Top1: 65.4866%, Top5: 97.1717%
[Epoch 023] Time: 171.4309s | [Train] Loss: 0.81595999 Accuracy: Top1: 70.8756%, Top5: 98.1993% | [Test] Loss: 0.98690090 Accuracy: Top1: 65.5063%, Top5: 97.0629%
[Epoch 024] Time: 171.2495s | [Train] Loss: 0.80142334 Accuracy: Top1: 71.5705%, Top5: 98.1686% | [Test] Loss: 0.98703217 Accuracy: Top1: 65.8821%, Top5: 97.2409%
[Epoch 025] Time: 171.1128s | [Train] Loss: 0.79385282 Accuracy: Top1: 71.7587%, Top5: 98.2145% | [Test] Loss: 0.97926886 Accuracy: Top1: 65.4470%, Top5: 97.3101%
[Epoch 026] Time: 171.3921s | [Train] Loss: 0.77568312 Accuracy: Top1: 72.5028%, Top5: 98.3724% | [Test] Loss: 0.96873558 Accuracy: Top1: 65.7832%, Top5: 97.4585%
[Epoch 027] Time: 171.3838s | [Train] Loss: 0.76711550 Accuracy: Top1: 72.6311%, Top5: 98.3396% | [Test] Loss: 0.97021137 Accuracy: Top1: 66.2480%, Top5: 97.3794%
[Epoch 028] Time: 171.1937s | [Train] Loss: 0.75589023 Accuracy: Top1: 73.2169%, Top5: 98.4922% | [Test] Loss: 0.96268995 Accuracy: Top1: 66.4161%, Top5: 97.2805%
[Epoch 029] Time: 171.4317s | [Train] Loss: 0.74604341 Accuracy: Top1: 73.5078%, Top5: 98.5338% | [Test] Loss: 0.96200129 Accuracy: Top1: 66.6040%, Top5: 97.3497%
[Epoch 030] Time: 171.2035s | [Train] Loss: 0.73677428 Accuracy: Top1: 73.8175%, Top5: 98.5993% | [Test] Loss: 0.96795726 Accuracy: Top1: 66.4161%, Top5: 97.5277%
[Epoch 031] Time: 171.1791s | [Train] Loss: 0.72502105 Accuracy: Top1: 74.2867%, Top5: 98.5854% | [Test] Loss: 0.97262630 Accuracy: Top1: 66.7919%, Top5: 97.3398%
[Epoch 032] Time: 171.2261s | [Train] Loss: 0.71917488 Accuracy: Top1: 74.4569%, Top5: 98.6625% | [Test] Loss: 0.96452741 Accuracy: Top1: 66.6238%, Top5: 97.3695%
[Epoch 033] Time: 171.3115s | [Train] Loss: 0.71037814 Accuracy: Top1: 74.6000%, Top5: 98.7100% | [Test] Loss: 0.96177708 Accuracy: Top1: 66.8612%, Top5: 97.2903%
[Epoch 034] Time: 171.0517s | [Train] Loss: 0.70592200 Accuracy: Top1: 74.7718%, Top5: 98.6693% | [Test] Loss: 0.95672096 Accuracy: Top1: 67.1084%, Top5: 97.3695%
[Epoch 035] Time: 171.2307s | [Train] Loss: 0.69351013 Accuracy: Top1: 75.3912%, Top5: 98.7200% | [Test] Loss: 0.96450564 Accuracy: Top1: 67.2864%, Top5: 97.2903%
[Epoch 036] Time: 171.1783s | [Train] Loss: 0.69101417 Accuracy: Top1: 75.4803%, Top5: 98.8311% | [Test] Loss: 0.96081996 Accuracy: Top1: 67.3457%, Top5: 97.3892%
[Epoch 037] Time: 171.3019s | [Train] Loss: 0.68502229 Accuracy: Top1: 75.6993%, Top5: 98.8451% | [Test] Loss: 0.95866223 Accuracy: Top1: 67.5435%, Top5: 97.4585%
[Epoch 038] Time: 171.2497s | [Train] Loss: 0.67625715 Accuracy: Top1: 75.9879%, Top5: 98.8599% | [Test] Loss: 0.96290931 Accuracy: Top1: 67.1282%, Top5: 97.3596%
[Epoch 039] Time: 171.3747s | [Train] Loss: 0.67276957 Accuracy: Top1: 75.9891%, Top5: 98.8671% | [Test] Loss: 0.95547186 Accuracy: Top1: 67.7413%, Top5: 97.5376%
[Epoch 040] Time: 171.2982s | [Train] Loss: 0.66695303 Accuracy: Top1: 76.1317%, Top5: 98.8287% | [Test] Loss: 0.96376521 Accuracy: Top1: 67.4051%, Top5: 97.4486%
[Epoch 041] Time: 171.2412s | [Train] Loss: 0.66796072 Accuracy: Top1: 76.1957%, Top5: 98.9130% | [Test] Loss: 0.96102118 Accuracy: Top1: 67.6028%, Top5: 97.4980%
[Epoch 042] Time: 171.1857s | [Train] Loss: 0.66453445 Accuracy: Top1: 76.4966%, Top5: 98.8931% | [Test] Loss: 0.95736673 Accuracy: Top1: 67.3457%, Top5: 97.4881%
[Epoch 043] Time: 171.2576s | [Train] Loss: 0.66219313 Accuracy: Top1: 76.3627%, Top5: 98.9011% | [Test] Loss: 0.95667311 Accuracy: Top1: 67.5138%, Top5: 97.4585%
[Epoch 044] Time: 171.2500s | [Train] Loss: 0.65810740 Accuracy: Top1: 76.5729%, Top5: 98.8899% | [Test] Loss: 0.95906431 Accuracy: Top1: 67.5831%, Top5: 97.5376%
[Epoch 045] Time: 171.2070s | [Train] Loss: 0.65526101 Accuracy: Top1: 76.8063%, Top5: 98.9051% | [Test] Loss: 0.95930967 Accuracy: Top1: 67.7512%, Top5: 97.4585%
[Epoch 046] Time: 171.1835s | [Train] Loss: 0.65341254 Accuracy: Top1: 76.8510%, Top5: 98.9590% | [Test] Loss: 0.95883012 Accuracy: Top1: 67.3062%, Top5: 97.4782%
[Epoch 047] Time: 171.2252s | [Train] Loss: 0.65212622 Accuracy: Top1: 76.9234%, Top5: 98.9338% | [Test] Loss: 0.95509702 Accuracy: Top1: 67.6820%, Top5: 97.4288%
[Epoch 048] Time: 171.1664s | [Train] Loss: 0.65285006 Accuracy: Top1: 76.8270%, Top5: 98.9898% | [Test] Loss: 0.96002894 Accuracy: Top1: 67.4545%, Top5: 97.3299%
[Epoch 049] Time: 171.3360s | [Train] Loss: 0.64949233 Accuracy: Top1: 77.0700%, Top5: 98.9438% | [Test] Loss: 0.95806664 Accuracy: Top1: 67.5732%, Top5: 97.3892%
[Epoch 050] Time: 171.1902s | [Train] Loss: 0.65305828 Accuracy: Top1: 76.8930%, Top5: 98.8959% | [Test] Loss: 0.95833593 Accuracy: Top1: 67.4347%, Top5: 97.4090%
