Files already downloaded and verified
Files already downloaded and verified
Model: VIT ConvNNAttention
Total Parameters: 7260298
Trainable Parameters: 7260298
   - Trainable Parameters: 7.26029800 M
Model Complexity (Profiler):
   - GFLOPs: 2.33091552
   - Trainable Parameters: 7.26029800 M
[Epoch 001] Time: 68.3694s | [Train] Loss: 1.96887950 Accuracy: Top1: 29.0285%, Top5: 78.1658% | [Test] Loss: 1.74373565 Accuracy: Top1: 38.5977%, Top5: 86.1946%
[Epoch 002] Time: 68.1357s | [Train] Loss: 1.72570258 Accuracy: Top1: 38.4183%, Top5: 86.0286% | [Test] Loss: 1.60673876 Accuracy: Top1: 42.6226%, Top5: 88.5087%
[Epoch 003] Time: 68.3645s | [Train] Loss: 1.62398777 Accuracy: Top1: 42.0980%, Top5: 88.1750% | [Test] Loss: 1.53539283 Accuracy: Top1: 45.1839%, Top5: 90.2591%
[Epoch 004] Time: 68.3408s | [Train] Loss: 1.54707487 Accuracy: Top1: 44.7215%, Top5: 89.7011% | [Test] Loss: 1.46549517 Accuracy: Top1: 47.5079%, Top5: 91.2975%
[Epoch 005] Time: 68.5339s | [Train] Loss: 1.48803560 Accuracy: Top1: 46.5653%, Top5: 90.9523% | [Test] Loss: 1.42379942 Accuracy: Top1: 48.9616%, Top5: 92.0787%
[Epoch 006] Time: 68.7833s | [Train] Loss: 1.43516084 Accuracy: Top1: 48.4279%, Top5: 91.7611% | [Test] Loss: 1.38022524 Accuracy: Top1: 50.2077%, Top5: 92.9786%
[Epoch 007] Time: 68.8257s | [Train] Loss: 1.39169653 Accuracy: Top1: 49.8477%, Top5: 92.7789% | [Test] Loss: 1.35250380 Accuracy: Top1: 51.2757%, Top5: 93.5324%
[Epoch 008] Time: 68.5061s | [Train] Loss: 1.35553001 Accuracy: Top1: 51.2696%, Top5: 93.1857% | [Test] Loss: 1.32540687 Accuracy: Top1: 52.3042%, Top5: 93.8884%
[Epoch 009] Time: 68.7124s | [Train] Loss: 1.31731671 Accuracy: Top1: 52.5943%, Top5: 93.7348% | [Test] Loss: 1.29997577 Accuracy: Top1: 52.9272%, Top5: 94.2445%
[Epoch 010] Time: 68.8000s | [Train] Loss: 1.28939497 Accuracy: Top1: 53.4974%, Top5: 94.0393% | [Test] Loss: 1.26153669 Accuracy: Top1: 54.2227%, Top5: 94.6104%
[Epoch 011] Time: 68.9910s | [Train] Loss: 1.26602102 Accuracy: Top1: 54.5560%, Top5: 94.3654% | [Test] Loss: 1.24547164 Accuracy: Top1: 54.9941%, Top5: 94.7488%
[Epoch 012] Time: 69.0236s | [Train] Loss: 1.23919945 Accuracy: Top1: 55.2458%, Top5: 94.7095% | [Test] Loss: 1.22944899 Accuracy: Top1: 55.6468%, Top5: 94.9565%
[Epoch 013] Time: 69.0408s | [Train] Loss: 1.22114554 Accuracy: Top1: 55.7801%, Top5: 94.9580% | [Test] Loss: 1.22258490 Accuracy: Top1: 55.7654%, Top5: 94.8774%
[Epoch 014] Time: 68.5918s | [Train] Loss: 1.20150316 Accuracy: Top1: 56.8442%, Top5: 95.1319% | [Test] Loss: 1.19565029 Accuracy: Top1: 56.4577%, Top5: 95.2927%
[Epoch 015] Time: 68.9148s | [Train] Loss: 1.17587972 Accuracy: Top1: 57.7094%, Top5: 95.4763% | [Test] Loss: 1.22987865 Accuracy: Top1: 55.9632%, Top5: 94.7884%
[Epoch 016] Time: 68.9090s | [Train] Loss: 1.15982504 Accuracy: Top1: 58.2601%, Top5: 95.6734% | [Test] Loss: 1.17422389 Accuracy: Top1: 57.7037%, Top5: 95.4707%
[Epoch 017] Time: 68.6651s | [Train] Loss: 1.14081909 Accuracy: Top1: 58.7076%, Top5: 95.8636% | [Test] Loss: 1.16184466 Accuracy: Top1: 57.9707%, Top5: 95.5993%
[Epoch 018] Time: 68.9582s | [Train] Loss: 1.12210408 Accuracy: Top1: 59.4601%, Top5: 95.9671% | [Test] Loss: 1.15679184 Accuracy: Top1: 58.1685%, Top5: 95.5993%
[Epoch 019] Time: 68.5111s | [Train] Loss: 1.11023453 Accuracy: Top1: 60.1187%, Top5: 96.0826% | [Test] Loss: 1.15715261 Accuracy: Top1: 58.2971%, Top5: 95.5498%
[Epoch 020] Time: 68.8962s | [Train] Loss: 1.09639670 Accuracy: Top1: 60.4612%, Top5: 96.2708% | [Test] Loss: 1.13729730 Accuracy: Top1: 58.9498%, Top5: 95.9355%
[Epoch 021] Time: 68.9402s | [Train] Loss: 1.07803562 Accuracy: Top1: 61.0182%, Top5: 96.3727% | [Test] Loss: 1.13001393 Accuracy: Top1: 59.7706%, Top5: 95.8861%
[Epoch 022] Time: 68.9983s | [Train] Loss: 1.06460027 Accuracy: Top1: 61.7467%, Top5: 96.4082% | [Test] Loss: 1.11430077 Accuracy: Top1: 59.8991%, Top5: 96.1333%
[Epoch 023] Time: 69.1053s | [Train] Loss: 1.05490022 Accuracy: Top1: 62.2778%, Top5: 96.4698% | [Test] Loss: 1.11037718 Accuracy: Top1: 60.3244%, Top5: 96.0245%
[Epoch 024] Time: 68.8421s | [Train] Loss: 1.04206187 Accuracy: Top1: 62.6594%, Top5: 96.5389% | [Test] Loss: 1.09961628 Accuracy: Top1: 60.4628%, Top5: 96.2816%
[Epoch 025] Time: 68.7479s | [Train] Loss: 1.03105444 Accuracy: Top1: 62.9951%, Top5: 96.7843% | [Test] Loss: 1.09132343 Accuracy: Top1: 61.0562%, Top5: 96.1926%
[Epoch 026] Time: 68.9120s | [Train] Loss: 1.02340029 Accuracy: Top1: 63.1833%, Top5: 96.7176% | [Test] Loss: 1.09063064 Accuracy: Top1: 61.1748%, Top5: 96.2124%
[Epoch 027] Time: 68.8854s | [Train] Loss: 1.01048988 Accuracy: Top1: 63.7220%, Top5: 96.8806% | [Test] Loss: 1.08157336 Accuracy: Top1: 61.6495%, Top5: 96.3904%
[Epoch 028] Time: 68.8202s | [Train] Loss: 1.00181216 Accuracy: Top1: 64.0869%, Top5: 96.9825% | [Test] Loss: 1.07656914 Accuracy: Top1: 61.5309%, Top5: 96.3805%
[Epoch 029] Time: 68.8994s | [Train] Loss: 0.99519752 Accuracy: Top1: 64.2048%, Top5: 97.0472% | [Test] Loss: 1.07099290 Accuracy: Top1: 61.9264%, Top5: 96.4003%
[Epoch 030] Time: 69.1615s | [Train] Loss: 0.98991874 Accuracy: Top1: 64.5704%, Top5: 97.0952% | [Test] Loss: 1.06402888 Accuracy: Top1: 62.0154%, Top5: 96.3805%
[Epoch 031] Time: 69.2025s | [Train] Loss: 0.98268316 Accuracy: Top1: 64.6879%, Top5: 97.0137% | [Test] Loss: 1.06879513 Accuracy: Top1: 61.8671%, Top5: 96.4498%
[Epoch 032] Time: 68.6709s | [Train] Loss: 0.97520440 Accuracy: Top1: 65.1431%, Top5: 97.1743% | [Test] Loss: 1.06142125 Accuracy: Top1: 62.2824%, Top5: 96.4794%
[Epoch 033] Time: 68.7265s | [Train] Loss: 0.96907603 Accuracy: Top1: 65.2793%, Top5: 97.2395% | [Test] Loss: 1.05595183 Accuracy: Top1: 62.2725%, Top5: 96.5190%
[Epoch 034] Time: 68.9165s | [Train] Loss: 0.96064638 Accuracy: Top1: 65.4911%, Top5: 97.2662% | [Test] Loss: 1.05350727 Accuracy: Top1: 62.3418%, Top5: 96.5388%
[Epoch 035] Time: 68.8610s | [Train] Loss: 0.95981475 Accuracy: Top1: 65.6002%, Top5: 97.2738% | [Test] Loss: 1.05619579 Accuracy: Top1: 62.4703%, Top5: 96.5882%
[Epoch 036] Time: 68.7626s | [Train] Loss: 0.95325193 Accuracy: Top1: 65.8368%, Top5: 97.3042% | [Test] Loss: 1.04769033 Accuracy: Top1: 62.6780%, Top5: 96.6179%
[Epoch 037] Time: 68.7975s | [Train] Loss: 0.94784120 Accuracy: Top1: 66.1129%, Top5: 97.3821% | [Test] Loss: 1.04931765 Accuracy: Top1: 62.7670%, Top5: 96.6080%
[Epoch 038] Time: 68.8630s | [Train] Loss: 0.94353894 Accuracy: Top1: 66.2088%, Top5: 97.3362% | [Test] Loss: 1.04800367 Accuracy: Top1: 62.7769%, Top5: 96.5487%
[Epoch 039] Time: 68.8628s | [Train] Loss: 0.94344424 Accuracy: Top1: 66.0546%, Top5: 97.3445% | [Test] Loss: 1.04646138 Accuracy: Top1: 62.9351%, Top5: 96.6574%
[Epoch 040] Time: 68.9635s | [Train] Loss: 0.94038117 Accuracy: Top1: 66.2092%, Top5: 97.3637% | [Test] Loss: 1.04599387 Accuracy: Top1: 62.8165%, Top5: 96.6574%
[Epoch 041] Time: 68.9690s | [Train] Loss: 0.93555355 Accuracy: Top1: 66.7199%, Top5: 97.4664% | [Test] Loss: 1.04179788 Accuracy: Top1: 62.8461%, Top5: 96.6179%
[Epoch 042] Time: 68.9682s | [Train] Loss: 0.93495483 Accuracy: Top1: 66.6500%, Top5: 97.4804% | [Test] Loss: 1.04255978 Accuracy: Top1: 62.9153%, Top5: 96.6475%
[Epoch 043] Time: 68.7985s | [Train] Loss: 0.93154023 Accuracy: Top1: 66.5913%, Top5: 97.4820% | [Test] Loss: 1.04126812 Accuracy: Top1: 62.9055%, Top5: 96.6179%
[Epoch 044] Time: 69.1119s | [Train] Loss: 0.93055118 Accuracy: Top1: 66.8318%, Top5: 97.4349% | [Test] Loss: 1.04027063 Accuracy: Top1: 62.8659%, Top5: 96.7069%
[Epoch 045] Time: 68.6717s | [Train] Loss: 0.93167663 Accuracy: Top1: 66.8530%, Top5: 97.4660% | [Test] Loss: 1.04024271 Accuracy: Top1: 63.0340%, Top5: 96.6475%
[Epoch 046] Time: 68.9333s | [Train] Loss: 0.92996369 Accuracy: Top1: 66.8191%, Top5: 97.5112% | [Test] Loss: 1.04007895 Accuracy: Top1: 62.9153%, Top5: 96.6475%
[Epoch 047] Time: 68.6369s | [Train] Loss: 0.92910571 Accuracy: Top1: 66.8111%, Top5: 97.5208% | [Test] Loss: 1.03897852 Accuracy: Top1: 63.0934%, Top5: 96.6673%
[Epoch 048] Time: 68.8895s | [Train] Loss: 0.93039606 Accuracy: Top1: 66.5757%, Top5: 97.4988% | [Test] Loss: 1.03983501 Accuracy: Top1: 62.9252%, Top5: 96.6278%
[Epoch 049] Time: 68.9114s | [Train] Loss: 0.92770192 Accuracy: Top1: 66.6920%, Top5: 97.4504% | [Test] Loss: 1.03940052 Accuracy: Top1: 62.8857%, Top5: 96.7366%
[Epoch 050] Time: 68.8473s | [Train] Loss: 0.92889338 Accuracy: Top1: 66.6796%, Top5: 97.4389% | [Test] Loss: 1.03974566 Accuracy: Top1: 62.9252%, Top5: 96.7662%
Files already downloaded and verified
Files already downloaded and verified
Model: VIT ConvNNAttention
Total Parameters: 9472138
Trainable Parameters: 9472138
   - Trainable Parameters: 9.47213800 M
Model Complexity (Profiler):
   - GFLOPs: 2.33318496
   - Trainable Parameters: 9.47213800 M
[Epoch 001] Time: 84.2181s | [Train] Loss: 2.04052582 Accuracy: Top1: 25.7493%, Top5: 75.5155% | [Test] Loss: 1.80399284 Accuracy: Top1: 35.6606%, Top5: 84.9585%
[Epoch 002] Time: 84.0960s | [Train] Loss: 1.74926098 Accuracy: Top1: 37.7330%, Top5: 85.5802% | [Test] Loss: 1.61674212 Accuracy: Top1: 42.8006%, Top5: 88.3801%
[Epoch 003] Time: 83.9453s | [Train] Loss: 1.59974999 Accuracy: Top1: 42.8229%, Top5: 88.8447% | [Test] Loss: 1.51149445 Accuracy: Top1: 45.6586%, Top5: 90.7832%
[Epoch 004] Time: 84.0414s | [Train] Loss: 1.50935719 Accuracy: Top1: 46.0290%, Top5: 90.5730% | [Test] Loss: 1.44310075 Accuracy: Top1: 48.2199%, Top5: 92.1776%
[Epoch 005] Time: 84.0969s | [Train] Loss: 1.44627212 Accuracy: Top1: 47.8149%, Top5: 91.9030% | [Test] Loss: 1.39667157 Accuracy: Top1: 49.8714%, Top5: 92.9589%
[Epoch 006] Time: 84.0236s | [Train] Loss: 1.40098141 Accuracy: Top1: 49.4689%, Top5: 92.6283% | [Test] Loss: 1.35527062 Accuracy: Top1: 51.2955%, Top5: 93.5522%
[Epoch 007] Time: 84.0134s | [Train] Loss: 1.35966898 Accuracy: Top1: 50.7133%, Top5: 93.0998% | [Test] Loss: 1.33466743 Accuracy: Top1: 51.6416%, Top5: 93.9181%
[Epoch 008] Time: 84.1936s | [Train] Loss: 1.32625881 Accuracy: Top1: 52.0169%, Top5: 93.6225% | [Test] Loss: 1.31873132 Accuracy: Top1: 52.7987%, Top5: 94.1653%
[Epoch 009] Time: 83.6119s | [Train] Loss: 1.29419513 Accuracy: Top1: 53.2577%, Top5: 94.0845% | [Test] Loss: 1.28030591 Accuracy: Top1: 53.7282%, Top5: 94.4818%
[Epoch 010] Time: 83.8228s | [Train] Loss: 1.26643368 Accuracy: Top1: 54.3083%, Top5: 94.3410% | [Test] Loss: 1.24873624 Accuracy: Top1: 54.5491%, Top5: 95.1147%
[Epoch 011] Time: 83.6322s | [Train] Loss: 1.24445437 Accuracy: Top1: 55.3680%, Top5: 94.5836% | [Test] Loss: 1.23115613 Accuracy: Top1: 55.4391%, Top5: 95.1543%
[Epoch 012] Time: 84.2183s | [Train] Loss: 1.21996092 Accuracy: Top1: 55.8680%, Top5: 94.9944% | [Test] Loss: 1.21607763 Accuracy: Top1: 55.7061%, Top5: 95.1048%
[Epoch 013] Time: 84.1692s | [Train] Loss: 1.19797553 Accuracy: Top1: 56.8067%, Top5: 95.2737% | [Test] Loss: 1.20036309 Accuracy: Top1: 56.2599%, Top5: 95.4312%
[Epoch 014] Time: 84.0886s | [Train] Loss: 1.18055739 Accuracy: Top1: 57.4465%, Top5: 95.4308% | [Test] Loss: 1.18678010 Accuracy: Top1: 57.0609%, Top5: 95.6092%
[Epoch 015] Time: 84.1462s | [Train] Loss: 1.15914732 Accuracy: Top1: 58.1773%, Top5: 95.6326% | [Test] Loss: 1.19496544 Accuracy: Top1: 57.1895%, Top5: 95.5301%
[Epoch 016] Time: 84.0745s | [Train] Loss: 1.14250093 Accuracy: Top1: 58.8263%, Top5: 95.7872% | [Test] Loss: 1.16796286 Accuracy: Top1: 57.9114%, Top5: 95.8663%
[Epoch 017] Time: 84.0053s | [Train] Loss: 1.12765491 Accuracy: Top1: 59.5824%, Top5: 96.0142% | [Test] Loss: 1.14315337 Accuracy: Top1: 58.7025%, Top5: 95.9553%
[Epoch 018] Time: 84.0296s | [Train] Loss: 1.10932370 Accuracy: Top1: 59.9161%, Top5: 96.1441% | [Test] Loss: 1.14076405 Accuracy: Top1: 58.6630%, Top5: 95.9751%
[Epoch 019] Time: 83.8332s | [Train] Loss: 1.09932575 Accuracy: Top1: 60.2729%, Top5: 96.1833% | [Test] Loss: 1.14624344 Accuracy: Top1: 58.4355%, Top5: 95.9850%
[Epoch 020] Time: 84.1658s | [Train] Loss: 1.08363834 Accuracy: Top1: 60.8604%, Top5: 96.3235% | [Test] Loss: 1.12330733 Accuracy: Top1: 59.2464%, Top5: 96.1036%
[Epoch 021] Time: 84.2357s | [Train] Loss: 1.07040152 Accuracy: Top1: 61.3275%, Top5: 96.3827% | [Test] Loss: 1.11381264 Accuracy: Top1: 59.9387%, Top5: 96.2619%
[Epoch 022] Time: 84.2563s | [Train] Loss: 1.05785324 Accuracy: Top1: 61.8838%, Top5: 96.5689% | [Test] Loss: 1.10269983 Accuracy: Top1: 60.2551%, Top5: 96.1729%
[Epoch 023] Time: 83.4943s | [Train] Loss: 1.04502368 Accuracy: Top1: 62.2291%, Top5: 96.6816% | [Test] Loss: 1.09449745 Accuracy: Top1: 60.5716%, Top5: 96.1630%
[Epoch 024] Time: 84.1078s | [Train] Loss: 1.03592340 Accuracy: Top1: 62.6622%, Top5: 96.7136% | [Test] Loss: 1.08864590 Accuracy: Top1: 60.7298%, Top5: 96.4102%
[Epoch 025] Time: 83.9255s | [Train] Loss: 1.02474081 Accuracy: Top1: 63.1454%, Top5: 96.8047% | [Test] Loss: 1.07403931 Accuracy: Top1: 61.5012%, Top5: 96.4498%
[Epoch 026] Time: 83.9405s | [Train] Loss: 1.01555717 Accuracy: Top1: 63.3548%, Top5: 96.7787% | [Test] Loss: 1.06671078 Accuracy: Top1: 61.8572%, Top5: 96.4695%
[Epoch 027] Time: 83.8972s | [Train] Loss: 1.00773730 Accuracy: Top1: 63.7876%, Top5: 96.9873% | [Test] Loss: 1.06403984 Accuracy: Top1: 61.7583%, Top5: 96.6080%
[Epoch 028] Time: 83.8538s | [Train] Loss: 0.99632113 Accuracy: Top1: 64.1792%, Top5: 96.9905% | [Test] Loss: 1.05821220 Accuracy: Top1: 62.1044%, Top5: 96.5981%
[Epoch 029] Time: 84.2089s | [Train] Loss: 0.99232032 Accuracy: Top1: 64.3242%, Top5: 97.0936% | [Test] Loss: 1.05431064 Accuracy: Top1: 62.3022%, Top5: 96.7069%
[Epoch 030] Time: 84.1738s | [Train] Loss: 0.98249117 Accuracy: Top1: 64.7566%, Top5: 97.0968% | [Test] Loss: 1.05045601 Accuracy: Top1: 62.3714%, Top5: 96.7662%
[Epoch 031] Time: 83.9346s | [Train] Loss: 0.97590964 Accuracy: Top1: 64.8553%, Top5: 97.1959% | [Test] Loss: 1.05059133 Accuracy: Top1: 62.7967%, Top5: 96.7069%
[Epoch 032] Time: 84.1794s | [Train] Loss: 0.97164371 Accuracy: Top1: 65.1770%, Top5: 97.2355% | [Test] Loss: 1.04306944 Accuracy: Top1: 62.7670%, Top5: 96.7662%
[Epoch 033] Time: 83.6341s | [Train] Loss: 0.96628603 Accuracy: Top1: 65.1818%, Top5: 97.2363% | [Test] Loss: 1.04157296 Accuracy: Top1: 62.9747%, Top5: 96.7860%
[Epoch 034] Time: 84.3681s | [Train] Loss: 0.96040485 Accuracy: Top1: 65.3828%, Top5: 97.2786% | [Test] Loss: 1.03634658 Accuracy: Top1: 63.4790%, Top5: 96.7860%
[Epoch 035] Time: 83.8638s | [Train] Loss: 0.95469111 Accuracy: Top1: 65.7565%, Top5: 97.3342% | [Test] Loss: 1.03744877 Accuracy: Top1: 63.3505%, Top5: 96.7860%
[Epoch 036] Time: 83.7004s | [Train] Loss: 0.94827898 Accuracy: Top1: 66.0802%, Top5: 97.4596% | [Test] Loss: 1.03333884 Accuracy: Top1: 63.2417%, Top5: 96.7662%
[Epoch 037] Time: 84.2087s | [Train] Loss: 0.94870980 Accuracy: Top1: 66.1005%, Top5: 97.4133% | [Test] Loss: 1.03054558 Accuracy: Top1: 63.4296%, Top5: 96.8354%
[Epoch 038] Time: 83.9239s | [Train] Loss: 0.94382831 Accuracy: Top1: 66.1681%, Top5: 97.4061% | [Test] Loss: 1.02797185 Accuracy: Top1: 63.3900%, Top5: 96.8849%
[Epoch 039] Time: 84.1641s | [Train] Loss: 0.93815031 Accuracy: Top1: 66.4322%, Top5: 97.5012% | [Test] Loss: 1.02939288 Accuracy: Top1: 63.3010%, Top5: 96.8750%
[Epoch 040] Time: 84.1438s | [Train] Loss: 0.93869095 Accuracy: Top1: 66.4302%, Top5: 97.4061% | [Test] Loss: 1.02567385 Accuracy: Top1: 63.7065%, Top5: 96.8552%
[Epoch 041] Time: 84.0972s | [Train] Loss: 0.93496059 Accuracy: Top1: 66.3707%, Top5: 97.5484% | [Test] Loss: 1.02610252 Accuracy: Top1: 63.6472%, Top5: 96.7662%
[Epoch 042] Time: 83.9819s | [Train] Loss: 0.93299302 Accuracy: Top1: 66.5213%, Top5: 97.4552% | [Test] Loss: 1.02592242 Accuracy: Top1: 63.7460%, Top5: 96.7464%
[Epoch 043] Time: 84.1803s | [Train] Loss: 0.93450509 Accuracy: Top1: 66.5561%, Top5: 97.5180% | [Test] Loss: 1.02470763 Accuracy: Top1: 63.7757%, Top5: 96.8256%
[Epoch 044] Time: 83.8376s | [Train] Loss: 0.93146506 Accuracy: Top1: 66.6005%, Top5: 97.5300% | [Test] Loss: 1.02530152 Accuracy: Top1: 63.8548%, Top5: 96.8157%
[Epoch 045] Time: 84.0152s | [Train] Loss: 0.92659781 Accuracy: Top1: 66.8886%, Top5: 97.5160% | [Test] Loss: 1.02412836 Accuracy: Top1: 63.8548%, Top5: 96.7464%
[Epoch 046] Time: 83.8730s | [Train] Loss: 0.92902046 Accuracy: Top1: 66.6360%, Top5: 97.5168% | [Test] Loss: 1.02242135 Accuracy: Top1: 63.9142%, Top5: 96.8157%
[Epoch 047] Time: 84.0851s | [Train] Loss: 0.92843585 Accuracy: Top1: 66.9597%, Top5: 97.4800% | [Test] Loss: 1.02258495 Accuracy: Top1: 63.7856%, Top5: 96.8157%
[Epoch 048] Time: 84.0878s | [Train] Loss: 0.92818497 Accuracy: Top1: 66.7819%, Top5: 97.5635% | [Test] Loss: 1.02197097 Accuracy: Top1: 63.8252%, Top5: 96.8157%
[Epoch 049] Time: 84.0677s | [Train] Loss: 0.92737289 Accuracy: Top1: 66.7160%, Top5: 97.4956% | [Test] Loss: 1.02223553 Accuracy: Top1: 63.7856%, Top5: 96.8651%
[Epoch 050] Time: 83.8676s | [Train] Loss: 0.92665256 Accuracy: Top1: 66.7599%, Top5: 97.5272% | [Test] Loss: 1.02249585 Accuracy: Top1: 63.8350%, Top5: 96.8058%
Files already downloaded and verified
Files already downloaded and verified
Model: VIT ConvNNAttention
Total Parameters: 5931658
Trainable Parameters: 5931658
   - Trainable Parameters: 5.93165800 M
Model Complexity (Profiler):
   - GFLOPs: 2.33318496
   - Trainable Parameters: 5.93165800 M
[Epoch 001] Time: 89.4489s | [Train] Loss: 2.12373211 Accuracy: Top1: 21.3891%, Top5: 70.7437% | [Test] Loss: 1.92380290 Accuracy: Top1: 31.4873%, Top5: 82.2389%
[Epoch 002] Time: 88.7767s | [Train] Loss: 1.88313446 Accuracy: Top1: 31.7495%, Top5: 82.4724% | [Test] Loss: 1.75378531 Accuracy: Top1: 37.7571%, Top5: 85.7694%
[Epoch 003] Time: 88.9690s | [Train] Loss: 1.74740883 Accuracy: Top1: 36.8766%, Top5: 85.8752% | [Test] Loss: 1.65600756 Accuracy: Top1: 40.8722%, Top5: 87.9153%
[Epoch 004] Time: 88.5783s | [Train] Loss: 1.65920045 Accuracy: Top1: 39.9848%, Top5: 87.8940% | [Test] Loss: 1.56029531 Accuracy: Top1: 43.7006%, Top5: 90.0415%
[Epoch 005] Time: 88.8338s | [Train] Loss: 1.58372091 Accuracy: Top1: 42.5488%, Top5: 89.3522% | [Test] Loss: 1.51953884 Accuracy: Top1: 45.3817%, Top5: 90.9217%
[Epoch 006] Time: 88.9151s | [Train] Loss: 1.52566233 Accuracy: Top1: 44.4549%, Top5: 90.8596% | [Test] Loss: 1.45870822 Accuracy: Top1: 47.3596%, Top5: 92.0293%
[Epoch 007] Time: 89.1627s | [Train] Loss: 1.48182073 Accuracy: Top1: 45.9411%, Top5: 91.5441% | [Test] Loss: 1.42558359 Accuracy: Top1: 48.3386%, Top5: 92.5534%
[Epoch 008] Time: 89.0130s | [Train] Loss: 1.44364916 Accuracy: Top1: 47.2762%, Top5: 92.2075% | [Test] Loss: 1.40479534 Accuracy: Top1: 49.3968%, Top5: 92.8303%
[Epoch 009] Time: 89.0767s | [Train] Loss: 1.40808853 Accuracy: Top1: 48.2884%, Top5: 92.7530% | [Test] Loss: 1.38180944 Accuracy: Top1: 49.9011%, Top5: 93.2753%
[Epoch 010] Time: 88.9025s | [Train] Loss: 1.37889310 Accuracy: Top1: 49.7630%, Top5: 93.1554% | [Test] Loss: 1.33598635 Accuracy: Top1: 51.5625%, Top5: 93.7896%
[Epoch 011] Time: 88.6797s | [Train] Loss: 1.35313283 Accuracy: Top1: 50.4592%, Top5: 93.4627% | [Test] Loss: 1.32400091 Accuracy: Top1: 51.9482%, Top5: 93.8291%
[Epoch 012] Time: 89.0274s | [Train] Loss: 1.33370076 Accuracy: Top1: 51.1213%, Top5: 93.7876% | [Test] Loss: 1.29991154 Accuracy: Top1: 52.7294%, Top5: 94.3434%
[Epoch 013] Time: 88.8772s | [Train] Loss: 1.31159031 Accuracy: Top1: 52.1204%, Top5: 94.0078% | [Test] Loss: 1.28371888 Accuracy: Top1: 53.3426%, Top5: 94.3038%
[Epoch 014] Time: 89.0511s | [Train] Loss: 1.29420375 Accuracy: Top1: 53.1046%, Top5: 94.1732% | [Test] Loss: 1.26795797 Accuracy: Top1: 53.9161%, Top5: 94.4422%
[Epoch 015] Time: 89.1480s | [Train] Loss: 1.27218309 Accuracy: Top1: 53.5118%, Top5: 94.5540% | [Test] Loss: 1.27284600 Accuracy: Top1: 53.7184%, Top5: 94.4719%
[Epoch 016] Time: 88.8796s | [Train] Loss: 1.25539250 Accuracy: Top1: 54.2459%, Top5: 94.5976% | [Test] Loss: 1.24166152 Accuracy: Top1: 54.8556%, Top5: 94.7389%
[Epoch 017] Time: 89.0316s | [Train] Loss: 1.24231786 Accuracy: Top1: 54.7418%, Top5: 94.7706% | [Test] Loss: 1.23288227 Accuracy: Top1: 54.8754%, Top5: 94.9960%
[Epoch 018] Time: 88.8920s | [Train] Loss: 1.22947061 Accuracy: Top1: 55.2030%, Top5: 95.0020% | [Test] Loss: 1.22149718 Accuracy: Top1: 55.2611%, Top5: 95.0158%
[Epoch 019] Time: 89.1757s | [Train] Loss: 1.21871452 Accuracy: Top1: 55.5155%, Top5: 95.0755% | [Test] Loss: 1.22007245 Accuracy: Top1: 55.2413%, Top5: 95.0059%
[Epoch 020] Time: 89.1360s | [Train] Loss: 1.20485486 Accuracy: Top1: 56.1741%, Top5: 95.1562% | [Test] Loss: 1.20657837 Accuracy: Top1: 55.9138%, Top5: 95.2729%
[Epoch 021] Time: 88.9780s | [Train] Loss: 1.19433015 Accuracy: Top1: 56.5497%, Top5: 95.3477% | [Test] Loss: 1.20567159 Accuracy: Top1: 56.1808%, Top5: 95.0257%
[Epoch 022] Time: 89.1133s | [Train] Loss: 1.18455697 Accuracy: Top1: 56.9901%, Top5: 95.5151% | [Test] Loss: 1.19133069 Accuracy: Top1: 56.2797%, Top5: 95.2532%
[Epoch 023] Time: 89.2053s | [Train] Loss: 1.17290467 Accuracy: Top1: 57.3989%, Top5: 95.5347% | [Test] Loss: 1.18019046 Accuracy: Top1: 57.1104%, Top5: 95.4509%
[Epoch 024] Time: 88.9238s | [Train] Loss: 1.16548147 Accuracy: Top1: 57.4760%, Top5: 95.6126% | [Test] Loss: 1.17832284 Accuracy: Top1: 57.1895%, Top5: 95.6586%
[Epoch 025] Time: 89.0611s | [Train] Loss: 1.15859491 Accuracy: Top1: 58.0934%, Top5: 95.6202% | [Test] Loss: 1.16062440 Accuracy: Top1: 57.6246%, Top5: 95.7971%
[Epoch 026] Time: 89.3719s | [Train] Loss: 1.14788543 Accuracy: Top1: 58.1714%, Top5: 95.7797% | [Test] Loss: 1.15959564 Accuracy: Top1: 57.6839%, Top5: 95.5301%
[Epoch 027] Time: 89.2083s | [Train] Loss: 1.14283382 Accuracy: Top1: 58.4039%, Top5: 95.9207% | [Test] Loss: 1.15219407 Accuracy: Top1: 58.0993%, Top5: 95.7081%
[Epoch 028] Time: 89.1059s | [Train] Loss: 1.13395113 Accuracy: Top1: 58.9482%, Top5: 95.9295% | [Test] Loss: 1.14874865 Accuracy: Top1: 57.7631%, Top5: 95.9059%
[Epoch 029] Time: 89.1361s | [Train] Loss: 1.13179949 Accuracy: Top1: 58.9298%, Top5: 95.9395% | [Test] Loss: 1.14365500 Accuracy: Top1: 58.2773%, Top5: 95.9949%
[Epoch 030] Time: 89.0903s | [Train] Loss: 1.12018249 Accuracy: Top1: 59.2519%, Top5: 95.9643% | [Test] Loss: 1.13886033 Accuracy: Top1: 58.5443%, Top5: 95.9157%
[Epoch 031] Time: 89.2408s | [Train] Loss: 1.11662803 Accuracy: Top1: 59.5069%, Top5: 96.0870% | [Test] Loss: 1.13752904 Accuracy: Top1: 58.8311%, Top5: 95.9850%
[Epoch 032] Time: 88.9352s | [Train] Loss: 1.11051763 Accuracy: Top1: 59.7183%, Top5: 96.1837% | [Test] Loss: 1.12898566 Accuracy: Top1: 58.4553%, Top5: 96.0938%
[Epoch 033] Time: 88.9050s | [Train] Loss: 1.10597296 Accuracy: Top1: 59.7454%, Top5: 96.1921% | [Test] Loss: 1.12383081 Accuracy: Top1: 58.8311%, Top5: 96.0938%
[Epoch 034] Time: 88.8051s | [Train] Loss: 1.10141022 Accuracy: Top1: 59.9169%, Top5: 96.2636% | [Test] Loss: 1.12043101 Accuracy: Top1: 59.1574%, Top5: 96.0839%
[Epoch 035] Time: 88.7052s | [Train] Loss: 1.09612952 Accuracy: Top1: 60.1826%, Top5: 96.1917% | [Test] Loss: 1.12289322 Accuracy: Top1: 58.7520%, Top5: 96.1036%
[Epoch 036] Time: 88.5259s | [Train] Loss: 1.09383746 Accuracy: Top1: 60.3205%, Top5: 96.3183% | [Test] Loss: 1.11779508 Accuracy: Top1: 59.2761%, Top5: 96.2421%
[Epoch 037] Time: 88.8291s | [Train] Loss: 1.08925420 Accuracy: Top1: 60.4124%, Top5: 96.4126% | [Test] Loss: 1.11825870 Accuracy: Top1: 59.0388%, Top5: 96.2124%
[Epoch 038] Time: 88.8705s | [Train] Loss: 1.08604304 Accuracy: Top1: 60.4616%, Top5: 96.4051% | [Test] Loss: 1.11298379 Accuracy: Top1: 59.5036%, Top5: 95.9949%
[Epoch 039] Time: 89.0762s | [Train] Loss: 1.08572897 Accuracy: Top1: 60.6809%, Top5: 96.2612% | [Test] Loss: 1.11156780 Accuracy: Top1: 59.4838%, Top5: 96.1234%
[Epoch 040] Time: 88.9975s | [Train] Loss: 1.08253453 Accuracy: Top1: 60.6789%, Top5: 96.3327% | [Test] Loss: 1.10888636 Accuracy: Top1: 59.8002%, Top5: 96.2223%
[Epoch 041] Time: 89.0018s | [Train] Loss: 1.08144639 Accuracy: Top1: 60.6869%, Top5: 96.4946% | [Test] Loss: 1.10851027 Accuracy: Top1: 59.7903%, Top5: 96.2124%
[Epoch 042] Time: 89.1424s | [Train] Loss: 1.08083801 Accuracy: Top1: 60.8124%, Top5: 96.4362% | [Test] Loss: 1.10747552 Accuracy: Top1: 59.7607%, Top5: 96.1333%
[Epoch 043] Time: 89.1718s | [Train] Loss: 1.07822636 Accuracy: Top1: 60.9019%, Top5: 96.4262% | [Test] Loss: 1.10655702 Accuracy: Top1: 59.7706%, Top5: 96.1432%
[Epoch 044] Time: 88.5782s | [Train] Loss: 1.07794158 Accuracy: Top1: 60.6382%, Top5: 96.4106% | [Test] Loss: 1.10649857 Accuracy: Top1: 59.4937%, Top5: 96.1729%
[Epoch 045] Time: 88.3396s | [Train] Loss: 1.07646808 Accuracy: Top1: 60.8844%, Top5: 96.5445% | [Test] Loss: 1.10599602 Accuracy: Top1: 59.8892%, Top5: 96.1630%
[Epoch 046] Time: 88.4168s | [Train] Loss: 1.07260151 Accuracy: Top1: 61.2676%, Top5: 96.4294% | [Test] Loss: 1.10579935 Accuracy: Top1: 59.9585%, Top5: 95.9751%
[Epoch 047] Time: 88.2463s | [Train] Loss: 1.07636228 Accuracy: Top1: 60.9027%, Top5: 96.4562% | [Test] Loss: 1.10612276 Accuracy: Top1: 59.6420%, Top5: 96.1828%
[Epoch 048] Time: 88.3030s | [Train] Loss: 1.07183524 Accuracy: Top1: 61.0586%, Top5: 96.4490% | [Test] Loss: 1.10473718 Accuracy: Top1: 59.8002%, Top5: 96.1135%
[Epoch 049] Time: 88.3807s | [Train] Loss: 1.07440435 Accuracy: Top1: 61.1313%, Top5: 96.4318% | [Test] Loss: 1.10559563 Accuracy: Top1: 59.8695%, Top5: 96.1036%
[Epoch 050] Time: 88.4476s | [Train] Loss: 1.07467304 Accuracy: Top1: 61.0834%, Top5: 96.4658% | [Test] Loss: 1.10487609 Accuracy: Top1: 59.7013%, Top5: 96.1036%
Files already downloaded and verified
Files already downloaded and verified
Model: VIT ConvNNAttention
Total Parameters: 12568714
Trainable Parameters: 12568714
   - Trainable Parameters: 12.56871400 M
Model Complexity (Profiler):
   - GFLOPs: 2.33636218
   - Trainable Parameters: 12.56871400 M
[Epoch 001] Time: 102.6768s | [Train] Loss: 2.03002201 Accuracy: Top1: 25.8971%, Top5: 75.6334% | [Test] Loss: 1.78218929 Accuracy: Top1: 37.2033%, Top5: 85.2947%
[Epoch 002] Time: 102.7173s | [Train] Loss: 1.73092831 Accuracy: Top1: 37.9536%, Top5: 86.1889% | [Test] Loss: 1.59774696 Accuracy: Top1: 43.0380%, Top5: 88.9933%
[Epoch 003] Time: 102.7045s | [Train] Loss: 1.57511812 Accuracy: Top1: 43.2785%, Top5: 89.4697% | [Test] Loss: 1.50109001 Accuracy: Top1: 45.8465%, Top5: 91.1491%
[Epoch 004] Time: 102.5751s | [Train] Loss: 1.48578395 Accuracy: Top1: 46.3243%, Top5: 91.1649% | [Test] Loss: 1.41992257 Accuracy: Top1: 48.6254%, Top5: 92.4248%
[Epoch 005] Time: 102.6885s | [Train] Loss: 1.42159870 Accuracy: Top1: 48.6641%, Top5: 92.4045% | [Test] Loss: 1.37566127 Accuracy: Top1: 50.6032%, Top5: 93.3445%
[Epoch 006] Time: 102.7497s | [Train] Loss: 1.37455402 Accuracy: Top1: 50.1750%, Top5: 93.0499% | [Test] Loss: 1.33667746 Accuracy: Top1: 51.8790%, Top5: 93.7104%
[Epoch 007] Time: 102.6910s | [Train] Loss: 1.33640896 Accuracy: Top1: 51.7347%, Top5: 93.5438% | [Test] Loss: 1.30903015 Accuracy: Top1: 52.5910%, Top5: 94.0665%
[Epoch 008] Time: 102.7398s | [Train] Loss: 1.30285048 Accuracy: Top1: 52.7218%, Top5: 94.1436% | [Test] Loss: 1.28356993 Accuracy: Top1: 53.7777%, Top5: 94.3532%
[Epoch 009] Time: 102.6054s | [Train] Loss: 1.27286991 Accuracy: Top1: 53.9862%, Top5: 94.4114% | [Test] Loss: 1.27414872 Accuracy: Top1: 53.8271%, Top5: 94.4521%
[Epoch 010] Time: 102.8658s | [Train] Loss: 1.25081411 Accuracy: Top1: 54.6276%, Top5: 94.7139% | [Test] Loss: 1.23575249 Accuracy: Top1: 55.4292%, Top5: 94.8180%
[Epoch 011] Time: 102.5709s | [Train] Loss: 1.22927972 Accuracy: Top1: 55.4208%, Top5: 94.9972% | [Test] Loss: 1.22308974 Accuracy: Top1: 55.8742%, Top5: 95.0257%
[Epoch 012] Time: 102.8315s | [Train] Loss: 1.20716698 Accuracy: Top1: 56.4182%, Top5: 95.1459% | [Test] Loss: 1.20756179 Accuracy: Top1: 56.1907%, Top5: 95.1938%
[Epoch 013] Time: 102.5850s | [Train] Loss: 1.18723526 Accuracy: Top1: 56.9801%, Top5: 95.4368% | [Test] Loss: 1.18845559 Accuracy: Top1: 57.1994%, Top5: 95.4411%
[Epoch 014] Time: 102.6355s | [Train] Loss: 1.17155271 Accuracy: Top1: 57.8137%, Top5: 95.4767% | [Test] Loss: 1.18171953 Accuracy: Top1: 57.3477%, Top5: 95.5103%
[Epoch 015] Time: 102.8247s | [Train] Loss: 1.15221266 Accuracy: Top1: 58.3252%, Top5: 95.6965% | [Test] Loss: 1.20385553 Accuracy: Top1: 56.9620%, Top5: 95.3125%
[Epoch 016] Time: 102.9282s | [Train] Loss: 1.13693214 Accuracy: Top1: 59.1692%, Top5: 95.8432% | [Test] Loss: 1.16794727 Accuracy: Top1: 57.7334%, Top5: 95.5301%
[Epoch 017] Time: 102.6123s | [Train] Loss: 1.12262254 Accuracy: Top1: 59.4285%, Top5: 96.0402% | [Test] Loss: 1.14111129 Accuracy: Top1: 58.7718%, Top5: 96.0146%
[Epoch 018] Time: 102.8556s | [Train] Loss: 1.10920965 Accuracy: Top1: 60.2749%, Top5: 96.1269% | [Test] Loss: 1.13823504 Accuracy: Top1: 58.9201%, Top5: 96.0641%
[Epoch 019] Time: 102.9748s | [Train] Loss: 1.09678676 Accuracy: Top1: 60.4016%, Top5: 96.1853% | [Test] Loss: 1.13538641 Accuracy: Top1: 59.1772%, Top5: 96.1036%
[Epoch 020] Time: 102.6664s | [Train] Loss: 1.08592801 Accuracy: Top1: 60.7928%, Top5: 96.2716% | [Test] Loss: 1.12463063 Accuracy: Top1: 59.6025%, Top5: 96.2421%
[Epoch 021] Time: 102.4131s | [Train] Loss: 1.07018869 Accuracy: Top1: 61.3855%, Top5: 96.4550% | [Test] Loss: 1.12263058 Accuracy: Top1: 59.5629%, Top5: 96.2124%
[Epoch 022] Time: 102.4697s | [Train] Loss: 1.06058786 Accuracy: Top1: 61.6976%, Top5: 96.5813% | [Test] Loss: 1.10776694 Accuracy: Top1: 60.2354%, Top5: 95.9652%
[Epoch 023] Time: 102.7805s | [Train] Loss: 1.05260478 Accuracy: Top1: 61.9485%, Top5: 96.4830% | [Test] Loss: 1.09082398 Accuracy: Top1: 60.3936%, Top5: 96.3212%
[Epoch 024] Time: 102.6279s | [Train] Loss: 1.04079498 Accuracy: Top1: 62.3086%, Top5: 96.6860% | [Test] Loss: 1.09554060 Accuracy: Top1: 60.6804%, Top5: 96.3014%
[Epoch 025] Time: 102.5722s | [Train] Loss: 1.03258118 Accuracy: Top1: 62.7294%, Top5: 96.7487% | [Test] Loss: 1.07758567 Accuracy: Top1: 61.1551%, Top5: 96.5882%
[Epoch 026] Time: 102.5733s | [Train] Loss: 1.02357538 Accuracy: Top1: 63.1382%, Top5: 96.7148% | [Test] Loss: 1.08000986 Accuracy: Top1: 61.0463%, Top5: 96.4201%
[Epoch 027] Time: 102.8949s | [Train] Loss: 1.01773639 Accuracy: Top1: 63.3476%, Top5: 96.8810% | [Test] Loss: 1.07000991 Accuracy: Top1: 61.6001%, Top5: 96.6278%
[Epoch 028] Time: 102.7529s | [Train] Loss: 1.00802690 Accuracy: Top1: 63.4747%, Top5: 96.8918% | [Test] Loss: 1.06031097 Accuracy: Top1: 61.6990%, Top5: 96.5783%
[Epoch 029] Time: 102.7998s | [Train] Loss: 1.00087533 Accuracy: Top1: 64.0565%, Top5: 97.0065% | [Test] Loss: 1.06303005 Accuracy: Top1: 61.9561%, Top5: 96.5190%
[Epoch 030] Time: 102.7531s | [Train] Loss: 0.99319208 Accuracy: Top1: 64.2415%, Top5: 97.0185% | [Test] Loss: 1.05467320 Accuracy: Top1: 61.9066%, Top5: 96.6475%
[Epoch 031] Time: 102.6132s | [Train] Loss: 0.98728309 Accuracy: Top1: 64.4194%, Top5: 97.0836% | [Test] Loss: 1.05727573 Accuracy: Top1: 62.1440%, Top5: 96.5783%
[Epoch 032] Time: 102.8214s | [Train] Loss: 0.98133913 Accuracy: Top1: 64.6439%, Top5: 97.1304% | [Test] Loss: 1.05439203 Accuracy: Top1: 62.2033%, Top5: 96.5289%
[Epoch 033] Time: 102.8094s | [Train] Loss: 0.97737152 Accuracy: Top1: 64.8326%, Top5: 97.2211% | [Test] Loss: 1.04767352 Accuracy: Top1: 62.4209%, Top5: 96.6179%
[Epoch 034] Time: 102.4774s | [Train] Loss: 0.97396303 Accuracy: Top1: 64.9852%, Top5: 97.2434% | [Test] Loss: 1.04423834 Accuracy: Top1: 62.5989%, Top5: 96.6080%
[Epoch 035] Time: 102.4538s | [Train] Loss: 0.96893106 Accuracy: Top1: 65.3125%, Top5: 97.1100% | [Test] Loss: 1.04460702 Accuracy: Top1: 62.5396%, Top5: 96.6970%
[Epoch 036] Time: 102.7041s | [Train] Loss: 0.96468338 Accuracy: Top1: 65.3956%, Top5: 97.2311% | [Test] Loss: 1.04420967 Accuracy: Top1: 62.4901%, Top5: 96.6970%
[Epoch 037] Time: 102.8711s | [Train] Loss: 0.96257016 Accuracy: Top1: 65.4372%, Top5: 97.3010% | [Test] Loss: 1.04302922 Accuracy: Top1: 62.7275%, Top5: 96.7366%
[Epoch 038] Time: 102.9656s | [Train] Loss: 0.95825425 Accuracy: Top1: 65.5579%, Top5: 97.2862% | [Test] Loss: 1.04144814 Accuracy: Top1: 62.4901%, Top5: 96.6772%
[Epoch 039] Time: 103.0367s | [Train] Loss: 0.95520169 Accuracy: Top1: 65.6362%, Top5: 97.3394% | [Test] Loss: 1.03812398 Accuracy: Top1: 62.5791%, Top5: 96.6673%
[Epoch 040] Time: 102.7174s | [Train] Loss: 0.95059847 Accuracy: Top1: 66.1305%, Top5: 97.1823% | [Test] Loss: 1.03890457 Accuracy: Top1: 62.7670%, Top5: 96.6179%
[Epoch 041] Time: 102.6477s | [Train] Loss: 0.94859454 Accuracy: Top1: 66.0894%, Top5: 97.4480% | [Test] Loss: 1.03798880 Accuracy: Top1: 62.9252%, Top5: 96.6377%
[Epoch 042] Time: 102.3093s | [Train] Loss: 0.94981665 Accuracy: Top1: 65.9667%, Top5: 97.3234% | [Test] Loss: 1.03544037 Accuracy: Top1: 62.9549%, Top5: 96.6673%
[Epoch 043] Time: 102.7489s | [Train] Loss: 0.94736024 Accuracy: Top1: 66.0078%, Top5: 97.3721% | [Test] Loss: 1.03668336 Accuracy: Top1: 62.7176%, Top5: 96.7267%
[Epoch 044] Time: 102.8065s | [Train] Loss: 0.94558643 Accuracy: Top1: 66.0498%, Top5: 97.3282% | [Test] Loss: 1.03519140 Accuracy: Top1: 62.9055%, Top5: 96.5981%
[Epoch 045] Time: 102.8475s | [Train] Loss: 0.94261658 Accuracy: Top1: 66.0622%, Top5: 97.3773% | [Test] Loss: 1.03528621 Accuracy: Top1: 62.9153%, Top5: 96.6179%
[Epoch 046] Time: 103.0532s | [Train] Loss: 0.94207879 Accuracy: Top1: 66.0702%, Top5: 97.4033% | [Test] Loss: 1.03471103 Accuracy: Top1: 63.0439%, Top5: 96.6871%
[Epoch 047] Time: 102.7180s | [Train] Loss: 0.94371471 Accuracy: Top1: 66.1988%, Top5: 97.3713% | [Test] Loss: 1.03465219 Accuracy: Top1: 62.9153%, Top5: 96.6970%
[Epoch 048] Time: 102.8384s | [Train] Loss: 0.94368278 Accuracy: Top1: 66.1937%, Top5: 97.4273% | [Test] Loss: 1.03437188 Accuracy: Top1: 63.0439%, Top5: 96.6871%
[Epoch 049] Time: 102.6778s | [Train] Loss: 0.94015964 Accuracy: Top1: 66.4714%, Top5: 97.3865% | [Test] Loss: 1.03469826 Accuracy: Top1: 63.0835%, Top5: 96.7069%
[Epoch 050] Time: 102.4751s | [Train] Loss: 0.94235169 Accuracy: Top1: 66.1617%, Top5: 97.4580% | [Test] Loss: 1.03475739 Accuracy: Top1: 63.0241%, Top5: 96.7366%
Files already downloaded and verified
Files already downloaded and verified
Model: VIT BranchConv
Total Parameters: 6817930
Trainable Parameters: 6817930
   - Trainable Parameters: 6.81793000 M
Model Complexity (Profiler):
   - GFLOPs: 1.98028704
   - Trainable Parameters: 6.81793000 M
[Epoch 001] Time: 65.2731s | [Train] Loss: 1.93543764 Accuracy: Top1: 30.6570%, Top5: 79.2771% | [Test] Loss: 1.74342443 Accuracy: Top1: 38.2120%, Top5: 85.6210%
[Epoch 002] Time: 65.2346s | [Train] Loss: 1.72824902 Accuracy: Top1: 38.6373%, Top5: 85.7916% | [Test] Loss: 1.64838105 Accuracy: Top1: 41.5249%, Top5: 87.5791%
[Epoch 003] Time: 65.1525s | [Train] Loss: 1.64442950 Accuracy: Top1: 41.8718%, Top5: 87.7757% | [Test] Loss: 1.58412750 Accuracy: Top1: 43.9280%, Top5: 88.8647%
[Epoch 004] Time: 65.2617s | [Train] Loss: 1.57481602 Accuracy: Top1: 44.3354%, Top5: 89.1880% | [Test] Loss: 1.52034659 Accuracy: Top1: 45.7971%, Top5: 90.0613%
[Epoch 005] Time: 64.9785s | [Train] Loss: 1.51049559 Accuracy: Top1: 46.2156%, Top5: 90.4987% | [Test] Loss: 1.46176156 Accuracy: Top1: 47.6760%, Top5: 91.4062%
[Epoch 006] Time: 65.1373s | [Train] Loss: 1.44503582 Accuracy: Top1: 48.5462%, Top5: 91.8578% | [Test] Loss: 1.39376439 Accuracy: Top1: 49.7330%, Top5: 92.6325%
[Epoch 007] Time: 65.1062s | [Train] Loss: 1.38344068 Accuracy: Top1: 50.4863%, Top5: 92.8149% | [Test] Loss: 1.34006647 Accuracy: Top1: 51.4834%, Top5: 93.7994%
[Epoch 008] Time: 64.9299s | [Train] Loss: 1.32918219 Accuracy: Top1: 52.1927%, Top5: 93.7892% | [Test] Loss: 1.30188806 Accuracy: Top1: 52.7987%, Top5: 94.1555%
[Epoch 009] Time: 65.1666s | [Train] Loss: 1.28748116 Accuracy: Top1: 53.4675%, Top5: 94.3686% | [Test] Loss: 1.26889686 Accuracy: Top1: 54.2524%, Top5: 94.6697%
[Epoch 010] Time: 65.3729s | [Train] Loss: 1.25349614 Accuracy: Top1: 54.8302%, Top5: 94.7275% | [Test] Loss: 1.24065476 Accuracy: Top1: 55.1721%, Top5: 94.8081%
[Epoch 011] Time: 65.3271s | [Train] Loss: 1.22395198 Accuracy: Top1: 55.7461%, Top5: 95.1998% | [Test] Loss: 1.22030069 Accuracy: Top1: 56.4181%, Top5: 94.9862%
[Epoch 012] Time: 65.4166s | [Train] Loss: 1.19527112 Accuracy: Top1: 56.9789%, Top5: 95.4288% | [Test] Loss: 1.20556785 Accuracy: Top1: 56.4577%, Top5: 95.2136%
[Epoch 013] Time: 65.3161s | [Train] Loss: 1.17354775 Accuracy: Top1: 57.6427%, Top5: 95.6066% | [Test] Loss: 1.18726511 Accuracy: Top1: 57.1301%, Top5: 95.3224%
[Epoch 014] Time: 65.2077s | [Train] Loss: 1.15270633 Accuracy: Top1: 58.6485%, Top5: 95.8032% | [Test] Loss: 1.16683353 Accuracy: Top1: 57.9015%, Top5: 95.7476%
[Epoch 015] Time: 65.2311s | [Train] Loss: 1.12889117 Accuracy: Top1: 59.5496%, Top5: 95.9299% | [Test] Loss: 1.16536725 Accuracy: Top1: 58.5740%, Top5: 95.6290%
[Epoch 016] Time: 65.3056s | [Train] Loss: 1.10856169 Accuracy: Top1: 60.2965%, Top5: 96.1933% | [Test] Loss: 1.14786108 Accuracy: Top1: 58.9597%, Top5: 95.7872%
[Epoch 017] Time: 65.0935s | [Train] Loss: 1.09144424 Accuracy: Top1: 61.0490%, Top5: 96.2160% | [Test] Loss: 1.13311094 Accuracy: Top1: 59.0981%, Top5: 95.8564%
[Epoch 018] Time: 65.0632s | [Train] Loss: 1.07458458 Accuracy: Top1: 61.5661%, Top5: 96.3627% | [Test] Loss: 1.11909434 Accuracy: Top1: 60.0376%, Top5: 96.1135%
[Epoch 019] Time: 65.2189s | [Train] Loss: 1.06003354 Accuracy: Top1: 61.9062%, Top5: 96.5681% | [Test] Loss: 1.12926729 Accuracy: Top1: 59.6915%, Top5: 96.0443%
[Epoch 020] Time: 65.1128s | [Train] Loss: 1.04181231 Accuracy: Top1: 62.8141%, Top5: 96.6656% | [Test] Loss: 1.10917838 Accuracy: Top1: 60.2848%, Top5: 96.2520%
[Epoch 021] Time: 65.1714s | [Train] Loss: 1.03336915 Accuracy: Top1: 63.1098%, Top5: 96.7303% | [Test] Loss: 1.10673029 Accuracy: Top1: 60.3441%, Top5: 96.3706%
[Epoch 022] Time: 65.1935s | [Train] Loss: 1.02279846 Accuracy: Top1: 63.4543%, Top5: 96.7979% | [Test] Loss: 1.09126194 Accuracy: Top1: 61.0759%, Top5: 96.3509%
[Epoch 023] Time: 65.1374s | [Train] Loss: 1.00643867 Accuracy: Top1: 64.0433%, Top5: 96.9509% | [Test] Loss: 1.08633530 Accuracy: Top1: 60.9869%, Top5: 96.3212%
[Epoch 024] Time: 65.2535s | [Train] Loss: 0.99453176 Accuracy: Top1: 64.5037%, Top5: 96.9377% | [Test] Loss: 1.08002765 Accuracy: Top1: 61.6297%, Top5: 96.3212%
[Epoch 025] Time: 65.3708s | [Train] Loss: 0.98513442 Accuracy: Top1: 65.1495%, Top5: 96.9953% | [Test] Loss: 1.07084986 Accuracy: Top1: 61.4913%, Top5: 96.5190%
[Epoch 026] Time: 65.3308s | [Train] Loss: 0.97350366 Accuracy: Top1: 65.3952%, Top5: 97.1475% | [Test] Loss: 1.06979244 Accuracy: Top1: 61.8671%, Top5: 96.6179%
[Epoch 027] Time: 65.2241s | [Train] Loss: 0.96522216 Accuracy: Top1: 65.7976%, Top5: 97.1144% | [Test] Loss: 1.06365890 Accuracy: Top1: 62.0649%, Top5: 96.5289%
[Epoch 028] Time: 65.3928s | [Train] Loss: 0.95812053 Accuracy: Top1: 65.9539%, Top5: 97.2734% | [Test] Loss: 1.06379020 Accuracy: Top1: 61.9660%, Top5: 96.6179%
[Epoch 029] Time: 65.3859s | [Train] Loss: 0.94738795 Accuracy: Top1: 66.2912%, Top5: 97.3018% | [Test] Loss: 1.05327006 Accuracy: Top1: 62.5494%, Top5: 96.6377%
[Epoch 030] Time: 65.2236s | [Train] Loss: 0.93971911 Accuracy: Top1: 66.7195%, Top5: 97.3657% | [Test] Loss: 1.05000653 Accuracy: Top1: 62.9153%, Top5: 96.7069%
[Epoch 031] Time: 65.2359s | [Train] Loss: 0.93253582 Accuracy: Top1: 66.8386%, Top5: 97.4648% | [Test] Loss: 1.05215069 Accuracy: Top1: 62.6978%, Top5: 96.5981%
[Epoch 032] Time: 65.2999s | [Train] Loss: 0.92768737 Accuracy: Top1: 67.0768%, Top5: 97.4720% | [Test] Loss: 1.04532205 Accuracy: Top1: 62.7967%, Top5: 96.5487%
[Epoch 033] Time: 65.4149s | [Train] Loss: 0.92211663 Accuracy: Top1: 67.1727%, Top5: 97.5188% | [Test] Loss: 1.04364560 Accuracy: Top1: 63.3604%, Top5: 96.6574%
[Epoch 034] Time: 65.1592s | [Train] Loss: 0.91609660 Accuracy: Top1: 67.4185%, Top5: 97.5324% | [Test] Loss: 1.03992029 Accuracy: Top1: 63.2417%, Top5: 96.6673%
[Epoch 035] Time: 65.0891s | [Train] Loss: 0.91181657 Accuracy: Top1: 67.6551%, Top5: 97.4632% | [Test] Loss: 1.04364729 Accuracy: Top1: 62.8857%, Top5: 96.7761%
[Epoch 036] Time: 65.1401s | [Train] Loss: 0.90325348 Accuracy: Top1: 67.8976%, Top5: 97.6570% | [Test] Loss: 1.04024928 Accuracy: Top1: 63.2021%, Top5: 96.6377%
[Epoch 037] Time: 65.2053s | [Train] Loss: 0.90235265 Accuracy: Top1: 67.9815%, Top5: 97.5999% | [Test] Loss: 1.03677511 Accuracy: Top1: 63.3406%, Top5: 96.6574%
[Epoch 038] Time: 65.1496s | [Train] Loss: 0.89730895 Accuracy: Top1: 68.0778%, Top5: 97.6231% | [Test] Loss: 1.03412115 Accuracy: Top1: 63.3801%, Top5: 96.7464%
[Epoch 039] Time: 65.1454s | [Train] Loss: 0.89493836 Accuracy: Top1: 68.3220%, Top5: 97.6610% | [Test] Loss: 1.03522527 Accuracy: Top1: 63.3208%, Top5: 96.7959%
[Epoch 040] Time: 65.1422s | [Train] Loss: 0.89265407 Accuracy: Top1: 68.1590%, Top5: 97.7058% | [Test] Loss: 1.03210337 Accuracy: Top1: 63.4790%, Top5: 96.7168%
[Epoch 041] Time: 65.1444s | [Train] Loss: 0.88955577 Accuracy: Top1: 68.4879%, Top5: 97.6590% | [Test] Loss: 1.03098765 Accuracy: Top1: 63.4889%, Top5: 96.6574%
[Epoch 042] Time: 65.4183s | [Train] Loss: 0.88648799 Accuracy: Top1: 68.5234%, Top5: 97.7182% | [Test] Loss: 1.03002144 Accuracy: Top1: 63.6274%, Top5: 96.7069%
[Epoch 043] Time: 65.6113s | [Train] Loss: 0.88332187 Accuracy: Top1: 68.6513%, Top5: 97.7122% | [Test] Loss: 1.03016735 Accuracy: Top1: 63.8252%, Top5: 96.6574%
[Epoch 044] Time: 65.2667s | [Train] Loss: 0.88425763 Accuracy: Top1: 68.5790%, Top5: 97.7370% | [Test] Loss: 1.02846048 Accuracy: Top1: 63.5779%, Top5: 96.7168%
[Epoch 045] Time: 65.2996s | [Train] Loss: 0.88350686 Accuracy: Top1: 68.5062%, Top5: 97.7829% | [Test] Loss: 1.02851868 Accuracy: Top1: 63.6472%, Top5: 96.7563%
[Epoch 046] Time: 65.2611s | [Train] Loss: 0.88249912 Accuracy: Top1: 68.2581%, Top5: 97.8241% | [Test] Loss: 1.02788321 Accuracy: Top1: 63.4691%, Top5: 96.7069%
[Epoch 047] Time: 65.2142s | [Train] Loss: 0.88016268 Accuracy: Top1: 68.6745%, Top5: 97.7470% | [Test] Loss: 1.02780791 Accuracy: Top1: 63.6076%, Top5: 96.7168%
[Epoch 048] Time: 65.1433s | [Train] Loss: 0.88098135 Accuracy: Top1: 68.7632%, Top5: 97.7266% | [Test] Loss: 1.02787810 Accuracy: Top1: 63.5581%, Top5: 96.6970%
[Epoch 049] Time: 65.3773s | [Train] Loss: 0.87786590 Accuracy: Top1: 68.9966%, Top5: 97.7558% | [Test] Loss: 1.02774077 Accuracy: Top1: 63.6076%, Top5: 96.7366%
[Epoch 050] Time: 65.3457s | [Train] Loss: 0.87829518 Accuracy: Top1: 69.0149%, Top5: 97.7586% | [Test] Loss: 1.02785133 Accuracy: Top1: 63.6076%, Top5: 96.7464%
Files already downloaded and verified
Files already downloaded and verified
Model: VIT BranchAttention
Total Parameters: 6044938
Trainable Parameters: 6044938
   - Trainable Parameters: 6.04493800 M
Model Complexity (Profiler):
   - GFLOPs: 2.24626541
   - Trainable Parameters: 6.04493800 M
[Epoch 001] Time: 69.0965s | [Train] Loss: 2.05185697 Accuracy: Top1: 23.9938%, Top5: 75.8800% | [Test] Loss: 1.90693738 Accuracy: Top1: 31.3093%, Top5: 82.1301%
[Epoch 002] Time: 68.9416s | [Train] Loss: 1.87606385 Accuracy: Top1: 31.2900%, Top5: 82.8904% | [Test] Loss: 1.74407206 Accuracy: Top1: 37.2627%, Top5: 86.4122%
[Epoch 003] Time: 68.8579s | [Train] Loss: 1.69125223 Accuracy: Top1: 37.8920%, Top5: 87.5468% | [Test] Loss: 1.56762292 Accuracy: Top1: 42.8797%, Top5: 90.0020%
[Epoch 004] Time: 69.0773s | [Train] Loss: 1.58283310 Accuracy: Top1: 41.7423%, Top5: 89.6867% | [Test] Loss: 1.50336728 Accuracy: Top1: 45.8465%, Top5: 91.2678%
[Epoch 005] Time: 69.2485s | [Train] Loss: 1.51659778 Accuracy: Top1: 44.5033%, Top5: 91.0034% | [Test] Loss: 1.45861341 Accuracy: Top1: 46.9838%, Top5: 91.9304%
[Epoch 006] Time: 69.1054s | [Train] Loss: 1.46465552 Accuracy: Top1: 46.6508%, Top5: 91.8622% | [Test] Loss: 1.41644491 Accuracy: Top1: 49.0309%, Top5: 92.6820%
[Epoch 007] Time: 69.0142s | [Train] Loss: 1.42259111 Accuracy: Top1: 47.9859%, Top5: 92.6171% | [Test] Loss: 1.36854702 Accuracy: Top1: 50.2472%, Top5: 93.4335%
[Epoch 008] Time: 68.8079s | [Train] Loss: 1.38660144 Accuracy: Top1: 49.5336%, Top5: 93.0974% | [Test] Loss: 1.36205748 Accuracy: Top1: 50.4252%, Top5: 93.4335%
[Epoch 009] Time: 69.0190s | [Train] Loss: 1.35407823 Accuracy: Top1: 50.3940%, Top5: 93.5406% | [Test] Loss: 1.32381453 Accuracy: Top1: 51.7801%, Top5: 94.1159%
[Epoch 010] Time: 69.0682s | [Train] Loss: 1.32810333 Accuracy: Top1: 51.4078%, Top5: 93.8811% | [Test] Loss: 1.30392785 Accuracy: Top1: 52.2943%, Top5: 94.3038%
[Epoch 011] Time: 68.8359s | [Train] Loss: 1.30153146 Accuracy: Top1: 52.5428%, Top5: 94.2803% | [Test] Loss: 1.27625293 Accuracy: Top1: 53.5206%, Top5: 94.5906%
[Epoch 012] Time: 69.1007s | [Train] Loss: 1.27638520 Accuracy: Top1: 53.3748%, Top5: 94.5005% | [Test] Loss: 1.24406787 Accuracy: Top1: 54.7369%, Top5: 94.8279%
[Epoch 013] Time: 69.0770s | [Train] Loss: 1.25358563 Accuracy: Top1: 54.1540%, Top5: 94.7914% | [Test] Loss: 1.22568103 Accuracy: Top1: 55.3896%, Top5: 95.1543%
[Epoch 014] Time: 69.0025s | [Train] Loss: 1.23472824 Accuracy: Top1: 54.9145%, Top5: 94.9772% | [Test] Loss: 1.22128378 Accuracy: Top1: 55.6962%, Top5: 95.2037%
[Epoch 015] Time: 69.1021s | [Train] Loss: 1.21148701 Accuracy: Top1: 56.0158%, Top5: 95.1982% | [Test] Loss: 1.21294099 Accuracy: Top1: 55.8841%, Top5: 95.4114%
[Epoch 016] Time: 68.7595s | [Train] Loss: 1.19320068 Accuracy: Top1: 56.5265%, Top5: 95.3848% | [Test] Loss: 1.18550652 Accuracy: Top1: 57.1598%, Top5: 95.6487%
[Epoch 017] Time: 68.9444s | [Train] Loss: 1.17636547 Accuracy: Top1: 57.3849%, Top5: 95.5167% | [Test] Loss: 1.15317929 Accuracy: Top1: 58.0894%, Top5: 95.9652%
[Epoch 018] Time: 68.9830s | [Train] Loss: 1.15800801 Accuracy: Top1: 57.9727%, Top5: 95.7717% | [Test] Loss: 1.14006079 Accuracy: Top1: 58.5443%, Top5: 96.0839%
[Epoch 019] Time: 69.1798s | [Train] Loss: 1.14312173 Accuracy: Top1: 58.6429%, Top5: 95.8568% | [Test] Loss: 1.14629157 Accuracy: Top1: 57.9114%, Top5: 96.0740%
[Epoch 020] Time: 69.1803s | [Train] Loss: 1.12760584 Accuracy: Top1: 59.1944%, Top5: 96.0510% | [Test] Loss: 1.13318819 Accuracy: Top1: 59.0091%, Top5: 96.0443%
[Epoch 021] Time: 69.1003s | [Train] Loss: 1.11521704 Accuracy: Top1: 59.5380%, Top5: 96.1041% | [Test] Loss: 1.11858708 Accuracy: Top1: 59.7409%, Top5: 96.3410%
[Epoch 022] Time: 69.1513s | [Train] Loss: 1.10087220 Accuracy: Top1: 60.0412%, Top5: 96.2264% | [Test] Loss: 1.09441679 Accuracy: Top1: 60.3046%, Top5: 96.4498%
[Epoch 023] Time: 68.9224s | [Train] Loss: 1.09215679 Accuracy: Top1: 60.6326%, Top5: 96.2360% | [Test] Loss: 1.08438091 Accuracy: Top1: 60.9573%, Top5: 96.5190%
[Epoch 024] Time: 68.8615s | [Train] Loss: 1.08099820 Accuracy: Top1: 61.0722%, Top5: 96.4518% | [Test] Loss: 1.08610611 Accuracy: Top1: 60.5518%, Top5: 96.6574%
[Epoch 025] Time: 69.1298s | [Train] Loss: 1.06922732 Accuracy: Top1: 61.3631%, Top5: 96.5581% | [Test] Loss: 1.06755483 Accuracy: Top1: 61.3430%, Top5: 96.6871%
[Epoch 026] Time: 69.0662s | [Train] Loss: 1.06281361 Accuracy: Top1: 61.8686%, Top5: 96.6240% | [Test] Loss: 1.06305869 Accuracy: Top1: 61.7880%, Top5: 96.6278%
[Epoch 027] Time: 68.8149s | [Train] Loss: 1.05126651 Accuracy: Top1: 62.0069%, Top5: 96.6940% | [Test] Loss: 1.05686932 Accuracy: Top1: 62.0451%, Top5: 96.8058%
[Epoch 028] Time: 69.1608s | [Train] Loss: 1.04319600 Accuracy: Top1: 62.3721%, Top5: 96.6840% | [Test] Loss: 1.05184434 Accuracy: Top1: 62.0352%, Top5: 96.6574%
[Epoch 029] Time: 68.8990s | [Train] Loss: 1.03740601 Accuracy: Top1: 62.5691%, Top5: 96.7887% | [Test] Loss: 1.04237666 Accuracy: Top1: 62.6187%, Top5: 96.7860%
[Epoch 030] Time: 68.9711s | [Train] Loss: 1.03134459 Accuracy: Top1: 62.8473%, Top5: 96.7855% | [Test] Loss: 1.03684714 Accuracy: Top1: 62.8263%, Top5: 96.8651%
[Epoch 031] Time: 69.1037s | [Train] Loss: 1.02298621 Accuracy: Top1: 63.5118%, Top5: 96.8526% | [Test] Loss: 1.03930401 Accuracy: Top1: 62.8560%, Top5: 96.9244%
[Epoch 032] Time: 69.2017s | [Train] Loss: 1.01771765 Accuracy: Top1: 63.3863%, Top5: 96.9182% | [Test] Loss: 1.02662654 Accuracy: Top1: 63.0538%, Top5: 96.9541%
[Epoch 033] Time: 69.1401s | [Train] Loss: 1.01308438 Accuracy: Top1: 63.4495%, Top5: 97.0165% | [Test] Loss: 1.02339548 Accuracy: Top1: 63.0934%, Top5: 96.8552%
[Epoch 034] Time: 69.1700s | [Train] Loss: 1.00567729 Accuracy: Top1: 63.9894%, Top5: 97.0045% | [Test] Loss: 1.01632853 Accuracy: Top1: 63.6472%, Top5: 97.0728%
[Epoch 035] Time: 69.2414s | [Train] Loss: 1.00197405 Accuracy: Top1: 64.1037%, Top5: 97.0185% | [Test] Loss: 1.02034342 Accuracy: Top1: 63.6669%, Top5: 96.9838%
[Epoch 036] Time: 68.4953s | [Train] Loss: 0.99821127 Accuracy: Top1: 64.0781%, Top5: 97.0384% | [Test] Loss: 1.01502571 Accuracy: Top1: 63.7362%, Top5: 96.9937%
[Epoch 037] Time: 68.9528s | [Train] Loss: 0.99437766 Accuracy: Top1: 64.2219%, Top5: 97.0816% | [Test] Loss: 1.01342479 Accuracy: Top1: 63.7362%, Top5: 96.9739%
[Epoch 038] Time: 69.0975s | [Train] Loss: 0.99190311 Accuracy: Top1: 64.4018%, Top5: 97.1304% | [Test] Loss: 1.00966128 Accuracy: Top1: 63.8350%, Top5: 97.0134%
[Epoch 039] Time: 69.1543s | [Train] Loss: 0.98738070 Accuracy: Top1: 64.6427%, Top5: 97.1024% | [Test] Loss: 1.00585114 Accuracy: Top1: 64.0328%, Top5: 97.0629%
[Epoch 040] Time: 69.2063s | [Train] Loss: 0.98472254 Accuracy: Top1: 64.5524%, Top5: 97.1839% | [Test] Loss: 1.00731175 Accuracy: Top1: 63.9043%, Top5: 97.1321%
[Epoch 041] Time: 69.0335s | [Train] Loss: 0.98377675 Accuracy: Top1: 64.6264%, Top5: 97.1827% | [Test] Loss: 1.00437127 Accuracy: Top1: 64.1416%, Top5: 97.0431%
[Epoch 042] Time: 69.1124s | [Train] Loss: 0.98267240 Accuracy: Top1: 64.6943%, Top5: 97.1395% | [Test] Loss: 1.00237979 Accuracy: Top1: 64.0131%, Top5: 97.1123%
[Epoch 043] Time: 68.8586s | [Train] Loss: 0.98043191 Accuracy: Top1: 64.7782%, Top5: 97.2191% | [Test] Loss: 1.00188217 Accuracy: Top1: 64.1911%, Top5: 97.0530%
[Epoch 044] Time: 68.8802s | [Train] Loss: 0.97918276 Accuracy: Top1: 64.8861%, Top5: 97.1727% | [Test] Loss: 1.00159909 Accuracy: Top1: 64.2108%, Top5: 97.1816%
[Epoch 045] Time: 68.7930s | [Train] Loss: 0.97949629 Accuracy: Top1: 65.0460%, Top5: 97.0984% | [Test] Loss: 0.99949929 Accuracy: Top1: 64.2998%, Top5: 97.1618%
[Epoch 046] Time: 69.0701s | [Train] Loss: 0.97578112 Accuracy: Top1: 65.0535%, Top5: 97.3609% | [Test] Loss: 1.00062911 Accuracy: Top1: 64.2900%, Top5: 97.0926%
[Epoch 047] Time: 69.0339s | [Train] Loss: 0.97640297 Accuracy: Top1: 65.0831%, Top5: 97.1843% | [Test] Loss: 1.00045063 Accuracy: Top1: 64.2603%, Top5: 97.0827%
[Epoch 048] Time: 69.0099s | [Train] Loss: 0.97749389 Accuracy: Top1: 64.9437%, Top5: 97.1923% | [Test] Loss: 0.99953491 Accuracy: Top1: 64.2504%, Top5: 97.1222%
[Epoch 049] Time: 68.9659s | [Train] Loss: 0.97617127 Accuracy: Top1: 65.1658%, Top5: 97.1963% | [Test] Loss: 0.99950489 Accuracy: Top1: 64.3196%, Top5: 97.1618%
[Epoch 050] Time: 69.1341s | [Train] Loss: 0.97337018 Accuracy: Top1: 65.0356%, Top5: 97.2095% | [Test] Loss: 0.99948393 Accuracy: Top1: 64.4185%, Top5: 97.1618%
