Files already downloaded and verified
Files already downloaded and verified
Model: VIT ConvNNAttention_Modified
Total Parameters: 5080750
Trainable Parameters: 5080750
   - Trainable Parameters: 5.08075000 M
Model Complexity (Profiler):
   - GFLOPs: 2.15755867
   - Trainable Parameters: 5.08075000 M
[Epoch 001] Time: 54.5715s | [Train] Loss: 2.13301219 Accuracy: Top1: 19.8126%, Top5: 69.4981% | [Test] Loss: 1.88497117 Accuracy: Top1: 30.8149%, Top5: 82.0708%
[Epoch 002] Time: 54.2178s | [Train] Loss: 1.84731555 Accuracy: Top1: 31.5745%, Top5: 83.2241% | [Test] Loss: 1.71929060 Accuracy: Top1: 37.6780%, Top5: 86.5012%
[Epoch 003] Time: 54.7939s | [Train] Loss: 1.72509378 Accuracy: Top1: 36.2784%, Top5: 86.4658% | [Test] Loss: 1.62456304 Accuracy: Top1: 40.8722%, Top5: 88.8746%
[Epoch 004] Time: 54.7665s | [Train] Loss: 1.65193112 Accuracy: Top1: 39.1804%, Top5: 88.2964% | [Test] Loss: 1.59871484 Accuracy: Top1: 41.8710%, Top5: 89.8536%
[Epoch 005] Time: 54.6590s | [Train] Loss: 1.60553106 Accuracy: Top1: 40.8420%, Top5: 89.3230% | [Test] Loss: 1.55302378 Accuracy: Top1: 43.5324%, Top5: 90.7140%
[Epoch 006] Time: 54.9917s | [Train] Loss: 1.56776995 Accuracy: Top1: 42.1839%, Top5: 90.0208% | [Test] Loss: 1.51428866 Accuracy: Top1: 44.3434%, Top5: 91.0008%
[Epoch 007] Time: 55.0270s | [Train] Loss: 1.52871358 Accuracy: Top1: 43.8271%, Top5: 90.7932% | [Test] Loss: 1.47448893 Accuracy: Top1: 45.5004%, Top5: 91.9502%
[Epoch 008] Time: 55.0023s | [Train] Loss: 1.50595878 Accuracy: Top1: 44.8673%, Top5: 91.0802% | [Test] Loss: 1.47141372 Accuracy: Top1: 46.2816%, Top5: 91.8710%
[Epoch 009] Time: 54.8469s | [Train] Loss: 1.47678108 Accuracy: Top1: 45.5599%, Top5: 91.6704% | [Test] Loss: 1.42293853 Accuracy: Top1: 47.5178%, Top5: 92.4842%
[Epoch 010] Time: 54.9291s | [Train] Loss: 1.44923282 Accuracy: Top1: 47.0097%, Top5: 92.0141% | [Test] Loss: 1.40333731 Accuracy: Top1: 48.3782%, Top5: 93.2259%
[Epoch 011] Time: 54.8853s | [Train] Loss: 1.42658768 Accuracy: Top1: 47.7929%, Top5: 92.4976% | [Test] Loss: 1.38664317 Accuracy: Top1: 49.4264%, Top5: 93.4138%
[Epoch 012] Time: 54.8037s | [Train] Loss: 1.40205631 Accuracy: Top1: 48.5506%, Top5: 92.8197% | [Test] Loss: 1.36000733 Accuracy: Top1: 50.0791%, Top5: 94.0961%
[Epoch 013] Time: 54.5694s | [Train] Loss: 1.38520025 Accuracy: Top1: 49.2172%, Top5: 93.1086% | [Test] Loss: 1.35285871 Accuracy: Top1: 50.2472%, Top5: 93.9280%
[Epoch 014] Time: 54.7869s | [Train] Loss: 1.37063465 Accuracy: Top1: 49.8597%, Top5: 93.2517% | [Test] Loss: 1.33594651 Accuracy: Top1: 50.9988%, Top5: 94.1159%
[Epoch 015] Time: 54.8508s | [Train] Loss: 1.34786842 Accuracy: Top1: 50.5227%, Top5: 93.8263% | [Test] Loss: 1.31304869 Accuracy: Top1: 51.6218%, Top5: 94.3631%
[Epoch 016] Time: 54.9667s | [Train] Loss: 1.33232282 Accuracy: Top1: 51.1041%, Top5: 93.8923% | [Test] Loss: 1.30871051 Accuracy: Top1: 52.0767%, Top5: 94.2840%
[Epoch 017] Time: 55.2728s | [Train] Loss: 1.32208680 Accuracy: Top1: 51.4830%, Top5: 93.9646% | [Test] Loss: 1.30064554 Accuracy: Top1: 51.9482%, Top5: 94.5411%
[Epoch 018] Time: 54.7740s | [Train] Loss: 1.30583029 Accuracy: Top1: 52.1983%, Top5: 94.2028% | [Test] Loss: 1.28827445 Accuracy: Top1: 52.5415%, Top5: 94.8081%
[Epoch 019] Time: 54.6058s | [Train] Loss: 1.29584457 Accuracy: Top1: 52.1483%, Top5: 94.0961% | [Test] Loss: 1.28818311 Accuracy: Top1: 52.9173%, Top5: 94.7686%
[Epoch 020] Time: 54.8061s | [Train] Loss: 1.28760884 Accuracy: Top1: 52.7498%, Top5: 94.4605% | [Test] Loss: 1.26142654 Accuracy: Top1: 53.6195%, Top5: 95.0356%
[Epoch 021] Time: 54.9058s | [Train] Loss: 1.27735835 Accuracy: Top1: 52.9576%, Top5: 94.6084% | [Test] Loss: 1.25980369 Accuracy: Top1: 53.9953%, Top5: 95.0356%
[Epoch 022] Time: 54.9578s | [Train] Loss: 1.26527964 Accuracy: Top1: 53.5514%, Top5: 94.6971% | [Test] Loss: 1.25250835 Accuracy: Top1: 54.0249%, Top5: 94.9664%
[Epoch 023] Time: 54.4367s | [Train] Loss: 1.25822256 Accuracy: Top1: 53.7372%, Top5: 94.7307% | [Test] Loss: 1.23974252 Accuracy: Top1: 54.7369%, Top5: 95.0257%
[Epoch 024] Time: 55.0810s | [Train] Loss: 1.24770815 Accuracy: Top1: 54.3566%, Top5: 94.8617% | [Test] Loss: 1.24629594 Accuracy: Top1: 54.6183%, Top5: 95.2433%
[Epoch 025] Time: 54.8342s | [Train] Loss: 1.24182182 Accuracy: Top1: 54.3842%, Top5: 95.0352% | [Test] Loss: 1.23285747 Accuracy: Top1: 54.8457%, Top5: 94.8972%
[Epoch 026] Time: 54.8282s | [Train] Loss: 1.23960232 Accuracy: Top1: 54.4889%, Top5: 94.9700% | [Test] Loss: 1.21960765 Accuracy: Top1: 55.3600%, Top5: 95.4411%
[Epoch 027] Time: 54.5383s | [Train] Loss: 1.22787425 Accuracy: Top1: 54.8733%, Top5: 95.0787% | [Test] Loss: 1.21860760 Accuracy: Top1: 55.7358%, Top5: 95.2729%
[Epoch 028] Time: 54.8640s | [Train] Loss: 1.22124793 Accuracy: Top1: 55.3041%, Top5: 95.1107% | [Test] Loss: 1.21066034 Accuracy: Top1: 56.0028%, Top5: 95.3125%
[Epoch 029] Time: 54.8928s | [Train] Loss: 1.21655786 Accuracy: Top1: 55.3177%, Top5: 95.2578% | [Test] Loss: 1.21058419 Accuracy: Top1: 56.0918%, Top5: 95.1543%
[Epoch 030] Time: 54.5694s | [Train] Loss: 1.21101385 Accuracy: Top1: 55.6278%, Top5: 95.2741% | [Test] Loss: 1.21706004 Accuracy: Top1: 56.0225%, Top5: 95.4806%
[Epoch 031] Time: 54.8438s | [Train] Loss: 1.20629550 Accuracy: Top1: 55.7465%, Top5: 95.3413% | [Test] Loss: 1.20391300 Accuracy: Top1: 56.4972%, Top5: 95.3026%
[Epoch 032] Time: 54.7923s | [Train] Loss: 1.20126968 Accuracy: Top1: 55.7065%, Top5: 95.4508% | [Test] Loss: 1.19816050 Accuracy: Top1: 56.5368%, Top5: 95.4707%
[Epoch 033] Time: 54.8523s | [Train] Loss: 1.19681138 Accuracy: Top1: 56.1277%, Top5: 95.3189% | [Test] Loss: 1.19534011 Accuracy: Top1: 56.8434%, Top5: 95.5103%
[Epoch 034] Time: 54.8925s | [Train] Loss: 1.19603195 Accuracy: Top1: 56.1513%, Top5: 95.4312% | [Test] Loss: 1.19554848 Accuracy: Top1: 56.6456%, Top5: 95.5202%
[Epoch 035] Time: 55.0116s | [Train] Loss: 1.19251913 Accuracy: Top1: 56.2448%, Top5: 95.4664% | [Test] Loss: 1.19051723 Accuracy: Top1: 56.7049%, Top5: 95.5103%
[Epoch 036] Time: 54.9679s | [Train] Loss: 1.18858482 Accuracy: Top1: 56.4166%, Top5: 95.5271% | [Test] Loss: 1.19022352 Accuracy: Top1: 57.0115%, Top5: 95.5498%
[Epoch 037] Time: 54.9129s | [Train] Loss: 1.18190564 Accuracy: Top1: 56.6560%, Top5: 95.5579% | [Test] Loss: 1.19133032 Accuracy: Top1: 56.9719%, Top5: 95.3521%
[Epoch 038] Time: 55.0257s | [Train] Loss: 1.18360805 Accuracy: Top1: 56.7120%, Top5: 95.5986% | [Test] Loss: 1.18855095 Accuracy: Top1: 56.8631%, Top5: 95.5202%
[Epoch 039] Time: 54.8275s | [Train] Loss: 1.18071410 Accuracy: Top1: 56.5701%, Top5: 95.5379% | [Test] Loss: 1.18611878 Accuracy: Top1: 57.2686%, Top5: 95.5894%
[Epoch 040] Time: 54.6992s | [Train] Loss: 1.17809686 Accuracy: Top1: 56.5941%, Top5: 95.6126% | [Test] Loss: 1.18272596 Accuracy: Top1: 57.1796%, Top5: 95.5498%
[Epoch 041] Time: 54.8465s | [Train] Loss: 1.17601083 Accuracy: Top1: 56.7875%, Top5: 95.6546% | [Test] Loss: 1.18261879 Accuracy: Top1: 57.2587%, Top5: 95.5103%
[Epoch 042] Time: 54.9164s | [Train] Loss: 1.17688585 Accuracy: Top1: 56.7463%, Top5: 95.5515% | [Test] Loss: 1.18158169 Accuracy: Top1: 57.5554%, Top5: 95.5597%
[Epoch 043] Time: 55.0616s | [Train] Loss: 1.17135898 Accuracy: Top1: 57.0932%, Top5: 95.6126% | [Test] Loss: 1.18130852 Accuracy: Top1: 57.4070%, Top5: 95.7575%
[Epoch 044] Time: 54.7392s | [Train] Loss: 1.17197018 Accuracy: Top1: 57.2119%, Top5: 95.6594% | [Test] Loss: 1.17855250 Accuracy: Top1: 57.4862%, Top5: 95.7773%
[Epoch 045] Time: 54.8751s | [Train] Loss: 1.17058963 Accuracy: Top1: 56.8790%, Top5: 95.6074% | [Test] Loss: 1.17985287 Accuracy: Top1: 57.6345%, Top5: 95.8366%
[Epoch 046] Time: 54.8693s | [Train] Loss: 1.17236415 Accuracy: Top1: 56.8155%, Top5: 95.6594% | [Test] Loss: 1.17877686 Accuracy: Top1: 57.4268%, Top5: 95.6883%
[Epoch 047] Time: 54.9281s | [Train] Loss: 1.16885392 Accuracy: Top1: 56.8762%, Top5: 95.7217% | [Test] Loss: 1.17785954 Accuracy: Top1: 57.5257%, Top5: 95.7575%
[Epoch 048] Time: 54.8052s | [Train] Loss: 1.17200657 Accuracy: Top1: 56.9182%, Top5: 95.6050% | [Test] Loss: 1.17723301 Accuracy: Top1: 57.5949%, Top5: 95.7081%
[Epoch 049] Time: 54.8126s | [Train] Loss: 1.16722939 Accuracy: Top1: 57.3362%, Top5: 95.7397% | [Test] Loss: 1.17767195 Accuracy: Top1: 57.6345%, Top5: 95.6784%
[Epoch 050] Time: 55.0509s | [Train] Loss: 1.17036943 Accuracy: Top1: 56.9070%, Top5: 95.6038% | [Test] Loss: 1.17767848 Accuracy: Top1: 57.5949%, Top5: 95.7377%
Files already downloaded and verified
Files already downloaded and verified
Model: VIT ConvNNAttention_Modified
Total Parameters: 5115310
Trainable Parameters: 5115310
   - Trainable Parameters: 5.11531000 M
Model Complexity (Profiler):
   - GFLOPs: 2.15759413
   - Trainable Parameters: 5.11531000 M
[Epoch 001] Time: 57.2886s | [Train] Loss: 2.09103082 Accuracy: Top1: 21.3004%, Top5: 70.7956% | [Test] Loss: 1.82581070 Accuracy: Top1: 34.0388%, Top5: 84.8002%
[Epoch 002] Time: 56.4727s | [Train] Loss: 1.79715691 Accuracy: Top1: 33.8075%, Top5: 85.0520% | [Test] Loss: 1.66764122 Accuracy: Top1: 39.8833%, Top5: 87.8066%
[Epoch 003] Time: 56.8263s | [Train] Loss: 1.67440982 Accuracy: Top1: 38.6721%, Top5: 87.8173% | [Test] Loss: 1.57364020 Accuracy: Top1: 42.8006%, Top5: 89.9328%
[Epoch 004] Time: 56.7325s | [Train] Loss: 1.60632757 Accuracy: Top1: 41.4078%, Top5: 89.1892% | [Test] Loss: 1.51628815 Accuracy: Top1: 44.7290%, Top5: 90.4173%
[Epoch 005] Time: 56.9907s | [Train] Loss: 1.54444969 Accuracy: Top1: 43.5010%, Top5: 90.6066% | [Test] Loss: 1.48451008 Accuracy: Top1: 46.4201%, Top5: 91.4062%
[Epoch 006] Time: 56.9441s | [Train] Loss: 1.49518636 Accuracy: Top1: 45.1307%, Top5: 91.4170% | [Test] Loss: 1.42136139 Accuracy: Top1: 48.0914%, Top5: 92.6424%
[Epoch 007] Time: 56.8699s | [Train] Loss: 1.45283845 Accuracy: Top1: 46.6776%, Top5: 92.0880% | [Test] Loss: 1.39460565 Accuracy: Top1: 49.3770%, Top5: 93.0083%
[Epoch 008] Time: 56.9214s | [Train] Loss: 1.42459533 Accuracy: Top1: 47.7114%, Top5: 92.5655% | [Test] Loss: 1.39010140 Accuracy: Top1: 49.4858%, Top5: 93.2259%
[Epoch 009] Time: 56.8938s | [Train] Loss: 1.39706850 Accuracy: Top1: 48.4311%, Top5: 92.8601% | [Test] Loss: 1.35646282 Accuracy: Top1: 50.6725%, Top5: 93.7896%
[Epoch 010] Time: 56.7916s | [Train] Loss: 1.36966126 Accuracy: Top1: 49.6719%, Top5: 93.5102% | [Test] Loss: 1.34088547 Accuracy: Top1: 51.4933%, Top5: 93.7797%
[Epoch 011] Time: 56.7414s | [Train] Loss: 1.35077898 Accuracy: Top1: 50.4496%, Top5: 93.6925% | [Test] Loss: 1.32960031 Accuracy: Top1: 51.8097%, Top5: 94.2642%
[Epoch 012] Time: 56.8604s | [Train] Loss: 1.33331774 Accuracy: Top1: 50.8848%, Top5: 93.7840% | [Test] Loss: 1.31297903 Accuracy: Top1: 52.3536%, Top5: 94.2148%
[Epoch 013] Time: 56.6832s | [Train] Loss: 1.30939964 Accuracy: Top1: 51.8570%, Top5: 94.3099% | [Test] Loss: 1.28707711 Accuracy: Top1: 53.0657%, Top5: 94.6994%
[Epoch 014] Time: 56.7649s | [Train] Loss: 1.29386165 Accuracy: Top1: 52.6451%, Top5: 94.4769% | [Test] Loss: 1.27845436 Accuracy: Top1: 53.6887%, Top5: 94.6104%
[Epoch 015] Time: 56.8575s | [Train] Loss: 1.27927807 Accuracy: Top1: 53.1410%, Top5: 94.5900% | [Test] Loss: 1.25664906 Accuracy: Top1: 53.9755%, Top5: 94.7587%
[Epoch 016] Time: 56.9106s | [Train] Loss: 1.26045613 Accuracy: Top1: 53.7472%, Top5: 94.8509% | [Test] Loss: 1.23860041 Accuracy: Top1: 54.8853%, Top5: 95.1048%
[Epoch 017] Time: 56.9205s | [Train] Loss: 1.24796888 Accuracy: Top1: 54.1644%, Top5: 95.0508% | [Test] Loss: 1.23551848 Accuracy: Top1: 54.7963%, Top5: 94.9070%
[Epoch 018] Time: 56.7416s | [Train] Loss: 1.23626392 Accuracy: Top1: 54.7155%, Top5: 95.0000% | [Test] Loss: 1.23651692 Accuracy: Top1: 55.1028%, Top5: 95.0752%
[Epoch 019] Time: 56.9371s | [Train] Loss: 1.22267999 Accuracy: Top1: 55.1838%, Top5: 95.2713% | [Test] Loss: 1.25728637 Accuracy: Top1: 54.7765%, Top5: 94.7983%
[Epoch 020] Time: 56.9709s | [Train] Loss: 1.20922698 Accuracy: Top1: 55.9131%, Top5: 95.3465% | [Test] Loss: 1.19999991 Accuracy: Top1: 56.5763%, Top5: 95.3422%
[Epoch 021] Time: 56.8897s | [Train] Loss: 1.20222162 Accuracy: Top1: 56.2264%, Top5: 95.3736% | [Test] Loss: 1.19726582 Accuracy: Top1: 56.6159%, Top5: 95.4707%
[Epoch 022] Time: 56.7548s | [Train] Loss: 1.18684946 Accuracy: Top1: 56.7176%, Top5: 95.5419% | [Test] Loss: 1.19048305 Accuracy: Top1: 56.3884%, Top5: 95.5301%
[Epoch 023] Time: 56.7889s | [Train] Loss: 1.18040941 Accuracy: Top1: 56.9150%, Top5: 95.4923% | [Test] Loss: 1.18214764 Accuracy: Top1: 57.3972%, Top5: 95.4213%
[Epoch 024] Time: 56.7782s | [Train] Loss: 1.16916797 Accuracy: Top1: 57.4313%, Top5: 95.6282% | [Test] Loss: 1.17655392 Accuracy: Top1: 57.3576%, Top5: 95.6487%
[Epoch 025] Time: 56.7525s | [Train] Loss: 1.16213876 Accuracy: Top1: 57.4301%, Top5: 95.8088% | [Test] Loss: 1.16650481 Accuracy: Top1: 57.6147%, Top5: 95.6092%
[Epoch 026] Time: 56.8375s | [Train] Loss: 1.15404357 Accuracy: Top1: 57.9564%, Top5: 95.8408% | [Test] Loss: 1.16890234 Accuracy: Top1: 57.7729%, Top5: 95.8564%
[Epoch 027] Time: 56.6821s | [Train] Loss: 1.14913576 Accuracy: Top1: 58.0347%, Top5: 95.9926% | [Test] Loss: 1.15699156 Accuracy: Top1: 58.2377%, Top5: 95.8465%
[Epoch 028] Time: 56.9084s | [Train] Loss: 1.13999502 Accuracy: Top1: 58.4771%, Top5: 96.0766% | [Test] Loss: 1.16103376 Accuracy: Top1: 58.1092%, Top5: 95.7773%
[Epoch 029] Time: 56.7828s | [Train] Loss: 1.13581360 Accuracy: Top1: 58.6605%, Top5: 96.0038% | [Test] Loss: 1.14913087 Accuracy: Top1: 58.6135%, Top5: 95.7575%
[Epoch 030] Time: 56.8615s | [Train] Loss: 1.12641990 Accuracy: Top1: 58.8731%, Top5: 96.1661% | [Test] Loss: 1.16025468 Accuracy: Top1: 57.9015%, Top5: 95.7872%
[Epoch 031] Time: 56.6656s | [Train] Loss: 1.12347616 Accuracy: Top1: 59.2076%, Top5: 96.1421% | [Test] Loss: 1.15225304 Accuracy: Top1: 58.3762%, Top5: 95.8070%
[Epoch 032] Time: 56.3954s | [Train] Loss: 1.11864053 Accuracy: Top1: 59.0921%, Top5: 96.2480% | [Test] Loss: 1.13589797 Accuracy: Top1: 58.4454%, Top5: 95.9751%
[Epoch 033] Time: 57.1499s | [Train] Loss: 1.11720762 Accuracy: Top1: 59.4541%, Top5: 96.1645% | [Test] Loss: 1.12986191 Accuracy: Top1: 58.9300%, Top5: 95.9157%
[Epoch 034] Time: 56.8747s | [Train] Loss: 1.11038861 Accuracy: Top1: 59.5281%, Top5: 96.1645% | [Test] Loss: 1.12771845 Accuracy: Top1: 59.1970%, Top5: 95.8960%
[Epoch 035] Time: 56.7236s | [Train] Loss: 1.10773897 Accuracy: Top1: 59.7414%, Top5: 96.2688% | [Test] Loss: 1.13800147 Accuracy: Top1: 59.0190%, Top5: 96.0047%
[Epoch 036] Time: 56.7261s | [Train] Loss: 1.10164967 Accuracy: Top1: 59.9748%, Top5: 96.2172% | [Test] Loss: 1.12785659 Accuracy: Top1: 59.2069%, Top5: 96.0542%
[Epoch 037] Time: 56.9886s | [Train] Loss: 1.10464338 Accuracy: Top1: 60.0056%, Top5: 96.2504% | [Test] Loss: 1.12796931 Accuracy: Top1: 58.9597%, Top5: 95.8366%
[Epoch 038] Time: 57.0426s | [Train] Loss: 1.09764550 Accuracy: Top1: 60.0567%, Top5: 96.2800% | [Test] Loss: 1.12205300 Accuracy: Top1: 59.2464%, Top5: 96.0443%
[Epoch 039] Time: 56.7941s | [Train] Loss: 1.09932709 Accuracy: Top1: 60.0136%, Top5: 96.2704% | [Test] Loss: 1.12420819 Accuracy: Top1: 58.8805%, Top5: 96.0839%
[Epoch 040] Time: 56.7690s | [Train] Loss: 1.09492357 Accuracy: Top1: 60.3129%, Top5: 96.2632% | [Test] Loss: 1.11996193 Accuracy: Top1: 59.5431%, Top5: 96.0443%
[Epoch 041] Time: 56.8348s | [Train] Loss: 1.09417461 Accuracy: Top1: 60.2845%, Top5: 96.3087% | [Test] Loss: 1.11922000 Accuracy: Top1: 59.1475%, Top5: 96.0839%
[Epoch 042] Time: 56.8605s | [Train] Loss: 1.08880468 Accuracy: Top1: 60.2649%, Top5: 96.4262% | [Test] Loss: 1.11870463 Accuracy: Top1: 59.4244%, Top5: 96.2124%
[Epoch 043] Time: 56.8515s | [Train] Loss: 1.09100053 Accuracy: Top1: 60.2773%, Top5: 96.4482% | [Test] Loss: 1.11695091 Accuracy: Top1: 59.7211%, Top5: 96.0443%
[Epoch 044] Time: 56.8464s | [Train] Loss: 1.08578466 Accuracy: Top1: 60.7001%, Top5: 96.3899% | [Test] Loss: 1.11940417 Accuracy: Top1: 59.3849%, Top5: 96.2025%
[Epoch 045] Time: 56.7576s | [Train] Loss: 1.08563964 Accuracy: Top1: 60.4192%, Top5: 96.3499% | [Test] Loss: 1.11997331 Accuracy: Top1: 59.1673%, Top5: 96.1333%
[Epoch 046] Time: 56.8820s | [Train] Loss: 1.08565161 Accuracy: Top1: 60.3844%, Top5: 96.3575% | [Test] Loss: 1.11948688 Accuracy: Top1: 59.4442%, Top5: 95.9553%
[Epoch 047] Time: 56.9272s | [Train] Loss: 1.08580411 Accuracy: Top1: 60.4372%, Top5: 96.3515% | [Test] Loss: 1.11849433 Accuracy: Top1: 59.3948%, Top5: 96.0839%
[Epoch 048] Time: 56.8845s | [Train] Loss: 1.08470166 Accuracy: Top1: 60.7201%, Top5: 96.3351% | [Test] Loss: 1.11883598 Accuracy: Top1: 59.2761%, Top5: 96.0839%
[Epoch 049] Time: 56.9504s | [Train] Loss: 1.08230534 Accuracy: Top1: 60.5327%, Top5: 96.4602% | [Test] Loss: 1.11844924 Accuracy: Top1: 59.0289%, Top5: 96.1234%
[Epoch 050] Time: 56.7834s | [Train] Loss: 1.08393676 Accuracy: Top1: 60.5930%, Top5: 96.3463% | [Test] Loss: 1.11877381 Accuracy: Top1: 59.2860%, Top5: 96.0839%
Files already downloaded and verified
Files already downloaded and verified
Model: VIT ConvNNAttention_Modified
Total Parameters: 5163694
Trainable Parameters: 5163694
   - Trainable Parameters: 5.16369400 M
Model Complexity (Profiler):
   - GFLOPs: 2.15764378
   - Trainable Parameters: 5.16369400 M
[Epoch 001] Time: 62.0967s | [Train] Loss: 2.11403412 Accuracy: Top1: 20.0911%, Top5: 69.5560% | [Test] Loss: 1.83094488 Accuracy: Top1: 33.0993%, Top5: 84.1871%
[Epoch 002] Time: 61.7716s | [Train] Loss: 1.79316236 Accuracy: Top1: 33.2984%, Top5: 85.0999% | [Test] Loss: 1.66992291 Accuracy: Top1: 38.6768%, Top5: 88.0637%
[Epoch 003] Time: 61.5002s | [Train] Loss: 1.66160387 Accuracy: Top1: 38.0039%, Top5: 88.3460% | [Test] Loss: 1.56114522 Accuracy: Top1: 42.8204%, Top5: 90.5657%
[Epoch 004] Time: 61.4752s | [Train] Loss: 1.58160803 Accuracy: Top1: 40.9231%, Top5: 90.0420% | [Test] Loss: 1.52916976 Accuracy: Top1: 44.4818%, Top5: 91.0502%
[Epoch 005] Time: 61.8829s | [Train] Loss: 1.52559471 Accuracy: Top1: 43.5486%, Top5: 90.9335% | [Test] Loss: 1.46875968 Accuracy: Top1: 46.4102%, Top5: 91.6535%
[Epoch 006] Time: 62.0044s | [Train] Loss: 1.47900875 Accuracy: Top1: 45.1079%, Top5: 91.7755% | [Test] Loss: 1.41253180 Accuracy: Top1: 48.0024%, Top5: 92.6226%
[Epoch 007] Time: 61.5631s | [Train] Loss: 1.43404125 Accuracy: Top1: 47.2762%, Top5: 92.5276% | [Test] Loss: 1.37068271 Accuracy: Top1: 50.2769%, Top5: 93.1863%
[Epoch 008] Time: 61.8436s | [Train] Loss: 1.40243180 Accuracy: Top1: 48.1829%, Top5: 93.0631% | [Test] Loss: 1.41044394 Accuracy: Top1: 49.2583%, Top5: 92.6424%
[Epoch 009] Time: 61.7591s | [Train] Loss: 1.36474075 Accuracy: Top1: 49.8006%, Top5: 93.4755% | [Test] Loss: 1.32661550 Accuracy: Top1: 51.5625%, Top5: 93.9775%
[Epoch 010] Time: 62.0083s | [Train] Loss: 1.33819612 Accuracy: Top1: 50.8228%, Top5: 93.7408% | [Test] Loss: 1.30088372 Accuracy: Top1: 52.4130%, Top5: 94.0566%
[Epoch 011] Time: 61.9206s | [Train] Loss: 1.31493142 Accuracy: Top1: 51.9230%, Top5: 94.1472% | [Test] Loss: 1.28516873 Accuracy: Top1: 53.4513%, Top5: 94.3236%
[Epoch 012] Time: 61.8954s | [Train] Loss: 1.29098344 Accuracy: Top1: 52.7190%, Top5: 94.2563% | [Test] Loss: 1.25311701 Accuracy: Top1: 54.3809%, Top5: 94.8576%
[Epoch 013] Time: 61.8830s | [Train] Loss: 1.27300677 Accuracy: Top1: 53.3576%, Top5: 94.5536% | [Test] Loss: 1.25913922 Accuracy: Top1: 54.1337%, Top5: 94.7290%
[Epoch 014] Time: 61.8288s | [Train] Loss: 1.25413962 Accuracy: Top1: 54.0625%, Top5: 94.8797% | [Test] Loss: 1.22718937 Accuracy: Top1: 55.4391%, Top5: 94.8378%
[Epoch 015] Time: 61.9173s | [Train] Loss: 1.23425417 Accuracy: Top1: 54.9245%, Top5: 95.0240% | [Test] Loss: 1.24911251 Accuracy: Top1: 54.6183%, Top5: 94.8378%
[Epoch 016] Time: 61.9674s | [Train] Loss: 1.22037721 Accuracy: Top1: 55.4903%, Top5: 95.0731% | [Test] Loss: 1.21441479 Accuracy: Top1: 55.3105%, Top5: 95.4114%
[Epoch 017] Time: 61.7061s | [Train] Loss: 1.20473852 Accuracy: Top1: 56.1481%, Top5: 95.2613% | [Test] Loss: 1.19712706 Accuracy: Top1: 56.6555%, Top5: 95.5103%
[Epoch 018] Time: 61.7312s | [Train] Loss: 1.19377214 Accuracy: Top1: 56.6640%, Top5: 95.3601% | [Test] Loss: 1.19336407 Accuracy: Top1: 56.5269%, Top5: 95.6784%
[Epoch 019] Time: 61.8982s | [Train] Loss: 1.18044372 Accuracy: Top1: 56.8594%, Top5: 95.6046% | [Test] Loss: 1.20262567 Accuracy: Top1: 56.4379%, Top5: 95.5498%
[Epoch 020] Time: 61.6934s | [Train] Loss: 1.16790946 Accuracy: Top1: 57.3545%, Top5: 95.6674% | [Test] Loss: 1.16499570 Accuracy: Top1: 57.3675%, Top5: 96.0443%
[Epoch 021] Time: 61.6851s | [Train] Loss: 1.15408227 Accuracy: Top1: 57.9580%, Top5: 95.7373% | [Test] Loss: 1.16982141 Accuracy: Top1: 57.4664%, Top5: 95.7971%
[Epoch 022] Time: 61.4628s | [Train] Loss: 1.14563530 Accuracy: Top1: 58.3648%, Top5: 95.9207% | [Test] Loss: 1.13979120 Accuracy: Top1: 58.1290%, Top5: 95.9850%
[Epoch 023] Time: 61.9739s | [Train] Loss: 1.13780501 Accuracy: Top1: 58.7104%, Top5: 95.8836% | [Test] Loss: 1.13988604 Accuracy: Top1: 58.7619%, Top5: 96.3014%
[Epoch 024] Time: 62.0260s | [Train] Loss: 1.12865417 Accuracy: Top1: 59.0473%, Top5: 95.9551% | [Test] Loss: 1.15370431 Accuracy: Top1: 57.9114%, Top5: 96.1234%
[Epoch 025] Time: 61.7461s | [Train] Loss: 1.11873705 Accuracy: Top1: 59.4621%, Top5: 96.0830% | [Test] Loss: 1.11473043 Accuracy: Top1: 58.9992%, Top5: 96.3608%
[Epoch 026] Time: 61.6700s | [Train] Loss: 1.11374257 Accuracy: Top1: 59.4453%, Top5: 96.1633% | [Test] Loss: 1.11173203 Accuracy: Top1: 59.1673%, Top5: 96.2421%
[Epoch 027] Time: 62.0284s | [Train] Loss: 1.10697521 Accuracy: Top1: 59.7682%, Top5: 96.1405% | [Test] Loss: 1.10883456 Accuracy: Top1: 59.2860%, Top5: 96.1234%
[Epoch 028] Time: 61.5545s | [Train] Loss: 1.09725877 Accuracy: Top1: 60.1890%, Top5: 96.2980% | [Test] Loss: 1.09373229 Accuracy: Top1: 59.7211%, Top5: 96.4498%
[Epoch 029] Time: 61.9198s | [Train] Loss: 1.09330127 Accuracy: Top1: 60.2657%, Top5: 96.2448% | [Test] Loss: 1.10221658 Accuracy: Top1: 59.8299%, Top5: 96.5585%
[Epoch 030] Time: 61.9430s | [Train] Loss: 1.08636102 Accuracy: Top1: 60.4991%, Top5: 96.4090% | [Test] Loss: 1.10235255 Accuracy: Top1: 59.6222%, Top5: 96.3706%
[Epoch 031] Time: 61.8946s | [Train] Loss: 1.07733966 Accuracy: Top1: 61.0806%, Top5: 96.4742% | [Test] Loss: 1.09733563 Accuracy: Top1: 60.1365%, Top5: 96.4498%
[Epoch 032] Time: 61.9199s | [Train] Loss: 1.07528907 Accuracy: Top1: 60.8640%, Top5: 96.4806% | [Test] Loss: 1.08756153 Accuracy: Top1: 60.1464%, Top5: 96.5585%
[Epoch 033] Time: 61.9413s | [Train] Loss: 1.07127837 Accuracy: Top1: 61.2904%, Top5: 96.4894% | [Test] Loss: 1.07857702 Accuracy: Top1: 60.5518%, Top5: 96.5882%
[Epoch 034] Time: 61.6556s | [Train] Loss: 1.06480763 Accuracy: Top1: 61.6616%, Top5: 96.4882% | [Test] Loss: 1.08001321 Accuracy: Top1: 60.2255%, Top5: 96.5684%
[Epoch 035] Time: 62.0603s | [Train] Loss: 1.06105426 Accuracy: Top1: 61.7263%, Top5: 96.6296% | [Test] Loss: 1.09149888 Accuracy: Top1: 60.1365%, Top5: 96.7860%
[Epoch 036] Time: 62.0265s | [Train] Loss: 1.05746522 Accuracy: Top1: 61.6073%, Top5: 96.6720% | [Test] Loss: 1.08039285 Accuracy: Top1: 60.8683%, Top5: 96.6574%
[Epoch 037] Time: 61.6535s | [Train] Loss: 1.05588526 Accuracy: Top1: 61.8850%, Top5: 96.5038% | [Test] Loss: 1.07803652 Accuracy: Top1: 60.7100%, Top5: 96.6871%
[Epoch 038] Time: 61.9051s | [Train] Loss: 1.05302604 Accuracy: Top1: 61.8338%, Top5: 96.6236% | [Test] Loss: 1.07517935 Accuracy: Top1: 60.7100%, Top5: 96.7464%
[Epoch 039] Time: 62.0543s | [Train] Loss: 1.05129477 Accuracy: Top1: 61.9933%, Top5: 96.6348% | [Test] Loss: 1.07561975 Accuracy: Top1: 60.6705%, Top5: 96.6278%
[Epoch 040] Time: 62.1010s | [Train] Loss: 1.04593937 Accuracy: Top1: 62.1008%, Top5: 96.7635% | [Test] Loss: 1.07235948 Accuracy: Top1: 60.8188%, Top5: 96.6772%
[Epoch 041] Time: 61.8992s | [Train] Loss: 1.04632358 Accuracy: Top1: 62.2075%, Top5: 96.6504% | [Test] Loss: 1.06624126 Accuracy: Top1: 60.9375%, Top5: 96.7563%
[Epoch 042] Time: 61.8345s | [Train] Loss: 1.04688575 Accuracy: Top1: 61.9309%, Top5: 96.6300% | [Test] Loss: 1.06500045 Accuracy: Top1: 61.1254%, Top5: 96.7563%
[Epoch 043] Time: 61.9441s | [Train] Loss: 1.04100872 Accuracy: Top1: 62.5016%, Top5: 96.7479% | [Test] Loss: 1.06628478 Accuracy: Top1: 60.8287%, Top5: 96.6970%
[Epoch 044] Time: 61.6382s | [Train] Loss: 1.04367676 Accuracy: Top1: 62.3102%, Top5: 96.6069% | [Test] Loss: 1.06879155 Accuracy: Top1: 60.8089%, Top5: 96.7069%
[Epoch 045] Time: 61.9345s | [Train] Loss: 1.04102761 Accuracy: Top1: 62.4101%, Top5: 96.6236% | [Test] Loss: 1.06627446 Accuracy: Top1: 61.3924%, Top5: 96.6970%
[Epoch 046] Time: 61.7404s | [Train] Loss: 1.04096811 Accuracy: Top1: 62.4329%, Top5: 96.7048% | [Test] Loss: 1.06434678 Accuracy: Top1: 61.3528%, Top5: 96.7563%
[Epoch 047] Time: 61.8926s | [Train] Loss: 1.03846667 Accuracy: Top1: 62.3985%, Top5: 96.7279% | [Test] Loss: 1.06578613 Accuracy: Top1: 61.1452%, Top5: 96.7464%
[Epoch 048] Time: 61.7451s | [Train] Loss: 1.03798079 Accuracy: Top1: 62.4800%, Top5: 96.7391% | [Test] Loss: 1.06677281 Accuracy: Top1: 61.2737%, Top5: 96.7959%
[Epoch 049] Time: 61.8908s | [Train] Loss: 1.03749746 Accuracy: Top1: 62.5915%, Top5: 96.7080% | [Test] Loss: 1.06599717 Accuracy: Top1: 61.2144%, Top5: 96.6673%
[Epoch 050] Time: 61.9028s | [Train] Loss: 1.03932245 Accuracy: Top1: 62.4888%, Top5: 96.7283% | [Test] Loss: 1.06465930 Accuracy: Top1: 61.1650%, Top5: 96.7366%
Files already downloaded and verified
Files already downloaded and verified
Model: VIT ConvNNAttention_Modified
Total Parameters: 5225902
Trainable Parameters: 5225902
   - Trainable Parameters: 5.22590200 M
Model Complexity (Profiler):
   - GFLOPs: 2.15770760
   - Trainable Parameters: 5.22590200 M
[Epoch 001] Time: 71.6198s | [Train] Loss: 2.04793182 Accuracy: Top1: 22.5056%, Top5: 73.6429% | [Test] Loss: 1.78287950 Accuracy: Top1: 35.4826%, Top5: 85.6112%
[Epoch 002] Time: 71.3601s | [Train] Loss: 1.75225290 Accuracy: Top1: 34.4086%, Top5: 86.0814% | [Test] Loss: 1.62355038 Accuracy: Top1: 40.3481%, Top5: 89.0131%
[Epoch 003] Time: 71.2348s | [Train] Loss: 1.61943926 Accuracy: Top1: 39.4126%, Top5: 89.0953% | [Test] Loss: 1.53773850 Accuracy: Top1: 42.8501%, Top5: 91.1294%
[Epoch 004] Time: 71.2092s | [Train] Loss: 1.54785896 Accuracy: Top1: 42.2882%, Top5: 90.7001% | [Test] Loss: 1.48707068 Accuracy: Top1: 45.1147%, Top5: 91.8809%
[Epoch 005] Time: 71.3499s | [Train] Loss: 1.49176213 Accuracy: Top1: 45.0983%, Top5: 91.6484% | [Test] Loss: 1.45750097 Accuracy: Top1: 46.7464%, Top5: 92.5633%
[Epoch 006] Time: 71.3424s | [Train] Loss: 1.45621467 Accuracy: Top1: 46.1289%, Top5: 92.2211% | [Test] Loss: 1.40512502 Accuracy: Top1: 48.3683%, Top5: 93.2456%
[Epoch 007] Time: 71.5558s | [Train] Loss: 1.42174063 Accuracy: Top1: 47.8061%, Top5: 92.7146% | [Test] Loss: 1.37409742 Accuracy: Top1: 50.0989%, Top5: 93.7104%
[Epoch 008] Time: 71.1453s | [Train] Loss: 1.39344397 Accuracy: Top1: 48.8923%, Top5: 93.0003% | [Test] Loss: 1.38760271 Accuracy: Top1: 49.7231%, Top5: 93.7006%
[Epoch 009] Time: 71.3633s | [Train] Loss: 1.36828158 Accuracy: Top1: 49.7414%, Top5: 93.4475% | [Test] Loss: 1.33993312 Accuracy: Top1: 50.8900%, Top5: 93.8588%
[Epoch 010] Time: 71.2761s | [Train] Loss: 1.34638282 Accuracy: Top1: 50.5363%, Top5: 93.6877% | [Test] Loss: 1.30404523 Accuracy: Top1: 52.2646%, Top5: 94.2840%
[Epoch 011] Time: 71.1395s | [Train] Loss: 1.32757041 Accuracy: Top1: 51.4498%, Top5: 93.9662% | [Test] Loss: 1.29829425 Accuracy: Top1: 52.4031%, Top5: 94.4917%
[Epoch 012] Time: 71.3260s | [Train] Loss: 1.30413252 Accuracy: Top1: 52.1879%, Top5: 94.2887% | [Test] Loss: 1.28282158 Accuracy: Top1: 53.1151%, Top5: 94.7587%
[Epoch 013] Time: 71.3685s | [Train] Loss: 1.29163019 Accuracy: Top1: 52.7130%, Top5: 94.3834% | [Test] Loss: 1.28002447 Accuracy: Top1: 53.2931%, Top5: 94.6994%
[Epoch 014] Time: 71.2429s | [Train] Loss: 1.27567815 Accuracy: Top1: 53.1270%, Top5: 94.5017% | [Test] Loss: 1.25691355 Accuracy: Top1: 54.2029%, Top5: 94.8477%
[Epoch 015] Time: 71.2160s | [Train] Loss: 1.25653815 Accuracy: Top1: 54.2459%, Top5: 94.6475% | [Test] Loss: 1.24671025 Accuracy: Top1: 54.6183%, Top5: 94.9862%
[Epoch 016] Time: 71.5256s | [Train] Loss: 1.24221338 Accuracy: Top1: 54.5776%, Top5: 94.9381% | [Test] Loss: 1.21445612 Accuracy: Top1: 55.9039%, Top5: 95.4608%
[Epoch 017] Time: 71.2644s | [Train] Loss: 1.23025898 Accuracy: Top1: 55.0743%, Top5: 95.0348% | [Test] Loss: 1.22553480 Accuracy: Top1: 55.5083%, Top5: 95.1741%
[Epoch 018] Time: 71.2824s | [Train] Loss: 1.21723435 Accuracy: Top1: 55.6885%, Top5: 95.1962% | [Test] Loss: 1.21092309 Accuracy: Top1: 56.2698%, Top5: 95.3718%
[Epoch 019] Time: 71.3234s | [Train] Loss: 1.19950083 Accuracy: Top1: 56.4914%, Top5: 95.2482% | [Test] Loss: 1.23062386 Accuracy: Top1: 55.9731%, Top5: 95.0949%
[Epoch 020] Time: 71.3517s | [Train] Loss: 1.19190942 Accuracy: Top1: 56.6141%, Top5: 95.3581% | [Test] Loss: 1.19896965 Accuracy: Top1: 57.2093%, Top5: 95.6290%
[Epoch 021] Time: 71.3396s | [Train] Loss: 1.18307361 Accuracy: Top1: 57.0768%, Top5: 95.4308% | [Test] Loss: 1.19605427 Accuracy: Top1: 56.7346%, Top5: 95.3619%
[Epoch 022] Time: 71.2556s | [Train] Loss: 1.17125655 Accuracy: Top1: 57.4504%, Top5: 95.6222% | [Test] Loss: 1.18802781 Accuracy: Top1: 57.1499%, Top5: 95.4608%
[Epoch 023] Time: 71.3152s | [Train] Loss: 1.16488371 Accuracy: Top1: 57.7865%, Top5: 95.5599% | [Test] Loss: 1.18654986 Accuracy: Top1: 57.2686%, Top5: 95.6388%
[Epoch 024] Time: 71.2384s | [Train] Loss: 1.15523219 Accuracy: Top1: 58.0411%, Top5: 95.6414% | [Test] Loss: 1.16362927 Accuracy: Top1: 58.1092%, Top5: 95.8564%
[Epoch 025] Time: 71.4438s | [Train] Loss: 1.14922345 Accuracy: Top1: 58.1801%, Top5: 95.8200% | [Test] Loss: 1.15299389 Accuracy: Top1: 58.1685%, Top5: 95.8564%
[Epoch 026] Time: 71.1722s | [Train] Loss: 1.14051942 Accuracy: Top1: 58.6629%, Top5: 95.8228% | [Test] Loss: 1.16078287 Accuracy: Top1: 57.7828%, Top5: 95.8960%
[Epoch 027] Time: 71.2605s | [Train] Loss: 1.13843735 Accuracy: Top1: 58.6769%, Top5: 95.9195% | [Test] Loss: 1.14552568 Accuracy: Top1: 59.0585%, Top5: 96.0443%
[Epoch 028] Time: 71.4012s | [Train] Loss: 1.12847863 Accuracy: Top1: 59.0725%, Top5: 95.9715% | [Test] Loss: 1.15157627 Accuracy: Top1: 58.5641%, Top5: 95.7180%
[Epoch 029] Time: 71.3933s | [Train] Loss: 1.12056480 Accuracy: Top1: 59.4389%, Top5: 95.9763% | [Test] Loss: 1.13868316 Accuracy: Top1: 58.9300%, Top5: 96.0938%
[Epoch 030] Time: 71.4664s | [Train] Loss: 1.11674774 Accuracy: Top1: 59.3710%, Top5: 96.1085% | [Test] Loss: 1.13680528 Accuracy: Top1: 59.1574%, Top5: 96.1729%
[Epoch 031] Time: 71.5992s | [Train] Loss: 1.10932335 Accuracy: Top1: 59.8326%, Top5: 96.1377% | [Test] Loss: 1.13448745 Accuracy: Top1: 59.0388%, Top5: 95.9355%
[Epoch 032] Time: 71.2905s | [Train] Loss: 1.10561337 Accuracy: Top1: 59.7670%, Top5: 96.1881% | [Test] Loss: 1.12443429 Accuracy: Top1: 59.3552%, Top5: 96.0641%
[Epoch 033] Time: 71.1965s | [Train] Loss: 1.10358758 Accuracy: Top1: 59.8897%, Top5: 96.2232% | [Test] Loss: 1.13527557 Accuracy: Top1: 59.0882%, Top5: 95.9256%
[Epoch 034] Time: 71.2260s | [Train] Loss: 1.09690063 Accuracy: Top1: 60.1487%, Top5: 96.2640% | [Test] Loss: 1.11725725 Accuracy: Top1: 59.2761%, Top5: 96.0344%
[Epoch 035] Time: 71.3783s | [Train] Loss: 1.09642069 Accuracy: Top1: 60.0452%, Top5: 96.2912% | [Test] Loss: 1.14046725 Accuracy: Top1: 59.2366%, Top5: 96.1729%
[Epoch 036] Time: 71.3234s | [Train] Loss: 1.09118772 Accuracy: Top1: 60.2805%, Top5: 96.2600% | [Test] Loss: 1.10897959 Accuracy: Top1: 59.9189%, Top5: 96.3212%
[Epoch 037] Time: 71.4436s | [Train] Loss: 1.08739322 Accuracy: Top1: 60.4991%, Top5: 96.2424% | [Test] Loss: 1.11704464 Accuracy: Top1: 59.8101%, Top5: 96.1926%
[Epoch 038] Time: 71.4258s | [Train] Loss: 1.08409598 Accuracy: Top1: 60.5970%, Top5: 96.3307% | [Test] Loss: 1.11689356 Accuracy: Top1: 59.3651%, Top5: 96.1531%
[Epoch 039] Time: 71.3204s | [Train] Loss: 1.08278797 Accuracy: Top1: 60.8128%, Top5: 96.2628% | [Test] Loss: 1.11866534 Accuracy: Top1: 59.6222%, Top5: 96.3014%
[Epoch 040] Time: 71.3640s | [Train] Loss: 1.08158059 Accuracy: Top1: 60.7193%, Top5: 96.2928% | [Test] Loss: 1.10990451 Accuracy: Top1: 59.5233%, Top5: 96.2124%
[Epoch 041] Time: 71.3529s | [Train] Loss: 1.07767629 Accuracy: Top1: 60.8272%, Top5: 96.4810% | [Test] Loss: 1.11005613 Accuracy: Top1: 59.8794%, Top5: 96.2322%
[Epoch 042] Time: 71.3992s | [Train] Loss: 1.07615216 Accuracy: Top1: 61.1793%, Top5: 96.3455% | [Test] Loss: 1.10034308 Accuracy: Top1: 60.1464%, Top5: 96.3212%
[Epoch 043] Time: 71.3671s | [Train] Loss: 1.07537196 Accuracy: Top1: 60.9994%, Top5: 96.3655% | [Test] Loss: 1.10088629 Accuracy: Top1: 60.3046%, Top5: 96.4300%
[Epoch 044] Time: 71.2711s | [Train] Loss: 1.07308193 Accuracy: Top1: 61.0798%, Top5: 96.3215% | [Test] Loss: 1.11379859 Accuracy: Top1: 59.7903%, Top5: 96.2322%
[Epoch 045] Time: 71.4547s | [Train] Loss: 1.07268204 Accuracy: Top1: 61.0882%, Top5: 96.5102% | [Test] Loss: 1.10745493 Accuracy: Top1: 60.1068%, Top5: 96.3410%
[Epoch 046] Time: 71.2743s | [Train] Loss: 1.07463110 Accuracy: Top1: 61.0654%, Top5: 96.3187% | [Test] Loss: 1.10825603 Accuracy: Top1: 59.6420%, Top5: 96.2915%
[Epoch 047] Time: 71.2287s | [Train] Loss: 1.07090620 Accuracy: Top1: 61.2728%, Top5: 96.4362% | [Test] Loss: 1.10624700 Accuracy: Top1: 59.7112%, Top5: 96.3212%
[Epoch 048] Time: 71.4205s | [Train] Loss: 1.07158164 Accuracy: Top1: 61.2968%, Top5: 96.3715% | [Test] Loss: 1.09906014 Accuracy: Top1: 60.3343%, Top5: 96.3706%
[Epoch 049] Time: 71.3882s | [Train] Loss: 1.06971914 Accuracy: Top1: 61.1849%, Top5: 96.5121% | [Test] Loss: 1.10545081 Accuracy: Top1: 60.0376%, Top5: 96.3410%
[Epoch 050] Time: 71.1754s | [Train] Loss: 1.06885821 Accuracy: Top1: 61.2124%, Top5: 96.4638% | [Test] Loss: 1.10529560 Accuracy: Top1: 60.0277%, Top5: 96.3212%
Files already downloaded and verified
Files already downloaded and verified
Model: VIT ConvNNAttention_Modified
Total Parameters: 5301934
Trainable Parameters: 5301934
   - Trainable Parameters: 5.30193400 M
Model Complexity (Profiler):
   - GFLOPs: 2.15778562
   - Trainable Parameters: 5.30193400 M
[Epoch 001] Time: 59.9950s | [Train] Loss: 2.08276814 Accuracy: Top1: 22.1491%, Top5: 71.7104% | [Test] Loss: 1.83757956 Accuracy: Top1: 32.5455%, Top5: 84.1080%
[Epoch 002] Time: 59.5500s | [Train] Loss: 1.78506512 Accuracy: Top1: 33.2972%, Top5: 85.5659% | [Test] Loss: 1.65260050 Accuracy: Top1: 39.2603%, Top5: 88.2219%
[Epoch 003] Time: 59.7478s | [Train] Loss: 1.64203532 Accuracy: Top1: 39.0537%, Top5: 88.7112% | [Test] Loss: 1.56449320 Accuracy: Top1: 42.0491%, Top5: 90.4074%
[Epoch 004] Time: 59.8382s | [Train] Loss: 1.56395963 Accuracy: Top1: 42.2335%, Top5: 90.1367% | [Test] Loss: 1.51056613 Accuracy: Top1: 44.3928%, Top5: 91.5150%
[Epoch 005] Time: 59.7915s | [Train] Loss: 1.50894654 Accuracy: Top1: 44.3410%, Top5: 91.3203% | [Test] Loss: 1.47685683 Accuracy: Top1: 46.1234%, Top5: 91.8315%
[Epoch 006] Time: 59.7710s | [Train] Loss: 1.47301604 Accuracy: Top1: 45.6314%, Top5: 91.7144% | [Test] Loss: 1.42573957 Accuracy: Top1: 47.1618%, Top5: 92.8501%
[Epoch 007] Time: 59.6253s | [Train] Loss: 1.43667902 Accuracy: Top1: 47.1495%, Top5: 92.4085% | [Test] Loss: 1.39537073 Accuracy: Top1: 48.9320%, Top5: 93.1962%
[Epoch 008] Time: 59.7464s | [Train] Loss: 1.40630894 Accuracy: Top1: 48.2629%, Top5: 92.8141% | [Test] Loss: 1.38324611 Accuracy: Top1: 49.5451%, Top5: 93.1764%
[Epoch 009] Time: 59.7786s | [Train] Loss: 1.38107342 Accuracy: Top1: 49.1436%, Top5: 93.1546% | [Test] Loss: 1.35302643 Accuracy: Top1: 50.3659%, Top5: 93.4632%
[Epoch 010] Time: 59.7550s | [Train] Loss: 1.35672045 Accuracy: Top1: 50.3581%, Top5: 93.5826% | [Test] Loss: 1.32883998 Accuracy: Top1: 51.5922%, Top5: 94.1258%
[Epoch 011] Time: 59.8828s | [Train] Loss: 1.33833415 Accuracy: Top1: 50.6490%, Top5: 93.7288% | [Test] Loss: 1.30511376 Accuracy: Top1: 52.2449%, Top5: 94.3038%
[Epoch 012] Time: 59.8444s | [Train] Loss: 1.31637436 Accuracy: Top1: 51.7299%, Top5: 94.0537% | [Test] Loss: 1.28424542 Accuracy: Top1: 52.7591%, Top5: 94.5708%
[Epoch 013] Time: 59.8972s | [Train] Loss: 1.29608926 Accuracy: Top1: 52.4928%, Top5: 94.2815% | [Test] Loss: 1.27365968 Accuracy: Top1: 53.2832%, Top5: 94.6796%
[Epoch 014] Time: 59.7122s | [Train] Loss: 1.28162870 Accuracy: Top1: 53.1126%, Top5: 94.4969% | [Test] Loss: 1.25616770 Accuracy: Top1: 53.9062%, Top5: 94.6400%
[Epoch 015] Time: 59.8725s | [Train] Loss: 1.26112319 Accuracy: Top1: 53.7836%, Top5: 94.6663% | [Test] Loss: 1.26090178 Accuracy: Top1: 54.3513%, Top5: 94.7785%
[Epoch 016] Time: 59.8115s | [Train] Loss: 1.24526285 Accuracy: Top1: 54.3330%, Top5: 94.8489% | [Test] Loss: 1.23525711 Accuracy: Top1: 55.0633%, Top5: 95.0949%
[Epoch 017] Time: 59.8592s | [Train] Loss: 1.23673303 Accuracy: Top1: 54.8773%, Top5: 94.9309% | [Test] Loss: 1.21920127 Accuracy: Top1: 55.5578%, Top5: 95.2729%
[Epoch 018] Time: 59.8610s | [Train] Loss: 1.22588238 Accuracy: Top1: 55.0743%, Top5: 94.9760% | [Test] Loss: 1.20992230 Accuracy: Top1: 55.6468%, Top5: 95.5993%
[Epoch 019] Time: 59.6321s | [Train] Loss: 1.20745624 Accuracy: Top1: 55.8336%, Top5: 95.2721% | [Test] Loss: 1.21263279 Accuracy: Top1: 56.0127%, Top5: 95.3323%
[Epoch 020] Time: 59.8221s | [Train] Loss: 1.20137704 Accuracy: Top1: 56.3439%, Top5: 95.3656% | [Test] Loss: 1.18693109 Accuracy: Top1: 56.5467%, Top5: 95.4213%
[Epoch 021] Time: 59.7112s | [Train] Loss: 1.18568967 Accuracy: Top1: 56.8586%, Top5: 95.4536% | [Test] Loss: 1.18695785 Accuracy: Top1: 57.1104%, Top5: 95.7180%
[Epoch 022] Time: 59.7682s | [Train] Loss: 1.17791457 Accuracy: Top1: 57.0680%, Top5: 95.5543% | [Test] Loss: 1.16345166 Accuracy: Top1: 57.2785%, Top5: 95.7081%
[Epoch 023] Time: 59.6587s | [Train] Loss: 1.16964867 Accuracy: Top1: 57.3601%, Top5: 95.6462% | [Test] Loss: 1.16060055 Accuracy: Top1: 57.1301%, Top5: 95.9256%
[Epoch 024] Time: 59.8114s | [Train] Loss: 1.15800336 Accuracy: Top1: 57.7066%, Top5: 95.7213% | [Test] Loss: 1.15691748 Accuracy: Top1: 58.1784%, Top5: 95.8762%
[Epoch 025] Time: 59.8835s | [Train] Loss: 1.14805288 Accuracy: Top1: 57.9775%, Top5: 95.7777% | [Test] Loss: 1.13555480 Accuracy: Top1: 58.5641%, Top5: 95.8366%
[Epoch 026] Time: 59.6671s | [Train] Loss: 1.14086199 Accuracy: Top1: 58.2789%, Top5: 95.8664% | [Test] Loss: 1.15053014 Accuracy: Top1: 57.9411%, Top5: 96.0047%
[Epoch 027] Time: 59.7501s | [Train] Loss: 1.13051518 Accuracy: Top1: 58.8387%, Top5: 95.9711% | [Test] Loss: 1.13233309 Accuracy: Top1: 58.6828%, Top5: 96.0641%
[Epoch 028] Time: 59.7350s | [Train] Loss: 1.12497577 Accuracy: Top1: 59.1184%, Top5: 96.0170% | [Test] Loss: 1.13065452 Accuracy: Top1: 58.3169%, Top5: 95.9751%
[Epoch 029] Time: 59.8981s | [Train] Loss: 1.11941392 Accuracy: Top1: 59.1156%, Top5: 96.0910% | [Test] Loss: 1.11623868 Accuracy: Top1: 59.2464%, Top5: 96.2718%
[Epoch 030] Time: 59.7235s | [Train] Loss: 1.11354625 Accuracy: Top1: 59.5145%, Top5: 96.1253% | [Test] Loss: 1.11714586 Accuracy: Top1: 59.0882%, Top5: 96.1630%
[Epoch 031] Time: 59.7393s | [Train] Loss: 1.10964578 Accuracy: Top1: 59.6491%, Top5: 96.2088% | [Test] Loss: 1.12478056 Accuracy: Top1: 59.4541%, Top5: 96.1333%
[Epoch 032] Time: 59.7493s | [Train] Loss: 1.10411581 Accuracy: Top1: 59.9113%, Top5: 96.1581% | [Test] Loss: 1.10480089 Accuracy: Top1: 59.6222%, Top5: 96.1432%
[Epoch 033] Time: 59.7434s | [Train] Loss: 1.09918636 Accuracy: Top1: 60.1982%, Top5: 96.2364% | [Test] Loss: 1.10644872 Accuracy: Top1: 59.3058%, Top5: 96.3113%
[Epoch 034] Time: 59.7839s | [Train] Loss: 1.09183049 Accuracy: Top1: 60.3581%, Top5: 96.3163% | [Test] Loss: 1.09701913 Accuracy: Top1: 59.4343%, Top5: 96.3113%
[Epoch 035] Time: 59.8737s | [Train] Loss: 1.08821146 Accuracy: Top1: 60.3261%, Top5: 96.3071% | [Test] Loss: 1.11406150 Accuracy: Top1: 59.5827%, Top5: 96.3509%
[Epoch 036] Time: 59.7736s | [Train] Loss: 1.08741895 Accuracy: Top1: 60.5487%, Top5: 96.3551% | [Test] Loss: 1.09854378 Accuracy: Top1: 60.1958%, Top5: 96.2816%
[Epoch 037] Time: 60.0173s | [Train] Loss: 1.08271873 Accuracy: Top1: 60.8764%, Top5: 96.4003% | [Test] Loss: 1.10059210 Accuracy: Top1: 59.7706%, Top5: 96.4794%
[Epoch 038] Time: 59.5193s | [Train] Loss: 1.07989061 Accuracy: Top1: 60.5806%, Top5: 96.4698% | [Test] Loss: 1.10117844 Accuracy: Top1: 60.2057%, Top5: 96.4992%
[Epoch 039] Time: 59.9639s | [Train] Loss: 1.07586347 Accuracy: Top1: 60.8760%, Top5: 96.4622% | [Test] Loss: 1.09683767 Accuracy: Top1: 60.4134%, Top5: 96.3805%
[Epoch 040] Time: 59.6581s | [Train] Loss: 1.07556370 Accuracy: Top1: 60.7181%, Top5: 96.4278% | [Test] Loss: 1.09395915 Accuracy: Top1: 60.0574%, Top5: 96.4201%
[Epoch 041] Time: 59.9315s | [Train] Loss: 1.07290690 Accuracy: Top1: 61.1349%, Top5: 96.4758% | [Test] Loss: 1.09067296 Accuracy: Top1: 60.5123%, Top5: 96.2915%
[Epoch 042] Time: 59.8718s | [Train] Loss: 1.06915993 Accuracy: Top1: 61.1429%, Top5: 96.3595% | [Test] Loss: 1.08725824 Accuracy: Top1: 60.2453%, Top5: 96.4300%
[Epoch 043] Time: 59.6208s | [Train] Loss: 1.06639602 Accuracy: Top1: 61.2844%, Top5: 96.4870% | [Test] Loss: 1.08515349 Accuracy: Top1: 60.5914%, Top5: 96.4102%
[Epoch 044] Time: 59.8531s | [Train] Loss: 1.06557835 Accuracy: Top1: 61.3127%, Top5: 96.5161% | [Test] Loss: 1.09297430 Accuracy: Top1: 60.5617%, Top5: 96.4794%
[Epoch 045] Time: 59.4860s | [Train] Loss: 1.06529765 Accuracy: Top1: 61.2776%, Top5: 96.5537% | [Test] Loss: 1.08770098 Accuracy: Top1: 60.4727%, Top5: 96.4399%
[Epoch 046] Time: 59.7824s | [Train] Loss: 1.06425536 Accuracy: Top1: 61.4810%, Top5: 96.4942% | [Test] Loss: 1.08915857 Accuracy: Top1: 60.4331%, Top5: 96.2816%
[Epoch 047] Time: 59.6579s | [Train] Loss: 1.06359410 Accuracy: Top1: 61.3563%, Top5: 96.5002% | [Test] Loss: 1.08893835 Accuracy: Top1: 60.1859%, Top5: 96.4399%
[Epoch 048] Time: 59.7648s | [Train] Loss: 1.06290946 Accuracy: Top1: 61.1693%, Top5: 96.5937% | [Test] Loss: 1.08874626 Accuracy: Top1: 60.4727%, Top5: 96.3014%
[Epoch 049] Time: 59.8002s | [Train] Loss: 1.06448587 Accuracy: Top1: 61.3419%, Top5: 96.5301% | [Test] Loss: 1.08933013 Accuracy: Top1: 60.4529%, Top5: 96.3805%
[Epoch 050] Time: 59.9301s | [Train] Loss: 1.06367384 Accuracy: Top1: 61.1921%, Top5: 96.5489% | [Test] Loss: 1.08927131 Accuracy: Top1: 60.4925%, Top5: 96.4695%
Files already downloaded and verified
Files already downloaded and verified
Model: VIT ConvNNAttention_Modified
Total Parameters: 5391790
Trainable Parameters: 5391790
   - Trainable Parameters: 5.39179000 M
Model Complexity (Profiler):
   - GFLOPs: 2.15787781
   - Trainable Parameters: 5.39179000 M
[Epoch 001] Time: 61.5479s | [Train] Loss: 2.06775878 Accuracy: Top1: 22.2694%, Top5: 72.7749% | [Test] Loss: 1.82324521 Accuracy: Top1: 33.3267%, Top5: 83.9893%
[Epoch 002] Time: 60.7169s | [Train] Loss: 1.78566516 Accuracy: Top1: 34.1496%, Top5: 85.1838% | [Test] Loss: 1.65801702 Accuracy: Top1: 39.3987%, Top5: 88.1428%
[Epoch 003] Time: 61.1634s | [Train] Loss: 1.65809080 Accuracy: Top1: 38.4475%, Top5: 88.5838% | [Test] Loss: 1.57002349 Accuracy: Top1: 41.8414%, Top5: 90.0316%
[Epoch 004] Time: 61.0149s | [Train] Loss: 1.58301220 Accuracy: Top1: 41.0766%, Top5: 90.0320% | [Test] Loss: 1.51065257 Accuracy: Top1: 44.1851%, Top5: 91.2975%
[Epoch 005] Time: 61.0765s | [Train] Loss: 1.52154469 Accuracy: Top1: 43.5054%, Top5: 91.1973% | [Test] Loss: 1.47340932 Accuracy: Top1: 46.0443%, Top5: 91.9106%
[Epoch 006] Time: 61.0396s | [Train] Loss: 1.47420854 Accuracy: Top1: 45.3613%, Top5: 91.9453% | [Test] Loss: 1.41927848 Accuracy: Top1: 47.7551%, Top5: 92.8204%
[Epoch 007] Time: 61.0408s | [Train] Loss: 1.43860806 Accuracy: Top1: 46.4422%, Top5: 92.7182% | [Test] Loss: 1.38675435 Accuracy: Top1: 49.3275%, Top5: 93.1468%
[Epoch 008] Time: 61.0898s | [Train] Loss: 1.41095553 Accuracy: Top1: 47.9524%, Top5: 92.7166% | [Test] Loss: 1.37485769 Accuracy: Top1: 49.9802%, Top5: 93.5423%
[Epoch 009] Time: 61.4429s | [Train] Loss: 1.38179967 Accuracy: Top1: 48.9334%, Top5: 93.3036% | [Test] Loss: 1.34955557 Accuracy: Top1: 50.6626%, Top5: 93.3643%
[Epoch 010] Time: 60.8787s | [Train] Loss: 1.35822187 Accuracy: Top1: 50.0488%, Top5: 93.5902% | [Test] Loss: 1.33315975 Accuracy: Top1: 51.1669%, Top5: 93.8489%
[Epoch 011] Time: 61.2923s | [Train] Loss: 1.33730857 Accuracy: Top1: 50.6054%, Top5: 93.8495% | [Test] Loss: 1.32371012 Accuracy: Top1: 51.5625%, Top5: 94.3829%
[Epoch 012] Time: 61.1289s | [Train] Loss: 1.31739944 Accuracy: Top1: 51.6224%, Top5: 94.0517% | [Test] Loss: 1.29841062 Accuracy: Top1: 52.6503%, Top5: 94.4225%
[Epoch 013] Time: 61.1119s | [Train] Loss: 1.30013101 Accuracy: Top1: 52.1060%, Top5: 94.2403% | [Test] Loss: 1.28762630 Accuracy: Top1: 53.0953%, Top5: 94.7488%
[Epoch 014] Time: 61.1328s | [Train] Loss: 1.28147867 Accuracy: Top1: 52.8641%, Top5: 94.5556% | [Test] Loss: 1.26050046 Accuracy: Top1: 53.7085%, Top5: 95.0554%
[Epoch 015] Time: 61.0262s | [Train] Loss: 1.26202367 Accuracy: Top1: 53.6980%, Top5: 94.7283% | [Test] Loss: 1.24125646 Accuracy: Top1: 54.5985%, Top5: 95.1246%
[Epoch 016] Time: 61.0382s | [Train] Loss: 1.24219332 Accuracy: Top1: 54.2523%, Top5: 94.9245% | [Test] Loss: 1.23021439 Accuracy: Top1: 54.4403%, Top5: 95.5301%
[Epoch 017] Time: 61.2991s | [Train] Loss: 1.23283843 Accuracy: Top1: 54.7786%, Top5: 95.0855% | [Test] Loss: 1.21353341 Accuracy: Top1: 55.1523%, Top5: 95.4905%
[Epoch 018] Time: 61.0790s | [Train] Loss: 1.21441569 Accuracy: Top1: 55.3784%, Top5: 95.2657% | [Test] Loss: 1.20638927 Accuracy: Top1: 56.0127%, Top5: 95.6191%
[Epoch 019] Time: 61.1529s | [Train] Loss: 1.20270523 Accuracy: Top1: 55.9639%, Top5: 95.3409% | [Test] Loss: 1.29120546 Accuracy: Top1: 53.4711%, Top5: 94.8972%
[Epoch 020] Time: 61.3275s | [Train] Loss: 1.19124153 Accuracy: Top1: 56.3135%, Top5: 95.3948% | [Test] Loss: 1.18609091 Accuracy: Top1: 56.4280%, Top5: 95.8564%
[Epoch 021] Time: 61.4922s | [Train] Loss: 1.17373309 Accuracy: Top1: 56.9669%, Top5: 95.5990% | [Test] Loss: 1.17875946 Accuracy: Top1: 57.1005%, Top5: 95.7278%
[Epoch 022] Time: 61.2508s | [Train] Loss: 1.16306011 Accuracy: Top1: 57.3793%, Top5: 95.7940% | [Test] Loss: 1.15067419 Accuracy: Top1: 57.4960%, Top5: 95.9157%
[Epoch 023] Time: 61.1157s | [Train] Loss: 1.15259289 Accuracy: Top1: 57.8225%, Top5: 95.8636% | [Test] Loss: 1.15067615 Accuracy: Top1: 57.7828%, Top5: 96.0938%
[Epoch 024] Time: 61.0765s | [Train] Loss: 1.14198967 Accuracy: Top1: 58.0886%, Top5: 95.8132% | [Test] Loss: 1.13971119 Accuracy: Top1: 57.6444%, Top5: 96.2915%
[Epoch 025] Time: 60.7653s | [Train] Loss: 1.12994465 Accuracy: Top1: 58.6037%, Top5: 95.9515% | [Test] Loss: 1.12970099 Accuracy: Top1: 58.0993%, Top5: 96.3805%
[Epoch 026] Time: 61.1415s | [Train] Loss: 1.12328998 Accuracy: Top1: 58.8699%, Top5: 96.1045% | [Test] Loss: 1.11987623 Accuracy: Top1: 58.6333%, Top5: 96.4893%
[Epoch 027] Time: 61.2905s | [Train] Loss: 1.11548622 Accuracy: Top1: 59.1021%, Top5: 96.2972% | [Test] Loss: 1.11769864 Accuracy: Top1: 58.8410%, Top5: 96.4893%
[Epoch 028] Time: 61.1022s | [Train] Loss: 1.10699171 Accuracy: Top1: 59.4317%, Top5: 96.2056% | [Test] Loss: 1.11309382 Accuracy: Top1: 58.8509%, Top5: 96.3212%
[Epoch 029] Time: 61.3003s | [Train] Loss: 1.10034726 Accuracy: Top1: 59.7055%, Top5: 96.3347% | [Test] Loss: 1.10392674 Accuracy: Top1: 59.2464%, Top5: 96.4597%
[Epoch 030] Time: 61.1363s | [Train] Loss: 1.09470174 Accuracy: Top1: 59.8230%, Top5: 96.3331% | [Test] Loss: 1.09612633 Accuracy: Top1: 59.4047%, Top5: 96.5091%
[Epoch 031] Time: 61.1629s | [Train] Loss: 1.08861217 Accuracy: Top1: 60.3353%, Top5: 96.3791% | [Test] Loss: 1.10310127 Accuracy: Top1: 59.6123%, Top5: 96.4498%
[Epoch 032] Time: 61.1142s | [Train] Loss: 1.07987709 Accuracy: Top1: 60.4120%, Top5: 96.4238% | [Test] Loss: 1.09202368 Accuracy: Top1: 59.8892%, Top5: 96.4794%
[Epoch 033] Time: 61.1037s | [Train] Loss: 1.07699046 Accuracy: Top1: 60.7453%, Top5: 96.5094% | [Test] Loss: 1.09275166 Accuracy: Top1: 59.8398%, Top5: 96.6377%
[Epoch 034] Time: 60.8124s | [Train] Loss: 1.07245436 Accuracy: Top1: 60.9343%, Top5: 96.5090% | [Test] Loss: 1.07934486 Accuracy: Top1: 60.3837%, Top5: 96.6574%
[Epoch 035] Time: 61.0692s | [Train] Loss: 1.06836617 Accuracy: Top1: 60.8867%, Top5: 96.4538% | [Test] Loss: 1.08588727 Accuracy: Top1: 59.8200%, Top5: 96.8453%
[Epoch 036] Time: 60.9290s | [Train] Loss: 1.06353470 Accuracy: Top1: 61.2788%, Top5: 96.5429% | [Test] Loss: 1.07327963 Accuracy: Top1: 60.6112%, Top5: 96.7662%
[Epoch 037] Time: 61.2022s | [Train] Loss: 1.05875961 Accuracy: Top1: 61.4482%, Top5: 96.6256% | [Test] Loss: 1.07371339 Accuracy: Top1: 60.7991%, Top5: 96.6970%
[Epoch 038] Time: 60.9728s | [Train] Loss: 1.05773330 Accuracy: Top1: 61.4946%, Top5: 96.5745% | [Test] Loss: 1.07006165 Accuracy: Top1: 60.5419%, Top5: 96.7464%
[Epoch 039] Time: 61.2755s | [Train] Loss: 1.05481630 Accuracy: Top1: 61.6240%, Top5: 96.6752% | [Test] Loss: 1.07223110 Accuracy: Top1: 60.2354%, Top5: 96.8750%
[Epoch 040] Time: 61.0144s | [Train] Loss: 1.04820990 Accuracy: Top1: 61.7591%, Top5: 96.6948% | [Test] Loss: 1.06747924 Accuracy: Top1: 61.0265%, Top5: 96.6970%
[Epoch 041] Time: 61.1612s | [Train] Loss: 1.04975729 Accuracy: Top1: 61.4602%, Top5: 96.7335% | [Test] Loss: 1.06724307 Accuracy: Top1: 60.8287%, Top5: 96.7464%
[Epoch 042] Time: 61.2410s | [Train] Loss: 1.04779428 Accuracy: Top1: 61.8107%, Top5: 96.7439% | [Test] Loss: 1.06363466 Accuracy: Top1: 61.1650%, Top5: 96.7069%
[Epoch 043] Time: 61.1738s | [Train] Loss: 1.04603721 Accuracy: Top1: 61.7775%, Top5: 96.6908% | [Test] Loss: 1.06446789 Accuracy: Top1: 61.0364%, Top5: 96.8453%
[Epoch 044] Time: 61.2326s | [Train] Loss: 1.04622356 Accuracy: Top1: 61.8594%, Top5: 96.6828% | [Test] Loss: 1.06555400 Accuracy: Top1: 60.5716%, Top5: 96.8157%
[Epoch 045] Time: 61.3628s | [Train] Loss: 1.04427113 Accuracy: Top1: 61.7072%, Top5: 96.6776% | [Test] Loss: 1.06511479 Accuracy: Top1: 60.5914%, Top5: 96.8849%
[Epoch 046] Time: 60.8863s | [Train] Loss: 1.04139193 Accuracy: Top1: 62.1887%, Top5: 96.7571% | [Test] Loss: 1.06499305 Accuracy: Top1: 60.7002%, Top5: 96.7563%
[Epoch 047] Time: 61.1747s | [Train] Loss: 1.04371976 Accuracy: Top1: 61.9517%, Top5: 96.7407% | [Test] Loss: 1.06028540 Accuracy: Top1: 61.1847%, Top5: 96.8750%
[Epoch 048] Time: 61.0261s | [Train] Loss: 1.04384012 Accuracy: Top1: 62.0472%, Top5: 96.7463% | [Test] Loss: 1.06169982 Accuracy: Top1: 60.8386%, Top5: 96.7860%
[Epoch 049] Time: 60.9465s | [Train] Loss: 1.04219037 Accuracy: Top1: 61.9118%, Top5: 96.6708% | [Test] Loss: 1.06084837 Accuracy: Top1: 60.8782%, Top5: 96.9244%
[Epoch 050] Time: 61.3114s | [Train] Loss: 1.03979049 Accuracy: Top1: 61.8854%, Top5: 96.8326% | [Test] Loss: 1.06150068 Accuracy: Top1: 60.7991%, Top5: 96.8058%
Files already downloaded and verified
Files already downloaded and verified
Model: VIT ConvNNAttention_Modified
Total Parameters: 5495470
Trainable Parameters: 5495470
   - Trainable Parameters: 5.49547000 M
Model Complexity (Profiler):
   - GFLOPs: 2.15798419
   - Trainable Parameters: 5.49547000 M
[Epoch 001] Time: 64.1007s | [Train] Loss: 2.07661020 Accuracy: Top1: 21.8518%, Top5: 72.6127% | [Test] Loss: 1.85288431 Accuracy: Top1: 33.0795%, Top5: 82.9905%
[Epoch 002] Time: 64.0175s | [Train] Loss: 1.80679955 Accuracy: Top1: 33.4199%, Top5: 84.3518% | [Test] Loss: 1.65914003 Accuracy: Top1: 39.6361%, Top5: 88.1824%
[Epoch 003] Time: 63.6554s | [Train] Loss: 1.65611524 Accuracy: Top1: 38.6157%, Top5: 88.4543% | [Test] Loss: 1.56985980 Accuracy: Top1: 42.4446%, Top5: 90.4173%
[Epoch 004] Time: 63.8761s | [Train] Loss: 1.58163818 Accuracy: Top1: 41.5357%, Top5: 89.9169% | [Test] Loss: 1.50766969 Accuracy: Top1: 43.9478%, Top5: 91.6238%
[Epoch 005] Time: 63.9884s | [Train] Loss: 1.52443901 Accuracy: Top1: 43.8783%, Top5: 91.0306% | [Test] Loss: 1.46152657 Accuracy: Top1: 46.7168%, Top5: 92.4941%
[Epoch 006] Time: 63.8853s | [Train] Loss: 1.46949310 Accuracy: Top1: 46.0886%, Top5: 91.7671% | [Test] Loss: 1.41938983 Accuracy: Top1: 47.3991%, Top5: 93.1171%
[Epoch 007] Time: 64.0428s | [Train] Loss: 1.42363377 Accuracy: Top1: 47.6315%, Top5: 92.6415% | [Test] Loss: 1.36695437 Accuracy: Top1: 49.5945%, Top5: 93.8489%
[Epoch 008] Time: 63.5815s | [Train] Loss: 1.39138489 Accuracy: Top1: 48.6605%, Top5: 93.1849% | [Test] Loss: 1.38302523 Accuracy: Top1: 49.5748%, Top5: 93.3347%
[Epoch 009] Time: 63.8501s | [Train] Loss: 1.36002446 Accuracy: Top1: 50.1894%, Top5: 93.4591% | [Test] Loss: 1.32877408 Accuracy: Top1: 51.2658%, Top5: 93.8983%
[Epoch 010] Time: 63.9421s | [Train] Loss: 1.33617212 Accuracy: Top1: 51.1489%, Top5: 93.8539% | [Test] Loss: 1.30261435 Accuracy: Top1: 51.9185%, Top5: 94.4620%
[Epoch 011] Time: 64.0501s | [Train] Loss: 1.31400593 Accuracy: Top1: 51.8790%, Top5: 94.0621% | [Test] Loss: 1.28186274 Accuracy: Top1: 53.1250%, Top5: 94.5906%
[Epoch 012] Time: 63.9059s | [Train] Loss: 1.29139796 Accuracy: Top1: 52.6231%, Top5: 94.3570% | [Test] Loss: 1.25897384 Accuracy: Top1: 54.1831%, Top5: 94.9268%
[Epoch 013] Time: 63.4069s | [Train] Loss: 1.27390176 Accuracy: Top1: 53.4950%, Top5: 94.5205% | [Test] Loss: 1.24317626 Accuracy: Top1: 54.5194%, Top5: 95.1444%
[Epoch 014] Time: 63.9648s | [Train] Loss: 1.25559104 Accuracy: Top1: 54.1268%, Top5: 94.8098% | [Test] Loss: 1.24494859 Accuracy: Top1: 54.7369%, Top5: 95.0059%
[Epoch 015] Time: 63.8544s | [Train] Loss: 1.23745588 Accuracy: Top1: 55.0168%, Top5: 94.8913% | [Test] Loss: 1.26054773 Accuracy: Top1: 54.4600%, Top5: 94.9268%
[Epoch 016] Time: 63.8513s | [Train] Loss: 1.22297424 Accuracy: Top1: 55.3029%, Top5: 95.1127% | [Test] Loss: 1.21136259 Accuracy: Top1: 55.8149%, Top5: 95.5894%
[Epoch 017] Time: 63.6064s | [Train] Loss: 1.21009174 Accuracy: Top1: 55.8536%, Top5: 95.2677% | [Test] Loss: 1.20047204 Accuracy: Top1: 56.6752%, Top5: 95.5993%
[Epoch 018] Time: 63.9646s | [Train] Loss: 1.19364163 Accuracy: Top1: 56.4702%, Top5: 95.5734% | [Test] Loss: 1.18347515 Accuracy: Top1: 56.7445%, Top5: 95.6388%
[Epoch 019] Time: 64.0608s | [Train] Loss: 1.18211988 Accuracy: Top1: 56.8994%, Top5: 95.5115% | [Test] Loss: 1.21560625 Accuracy: Top1: 56.1511%, Top5: 95.1147%
[Epoch 020] Time: 63.8462s | [Train] Loss: 1.17007119 Accuracy: Top1: 57.1459%, Top5: 95.7725% | [Test] Loss: 1.16584300 Accuracy: Top1: 57.7729%, Top5: 96.0740%
[Epoch 021] Time: 64.0918s | [Train] Loss: 1.15976717 Accuracy: Top1: 57.6239%, Top5: 95.7952% | [Test] Loss: 1.17398285 Accuracy: Top1: 57.4070%, Top5: 95.7773%
[Epoch 022] Time: 63.8271s | [Train] Loss: 1.14973228 Accuracy: Top1: 57.9244%, Top5: 95.9527% | [Test] Loss: 1.14155067 Accuracy: Top1: 58.3267%, Top5: 95.9751%
[Epoch 023] Time: 63.7327s | [Train] Loss: 1.13888057 Accuracy: Top1: 58.4791%, Top5: 96.0102% | [Test] Loss: 1.13222589 Accuracy: Top1: 58.9498%, Top5: 96.0542%
[Epoch 024] Time: 64.0329s | [Train] Loss: 1.13148280 Accuracy: Top1: 58.6941%, Top5: 96.0354% | [Test] Loss: 1.13143254 Accuracy: Top1: 58.8410%, Top5: 96.1828%
[Epoch 025] Time: 63.7163s | [Train] Loss: 1.12299151 Accuracy: Top1: 59.0381%, Top5: 96.1201% | [Test] Loss: 1.11636985 Accuracy: Top1: 59.4442%, Top5: 96.3509%
[Epoch 026] Time: 63.8282s | [Train] Loss: 1.11406015 Accuracy: Top1: 59.2371%, Top5: 96.2372% | [Test] Loss: 1.11148782 Accuracy: Top1: 59.1772%, Top5: 96.2816%
[Epoch 027] Time: 63.7990s | [Train] Loss: 1.10664243 Accuracy: Top1: 59.4797%, Top5: 96.2592% | [Test] Loss: 1.10334510 Accuracy: Top1: 59.9387%, Top5: 96.1828%
[Epoch 028] Time: 63.9123s | [Train] Loss: 1.09953626 Accuracy: Top1: 59.8601%, Top5: 96.3103% | [Test] Loss: 1.10088329 Accuracy: Top1: 59.8892%, Top5: 96.2816%
[Epoch 029] Time: 63.8983s | [Train] Loss: 1.09545648 Accuracy: Top1: 60.0012%, Top5: 96.4039% | [Test] Loss: 1.09562069 Accuracy: Top1: 60.0475%, Top5: 96.2816%
[Epoch 030] Time: 63.8499s | [Train] Loss: 1.08575912 Accuracy: Top1: 60.4268%, Top5: 96.4614% | [Test] Loss: 1.08656983 Accuracy: Top1: 61.0858%, Top5: 96.4498%
[Epoch 031] Time: 64.0605s | [Train] Loss: 1.07965866 Accuracy: Top1: 60.7137%, Top5: 96.5689% | [Test] Loss: 1.09002598 Accuracy: Top1: 60.5617%, Top5: 96.3904%
[Epoch 032] Time: 63.7277s | [Train] Loss: 1.07556682 Accuracy: Top1: 60.6522%, Top5: 96.5265% | [Test] Loss: 1.08226118 Accuracy: Top1: 60.8485%, Top5: 96.4893%
[Epoch 033] Time: 63.8601s | [Train] Loss: 1.07322586 Accuracy: Top1: 60.9639%, Top5: 96.5853% | [Test] Loss: 1.09794595 Accuracy: Top1: 60.2156%, Top5: 96.1531%
[Epoch 034] Time: 63.9225s | [Train] Loss: 1.06593148 Accuracy: Top1: 61.1685%, Top5: 96.5837% | [Test] Loss: 1.07715898 Accuracy: Top1: 61.2737%, Top5: 96.4399%
[Epoch 035] Time: 63.9776s | [Train] Loss: 1.06317708 Accuracy: Top1: 61.4326%, Top5: 96.5525% | [Test] Loss: 1.08064687 Accuracy: Top1: 61.2243%, Top5: 96.6179%
[Epoch 036] Time: 63.8183s | [Train] Loss: 1.05816554 Accuracy: Top1: 61.5989%, Top5: 96.6664% | [Test] Loss: 1.06958687 Accuracy: Top1: 61.3430%, Top5: 96.5981%
[Epoch 037] Time: 63.7965s | [Train] Loss: 1.05647159 Accuracy: Top1: 61.6212%, Top5: 96.6568% | [Test] Loss: 1.06735601 Accuracy: Top1: 61.7089%, Top5: 96.4300%
[Epoch 038] Time: 64.0761s | [Train] Loss: 1.05448210 Accuracy: Top1: 61.7815%, Top5: 96.6716% | [Test] Loss: 1.07224417 Accuracy: Top1: 60.9672%, Top5: 96.5981%
[Epoch 039] Time: 63.9528s | [Train] Loss: 1.05084466 Accuracy: Top1: 61.8610%, Top5: 96.7307% | [Test] Loss: 1.07092005 Accuracy: Top1: 61.5902%, Top5: 96.4695%
[Epoch 040] Time: 63.7088s | [Train] Loss: 1.04887793 Accuracy: Top1: 61.7303%, Top5: 96.7851% | [Test] Loss: 1.07060688 Accuracy: Top1: 61.4023%, Top5: 96.5388%
[Epoch 041] Time: 64.0960s | [Train] Loss: 1.04734200 Accuracy: Top1: 62.0988%, Top5: 96.6568% | [Test] Loss: 1.06311886 Accuracy: Top1: 61.7880%, Top5: 96.6179%
[Epoch 042] Time: 63.9978s | [Train] Loss: 1.04254361 Accuracy: Top1: 62.1383%, Top5: 96.7619% | [Test] Loss: 1.06583165 Accuracy: Top1: 61.4913%, Top5: 96.6080%
[Epoch 043] Time: 63.8358s | [Train] Loss: 1.04300454 Accuracy: Top1: 61.8254%, Top5: 96.7891% | [Test] Loss: 1.06225798 Accuracy: Top1: 61.8275%, Top5: 96.6475%
[Epoch 044] Time: 63.8426s | [Train] Loss: 1.04480910 Accuracy: Top1: 61.9701%, Top5: 96.7719% | [Test] Loss: 1.05966699 Accuracy: Top1: 61.7385%, Top5: 96.6673%
[Epoch 045] Time: 63.8313s | [Train] Loss: 1.04212429 Accuracy: Top1: 61.9297%, Top5: 96.7655% | [Test] Loss: 1.06256235 Accuracy: Top1: 61.8176%, Top5: 96.5882%
[Epoch 046] Time: 63.7538s | [Train] Loss: 1.03847961 Accuracy: Top1: 62.0013%, Top5: 96.8143% | [Test] Loss: 1.06407163 Accuracy: Top1: 61.9066%, Top5: 96.6377%
[Epoch 047] Time: 63.7106s | [Train] Loss: 1.03802538 Accuracy: Top1: 62.4017%, Top5: 96.7291% | [Test] Loss: 1.06027535 Accuracy: Top1: 61.8671%, Top5: 96.6970%
[Epoch 048] Time: 63.9187s | [Train] Loss: 1.03868210 Accuracy: Top1: 62.1495%, Top5: 96.8107% | [Test] Loss: 1.05851436 Accuracy: Top1: 61.9759%, Top5: 96.6377%
[Epoch 049] Time: 63.9578s | [Train] Loss: 1.03930388 Accuracy: Top1: 62.3202%, Top5: 96.8686% | [Test] Loss: 1.05907823 Accuracy: Top1: 61.8374%, Top5: 96.7662%
[Epoch 050] Time: 63.8215s | [Train] Loss: 1.04077769 Accuracy: Top1: 62.1699%, Top5: 96.7839% | [Test] Loss: 1.06157022 Accuracy: Top1: 61.8572%, Top5: 96.5882%
Files already downloaded and verified
Files already downloaded and verified
Model: VIT ConvNNAttention_Modified
Total Parameters: 5612974
Trainable Parameters: 5612974
   - Trainable Parameters: 5.61297400 M
Model Complexity (Profiler):
   - GFLOPs: 2.15810476
   - Trainable Parameters: 5.61297400 M
[Epoch 001] Time: 69.7172s | [Train] Loss: 2.05798863 Accuracy: Top1: 23.0443%, Top5: 73.0463% | [Test] Loss: 1.82362356 Accuracy: Top1: 32.9608%, Top5: 84.3157%
[Epoch 002] Time: 69.4097s | [Train] Loss: 1.77806056 Accuracy: Top1: 34.0361%, Top5: 85.6454% | [Test] Loss: 1.65516545 Accuracy: Top1: 39.4976%, Top5: 88.5581%
[Epoch 003] Time: 69.1708s | [Train] Loss: 1.65524356 Accuracy: Top1: 38.8243%, Top5: 88.7596% | [Test] Loss: 1.57558926 Accuracy: Top1: 42.1677%, Top5: 90.4866%
[Epoch 004] Time: 69.5384s | [Train] Loss: 1.58336925 Accuracy: Top1: 41.4526%, Top5: 90.1063% | [Test] Loss: 1.50829307 Accuracy: Top1: 44.0961%, Top5: 91.6337%
[Epoch 005] Time: 69.5918s | [Train] Loss: 1.52553543 Accuracy: Top1: 43.6369%, Top5: 91.0122% | [Test] Loss: 1.47634893 Accuracy: Top1: 45.9850%, Top5: 91.8018%
[Epoch 006] Time: 69.6193s | [Train] Loss: 1.48463577 Accuracy: Top1: 45.2462%, Top5: 91.6976% | [Test] Loss: 1.42147288 Accuracy: Top1: 47.5475%, Top5: 93.0281%
[Epoch 007] Time: 69.2619s | [Train] Loss: 1.44731443 Accuracy: Top1: 46.8630%, Top5: 92.2554% | [Test] Loss: 1.38637803 Accuracy: Top1: 48.5463%, Top5: 93.2555%
[Epoch 008] Time: 69.2862s | [Train] Loss: 1.41237772 Accuracy: Top1: 48.2321%, Top5: 92.7374% | [Test] Loss: 1.37490179 Accuracy: Top1: 49.5945%, Top5: 93.6412%
[Epoch 009] Time: 69.2013s | [Train] Loss: 1.38268565 Accuracy: Top1: 49.3378%, Top5: 93.2585% | [Test] Loss: 1.34652798 Accuracy: Top1: 50.4648%, Top5: 93.7994%
[Epoch 010] Time: 69.4019s | [Train] Loss: 1.36021039 Accuracy: Top1: 50.2677%, Top5: 93.4051% | [Test] Loss: 1.31082336 Accuracy: Top1: 51.5724%, Top5: 94.2544%
[Epoch 011] Time: 69.3303s | [Train] Loss: 1.33432227 Accuracy: Top1: 51.2212%, Top5: 93.8431% | [Test] Loss: 1.28656283 Accuracy: Top1: 52.6503%, Top5: 94.5411%
[Epoch 012] Time: 69.4299s | [Train] Loss: 1.31191902 Accuracy: Top1: 51.8382%, Top5: 94.1580% | [Test] Loss: 1.27490390 Accuracy: Top1: 53.4118%, Top5: 94.5807%
[Epoch 013] Time: 69.6714s | [Train] Loss: 1.29677662 Accuracy: Top1: 52.5883%, Top5: 94.2735% | [Test] Loss: 1.25382449 Accuracy: Top1: 54.2326%, Top5: 95.2037%
[Epoch 014] Time: 69.4872s | [Train] Loss: 1.28250357 Accuracy: Top1: 53.0778%, Top5: 94.4885% | [Test] Loss: 1.23280935 Accuracy: Top1: 54.7271%, Top5: 94.9664%
[Epoch 015] Time: 69.3274s | [Train] Loss: 1.26229693 Accuracy: Top1: 53.6065%, Top5: 94.6903% | [Test] Loss: 1.23493281 Accuracy: Top1: 54.6282%, Top5: 95.0059%
[Epoch 016] Time: 69.4870s | [Train] Loss: 1.24493957 Accuracy: Top1: 54.4501%, Top5: 94.9884% | [Test] Loss: 1.21315803 Accuracy: Top1: 55.5676%, Top5: 95.3619%
[Epoch 017] Time: 69.6510s | [Train] Loss: 1.23269656 Accuracy: Top1: 54.8162%, Top5: 94.9908% | [Test] Loss: 1.19295198 Accuracy: Top1: 56.4873%, Top5: 95.5004%
[Epoch 018] Time: 69.4646s | [Train] Loss: 1.22094315 Accuracy: Top1: 55.2793%, Top5: 95.3141% | [Test] Loss: 1.17692922 Accuracy: Top1: 56.9422%, Top5: 95.7773%
[Epoch 019] Time: 69.3799s | [Train] Loss: 1.20515037 Accuracy: Top1: 55.8020%, Top5: 95.3948% | [Test] Loss: 1.22663138 Accuracy: Top1: 55.8347%, Top5: 95.2729%
[Epoch 020] Time: 69.5364s | [Train] Loss: 1.19370766 Accuracy: Top1: 56.1869%, Top5: 95.6206% | [Test] Loss: 1.15680097 Accuracy: Top1: 57.8323%, Top5: 95.9751%
[Epoch 021] Time: 69.3654s | [Train] Loss: 1.17821788 Accuracy: Top1: 57.0257%, Top5: 95.5267% | [Test] Loss: 1.15839759 Accuracy: Top1: 58.0103%, Top5: 95.9850%
[Epoch 022] Time: 69.3652s | [Train] Loss: 1.16793368 Accuracy: Top1: 57.1699%, Top5: 95.8136% | [Test] Loss: 1.14933502 Accuracy: Top1: 57.9707%, Top5: 95.8366%
[Epoch 023] Time: 69.6877s | [Train] Loss: 1.15776348 Accuracy: Top1: 57.7989%, Top5: 95.7705% | [Test] Loss: 1.12316988 Accuracy: Top1: 59.1080%, Top5: 95.9850%
[Epoch 024] Time: 68.9834s | [Train] Loss: 1.15266186 Accuracy: Top1: 57.9080%, Top5: 95.7129% | [Test] Loss: 1.13084298 Accuracy: Top1: 58.6333%, Top5: 96.2124%
[Epoch 025] Time: 69.2912s | [Train] Loss: 1.14692759 Accuracy: Top1: 58.1590%, Top5: 95.8748% | [Test] Loss: 1.12537609 Accuracy: Top1: 58.9794%, Top5: 96.0146%
[Epoch 026] Time: 69.3388s | [Train] Loss: 1.13456131 Accuracy: Top1: 58.6913%, Top5: 96.0106% | [Test] Loss: 1.10666710 Accuracy: Top1: 59.7706%, Top5: 96.3706%
[Epoch 027] Time: 69.4102s | [Train] Loss: 1.12434186 Accuracy: Top1: 59.2112%, Top5: 96.1785% | [Test] Loss: 1.11178328 Accuracy: Top1: 59.6618%, Top5: 96.3113%
[Epoch 028] Time: 69.6126s | [Train] Loss: 1.11449901 Accuracy: Top1: 59.2555%, Top5: 96.0993% | [Test] Loss: 1.11788610 Accuracy: Top1: 59.3750%, Top5: 96.1630%
[Epoch 029] Time: 69.1200s | [Train] Loss: 1.11129839 Accuracy: Top1: 59.6148%, Top5: 96.0638% | [Test] Loss: 1.10002314 Accuracy: Top1: 59.7211%, Top5: 96.2915%
[Epoch 030] Time: 69.3646s | [Train] Loss: 1.10559495 Accuracy: Top1: 59.7115%, Top5: 96.2272% | [Test] Loss: 1.08953885 Accuracy: Top1: 60.3244%, Top5: 96.2915%
[Epoch 031] Time: 69.4042s | [Train] Loss: 1.09767806 Accuracy: Top1: 59.8929%, Top5: 96.3751% | [Test] Loss: 1.08738311 Accuracy: Top1: 60.0178%, Top5: 96.4992%
[Epoch 032] Time: 69.4469s | [Train] Loss: 1.09313666 Accuracy: Top1: 60.0807%, Top5: 96.3723% | [Test] Loss: 1.09012479 Accuracy: Top1: 60.4331%, Top5: 96.3904%
[Epoch 033] Time: 69.4317s | [Train] Loss: 1.08736211 Accuracy: Top1: 60.3257%, Top5: 96.4930% | [Test] Loss: 1.08623565 Accuracy: Top1: 60.4233%, Top5: 96.3410%
[Epoch 034] Time: 69.3848s | [Train] Loss: 1.08179941 Accuracy: Top1: 60.4432%, Top5: 96.5022% | [Test] Loss: 1.08443660 Accuracy: Top1: 60.5617%, Top5: 96.4003%
[Epoch 035] Time: 69.1457s | [Train] Loss: 1.08027832 Accuracy: Top1: 60.6326%, Top5: 96.4610% | [Test] Loss: 1.08546365 Accuracy: Top1: 60.7793%, Top5: 96.3311%
[Epoch 036] Time: 69.3586s | [Train] Loss: 1.07337724 Accuracy: Top1: 60.9191%, Top5: 96.6796% | [Test] Loss: 1.07316891 Accuracy: Top1: 60.9078%, Top5: 96.4003%
[Epoch 037] Time: 69.3112s | [Train] Loss: 1.07085676 Accuracy: Top1: 61.0742%, Top5: 96.5745% | [Test] Loss: 1.07617367 Accuracy: Top1: 61.1056%, Top5: 96.3706%
[Epoch 038] Time: 69.5495s | [Train] Loss: 1.06951145 Accuracy: Top1: 61.2200%, Top5: 96.5237% | [Test] Loss: 1.07923604 Accuracy: Top1: 60.8089%, Top5: 96.4498%
[Epoch 039] Time: 69.4134s | [Train] Loss: 1.06913720 Accuracy: Top1: 61.3759%, Top5: 96.5369% | [Test] Loss: 1.06845484 Accuracy: Top1: 61.1847%, Top5: 96.5487%
[Epoch 040] Time: 69.4195s | [Train] Loss: 1.06194331 Accuracy: Top1: 61.4047%, Top5: 96.5969% | [Test] Loss: 1.06880516 Accuracy: Top1: 61.6001%, Top5: 96.5981%
[Epoch 041] Time: 69.4606s | [Train] Loss: 1.06206208 Accuracy: Top1: 61.4610%, Top5: 96.6152% | [Test] Loss: 1.06639798 Accuracy: Top1: 61.5506%, Top5: 96.4597%
[Epoch 042] Time: 69.3866s | [Train] Loss: 1.06093135 Accuracy: Top1: 61.4554%, Top5: 96.6920% | [Test] Loss: 1.07019322 Accuracy: Top1: 61.6495%, Top5: 96.5388%
[Epoch 043] Time: 69.3033s | [Train] Loss: 1.05907019 Accuracy: Top1: 61.5529%, Top5: 96.6860% | [Test] Loss: 1.06527364 Accuracy: Top1: 61.4616%, Top5: 96.6475%
[Epoch 044] Time: 69.5306s | [Train] Loss: 1.05694843 Accuracy: Top1: 61.4498%, Top5: 96.7128% | [Test] Loss: 1.06852537 Accuracy: Top1: 61.3331%, Top5: 96.5981%
[Epoch 045] Time: 69.4682s | [Train] Loss: 1.05758850 Accuracy: Top1: 61.3911%, Top5: 96.7140% | [Test] Loss: 1.06592606 Accuracy: Top1: 61.4320%, Top5: 96.6673%
[Epoch 046] Time: 69.3657s | [Train] Loss: 1.05474267 Accuracy: Top1: 61.6588%, Top5: 96.6232% | [Test] Loss: 1.06303907 Accuracy: Top1: 61.8671%, Top5: 96.6574%
[Epoch 047] Time: 69.3536s | [Train] Loss: 1.05553697 Accuracy: Top1: 61.6836%, Top5: 96.7539% | [Test] Loss: 1.06183660 Accuracy: Top1: 61.5407%, Top5: 96.5684%
[Epoch 048] Time: 68.8041s | [Train] Loss: 1.05386936 Accuracy: Top1: 61.6552%, Top5: 96.6976% | [Test] Loss: 1.06511363 Accuracy: Top1: 61.6100%, Top5: 96.5388%
[Epoch 049] Time: 69.4073s | [Train] Loss: 1.05540949 Accuracy: Top1: 61.5949%, Top5: 96.7048% | [Test] Loss: 1.06532749 Accuracy: Top1: 61.5407%, Top5: 96.6278%
[Epoch 050] Time: 69.4948s | [Train] Loss: 1.05301448 Accuracy: Top1: 61.7467%, Top5: 96.7567% | [Test] Loss: 1.06414476 Accuracy: Top1: 61.3232%, Top5: 96.4695%
Files already downloaded and verified
Files already downloaded and verified
Model: VIT ConvNNAttention_Modified
Total Parameters: 5744302
Trainable Parameters: 5744302
   - Trainable Parameters: 5.74430200 M
Model Complexity (Profiler):
   - GFLOPs: 2.15823950
   - Trainable Parameters: 5.74430200 M
[Epoch 001] Time: 73.7316s | [Train] Loss: 2.05154165 Accuracy: Top1: 24.0050%, Top5: 73.2793% | [Test] Loss: 1.82324878 Accuracy: Top1: 33.9597%, Top5: 84.1772%
[Epoch 002] Time: 73.6519s | [Train] Loss: 1.76603785 Accuracy: Top1: 35.0196%, Top5: 85.7868% | [Test] Loss: 1.65248245 Accuracy: Top1: 39.1812%, Top5: 88.5878%
[Epoch 003] Time: 73.3139s | [Train] Loss: 1.64591751 Accuracy: Top1: 39.4981%, Top5: 88.6077% | [Test] Loss: 1.56571208 Accuracy: Top1: 42.7710%, Top5: 90.0218%
[Epoch 004] Time: 73.7184s | [Train] Loss: 1.57002046 Accuracy: Top1: 42.1060%, Top5: 89.9704% | [Test] Loss: 1.50687064 Accuracy: Top1: 44.7983%, Top5: 91.3766%
[Epoch 005] Time: 73.3031s | [Train] Loss: 1.51147454 Accuracy: Top1: 44.6088%, Top5: 91.0234% | [Test] Loss: 1.45666735 Accuracy: Top1: 46.8651%, Top5: 92.1578%
[Epoch 006] Time: 73.8115s | [Train] Loss: 1.46708590 Accuracy: Top1: 46.5769%, Top5: 91.7495% | [Test] Loss: 1.41728608 Accuracy: Top1: 47.9826%, Top5: 92.6127%
[Epoch 007] Time: 73.5957s | [Train] Loss: 1.42723993 Accuracy: Top1: 47.9440%, Top5: 92.3350% | [Test] Loss: 1.37757509 Accuracy: Top1: 49.8813%, Top5: 93.2654%
[Epoch 008] Time: 73.6479s | [Train] Loss: 1.39207570 Accuracy: Top1: 49.3338%, Top5: 92.8133% | [Test] Loss: 1.35762477 Accuracy: Top1: 50.5340%, Top5: 93.4929%
[Epoch 009] Time: 73.6931s | [Train] Loss: 1.36034398 Accuracy: Top1: 50.3169%, Top5: 93.3184% | [Test] Loss: 1.32365032 Accuracy: Top1: 51.9877%, Top5: 93.8192%
[Epoch 010] Time: 73.4892s | [Train] Loss: 1.33657095 Accuracy: Top1: 51.2988%, Top5: 93.5246% | [Test] Loss: 1.29862266 Accuracy: Top1: 52.6602%, Top5: 94.1653%
[Epoch 011] Time: 73.5574s | [Train] Loss: 1.30991296 Accuracy: Top1: 52.0972%, Top5: 93.9962% | [Test] Loss: 1.27322515 Accuracy: Top1: 53.5997%, Top5: 94.4324%
[Epoch 012] Time: 73.6212s | [Train] Loss: 1.28755934 Accuracy: Top1: 53.1582%, Top5: 94.2112% | [Test] Loss: 1.26066143 Accuracy: Top1: 54.4403%, Top5: 94.6895%
[Epoch 013] Time: 73.4092s | [Train] Loss: 1.27083969 Accuracy: Top1: 53.7284%, Top5: 94.4553% | [Test] Loss: 1.24680167 Accuracy: Top1: 54.9347%, Top5: 95.0059%
[Epoch 014] Time: 73.7382s | [Train] Loss: 1.25226490 Accuracy: Top1: 54.3666%, Top5: 94.7990% | [Test] Loss: 1.22247659 Accuracy: Top1: 55.7358%, Top5: 95.0455%
[Epoch 015] Time: 73.6757s | [Train] Loss: 1.23353256 Accuracy: Top1: 55.0504%, Top5: 94.8382% | [Test] Loss: 1.25202502 Accuracy: Top1: 54.5787%, Top5: 95.0455%
[Epoch 016] Time: 73.3660s | [Train] Loss: 1.21842422 Accuracy: Top1: 55.6210%, Top5: 95.0344% | [Test] Loss: 1.22169362 Accuracy: Top1: 55.8149%, Top5: 95.1839%
[Epoch 017] Time: 72.9919s | [Train] Loss: 1.20709977 Accuracy: Top1: 56.1569%, Top5: 95.2302% | [Test] Loss: 1.17737685 Accuracy: Top1: 57.2488%, Top5: 95.7674%
[Epoch 018] Time: 73.4437s | [Train] Loss: 1.18937499 Accuracy: Top1: 56.6097%, Top5: 95.3597% | [Test] Loss: 1.17629231 Accuracy: Top1: 57.4565%, Top5: 95.6586%
[Epoch 019] Time: 73.4514s | [Train] Loss: 1.17674369 Accuracy: Top1: 57.2099%, Top5: 95.5778% | [Test] Loss: 1.18042656 Accuracy: Top1: 57.4070%, Top5: 95.7773%
[Epoch 020] Time: 73.4353s | [Train] Loss: 1.16797004 Accuracy: Top1: 57.4852%, Top5: 95.7285% | [Test] Loss: 1.15706058 Accuracy: Top1: 57.9114%, Top5: 95.9256%
[Epoch 021] Time: 73.4981s | [Train] Loss: 1.15435695 Accuracy: Top1: 58.0063%, Top5: 95.7613% | [Test] Loss: 1.15278167 Accuracy: Top1: 58.5443%, Top5: 95.7971%
[Epoch 022] Time: 73.3707s | [Train] Loss: 1.14468254 Accuracy: Top1: 58.4403%, Top5: 95.8468% | [Test] Loss: 1.14455291 Accuracy: Top1: 58.3762%, Top5: 95.8861%
[Epoch 023] Time: 73.2616s | [Train] Loss: 1.13578121 Accuracy: Top1: 58.9078%, Top5: 95.9415% | [Test] Loss: 1.13394339 Accuracy: Top1: 58.8212%, Top5: 95.9157%
[Epoch 024] Time: 73.2114s | [Train] Loss: 1.12568103 Accuracy: Top1: 59.1876%, Top5: 96.0442% | [Test] Loss: 1.12563563 Accuracy: Top1: 59.1475%, Top5: 96.1828%
[Epoch 025] Time: 73.4756s | [Train] Loss: 1.11443973 Accuracy: Top1: 59.5484%, Top5: 96.0949% | [Test] Loss: 1.10496992 Accuracy: Top1: 60.1068%, Top5: 96.3608%
[Epoch 026] Time: 73.3979s | [Train] Loss: 1.10877376 Accuracy: Top1: 59.5520%, Top5: 96.2144% | [Test] Loss: 1.11956229 Accuracy: Top1: 59.1377%, Top5: 96.1630%
[Epoch 027] Time: 73.6343s | [Train] Loss: 1.10391648 Accuracy: Top1: 60.0240%, Top5: 96.0774% | [Test] Loss: 1.10758319 Accuracy: Top1: 59.9288%, Top5: 96.0245%
[Epoch 028] Time: 73.4139s | [Train] Loss: 1.09597311 Accuracy: Top1: 60.1866%, Top5: 96.1453% | [Test] Loss: 1.10551441 Accuracy: Top1: 59.6420%, Top5: 96.1630%
[Epoch 029] Time: 73.3753s | [Train] Loss: 1.08974088 Accuracy: Top1: 60.4995%, Top5: 96.3359% | [Test] Loss: 1.09182093 Accuracy: Top1: 60.4134%, Top5: 96.2421%
[Epoch 030] Time: 73.5059s | [Train] Loss: 1.08436637 Accuracy: Top1: 60.6366%, Top5: 96.3275% | [Test] Loss: 1.09928019 Accuracy: Top1: 59.7211%, Top5: 96.3311%
[Epoch 031] Time: 73.3712s | [Train] Loss: 1.07834758 Accuracy: Top1: 60.8304%, Top5: 96.3239% | [Test] Loss: 1.07644477 Accuracy: Top1: 60.9672%, Top5: 96.4498%
[Epoch 032] Time: 73.2085s | [Train] Loss: 1.07538875 Accuracy: Top1: 61.0046%, Top5: 96.4754% | [Test] Loss: 1.08059213 Accuracy: Top1: 60.7892%, Top5: 96.4695%
[Epoch 033] Time: 73.6101s | [Train] Loss: 1.07141166 Accuracy: Top1: 61.1705%, Top5: 96.4962% | [Test] Loss: 1.07593503 Accuracy: Top1: 60.9177%, Top5: 96.4102%
[Epoch 034] Time: 73.3362s | [Train] Loss: 1.06418137 Accuracy: Top1: 61.5241%, Top5: 96.5249% | [Test] Loss: 1.07273062 Accuracy: Top1: 60.8485%, Top5: 96.4695%
[Epoch 035] Time: 73.2712s | [Train] Loss: 1.06230307 Accuracy: Top1: 61.3707%, Top5: 96.5765% | [Test] Loss: 1.07269767 Accuracy: Top1: 61.0364%, Top5: 96.3212%
[Epoch 036] Time: 73.3510s | [Train] Loss: 1.05643315 Accuracy: Top1: 61.7451%, Top5: 96.6188% | [Test] Loss: 1.06688047 Accuracy: Top1: 61.5309%, Top5: 96.5981%
[Epoch 037] Time: 73.3877s | [Train] Loss: 1.05284157 Accuracy: Top1: 61.7915%, Top5: 96.6420% | [Test] Loss: 1.06801567 Accuracy: Top1: 61.1847%, Top5: 96.4300%
[Epoch 038] Time: 73.4324s | [Train] Loss: 1.04941274 Accuracy: Top1: 61.8782%, Top5: 96.7435% | [Test] Loss: 1.06295480 Accuracy: Top1: 61.5012%, Top5: 96.4102%
[Epoch 039] Time: 73.4387s | [Train] Loss: 1.04592307 Accuracy: Top1: 62.0273%, Top5: 96.6276% | [Test] Loss: 1.06258594 Accuracy: Top1: 61.4517%, Top5: 96.5684%
[Epoch 040] Time: 73.1357s | [Train] Loss: 1.04592594 Accuracy: Top1: 62.0464%, Top5: 96.6440% | [Test] Loss: 1.05901972 Accuracy: Top1: 61.7979%, Top5: 96.4893%
[Epoch 041] Time: 73.1077s | [Train] Loss: 1.04381567 Accuracy: Top1: 62.1839%, Top5: 96.7523% | [Test] Loss: 1.05673687 Accuracy: Top1: 61.4616%, Top5: 96.4003%
[Epoch 042] Time: 73.5717s | [Train] Loss: 1.04524673 Accuracy: Top1: 62.1216%, Top5: 96.6968% | [Test] Loss: 1.06052799 Accuracy: Top1: 61.6396%, Top5: 96.4695%
[Epoch 043] Time: 73.5153s | [Train] Loss: 1.04195258 Accuracy: Top1: 62.3861%, Top5: 96.6492% | [Test] Loss: 1.05537458 Accuracy: Top1: 61.6990%, Top5: 96.6475%
[Epoch 044] Time: 73.6369s | [Train] Loss: 1.04150081 Accuracy: Top1: 62.2155%, Top5: 96.7048% | [Test] Loss: 1.05867028 Accuracy: Top1: 61.2737%, Top5: 96.4597%
[Epoch 045] Time: 73.3807s | [Train] Loss: 1.03849599 Accuracy: Top1: 62.6527%, Top5: 96.7140% | [Test] Loss: 1.05515905 Accuracy: Top1: 61.5605%, Top5: 96.5388%
[Epoch 046] Time: 73.1281s | [Train] Loss: 1.04150538 Accuracy: Top1: 62.2670%, Top5: 96.7747% | [Test] Loss: 1.05794252 Accuracy: Top1: 61.3528%, Top5: 96.3410%
[Epoch 047] Time: 73.4367s | [Train] Loss: 1.03546974 Accuracy: Top1: 62.4289%, Top5: 96.7367% | [Test] Loss: 1.05259379 Accuracy: Top1: 61.6199%, Top5: 96.5487%
[Epoch 048] Time: 73.5362s | [Train] Loss: 1.03648925 Accuracy: Top1: 62.5943%, Top5: 96.7327% | [Test] Loss: 1.05696225 Accuracy: Top1: 61.2836%, Top5: 96.5289%
[Epoch 049] Time: 73.4757s | [Train] Loss: 1.03645788 Accuracy: Top1: 62.4297%, Top5: 96.7559% | [Test] Loss: 1.05638065 Accuracy: Top1: 61.7089%, Top5: 96.4300%
[Epoch 050] Time: 73.3832s | [Train] Loss: 1.03801352 Accuracy: Top1: 62.3873%, Top5: 96.7835% | [Test] Loss: 1.05362932 Accuracy: Top1: 61.7484%, Top5: 96.5882%
