Files already downloaded and verified
Files already downloaded and verified
Model: VIT Attention
Total Parameters: 5488522
Trainable Parameters: 5488522
   - Trainable Parameters: 5.48852200 M
Model Complexity (Profiler):
   - GFLOPs: 2.50793184
   - Trainable Parameters: 5.48852200 M
[Epoch 001] Time: 49.4384s | [Train] Loss: 1.99054395 Accuracy: Top1: 26.5701%, Top5: 78.3963% | [Test] Loss: 1.82168139 Accuracy: Top1: 35.0870%, Top5: 84.2069%
[Epoch 002] Time: 49.9043s | [Train] Loss: 1.74755047 Accuracy: Top1: 36.3335%, Top5: 86.0838% | [Test] Loss: 1.60544229 Accuracy: Top1: 42.4150%, Top5: 89.1812%
[Epoch 003] Time: 49.9741s | [Train] Loss: 1.59339496 Accuracy: Top1: 41.6784%, Top5: 89.5860% | [Test] Loss: 1.51451310 Accuracy: Top1: 44.9268%, Top5: 91.0008%
[Epoch 004] Time: 50.1360s | [Train] Loss: 1.51553551 Accuracy: Top1: 44.7970%, Top5: 90.9691% | [Test] Loss: 1.44283820 Accuracy: Top1: 47.1717%, Top5: 92.5336%
[Epoch 005] Time: 49.8029s | [Train] Loss: 1.44933661 Accuracy: Top1: 47.2191%, Top5: 92.0257% | [Test] Loss: 1.39152680 Accuracy: Top1: 49.7132%, Top5: 93.1962%
[Epoch 006] Time: 50.1860s | [Train] Loss: 1.39866285 Accuracy: Top1: 49.2455%, Top5: 92.7661% | [Test] Loss: 1.33862428 Accuracy: Top1: 51.5229%, Top5: 93.9379%
[Epoch 007] Time: 50.1475s | [Train] Loss: 1.34481809 Accuracy: Top1: 51.1193%, Top5: 93.6065% | [Test] Loss: 1.28331090 Accuracy: Top1: 53.2931%, Top5: 94.6598%
[Epoch 008] Time: 50.2319s | [Train] Loss: 1.29872478 Accuracy: Top1: 52.7777%, Top5: 94.0853% | [Test] Loss: 1.26208316 Accuracy: Top1: 54.0348%, Top5: 94.8279%
[Epoch 009] Time: 50.1702s | [Train] Loss: 1.25706073 Accuracy: Top1: 54.4977%, Top5: 94.6064% | [Test] Loss: 1.22057329 Accuracy: Top1: 55.6072%, Top5: 95.4015%
[Epoch 010] Time: 50.0865s | [Train] Loss: 1.22704112 Accuracy: Top1: 55.4819%, Top5: 95.0080% | [Test] Loss: 1.18977215 Accuracy: Top1: 56.5566%, Top5: 95.4312%
[Epoch 011] Time: 50.3983s | [Train] Loss: 1.19971697 Accuracy: Top1: 56.5309%, Top5: 95.2637% | [Test] Loss: 1.17550386 Accuracy: Top1: 57.0906%, Top5: 95.5498%
[Epoch 012] Time: 50.0493s | [Train] Loss: 1.16951257 Accuracy: Top1: 57.5416%, Top5: 95.6350% | [Test] Loss: 1.13967798 Accuracy: Top1: 58.6432%, Top5: 95.7872%
[Epoch 013] Time: 49.9712s | [Train] Loss: 1.14747532 Accuracy: Top1: 58.5762%, Top5: 95.7721% | [Test] Loss: 1.10581055 Accuracy: Top1: 59.6420%, Top5: 96.0542%
[Epoch 014] Time: 50.3974s | [Train] Loss: 1.12832268 Accuracy: Top1: 59.3994%, Top5: 96.0222% | [Test] Loss: 1.09191674 Accuracy: Top1: 60.2453%, Top5: 96.2520%
[Epoch 015] Time: 50.3638s | [Train] Loss: 1.10553094 Accuracy: Top1: 60.2705%, Top5: 96.1689% | [Test] Loss: 1.10542426 Accuracy: Top1: 60.0574%, Top5: 96.0047%
[Epoch 016] Time: 50.1700s | [Train] Loss: 1.08632928 Accuracy: Top1: 60.8907%, Top5: 96.3707% | [Test] Loss: 1.07189194 Accuracy: Top1: 61.1353%, Top5: 96.4498%
[Epoch 017] Time: 50.0187s | [Train] Loss: 1.06990816 Accuracy: Top1: 61.4994%, Top5: 96.5018% | [Test] Loss: 1.04976355 Accuracy: Top1: 62.2824%, Top5: 96.4597%
[Epoch 018] Time: 50.3436s | [Train] Loss: 1.05678001 Accuracy: Top1: 61.9757%, Top5: 96.5617% | [Test] Loss: 1.02968162 Accuracy: Top1: 63.1329%, Top5: 96.5882%
[Epoch 019] Time: 50.5057s | [Train] Loss: 1.03993217 Accuracy: Top1: 62.6295%, Top5: 96.7671% | [Test] Loss: 1.04649446 Accuracy: Top1: 62.8165%, Top5: 96.6080%
[Epoch 020] Time: 50.4222s | [Train] Loss: 1.02965809 Accuracy: Top1: 62.8633%, Top5: 96.8095% | [Test] Loss: 1.01355388 Accuracy: Top1: 63.1131%, Top5: 96.8256%
[Epoch 021] Time: 50.3270s | [Train] Loss: 1.01532728 Accuracy: Top1: 63.4355%, Top5: 96.8382% | [Test] Loss: 1.01172834 Accuracy: Top1: 63.3999%, Top5: 96.9838%
[Epoch 022] Time: 50.2768s | [Train] Loss: 1.00155116 Accuracy: Top1: 63.8008%, Top5: 97.0636% | [Test] Loss: 0.98436268 Accuracy: Top1: 64.5471%, Top5: 97.1816%
[Epoch 023] Time: 50.2434s | [Train] Loss: 0.98941665 Accuracy: Top1: 64.3682%, Top5: 97.1547% | [Test] Loss: 0.98282228 Accuracy: Top1: 64.7745%, Top5: 97.2211%
[Epoch 024] Time: 50.4571s | [Train] Loss: 0.98198821 Accuracy: Top1: 64.8014%, Top5: 97.0912% | [Test] Loss: 0.97413431 Accuracy: Top1: 64.8833%, Top5: 97.2409%
[Epoch 025] Time: 50.3647s | [Train] Loss: 0.97126472 Accuracy: Top1: 65.3009%, Top5: 97.1863% | [Test] Loss: 0.96215191 Accuracy: Top1: 65.1108%, Top5: 97.1915%
[Epoch 026] Time: 50.2057s | [Train] Loss: 0.96290116 Accuracy: Top1: 65.7289%, Top5: 97.2402% | [Test] Loss: 0.96144131 Accuracy: Top1: 65.3679%, Top5: 97.1717%
[Epoch 027] Time: 50.3373s | [Train] Loss: 0.95435995 Accuracy: Top1: 65.9199%, Top5: 97.3374% | [Test] Loss: 0.94990804 Accuracy: Top1: 66.0898%, Top5: 97.1321%
[Epoch 028] Time: 50.3143s | [Train] Loss: 0.94626991 Accuracy: Top1: 66.0514%, Top5: 97.3741% | [Test] Loss: 0.95610676 Accuracy: Top1: 65.8426%, Top5: 97.2706%
[Epoch 029] Time: 50.6139s | [Train] Loss: 0.93806674 Accuracy: Top1: 66.4942%, Top5: 97.4261% | [Test] Loss: 0.94829604 Accuracy: Top1: 66.1590%, Top5: 97.1816%
[Epoch 030] Time: 50.3116s | [Train] Loss: 0.93371575 Accuracy: Top1: 66.5321%, Top5: 97.4960% | [Test] Loss: 0.93653574 Accuracy: Top1: 66.2876%, Top5: 97.3991%
[Epoch 031] Time: 50.1497s | [Train] Loss: 0.92628103 Accuracy: Top1: 67.0085%, Top5: 97.4341% | [Test] Loss: 0.94156658 Accuracy: Top1: 66.1491%, Top5: 97.3794%
[Epoch 032] Time: 50.0570s | [Train] Loss: 0.91747662 Accuracy: Top1: 67.2063%, Top5: 97.5036% | [Test] Loss: 0.92511737 Accuracy: Top1: 66.8216%, Top5: 97.4881%
[Epoch 033] Time: 50.3371s | [Train] Loss: 0.91534241 Accuracy: Top1: 67.3390%, Top5: 97.4960% | [Test] Loss: 0.92931891 Accuracy: Top1: 66.8414%, Top5: 97.3991%
[Epoch 034] Time: 50.3717s | [Train] Loss: 0.90787127 Accuracy: Top1: 67.5168%, Top5: 97.6059% | [Test] Loss: 0.91618110 Accuracy: Top1: 67.3655%, Top5: 97.4486%
[Epoch 035] Time: 50.1711s | [Train] Loss: 0.90566941 Accuracy: Top1: 67.4860%, Top5: 97.6231% | [Test] Loss: 0.91804184 Accuracy: Top1: 67.1776%, Top5: 97.4782%
[Epoch 036] Time: 50.1462s | [Train] Loss: 0.90223387 Accuracy: Top1: 67.7262%, Top5: 97.5520% | [Test] Loss: 0.91707885 Accuracy: Top1: 67.4347%, Top5: 97.5079%
[Epoch 037] Time: 50.1909s | [Train] Loss: 0.89832704 Accuracy: Top1: 67.8225%, Top5: 97.7078% | [Test] Loss: 0.91075398 Accuracy: Top1: 67.5831%, Top5: 97.4585%
[Epoch 038] Time: 50.3208s | [Train] Loss: 0.89733859 Accuracy: Top1: 68.1530%, Top5: 97.6507% | [Test] Loss: 0.90759415 Accuracy: Top1: 67.7017%, Top5: 97.5574%
[Epoch 039] Time: 50.2522s | [Train] Loss: 0.88844062 Accuracy: Top1: 68.2533%, Top5: 97.7821% | [Test] Loss: 0.91040444 Accuracy: Top1: 67.4150%, Top5: 97.5870%
[Epoch 040] Time: 50.2202s | [Train] Loss: 0.88956870 Accuracy: Top1: 68.1270%, Top5: 97.7330% | [Test] Loss: 0.90394018 Accuracy: Top1: 67.7512%, Top5: 97.5870%
[Epoch 041] Time: 50.1544s | [Train] Loss: 0.88784680 Accuracy: Top1: 68.3484%, Top5: 97.6678% | [Test] Loss: 0.90512581 Accuracy: Top1: 67.7017%, Top5: 97.4980%
[Epoch 042] Time: 49.9305s | [Train] Loss: 0.88323536 Accuracy: Top1: 68.3224%, Top5: 97.7641% | [Test] Loss: 0.90479212 Accuracy: Top1: 67.8995%, Top5: 97.5475%
[Epoch 043] Time: 50.0455s | [Train] Loss: 0.88223127 Accuracy: Top1: 68.3524%, Top5: 97.8129% | [Test] Loss: 0.90015845 Accuracy: Top1: 68.0083%, Top5: 97.5574%
[Epoch 044] Time: 50.1253s | [Train] Loss: 0.87854897 Accuracy: Top1: 68.7576%, Top5: 97.7905% | [Test] Loss: 0.90117957 Accuracy: Top1: 67.8600%, Top5: 97.6068%
[Epoch 045] Time: 50.2697s | [Train] Loss: 0.87875340 Accuracy: Top1: 68.5606%, Top5: 97.8049% | [Test] Loss: 0.90096319 Accuracy: Top1: 67.9688%, Top5: 97.5771%
[Epoch 046] Time: 50.2228s | [Train] Loss: 0.88049725 Accuracy: Top1: 68.5574%, Top5: 97.8185% | [Test] Loss: 0.90109427 Accuracy: Top1: 67.8303%, Top5: 97.5672%
[Epoch 047] Time: 50.1539s | [Train] Loss: 0.87694227 Accuracy: Top1: 68.8831%, Top5: 97.7869% | [Test] Loss: 0.90020690 Accuracy: Top1: 67.8600%, Top5: 97.5771%
[Epoch 048] Time: 50.3964s | [Train] Loss: 0.87642085 Accuracy: Top1: 68.7828%, Top5: 97.7526% | [Test] Loss: 0.90001877 Accuracy: Top1: 67.8995%, Top5: 97.6365%
[Epoch 049] Time: 50.3512s | [Train] Loss: 0.87760822 Accuracy: Top1: 68.7048%, Top5: 97.8177% | [Test] Loss: 0.89993003 Accuracy: Top1: 67.9984%, Top5: 97.6068%
[Epoch 050] Time: 50.0184s | [Train] Loss: 0.87453256 Accuracy: Top1: 68.9426%, Top5: 97.8884% | [Test] Loss: 0.89986434 Accuracy: Top1: 67.9984%, Top5: 97.6167%
Files already downloaded and verified
Files already downloaded and verified
Model: VIT ConvNNAttention_Same_KVT
Total Parameters: 5500042
Trainable Parameters: 5500042
   - Trainable Parameters: 5.50004200 M
Model Complexity (Profiler):
   - GFLOPs: 2.33318496
   - Trainable Parameters: 5.50004200 M
[Epoch 001] Time: 75.2558s | [Train] Loss: 1.90415211 Accuracy: Top1: 30.3221%, Top5: 80.8016% | [Test] Loss: 1.62771601 Accuracy: Top1: 41.3766%, Top5: 88.0340%
[Epoch 002] Time: 74.9111s | [Train] Loss: 1.60896876 Accuracy: Top1: 41.5233%, Top5: 88.7620% | [Test] Loss: 1.47631982 Accuracy: Top1: 46.6673%, Top5: 91.2777%
[Epoch 003] Time: 74.6282s | [Train] Loss: 1.47981848 Accuracy: Top1: 46.4750%, Top5: 91.1525% | [Test] Loss: 1.38355203 Accuracy: Top1: 49.8517%, Top5: 92.9688%
[Epoch 004] Time: 74.7361s | [Train] Loss: 1.40040353 Accuracy: Top1: 49.0685%, Top5: 92.5639% | [Test] Loss: 1.32975861 Accuracy: Top1: 51.7108%, Top5: 93.7797%
[Epoch 005] Time: 74.7540s | [Train] Loss: 1.33852319 Accuracy: Top1: 51.4734%, Top5: 93.3408% | [Test] Loss: 1.28303789 Accuracy: Top1: 52.9173%, Top5: 94.7785%
[Epoch 006] Time: 74.9413s | [Train] Loss: 1.29122521 Accuracy: Top1: 53.2249%, Top5: 94.1077% | [Test] Loss: 1.23359666 Accuracy: Top1: 55.3303%, Top5: 95.1642%
[Epoch 007] Time: 74.9672s | [Train] Loss: 1.25309763 Accuracy: Top1: 54.7243%, Top5: 94.5165% | [Test] Loss: 1.22297681 Accuracy: Top1: 55.8248%, Top5: 95.0257%
[Epoch 008] Time: 75.0016s | [Train] Loss: 1.21447591 Accuracy: Top1: 56.1697%, Top5: 95.0000% | [Test] Loss: 1.19485658 Accuracy: Top1: 56.9917%, Top5: 95.3026%
[Epoch 009] Time: 74.9170s | [Train] Loss: 1.18532309 Accuracy: Top1: 57.1651%, Top5: 95.3405% | [Test] Loss: 1.15645867 Accuracy: Top1: 58.5641%, Top5: 95.7476%
[Epoch 010] Time: 74.9518s | [Train] Loss: 1.16299210 Accuracy: Top1: 58.2932%, Top5: 95.4596% | [Test] Loss: 1.12703226 Accuracy: Top1: 58.9399%, Top5: 96.0542%
[Epoch 011] Time: 74.6750s | [Train] Loss: 1.13780272 Accuracy: Top1: 59.2395%, Top5: 95.9203% | [Test] Loss: 1.12092431 Accuracy: Top1: 59.5134%, Top5: 96.0740%
[Epoch 012] Time: 75.2303s | [Train] Loss: 1.11642324 Accuracy: Top1: 59.8921%, Top5: 96.0202% | [Test] Loss: 1.09612697 Accuracy: Top1: 60.0870%, Top5: 96.2816%
[Epoch 013] Time: 74.8444s | [Train] Loss: 1.09718224 Accuracy: Top1: 60.5854%, Top5: 96.1713% | [Test] Loss: 1.08087433 Accuracy: Top1: 60.8188%, Top5: 96.5783%
[Epoch 014] Time: 74.7897s | [Train] Loss: 1.08209561 Accuracy: Top1: 61.2420%, Top5: 96.2688% | [Test] Loss: 1.06265490 Accuracy: Top1: 61.8275%, Top5: 96.5091%
[Epoch 015] Time: 74.9724s | [Train] Loss: 1.06049651 Accuracy: Top1: 62.0556%, Top5: 96.5233% | [Test] Loss: 1.09571038 Accuracy: Top1: 60.9078%, Top5: 96.1234%
[Epoch 016] Time: 74.7752s | [Train] Loss: 1.04427722 Accuracy: Top1: 62.5891%, Top5: 96.6544% | [Test] Loss: 1.06619580 Accuracy: Top1: 61.8572%, Top5: 96.3805%
[Epoch 017] Time: 74.7454s | [Train] Loss: 1.03432500 Accuracy: Top1: 62.9032%, Top5: 96.7056% | [Test] Loss: 1.03444068 Accuracy: Top1: 62.8165%, Top5: 96.7366%
[Epoch 018] Time: 75.1207s | [Train] Loss: 1.01823137 Accuracy: Top1: 63.4986%, Top5: 96.8306% | [Test] Loss: 1.02195855 Accuracy: Top1: 63.6669%, Top5: 96.6772%
[Epoch 019] Time: 74.8873s | [Train] Loss: 1.00423966 Accuracy: Top1: 63.9270%, Top5: 96.9617% | [Test] Loss: 1.06416085 Accuracy: Top1: 62.4308%, Top5: 96.3706%
[Epoch 020] Time: 74.6899s | [Train] Loss: 0.99222840 Accuracy: Top1: 64.6044%, Top5: 97.0316% | [Test] Loss: 1.01202991 Accuracy: Top1: 64.2702%, Top5: 96.7761%
[Epoch 021] Time: 75.0742s | [Train] Loss: 0.98043412 Accuracy: Top1: 64.9377%, Top5: 97.0880% | [Test] Loss: 1.01086290 Accuracy: Top1: 64.3691%, Top5: 96.8552%
[Epoch 022] Time: 74.9682s | [Train] Loss: 0.97092906 Accuracy: Top1: 65.3597%, Top5: 97.2726% | [Test] Loss: 0.98595625 Accuracy: Top1: 65.1701%, Top5: 97.0629%
[Epoch 023] Time: 74.9649s | [Train] Loss: 0.95567917 Accuracy: Top1: 65.7281%, Top5: 97.2962% | [Test] Loss: 0.99097911 Accuracy: Top1: 65.0119%, Top5: 96.9244%
[Epoch 024] Time: 75.0678s | [Train] Loss: 0.95124162 Accuracy: Top1: 66.0530%, Top5: 97.3134% | [Test] Loss: 0.99969965 Accuracy: Top1: 64.8141%, Top5: 97.0332%
[Epoch 025] Time: 74.8751s | [Train] Loss: 0.94407459 Accuracy: Top1: 66.3215%, Top5: 97.3270% | [Test] Loss: 0.96620232 Accuracy: Top1: 65.9909%, Top5: 96.9838%
[Epoch 026] Time: 75.1585s | [Train] Loss: 0.93075150 Accuracy: Top1: 66.6256%, Top5: 97.5252% | [Test] Loss: 0.97722610 Accuracy: Top1: 65.9612%, Top5: 97.0827%
[Epoch 027] Time: 74.9130s | [Train] Loss: 0.92497112 Accuracy: Top1: 66.9565%, Top5: 97.5020% | [Test] Loss: 0.95436582 Accuracy: Top1: 66.5249%, Top5: 97.2409%
[Epoch 028] Time: 74.9099s | [Train] Loss: 0.91694048 Accuracy: Top1: 67.1979%, Top5: 97.5711% | [Test] Loss: 0.95378554 Accuracy: Top1: 66.3865%, Top5: 97.2112%
[Epoch 029] Time: 74.9497s | [Train] Loss: 0.90730760 Accuracy: Top1: 67.6299%, Top5: 97.6279% | [Test] Loss: 0.95794167 Accuracy: Top1: 66.3370%, Top5: 97.1816%
[Epoch 030] Time: 74.7651s | [Train] Loss: 0.90722817 Accuracy: Top1: 67.5248%, Top5: 97.5751% | [Test] Loss: 0.94791394 Accuracy: Top1: 66.5744%, Top5: 97.2805%
[Epoch 031] Time: 75.1040s | [Train] Loss: 0.89598921 Accuracy: Top1: 67.7669%, Top5: 97.6818% | [Test] Loss: 0.94931616 Accuracy: Top1: 67.3754%, Top5: 97.1123%
[Epoch 032] Time: 74.6808s | [Train] Loss: 0.89239893 Accuracy: Top1: 67.9416%, Top5: 97.6966% | [Test] Loss: 0.94110649 Accuracy: Top1: 67.2172%, Top5: 97.2409%
[Epoch 033] Time: 74.9821s | [Train] Loss: 0.88929282 Accuracy: Top1: 68.1406%, Top5: 97.7781% | [Test] Loss: 0.94015331 Accuracy: Top1: 67.0392%, Top5: 97.3497%
[Epoch 034] Time: 74.9635s | [Train] Loss: 0.88722273 Accuracy: Top1: 68.3804%, Top5: 97.7849% | [Test] Loss: 0.93032658 Accuracy: Top1: 67.4941%, Top5: 97.3794%
[Epoch 035] Time: 74.9850s | [Train] Loss: 0.87906355 Accuracy: Top1: 68.7012%, Top5: 97.7558% | [Test] Loss: 0.93946238 Accuracy: Top1: 67.1084%, Top5: 97.3596%
[Epoch 036] Time: 74.5266s | [Train] Loss: 0.87427928 Accuracy: Top1: 68.8139%, Top5: 97.7789% | [Test] Loss: 0.93270734 Accuracy: Top1: 67.4941%, Top5: 97.3892%
[Epoch 037] Time: 74.6862s | [Train] Loss: 0.87112043 Accuracy: Top1: 68.8159%, Top5: 97.8648% | [Test] Loss: 0.93595718 Accuracy: Top1: 67.4347%, Top5: 97.3398%
[Epoch 038] Time: 74.9472s | [Train] Loss: 0.86597482 Accuracy: Top1: 69.2172%, Top5: 97.8229% | [Test] Loss: 0.93726353 Accuracy: Top1: 67.4150%, Top5: 97.3794%
[Epoch 039] Time: 74.9659s | [Train] Loss: 0.86523673 Accuracy: Top1: 69.2431%, Top5: 97.8429% | [Test] Loss: 0.93214703 Accuracy: Top1: 67.4644%, Top5: 97.2211%
[Epoch 040] Time: 74.6242s | [Train] Loss: 0.86329775 Accuracy: Top1: 69.3306%, Top5: 97.8189% | [Test] Loss: 0.92992596 Accuracy: Top1: 67.7907%, Top5: 97.2706%
[Epoch 041] Time: 74.8611s | [Train] Loss: 0.86040214 Accuracy: Top1: 69.4046%, Top5: 97.8517% | [Test] Loss: 0.93108527 Accuracy: Top1: 67.8006%, Top5: 97.2409%
[Epoch 042] Time: 74.8111s | [Train] Loss: 0.85939444 Accuracy: Top1: 69.3326%, Top5: 97.8888% | [Test] Loss: 0.92869640 Accuracy: Top1: 67.5633%, Top5: 97.3695%
[Epoch 043] Time: 74.9906s | [Train] Loss: 0.85487874 Accuracy: Top1: 69.5041%, Top5: 97.8840% | [Test] Loss: 0.92656149 Accuracy: Top1: 67.6820%, Top5: 97.3794%
[Epoch 044] Time: 74.9857s | [Train] Loss: 0.85726333 Accuracy: Top1: 69.2263%, Top5: 97.9020% | [Test] Loss: 0.92734089 Accuracy: Top1: 67.8006%, Top5: 97.3695%
[Epoch 045] Time: 75.0849s | [Train] Loss: 0.85380646 Accuracy: Top1: 69.6419%, Top5: 97.8557% | [Test] Loss: 0.92594387 Accuracy: Top1: 68.1665%, Top5: 97.3695%
[Epoch 046] Time: 74.8997s | [Train] Loss: 0.85297677 Accuracy: Top1: 69.6523%, Top5: 97.9248% | [Test] Loss: 0.92480495 Accuracy: Top1: 67.7907%, Top5: 97.3596%
[Epoch 047] Time: 74.9469s | [Train] Loss: 0.85221290 Accuracy: Top1: 69.7490%, Top5: 97.9148% | [Test] Loss: 0.92620212 Accuracy: Top1: 68.0083%, Top5: 97.3794%
[Epoch 048] Time: 74.8228s | [Train] Loss: 0.85119969 Accuracy: Top1: 69.6647%, Top5: 97.9520% | [Test] Loss: 0.92661306 Accuracy: Top1: 67.9589%, Top5: 97.3695%
[Epoch 049] Time: 74.9066s | [Train] Loss: 0.85113169 Accuracy: Top1: 69.4529%, Top5: 98.0055% | [Test] Loss: 0.92611163 Accuracy: Top1: 67.7611%, Top5: 97.4288%
[Epoch 050] Time: 74.8447s | [Train] Loss: 0.85092722 Accuracy: Top1: 69.7742%, Top5: 98.0151% | [Test] Loss: 0.92701956 Accuracy: Top1: 67.9984%, Top5: 97.3596%
Files already downloaded and verified
Files already downloaded and verified
Model: VIT ConvNNAttention_Same_KVT
Total Parameters: 5516170
Trainable Parameters: 5516170
   - Trainable Parameters: 5.51617000 M
Model Complexity (Profiler):
   - GFLOPs: 2.33636218
   - Trainable Parameters: 5.51617000 M
[Epoch 001] Time: 108.2995s | [Train] Loss: 1.90674614 Accuracy: Top1: 30.5511%, Top5: 80.5211% | [Test] Loss: 1.63901892 Accuracy: Top1: 41.7623%, Top5: 87.6780%
[Epoch 002] Time: 107.6858s | [Train] Loss: 1.60947283 Accuracy: Top1: 42.0676%, Top5: 88.7512% | [Test] Loss: 1.46892255 Accuracy: Top1: 47.1420%, Top5: 91.5249%
[Epoch 003] Time: 107.8891s | [Train] Loss: 1.48348500 Accuracy: Top1: 45.9938%, Top5: 91.1897% | [Test] Loss: 1.38378466 Accuracy: Top1: 49.8616%, Top5: 92.8699%
[Epoch 004] Time: 108.1840s | [Train] Loss: 1.40176103 Accuracy: Top1: 49.0729%, Top5: 92.5428% | [Test] Loss: 1.34542567 Accuracy: Top1: 51.5526%, Top5: 93.2951%
[Epoch 005] Time: 108.1267s | [Train] Loss: 1.34243155 Accuracy: Top1: 51.1893%, Top5: 93.3336% | [Test] Loss: 1.29944883 Accuracy: Top1: 53.0953%, Top5: 93.9873%
[Epoch 006] Time: 107.8646s | [Train] Loss: 1.29663102 Accuracy: Top1: 53.0607%, Top5: 94.0389% | [Test] Loss: 1.24853119 Accuracy: Top1: 54.6974%, Top5: 94.7587%
[Epoch 007] Time: 107.7462s | [Train] Loss: 1.26145587 Accuracy: Top1: 54.3366%, Top5: 94.4773% | [Test] Loss: 1.22270409 Accuracy: Top1: 55.4688%, Top5: 95.0653%
[Epoch 008] Time: 108.3234s | [Train] Loss: 1.22768068 Accuracy: Top1: 55.7481%, Top5: 94.7506% | [Test] Loss: 1.19371738 Accuracy: Top1: 56.8928%, Top5: 95.3026%
[Epoch 009] Time: 107.8995s | [Train] Loss: 1.19454443 Accuracy: Top1: 56.8810%, Top5: 95.2158% | [Test] Loss: 1.17779395 Accuracy: Top1: 57.4169%, Top5: 95.5400%
[Epoch 010] Time: 108.3129s | [Train] Loss: 1.16993339 Accuracy: Top1: 57.6475%, Top5: 95.4919% | [Test] Loss: 1.14398192 Accuracy: Top1: 57.8323%, Top5: 96.1333%
[Epoch 011] Time: 108.2268s | [Train] Loss: 1.14947966 Accuracy: Top1: 58.4443%, Top5: 95.6374% | [Test] Loss: 1.13498728 Accuracy: Top1: 59.1080%, Top5: 95.8169%
[Epoch 012] Time: 108.2446s | [Train] Loss: 1.12865950 Accuracy: Top1: 59.2503%, Top5: 95.8983% | [Test] Loss: 1.11598281 Accuracy: Top1: 59.5332%, Top5: 96.2322%
[Epoch 013] Time: 108.1565s | [Train] Loss: 1.11027849 Accuracy: Top1: 60.1283%, Top5: 96.0894% | [Test] Loss: 1.09264904 Accuracy: Top1: 60.4628%, Top5: 96.3113%
[Epoch 014] Time: 108.3154s | [Train] Loss: 1.08842944 Accuracy: Top1: 60.8987%, Top5: 96.1417% | [Test] Loss: 1.07165092 Accuracy: Top1: 61.3034%, Top5: 96.4498%
[Epoch 015] Time: 108.0096s | [Train] Loss: 1.07151377 Accuracy: Top1: 61.3591%, Top5: 96.3987% | [Test] Loss: 1.09687039 Accuracy: Top1: 60.7694%, Top5: 96.3311%
[Epoch 016] Time: 108.1172s | [Train] Loss: 1.05362921 Accuracy: Top1: 61.9214%, Top5: 96.4962% | [Test] Loss: 1.07868150 Accuracy: Top1: 61.1155%, Top5: 96.6475%
[Epoch 017] Time: 108.2546s | [Train] Loss: 1.03815178 Accuracy: Top1: 62.8221%, Top5: 96.5485% | [Test] Loss: 1.04114375 Accuracy: Top1: 62.4703%, Top5: 96.7860%
[Epoch 018] Time: 108.2369s | [Train] Loss: 1.02344914 Accuracy: Top1: 63.3396%, Top5: 96.8298% | [Test] Loss: 1.04281874 Accuracy: Top1: 62.4802%, Top5: 96.8058%
[Epoch 019] Time: 108.2460s | [Train] Loss: 1.01155835 Accuracy: Top1: 63.4974%, Top5: 96.8606% | [Test] Loss: 1.07312269 Accuracy: Top1: 62.2033%, Top5: 96.4399%
[Epoch 020] Time: 108.0330s | [Train] Loss: 0.99857777 Accuracy: Top1: 64.2072%, Top5: 96.9349% | [Test] Loss: 1.02652454 Accuracy: Top1: 63.1824%, Top5: 96.9541%
[Epoch 021] Time: 108.1298s | [Train] Loss: 0.98664154 Accuracy: Top1: 64.7562%, Top5: 96.9773% | [Test] Loss: 1.01774491 Accuracy: Top1: 63.7856%, Top5: 96.9343%
[Epoch 022] Time: 108.1122s | [Train] Loss: 0.97745934 Accuracy: Top1: 64.9820%, Top5: 97.0816% | [Test] Loss: 0.99871649 Accuracy: Top1: 63.9241%, Top5: 96.9937%
[Epoch 023] Time: 107.9464s | [Train] Loss: 0.96527872 Accuracy: Top1: 65.4572%, Top5: 97.1767% | [Test] Loss: 0.99643117 Accuracy: Top1: 64.1218%, Top5: 96.9146%
[Epoch 024] Time: 108.1109s | [Train] Loss: 0.95568263 Accuracy: Top1: 65.9303%, Top5: 97.2694% | [Test] Loss: 1.01685611 Accuracy: Top1: 64.0625%, Top5: 96.9541%
[Epoch 025] Time: 107.8040s | [Train] Loss: 0.94667654 Accuracy: Top1: 66.2496%, Top5: 97.3142% | [Test] Loss: 0.97784444 Accuracy: Top1: 64.7449%, Top5: 97.2409%
[Epoch 026] Time: 108.4874s | [Train] Loss: 0.93425039 Accuracy: Top1: 66.7423%, Top5: 97.3721% | [Test] Loss: 0.97420141 Accuracy: Top1: 65.2987%, Top5: 97.2211%
[Epoch 027] Time: 107.8705s | [Train] Loss: 0.92998438 Accuracy: Top1: 66.7471%, Top5: 97.4053% | [Test] Loss: 0.97016425 Accuracy: Top1: 66.0997%, Top5: 97.0629%
[Epoch 028] Time: 108.1671s | [Train] Loss: 0.92132385 Accuracy: Top1: 67.0704%, Top5: 97.4932% | [Test] Loss: 0.96858309 Accuracy: Top1: 65.3085%, Top5: 97.1321%
[Epoch 029] Time: 108.0947s | [Train] Loss: 0.91202089 Accuracy: Top1: 67.2554%, Top5: 97.6119% | [Test] Loss: 0.95969386 Accuracy: Top1: 65.8228%, Top5: 97.1321%
[Epoch 030] Time: 108.2113s | [Train] Loss: 0.90930513 Accuracy: Top1: 67.2930%, Top5: 97.5500% | [Test] Loss: 0.96057787 Accuracy: Top1: 65.9118%, Top5: 97.2013%
[Epoch 031] Time: 108.2910s | [Train] Loss: 0.90225471 Accuracy: Top1: 67.6223%, Top5: 97.5879% | [Test] Loss: 0.96730082 Accuracy: Top1: 66.1195%, Top5: 97.1519%
[Epoch 032] Time: 108.0205s | [Train] Loss: 0.89595839 Accuracy: Top1: 67.9564%, Top5: 97.6275% | [Test] Loss: 0.94819885 Accuracy: Top1: 66.5447%, Top5: 97.1420%
[Epoch 033] Time: 108.2541s | [Train] Loss: 0.89281836 Accuracy: Top1: 68.2157%, Top5: 97.6171% | [Test] Loss: 0.94747472 Accuracy: Top1: 66.6436%, Top5: 97.2112%
[Epoch 034] Time: 108.2172s | [Train] Loss: 0.88590156 Accuracy: Top1: 68.3188%, Top5: 97.7130% | [Test] Loss: 0.94146494 Accuracy: Top1: 66.6337%, Top5: 97.2805%
[Epoch 035] Time: 107.9925s | [Train] Loss: 0.88413612 Accuracy: Top1: 68.4667%, Top5: 97.7282% | [Test] Loss: 0.94765119 Accuracy: Top1: 66.6930%, Top5: 97.3892%
[Epoch 036] Time: 108.1876s | [Train] Loss: 0.87775175 Accuracy: Top1: 68.6385%, Top5: 97.7458% | [Test] Loss: 0.94875763 Accuracy: Top1: 66.3370%, Top5: 97.2706%
[Epoch 037] Time: 108.2538s | [Train] Loss: 0.87424825 Accuracy: Top1: 68.8823%, Top5: 97.7438% | [Test] Loss: 0.94105442 Accuracy: Top1: 67.1578%, Top5: 97.2903%
[Epoch 038] Time: 108.0746s | [Train] Loss: 0.87015116 Accuracy: Top1: 68.8167%, Top5: 97.8349% | [Test] Loss: 0.94063867 Accuracy: Top1: 66.8809%, Top5: 97.3200%
[Epoch 039] Time: 108.2639s | [Train] Loss: 0.86776590 Accuracy: Top1: 69.1436%, Top5: 97.8357% | [Test] Loss: 0.94025612 Accuracy: Top1: 66.7919%, Top5: 97.4387%
[Epoch 040] Time: 108.3029s | [Train] Loss: 0.86535108 Accuracy: Top1: 69.1336%, Top5: 97.8645% | [Test] Loss: 0.93802980 Accuracy: Top1: 67.0491%, Top5: 97.2805%
[Epoch 041] Time: 108.0021s | [Train] Loss: 0.86159101 Accuracy: Top1: 69.3219%, Top5: 97.8868% | [Test] Loss: 0.93875838 Accuracy: Top1: 66.8315%, Top5: 97.3299%
[Epoch 042] Time: 108.1881s | [Train] Loss: 0.85908703 Accuracy: Top1: 69.4074%, Top5: 97.8708% | [Test] Loss: 0.93375426 Accuracy: Top1: 67.1381%, Top5: 97.4189%
[Epoch 043] Time: 108.2147s | [Train] Loss: 0.86127636 Accuracy: Top1: 69.4933%, Top5: 97.8868% | [Test] Loss: 0.93140167 Accuracy: Top1: 67.0589%, Top5: 97.4090%
[Epoch 044] Time: 108.1873s | [Train] Loss: 0.85505264 Accuracy: Top1: 69.4445%, Top5: 97.8477% | [Test] Loss: 0.93701271 Accuracy: Top1: 66.8710%, Top5: 97.4189%
[Epoch 045] Time: 108.2217s | [Train] Loss: 0.85635852 Accuracy: Top1: 69.4893%, Top5: 97.8501% | [Test] Loss: 0.93269900 Accuracy: Top1: 67.0985%, Top5: 97.3002%
[Epoch 046] Time: 108.0843s | [Train] Loss: 0.85795373 Accuracy: Top1: 69.5772%, Top5: 97.8109% | [Test] Loss: 0.93255459 Accuracy: Top1: 67.0293%, Top5: 97.3892%
[Epoch 047] Time: 108.3331s | [Train] Loss: 0.85447036 Accuracy: Top1: 69.6048%, Top5: 97.8629% | [Test] Loss: 0.93208357 Accuracy: Top1: 67.1974%, Top5: 97.4288%
[Epoch 048] Time: 107.6892s | [Train] Loss: 0.85448346 Accuracy: Top1: 69.5972%, Top5: 97.8353% | [Test] Loss: 0.93267700 Accuracy: Top1: 66.9798%, Top5: 97.3596%
[Epoch 049] Time: 108.1319s | [Train] Loss: 0.85815516 Accuracy: Top1: 69.3390%, Top5: 97.8976% | [Test] Loss: 0.93267883 Accuracy: Top1: 67.1282%, Top5: 97.3892%
[Epoch 050] Time: 108.3088s | [Train] Loss: 0.85311584 Accuracy: Top1: 69.3510%, Top5: 97.8904% | [Test] Loss: 0.93235021 Accuracy: Top1: 67.1677%, Top5: 97.3892%
Files already downloaded and verified
Files already downloaded and verified
Model: VIT ConvNNAttention_Same_KVT
Total Parameters: 5536906
Trainable Parameters: 5536906
   - Trainable Parameters: 5.53690600 M
Model Complexity (Profiler):
   - GFLOPs: 2.34044717
   - Trainable Parameters: 5.53690600 M
[Epoch 001] Time: 167.7904s | [Train] Loss: 1.88477161 Accuracy: Top1: 30.8572%, Top5: 81.5205% | [Test] Loss: 1.62890764 Accuracy: Top1: 41.1986%, Top5: 88.4988%
[Epoch 002] Time: 167.6497s | [Train] Loss: 1.60274563 Accuracy: Top1: 41.6300%, Top5: 89.1292% | [Test] Loss: 1.46541359 Accuracy: Top1: 47.1025%, Top5: 91.8117%
[Epoch 003] Time: 167.6944s | [Train] Loss: 1.47961789 Accuracy: Top1: 46.1629%, Top5: 91.5102% | [Test] Loss: 1.38919304 Accuracy: Top1: 50.0000%, Top5: 93.0578%
[Epoch 004] Time: 167.5801s | [Train] Loss: 1.40237257 Accuracy: Top1: 48.9710%, Top5: 92.7542% | [Test] Loss: 1.31660133 Accuracy: Top1: 52.3339%, Top5: 94.1060%
[Epoch 005] Time: 167.6784s | [Train] Loss: 1.33741245 Accuracy: Top1: 51.4051%, Top5: 93.6313% | [Test] Loss: 1.28019255 Accuracy: Top1: 53.5700%, Top5: 94.4422%
[Epoch 006] Time: 167.5709s | [Train] Loss: 1.29385406 Accuracy: Top1: 52.9827%, Top5: 94.1288% | [Test] Loss: 1.23075399 Accuracy: Top1: 55.5775%, Top5: 95.0949%
[Epoch 007] Time: 167.8320s | [Train] Loss: 1.25349453 Accuracy: Top1: 54.8593%, Top5: 94.4777% | [Test] Loss: 1.21199078 Accuracy: Top1: 56.2203%, Top5: 95.3125%
[Epoch 008] Time: 167.6250s | [Train] Loss: 1.21694254 Accuracy: Top1: 55.9863%, Top5: 95.0488% | [Test] Loss: 1.19367335 Accuracy: Top1: 57.0708%, Top5: 95.5696%
[Epoch 009] Time: 167.8716s | [Train] Loss: 1.18732904 Accuracy: Top1: 57.0312%, Top5: 95.3912% | [Test] Loss: 1.15844777 Accuracy: Top1: 57.6741%, Top5: 95.8366%
[Epoch 010] Time: 167.7181s | [Train] Loss: 1.16393182 Accuracy: Top1: 57.8784%, Top5: 95.6086% | [Test] Loss: 1.12428894 Accuracy: Top1: 59.4146%, Top5: 96.1234%
[Epoch 011] Time: 167.8265s | [Train] Loss: 1.13504491 Accuracy: Top1: 59.0749%, Top5: 95.8732% | [Test] Loss: 1.11004915 Accuracy: Top1: 59.8497%, Top5: 96.2619%
[Epoch 012] Time: 167.6199s | [Train] Loss: 1.11653627 Accuracy: Top1: 59.8250%, Top5: 95.8844% | [Test] Loss: 1.10506701 Accuracy: Top1: 60.1661%, Top5: 96.3212%
[Epoch 013] Time: 167.7163s | [Train] Loss: 1.09409255 Accuracy: Top1: 60.5227%, Top5: 96.1861% | [Test] Loss: 1.07135566 Accuracy: Top1: 61.4023%, Top5: 96.4695%
[Epoch 014] Time: 167.7273s | [Train] Loss: 1.07724397 Accuracy: Top1: 61.2096%, Top5: 96.3147% | [Test] Loss: 1.05346233 Accuracy: Top1: 62.2824%, Top5: 96.6970%
[Epoch 015] Time: 167.3095s | [Train] Loss: 1.05616557 Accuracy: Top1: 62.0181%, Top5: 96.5269% | [Test] Loss: 1.08066887 Accuracy: Top1: 61.4221%, Top5: 96.3509%
[Epoch 016] Time: 167.7541s | [Train] Loss: 1.04118121 Accuracy: Top1: 62.4409%, Top5: 96.7124% | [Test] Loss: 1.05498703 Accuracy: Top1: 62.0847%, Top5: 96.8552%
[Epoch 017] Time: 167.7731s | [Train] Loss: 1.02907043 Accuracy: Top1: 63.0403%, Top5: 96.7108% | [Test] Loss: 1.02068353 Accuracy: Top1: 63.5384%, Top5: 96.8948%
[Epoch 018] Time: 167.8863s | [Train] Loss: 1.00945685 Accuracy: Top1: 63.6757%, Top5: 96.9637% | [Test] Loss: 1.01966320 Accuracy: Top1: 62.9153%, Top5: 96.8948%
[Epoch 019] Time: 167.7933s | [Train] Loss: 0.99727694 Accuracy: Top1: 64.4461%, Top5: 96.9377% | [Test] Loss: 1.03309376 Accuracy: Top1: 62.9747%, Top5: 96.9838%
[Epoch 020] Time: 167.7394s | [Train] Loss: 0.98736260 Accuracy: Top1: 64.6032%, Top5: 97.0772% | [Test] Loss: 1.01719310 Accuracy: Top1: 63.4494%, Top5: 97.0332%
[Epoch 021] Time: 167.8978s | [Train] Loss: 0.97408852 Accuracy: Top1: 64.8941%, Top5: 97.1775% | [Test] Loss: 0.98233417 Accuracy: Top1: 64.8833%, Top5: 97.1123%
[Epoch 022] Time: 167.8496s | [Train] Loss: 0.96079433 Accuracy: Top1: 65.4923%, Top5: 97.2255% | [Test] Loss: 0.98280736 Accuracy: Top1: 64.2603%, Top5: 97.0233%
[Epoch 023] Time: 167.7390s | [Train] Loss: 0.95035577 Accuracy: Top1: 65.8828%, Top5: 97.2335% | [Test] Loss: 0.97178493 Accuracy: Top1: 65.2294%, Top5: 97.1321%
[Epoch 024] Time: 167.8160s | [Train] Loss: 0.94172795 Accuracy: Top1: 66.3963%, Top5: 97.3941% | [Test] Loss: 0.97004302 Accuracy: Top1: 65.1206%, Top5: 97.3991%
[Epoch 025] Time: 167.6364s | [Train] Loss: 0.93000820 Accuracy: Top1: 66.6212%, Top5: 97.4480% | [Test] Loss: 0.95394986 Accuracy: Top1: 65.6843%, Top5: 97.2409%
[Epoch 026] Time: 167.7420s | [Train] Loss: 0.92387657 Accuracy: Top1: 66.9529%, Top5: 97.6499% | [Test] Loss: 0.95130818 Accuracy: Top1: 66.0502%, Top5: 97.4486%
[Epoch 027] Time: 167.6641s | [Train] Loss: 0.91283598 Accuracy: Top1: 67.4165%, Top5: 97.5424% | [Test] Loss: 0.94369784 Accuracy: Top1: 66.3172%, Top5: 97.3892%
[Epoch 028] Time: 167.5979s | [Train] Loss: 0.90493538 Accuracy: Top1: 67.6047%, Top5: 97.6902% | [Test] Loss: 0.95149506 Accuracy: Top1: 65.7041%, Top5: 97.3200%
[Epoch 029] Time: 167.7703s | [Train] Loss: 0.89744012 Accuracy: Top1: 67.9224%, Top5: 97.7366% | [Test] Loss: 0.93956349 Accuracy: Top1: 66.7623%, Top5: 97.4684%
[Epoch 030] Time: 167.9770s | [Train] Loss: 0.89310418 Accuracy: Top1: 68.0687%, Top5: 97.5951% | [Test] Loss: 0.94590431 Accuracy: Top1: 66.0898%, Top5: 97.3794%
[Epoch 031] Time: 168.0031s | [Train] Loss: 0.88844311 Accuracy: Top1: 68.3328%, Top5: 97.7146% | [Test] Loss: 0.94898916 Accuracy: Top1: 66.6436%, Top5: 97.4090%
[Epoch 032] Time: 167.5323s | [Train] Loss: 0.88144791 Accuracy: Top1: 68.5178%, Top5: 97.7586% | [Test] Loss: 0.92417831 Accuracy: Top1: 67.3062%, Top5: 97.4387%
[Epoch 033] Time: 167.6487s | [Train] Loss: 0.87465909 Accuracy: Top1: 68.7932%, Top5: 97.8289% | [Test] Loss: 0.93513308 Accuracy: Top1: 66.3667%, Top5: 97.3991%
[Epoch 034] Time: 167.7319s | [Train] Loss: 0.87158417 Accuracy: Top1: 68.9370%, Top5: 97.8417% | [Test] Loss: 0.91791131 Accuracy: Top1: 67.3853%, Top5: 97.4585%
[Epoch 035] Time: 167.8015s | [Train] Loss: 0.86657468 Accuracy: Top1: 69.1001%, Top5: 97.8097% | [Test] Loss: 0.92367509 Accuracy: Top1: 67.0688%, Top5: 97.6266%
[Epoch 036] Time: 167.6855s | [Train] Loss: 0.86299333 Accuracy: Top1: 69.3770%, Top5: 97.8776% | [Test] Loss: 0.92215141 Accuracy: Top1: 67.4941%, Top5: 97.5771%
[Epoch 037] Time: 167.8498s | [Train] Loss: 0.85777650 Accuracy: Top1: 69.2643%, Top5: 97.9100% | [Test] Loss: 0.91536825 Accuracy: Top1: 67.7017%, Top5: 97.5672%
[Epoch 038] Time: 167.9647s | [Train] Loss: 0.85400814 Accuracy: Top1: 69.3035%, Top5: 97.9376% | [Test] Loss: 0.91822430 Accuracy: Top1: 67.4347%, Top5: 97.5277%
[Epoch 039] Time: 167.7438s | [Train] Loss: 0.85382052 Accuracy: Top1: 69.5832%, Top5: 97.9500% | [Test] Loss: 0.91498759 Accuracy: Top1: 67.2073%, Top5: 97.6068%
[Epoch 040] Time: 167.5740s | [Train] Loss: 0.84925735 Accuracy: Top1: 69.7307%, Top5: 97.9500% | [Test] Loss: 0.91634744 Accuracy: Top1: 67.4743%, Top5: 97.5079%
[Epoch 041] Time: 168.0461s | [Train] Loss: 0.84555419 Accuracy: Top1: 69.8805%, Top5: 97.9827% | [Test] Loss: 0.91221117 Accuracy: Top1: 67.7314%, Top5: 97.5672%
[Epoch 042] Time: 167.6656s | [Train] Loss: 0.84489867 Accuracy: Top1: 69.9157%, Top5: 98.0299% | [Test] Loss: 0.91135143 Accuracy: Top1: 67.5237%, Top5: 97.5672%
[Epoch 043] Time: 167.7644s | [Train] Loss: 0.84381639 Accuracy: Top1: 69.7610%, Top5: 98.0399% | [Test] Loss: 0.90548501 Accuracy: Top1: 67.8699%, Top5: 97.5574%
[Epoch 044] Time: 168.0513s | [Train] Loss: 0.84180944 Accuracy: Top1: 69.9560%, Top5: 98.0015% | [Test] Loss: 0.91280001 Accuracy: Top1: 67.7809%, Top5: 97.6266%
[Epoch 045] Time: 167.6548s | [Train] Loss: 0.84214296 Accuracy: Top1: 70.0036%, Top5: 98.0247% | [Test] Loss: 0.90877069 Accuracy: Top1: 67.8896%, Top5: 97.5969%
[Epoch 046] Time: 167.8328s | [Train] Loss: 0.84207431 Accuracy: Top1: 69.9357%, Top5: 97.9887% | [Test] Loss: 0.91188603 Accuracy: Top1: 67.5237%, Top5: 97.5672%
[Epoch 047] Time: 167.7734s | [Train] Loss: 0.83932475 Accuracy: Top1: 70.2781%, Top5: 97.9668% | [Test] Loss: 0.90898042 Accuracy: Top1: 67.7907%, Top5: 97.5672%
[Epoch 048] Time: 167.8646s | [Train] Loss: 0.83776153 Accuracy: Top1: 70.2841%, Top5: 98.0075% | [Test] Loss: 0.90907777 Accuracy: Top1: 67.8501%, Top5: 97.5969%
[Epoch 049] Time: 167.9192s | [Train] Loss: 0.83721364 Accuracy: Top1: 70.3221%, Top5: 98.0155% | [Test] Loss: 0.90823009 Accuracy: Top1: 67.8896%, Top5: 97.6365%
[Epoch 050] Time: 167.7339s | [Train] Loss: 0.83845293 Accuracy: Top1: 70.2210%, Top5: 97.9835% | [Test] Loss: 0.90874020 Accuracy: Top1: 67.8797%, Top5: 97.6068%
Files already downloaded and verified
Files already downloaded and verified
Model: VIT ConvNNAttention_Same_KVT
Total Parameters: 5562250
Trainable Parameters: 5562250
   - Trainable Parameters: 5.56225000 M
Model Complexity (Profiler):
   - GFLOPs: 2.34543994
   - Trainable Parameters: 5.56225000 M
[Epoch 001] Time: 259.7573s | [Train] Loss: 1.87807898 Accuracy: Top1: 31.0562%, Top5: 82.0420% | [Test] Loss: 1.64714658 Accuracy: Top1: 40.5854%, Top5: 87.9055%
[Epoch 002] Time: 259.5099s | [Train] Loss: 1.63482833 Accuracy: Top1: 40.5830%, Top5: 88.4871% | [Test] Loss: 1.50384301 Accuracy: Top1: 46.1333%, Top5: 90.9909%
[Epoch 003] Time: 259.6036s | [Train] Loss: 1.52640118 Accuracy: Top1: 44.5197%, Top5: 90.5671% | [Test] Loss: 1.44367624 Accuracy: Top1: 47.9035%, Top5: 92.3358%
[Epoch 004] Time: 259.7536s | [Train] Loss: 1.45782086 Accuracy: Top1: 47.2566%, Top5: 91.7707% | [Test] Loss: 1.38057447 Accuracy: Top1: 49.7132%, Top5: 93.1072%
[Epoch 005] Time: 259.6005s | [Train] Loss: 1.40091275 Accuracy: Top1: 49.0913%, Top5: 92.6982% | [Test] Loss: 1.34958897 Accuracy: Top1: 51.0878%, Top5: 93.7797%
[Epoch 006] Time: 259.7760s | [Train] Loss: 1.35288621 Accuracy: Top1: 50.8088%, Top5: 93.4099% | [Test] Loss: 1.29095492 Accuracy: Top1: 53.4019%, Top5: 94.5115%
[Epoch 007] Time: 259.4589s | [Train] Loss: 1.30911579 Accuracy: Top1: 52.4085%, Top5: 93.9562% | [Test] Loss: 1.25702754 Accuracy: Top1: 54.5095%, Top5: 94.8279%
[Epoch 008] Time: 259.8158s | [Train] Loss: 1.27241414 Accuracy: Top1: 53.8679%, Top5: 94.4114% | [Test] Loss: 1.24925748 Accuracy: Top1: 55.1820%, Top5: 94.8180%
[Epoch 009] Time: 259.7719s | [Train] Loss: 1.23824672 Accuracy: Top1: 55.2893%, Top5: 94.8449% | [Test] Loss: 1.20751513 Accuracy: Top1: 56.4972%, Top5: 95.4905%
[Epoch 010] Time: 259.8451s | [Train] Loss: 1.21421845 Accuracy: Top1: 56.3903%, Top5: 95.1255% | [Test] Loss: 1.17892165 Accuracy: Top1: 57.4565%, Top5: 95.5301%
[Epoch 011] Time: 260.0999s | [Train] Loss: 1.18425406 Accuracy: Top1: 57.3657%, Top5: 95.4536% | [Test] Loss: 1.15780296 Accuracy: Top1: 58.3366%, Top5: 95.9850%
[Epoch 012] Time: 259.7948s | [Train] Loss: 1.15958448 Accuracy: Top1: 58.1694%, Top5: 95.5846% | [Test] Loss: 1.14906776 Accuracy: Top1: 58.6630%, Top5: 95.9157%
[Epoch 013] Time: 259.9341s | [Train] Loss: 1.13953847 Accuracy: Top1: 58.9094%, Top5: 95.7065% | [Test] Loss: 1.11199886 Accuracy: Top1: 59.7508%, Top5: 96.1333%
[Epoch 014] Time: 259.8779s | [Train] Loss: 1.11890712 Accuracy: Top1: 59.8669%, Top5: 96.0234% | [Test] Loss: 1.10172469 Accuracy: Top1: 60.4727%, Top5: 96.2322%
[Epoch 015] Time: 259.9377s | [Train] Loss: 1.09668236 Accuracy: Top1: 60.5918%, Top5: 96.0973% | [Test] Loss: 1.09883804 Accuracy: Top1: 60.5320%, Top5: 96.3410%
[Epoch 016] Time: 259.7523s | [Train] Loss: 1.07968170 Accuracy: Top1: 61.3835%, Top5: 96.3235% | [Test] Loss: 1.08295269 Accuracy: Top1: 61.0166%, Top5: 96.4992%
[Epoch 017] Time: 259.7622s | [Train] Loss: 1.06277081 Accuracy: Top1: 61.8562%, Top5: 96.3287% | [Test] Loss: 1.05883594 Accuracy: Top1: 61.7781%, Top5: 96.6871%
[Epoch 018] Time: 259.7440s | [Train] Loss: 1.04673532 Accuracy: Top1: 62.4441%, Top5: 96.4786% | [Test] Loss: 1.05217560 Accuracy: Top1: 61.5704%, Top5: 96.8453%
[Epoch 019] Time: 259.7864s | [Train] Loss: 1.03125533 Accuracy: Top1: 62.9911%, Top5: 96.6756% | [Test] Loss: 1.07951200 Accuracy: Top1: 61.3034%, Top5: 96.5684%
[Epoch 020] Time: 259.7556s | [Train] Loss: 1.01988136 Accuracy: Top1: 63.5414%, Top5: 96.8238% | [Test] Loss: 1.03312165 Accuracy: Top1: 62.5692%, Top5: 96.9541%
[Epoch 021] Time: 259.9023s | [Train] Loss: 1.00808555 Accuracy: Top1: 63.8455%, Top5: 96.8810% | [Test] Loss: 1.02780127 Accuracy: Top1: 62.8857%, Top5: 96.9442%
[Epoch 022] Time: 259.7389s | [Train] Loss: 0.99059376 Accuracy: Top1: 64.7546%, Top5: 97.0137% | [Test] Loss: 1.00500840 Accuracy: Top1: 63.7164%, Top5: 97.0530%
[Epoch 023] Time: 259.6288s | [Train] Loss: 0.98445144 Accuracy: Top1: 64.8046%, Top5: 96.9677% | [Test] Loss: 1.00028769 Accuracy: Top1: 63.9339%, Top5: 97.0036%
[Epoch 024] Time: 259.8905s | [Train] Loss: 0.97036679 Accuracy: Top1: 65.4192%, Top5: 97.0920% | [Test] Loss: 0.99644415 Accuracy: Top1: 64.4877%, Top5: 97.0530%
[Epoch 025] Time: 259.6807s | [Train] Loss: 0.96529316 Accuracy: Top1: 65.4815%, Top5: 97.2159% | [Test] Loss: 0.97863816 Accuracy: Top1: 64.9624%, Top5: 97.1519%
[Epoch 026] Time: 259.6955s | [Train] Loss: 0.95392669 Accuracy: Top1: 66.0490%, Top5: 97.2462% | [Test] Loss: 0.98240349 Accuracy: Top1: 64.6460%, Top5: 97.0629%
[Epoch 027] Time: 259.7412s | [Train] Loss: 0.94596260 Accuracy: Top1: 66.3303%, Top5: 97.2686% | [Test] Loss: 0.96418194 Accuracy: Top1: 65.5063%, Top5: 97.3695%
[Epoch 028] Time: 259.6766s | [Train] Loss: 0.93688463 Accuracy: Top1: 66.4626%, Top5: 97.3773% | [Test] Loss: 0.96263207 Accuracy: Top1: 65.2987%, Top5: 97.3002%
[Epoch 029] Time: 259.6046s | [Train] Loss: 0.92889925 Accuracy: Top1: 66.9581%, Top5: 97.4189% | [Test] Loss: 0.96166766 Accuracy: Top1: 65.3580%, Top5: 97.3991%
[Epoch 030] Time: 259.6886s | [Train] Loss: 0.92186894 Accuracy: Top1: 67.1899%, Top5: 97.4141% | [Test] Loss: 0.95398362 Accuracy: Top1: 65.6942%, Top5: 97.2607%
[Epoch 031] Time: 259.6042s | [Train] Loss: 0.91554603 Accuracy: Top1: 67.3805%, Top5: 97.4165% | [Test] Loss: 0.95609334 Accuracy: Top1: 65.9513%, Top5: 97.3892%
[Epoch 032] Time: 259.4354s | [Train] Loss: 0.91166337 Accuracy: Top1: 67.5579%, Top5: 97.5196% | [Test] Loss: 0.94613824 Accuracy: Top1: 65.8920%, Top5: 97.3596%
[Epoch 033] Time: 259.8154s | [Train] Loss: 0.90471851 Accuracy: Top1: 67.7454%, Top5: 97.5504% | [Test] Loss: 0.94664498 Accuracy: Top1: 66.0898%, Top5: 97.4288%
[Epoch 034] Time: 259.8184s | [Train] Loss: 0.89880413 Accuracy: Top1: 67.9783%, Top5: 97.4680% | [Test] Loss: 0.93654903 Accuracy: Top1: 66.4161%, Top5: 97.4684%
[Epoch 035] Time: 259.7407s | [Train] Loss: 0.89458337 Accuracy: Top1: 68.1018%, Top5: 97.6019% | [Test] Loss: 0.93877672 Accuracy: Top1: 66.0799%, Top5: 97.4387%
[Epoch 036] Time: 259.8797s | [Train] Loss: 0.89411636 Accuracy: Top1: 68.1889%, Top5: 97.6263% | [Test] Loss: 0.93139229 Accuracy: Top1: 66.5546%, Top5: 97.5376%
[Epoch 037] Time: 259.6613s | [Train] Loss: 0.88627526 Accuracy: Top1: 68.4227%, Top5: 97.6351% | [Test] Loss: 0.93021923 Accuracy: Top1: 66.6930%, Top5: 97.6068%
[Epoch 038] Time: 259.7046s | [Train] Loss: 0.88481531 Accuracy: Top1: 68.4695%, Top5: 97.6926% | [Test] Loss: 0.93527883 Accuracy: Top1: 66.4359%, Top5: 97.5277%
[Epoch 039] Time: 259.4151s | [Train] Loss: 0.88349237 Accuracy: Top1: 68.4978%, Top5: 97.6906% | [Test] Loss: 0.93052719 Accuracy: Top1: 66.6436%, Top5: 97.5870%
[Epoch 040] Time: 259.6796s | [Train] Loss: 0.87730894 Accuracy: Top1: 68.8443%, Top5: 97.7290% | [Test] Loss: 0.92719337 Accuracy: Top1: 66.7820%, Top5: 97.6167%
[Epoch 041] Time: 259.7027s | [Train] Loss: 0.87533181 Accuracy: Top1: 68.7860%, Top5: 97.7378% | [Test] Loss: 0.92818486 Accuracy: Top1: 66.9205%, Top5: 97.6365%
[Epoch 042] Time: 259.5127s | [Train] Loss: 0.87196534 Accuracy: Top1: 68.7752%, Top5: 97.7637% | [Test] Loss: 0.92691812 Accuracy: Top1: 67.0688%, Top5: 97.6562%
[Epoch 043] Time: 259.6701s | [Train] Loss: 0.87179243 Accuracy: Top1: 69.0669%, Top5: 97.7809% | [Test] Loss: 0.92310005 Accuracy: Top1: 67.0787%, Top5: 97.6365%
[Epoch 044] Time: 259.7595s | [Train] Loss: 0.86827750 Accuracy: Top1: 69.2631%, Top5: 97.7637% | [Test] Loss: 0.92822626 Accuracy: Top1: 66.9205%, Top5: 97.5672%
[Epoch 045] Time: 259.6306s | [Train] Loss: 0.86713664 Accuracy: Top1: 69.3510%, Top5: 97.7649% | [Test] Loss: 0.92497303 Accuracy: Top1: 67.0491%, Top5: 97.6266%
[Epoch 046] Time: 259.5248s | [Train] Loss: 0.86678149 Accuracy: Top1: 69.2595%, Top5: 97.6986% | [Test] Loss: 0.92363790 Accuracy: Top1: 66.9897%, Top5: 97.6365%
[Epoch 047] Time: 259.7637s | [Train] Loss: 0.86917236 Accuracy: Top1: 69.0489%, Top5: 97.7857% | [Test] Loss: 0.92258894 Accuracy: Top1: 67.0886%, Top5: 97.6562%
[Epoch 048] Time: 259.5085s | [Train] Loss: 0.86709066 Accuracy: Top1: 69.1872%, Top5: 97.8545% | [Test] Loss: 0.92254002 Accuracy: Top1: 67.0293%, Top5: 97.6365%
[Epoch 049] Time: 259.6805s | [Train] Loss: 0.86662543 Accuracy: Top1: 69.2108%, Top5: 97.8229% | [Test] Loss: 0.92160513 Accuracy: Top1: 67.0985%, Top5: 97.6562%
[Epoch 050] Time: 259.7029s | [Train] Loss: 0.86619909 Accuracy: Top1: 69.1240%, Top5: 97.7869% | [Test] Loss: 0.92217003 Accuracy: Top1: 67.1776%, Top5: 97.6464%
Files already downloaded and verified
Files already downloaded and verified
Model: VIT ConvNNAttention_Same_KVT
Total Parameters: 5592202
Trainable Parameters: 5592202
   - Trainable Parameters: 5.59220200 M
Model Complexity (Profiler):
   - GFLOPs: 2.35134048
   - Trainable Parameters: 5.59220200 M
[Epoch 001] Time: 364.6795s | [Train] Loss: 1.89802473 Accuracy: Top1: 30.3565%, Top5: 81.0854% | [Test] Loss: 1.66788112 Accuracy: Top1: 39.9328%, Top5: 87.1242%
[Epoch 002] Time: 364.4388s | [Train] Loss: 1.64444725 Accuracy: Top1: 39.7666%, Top5: 88.2888% | [Test] Loss: 1.52945169 Accuracy: Top1: 44.7785%, Top5: 90.5063%
[Epoch 003] Time: 364.4740s | [Train] Loss: 1.53434140 Accuracy: Top1: 44.2571%, Top5: 90.3900% | [Test] Loss: 1.45387859 Accuracy: Top1: 47.1915%, Top5: 92.0688%
[Epoch 004] Time: 364.6375s | [Train] Loss: 1.46480972 Accuracy: Top1: 46.7931%, Top5: 91.6516% | [Test] Loss: 1.40580288 Accuracy: Top1: 49.1693%, Top5: 92.7611%
[Epoch 005] Time: 364.5495s | [Train] Loss: 1.40656452 Accuracy: Top1: 49.0853%, Top5: 92.6343% | [Test] Loss: 1.37437091 Accuracy: Top1: 50.6428%, Top5: 93.1171%
[Epoch 006] Time: 364.8279s | [Train] Loss: 1.36016151 Accuracy: Top1: 50.3481%, Top5: 93.2569% | [Test] Loss: 1.31558609 Accuracy: Top1: 52.3635%, Top5: 94.1159%
[Epoch 007] Time: 364.5916s | [Train] Loss: 1.31341977 Accuracy: Top1: 52.3545%, Top5: 93.9862% | [Test] Loss: 1.27171293 Accuracy: Top1: 53.6788%, Top5: 94.8081%
[Epoch 008] Time: 364.7406s | [Train] Loss: 1.27665903 Accuracy: Top1: 53.4371%, Top5: 94.4393% | [Test] Loss: 1.25711575 Accuracy: Top1: 54.4007%, Top5: 94.7785%
[Epoch 009] Time: 364.7178s | [Train] Loss: 1.23689477 Accuracy: Top1: 55.0128%, Top5: 94.8877% | [Test] Loss: 1.21123789 Accuracy: Top1: 56.0225%, Top5: 95.5400%
[Epoch 010] Time: 364.7991s | [Train] Loss: 1.21049548 Accuracy: Top1: 56.0922%, Top5: 95.2150% | [Test] Loss: 1.19433874 Accuracy: Top1: 56.6851%, Top5: 95.3718%
[Epoch 011] Time: 364.7572s | [Train] Loss: 1.18301017 Accuracy: Top1: 57.1164%, Top5: 95.4835% | [Test] Loss: 1.15894480 Accuracy: Top1: 58.3070%, Top5: 95.6092%
[Epoch 012] Time: 364.8589s | [Train] Loss: 1.15932626 Accuracy: Top1: 58.1390%, Top5: 95.6630% | [Test] Loss: 1.15159640 Accuracy: Top1: 58.2476%, Top5: 95.9059%
[Epoch 013] Time: 364.7367s | [Train] Loss: 1.14057431 Accuracy: Top1: 58.6661%, Top5: 95.8556% | [Test] Loss: 1.12115002 Accuracy: Top1: 59.5233%, Top5: 96.0047%
[Epoch 014] Time: 364.7418s | [Train] Loss: 1.11829659 Accuracy: Top1: 59.6723%, Top5: 96.1241% | [Test] Loss: 1.10403969 Accuracy: Top1: 60.4826%, Top5: 95.9355%
[Epoch 015] Time: 365.0470s | [Train] Loss: 1.10060689 Accuracy: Top1: 60.3824%, Top5: 96.2100% | [Test] Loss: 1.13659182 Accuracy: Top1: 58.9498%, Top5: 96.1630%
[Epoch 016] Time: 365.0764s | [Train] Loss: 1.07714333 Accuracy: Top1: 61.1365%, Top5: 96.3587% | [Test] Loss: 1.09504371 Accuracy: Top1: 60.8188%, Top5: 96.2520%
[Epoch 017] Time: 364.9330s | [Train] Loss: 1.06565137 Accuracy: Top1: 61.5042%, Top5: 96.4670% | [Test] Loss: 1.05806711 Accuracy: Top1: 61.9858%, Top5: 96.6673%
[Epoch 018] Time: 364.8443s | [Train] Loss: 1.04878862 Accuracy: Top1: 62.0133%, Top5: 96.6956% | [Test] Loss: 1.05321670 Accuracy: Top1: 61.9858%, Top5: 96.6278%
[Epoch 019] Time: 364.7878s | [Train] Loss: 1.03514263 Accuracy: Top1: 62.6914%, Top5: 96.7463% | [Test] Loss: 1.06244118 Accuracy: Top1: 61.4023%, Top5: 96.5091%
[Epoch 020] Time: 364.6725s | [Train] Loss: 1.02227870 Accuracy: Top1: 63.5030%, Top5: 96.8526% | [Test] Loss: 1.03392012 Accuracy: Top1: 62.7373%, Top5: 96.9640%
[Epoch 021] Time: 364.6256s | [Train] Loss: 1.00489833 Accuracy: Top1: 63.7964%, Top5: 97.0320% | [Test] Loss: 1.03387440 Accuracy: Top1: 63.0934%, Top5: 96.8354%
[Epoch 022] Time: 364.5571s | [Train] Loss: 0.99388873 Accuracy: Top1: 64.3215%, Top5: 97.0388% | [Test] Loss: 1.00918191 Accuracy: Top1: 63.3604%, Top5: 97.0728%
[Epoch 023] Time: 364.6255s | [Train] Loss: 0.98317704 Accuracy: Top1: 64.8809%, Top5: 97.1363% | [Test] Loss: 0.99935367 Accuracy: Top1: 64.2306%, Top5: 97.0926%
[Epoch 024] Time: 364.3594s | [Train] Loss: 0.97337576 Accuracy: Top1: 65.0763%, Top5: 97.1619% | [Test] Loss: 0.99715193 Accuracy: Top1: 64.2009%, Top5: 97.3398%
[Epoch 025] Time: 364.6202s | [Train] Loss: 0.96323581 Accuracy: Top1: 65.6278%, Top5: 97.2682% | [Test] Loss: 0.99125698 Accuracy: Top1: 64.3196%, Top5: 97.2211%
[Epoch 026] Time: 364.4918s | [Train] Loss: 0.95382220 Accuracy: Top1: 65.6777%, Top5: 97.3629% | [Test] Loss: 0.98498222 Accuracy: Top1: 65.1899%, Top5: 97.3002%
[Epoch 027] Time: 364.6660s | [Train] Loss: 0.94422991 Accuracy: Top1: 66.2324%, Top5: 97.4093% | [Test] Loss: 0.97355583 Accuracy: Top1: 65.2789%, Top5: 97.2805%
[Epoch 028] Time: 364.5349s | [Train] Loss: 0.93629317 Accuracy: Top1: 66.5861%, Top5: 97.4237% | [Test] Loss: 0.96378425 Accuracy: Top1: 65.0910%, Top5: 97.3695%
[Epoch 029] Time: 364.5412s | [Train] Loss: 0.92528242 Accuracy: Top1: 66.7847%, Top5: 97.5088% | [Test] Loss: 0.96269189 Accuracy: Top1: 65.7239%, Top5: 97.3794%
[Epoch 030] Time: 364.3377s | [Train] Loss: 0.92258360 Accuracy: Top1: 66.8183%, Top5: 97.4880% | [Test] Loss: 0.95801729 Accuracy: Top1: 65.4866%, Top5: 97.3991%
[Epoch 031] Time: 364.3559s | [Train] Loss: 0.91614467 Accuracy: Top1: 67.1971%, Top5: 97.5807% | [Test] Loss: 0.95995243 Accuracy: Top1: 65.5953%, Top5: 97.3892%
[Epoch 032] Time: 364.2965s | [Train] Loss: 0.90883815 Accuracy: Top1: 67.6299%, Top5: 97.6219% | [Test] Loss: 0.94620140 Accuracy: Top1: 65.9612%, Top5: 97.4189%
[Epoch 033] Time: 364.5111s | [Train] Loss: 0.90526905 Accuracy: Top1: 67.6091%, Top5: 97.5739% | [Test] Loss: 0.94647902 Accuracy: Top1: 65.9217%, Top5: 97.5178%
[Epoch 034] Time: 364.2235s | [Train] Loss: 0.90026974 Accuracy: Top1: 67.6562%, Top5: 97.6718% | [Test] Loss: 0.93389277 Accuracy: Top1: 66.4557%, Top5: 97.4980%
[Epoch 035] Time: 364.4364s | [Train] Loss: 0.89685268 Accuracy: Top1: 68.0111%, Top5: 97.6682% | [Test] Loss: 0.94709328 Accuracy: Top1: 66.2282%, Top5: 97.5178%
[Epoch 036] Time: 364.0036s | [Train] Loss: 0.89146647 Accuracy: Top1: 68.0587%, Top5: 97.7010% | [Test] Loss: 0.93763514 Accuracy: Top1: 66.6040%, Top5: 97.4782%
[Epoch 037] Time: 364.5093s | [Train] Loss: 0.88622330 Accuracy: Top1: 68.4183%, Top5: 97.7761% | [Test] Loss: 0.93635546 Accuracy: Top1: 66.6831%, Top5: 97.4684%
[Epoch 038] Time: 364.0426s | [Train] Loss: 0.88264433 Accuracy: Top1: 68.4155%, Top5: 97.7877% | [Test] Loss: 0.92899919 Accuracy: Top1: 66.6733%, Top5: 97.5277%
[Epoch 039] Time: 364.3921s | [Train] Loss: 0.88131427 Accuracy: Top1: 68.5953%, Top5: 97.7410% | [Test] Loss: 0.93252094 Accuracy: Top1: 66.5447%, Top5: 97.5079%
[Epoch 040] Time: 364.2501s | [Train] Loss: 0.87571850 Accuracy: Top1: 68.8659%, Top5: 97.8041% | [Test] Loss: 0.92930514 Accuracy: Top1: 66.9897%, Top5: 97.5870%
[Epoch 041] Time: 364.3970s | [Train] Loss: 0.87457768 Accuracy: Top1: 68.6109%, Top5: 97.8277% | [Test] Loss: 0.92502676 Accuracy: Top1: 66.8513%, Top5: 97.5277%
[Epoch 042] Time: 364.3843s | [Train] Loss: 0.87374395 Accuracy: Top1: 68.8887%, Top5: 97.7382% | [Test] Loss: 0.92708530 Accuracy: Top1: 66.9205%, Top5: 97.5969%
[Epoch 043] Time: 364.3558s | [Train] Loss: 0.87053720 Accuracy: Top1: 68.8295%, Top5: 97.8509% | [Test] Loss: 0.92247773 Accuracy: Top1: 67.0688%, Top5: 97.6068%
[Epoch 044] Time: 364.0457s | [Train] Loss: 0.86693106 Accuracy: Top1: 69.0397%, Top5: 97.8037% | [Test] Loss: 0.92867351 Accuracy: Top1: 66.6337%, Top5: 97.5969%
[Epoch 045] Time: 364.3727s | [Train] Loss: 0.86899627 Accuracy: Top1: 68.9146%, Top5: 97.8225% | [Test] Loss: 0.92310022 Accuracy: Top1: 66.9304%, Top5: 97.5574%
[Epoch 046] Time: 364.3662s | [Train] Loss: 0.86638140 Accuracy: Top1: 68.9606%, Top5: 97.8680% | [Test] Loss: 0.92571325 Accuracy: Top1: 66.9600%, Top5: 97.5475%
[Epoch 047] Time: 364.4063s | [Train] Loss: 0.86554704 Accuracy: Top1: 69.2895%, Top5: 97.9200% | [Test] Loss: 0.92165116 Accuracy: Top1: 67.1974%, Top5: 97.5178%
[Epoch 048] Time: 364.2497s | [Train] Loss: 0.86545120 Accuracy: Top1: 69.1812%, Top5: 97.8349% | [Test] Loss: 0.92328620 Accuracy: Top1: 67.0194%, Top5: 97.5771%
[Epoch 049] Time: 364.3014s | [Train] Loss: 0.86747558 Accuracy: Top1: 69.1964%, Top5: 97.8469% | [Test] Loss: 0.92301012 Accuracy: Top1: 66.9600%, Top5: 97.5376%
[Epoch 050] Time: 364.3033s | [Train] Loss: 0.86580488 Accuracy: Top1: 69.0449%, Top5: 97.9080% | [Test] Loss: 0.92308051 Accuracy: Top1: 66.9403%, Top5: 97.5574%
Files already downloaded and verified
Files already downloaded and verified
Model: VIT ConvNNAttention_Same_KVT
Total Parameters: 5626762
Trainable Parameters: 5626762
   - Trainable Parameters: 5.62676200 M
Model Complexity (Profiler):
   - GFLOPs: 2.35814880
   - Trainable Parameters: 5.62676200 M
[Epoch 001] Time: 503.1981s | [Train] Loss: 1.93206316 Accuracy: Top1: 29.1600%, Top5: 80.2570% | [Test] Loss: 1.71116695 Accuracy: Top1: 38.7658%, Top5: 86.9956%
[Epoch 002] Time: 503.1057s | [Train] Loss: 1.68745163 Accuracy: Top1: 38.7304%, Top5: 87.4964% | [Test] Loss: 1.54707894 Accuracy: Top1: 44.2642%, Top5: 90.5162%
[Epoch 003] Time: 503.5036s | [Train] Loss: 1.56615646 Accuracy: Top1: 43.0483%, Top5: 90.0599% | [Test] Loss: 1.47797075 Accuracy: Top1: 46.8354%, Top5: 91.8908%
[Epoch 004] Time: 503.5904s | [Train] Loss: 1.49249709 Accuracy: Top1: 45.7257%, Top5: 91.3923% | [Test] Loss: 1.41087581 Accuracy: Top1: 48.5661%, Top5: 92.8402%
[Epoch 005] Time: 503.6476s | [Train] Loss: 1.43171007 Accuracy: Top1: 47.8988%, Top5: 92.3445% | [Test] Loss: 1.36884694 Accuracy: Top1: 50.0494%, Top5: 93.4830%
[Epoch 006] Time: 503.8268s | [Train] Loss: 1.38439108 Accuracy: Top1: 49.4773%, Top5: 93.0099% | [Test] Loss: 1.31207374 Accuracy: Top1: 52.0174%, Top5: 93.8983%
[Epoch 007] Time: 503.6892s | [Train] Loss: 1.33249382 Accuracy: Top1: 51.5161%, Top5: 93.7292% | [Test] Loss: 1.27716741 Accuracy: Top1: 53.8964%, Top5: 94.5115%
[Epoch 008] Time: 503.6607s | [Train] Loss: 1.29274869 Accuracy: Top1: 52.9959%, Top5: 94.1013% | [Test] Loss: 1.23421716 Accuracy: Top1: 54.6677%, Top5: 94.9664%
[Epoch 009] Time: 503.7411s | [Train] Loss: 1.25075647 Accuracy: Top1: 54.7474%, Top5: 94.6523% | [Test] Loss: 1.20800869 Accuracy: Top1: 55.9138%, Top5: 95.3323%
[Epoch 010] Time: 503.7429s | [Train] Loss: 1.21951723 Accuracy: Top1: 55.7397%, Top5: 95.1071% | [Test] Loss: 1.17122686 Accuracy: Top1: 56.9027%, Top5: 95.8267%
[Epoch 011] Time: 503.7049s | [Train] Loss: 1.19191876 Accuracy: Top1: 56.7319%, Top5: 95.3645% | [Test] Loss: 1.15597943 Accuracy: Top1: 57.6642%, Top5: 95.8663%
[Epoch 012] Time: 503.6845s | [Train] Loss: 1.16608887 Accuracy: Top1: 57.7266%, Top5: 95.5203% | [Test] Loss: 1.14785026 Accuracy: Top1: 58.0993%, Top5: 95.7377%
[Epoch 013] Time: 503.7793s | [Train] Loss: 1.14500504 Accuracy: Top1: 58.8159%, Top5: 95.7197% | [Test] Loss: 1.10963439 Accuracy: Top1: 59.5728%, Top5: 96.2520%
[Epoch 014] Time: 503.7320s | [Train] Loss: 1.12102445 Accuracy: Top1: 59.5372%, Top5: 96.0694% | [Test] Loss: 1.09153206 Accuracy: Top1: 60.4233%, Top5: 96.3212%
[Epoch 015] Time: 503.8784s | [Train] Loss: 1.10119159 Accuracy: Top1: 60.3708%, Top5: 96.1329% | [Test] Loss: 1.09685114 Accuracy: Top1: 60.1760%, Top5: 96.3706%
[Epoch 016] Time: 503.8368s | [Train] Loss: 1.08411596 Accuracy: Top1: 60.9071%, Top5: 96.3167% | [Test] Loss: 1.09173519 Accuracy: Top1: 60.2749%, Top5: 96.4003%
[Epoch 017] Time: 503.8631s | [Train] Loss: 1.06687604 Accuracy: Top1: 61.5289%, Top5: 96.4978% | [Test] Loss: 1.05159964 Accuracy: Top1: 61.6100%, Top5: 96.8453%
[Epoch 018] Time: 503.8317s | [Train] Loss: 1.05195604 Accuracy: Top1: 62.1240%, Top5: 96.6009% | [Test] Loss: 1.03953756 Accuracy: Top1: 62.1341%, Top5: 96.9244%
[Epoch 019] Time: 503.8143s | [Train] Loss: 1.03357998 Accuracy: Top1: 62.6662%, Top5: 96.7128% | [Test] Loss: 1.05770103 Accuracy: Top1: 61.7089%, Top5: 96.5981%
[Epoch 020] Time: 503.8986s | [Train] Loss: 1.02393489 Accuracy: Top1: 63.2956%, Top5: 96.8614% | [Test] Loss: 1.01951275 Accuracy: Top1: 62.7670%, Top5: 96.9244%
[Epoch 021] Time: 503.8807s | [Train] Loss: 1.01007166 Accuracy: Top1: 63.5074%, Top5: 96.9673% | [Test] Loss: 1.01778070 Accuracy: Top1: 63.1329%, Top5: 97.0827%
[Epoch 022] Time: 503.7821s | [Train] Loss: 0.99734286 Accuracy: Top1: 64.0193%, Top5: 97.0352% | [Test] Loss: 0.99233144 Accuracy: Top1: 63.6570%, Top5: 97.0926%
[Epoch 023] Time: 504.0797s | [Train] Loss: 0.98600082 Accuracy: Top1: 64.6216%, Top5: 97.1068% | [Test] Loss: 0.99269761 Accuracy: Top1: 63.9241%, Top5: 97.1816%
[Epoch 024] Time: 503.8516s | [Train] Loss: 0.97498984 Accuracy: Top1: 65.0192%, Top5: 97.2339% | [Test] Loss: 0.98708067 Accuracy: Top1: 64.1119%, Top5: 97.1816%
[Epoch 025] Time: 503.8449s | [Train] Loss: 0.96514486 Accuracy: Top1: 65.4112%, Top5: 97.3198% | [Test] Loss: 0.97531427 Accuracy: Top1: 64.2306%, Top5: 97.2211%
[Epoch 026] Time: 503.8217s | [Train] Loss: 0.95636290 Accuracy: Top1: 65.6374%, Top5: 97.3761% | [Test] Loss: 0.97712049 Accuracy: Top1: 64.6756%, Top5: 97.2903%
[Epoch 027] Time: 503.8286s | [Train] Loss: 0.94797368 Accuracy: Top1: 65.9191%, Top5: 97.3913% | [Test] Loss: 0.95644173 Accuracy: Top1: 65.3184%, Top5: 97.3497%
[Epoch 028] Time: 503.8373s | [Train] Loss: 0.93886815 Accuracy: Top1: 66.3763%, Top5: 97.3989% | [Test] Loss: 0.94880792 Accuracy: Top1: 65.6052%, Top5: 97.3695%
[Epoch 029] Time: 503.8268s | [Train] Loss: 0.92821117 Accuracy: Top1: 66.8886%, Top5: 97.5320% | [Test] Loss: 0.95434946 Accuracy: Top1: 65.8426%, Top5: 97.3892%
[Epoch 030] Time: 503.7714s | [Train] Loss: 0.92545541 Accuracy: Top1: 66.7152%, Top5: 97.4704% | [Test] Loss: 0.94605391 Accuracy: Top1: 65.6843%, Top5: 97.4782%
[Epoch 031] Time: 503.8410s | [Train] Loss: 0.91752606 Accuracy: Top1: 67.1663%, Top5: 97.5148% | [Test] Loss: 0.94039202 Accuracy: Top1: 65.8129%, Top5: 97.6068%
[Epoch 032] Time: 503.7889s | [Train] Loss: 0.91035599 Accuracy: Top1: 67.3394%, Top5: 97.6634% | [Test] Loss: 0.93215189 Accuracy: Top1: 66.3370%, Top5: 97.6760%
[Epoch 033] Time: 503.8725s | [Train] Loss: 0.90502244 Accuracy: Top1: 67.4025%, Top5: 97.6910% | [Test] Loss: 0.93884059 Accuracy: Top1: 66.0008%, Top5: 97.5771%
[Epoch 034] Time: 503.8970s | [Train] Loss: 0.89983249 Accuracy: Top1: 67.6051%, Top5: 97.6730% | [Test] Loss: 0.91928334 Accuracy: Top1: 66.6930%, Top5: 97.6760%
[Epoch 035] Time: 504.0055s | [Train] Loss: 0.89713494 Accuracy: Top1: 68.0247%, Top5: 97.6642% | [Test] Loss: 0.93560205 Accuracy: Top1: 66.4260%, Top5: 97.4189%
[Epoch 036] Time: 503.7963s | [Train] Loss: 0.89395301 Accuracy: Top1: 68.0571%, Top5: 97.6798% | [Test] Loss: 0.92040357 Accuracy: Top1: 66.8315%, Top5: 97.6167%
[Epoch 037] Time: 503.8695s | [Train] Loss: 0.88709119 Accuracy: Top1: 68.1933%, Top5: 97.7749% | [Test] Loss: 0.92167626 Accuracy: Top1: 66.8117%, Top5: 97.6365%
[Epoch 038] Time: 504.1091s | [Train] Loss: 0.88204890 Accuracy: Top1: 68.5586%, Top5: 97.8317% | [Test] Loss: 0.92420434 Accuracy: Top1: 66.9403%, Top5: 97.6859%
[Epoch 039] Time: 503.8023s | [Train] Loss: 0.88263471 Accuracy: Top1: 68.5406%, Top5: 97.6950% | [Test] Loss: 0.91974557 Accuracy: Top1: 66.7820%, Top5: 97.7057%
[Epoch 040] Time: 503.8803s | [Train] Loss: 0.87773169 Accuracy: Top1: 68.7200%, Top5: 97.8121% | [Test] Loss: 0.91294144 Accuracy: Top1: 67.3259%, Top5: 97.7848%
[Epoch 041] Time: 504.1747s | [Train] Loss: 0.87603539 Accuracy: Top1: 68.7144%, Top5: 97.7598% | [Test] Loss: 0.91569254 Accuracy: Top1: 66.9600%, Top5: 97.7255%
[Epoch 042] Time: 503.8517s | [Train] Loss: 0.87291569 Accuracy: Top1: 68.6461%, Top5: 97.8377% | [Test] Loss: 0.91366353 Accuracy: Top1: 67.1084%, Top5: 97.7255%
[Epoch 043] Time: 503.7970s | [Train] Loss: 0.86890497 Accuracy: Top1: 68.9530%, Top5: 97.8800% | [Test] Loss: 0.90946977 Accuracy: Top1: 67.2172%, Top5: 97.7749%
[Epoch 044] Time: 504.2734s | [Train] Loss: 0.87334997 Accuracy: Top1: 68.5846%, Top5: 97.8221% | [Test] Loss: 0.91290064 Accuracy: Top1: 67.0392%, Top5: 97.7255%
