Files already downloaded and verified
Files already downloaded and verified
Model: VIT ConvNNAttention_Same_KVT
Total Parameters: 5057674
Trainable Parameters: 5057674
   - Trainable Parameters: 5.05767400 M
Model Complexity (Profiler):
   - GFLOPs: 2.15889197
   - Trainable Parameters: 5.05767400 M
[Epoch 001] Time: 71.3255s | [Train] Loss: 1.96741734 Accuracy: Top1: 28.5949%, Top5: 79.3107% | [Test] Loss: 1.66845998 Accuracy: Top1: 40.5756%, Top5: 86.9462%
[Epoch 002] Time: 71.7321s | [Train] Loss: 1.68913458 Accuracy: Top1: 38.7064%, Top5: 87.3002% | [Test] Loss: 1.54321724 Accuracy: Top1: 45.3619%, Top5: 90.3679%
[Epoch 003] Time: 72.0506s | [Train] Loss: 1.57081011 Accuracy: Top1: 43.1102%, Top5: 89.7107% | [Test] Loss: 1.44597641 Accuracy: Top1: 48.2892%, Top5: 92.1381%
[Epoch 004] Time: 72.0734s | [Train] Loss: 1.48687439 Accuracy: Top1: 46.2596%, Top5: 91.2068% | [Test] Loss: 1.39690137 Accuracy: Top1: 50.1088%, Top5: 92.5633%
[Epoch 005] Time: 72.3828s | [Train] Loss: 1.40918148 Accuracy: Top1: 48.8931%, Top5: 92.1983% | [Test] Loss: 1.33825327 Accuracy: Top1: 52.0471%, Top5: 93.7994%
[Epoch 006] Time: 72.4364s | [Train] Loss: 1.36038587 Accuracy: Top1: 50.7761%, Top5: 93.1322% | [Test] Loss: 1.29523246 Accuracy: Top1: 53.7085%, Top5: 94.2049%
[Epoch 007] Time: 72.5356s | [Train] Loss: 1.31940951 Accuracy: Top1: 52.4365%, Top5: 93.6477% | [Test] Loss: 1.27614601 Accuracy: Top1: 54.0843%, Top5: 94.6796%
[Epoch 008] Time: 72.5182s | [Train] Loss: 1.28255627 Accuracy: Top1: 53.5462%, Top5: 94.1692% | [Test] Loss: 1.26475111 Accuracy: Top1: 55.1721%, Top5: 94.8774%
[Epoch 009] Time: 72.3327s | [Train] Loss: 1.25043112 Accuracy: Top1: 54.9532%, Top5: 94.4433% | [Test] Loss: 1.22972955 Accuracy: Top1: 55.9434%, Top5: 95.2334%
[Epoch 010] Time: 72.5990s | [Train] Loss: 1.22501274 Accuracy: Top1: 56.1917%, Top5: 94.7830% | [Test] Loss: 1.19779484 Accuracy: Top1: 57.0312%, Top5: 95.5103%
[Epoch 011] Time: 72.5182s | [Train] Loss: 1.20462267 Accuracy: Top1: 56.7683%, Top5: 95.0488% | [Test] Loss: 1.20219862 Accuracy: Top1: 57.3774%, Top5: 95.5993%
[Epoch 012] Time: 72.7289s | [Train] Loss: 1.18006710 Accuracy: Top1: 57.6067%, Top5: 95.3013% | [Test] Loss: 1.18044974 Accuracy: Top1: 57.9608%, Top5: 95.7278%
[Epoch 013] Time: 72.8008s | [Train] Loss: 1.16078379 Accuracy: Top1: 58.4343%, Top5: 95.3780% | [Test] Loss: 1.15363473 Accuracy: Top1: 58.5146%, Top5: 96.0740%
[Epoch 014] Time: 72.2986s | [Train] Loss: 1.14287078 Accuracy: Top1: 59.1664%, Top5: 95.6773% | [Test] Loss: 1.14013216 Accuracy: Top1: 59.5233%, Top5: 96.0839%
[Epoch 015] Time: 72.1035s | [Train] Loss: 1.12353441 Accuracy: Top1: 59.7323%, Top5: 95.6957% | [Test] Loss: 1.15360162 Accuracy: Top1: 59.5431%, Top5: 95.9751%
[Epoch 016] Time: 72.5208s | [Train] Loss: 1.10821121 Accuracy: Top1: 60.2234%, Top5: 95.9990% | [Test] Loss: 1.15991589 Accuracy: Top1: 58.7322%, Top5: 95.9553%
[Epoch 017] Time: 72.4574s | [Train] Loss: 1.09699356 Accuracy: Top1: 60.6530%, Top5: 96.1741% | [Test] Loss: 1.12088957 Accuracy: Top1: 60.2848%, Top5: 96.5289%
[Epoch 018] Time: 72.3830s | [Train] Loss: 1.08054235 Accuracy: Top1: 61.3055%, Top5: 96.2380% | [Test] Loss: 1.10246288 Accuracy: Top1: 60.8979%, Top5: 96.5487%
[Epoch 019] Time: 72.4904s | [Train] Loss: 1.06751415 Accuracy: Top1: 61.7487%, Top5: 96.3343% | [Test] Loss: 1.15213616 Accuracy: Top1: 60.0870%, Top5: 96.2718%
[Epoch 020] Time: 72.3419s | [Train] Loss: 1.05552177 Accuracy: Top1: 62.1088%, Top5: 96.4694% | [Test] Loss: 1.11526661 Accuracy: Top1: 60.5617%, Top5: 96.5487%
[Epoch 021] Time: 72.7492s | [Train] Loss: 1.04513766 Accuracy: Top1: 62.5156%, Top5: 96.5157% | [Test] Loss: 1.07335427 Accuracy: Top1: 62.0451%, Top5: 96.6970%
[Epoch 022] Time: 72.6641s | [Train] Loss: 1.03434468 Accuracy: Top1: 62.8409%, Top5: 96.6081% | [Test] Loss: 1.08720065 Accuracy: Top1: 61.4616%, Top5: 96.6871%
[Epoch 023] Time: 72.3360s | [Train] Loss: 1.02423606 Accuracy: Top1: 63.2337%, Top5: 96.7395% | [Test] Loss: 1.06126914 Accuracy: Top1: 62.6879%, Top5: 96.8058%
[Epoch 024] Time: 72.7418s | [Train] Loss: 1.01254354 Accuracy: Top1: 63.6621%, Top5: 96.7851% | [Test] Loss: 1.10500893 Accuracy: Top1: 61.3924%, Top5: 96.8256%
[Epoch 025] Time: 72.5803s | [Train] Loss: 1.00654036 Accuracy: Top1: 64.0317%, Top5: 96.8642% | [Test] Loss: 1.05337524 Accuracy: Top1: 62.7769%, Top5: 96.7959%
[Epoch 026] Time: 72.4721s | [Train] Loss: 1.00031286 Accuracy: Top1: 64.2739%, Top5: 96.8878% | [Test] Loss: 1.06542734 Accuracy: Top1: 63.0340%, Top5: 96.8750%
[Epoch 027] Time: 72.8544s | [Train] Loss: 0.99044940 Accuracy: Top1: 64.5920%, Top5: 97.0209% | [Test] Loss: 1.04138446 Accuracy: Top1: 63.6076%, Top5: 96.9541%
[Epoch 028] Time: 72.5337s | [Train] Loss: 0.98329863 Accuracy: Top1: 65.0228%, Top5: 97.0976% | [Test] Loss: 1.05827694 Accuracy: Top1: 62.9945%, Top5: 96.9640%
[Epoch 029] Time: 72.2012s | [Train] Loss: 0.97675821 Accuracy: Top1: 65.0811%, Top5: 97.0440% | [Test] Loss: 1.03485757 Accuracy: Top1: 63.9636%, Top5: 96.9442%
[Epoch 030] Time: 72.5801s | [Train] Loss: 0.97309488 Accuracy: Top1: 65.0699%, Top5: 97.1411% | [Test] Loss: 1.04874135 Accuracy: Top1: 63.1824%, Top5: 96.9541%
[Epoch 031] Time: 72.4865s | [Train] Loss: 0.96751782 Accuracy: Top1: 65.4879%, Top5: 97.1403% | [Test] Loss: 1.05265763 Accuracy: Top1: 63.7263%, Top5: 96.8552%
[Epoch 032] Time: 72.6997s | [Train] Loss: 0.96392696 Accuracy: Top1: 65.5802%, Top5: 97.1312% | [Test] Loss: 1.02386551 Accuracy: Top1: 64.4976%, Top5: 97.1420%
[Epoch 033] Time: 72.6103s | [Train] Loss: 0.95573165 Accuracy: Top1: 65.9295%, Top5: 97.1895% | [Test] Loss: 1.01925922 Accuracy: Top1: 64.2009%, Top5: 97.0728%
[Epoch 034] Time: 72.7535s | [Train] Loss: 0.95136301 Accuracy: Top1: 65.9255%, Top5: 97.3082% | [Test] Loss: 1.01942770 Accuracy: Top1: 64.4482%, Top5: 97.1420%
[Epoch 035] Time: 72.5373s | [Train] Loss: 0.94928556 Accuracy: Top1: 66.1225%, Top5: 97.2890% | [Test] Loss: 1.02890495 Accuracy: Top1: 64.2504%, Top5: 97.0233%
[Epoch 036] Time: 72.6331s | [Train] Loss: 0.94543517 Accuracy: Top1: 66.3659%, Top5: 97.2930% | [Test] Loss: 1.03817474 Accuracy: Top1: 63.8944%, Top5: 97.0827%
[Epoch 037] Time: 72.8960s | [Train] Loss: 0.93852234 Accuracy: Top1: 66.4994%, Top5: 97.3773% | [Test] Loss: 1.02658692 Accuracy: Top1: 64.1515%, Top5: 97.1816%
[Epoch 038] Time: 72.9034s | [Train] Loss: 0.93620462 Accuracy: Top1: 66.6712%, Top5: 97.3913% | [Test] Loss: 1.02854849 Accuracy: Top1: 64.0032%, Top5: 97.0530%
[Epoch 039] Time: 72.6513s | [Train] Loss: 0.93280633 Accuracy: Top1: 66.6260%, Top5: 97.4269% | [Test] Loss: 1.02707614 Accuracy: Top1: 63.9339%, Top5: 97.1321%
[Epoch 040] Time: 72.8464s | [Train] Loss: 0.93166379 Accuracy: Top1: 66.7323%, Top5: 97.4345% | [Test] Loss: 1.02428335 Accuracy: Top1: 64.1515%, Top5: 97.1321%
[Epoch 041] Time: 72.7739s | [Train] Loss: 0.93076815 Accuracy: Top1: 66.6117%, Top5: 97.3797% | [Test] Loss: 1.01956120 Accuracy: Top1: 64.5570%, Top5: 97.1816%
[Epoch 042] Time: 72.8232s | [Train] Loss: 0.93015649 Accuracy: Top1: 66.8103%, Top5: 97.3801% | [Test] Loss: 1.02422291 Accuracy: Top1: 64.1713%, Top5: 97.1123%
[Epoch 043] Time: 72.7046s | [Train] Loss: 0.92670436 Accuracy: Top1: 66.9266%, Top5: 97.3865% | [Test] Loss: 1.01600107 Accuracy: Top1: 64.6064%, Top5: 97.1717%
[Epoch 044] Time: 72.6235s | [Train] Loss: 0.92184520 Accuracy: Top1: 67.0364%, Top5: 97.5248% | [Test] Loss: 1.02451295 Accuracy: Top1: 64.5075%, Top5: 97.1519%
[Epoch 045] Time: 72.7008s | [Train] Loss: 0.92359781 Accuracy: Top1: 67.0604%, Top5: 97.4480% | [Test] Loss: 1.01953846 Accuracy: Top1: 64.6855%, Top5: 97.1519%
[Epoch 046] Time: 72.6001s | [Train] Loss: 0.92239198 Accuracy: Top1: 67.1004%, Top5: 97.5028% | [Test] Loss: 1.01626108 Accuracy: Top1: 64.8438%, Top5: 97.1717%
[Epoch 047] Time: 72.6642s | [Train] Loss: 0.92044584 Accuracy: Top1: 67.1204%, Top5: 97.4369% | [Test] Loss: 1.01978885 Accuracy: Top1: 64.7547%, Top5: 97.1420%
[Epoch 048] Time: 72.5944s | [Train] Loss: 0.92048630 Accuracy: Top1: 67.0544%, Top5: 97.5268% | [Test] Loss: 1.02091688 Accuracy: Top1: 64.7053%, Top5: 97.1321%
[Epoch 049] Time: 72.6518s | [Train] Loss: 0.92083225 Accuracy: Top1: 66.9118%, Top5: 97.4441% | [Test] Loss: 1.01810573 Accuracy: Top1: 64.7152%, Top5: 97.1321%
[Epoch 050] Time: 72.5742s | [Train] Loss: 0.92194443 Accuracy: Top1: 67.0972%, Top5: 97.3541% | [Test] Loss: 1.01962474 Accuracy: Top1: 64.6262%, Top5: 97.1123%
