Files already downloaded and verified
Files already downloaded and verified
Model: VIT ConvNNAttention
Total Parameters: 5980798
Trainable Parameters: 5980798
[Epoch 001] Time: 109.0061s | [Train] Loss: 1.76156966 Accuracy: Top1: 42.6843%, Top5: 88.5757% | [Test] Loss: 1.55333914 Accuracy: Top1: 51.5276%, Top5: 93.3606%
[Epoch 002] Time: 105.6856s | [Train] Loss: 1.51712256 Accuracy: Top1: 53.4789%, Top5: 93.8800% | [Test] Loss: 1.52765314 Accuracy: Top1: 54.5427%, Top5: 93.4904%
[Epoch 003] Time: 105.9308s | [Train] Loss: 1.41770366 Accuracy: Top1: 58.5093%, Top5: 95.4675% | [Test] Loss: 1.41882821 Accuracy: Top1: 58.2668%, Top5: 95.0080%
[Epoch 004] Time: 106.1050s | [Train] Loss: 1.34451326 Accuracy: Top1: 61.6663%, Top5: 96.2472% | [Test] Loss: 1.38146762 Accuracy: Top1: 60.5331%, Top5: 95.9365%
[Epoch 005] Time: 106.3176s | [Train] Loss: 1.27853306 Accuracy: Top1: 64.9712%, Top5: 96.9750% | [Test] Loss: 1.38727947 Accuracy: Top1: 61.2520%, Top5: 95.9465%
[Epoch 006] Time: 106.2895s | [Train] Loss: 1.21867331 Accuracy: Top1: 68.0182%, Top5: 97.3708% | [Test] Loss: 1.36926050 Accuracy: Top1: 62.3303%, Top5: 95.6769%
[Epoch 007] Time: 106.2882s | [Train] Loss: 1.16489300 Accuracy: Top1: 70.4095%, Top5: 97.9167% | [Test] Loss: 1.32855835 Accuracy: Top1: 63.8179%, Top5: 95.8966%
[Epoch 008] Time: 106.3787s | [Train] Loss: 1.10849612 Accuracy: Top1: 73.0086%, Top5: 98.2486% | [Test] Loss: 1.32356582 Accuracy: Top1: 64.2173%, Top5: 96.0563%
[Epoch 009] Time: 106.1675s | [Train] Loss: 1.05629009 Accuracy: Top1: 75.5578%, Top5: 98.5545% | [Test] Loss: 1.29088467 Accuracy: Top1: 65.7648%, Top5: 96.2360%
[Epoch 010] Time: 106.0761s | [Train] Loss: 1.00494543 Accuracy: Top1: 78.0610%, Top5: 98.9383% | [Test] Loss: 1.32083635 Accuracy: Top1: 65.1258%, Top5: 95.8966%
[Epoch 011] Time: 106.0314s | [Train] Loss: 0.95226614 Accuracy: Top1: 80.4383%, Top5: 99.0723% | [Test] Loss: 1.33584381 Accuracy: Top1: 65.7648%, Top5: 95.7468%
[Epoch 012] Time: 106.5070s | [Train] Loss: 0.91446928 Accuracy: Top1: 82.2837%, Top5: 99.2402% | [Test] Loss: 1.34971841 Accuracy: Top1: 65.6550%, Top5: 95.8267%
[Epoch 013] Time: 106.3097s | [Train] Loss: 0.86957950 Accuracy: Top1: 84.1691%, Top5: 99.4522% | [Test] Loss: 1.35497441 Accuracy: Top1: 65.5152%, Top5: 95.4573%
[Epoch 014] Time: 106.5560s | [Train] Loss: 0.83543968 Accuracy: Top1: 85.8045%, Top5: 99.5701% | [Test] Loss: 1.37566255 Accuracy: Top1: 65.4353%, Top5: 94.6186%
[Epoch 015] Time: 106.6766s | [Train] Loss: 0.80283313 Accuracy: Top1: 87.3101%, Top5: 99.7121% | [Test] Loss: 1.38553499 Accuracy: Top1: 66.5535%, Top5: 94.9081%
[Epoch 016] Time: 106.7571s | [Train] Loss: 0.77990418 Accuracy: Top1: 88.4637%, Top5: 99.7301% | [Test] Loss: 1.38135057 Accuracy: Top1: 65.8147%, Top5: 94.7085%
[Epoch 017] Time: 106.2671s | [Train] Loss: 0.75760718 Accuracy: Top1: 89.2974%, Top5: 99.7781% | [Test] Loss: 1.38849852 Accuracy: Top1: 66.7732%, Top5: 94.8682%
[Epoch 018] Time: 106.4473s | [Train] Loss: 0.73704262 Accuracy: Top1: 90.4930%, Top5: 99.8421% | [Test] Loss: 1.41373847 Accuracy: Top1: 66.2141%, Top5: 94.2492%
[Epoch 019] Time: 106.2360s | [Train] Loss: 0.71856033 Accuracy: Top1: 91.2028%, Top5: 99.8500% | [Test] Loss: 1.37568097 Accuracy: Top1: 67.3522%, Top5: 94.6386%
[Epoch 020] Time: 106.1678s | [Train] Loss: 0.70734995 Accuracy: Top1: 91.6467%, Top5: 99.8321% | [Test] Loss: 1.39719604 Accuracy: Top1: 66.4637%, Top5: 94.3391%
[Epoch 021] Time: 105.9007s | [Train] Loss: 0.69655706 Accuracy: Top1: 92.1725%, Top5: 99.8860% | [Test] Loss: 1.42224614 Accuracy: Top1: 66.1442%, Top5: 93.3706%
[Epoch 022] Time: 105.9181s | [Train] Loss: 0.68623394 Accuracy: Top1: 92.6943%, Top5: 99.8980% | [Test] Loss: 1.42212416 Accuracy: Top1: 66.7133%, Top5: 93.4105%
[Epoch 023] Time: 106.5118s | [Train] Loss: 0.67505553 Accuracy: Top1: 93.1722%, Top5: 99.8980% | [Test] Loss: 1.41003688 Accuracy: Top1: 66.5236%, Top5: 93.3007%
[Epoch 024] Time: 106.4219s | [Train] Loss: 0.66950943 Accuracy: Top1: 93.3141%, Top5: 99.9020% | [Test] Loss: 1.40546628 Accuracy: Top1: 66.5036%, Top5: 93.2009%
[Epoch 025] Time: 106.1654s | [Train] Loss: 0.65671778 Accuracy: Top1: 93.7880%, Top5: 99.9300% | [Test] Loss: 1.41281514 Accuracy: Top1: 67.3123%, Top5: 92.8614%
[Epoch 026] Time: 106.3665s | [Train] Loss: 0.65281897 Accuracy: Top1: 94.0499%, Top5: 99.9260% | [Test] Loss: 1.40896674 Accuracy: Top1: 66.8231%, Top5: 93.4505%
[Epoch 027] Time: 106.6234s | [Train] Loss: 0.64384365 Accuracy: Top1: 94.4198%, Top5: 99.9360% | [Test] Loss: 1.41815243 Accuracy: Top1: 67.3922%, Top5: 93.8998%
[Epoch 028] Time: 106.4197s | [Train] Loss: 0.63962132 Accuracy: Top1: 94.5677%, Top5: 99.9600% | [Test] Loss: 1.40341507 Accuracy: Top1: 67.7316%, Top5: 93.3706%
[Epoch 029] Time: 106.3644s | [Train] Loss: 0.63314005 Accuracy: Top1: 94.8437%, Top5: 99.9480% | [Test] Loss: 1.44832230 Accuracy: Top1: 65.7847%, Top5: 93.0611%
[Epoch 030] Time: 106.2635s | [Train] Loss: 0.62713026 Accuracy: Top1: 95.1615%, Top5: 99.9440% | [Test] Loss: 1.39854594 Accuracy: Top1: 67.6218%, Top5: 93.7899%
[Epoch 031] Time: 106.6663s | [Train] Loss: 0.62226794 Accuracy: Top1: 95.3195%, Top5: 99.9400% | [Test] Loss: 1.45448367 Accuracy: Top1: 66.4537%, Top5: 92.9413%
[Epoch 032] Time: 106.3801s | [Train] Loss: 0.61707651 Accuracy: Top1: 95.5154%, Top5: 99.9480% | [Test] Loss: 1.41752442 Accuracy: Top1: 67.6018%, Top5: 92.4920%
[Epoch 033] Time: 106.3347s | [Train] Loss: 0.61231016 Accuracy: Top1: 95.6834%, Top5: 99.9500% | [Test] Loss: 1.46796932 Accuracy: Top1: 65.8646%, Top5: 92.5319%
[Epoch 034] Time: 106.8570s | [Train] Loss: 0.60895219 Accuracy: Top1: 95.7674%, Top5: 99.9620% | [Test] Loss: 1.44648106 Accuracy: Top1: 66.7133%, Top5: 92.6717%
[Epoch 035] Time: 106.4493s | [Train] Loss: 0.60232606 Accuracy: Top1: 96.1252%, Top5: 99.9720% | [Test] Loss: 1.45288951 Accuracy: Top1: 66.9629%, Top5: 93.1709%
[Epoch 036] Time: 106.3647s | [Train] Loss: 0.60139849 Accuracy: Top1: 96.2152%, Top5: 99.9400% | [Test] Loss: 1.44261532 Accuracy: Top1: 67.4121%, Top5: 92.5220%
[Epoch 037] Time: 106.5642s | [Train] Loss: 0.59536296 Accuracy: Top1: 96.4211%, Top5: 99.9700% | [Test] Loss: 1.45503864 Accuracy: Top1: 66.4337%, Top5: 92.3123%
[Epoch 038] Time: 106.1346s | [Train] Loss: 0.59205799 Accuracy: Top1: 96.5091%, Top5: 99.9680% | [Test] Loss: 1.45034415 Accuracy: Top1: 67.0128%, Top5: 92.7815%
[Epoch 039] Time: 106.3382s | [Train] Loss: 0.58710595 Accuracy: Top1: 96.6451%, Top5: 99.9700% | [Test] Loss: 1.46796374 Accuracy: Top1: 66.8930%, Top5: 92.3223%
[Epoch 040] Time: 106.5712s | [Train] Loss: 0.58493510 Accuracy: Top1: 96.8070%, Top5: 99.9700% | [Test] Loss: 1.43454458 Accuracy: Top1: 67.0427%, Top5: 92.4421%
[Epoch 041] Time: 106.3713s | [Train] Loss: 0.58272829 Accuracy: Top1: 96.8790%, Top5: 99.9660% | [Test] Loss: 1.43810570 Accuracy: Top1: 67.0128%, Top5: 93.0112%
[Epoch 042] Time: 106.3331s | [Train] Loss: 0.57814187 Accuracy: Top1: 97.0449%, Top5: 99.9680% | [Test] Loss: 1.44950054 Accuracy: Top1: 67.1226%, Top5: 92.6318%
[Epoch 043] Time: 105.9164s | [Train] Loss: 0.57552451 Accuracy: Top1: 97.1769%, Top5: 99.9800% | [Test] Loss: 1.44254318 Accuracy: Top1: 67.2524%, Top5: 92.5220%
[Epoch 044] Time: 106.6632s | [Train] Loss: 0.56960890 Accuracy: Top1: 97.4008%, Top5: 99.9720% | [Test] Loss: 1.46870269 Accuracy: Top1: 67.2923%, Top5: 91.8530%
[Epoch 045] Time: 106.1360s | [Train] Loss: 0.56948236 Accuracy: Top1: 97.4268%, Top5: 99.9800% | [Test] Loss: 1.46512614 Accuracy: Top1: 66.7732%, Top5: 92.4820%
[Epoch 046] Time: 106.5893s | [Train] Loss: 0.56568344 Accuracy: Top1: 97.5628%, Top5: 99.9880% | [Test] Loss: 1.45264004 Accuracy: Top1: 67.4521%, Top5: 92.0927%
[Epoch 047] Time: 106.3156s | [Train] Loss: 0.56327512 Accuracy: Top1: 97.6587%, Top5: 99.9740% | [Test] Loss: 1.43070358 Accuracy: Top1: 68.2009%, Top5: 92.5619%
[Epoch 048] Time: 106.1797s | [Train] Loss: 0.56170020 Accuracy: Top1: 97.7527%, Top5: 99.9880% | [Test] Loss: 1.44860935 Accuracy: Top1: 68.3706%, Top5: 92.2923%
[Epoch 049] Time: 106.4340s | [Train] Loss: 0.55600784 Accuracy: Top1: 97.9347%, Top5: 99.9800% | [Test] Loss: 1.45143248 Accuracy: Top1: 67.4121%, Top5: 91.8930%
[Epoch 050] Time: 106.4786s | [Train] Loss: 0.55262774 Accuracy: Top1: 98.0686%, Top5: 99.9860% | [Test] Loss: 1.47290992 Accuracy: Top1: 67.3023%, Top5: 92.4720%
[Epoch 051] Time: 106.5480s | [Train] Loss: 0.54977343 Accuracy: Top1: 98.2286%, Top5: 99.9780% | [Test] Loss: 1.46604640 Accuracy: Top1: 67.9912%, Top5: 92.1625%
[Epoch 052] Time: 106.5933s | [Train] Loss: 0.54815807 Accuracy: Top1: 98.3025%, Top5: 99.9820% | [Test] Loss: 1.45651481 Accuracy: Top1: 67.8415%, Top5: 91.9329%
[Epoch 053] Time: 105.6912s | [Train] Loss: 0.54576622 Accuracy: Top1: 98.3885%, Top5: 99.9860% | [Test] Loss: 1.45195525 Accuracy: Top1: 67.8315%, Top5: 92.1226%
[Epoch 054] Time: 106.3947s | [Train] Loss: 0.54176145 Accuracy: Top1: 98.5245%, Top5: 99.9820% | [Test] Loss: 1.44622650 Accuracy: Top1: 68.3307%, Top5: 91.8231%
[Epoch 055] Time: 106.6026s | [Train] Loss: 0.54267619 Accuracy: Top1: 98.4545%, Top5: 99.9940% | [Test] Loss: 1.46560420 Accuracy: Top1: 67.5619%, Top5: 92.1026%
[Epoch 056] Time: 106.3900s | [Train] Loss: 0.53792290 Accuracy: Top1: 98.6644%, Top5: 99.9900% | [Test] Loss: 1.43092993 Accuracy: Top1: 69.1893%, Top5: 91.3039%
[Epoch 057] Time: 106.3251s | [Train] Loss: 0.53653917 Accuracy: Top1: 98.7084%, Top5: 99.9900% | [Test] Loss: 1.43480364 Accuracy: Top1: 68.8199%, Top5: 92.1625%
[Epoch 058] Time: 106.2430s | [Train] Loss: 0.53527433 Accuracy: Top1: 98.7604%, Top5: 99.9920% | [Test] Loss: 1.47654777 Accuracy: Top1: 67.4221%, Top5: 91.0942%
[Epoch 059] Time: 106.5508s | [Train] Loss: 0.53128085 Accuracy: Top1: 98.8904%, Top5: 99.9820% | [Test] Loss: 1.47768855 Accuracy: Top1: 68.0212%, Top5: 91.2240%
[Epoch 060] Time: 106.7670s | [Train] Loss: 0.53040287 Accuracy: Top1: 98.9863%, Top5: 99.9960% | [Test] Loss: 1.47125425 Accuracy: Top1: 67.8115%, Top5: 92.2125%
[Epoch 061] Time: 106.6202s | [Train] Loss: 0.52893783 Accuracy: Top1: 99.0183%, Top5: 99.9940% | [Test] Loss: 1.46734869 Accuracy: Top1: 68.3407%, Top5: 91.8830%
[Epoch 062] Time: 106.3879s | [Train] Loss: 0.52643055 Accuracy: Top1: 99.1103%, Top5: 99.9960% | [Test] Loss: 1.44694161 Accuracy: Top1: 68.4505%, Top5: 91.7732%
[Epoch 063] Time: 106.4357s | [Train] Loss: 0.52301530 Accuracy: Top1: 99.2143%, Top5: 99.9980% | [Test] Loss: 1.45114460 Accuracy: Top1: 69.1793%, Top5: 91.4936%
[Epoch 064] Time: 106.4188s | [Train] Loss: 0.52352242 Accuracy: Top1: 99.2342%, Top5: 100.0000% | [Test] Loss: 1.44859142 Accuracy: Top1: 68.6801%, Top5: 91.7232%
[Epoch 065] Time: 106.2104s | [Train] Loss: 0.52223820 Accuracy: Top1: 99.2462%, Top5: 100.0000% | [Test] Loss: 1.44765205 Accuracy: Top1: 68.7200%, Top5: 91.1641%
[Epoch 066] Time: 106.6467s | [Train] Loss: 0.51992838 Accuracy: Top1: 99.3282%, Top5: 100.0000% | [Test] Loss: 1.47458517 Accuracy: Top1: 68.3407%, Top5: 91.1641%
[Epoch 067] Time: 106.4957s | [Train] Loss: 0.51867668 Accuracy: Top1: 99.4082%, Top5: 99.9960% | [Test] Loss: 1.46242382 Accuracy: Top1: 69.0096%, Top5: 91.1342%
[Epoch 068] Time: 106.8873s | [Train] Loss: 0.51725322 Accuracy: Top1: 99.4802%, Top5: 99.9920% | [Test] Loss: 1.45259695 Accuracy: Top1: 69.1693%, Top5: 91.6034%
[Epoch 069] Time: 106.7622s | [Train] Loss: 0.51646833 Accuracy: Top1: 99.4842%, Top5: 99.9980% | [Test] Loss: 1.43981785 Accuracy: Top1: 69.1494%, Top5: 91.1342%
[Epoch 070] Time: 106.3457s | [Train] Loss: 0.51355847 Accuracy: Top1: 99.6001%, Top5: 100.0000% | [Test] Loss: 1.45947056 Accuracy: Top1: 69.2792%, Top5: 91.6434%
[Epoch 071] Time: 106.1489s | [Train] Loss: 0.51313661 Accuracy: Top1: 99.6201%, Top5: 99.9940% | [Test] Loss: 1.45979477 Accuracy: Top1: 68.9197%, Top5: 91.3938%
[Epoch 072] Time: 106.8090s | [Train] Loss: 0.51216882 Accuracy: Top1: 99.6661%, Top5: 99.9980% | [Test] Loss: 1.45555876 Accuracy: Top1: 69.1993%, Top5: 91.3938%
[Epoch 073] Time: 106.2167s | [Train] Loss: 0.51221306 Accuracy: Top1: 99.6181%, Top5: 99.9960% | [Test] Loss: 1.46092002 Accuracy: Top1: 68.8798%, Top5: 91.1741%
[Epoch 074] Time: 106.6544s | [Train] Loss: 0.51016739 Accuracy: Top1: 99.7141%, Top5: 100.0000% | [Test] Loss: 1.47590671 Accuracy: Top1: 68.8399%, Top5: 91.0343%
[Epoch 075] Time: 106.3704s | [Train] Loss: 0.50903998 Accuracy: Top1: 99.7581%, Top5: 100.0000% | [Test] Loss: 1.45506868 Accuracy: Top1: 69.7784%, Top5: 90.7049%
[Epoch 076] Time: 106.3901s | [Train] Loss: 0.50888146 Accuracy: Top1: 99.7681%, Top5: 100.0000% | [Test] Loss: 1.47653980 Accuracy: Top1: 68.9097%, Top5: 91.4337%
[Epoch 077] Time: 106.6091s | [Train] Loss: 0.50835566 Accuracy: Top1: 99.7861%, Top5: 100.0000% | [Test] Loss: 1.46320378 Accuracy: Top1: 68.9297%, Top5: 91.2440%
[Epoch 078] Time: 106.5505s | [Train] Loss: 0.50802238 Accuracy: Top1: 99.7941%, Top5: 99.9980% | [Test] Loss: 1.44935785 Accuracy: Top1: 69.2991%, Top5: 91.2939%
[Epoch 079] Time: 106.4910s | [Train] Loss: 0.50670080 Accuracy: Top1: 99.8460%, Top5: 100.0000% | [Test] Loss: 1.45066613 Accuracy: Top1: 69.6386%, Top5: 91.5635%
[Epoch 080] Time: 106.5215s | [Train] Loss: 0.50672466 Accuracy: Top1: 99.8061%, Top5: 100.0000% | [Test] Loss: 1.44783499 Accuracy: Top1: 69.1993%, Top5: 91.4137%
[Epoch 081] Time: 106.4931s | [Train] Loss: 0.50539012 Accuracy: Top1: 99.8920%, Top5: 100.0000% | [Test] Loss: 1.44716883 Accuracy: Top1: 69.6685%, Top5: 91.1641%
[Epoch 082] Time: 106.2317s | [Train] Loss: 0.50598852 Accuracy: Top1: 99.8520%, Top5: 100.0000% | [Test] Loss: 1.43633461 Accuracy: Top1: 69.8083%, Top5: 91.4836%
[Epoch 083] Time: 106.7779s | [Train] Loss: 0.50479270 Accuracy: Top1: 99.9100%, Top5: 100.0000% | [Test] Loss: 1.43841745 Accuracy: Top1: 70.0579%, Top5: 91.6833%
[Epoch 084] Time: 106.3858s | [Train] Loss: 0.50437646 Accuracy: Top1: 99.9200%, Top5: 100.0000% | [Test] Loss: 1.43940747 Accuracy: Top1: 69.7284%, Top5: 91.4537%
[Epoch 085] Time: 106.1605s | [Train] Loss: 0.50396257 Accuracy: Top1: 99.9480%, Top5: 100.0000% | [Test] Loss: 1.43251282 Accuracy: Top1: 69.8882%, Top5: 91.5036%
[Epoch 086] Time: 106.6530s | [Train] Loss: 0.50405892 Accuracy: Top1: 99.9260%, Top5: 100.0000% | [Test] Loss: 1.42535425 Accuracy: Top1: 70.0978%, Top5: 91.8730%
[Epoch 087] Time: 106.7631s | [Train] Loss: 0.50352030 Accuracy: Top1: 99.9440%, Top5: 100.0000% | [Test] Loss: 1.42197485 Accuracy: Top1: 70.2077%, Top5: 92.0128%
[Epoch 088] Time: 106.4170s | [Train] Loss: 0.50317674 Accuracy: Top1: 99.9620%, Top5: 100.0000% | [Test] Loss: 1.42521701 Accuracy: Top1: 70.2077%, Top5: 91.6633%
[Epoch 089] Time: 106.2942s | [Train] Loss: 0.50322336 Accuracy: Top1: 99.9560%, Top5: 100.0000% | [Test] Loss: 1.42239762 Accuracy: Top1: 70.3874%, Top5: 91.4736%
[Epoch 090] Time: 106.7188s | [Train] Loss: 0.50309529 Accuracy: Top1: 99.9480%, Top5: 100.0000% | [Test] Loss: 1.42422802 Accuracy: Top1: 70.2576%, Top5: 91.8530%
[Epoch 091] Time: 106.4911s | [Train] Loss: 0.50280614 Accuracy: Top1: 99.9700%, Top5: 100.0000% | [Test] Loss: 1.42389294 Accuracy: Top1: 69.9381%, Top5: 91.7732%
[Epoch 092] Time: 106.3166s | [Train] Loss: 0.50262894 Accuracy: Top1: 99.9680%, Top5: 100.0000% | [Test] Loss: 1.42810988 Accuracy: Top1: 70.1078%, Top5: 91.4836%
[Epoch 093] Time: 106.3580s | [Train] Loss: 0.50246898 Accuracy: Top1: 99.9860%, Top5: 100.0000% | [Test] Loss: 1.41450152 Accuracy: Top1: 70.2077%, Top5: 91.9129%
[Epoch 094] Time: 106.6302s | [Train] Loss: 0.50247370 Accuracy: Top1: 99.9700%, Top5: 100.0000% | [Test] Loss: 1.41187086 Accuracy: Top1: 70.2676%, Top5: 92.0427%
[Epoch 095] Time: 106.4784s | [Train] Loss: 0.50244877 Accuracy: Top1: 99.9780%, Top5: 100.0000% | [Test] Loss: 1.41068692 Accuracy: Top1: 70.3874%, Top5: 92.1925%
[Epoch 096] Time: 106.6573s | [Train] Loss: 0.50234463 Accuracy: Top1: 99.9840%, Top5: 100.0000% | [Test] Loss: 1.41392318 Accuracy: Top1: 70.3474%, Top5: 92.0228%
[Epoch 097] Time: 106.4273s | [Train] Loss: 0.50218497 Accuracy: Top1: 99.9820%, Top5: 100.0000% | [Test] Loss: 1.41088015 Accuracy: Top1: 70.1977%, Top5: 92.1226%
[Epoch 098] Time: 106.4812s | [Train] Loss: 0.50237397 Accuracy: Top1: 99.9760%, Top5: 100.0000% | [Test] Loss: 1.41253835 Accuracy: Top1: 70.2676%, Top5: 92.2324%
[Epoch 099] Time: 105.9348s | [Train] Loss: 0.50214382 Accuracy: Top1: 99.9880%, Top5: 100.0000% | [Test] Loss: 1.41373786 Accuracy: Top1: 70.2177%, Top5: 92.1925%
[Epoch 100] Time: 106.6678s | [Train] Loss: 0.50217631 Accuracy: Top1: 99.9880%, Top5: 100.0000% | [Test] Loss: 1.41348323 Accuracy: Top1: 70.2177%, Top5: 92.2125%
Files already downloaded and verified
Files already downloaded and verified
Model: VIT ConvNNAttention
Total Parameters: 5980798
Trainable Parameters: 5980798
[Epoch 001] Time: 106.6363s | [Train] Loss: 1.75676107 Accuracy: Top1: 42.8183%, Top5: 88.7256% | [Test] Loss: 1.56690423 Accuracy: Top1: 51.4177%, Top5: 93.4405%
[Epoch 002] Time: 106.5271s | [Train] Loss: 1.51086590 Accuracy: Top1: 54.1707%, Top5: 93.9159% | [Test] Loss: 1.53970761 Accuracy: Top1: 54.0635%, Top5: 92.9812%
[Epoch 003] Time: 105.9990s | [Train] Loss: 1.40875481 Accuracy: Top1: 58.8552%, Top5: 95.4295% | [Test] Loss: 1.42784416 Accuracy: Top1: 57.3782%, Top5: 95.0479%
[Epoch 004] Time: 105.1002s | [Train] Loss: 1.32795889 Accuracy: Top1: 62.6699%, Top5: 96.4151% | [Test] Loss: 1.36359306 Accuracy: Top1: 61.2819%, Top5: 95.5970%
[Epoch 005] Time: 105.8097s | [Train] Loss: 1.25679766 Accuracy: Top1: 66.1128%, Top5: 97.1329% | [Test] Loss: 1.37590071 Accuracy: Top1: 61.1921%, Top5: 96.2161%
[Epoch 006] Time: 105.9983s | [Train] Loss: 1.19077136 Accuracy: Top1: 69.1659%, Top5: 97.5808% | [Test] Loss: 1.35098924 Accuracy: Top1: 62.4301%, Top5: 96.0463%
[Epoch 007] Time: 105.8938s | [Train] Loss: 1.13222535 Accuracy: Top1: 71.8670%, Top5: 98.1186% | [Test] Loss: 1.34253651 Accuracy: Top1: 63.6881%, Top5: 95.8866%
[Epoch 008] Time: 106.0766s | [Train] Loss: 1.07389531 Accuracy: Top1: 74.7901%, Top5: 98.4365% | [Test] Loss: 1.32900441 Accuracy: Top1: 64.4569%, Top5: 95.5871%
[Epoch 009] Time: 105.8175s | [Train] Loss: 1.01538985 Accuracy: Top1: 77.6372%, Top5: 98.8004% | [Test] Loss: 1.33594718 Accuracy: Top1: 64.2572%, Top5: 95.9465%
[Epoch 010] Time: 106.3015s | [Train] Loss: 0.96650344 Accuracy: Top1: 79.7685%, Top5: 99.0563% | [Test] Loss: 1.38659759 Accuracy: Top1: 63.4085%, Top5: 95.3175%
[Epoch 011] Time: 106.0752s | [Train] Loss: 0.91867389 Accuracy: Top1: 82.1097%, Top5: 99.2183% | [Test] Loss: 1.36267135 Accuracy: Top1: 65.2057%, Top5: 95.1977%
[Epoch 012] Time: 106.2126s | [Train] Loss: 0.87903298 Accuracy: Top1: 84.0051%, Top5: 99.3882% | [Test] Loss: 1.36597660 Accuracy: Top1: 65.5451%, Top5: 95.2676%
[Epoch 013] Time: 106.1250s | [Train] Loss: 0.84254778 Accuracy: Top1: 85.4647%, Top5: 99.5521% | [Test] Loss: 1.38520128 Accuracy: Top1: 65.5252%, Top5: 94.6386%
[Epoch 014] Time: 106.0583s | [Train] Loss: 0.81318257 Accuracy: Top1: 86.8142%, Top5: 99.6221% | [Test] Loss: 1.39144117 Accuracy: Top1: 65.6749%, Top5: 94.3790%
[Epoch 015] Time: 106.2051s | [Train] Loss: 0.79135246 Accuracy: Top1: 87.8539%, Top5: 99.7021% | [Test] Loss: 1.41218798 Accuracy: Top1: 65.2157%, Top5: 94.3590%
[Epoch 016] Time: 105.8600s | [Train] Loss: 0.76730809 Accuracy: Top1: 88.7916%, Top5: 99.7841% | [Test] Loss: 1.40887462 Accuracy: Top1: 65.5252%, Top5: 94.2192%
[Epoch 017] Time: 105.9791s | [Train] Loss: 0.74893684 Accuracy: Top1: 89.7093%, Top5: 99.7781% | [Test] Loss: 1.41483070 Accuracy: Top1: 66.0044%, Top5: 93.8998%
[Epoch 018] Time: 106.2788s | [Train] Loss: 0.73442119 Accuracy: Top1: 90.4830%, Top5: 99.7821% | [Test] Loss: 1.43747089 Accuracy: Top1: 65.6550%, Top5: 93.3107%
[Epoch 019] Time: 105.9584s | [Train] Loss: 0.71891226 Accuracy: Top1: 91.1268%, Top5: 99.8121% | [Test] Loss: 1.44130373 Accuracy: Top1: 65.7049%, Top5: 93.6901%
[Epoch 020] Time: 106.5168s | [Train] Loss: 0.70492530 Accuracy: Top1: 91.6987%, Top5: 99.8660% | [Test] Loss: 1.41935510 Accuracy: Top1: 66.4936%, Top5: 93.4704%
[Epoch 021] Time: 105.9961s | [Train] Loss: 0.69234251 Accuracy: Top1: 92.3444%, Top5: 99.8600% | [Test] Loss: 1.44897697 Accuracy: Top1: 66.0843%, Top5: 93.0112%
[Epoch 022] Time: 106.1050s | [Train] Loss: 0.68634693 Accuracy: Top1: 92.4584%, Top5: 99.8560% | [Test] Loss: 1.43668713 Accuracy: Top1: 66.3339%, Top5: 93.3307%
[Epoch 023] Time: 106.2656s | [Train] Loss: 0.67716542 Accuracy: Top1: 92.8443%, Top5: 99.9080% | [Test] Loss: 1.43820046 Accuracy: Top1: 66.3938%, Top5: 92.7716%
[Epoch 024] Time: 106.1374s | [Train] Loss: 0.66562962 Accuracy: Top1: 93.4621%, Top5: 99.8940% | [Test] Loss: 1.47412294 Accuracy: Top1: 65.4653%, Top5: 92.7017%
[Epoch 025] Time: 105.9399s | [Train] Loss: 0.65831336 Accuracy: Top1: 93.7400%, Top5: 99.8900% | [Test] Loss: 1.44105409 Accuracy: Top1: 65.8746%, Top5: 93.5304%
[Epoch 026] Time: 105.8962s | [Train] Loss: 0.65438449 Accuracy: Top1: 93.8360%, Top5: 99.9160% | [Test] Loss: 1.46743520 Accuracy: Top1: 66.0443%, Top5: 93.3407%
[Epoch 027] Time: 106.1051s | [Train] Loss: 0.64662035 Accuracy: Top1: 94.2198%, Top5: 99.9160% | [Test] Loss: 1.43695026 Accuracy: Top1: 66.6933%, Top5: 93.7300%
[Epoch 028] Time: 106.2282s | [Train] Loss: 0.64119894 Accuracy: Top1: 94.3578%, Top5: 99.9240% | [Test] Loss: 1.44281963 Accuracy: Top1: 66.5136%, Top5: 92.7416%
[Epoch 029] Time: 106.1845s | [Train] Loss: 0.63402031 Accuracy: Top1: 94.7157%, Top5: 99.9260% | [Test] Loss: 1.45163714 Accuracy: Top1: 66.0743%, Top5: 93.2308%
[Epoch 030] Time: 106.2953s | [Train] Loss: 0.63106841 Accuracy: Top1: 94.8856%, Top5: 99.9060% | [Test] Loss: 1.46014384 Accuracy: Top1: 66.1142%, Top5: 93.4605%
[Epoch 031] Time: 106.3467s | [Train] Loss: 0.62550887 Accuracy: Top1: 95.0176%, Top5: 99.9460% | [Test] Loss: 1.47306346 Accuracy: Top1: 66.2740%, Top5: 92.5919%
[Epoch 032] Time: 106.1147s | [Train] Loss: 0.61824847 Accuracy: Top1: 95.3555%, Top5: 99.9480% | [Test] Loss: 1.47467023 Accuracy: Top1: 66.2939%, Top5: 91.8231%
[Epoch 033] Time: 105.7736s | [Train] Loss: 0.61670673 Accuracy: Top1: 95.4415%, Top5: 99.9460% | [Test] Loss: 1.45769602 Accuracy: Top1: 66.1242%, Top5: 93.4205%
[Epoch 034] Time: 106.0641s | [Train] Loss: 0.61106438 Accuracy: Top1: 95.6614%, Top5: 99.9520% | [Test] Loss: 1.43193151 Accuracy: Top1: 67.2424%, Top5: 92.3922%
[Epoch 035] Time: 106.2314s | [Train] Loss: 0.60442052 Accuracy: Top1: 95.9713%, Top5: 99.9440% | [Test] Loss: 1.48362644 Accuracy: Top1: 66.5136%, Top5: 92.6518%
[Epoch 036] Time: 106.0074s | [Train] Loss: 0.60174768 Accuracy: Top1: 96.0573%, Top5: 99.9500% | [Test] Loss: 1.46782360 Accuracy: Top1: 66.3538%, Top5: 92.0228%
[Epoch 037] Time: 106.1036s | [Train] Loss: 0.59962024 Accuracy: Top1: 96.0992%, Top5: 99.9500% | [Test] Loss: 1.47103611 Accuracy: Top1: 65.9844%, Top5: 91.3438%
[Epoch 038] Time: 105.9148s | [Train] Loss: 0.59071650 Accuracy: Top1: 96.5411%, Top5: 99.9620% | [Test] Loss: 1.50397699 Accuracy: Top1: 65.9545%, Top5: 91.9928%
[Epoch 039] Time: 106.1460s | [Train] Loss: 0.59003491 Accuracy: Top1: 96.4631%, Top5: 99.9660% | [Test] Loss: 1.47907497 Accuracy: Top1: 66.7732%, Top5: 92.2424%
[Epoch 040] Time: 106.0810s | [Train] Loss: 0.58660203 Accuracy: Top1: 96.7210%, Top5: 99.9760% | [Test] Loss: 1.45835258 Accuracy: Top1: 67.0427%, Top5: 92.1226%
[Epoch 041] Time: 106.0669s | [Train] Loss: 0.58263897 Accuracy: Top1: 96.8350%, Top5: 99.9700% | [Test] Loss: 1.46320602 Accuracy: Top1: 67.1725%, Top5: 92.6917%
[Epoch 042] Time: 105.9383s | [Train] Loss: 0.58223932 Accuracy: Top1: 96.8090%, Top5: 99.9660% | [Test] Loss: 1.47075018 Accuracy: Top1: 66.6334%, Top5: 92.2224%
[Epoch 043] Time: 105.8152s | [Train] Loss: 0.57468240 Accuracy: Top1: 97.0869%, Top5: 99.9700% | [Test] Loss: 1.45176380 Accuracy: Top1: 67.5919%, Top5: 92.8015%
[Epoch 044] Time: 106.2539s | [Train] Loss: 0.57303720 Accuracy: Top1: 97.1269%, Top5: 99.9660% | [Test] Loss: 1.45861798 Accuracy: Top1: 67.3522%, Top5: 92.4820%
[Epoch 045] Time: 106.2524s | [Train] Loss: 0.57057848 Accuracy: Top1: 97.2929%, Top5: 99.9860% | [Test] Loss: 1.46113836 Accuracy: Top1: 66.3738%, Top5: 92.8415%
[Epoch 046] Time: 106.0989s | [Train] Loss: 0.56517375 Accuracy: Top1: 97.5488%, Top5: 99.9780% | [Test] Loss: 1.47078289 Accuracy: Top1: 66.8930%, Top5: 92.0228%
[Epoch 047] Time: 105.7939s | [Train] Loss: 0.56301249 Accuracy: Top1: 97.6368%, Top5: 99.9760% | [Test] Loss: 1.48504661 Accuracy: Top1: 67.2424%, Top5: 91.8431%
[Epoch 048] Time: 106.0719s | [Train] Loss: 0.56030924 Accuracy: Top1: 97.6907%, Top5: 99.9820% | [Test] Loss: 1.45522315 Accuracy: Top1: 67.5319%, Top5: 92.0527%
[Epoch 049] Time: 105.7709s | [Train] Loss: 0.55643678 Accuracy: Top1: 97.8987%, Top5: 99.9840% | [Test] Loss: 1.48380504 Accuracy: Top1: 67.3822%, Top5: 91.9629%
[Epoch 050] Time: 105.8765s | [Train] Loss: 0.55628813 Accuracy: Top1: 97.8707%, Top5: 99.9740% | [Test] Loss: 1.49504871 Accuracy: Top1: 66.9429%, Top5: 91.4836%
[Epoch 051] Time: 106.2008s | [Train] Loss: 0.55077824 Accuracy: Top1: 98.0546%, Top5: 99.9900% | [Test] Loss: 1.49150275 Accuracy: Top1: 66.7232%, Top5: 91.3039%
[Epoch 052] Time: 106.5334s | [Train] Loss: 0.54991254 Accuracy: Top1: 98.1046%, Top5: 99.9900% | [Test] Loss: 1.49840203 Accuracy: Top1: 67.1925%, Top5: 91.7532%
[Epoch 053] Time: 106.1405s | [Train] Loss: 0.54722974 Accuracy: Top1: 98.2386%, Top5: 99.9680% | [Test] Loss: 1.49046157 Accuracy: Top1: 67.7216%, Top5: 91.2740%
[Epoch 054] Time: 106.1696s | [Train] Loss: 0.54604616 Accuracy: Top1: 98.2466%, Top5: 99.9780% | [Test] Loss: 1.50273575 Accuracy: Top1: 67.0228%, Top5: 90.7548%
[Epoch 055] Time: 105.9533s | [Train] Loss: 0.54096898 Accuracy: Top1: 98.4785%, Top5: 99.9820% | [Test] Loss: 1.50144388 Accuracy: Top1: 67.1526%, Top5: 90.8946%
[Epoch 056] Time: 106.1690s | [Train] Loss: 0.53885233 Accuracy: Top1: 98.5665%, Top5: 99.9860% | [Test] Loss: 1.51174933 Accuracy: Top1: 67.3622%, Top5: 90.1657%
[Epoch 057] Time: 106.0149s | [Train] Loss: 0.53821868 Accuracy: Top1: 98.5505%, Top5: 99.9900% | [Test] Loss: 1.48776680 Accuracy: Top1: 67.7216%, Top5: 91.4936%
[Epoch 058] Time: 105.8218s | [Train] Loss: 0.53456481 Accuracy: Top1: 98.6524%, Top5: 99.9920% | [Test] Loss: 1.48448803 Accuracy: Top1: 67.8415%, Top5: 90.8546%
[Epoch 059] Time: 106.1461s | [Train] Loss: 0.53436064 Accuracy: Top1: 98.7364%, Top5: 99.9920% | [Test] Loss: 1.49085780 Accuracy: Top1: 67.7216%, Top5: 91.4237%
[Epoch 060] Time: 106.2146s | [Train] Loss: 0.53021879 Accuracy: Top1: 98.9004%, Top5: 99.9940% | [Test] Loss: 1.49186696 Accuracy: Top1: 67.4022%, Top5: 91.3438%
[Epoch 061] Time: 106.1305s | [Train] Loss: 0.53065501 Accuracy: Top1: 98.8584%, Top5: 99.9960% | [Test] Loss: 1.49362695 Accuracy: Top1: 67.7416%, Top5: 90.5851%
[Epoch 062] Time: 106.0142s | [Train] Loss: 0.52705031 Accuracy: Top1: 99.0383%, Top5: 99.9920% | [Test] Loss: 1.46544267 Accuracy: Top1: 68.6901%, Top5: 91.7133%
[Epoch 063] Time: 106.0815s | [Train] Loss: 0.52418706 Accuracy: Top1: 99.1403%, Top5: 99.9920% | [Test] Loss: 1.50846388 Accuracy: Top1: 67.9113%, Top5: 90.5551%
[Epoch 064] Time: 106.1066s | [Train] Loss: 0.52359201 Accuracy: Top1: 99.1503%, Top5: 99.9940% | [Test] Loss: 1.48220879 Accuracy: Top1: 68.3606%, Top5: 90.8147%
[Epoch 065] Time: 106.3111s | [Train] Loss: 0.52175330 Accuracy: Top1: 99.2482%, Top5: 99.9880% | [Test] Loss: 1.50037930 Accuracy: Top1: 68.0112%, Top5: 90.8646%
[Epoch 066] Time: 106.3138s | [Train] Loss: 0.52036018 Accuracy: Top1: 99.3242%, Top5: 99.9960% | [Test] Loss: 1.47780007 Accuracy: Top1: 69.4089%, Top5: 91.0144%
[Epoch 067] Time: 106.0659s | [Train] Loss: 0.52004023 Accuracy: Top1: 99.3042%, Top5: 99.9960% | [Test] Loss: 1.51890587 Accuracy: Top1: 67.2923%, Top5: 90.2256%
[Epoch 068] Time: 106.4760s | [Train] Loss: 0.51759797 Accuracy: Top1: 99.4002%, Top5: 99.9960% | [Test] Loss: 1.46239670 Accuracy: Top1: 68.9896%, Top5: 91.1941%
[Epoch 069] Time: 105.8007s | [Train] Loss: 0.51688598 Accuracy: Top1: 99.4262%, Top5: 99.9980% | [Test] Loss: 1.49596426 Accuracy: Top1: 68.2608%, Top5: 90.5851%
[Epoch 070] Time: 106.2600s | [Train] Loss: 0.51576242 Accuracy: Top1: 99.4462%, Top5: 99.9980% | [Test] Loss: 1.48169475 Accuracy: Top1: 68.6601%, Top5: 90.6949%
[Epoch 071] Time: 106.0793s | [Train] Loss: 0.51361099 Accuracy: Top1: 99.5661%, Top5: 99.9960% | [Test] Loss: 1.47064408 Accuracy: Top1: 69.3291%, Top5: 91.1542%
[Epoch 072] Time: 106.4718s | [Train] Loss: 0.51283249 Accuracy: Top1: 99.5581%, Top5: 99.9980% | [Test] Loss: 1.49037442 Accuracy: Top1: 68.8498%, Top5: 90.7049%
[Epoch 073] Time: 105.3752s | [Train] Loss: 0.51184466 Accuracy: Top1: 99.6241%, Top5: 99.9980% | [Test] Loss: 1.48449800 Accuracy: Top1: 69.2792%, Top5: 90.6949%
[Epoch 074] Time: 106.1114s | [Train] Loss: 0.50958610 Accuracy: Top1: 99.7421%, Top5: 99.9980% | [Test] Loss: 1.47264384 Accuracy: Top1: 69.1194%, Top5: 90.9046%
[Epoch 075] Time: 105.9857s | [Train] Loss: 0.50901411 Accuracy: Top1: 99.7361%, Top5: 100.0000% | [Test] Loss: 1.48885581 Accuracy: Top1: 69.3391%, Top5: 90.6649%
[Epoch 076] Time: 106.1848s | [Train] Loss: 0.50921126 Accuracy: Top1: 99.7421%, Top5: 99.9980% | [Test] Loss: 1.47388800 Accuracy: Top1: 69.1693%, Top5: 90.4852%
[Epoch 077] Time: 106.1828s | [Train] Loss: 0.50740074 Accuracy: Top1: 99.8161%, Top5: 99.9980% | [Test] Loss: 1.47758043 Accuracy: Top1: 69.4688%, Top5: 91.0343%
[Epoch 078] Time: 106.2566s | [Train] Loss: 0.50732567 Accuracy: Top1: 99.7881%, Top5: 100.0000% | [Test] Loss: 1.48245299 Accuracy: Top1: 69.0695%, Top5: 90.9046%
[Epoch 079] Time: 105.8708s | [Train] Loss: 0.50665527 Accuracy: Top1: 99.8261%, Top5: 100.0000% | [Test] Loss: 1.47654717 Accuracy: Top1: 69.5188%, Top5: 91.1342%
[Epoch 080] Time: 105.3818s | [Train] Loss: 0.50620130 Accuracy: Top1: 99.8301%, Top5: 100.0000% | [Test] Loss: 1.47261345 Accuracy: Top1: 69.4888%, Top5: 90.7149%
[Epoch 081] Time: 106.0897s | [Train] Loss: 0.50519139 Accuracy: Top1: 99.8820%, Top5: 100.0000% | [Test] Loss: 1.46918180 Accuracy: Top1: 69.5188%, Top5: 90.5052%
[Epoch 082] Time: 106.5863s | [Train] Loss: 0.50453286 Accuracy: Top1: 99.9020%, Top5: 100.0000% | [Test] Loss: 1.46111892 Accuracy: Top1: 69.8083%, Top5: 91.3438%
[Epoch 083] Time: 105.6261s | [Train] Loss: 0.50442951 Accuracy: Top1: 99.9100%, Top5: 100.0000% | [Test] Loss: 1.45949410 Accuracy: Top1: 70.0978%, Top5: 90.4752%
[Epoch 084] Time: 105.9990s | [Train] Loss: 0.50433288 Accuracy: Top1: 99.9040%, Top5: 100.0000% | [Test] Loss: 1.46257005 Accuracy: Top1: 70.0879%, Top5: 90.9046%
[Epoch 085] Time: 106.5159s | [Train] Loss: 0.50384033 Accuracy: Top1: 99.9360%, Top5: 100.0000% | [Test] Loss: 1.46568750 Accuracy: Top1: 69.7185%, Top5: 90.8546%
[Epoch 086] Time: 105.7995s | [Train] Loss: 0.50369512 Accuracy: Top1: 99.9180%, Top5: 100.0000% | [Test] Loss: 1.44232401 Accuracy: Top1: 70.3075%, Top5: 91.3239%
[Epoch 087] Time: 105.9979s | [Train] Loss: 0.50306968 Accuracy: Top1: 99.9500%, Top5: 100.0000% | [Test] Loss: 1.45642382 Accuracy: Top1: 70.0779%, Top5: 90.9145%
[Epoch 088] Time: 106.2711s | [Train] Loss: 0.50317757 Accuracy: Top1: 99.9380%, Top5: 100.0000% | [Test] Loss: 1.44886447 Accuracy: Top1: 70.4473%, Top5: 91.1242%
[Epoch 089] Time: 105.9257s | [Train] Loss: 0.50271802 Accuracy: Top1: 99.9600%, Top5: 100.0000% | [Test] Loss: 1.44224445 Accuracy: Top1: 70.6070%, Top5: 91.1841%
[Epoch 090] Time: 105.9762s | [Train] Loss: 0.50268100 Accuracy: Top1: 99.9600%, Top5: 100.0000% | [Test] Loss: 1.43851081 Accuracy: Top1: 70.6070%, Top5: 91.5535%
[Epoch 091] Time: 106.1132s | [Train] Loss: 0.50231401 Accuracy: Top1: 99.9840%, Top5: 100.0000% | [Test] Loss: 1.43790228 Accuracy: Top1: 70.5771%, Top5: 91.3638%
[Epoch 092] Time: 105.8238s | [Train] Loss: 0.50219219 Accuracy: Top1: 99.9820%, Top5: 100.0000% | [Test] Loss: 1.43482224 Accuracy: Top1: 70.5072%, Top5: 91.4437%
[Epoch 093] Time: 105.5799s | [Train] Loss: 0.50217209 Accuracy: Top1: 99.9800%, Top5: 100.0000% | [Test] Loss: 1.43765296 Accuracy: Top1: 70.7069%, Top5: 91.4038%
[Epoch 094] Time: 106.4424s | [Train] Loss: 0.50233180 Accuracy: Top1: 99.9680%, Top5: 100.0000% | [Test] Loss: 1.43466656 Accuracy: Top1: 70.5072%, Top5: 91.3838%
[Epoch 095] Time: 105.8585s | [Train] Loss: 0.50195073 Accuracy: Top1: 99.9800%, Top5: 100.0000% | [Test] Loss: 1.43310249 Accuracy: Top1: 70.6470%, Top5: 91.7931%
[Epoch 096] Time: 106.2975s | [Train] Loss: 0.50201732 Accuracy: Top1: 99.9800%, Top5: 100.0000% | [Test] Loss: 1.43485856 Accuracy: Top1: 70.5970%, Top5: 91.6534%
[Epoch 097] Time: 105.9739s | [Train] Loss: 0.50199432 Accuracy: Top1: 99.9840%, Top5: 100.0000% | [Test] Loss: 1.43261948 Accuracy: Top1: 70.6470%, Top5: 91.5935%
[Epoch 098] Time: 106.2276s | [Train] Loss: 0.50203662 Accuracy: Top1: 99.9840%, Top5: 100.0000% | [Test] Loss: 1.43238686 Accuracy: Top1: 70.4972%, Top5: 91.6434%
[Epoch 099] Time: 105.8287s | [Train] Loss: 0.50199567 Accuracy: Top1: 99.9800%, Top5: 100.0000% | [Test] Loss: 1.43264461 Accuracy: Top1: 70.5671%, Top5: 91.7232%
[Epoch 100] Time: 106.2919s | [Train] Loss: 0.50192959 Accuracy: Top1: 99.9800%, Top5: 100.0000% | [Test] Loss: 1.43238845 Accuracy: Top1: 70.5072%, Top5: 91.7632%
Files already downloaded and verified
Files already downloaded and verified
Model: VIT ConvNNAttention
Total Parameters: 5998168
Trainable Parameters: 5998168
[Epoch 001] Time: 106.5316s | [Train] Loss: 3.88511706 Accuracy: Top1: 14.6053%, Top5: 37.5680% | [Test] Loss: 3.48188637 Accuracy: Top1: 22.9233%, Top5: 50.5691%
[Epoch 002] Time: 105.8333s | [Train] Loss: 3.34690961 Accuracy: Top1: 25.5618%, Top5: 54.7125% | [Test] Loss: 3.29515773 Accuracy: Top1: 26.9768%, Top5: 56.5096%
[Epoch 003] Time: 105.9179s | [Train] Loss: 3.08842140 Accuracy: Top1: 31.7458%, Top5: 62.4100% | [Test] Loss: 3.12479046 Accuracy: Top1: 31.2101%, Top5: 61.9509%
[Epoch 004] Time: 106.3460s | [Train] Loss: 2.88009823 Accuracy: Top1: 37.1421%, Top5: 68.4041% | [Test] Loss: 3.05129244 Accuracy: Top1: 33.6162%, Top5: 63.8778%
[Epoch 005] Time: 106.4679s | [Train] Loss: 2.68463543 Accuracy: Top1: 42.1405%, Top5: 73.5125% | [Test] Loss: 3.02675703 Accuracy: Top1: 35.1538%, Top5: 64.7364%
[Epoch 006] Time: 106.0515s | [Train] Loss: 2.50300628 Accuracy: Top1: 46.7790%, Top5: 78.0650% | [Test] Loss: 2.99690105 Accuracy: Top1: 36.0024%, Top5: 66.4637%
[Epoch 007] Time: 106.1567s | [Train] Loss: 2.31513866 Accuracy: Top1: 52.4332%, Top5: 82.6775% | [Test] Loss: 3.02637261 Accuracy: Top1: 36.6314%, Top5: 65.6250%
[Epoch 008] Time: 106.4425s | [Train] Loss: 2.13494713 Accuracy: Top1: 57.9635%, Top5: 86.8782% | [Test] Loss: 3.08554021 Accuracy: Top1: 36.2520%, Top5: 65.1458%
[Epoch 009] Time: 105.9525s | [Train] Loss: 1.96480067 Accuracy: Top1: 63.4717%, Top5: 90.4151% | [Test] Loss: 3.13404555 Accuracy: Top1: 36.0423%, Top5: 64.6166%
[Epoch 010] Time: 106.0555s | [Train] Loss: 1.80718801 Accuracy: Top1: 69.1019%, Top5: 93.4261% | [Test] Loss: 3.15226098 Accuracy: Top1: 37.6997%, Top5: 65.8746%
[Epoch 011] Time: 105.7057s | [Train] Loss: 1.67533443 Accuracy: Top1: 73.8264%, Top5: 95.4994% | [Test] Loss: 3.22574681 Accuracy: Top1: 37.0407%, Top5: 64.9461%
[Epoch 012] Time: 106.2443s | [Train] Loss: 1.57056381 Accuracy: Top1: 77.7871%, Top5: 96.9750% | [Test] Loss: 3.22477899 Accuracy: Top1: 37.1306%, Top5: 65.1058%
[Epoch 013] Time: 106.5014s | [Train] Loss: 1.48874812 Accuracy: Top1: 80.9941%, Top5: 97.8507% | [Test] Loss: 3.26362610 Accuracy: Top1: 37.0907%, Top5: 64.1274%
[Epoch 014] Time: 106.2160s | [Train] Loss: 1.42574514 Accuracy: Top1: 83.2234%, Top5: 98.4505% | [Test] Loss: 3.28895370 Accuracy: Top1: 37.6697%, Top5: 64.0575%
[Epoch 015] Time: 105.7797s | [Train] Loss: 1.37250838 Accuracy: Top1: 85.5546%, Top5: 98.8604% | [Test] Loss: 3.32776841 Accuracy: Top1: 37.1506%, Top5: 64.2173%
[Epoch 016] Time: 105.5321s | [Train] Loss: 1.33125839 Accuracy: Top1: 87.1881%, Top5: 99.1163% | [Test] Loss: 3.31434420 Accuracy: Top1: 37.3802%, Top5: 64.0575%
[Epoch 017] Time: 106.4815s | [Train] Loss: 1.29494773 Accuracy: Top1: 88.6136%, Top5: 99.3162% | [Test] Loss: 3.33253186 Accuracy: Top1: 36.8411%, Top5: 63.2887%
[Epoch 018] Time: 106.4866s | [Train] Loss: 1.26696456 Accuracy: Top1: 89.7253%, Top5: 99.4102% | [Test] Loss: 3.30964811 Accuracy: Top1: 37.1206%, Top5: 63.2788%
[Epoch 019] Time: 106.6206s | [Train] Loss: 1.24310386 Accuracy: Top1: 90.4591%, Top5: 99.5122% | [Test] Loss: 3.34084963 Accuracy: Top1: 36.6713%, Top5: 63.0491%
[Epoch 020] Time: 106.3375s | [Train] Loss: 1.22613806 Accuracy: Top1: 91.1708%, Top5: 99.6021% | [Test] Loss: 3.28556024 Accuracy: Top1: 37.0907%, Top5: 63.5184%
[Epoch 021] Time: 106.5201s | [Train] Loss: 1.20402699 Accuracy: Top1: 92.0625%, Top5: 99.6461% | [Test] Loss: 3.27760921 Accuracy: Top1: 37.9493%, Top5: 64.1973%
[Epoch 022] Time: 106.0300s | [Train] Loss: 1.18877050 Accuracy: Top1: 92.4764%, Top5: 99.7001% | [Test] Loss: 3.27789537 Accuracy: Top1: 37.6498%, Top5: 63.6282%
[Epoch 023] Time: 106.4658s | [Train] Loss: 1.17107111 Accuracy: Top1: 93.1582%, Top5: 99.7021% | [Test] Loss: 3.27377760 Accuracy: Top1: 37.6697%, Top5: 63.0491%
[Epoch 024] Time: 106.4945s | [Train] Loss: 1.15481253 Accuracy: Top1: 93.6300%, Top5: 99.7741% | [Test] Loss: 3.29845372 Accuracy: Top1: 37.3502%, Top5: 63.2089%
[Epoch 025] Time: 106.4901s | [Train] Loss: 1.14173870 Accuracy: Top1: 94.0099%, Top5: 99.8061% | [Test] Loss: 3.28532972 Accuracy: Top1: 37.7696%, Top5: 63.5483%
[Epoch 026] Time: 105.7641s | [Train] Loss: 1.12974376 Accuracy: Top1: 94.6357%, Top5: 99.8321% | [Test] Loss: 3.28616566 Accuracy: Top1: 37.0108%, Top5: 62.8594%
[Epoch 027] Time: 106.1780s | [Train] Loss: 1.11557394 Accuracy: Top1: 95.0016%, Top5: 99.8421% | [Test] Loss: 3.26177782 Accuracy: Top1: 37.8794%, Top5: 63.1290%
[Epoch 028] Time: 105.9746s | [Train] Loss: 1.10401681 Accuracy: Top1: 95.2835%, Top5: 99.8540% | [Test] Loss: 3.28152561 Accuracy: Top1: 37.5200%, Top5: 62.5200%
[Epoch 029] Time: 106.4319s | [Train] Loss: 1.09520317 Accuracy: Top1: 95.6834%, Top5: 99.8700% | [Test] Loss: 3.26551616 Accuracy: Top1: 37.4401%, Top5: 62.9093%
[Epoch 030] Time: 106.3599s | [Train] Loss: 1.08780941 Accuracy: Top1: 95.7334%, Top5: 99.8900% | [Test] Loss: 3.26697739 Accuracy: Top1: 37.5499%, Top5: 62.7995%
[Epoch 031] Time: 106.2288s | [Train] Loss: 1.07449705 Accuracy: Top1: 96.1452%, Top5: 99.9240% | [Test] Loss: 3.23660151 Accuracy: Top1: 37.8894%, Top5: 63.2089%
[Epoch 032] Time: 106.4188s | [Train] Loss: 1.06974568 Accuracy: Top1: 96.2312%, Top5: 99.9220% | [Test] Loss: 3.22449450 Accuracy: Top1: 37.8594%, Top5: 63.5383%
[Epoch 033] Time: 106.4836s | [Train] Loss: 1.05857104 Accuracy: Top1: 96.6791%, Top5: 99.9220% | [Test] Loss: 3.21346473 Accuracy: Top1: 37.6797%, Top5: 63.8678%
[Epoch 034] Time: 106.1625s | [Train] Loss: 1.04820984 Accuracy: Top1: 96.8350%, Top5: 99.9340% | [Test] Loss: 3.22507003 Accuracy: Top1: 37.8694%, Top5: 63.6781%
[Epoch 035] Time: 106.0897s | [Train] Loss: 1.04165263 Accuracy: Top1: 97.0090%, Top5: 99.9400% | [Test] Loss: 3.21430188 Accuracy: Top1: 38.0192%, Top5: 63.8678%
[Epoch 036] Time: 106.2460s | [Train] Loss: 1.03484003 Accuracy: Top1: 97.1089%, Top5: 99.9500% | [Test] Loss: 3.18252499 Accuracy: Top1: 38.4884%, Top5: 64.1374%
[Epoch 037] Time: 106.0267s | [Train] Loss: 1.02589588 Accuracy: Top1: 97.4308%, Top5: 99.9600% | [Test] Loss: 3.17248084 Accuracy: Top1: 38.6082%, Top5: 63.8978%
[Epoch 038] Time: 106.1910s | [Train] Loss: 1.01980512 Accuracy: Top1: 97.5428%, Top5: 99.9720% | [Test] Loss: 3.15816737 Accuracy: Top1: 39.1474%, Top5: 64.0375%
[Epoch 039] Time: 106.6284s | [Train] Loss: 1.00868502 Accuracy: Top1: 97.8647%, Top5: 99.9620% | [Test] Loss: 3.18660842 Accuracy: Top1: 38.1490%, Top5: 63.4385%
[Epoch 040] Time: 106.5687s | [Train] Loss: 1.00317648 Accuracy: Top1: 97.9387%, Top5: 99.9700% | [Test] Loss: 3.19467885 Accuracy: Top1: 38.3087%, Top5: 63.0192%
[Epoch 041] Time: 106.7123s | [Train] Loss: 0.99644126 Accuracy: Top1: 98.0866%, Top5: 99.9700% | [Test] Loss: 3.14362938 Accuracy: Top1: 39.2971%, Top5: 64.5767%
[Epoch 042] Time: 106.1961s | [Train] Loss: 0.98877331 Accuracy: Top1: 98.1646%, Top5: 99.9760% | [Test] Loss: 3.16681484 Accuracy: Top1: 38.2588%, Top5: 63.9477%
[Epoch 043] Time: 106.8758s | [Train] Loss: 0.98191700 Accuracy: Top1: 98.3245%, Top5: 99.9880% | [Test] Loss: 3.13506060 Accuracy: Top1: 39.1673%, Top5: 64.6466%
[Epoch 044] Time: 105.9487s | [Train] Loss: 0.97767933 Accuracy: Top1: 98.3805%, Top5: 99.9860% | [Test] Loss: 3.13186196 Accuracy: Top1: 39.0276%, Top5: 64.4669%
[Epoch 045] Time: 106.3206s | [Train] Loss: 0.97063148 Accuracy: Top1: 98.5625%, Top5: 99.9840% | [Test] Loss: 3.13020512 Accuracy: Top1: 39.0375%, Top5: 64.5567%
[Epoch 046] Time: 106.3184s | [Train] Loss: 0.96558042 Accuracy: Top1: 98.5525%, Top5: 99.9840% | [Test] Loss: 3.11440293 Accuracy: Top1: 39.2272%, Top5: 65.1358%
[Epoch 047] Time: 106.4576s | [Train] Loss: 0.95791686 Accuracy: Top1: 98.7924%, Top5: 99.9820% | [Test] Loss: 3.10209172 Accuracy: Top1: 39.1973%, Top5: 64.8363%
[Epoch 048] Time: 106.4678s | [Train] Loss: 0.95478402 Accuracy: Top1: 98.7304%, Top5: 99.9980% | [Test] Loss: 3.13311119 Accuracy: Top1: 39.3071%, Top5: 63.9876%
[Epoch 049] Time: 106.2166s | [Train] Loss: 0.94711137 Accuracy: Top1: 98.9063%, Top5: 99.9980% | [Test] Loss: 3.11310809 Accuracy: Top1: 39.1274%, Top5: 64.3970%
[Epoch 050] Time: 105.9043s | [Train] Loss: 0.94288371 Accuracy: Top1: 98.9703%, Top5: 99.9980% | [Test] Loss: 3.09071487 Accuracy: Top1: 39.2871%, Top5: 64.6066%
[Epoch 051] Time: 106.5576s | [Train] Loss: 0.93645778 Accuracy: Top1: 99.0783%, Top5: 99.9980% | [Test] Loss: 3.08643475 Accuracy: Top1: 39.1673%, Top5: 65.0759%
[Epoch 052] Time: 106.1851s | [Train] Loss: 0.93202760 Accuracy: Top1: 99.1503%, Top5: 99.9960% | [Test] Loss: 3.07348865 Accuracy: Top1: 39.7065%, Top5: 65.0459%
[Epoch 053] Time: 106.4798s | [Train] Loss: 0.92340858 Accuracy: Top1: 99.2742%, Top5: 99.9960% | [Test] Loss: 3.07472539 Accuracy: Top1: 39.5068%, Top5: 65.0060%
[Epoch 054] Time: 105.9762s | [Train] Loss: 0.91994133 Accuracy: Top1: 99.2862%, Top5: 99.9940% | [Test] Loss: 3.06676589 Accuracy: Top1: 39.9361%, Top5: 65.2157%
[Epoch 055] Time: 106.6780s | [Train] Loss: 0.91444889 Accuracy: Top1: 99.3202%, Top5: 99.9940% | [Test] Loss: 3.05753072 Accuracy: Top1: 40.0060%, Top5: 65.3554%
[Epoch 056] Time: 106.1385s | [Train] Loss: 0.90929712 Accuracy: Top1: 99.4242%, Top5: 100.0000% | [Test] Loss: 3.05548420 Accuracy: Top1: 40.2656%, Top5: 65.4054%
[Epoch 057] Time: 106.0078s | [Train] Loss: 0.90447583 Accuracy: Top1: 99.4582%, Top5: 100.0000% | [Test] Loss: 3.06108955 Accuracy: Top1: 39.8263%, Top5: 65.3754%
[Epoch 058] Time: 106.4384s | [Train] Loss: 0.89903262 Accuracy: Top1: 99.5242%, Top5: 100.0000% | [Test] Loss: 3.05305689 Accuracy: Top1: 40.2955%, Top5: 65.6350%
[Epoch 059] Time: 106.0444s | [Train] Loss: 0.89439337 Accuracy: Top1: 99.5661%, Top5: 99.9960% | [Test] Loss: 3.04259122 Accuracy: Top1: 40.2157%, Top5: 65.6649%
[Epoch 060] Time: 106.0836s | [Train] Loss: 0.89024584 Accuracy: Top1: 99.5981%, Top5: 100.0000% | [Test] Loss: 3.04911711 Accuracy: Top1: 40.1158%, Top5: 66.0044%
[Epoch 061] Time: 106.4004s | [Train] Loss: 0.88483583 Accuracy: Top1: 99.6641%, Top5: 100.0000% | [Test] Loss: 3.04815547 Accuracy: Top1: 40.4153%, Top5: 65.7448%
[Epoch 062] Time: 106.5706s | [Train] Loss: 0.88190133 Accuracy: Top1: 99.6661%, Top5: 100.0000% | [Test] Loss: 3.03674941 Accuracy: Top1: 40.5351%, Top5: 65.6450%
[Epoch 063] Time: 106.0686s | [Train] Loss: 0.87844955 Accuracy: Top1: 99.6901%, Top5: 99.9980% | [Test] Loss: 3.02656358 Accuracy: Top1: 40.6450%, Top5: 65.9445%
[Epoch 064] Time: 106.0896s | [Train] Loss: 0.87214604 Accuracy: Top1: 99.7841%, Top5: 100.0000% | [Test] Loss: 3.01527133 Accuracy: Top1: 40.5751%, Top5: 66.2041%
[Epoch 065] Time: 106.3278s | [Train] Loss: 0.86960832 Accuracy: Top1: 99.7561%, Top5: 100.0000% | [Test] Loss: 3.02139301 Accuracy: Top1: 40.6749%, Top5: 66.0443%
[Epoch 066] Time: 106.3161s | [Train] Loss: 0.86385320 Accuracy: Top1: 99.8241%, Top5: 100.0000% | [Test] Loss: 3.02109750 Accuracy: Top1: 40.5551%, Top5: 66.2240%
[Epoch 067] Time: 106.6347s | [Train] Loss: 0.86011632 Accuracy: Top1: 99.8520%, Top5: 99.9980% | [Test] Loss: 3.01344101 Accuracy: Top1: 40.7847%, Top5: 66.3438%
[Epoch 068] Time: 106.2177s | [Train] Loss: 0.85709564 Accuracy: Top1: 99.8361%, Top5: 100.0000% | [Test] Loss: 3.01114416 Accuracy: Top1: 41.2540%, Top5: 66.3638%
[Epoch 069] Time: 106.1877s | [Train] Loss: 0.85415963 Accuracy: Top1: 99.8440%, Top5: 100.0000% | [Test] Loss: 3.00218467 Accuracy: Top1: 41.1641%, Top5: 66.7831%
[Epoch 070] Time: 106.2617s | [Train] Loss: 0.85006995 Accuracy: Top1: 99.8560%, Top5: 100.0000% | [Test] Loss: 3.00245788 Accuracy: Top1: 41.0843%, Top5: 66.4736%
[Epoch 071] Time: 106.1873s | [Train] Loss: 0.84784621 Accuracy: Top1: 99.8760%, Top5: 100.0000% | [Test] Loss: 2.99695322 Accuracy: Top1: 40.6849%, Top5: 67.2224%
[Epoch 072] Time: 106.2066s | [Train] Loss: 0.84348254 Accuracy: Top1: 99.8740%, Top5: 100.0000% | [Test] Loss: 2.98215824 Accuracy: Top1: 41.4337%, Top5: 67.4221%
[Epoch 073] Time: 106.2871s | [Train] Loss: 0.84029210 Accuracy: Top1: 99.8940%, Top5: 100.0000% | [Test] Loss: 3.00066585 Accuracy: Top1: 41.0843%, Top5: 66.9728%
[Epoch 074] Time: 106.4408s | [Train] Loss: 0.83857784 Accuracy: Top1: 99.9120%, Top5: 100.0000% | [Test] Loss: 3.01081608 Accuracy: Top1: 41.0443%, Top5: 66.5535%
[Epoch 075] Time: 106.4224s | [Train] Loss: 0.83548270 Accuracy: Top1: 99.9160%, Top5: 100.0000% | [Test] Loss: 2.98283165 Accuracy: Top1: 41.5236%, Top5: 67.1126%
[Epoch 076] Time: 105.7308s | [Train] Loss: 0.83380978 Accuracy: Top1: 99.8960%, Top5: 100.0000% | [Test] Loss: 2.99729208 Accuracy: Top1: 41.4537%, Top5: 67.1126%
[Epoch 077] Time: 106.3194s | [Train] Loss: 0.83164233 Accuracy: Top1: 99.9280%, Top5: 100.0000% | [Test] Loss: 2.99689558 Accuracy: Top1: 41.4936%, Top5: 67.0627%
[Epoch 078] Time: 106.5941s | [Train] Loss: 0.82844621 Accuracy: Top1: 99.9100%, Top5: 100.0000% | [Test] Loss: 3.00278118 Accuracy: Top1: 41.6534%, Top5: 67.0627%
[Epoch 079] Time: 106.3815s | [Train] Loss: 0.82694859 Accuracy: Top1: 99.9240%, Top5: 100.0000% | [Test] Loss: 2.99332170 Accuracy: Top1: 41.8730%, Top5: 66.9229%
[Epoch 080] Time: 106.3215s | [Train] Loss: 0.82566189 Accuracy: Top1: 99.9540%, Top5: 100.0000% | [Test] Loss: 2.99376657 Accuracy: Top1: 41.2041%, Top5: 67.0827%
[Epoch 081] Time: 106.2227s | [Train] Loss: 0.82321857 Accuracy: Top1: 99.9360%, Top5: 100.0000% | [Test] Loss: 2.98594421 Accuracy: Top1: 41.6434%, Top5: 66.8630%
[Epoch 082] Time: 106.1420s | [Train] Loss: 0.82159676 Accuracy: Top1: 99.9420%, Top5: 100.0000% | [Test] Loss: 2.99348451 Accuracy: Top1: 41.5735%, Top5: 67.0827%
[Epoch 083] Time: 106.7023s | [Train] Loss: 0.82008442 Accuracy: Top1: 99.9560%, Top5: 100.0000% | [Test] Loss: 2.99567567 Accuracy: Top1: 41.4237%, Top5: 67.0827%
[Epoch 084] Time: 106.6476s | [Train] Loss: 0.81828057 Accuracy: Top1: 99.9520%, Top5: 100.0000% | [Test] Loss: 2.98802064 Accuracy: Top1: 41.5535%, Top5: 67.1426%
[Epoch 085] Time: 106.2597s | [Train] Loss: 0.81747210 Accuracy: Top1: 99.9500%, Top5: 100.0000% | [Test] Loss: 2.99195881 Accuracy: Top1: 41.3938%, Top5: 67.0028%
[Epoch 086] Time: 106.6631s | [Train] Loss: 0.81539308 Accuracy: Top1: 99.9620%, Top5: 100.0000% | [Test] Loss: 2.98489246 Accuracy: Top1: 41.4537%, Top5: 67.2324%
[Epoch 087] Time: 106.4556s | [Train] Loss: 0.81546580 Accuracy: Top1: 99.9600%, Top5: 100.0000% | [Test] Loss: 2.99113347 Accuracy: Top1: 41.7831%, Top5: 67.0627%
[Epoch 088] Time: 106.1677s | [Train] Loss: 0.81358462 Accuracy: Top1: 99.9500%, Top5: 100.0000% | [Test] Loss: 2.98540863 Accuracy: Top1: 41.5036%, Top5: 67.7316%
[Epoch 089] Time: 106.0353s | [Train] Loss: 0.81319820 Accuracy: Top1: 99.9720%, Top5: 100.0000% | [Test] Loss: 2.98481970 Accuracy: Top1: 41.6933%, Top5: 67.4022%
[Epoch 090] Time: 106.7438s | [Train] Loss: 0.81210956 Accuracy: Top1: 99.9620%, Top5: 100.0000% | [Test] Loss: 2.98601105 Accuracy: Top1: 41.5735%, Top5: 67.2224%
[Epoch 091] Time: 106.3632s | [Train] Loss: 0.81182031 Accuracy: Top1: 99.9640%, Top5: 100.0000% | [Test] Loss: 2.98422480 Accuracy: Top1: 41.7432%, Top5: 67.5120%
[Epoch 092] Time: 106.3097s | [Train] Loss: 0.81124358 Accuracy: Top1: 99.9720%, Top5: 100.0000% | [Test] Loss: 2.98572157 Accuracy: Top1: 42.1426%, Top5: 67.3123%
[Epoch 093] Time: 106.1892s | [Train] Loss: 0.81091022 Accuracy: Top1: 99.9760%, Top5: 100.0000% | [Test] Loss: 2.97987061 Accuracy: Top1: 41.8231%, Top5: 67.7316%
[Epoch 094] Time: 106.4533s | [Train] Loss: 0.81010348 Accuracy: Top1: 99.9720%, Top5: 100.0000% | [Test] Loss: 2.98015286 Accuracy: Top1: 41.9329%, Top5: 67.6518%
[Epoch 095] Time: 106.2713s | [Train] Loss: 0.81013705 Accuracy: Top1: 99.9780%, Top5: 100.0000% | [Test] Loss: 2.98083933 Accuracy: Top1: 41.7332%, Top5: 67.7117%
[Epoch 096] Time: 106.4636s | [Train] Loss: 0.80977019 Accuracy: Top1: 99.9720%, Top5: 100.0000% | [Test] Loss: 2.97575644 Accuracy: Top1: 42.1526%, Top5: 67.7616%
[Epoch 097] Time: 106.2857s | [Train] Loss: 0.80939159 Accuracy: Top1: 99.9740%, Top5: 100.0000% | [Test] Loss: 2.98010451 Accuracy: Top1: 42.1625%, Top5: 67.4621%
[Epoch 098] Time: 106.2429s | [Train] Loss: 0.80947004 Accuracy: Top1: 99.9700%, Top5: 100.0000% | [Test] Loss: 2.97920032 Accuracy: Top1: 41.9529%, Top5: 67.6617%
[Epoch 099] Time: 106.2718s | [Train] Loss: 0.80971613 Accuracy: Top1: 99.9660%, Top5: 100.0000% | [Test] Loss: 2.97955770 Accuracy: Top1: 42.0427%, Top5: 67.5220%
[Epoch 100] Time: 106.3929s | [Train] Loss: 0.80903507 Accuracy: Top1: 99.9820%, Top5: 100.0000% | [Test] Loss: 2.97582102 Accuracy: Top1: 42.0128%, Top5: 67.5020%
Files already downloaded and verified
Files already downloaded and verified
Model: VIT ConvNNAttention
Total Parameters: 5998168
Trainable Parameters: 5998168
[Epoch 001] Time: 106.3054s | [Train] Loss: 3.88236391 Accuracy: Top1: 14.6593%, Top5: 37.6879% | [Test] Loss: 3.49927066 Accuracy: Top1: 22.2045%, Top5: 49.8403%
[Epoch 002] Time: 106.0700s | [Train] Loss: 3.34088779 Accuracy: Top1: 25.7678%, Top5: 54.9404% | [Test] Loss: 3.31074631 Accuracy: Top1: 27.3962%, Top5: 55.7808%
[Epoch 003] Time: 105.9716s | [Train] Loss: 3.08172875 Accuracy: Top1: 32.0278%, Top5: 62.6260% | [Test] Loss: 3.16141616 Accuracy: Top1: 30.8107%, Top5: 60.7328%
[Epoch 004] Time: 106.1763s | [Train] Loss: 2.86284814 Accuracy: Top1: 37.6240%, Top5: 68.6100% | [Test] Loss: 3.08042412 Accuracy: Top1: 32.9772%, Top5: 63.5383%
[Epoch 005] Time: 106.1596s | [Train] Loss: 2.65453687 Accuracy: Top1: 43.0282%, Top5: 74.1803% | [Test] Loss: 3.08729116 Accuracy: Top1: 33.5264%, Top5: 63.1889%
[Epoch 006] Time: 105.4278s | [Train] Loss: 2.44437398 Accuracy: Top1: 48.5605%, Top5: 79.6425% | [Test] Loss: 3.03173028 Accuracy: Top1: 36.0723%, Top5: 65.7548%
[Epoch 007] Time: 105.9149s | [Train] Loss: 2.24705878 Accuracy: Top1: 54.5785%, Top5: 84.3290% | [Test] Loss: 3.07931222 Accuracy: Top1: 36.3419%, Top5: 65.0260%
[Epoch 008] Time: 105.5477s | [Train] Loss: 2.05349242 Accuracy: Top1: 60.6806%, Top5: 88.6656% | [Test] Loss: 3.13197152 Accuracy: Top1: 36.1022%, Top5: 64.5667%
[Epoch 009] Time: 105.8435s | [Train] Loss: 1.88071818 Accuracy: Top1: 66.3948%, Top5: 91.9946% | [Test] Loss: 3.20535330 Accuracy: Top1: 36.0024%, Top5: 64.1274%
[Epoch 010] Time: 106.2790s | [Train] Loss: 1.73541063 Accuracy: Top1: 71.7171%, Top5: 94.5537% | [Test] Loss: 3.25452295 Accuracy: Top1: 36.1022%, Top5: 63.6482%
[Epoch 011] Time: 106.0435s | [Train] Loss: 1.61383070 Accuracy: Top1: 76.0617%, Top5: 96.4012% | [Test] Loss: 3.29581648 Accuracy: Top1: 35.9824%, Top5: 63.5184%
[Epoch 012] Time: 105.8349s | [Train] Loss: 1.52318116 Accuracy: Top1: 79.5685%, Top5: 97.5408% | [Test] Loss: 3.30817004 Accuracy: Top1: 36.0224%, Top5: 63.1290%
[Epoch 013] Time: 105.9028s | [Train] Loss: 1.45468341 Accuracy: Top1: 82.2137%, Top5: 98.1666% | [Test] Loss: 3.33385462 Accuracy: Top1: 35.8027%, Top5: 63.0891%
[Epoch 014] Time: 105.9850s | [Train] Loss: 1.40124497 Accuracy: Top1: 84.4270%, Top5: 98.6204% | [Test] Loss: 3.36077628 Accuracy: Top1: 36.6514%, Top5: 63.0591%
[Epoch 015] Time: 105.9846s | [Train] Loss: 1.35785488 Accuracy: Top1: 86.2084%, Top5: 98.8904% | [Test] Loss: 3.37173703 Accuracy: Top1: 36.4217%, Top5: 62.9992%
[Epoch 016] Time: 105.6149s | [Train] Loss: 1.32259471 Accuracy: Top1: 87.5040%, Top5: 99.1983% | [Test] Loss: 3.32755346 Accuracy: Top1: 36.7512%, Top5: 63.6182%
[Epoch 017] Time: 106.2133s | [Train] Loss: 1.28716157 Accuracy: Top1: 88.8816%, Top5: 99.3202% | [Test] Loss: 3.34693536 Accuracy: Top1: 36.7712%, Top5: 63.3986%
[Epoch 018] Time: 106.1094s | [Train] Loss: 1.26078930 Accuracy: Top1: 89.8133%, Top5: 99.4162% | [Test] Loss: 3.31412309 Accuracy: Top1: 37.1805%, Top5: 63.3187%
[Epoch 019] Time: 106.0463s | [Train] Loss: 1.23677230 Accuracy: Top1: 90.8089%, Top5: 99.5062% | [Test] Loss: 3.34437327 Accuracy: Top1: 36.3319%, Top5: 62.6298%
[Epoch 020] Time: 105.8199s | [Train] Loss: 1.22245156 Accuracy: Top1: 91.3188%, Top5: 99.5861% | [Test] Loss: 3.34307186 Accuracy: Top1: 36.7212%, Top5: 62.6498%
[Epoch 021] Time: 106.0980s | [Train] Loss: 1.20172929 Accuracy: Top1: 91.9366%, Top5: 99.6101% | [Test] Loss: 3.31741834 Accuracy: Top1: 36.8810%, Top5: 62.8494%
[Epoch 022] Time: 105.9957s | [Train] Loss: 1.18334321 Accuracy: Top1: 92.5224%, Top5: 99.6881% | [Test] Loss: 3.30090913 Accuracy: Top1: 37.1306%, Top5: 62.9792%
[Epoch 023] Time: 106.1222s | [Train] Loss: 1.16995663 Accuracy: Top1: 93.1042%, Top5: 99.7261% | [Test] Loss: 3.31947740 Accuracy: Top1: 36.9708%, Top5: 62.7696%
[Epoch 024] Time: 105.7427s | [Train] Loss: 1.15442359 Accuracy: Top1: 93.5501%, Top5: 99.7721% | [Test] Loss: 3.33233997 Accuracy: Top1: 36.6713%, Top5: 62.6398%
[Epoch 025] Time: 105.8469s | [Train] Loss: 1.13925187 Accuracy: Top1: 94.1599%, Top5: 99.7901% | [Test] Loss: 3.30774359 Accuracy: Top1: 37.3602%, Top5: 62.6498%
[Epoch 026] Time: 105.7295s | [Train] Loss: 1.13100671 Accuracy: Top1: 94.3758%, Top5: 99.8321% | [Test] Loss: 3.25067797 Accuracy: Top1: 37.8794%, Top5: 63.4385%
[Epoch 027] Time: 105.6620s | [Train] Loss: 1.11476242 Accuracy: Top1: 94.9536%, Top5: 99.8520% | [Test] Loss: 3.28006951 Accuracy: Top1: 37.3103%, Top5: 62.7496%
[Epoch 028] Time: 105.7899s | [Train] Loss: 1.10609192 Accuracy: Top1: 95.2515%, Top5: 99.8580% | [Test] Loss: 3.26520803 Accuracy: Top1: 37.6398%, Top5: 62.9193%
[Epoch 029] Time: 106.0776s | [Train] Loss: 1.09568416 Accuracy: Top1: 95.3835%, Top5: 99.8920% | [Test] Loss: 3.27713295 Accuracy: Top1: 37.2005%, Top5: 61.8311%
[Epoch 030] Time: 105.9787s | [Train] Loss: 1.08424258 Accuracy: Top1: 95.8773%, Top5: 99.9020% | [Test] Loss: 3.25956428 Accuracy: Top1: 37.3103%, Top5: 62.5000%
[Epoch 031] Time: 105.9853s | [Train] Loss: 1.07770302 Accuracy: Top1: 95.9353%, Top5: 99.9120% | [Test] Loss: 3.23435154 Accuracy: Top1: 37.6198%, Top5: 62.3103%
[Epoch 032] Time: 105.3288s | [Train] Loss: 1.06644202 Accuracy: Top1: 96.3172%, Top5: 99.9320% | [Test] Loss: 3.25812166 Accuracy: Top1: 37.5399%, Top5: 62.6797%
[Epoch 033] Time: 106.2835s | [Train] Loss: 1.05856493 Accuracy: Top1: 96.4531%, Top5: 99.9260% | [Test] Loss: 3.20583457 Accuracy: Top1: 37.8994%, Top5: 63.2588%
[Epoch 034] Time: 105.9987s | [Train] Loss: 1.04980603 Accuracy: Top1: 96.6971%, Top5: 99.9300% | [Test] Loss: 3.20339718 Accuracy: Top1: 38.3087%, Top5: 63.3087%
[Epoch 035] Time: 106.2117s | [Train] Loss: 1.03909700 Accuracy: Top1: 97.0469%, Top5: 99.9520% | [Test] Loss: 3.21407496 Accuracy: Top1: 38.1989%, Top5: 62.7097%
[Epoch 036] Time: 105.7253s | [Train] Loss: 1.03609517 Accuracy: Top1: 96.9730%, Top5: 99.9640% | [Test] Loss: 3.21058987 Accuracy: Top1: 37.5799%, Top5: 63.1889%
[Epoch 037] Time: 105.9393s | [Train] Loss: 1.02250863 Accuracy: Top1: 97.5008%, Top5: 99.9440% | [Test] Loss: 3.21986953 Accuracy: Top1: 37.4700%, Top5: 62.9792%
[Epoch 038] Time: 105.8627s | [Train] Loss: 1.01662145 Accuracy: Top1: 97.5008%, Top5: 99.9600% | [Test] Loss: 3.20272864 Accuracy: Top1: 37.5998%, Top5: 63.1789%
[Epoch 039] Time: 105.7388s | [Train] Loss: 1.01100051 Accuracy: Top1: 97.5668%, Top5: 99.9700% | [Test] Loss: 3.21169012 Accuracy: Top1: 38.0591%, Top5: 62.1705%
[Epoch 040] Time: 106.0577s | [Train] Loss: 1.00333392 Accuracy: Top1: 97.8007%, Top5: 99.9740% | [Test] Loss: 3.16628407 Accuracy: Top1: 38.3486%, Top5: 63.3986%
[Epoch 041] Time: 106.1774s | [Train] Loss: 0.99544335 Accuracy: Top1: 98.0126%, Top5: 99.9760% | [Test] Loss: 3.17097744 Accuracy: Top1: 38.4585%, Top5: 63.6282%
[Epoch 042] Time: 105.9338s | [Train] Loss: 0.98857724 Accuracy: Top1: 98.0746%, Top5: 99.9760% | [Test] Loss: 3.16470633 Accuracy: Top1: 38.2887%, Top5: 63.5583%
[Epoch 043] Time: 105.7336s | [Train] Loss: 0.98250728 Accuracy: Top1: 98.2586%, Top5: 99.9800% | [Test] Loss: 3.17804432 Accuracy: Top1: 38.1589%, Top5: 62.9193%
[Epoch 044] Time: 106.2382s | [Train] Loss: 0.97686452 Accuracy: Top1: 98.3065%, Top5: 99.9820% | [Test] Loss: 3.15718420 Accuracy: Top1: 38.4784%, Top5: 63.8079%
[Epoch 045] Time: 105.4103s | [Train] Loss: 0.97024161 Accuracy: Top1: 98.4845%, Top5: 99.9820% | [Test] Loss: 3.12288445 Accuracy: Top1: 38.8678%, Top5: 64.3670%
[Epoch 046] Time: 106.0090s | [Train] Loss: 0.96222201 Accuracy: Top1: 98.6804%, Top5: 99.9840% | [Test] Loss: 3.13496929 Accuracy: Top1: 39.0375%, Top5: 63.9277%
[Epoch 047] Time: 105.9178s | [Train] Loss: 0.95811572 Accuracy: Top1: 98.6724%, Top5: 99.9900% | [Test] Loss: 3.14549789 Accuracy: Top1: 38.4585%, Top5: 63.6781%
[Epoch 048] Time: 105.8979s | [Train] Loss: 0.94944903 Accuracy: Top1: 98.8364%, Top5: 99.9920% | [Test] Loss: 3.12461593 Accuracy: Top1: 39.2572%, Top5: 63.9577%
[Epoch 049] Time: 105.9158s | [Train] Loss: 0.94615274 Accuracy: Top1: 98.7904%, Top5: 99.9960% | [Test] Loss: 3.08727094 Accuracy: Top1: 39.6466%, Top5: 64.1573%
[Epoch 050] Time: 106.1721s | [Train] Loss: 0.93947471 Accuracy: Top1: 98.9303%, Top5: 99.9880% | [Test] Loss: 3.09540363 Accuracy: Top1: 39.9361%, Top5: 64.0775%
[Epoch 051] Time: 105.8367s | [Train] Loss: 0.93347662 Accuracy: Top1: 98.9843%, Top5: 99.9920% | [Test] Loss: 3.10652717 Accuracy: Top1: 39.0176%, Top5: 64.1474%
[Epoch 052] Time: 106.0688s | [Train] Loss: 0.92759914 Accuracy: Top1: 99.2003%, Top5: 99.9980% | [Test] Loss: 3.09606890 Accuracy: Top1: 39.3770%, Top5: 64.2272%
[Epoch 053] Time: 106.0052s | [Train] Loss: 0.92190060 Accuracy: Top1: 99.2562%, Top5: 99.9920% | [Test] Loss: 3.09219441 Accuracy: Top1: 39.6965%, Top5: 64.3071%
[Epoch 054] Time: 105.7840s | [Train] Loss: 0.91529814 Accuracy: Top1: 99.2822%, Top5: 100.0000% | [Test] Loss: 3.09333257 Accuracy: Top1: 40.0459%, Top5: 64.3371%
[Epoch 055] Time: 105.7736s | [Train] Loss: 0.90948593 Accuracy: Top1: 99.3722%, Top5: 99.9980% | [Test] Loss: 3.06950320 Accuracy: Top1: 39.6466%, Top5: 64.1074%
[Epoch 056] Time: 105.8929s | [Train] Loss: 0.90585104 Accuracy: Top1: 99.4282%, Top5: 100.0000% | [Test] Loss: 3.07020331 Accuracy: Top1: 39.6066%, Top5: 64.5966%
[Epoch 057] Time: 106.1881s | [Train] Loss: 0.89910122 Accuracy: Top1: 99.5062%, Top5: 100.0000% | [Test] Loss: 3.09219936 Accuracy: Top1: 39.5068%, Top5: 63.9277%
[Epoch 058] Time: 106.0449s | [Train] Loss: 0.89630401 Accuracy: Top1: 99.5182%, Top5: 100.0000% | [Test] Loss: 3.06572932 Accuracy: Top1: 39.9661%, Top5: 65.1158%
[Epoch 059] Time: 105.9442s | [Train] Loss: 0.89014917 Accuracy: Top1: 99.5441%, Top5: 99.9980% | [Test] Loss: 3.06279684 Accuracy: Top1: 39.9661%, Top5: 64.9161%
[Epoch 060] Time: 106.1415s | [Train] Loss: 0.88382955 Accuracy: Top1: 99.6801%, Top5: 100.0000% | [Test] Loss: 3.07601484 Accuracy: Top1: 39.7863%, Top5: 64.7664%
[Epoch 061] Time: 105.7519s | [Train] Loss: 0.87980144 Accuracy: Top1: 99.6421%, Top5: 99.9980% | [Test] Loss: 3.06357779 Accuracy: Top1: 39.8363%, Top5: 64.7963%
[Epoch 062] Time: 106.1726s | [Train] Loss: 0.87623018 Accuracy: Top1: 99.6361%, Top5: 100.0000% | [Test] Loss: 3.05717941 Accuracy: Top1: 39.6765%, Top5: 65.2756%
[Epoch 063] Time: 106.0949s | [Train] Loss: 0.87154217 Accuracy: Top1: 99.7161%, Top5: 100.0000% | [Test] Loss: 3.06919424 Accuracy: Top1: 40.1158%, Top5: 64.7963%
[Epoch 064] Time: 105.8011s | [Train] Loss: 0.86629872 Accuracy: Top1: 99.7741%, Top5: 100.0000% | [Test] Loss: 3.03103376 Accuracy: Top1: 40.9645%, Top5: 65.9345%
[Epoch 065] Time: 105.8801s | [Train] Loss: 0.86218486 Accuracy: Top1: 99.8101%, Top5: 100.0000% | [Test] Loss: 3.03110778 Accuracy: Top1: 40.7748%, Top5: 66.1342%
[Epoch 066] Time: 105.6394s | [Train] Loss: 0.85950418 Accuracy: Top1: 99.7881%, Top5: 99.9980% | [Test] Loss: 3.04028566 Accuracy: Top1: 40.9245%, Top5: 65.1757%
[Epoch 067] Time: 105.6758s | [Train] Loss: 0.85474986 Accuracy: Top1: 99.8261%, Top5: 100.0000% | [Test] Loss: 3.03201093 Accuracy: Top1: 40.7548%, Top5: 65.2256%
[Epoch 068] Time: 105.9023s | [Train] Loss: 0.85086744 Accuracy: Top1: 99.8241%, Top5: 100.0000% | [Test] Loss: 3.03798650 Accuracy: Top1: 40.7847%, Top5: 65.1558%
[Epoch 069] Time: 105.8836s | [Train] Loss: 0.84864112 Accuracy: Top1: 99.8221%, Top5: 99.9980% | [Test] Loss: 3.03563882 Accuracy: Top1: 40.7548%, Top5: 65.4054%
[Epoch 070] Time: 105.9382s | [Train] Loss: 0.84420819 Accuracy: Top1: 99.8560%, Top5: 100.0000% | [Test] Loss: 3.03391491 Accuracy: Top1: 41.1142%, Top5: 65.7847%
[Epoch 071] Time: 105.6976s | [Train] Loss: 0.84058530 Accuracy: Top1: 99.8940%, Top5: 100.0000% | [Test] Loss: 3.03998291 Accuracy: Top1: 40.9445%, Top5: 65.5451%
[Epoch 072] Time: 105.8092s | [Train] Loss: 0.83729418 Accuracy: Top1: 99.9060%, Top5: 100.0000% | [Test] Loss: 3.04114626 Accuracy: Top1: 40.9145%, Top5: 65.6050%
[Epoch 073] Time: 105.7733s | [Train] Loss: 0.83432230 Accuracy: Top1: 99.9040%, Top5: 100.0000% | [Test] Loss: 3.02456343 Accuracy: Top1: 40.8247%, Top5: 66.2041%
[Epoch 074] Time: 105.6155s | [Train] Loss: 0.83175430 Accuracy: Top1: 99.9040%, Top5: 100.0000% | [Test] Loss: 3.02372021 Accuracy: Top1: 40.8147%, Top5: 65.8746%
[Epoch 075] Time: 106.0847s | [Train] Loss: 0.82949701 Accuracy: Top1: 99.9120%, Top5: 100.0000% | [Test] Loss: 3.02275242 Accuracy: Top1: 41.7232%, Top5: 65.5950%
[Epoch 076] Time: 106.0331s | [Train] Loss: 0.82710670 Accuracy: Top1: 99.9040%, Top5: 100.0000% | [Test] Loss: 3.01898286 Accuracy: Top1: 41.5236%, Top5: 65.7947%
[Epoch 077] Time: 105.8904s | [Train] Loss: 0.82442431 Accuracy: Top1: 99.9280%, Top5: 100.0000% | [Test] Loss: 3.02115405 Accuracy: Top1: 41.4736%, Top5: 66.2640%
[Epoch 078] Time: 106.0933s | [Train] Loss: 0.82249991 Accuracy: Top1: 99.9200%, Top5: 100.0000% | [Test] Loss: 3.02080734 Accuracy: Top1: 41.5335%, Top5: 65.8546%
[Epoch 079] Time: 105.6755s | [Train] Loss: 0.82098114 Accuracy: Top1: 99.9200%, Top5: 100.0000% | [Test] Loss: 3.01285977 Accuracy: Top1: 41.3638%, Top5: 66.3638%
[Epoch 080] Time: 105.7570s | [Train] Loss: 0.81814895 Accuracy: Top1: 99.9260%, Top5: 100.0000% | [Test] Loss: 3.01537655 Accuracy: Top1: 41.5136%, Top5: 66.2340%
[Epoch 081] Time: 106.1728s | [Train] Loss: 0.81626600 Accuracy: Top1: 99.9360%, Top5: 100.0000% | [Test] Loss: 3.03279129 Accuracy: Top1: 40.9345%, Top5: 66.2839%
[Epoch 082] Time: 105.9254s | [Train] Loss: 0.81445840 Accuracy: Top1: 99.9320%, Top5: 100.0000% | [Test] Loss: 3.00938263 Accuracy: Top1: 41.5236%, Top5: 66.4736%
[Epoch 083] Time: 106.1564s | [Train] Loss: 0.81281877 Accuracy: Top1: 99.9440%, Top5: 100.0000% | [Test] Loss: 3.02835091 Accuracy: Top1: 41.3938%, Top5: 65.9944%
[Epoch 084] Time: 105.8911s | [Train] Loss: 0.81190948 Accuracy: Top1: 99.9520%, Top5: 100.0000% | [Test] Loss: 3.01901770 Accuracy: Top1: 41.4936%, Top5: 66.2340%
[Epoch 085] Time: 105.7438s | [Train] Loss: 0.81028778 Accuracy: Top1: 99.9620%, Top5: 100.0000% | [Test] Loss: 3.01976906 Accuracy: Top1: 41.4537%, Top5: 66.4038%
[Epoch 086] Time: 106.2375s | [Train] Loss: 0.80957505 Accuracy: Top1: 99.9680%, Top5: 100.0000% | [Test] Loss: 3.02189772 Accuracy: Top1: 41.6434%, Top5: 66.2640%
[Epoch 087] Time: 106.1358s | [Train] Loss: 0.80825335 Accuracy: Top1: 99.9720%, Top5: 100.0000% | [Test] Loss: 3.01676612 Accuracy: Top1: 41.5335%, Top5: 66.4237%
[Epoch 088] Time: 106.3334s | [Train] Loss: 0.80776034 Accuracy: Top1: 99.9480%, Top5: 100.0000% | [Test] Loss: 3.01030756 Accuracy: Top1: 41.8930%, Top5: 66.5735%
[Epoch 089] Time: 106.3964s | [Train] Loss: 0.80700024 Accuracy: Top1: 99.9620%, Top5: 100.0000% | [Test] Loss: 3.01759139 Accuracy: Top1: 41.7632%, Top5: 66.2640%
[Epoch 090] Time: 105.9983s | [Train] Loss: 0.80663682 Accuracy: Top1: 99.9500%, Top5: 100.0000% | [Test] Loss: 3.01311556 Accuracy: Top1: 41.6334%, Top5: 66.5835%
[Epoch 091] Time: 105.9378s | [Train] Loss: 0.80569366 Accuracy: Top1: 99.9760%, Top5: 100.0000% | [Test] Loss: 3.01490282 Accuracy: Top1: 41.7033%, Top5: 66.7332%
[Epoch 092] Time: 105.1940s | [Train] Loss: 0.80517295 Accuracy: Top1: 99.9680%, Top5: 100.0000% | [Test] Loss: 3.01571873 Accuracy: Top1: 41.7732%, Top5: 66.7432%
[Epoch 093] Time: 105.9261s | [Train] Loss: 0.80464687 Accuracy: Top1: 99.9700%, Top5: 100.0000% | [Test] Loss: 3.01382877 Accuracy: Top1: 41.8231%, Top5: 66.7133%
[Epoch 094] Time: 106.0398s | [Train] Loss: 0.80395269 Accuracy: Top1: 99.9720%, Top5: 100.0000% | [Test] Loss: 3.01246676 Accuracy: Top1: 41.7332%, Top5: 66.7432%
[Epoch 095] Time: 106.1873s | [Train] Loss: 0.80389250 Accuracy: Top1: 99.9700%, Top5: 100.0000% | [Test] Loss: 3.01297242 Accuracy: Top1: 41.7332%, Top5: 66.7831%
[Epoch 096] Time: 105.9601s | [Train] Loss: 0.80357840 Accuracy: Top1: 99.9800%, Top5: 100.0000% | [Test] Loss: 3.01152731 Accuracy: Top1: 41.7432%, Top5: 66.8131%
[Epoch 097] Time: 106.1904s | [Train] Loss: 0.80345937 Accuracy: Top1: 99.9720%, Top5: 100.0000% | [Test] Loss: 3.01271196 Accuracy: Top1: 41.6034%, Top5: 66.7532%
[Epoch 098] Time: 105.9261s | [Train] Loss: 0.80332807 Accuracy: Top1: 99.9760%, Top5: 100.0000% | [Test] Loss: 3.01213922 Accuracy: Top1: 41.5835%, Top5: 66.7432%
[Epoch 099] Time: 105.8518s | [Train] Loss: 0.80309822 Accuracy: Top1: 99.9720%, Top5: 100.0000% | [Test] Loss: 3.01211703 Accuracy: Top1: 41.7133%, Top5: 66.7133%
[Epoch 100] Time: 105.7720s | [Train] Loss: 0.80314254 Accuracy: Top1: 99.9720%, Top5: 100.0000% | [Test] Loss: 3.01210603 Accuracy: Top1: 41.6733%, Top5: 66.7332%
