Files already downloaded and verified
Files already downloaded and verified
Model: VIT Attention
Total Parameters: 5488522
Trainable Parameters: 5488522
   - Trainable Parameters: 5.48852200 M
Model Complexity (Profiler):
   - GFLOPs: 2.50793184
   - Trainable Parameters: 5.48852200 M
[Epoch 001] Time: 19.4833s | [Train] Loss: 1.80153154 Accuracy: Top1: 33.8584%, Top5: 84.0553% | [Test] Loss: 1.52400174 Accuracy: Top1: 45.1953%, Top5: 91.1621%
[Epoch 002] Time: 18.8205s | [Train] Loss: 1.43855471 Accuracy: Top1: 47.4107%, Top5: 92.2206% | [Test] Loss: 1.32647346 Accuracy: Top1: 51.7871%, Top5: 94.1113%
[Epoch 003] Time: 18.7530s | [Train] Loss: 1.26113024 Accuracy: Top1: 54.2303%, Top5: 94.5611% | [Test] Loss: 1.20985592 Accuracy: Top1: 55.6836%, Top5: 95.2246%
[Epoch 004] Time: 18.8122s | [Train] Loss: 1.13866803 Accuracy: Top1: 58.8604%, Top5: 95.7721% | [Test] Loss: 1.08464003 Accuracy: Top1: 60.0488%, Top5: 96.7090%
[Epoch 005] Time: 18.7981s | [Train] Loss: 1.04241996 Accuracy: Top1: 62.6128%, Top5: 96.6518% | [Test] Loss: 1.04089834 Accuracy: Top1: 62.3145%, Top5: 97.0801%
[Epoch 006] Time: 18.8070s | [Train] Loss: 0.98626510 Accuracy: Top1: 64.5289%, Top5: 97.1022% | [Test] Loss: 0.96911363 Accuracy: Top1: 65.2832%, Top5: 97.2266%
[Epoch 007] Time: 18.8934s | [Train] Loss: 0.93253971 Accuracy: Top1: 66.6956%, Top5: 97.4474% | [Test] Loss: 0.91922777 Accuracy: Top1: 67.4219%, Top5: 97.4414%
[Epoch 008] Time: 18.8924s | [Train] Loss: 0.88252643 Accuracy: Top1: 68.5647%, Top5: 97.7025% | [Test] Loss: 0.95182574 Accuracy: Top1: 66.1035%, Top5: 97.4609%
[Epoch 009] Time: 18.8277s | [Train] Loss: 0.83572710 Accuracy: Top1: 70.1818%, Top5: 97.9990% | [Test] Loss: 0.91779495 Accuracy: Top1: 67.8320%, Top5: 97.3535%
[Epoch 010] Time: 18.8197s | [Train] Loss: 0.79780362 Accuracy: Top1: 71.6327%, Top5: 98.2334% | [Test] Loss: 0.86341509 Accuracy: Top1: 69.5020%, Top5: 97.8418%
[Epoch 011] Time: 18.7984s | [Train] Loss: 0.75532513 Accuracy: Top1: 73.0254%, Top5: 98.4212% | [Test] Loss: 0.84263889 Accuracy: Top1: 70.7617%, Top5: 97.9785%
[Epoch 012] Time: 18.8045s | [Train] Loss: 0.72535976 Accuracy: Top1: 74.4157%, Top5: 98.5989% | [Test] Loss: 0.84730919 Accuracy: Top1: 70.4590%, Top5: 97.9492%
[Epoch 013] Time: 18.8351s | [Train] Loss: 0.69808458 Accuracy: Top1: 75.2129%, Top5: 98.6627% | [Test] Loss: 0.85280684 Accuracy: Top1: 70.8398%, Top5: 97.8906%
[Epoch 014] Time: 18.8642s | [Train] Loss: 0.66802807 Accuracy: Top1: 76.3927%, Top5: 98.8277% | [Test] Loss: 0.79890866 Accuracy: Top1: 72.1094%, Top5: 98.1738%
[Epoch 015] Time: 18.8072s | [Train] Loss: 0.64126585 Accuracy: Top1: 77.1433%, Top5: 98.9389% | [Test] Loss: 0.83192534 Accuracy: Top1: 71.3477%, Top5: 97.9102%
[Epoch 016] Time: 18.8053s | [Train] Loss: 0.60579517 Accuracy: Top1: 78.6105%, Top5: 99.1287% | [Test] Loss: 0.79349779 Accuracy: Top1: 72.8223%, Top5: 98.1445%
[Epoch 017] Time: 18.8016s | [Train] Loss: 0.58803023 Accuracy: Top1: 79.2546%, Top5: 99.1366% | [Test] Loss: 0.78683278 Accuracy: Top1: 72.8613%, Top5: 98.3105%
[Epoch 018] Time: 18.8790s | [Train] Loss: 0.56035620 Accuracy: Top1: 80.1714%, Top5: 99.2068% | [Test] Loss: 0.75425593 Accuracy: Top1: 74.1699%, Top5: 98.3594%
[Epoch 019] Time: 18.8354s | [Train] Loss: 0.52920460 Accuracy: Top1: 81.2046%, Top5: 99.3220% | [Test] Loss: 0.85589510 Accuracy: Top1: 72.4805%, Top5: 98.0664%
[Epoch 020] Time: 18.8868s | [Train] Loss: 0.51396522 Accuracy: Top1: 81.5051%, Top5: 99.3324% | [Test] Loss: 0.77400418 Accuracy: Top1: 74.6680%, Top5: 98.3594%
[Epoch 021] Time: 19.0464s | [Train] Loss: 0.48625255 Accuracy: Top1: 82.5861%, Top5: 99.4599% | [Test] Loss: 0.75278550 Accuracy: Top1: 74.5605%, Top5: 98.4766%
[Epoch 022] Time: 18.8565s | [Train] Loss: 0.46206101 Accuracy: Top1: 83.4104%, Top5: 99.6034% | [Test] Loss: 0.76585897 Accuracy: Top1: 74.8926%, Top5: 98.3594%
[Epoch 023] Time: 18.8191s | [Train] Loss: 0.43669778 Accuracy: Top1: 84.3850%, Top5: 99.6034% | [Test] Loss: 0.80790088 Accuracy: Top1: 74.3066%, Top5: 98.4375%
[Epoch 024] Time: 18.7709s | [Train] Loss: 0.41761302 Accuracy: Top1: 84.9470%, Top5: 99.6492% | [Test] Loss: 0.76576475 Accuracy: Top1: 75.9863%, Top5: 98.3691%
[Epoch 025] Time: 18.8315s | [Train] Loss: 0.39973486 Accuracy: Top1: 85.5636%, Top5: 99.6831% | [Test] Loss: 0.77661180 Accuracy: Top1: 75.9180%, Top5: 98.4375%
[Epoch 026] Time: 18.8422s | [Train] Loss: 0.37524925 Accuracy: Top1: 86.3951%, Top5: 99.7489% | [Test] Loss: 0.84031041 Accuracy: Top1: 73.9453%, Top5: 98.4082%
[Epoch 027] Time: 18.7838s | [Train] Loss: 0.35920602 Accuracy: Top1: 86.9336%, Top5: 99.7569% | [Test] Loss: 0.81888675 Accuracy: Top1: 75.3223%, Top5: 98.6230%
[Epoch 028] Time: 18.8071s | [Train] Loss: 0.33614577 Accuracy: Top1: 87.9066%, Top5: 99.8186% | [Test] Loss: 0.80352145 Accuracy: Top1: 75.6738%, Top5: 98.5547%
[Epoch 029] Time: 18.8354s | [Train] Loss: 0.32173537 Accuracy: Top1: 88.2278%, Top5: 99.8306% | [Test] Loss: 0.83854109 Accuracy: Top1: 75.3613%, Top5: 98.4570%
[Epoch 030] Time: 18.8140s | [Train] Loss: 0.30217410 Accuracy: Top1: 89.0358%, Top5: 99.8964% | [Test] Loss: 0.83688479 Accuracy: Top1: 76.0254%, Top5: 98.3887%
[Epoch 031] Time: 30.0888s | [Train] Loss: 0.28270884 Accuracy: Top1: 89.6787%, Top5: 99.8665% | [Test] Loss: 0.86174593 Accuracy: Top1: 75.8496%, Top5: 98.6035%
[Epoch 032] Time: 42.1502s | [Train] Loss: 0.27196029 Accuracy: Top1: 90.0897%, Top5: 99.8944% | [Test] Loss: 0.89184315 Accuracy: Top1: 75.2637%, Top5: 98.5059%
[Epoch 033] Time: 59.6812s | [Train] Loss: 0.25880259 Accuracy: Top1: 90.5676%, Top5: 99.9342% | [Test] Loss: 0.89774399 Accuracy: Top1: 75.4199%, Top5: 98.3203%
[Epoch 034] Time: 59.6589s | [Train] Loss: 0.23698402 Accuracy: Top1: 91.3182%, Top5: 99.9302% | [Test] Loss: 0.89684305 Accuracy: Top1: 75.9082%, Top5: 98.1445%
[Epoch 035] Time: 67.8869s | [Train] Loss: 0.23097784 Accuracy: Top1: 91.4900%, Top5: 99.9402% | [Test] Loss: 0.92870233 Accuracy: Top1: 75.4395%, Top5: 98.5254%
[Epoch 036] Time: 77.2851s | [Train] Loss: 0.21555372 Accuracy: Top1: 92.0731%, Top5: 99.9721% | [Test] Loss: 0.96437662 Accuracy: Top1: 75.6836%, Top5: 98.2422%
[Epoch 037] Time: 76.9759s | [Train] Loss: 0.20357474 Accuracy: Top1: 92.4944%, Top5: 99.9661% | [Test] Loss: 0.94899478 Accuracy: Top1: 75.2441%, Top5: 98.5059%
[Epoch 038] Time: 39.1819s | [Train] Loss: 0.19503893 Accuracy: Top1: 92.8384%, Top5: 99.9741% | [Test] Loss: 1.03585013 Accuracy: Top1: 75.1074%, Top5: 98.2910%
[Epoch 039] Time: 40.2582s | [Train] Loss: 0.18681233 Accuracy: Top1: 93.2246%, Top5: 99.9681% | [Test] Loss: 1.03115160 Accuracy: Top1: 75.4883%, Top5: 98.4375%
[Epoch 040] Time: 38.9914s | [Train] Loss: 0.17347375 Accuracy: Top1: 93.7313%, Top5: 99.9577% | [Test] Loss: 1.00288244 Accuracy: Top1: 75.7324%, Top5: 98.4863%
[Epoch 041] Time: 40.3276s | [Train] Loss: 0.16055676 Accuracy: Top1: 94.1219%, Top5: 99.9821% | [Test] Loss: 1.08204673 Accuracy: Top1: 75.7031%, Top5: 98.4277%
[Epoch 042] Time: 39.0758s | [Train] Loss: 0.15711344 Accuracy: Top1: 94.2957%, Top5: 99.9841% | [Test] Loss: 1.04606310 Accuracy: Top1: 75.8008%, Top5: 98.2617%
[Epoch 043] Time: 40.2904s | [Train] Loss: 0.15071464 Accuracy: Top1: 94.5460%, Top5: 99.9860% | [Test] Loss: 1.08349625 Accuracy: Top1: 75.7422%, Top5: 98.3691%
