==========================================
K-Test for Random Sampling Configuration
==========================================
Total experiments: 2
Datasets: cifar100
Blocks: ConvNNAttention
K values: 1 2
Learning rate: 1e-4
==========================================

[1/2] Dataset=cifar100 | K=1 | Block=ConvNNAttention
Output: ./Final_Output/K_test_correct_random/ViT-Tiny-CIFAR100/ConvNNAttention_Random_K1_NS32_s42
Files already downloaded and verified
Files already downloaded and verified
Model: VIT ConvNNAttention
Total Parameters: 5498980
Trainable Parameters: 5498980
   - Trainable Parameters: 5.49898000 M
Model Complexity (Profiler):
   - GFLOPs: 2.03382394
   - Trainable Parameters: 5.49898000 M
[Epoch 001] Time: 18.8619s | [Train] Loss: 4.72630095 Accuracy: Top1: 0.8630%, Top5: 4.8449% | [Test] Loss: 4.64159567 Accuracy: Top1: 0.9766%, Top5: 4.8828%
[Epoch 002] Time: 18.1343s | [Train] Loss: 4.67792252 Accuracy: Top1: 1.0244%, Top5: 5.0817% | [Test] Loss: 4.65922068 Accuracy: Top1: 1.1230%, Top5: 5.0293%
[Epoch 003] Time: 18.0945s | [Train] Loss: 4.66052721 Accuracy: Top1: 1.0085%, Top5: 4.9956% | [Test] Loss: 4.63865792 Accuracy: Top1: 0.9766%, Top5: 5.0293%
[Epoch 004] Time: 18.1924s | [Train] Loss: 4.65130790 Accuracy: Top1: 0.9052%, Top5: 4.9083% | [Test] Loss: 4.62880821 Accuracy: Top1: 1.1230%, Top5: 5.1758%
[Epoch 005] Time: 18.1101s | [Train] Loss: 4.64234289 Accuracy: Top1: 1.0148%, Top5: 4.9159% | [Test] Loss: 4.62564769 Accuracy: Top1: 0.9766%, Top5: 5.0293%
[Epoch 006] Time: 18.0741s | [Train] Loss: 4.63728477 Accuracy: Top1: 1.0547%, Top5: 4.8537% | [Test] Loss: 4.62866914 Accuracy: Top1: 0.9766%, Top5: 5.1758%
[Epoch 007] Time: 18.0620s | [Train] Loss: 4.63288730 Accuracy: Top1: 1.0104%, Top5: 4.8713% | [Test] Loss: 4.62040254 Accuracy: Top1: 0.9766%, Top5: 5.0293%
[Epoch 008] Time: 17.9817s | [Train] Loss: 4.63074012 Accuracy: Top1: 0.9865%, Top5: 4.9354% | [Test] Loss: 4.62093389 Accuracy: Top1: 0.9766%, Top5: 5.0293%
[Epoch 009] Time: 17.9945s | [Train] Loss: 4.62891327 Accuracy: Top1: 0.9610%, Top5: 4.9199% | [Test] Loss: 4.62239330 Accuracy: Top1: 0.9766%, Top5: 4.8828%
[Epoch 010] Time: 18.0735s | [Train] Loss: 4.62700726 Accuracy: Top1: 0.9327%, Top5: 4.8310% | [Test] Loss: 4.61636657 Accuracy: Top1: 0.9766%, Top5: 4.8828%
[Epoch 011] Time: 18.0472s | [Train] Loss: 4.62452751 Accuracy: Top1: 0.9893%, Top5: 4.8732% | [Test] Loss: 4.61808960 Accuracy: Top1: 0.9766%, Top5: 5.0293%
[Epoch 012] Time: 18.0469s | [Train] Loss: 4.62292689 Accuracy: Top1: 1.0208%, Top5: 5.0510% | [Test] Loss: 4.61589186 Accuracy: Top1: 0.9766%, Top5: 5.0293%
[Epoch 013] Time: 17.9960s | [Train] Loss: 4.62233583 Accuracy: Top1: 0.9092%, Top5: 4.8226% | [Test] Loss: 4.61230310 Accuracy: Top1: 1.1230%, Top5: 5.1758%
[Epoch 014] Time: 18.0754s | [Train] Loss: 4.62072700 Accuracy: Top1: 0.9766%, Top5: 5.0076% | [Test] Loss: 4.61381936 Accuracy: Top1: 1.2695%, Top5: 5.1758%
[Epoch 015] Time: 18.0388s | [Train] Loss: 4.61983472 Accuracy: Top1: 0.9228%, Top5: 4.7724% | [Test] Loss: 4.61220173 Accuracy: Top1: 0.9766%, Top5: 5.0293%
[Epoch 016] Time: 18.1191s | [Train] Loss: 4.61949138 Accuracy: Top1: 1.0228%, Top5: 5.0307% | [Test] Loss: 4.61682233 Accuracy: Top1: 1.1230%, Top5: 5.1758%
[Epoch 017] Time: 18.0613s | [Train] Loss: 4.61837886 Accuracy: Top1: 1.0567%, Top5: 4.9940% | [Test] Loss: 4.61161145 Accuracy: Top1: 1.1230%, Top5: 5.3223%
[Epoch 018] Time: 18.0106s | [Train] Loss: 4.61740062 Accuracy: Top1: 0.8889%, Top5: 4.6779% | [Test] Loss: 4.61288040 Accuracy: Top1: 0.9766%, Top5: 5.0293%
[Epoch 019] Time: 18.1232s | [Train] Loss: 4.61698277 Accuracy: Top1: 1.0085%, Top5: 4.9709% | [Test] Loss: 4.61365376 Accuracy: Top1: 0.9766%, Top5: 4.8828%
[Epoch 020] Time: 17.9705s | [Train] Loss: 4.61601549 Accuracy: Top1: 0.9427%, Top5: 4.8677% | [Test] Loss: 4.61018895 Accuracy: Top1: 0.9766%, Top5: 5.1758%
[Epoch 021] Time: 18.1915s | [Train] Loss: 4.61590445 Accuracy: Top1: 0.9032%, Top5: 4.8864% | [Test] Loss: 4.61062807 Accuracy: Top1: 0.9766%, Top5: 5.1758%
[Epoch 022] Time: 18.0497s | [Train] Loss: 4.61567177 Accuracy: Top1: 0.9945%, Top5: 4.8645% | [Test] Loss: 4.61013793 Accuracy: Top1: 0.9766%, Top5: 4.8828%
[Epoch 023] Time: 18.0660s | [Train] Loss: 4.61528949 Accuracy: Top1: 0.9012%, Top5: 4.8434% | [Test] Loss: 4.61193174 Accuracy: Top1: 0.9766%, Top5: 4.8828%
[Epoch 024] Time: 18.1309s | [Train] Loss: 4.61459123 Accuracy: Top1: 0.9048%, Top5: 4.9482% | [Test] Loss: 4.61083953 Accuracy: Top1: 1.1230%, Top5: 5.1758%
[Epoch 025] Time: 18.0462s | [Train] Loss: 4.61516639 Accuracy: Top1: 0.9196%, Top5: 4.8521% | [Test] Loss: 4.60928868 Accuracy: Top1: 0.9766%, Top5: 4.8828%
[Epoch 026] Time: 18.0333s | [Train] Loss: 4.61406064 Accuracy: Top1: 1.0184%, Top5: 4.9442% | [Test] Loss: 4.61027294 Accuracy: Top1: 0.9766%, Top5: 4.8828%
[Epoch 027] Time: 18.0939s | [Train] Loss: 4.61407438 Accuracy: Top1: 0.9475%, Top5: 4.7644% | [Test] Loss: 4.60983267 Accuracy: Top1: 0.9766%, Top5: 4.8828%
[Epoch 028] Time: 18.0891s | [Train] Loss: 4.61266979 Accuracy: Top1: 0.9690%, Top5: 5.0064% | [Test] Loss: 4.61003485 Accuracy: Top1: 0.9766%, Top5: 5.0293%
[Epoch 029] Time: 18.0480s | [Train] Loss: 4.61322207 Accuracy: Top1: 0.9746%, Top5: 4.8298% | [Test] Loss: 4.61160648 Accuracy: Top1: 0.9766%, Top5: 5.0293%
[Epoch 030] Time: 18.0725s | [Train] Loss: 4.61311993 Accuracy: Top1: 1.0208%, Top5: 4.9075% | [Test] Loss: 4.60928478 Accuracy: Top1: 1.1230%, Top5: 5.1758%
[Epoch 031] Time: 18.1247s | [Train] Loss: 4.61255217 Accuracy: Top1: 0.9271%, Top5: 4.8083% | [Test] Loss: 4.61040417 Accuracy: Top1: 0.9766%, Top5: 4.8828%
[Epoch 032] Time: 18.1007s | [Train] Loss: 4.61247903 Accuracy: Top1: 1.0364%, Top5: 4.9601% | [Test] Loss: 4.60852995 Accuracy: Top1: 0.9766%, Top5: 4.8828%
[Epoch 033] Time: 18.0827s | [Train] Loss: 4.61236508 Accuracy: Top1: 1.0025%, Top5: 4.7871% | [Test] Loss: 4.60942626 Accuracy: Top1: 0.9766%, Top5: 5.1758%
[Epoch 034] Time: 18.1898s | [Train] Loss: 4.61212233 Accuracy: Top1: 1.0228%, Top5: 5.0423% | [Test] Loss: 4.60903078 Accuracy: Top1: 0.9766%, Top5: 5.0293%
[Epoch 035] Time: 18.2071s | [Train] Loss: 4.61187398 Accuracy: Top1: 0.9327%, Top5: 4.7812% | [Test] Loss: 4.60924299 Accuracy: Top1: 0.9766%, Top5: 4.8828%
[Epoch 036] Time: 18.0692s | [Train] Loss: 4.61197989 Accuracy: Top1: 0.8976%, Top5: 4.8338% | [Test] Loss: 4.61045209 Accuracy: Top1: 0.9766%, Top5: 4.8828%
[Epoch 037] Time: 18.0894s | [Train] Loss: 4.61161281 Accuracy: Top1: 0.9008%, Top5: 4.6843% | [Test] Loss: 4.60775958 Accuracy: Top1: 0.9766%, Top5: 4.8828%
[Epoch 038] Time: 18.0403s | [Train] Loss: 4.61148550 Accuracy: Top1: 0.9586%, Top5: 4.9805% | [Test] Loss: 4.60984259 Accuracy: Top1: 0.9766%, Top5: 4.8828%
[Epoch 039] Time: 18.1163s | [Train] Loss: 4.61099949 Accuracy: Top1: 0.9566%, Top5: 5.0163% | [Test] Loss: 4.60815675 Accuracy: Top1: 0.9766%, Top5: 4.8828%
[Epoch 040] Time: 18.0531s | [Train] Loss: 4.61136838 Accuracy: Top1: 0.9690%, Top5: 4.8103% | [Test] Loss: 4.60770471 Accuracy: Top1: 0.9766%, Top5: 4.8828%
[Epoch 041] Time: 18.0199s | [Train] Loss: 4.61090116 Accuracy: Top1: 0.9307%, Top5: 4.8537% | [Test] Loss: 4.60901191 Accuracy: Top1: 0.9766%, Top5: 4.8828%
[Epoch 042] Time: 18.0725s | [Train] Loss: 4.61092226 Accuracy: Top1: 0.9726%, Top5: 4.9574% | [Test] Loss: 4.60806278 Accuracy: Top1: 0.9766%, Top5: 5.3223%
[Epoch 043] Time: 18.1057s | [Train] Loss: 4.61065121 Accuracy: Top1: 0.9813%, Top5: 4.8095% | [Test] Loss: 4.60936198 Accuracy: Top1: 0.9766%, Top5: 4.8828%
[Epoch 044] Time: 18.1299s | [Train] Loss: 4.61086985 Accuracy: Top1: 0.9909%, Top5: 4.8481% | [Test] Loss: 4.60753808 Accuracy: Top1: 0.9766%, Top5: 4.8828%
[Epoch 045] Time: 18.0895s | [Train] Loss: 4.61041686 Accuracy: Top1: 1.0750%, Top5: 5.1838% | [Test] Loss: 4.61049919 Accuracy: Top1: 0.9766%, Top5: 4.8828%
[Epoch 046] Time: 18.1169s | [Train] Loss: 4.61061373 Accuracy: Top1: 0.9546%, Top5: 4.9709% | [Test] Loss: 4.60861760 Accuracy: Top1: 0.9766%, Top5: 5.0293%
[Epoch 047] Time: 18.1130s | [Train] Loss: 4.61074252 Accuracy: Top1: 0.8913%, Top5: 4.7864% | [Test] Loss: 4.60760031 Accuracy: Top1: 0.9766%, Top5: 4.8828%
[Epoch 048] Time: 18.1652s | [Train] Loss: 4.61001883 Accuracy: Top1: 0.9152%, Top5: 4.8059% | [Test] Loss: 4.61032044 Accuracy: Top1: 0.9766%, Top5: 4.8828%
[Epoch 049] Time: 18.0843s | [Train] Loss: 4.61017704 Accuracy: Top1: 0.9905%, Top5: 4.9362% | [Test] Loss: 4.60912733 Accuracy: Top1: 1.1230%, Top5: 5.0293%
[Epoch 050] Time: 18.1251s | [Train] Loss: 4.61029920 Accuracy: Top1: 0.9833%, Top5: 4.8270% | [Test] Loss: 4.60868825 Accuracy: Top1: 1.1230%, Top5: 5.0293%
[Epoch 051] Time: 18.1216s | [Train] Loss: 4.60984653 Accuracy: Top1: 1.0164%, Top5: 4.8103% | [Test] Loss: 4.60757146 Accuracy: Top1: 0.9766%, Top5: 5.1758%
[Epoch 052] Time: 18.1627s | [Train] Loss: 4.60978902 Accuracy: Top1: 0.9766%, Top5: 4.7309% | [Test] Loss: 4.60694867 Accuracy: Top1: 1.1230%, Top5: 5.1758%
[Epoch 053] Time: 17.9735s | [Train] Loss: 4.60973887 Accuracy: Top1: 0.9530%, Top5: 4.8234% | [Test] Loss: 4.60873182 Accuracy: Top1: 0.9766%, Top5: 5.1758%
[Epoch 054] Time: 18.0223s | [Train] Loss: 4.60990653 Accuracy: Top1: 0.9367%, Top5: 4.8557% | [Test] Loss: 4.60853699 Accuracy: Top1: 0.9766%, Top5: 5.1758%
[Epoch 055] Time: 18.1178s | [Train] Loss: 4.60966853 Accuracy: Top1: 0.8933%, Top5: 4.7899% | [Test] Loss: 4.60732782 Accuracy: Top1: 0.9766%, Top5: 4.8828%
[Epoch 056] Time: 18.1212s | [Train] Loss: 4.60978796 Accuracy: Top1: 0.8769%, Top5: 4.7409% | [Test] Loss: 4.60640826 Accuracy: Top1: 0.9766%, Top5: 5.0293%
[Epoch 057] Time: 18.0838s | [Train] Loss: 4.60986500 Accuracy: Top1: 0.9491%, Top5: 4.9418% | [Test] Loss: 4.60775379 Accuracy: Top1: 0.9766%, Top5: 5.1758%
[Epoch 058] Time: 17.9752s | [Train] Loss: 4.60897925 Accuracy: Top1: 0.9447%, Top5: 4.8784% | [Test] Loss: 4.60833312 Accuracy: Top1: 1.1230%, Top5: 5.0293%
[Epoch 059] Time: 18.1289s | [Train] Loss: 4.60932251 Accuracy: Top1: 0.9331%, Top5: 4.9103% | [Test] Loss: 4.60731043 Accuracy: Top1: 0.9766%, Top5: 4.8828%
[Epoch 060] Time: 17.9709s | [Train] Loss: 4.60894948 Accuracy: Top1: 1.0005%, Top5: 4.9318% | [Test] Loss: 4.60714161 Accuracy: Top1: 0.9766%, Top5: 4.8828%
[Epoch 061] Time: 18.1278s | [Train] Loss: 4.60936938 Accuracy: Top1: 1.0244%, Top5: 4.8461% | [Test] Loss: 4.60642557 Accuracy: Top1: 0.9766%, Top5: 4.8828%
[Epoch 062] Time: 17.9472s | [Train] Loss: 4.60934201 Accuracy: Top1: 0.9570%, Top5: 4.7868% | [Test] Loss: 4.60641648 Accuracy: Top1: 1.1230%, Top5: 5.0293%
[Epoch 063] Time: 18.0652s | [Train] Loss: 4.60933551 Accuracy: Top1: 1.0104%, Top5: 4.7979% | [Test] Loss: 4.60712339 Accuracy: Top1: 0.9766%, Top5: 5.1758%
[Epoch 064] Time: 18.0540s | [Train] Loss: 4.60883835 Accuracy: Top1: 0.9829%, Top5: 4.9534% | [Test] Loss: 4.60665805 Accuracy: Top1: 0.9766%, Top5: 5.0293%
[Epoch 065] Time: 18.0068s | [Train] Loss: 4.60945285 Accuracy: Top1: 0.9650%, Top5: 4.8023% | [Test] Loss: 4.60798676 Accuracy: Top1: 0.9766%, Top5: 4.8828%
[Epoch 066] Time: 18.0925s | [Train] Loss: 4.60902912 Accuracy: Top1: 1.0148%, Top5: 4.9494% | [Test] Loss: 4.60569196 Accuracy: Top1: 1.1230%, Top5: 5.0293%
[Epoch 067] Time: 18.2224s | [Train] Loss: 4.60909507 Accuracy: Top1: 0.9108%, Top5: 4.7329% | [Test] Loss: 4.60792657 Accuracy: Top1: 0.9766%, Top5: 5.1758%
[Epoch 068] Time: 18.0512s | [Train] Loss: 4.60908393 Accuracy: Top1: 0.9351%, Top5: 4.5998% | [Test] Loss: 4.60733174 Accuracy: Top1: 0.9766%, Top5: 4.8828%
[Epoch 069] Time: 18.0118s | [Train] Loss: 4.60859272 Accuracy: Top1: 0.9471%, Top5: 4.8920% | [Test] Loss: 4.60707213 Accuracy: Top1: 0.9766%, Top5: 4.8828%
[Epoch 070] Time: 18.1374s | [Train] Loss: 4.60843874 Accuracy: Top1: 0.9208%, Top5: 4.8422% | [Test] Loss: 4.60689509 Accuracy: Top1: 0.9766%, Top5: 5.0293%
[Epoch 071] Time: 18.0697s | [Train] Loss: 4.60874174 Accuracy: Top1: 0.9534%, Top5: 4.8402% | [Test] Loss: 4.60693083 Accuracy: Top1: 1.1230%, Top5: 5.1758%
[Epoch 072] Time: 18.0114s | [Train] Loss: 4.60891280 Accuracy: Top1: 0.9371%, Top5: 4.7632% | [Test] Loss: 4.60693914 Accuracy: Top1: 0.9766%, Top5: 4.8828%
[Epoch 073] Time: 17.9908s | [Train] Loss: 4.60899316 Accuracy: Top1: 0.8929%, Top5: 4.6999% | [Test] Loss: 4.60679405 Accuracy: Top1: 0.9766%, Top5: 5.0293%
[Epoch 074] Time: 18.0441s | [Train] Loss: 4.60898357 Accuracy: Top1: 0.9072%, Top5: 4.5771% | [Test] Loss: 4.60679748 Accuracy: Top1: 0.9766%, Top5: 4.8828%
[Epoch 075] Time: 18.0561s | [Train] Loss: 4.60872547 Accuracy: Top1: 0.9431%, Top5: 4.8035% | [Test] Loss: 4.60779076 Accuracy: Top1: 0.9766%, Top5: 4.8828%
[Epoch 076] Time: 18.1236s | [Train] Loss: 4.60864484 Accuracy: Top1: 0.9287%, Top5: 4.9123% | [Test] Loss: 4.60689131 Accuracy: Top1: 0.9766%, Top5: 4.8828%
[Epoch 077] Time: 18.0887s | [Train] Loss: 4.60895980 Accuracy: Top1: 0.9331%, Top5: 4.6548% | [Test] Loss: 4.60625423 Accuracy: Top1: 1.1230%, Top5: 5.1758%
[Epoch 078] Time: 18.0967s | [Train] Loss: 4.60862363 Accuracy: Top1: 0.9387%, Top5: 4.8302% | [Test] Loss: 4.60677586 Accuracy: Top1: 0.9766%, Top5: 4.8828%
[Epoch 079] Time: 18.0366s | [Train] Loss: 4.60824083 Accuracy: Top1: 0.9586%, Top5: 4.7182% | [Test] Loss: 4.60658813 Accuracy: Top1: 0.9766%, Top5: 4.8828%
[Epoch 080] Time: 18.1199s | [Train] Loss: 4.60874236 Accuracy: Top1: 0.9993%, Top5: 4.7365% | [Test] Loss: 4.60679806 Accuracy: Top1: 0.9766%, Top5: 4.8828%
[Epoch 081] Time: 18.2984s | [Train] Loss: 4.60828680 Accuracy: Top1: 0.9455%, Top5: 4.8071% | [Test] Loss: 4.60673057 Accuracy: Top1: 0.9766%, Top5: 4.8828%
[Epoch 082] Time: 18.0961s | [Train] Loss: 4.60804431 Accuracy: Top1: 0.9654%, Top5: 4.7015% | [Test] Loss: 4.60829641 Accuracy: Top1: 0.9766%, Top5: 5.0293%
[Epoch 083] Time: 18.0332s | [Train] Loss: 4.60845189 Accuracy: Top1: 1.0025%, Top5: 4.8493% | [Test] Loss: 4.60732207 Accuracy: Top1: 0.9766%, Top5: 5.4688%
[Epoch 084] Time: 18.0074s | [Train] Loss: 4.60833815 Accuracy: Top1: 0.9570%, Top5: 4.6963% | [Test] Loss: 4.60687647 Accuracy: Top1: 0.9766%, Top5: 5.0293%
[Epoch 085] Time: 18.0737s | [Train] Loss: 4.60831587 Accuracy: Top1: 0.9235%, Top5: 4.9338% | [Test] Loss: 4.60696417 Accuracy: Top1: 0.9766%, Top5: 4.8828%
[Epoch 086] Time: 18.1242s | [Train] Loss: 4.60828215 Accuracy: Top1: 0.9012%, Top5: 4.9386% | [Test] Loss: 4.60704523 Accuracy: Top1: 0.9766%, Top5: 5.0293%
[Epoch 087] Time: 18.0685s | [Train] Loss: 4.60783730 Accuracy: Top1: 0.9232%, Top5: 4.8031% | [Test] Loss: 4.60590383 Accuracy: Top1: 1.2695%, Top5: 5.1758%
[Epoch 088] Time: 18.1157s | [Train] Loss: 4.60818728 Accuracy: Top1: 1.0583%, Top5: 4.8984% | [Test] Loss: 4.60718256 Accuracy: Top1: 0.9766%, Top5: 4.8828%
[Epoch 089] Time: 18.0417s | [Train] Loss: 4.60831220 Accuracy: Top1: 0.9754%, Top5: 4.9402% | [Test] Loss: 4.60659615 Accuracy: Top1: 0.9766%, Top5: 5.0293%
[Epoch 090] Time: 18.1464s | [Train] Loss: 4.60814038 Accuracy: Top1: 0.9407%, Top5: 4.8298% | [Test] Loss: 4.60725759 Accuracy: Top1: 0.9766%, Top5: 5.0293%
[Epoch 091] Time: 18.0146s | [Train] Loss: 4.60855650 Accuracy: Top1: 0.9212%, Top5: 4.7588% | [Test] Loss: 4.60617164 Accuracy: Top1: 0.9766%, Top5: 4.8828%
[Epoch 092] Time: 18.1417s | [Train] Loss: 4.60782133 Accuracy: Top1: 0.9646%, Top5: 4.7608% | [Test] Loss: 4.60613106 Accuracy: Top1: 0.9766%, Top5: 4.8828%
[Epoch 093] Time: 17.9949s | [Train] Loss: 4.60791221 Accuracy: Top1: 1.0244%, Top5: 4.9271% | [Test] Loss: 4.60750071 Accuracy: Top1: 0.9766%, Top5: 5.1758%
[Epoch 094] Time: 18.0710s | [Train] Loss: 4.60821395 Accuracy: Top1: 0.9686%, Top5: 4.6755% | [Test] Loss: 4.60648484 Accuracy: Top1: 0.9766%, Top5: 5.0293%
[Epoch 095] Time: 18.0808s | [Train] Loss: 4.60784258 Accuracy: Top1: 1.0088%, Top5: 4.7939% | [Test] Loss: 4.60680836 Accuracy: Top1: 0.9766%, Top5: 4.8828%
[Epoch 096] Time: 18.1229s | [Train] Loss: 4.60800018 Accuracy: Top1: 0.9530%, Top5: 4.8390% | [Test] Loss: 4.60635202 Accuracy: Top1: 1.1230%, Top5: 5.0293%
[Epoch 097] Time: 17.9622s | [Train] Loss: 4.60763434 Accuracy: Top1: 0.9825%, Top5: 4.8693% | [Test] Loss: 4.60797288 Accuracy: Top1: 1.1230%, Top5: 5.0293%
[Epoch 098] Time: 17.9628s | [Train] Loss: 4.60820234 Accuracy: Top1: 0.9487%, Top5: 4.8453% | [Test] Loss: 4.60654587 Accuracy: Top1: 0.9766%, Top5: 5.1758%
[Epoch 099] Time: 18.0410s | [Train] Loss: 4.60791426 Accuracy: Top1: 0.8853%, Top5: 4.7369% | [Test] Loss: 4.60637432 Accuracy: Top1: 0.9766%, Top5: 4.8828%
[Epoch 100] Time: 18.0526s | [Train] Loss: 4.60757276 Accuracy: Top1: 0.9650%, Top5: 4.8701% | [Test] Loss: 4.60565225 Accuracy: Top1: 0.9766%, Top5: 5.0293%
[Epoch 101] Time: 18.0106s | [Train] Loss: 4.60791504 Accuracy: Top1: 0.8889%, Top5: 4.8378% | [Test] Loss: 4.60622653 Accuracy: Top1: 0.9766%, Top5: 5.1758%
[Epoch 102] Time: 18.0656s | [Train] Loss: 4.60746396 Accuracy: Top1: 0.9794%, Top5: 4.8517% | [Test] Loss: 4.60744503 Accuracy: Top1: 0.9766%, Top5: 4.8828%
[Epoch 103] Time: 18.1030s | [Train] Loss: 4.60802662 Accuracy: Top1: 0.9088%, Top5: 4.8489% | [Test] Loss: 4.60736884 Accuracy: Top1: 0.9766%, Top5: 4.8828%
[Epoch 104] Time: 18.0163s | [Train] Loss: 4.60775133 Accuracy: Top1: 0.9929%, Top5: 4.6899% | [Test] Loss: 4.60666064 Accuracy: Top1: 1.1230%, Top5: 5.1758%
[Epoch 105] Time: 18.0769s | [Train] Loss: 4.60778324 Accuracy: Top1: 0.9829%, Top5: 4.7728% | [Test] Loss: 4.60557786 Accuracy: Top1: 0.9766%, Top5: 5.0293%
[Epoch 106] Time: 18.0293s | [Train] Loss: 4.60780005 Accuracy: Top1: 0.9132%, Top5: 4.7301% | [Test] Loss: 4.60576595 Accuracy: Top1: 0.9766%, Top5: 5.0293%
[Epoch 107] Time: 18.0147s | [Train] Loss: 4.60763092 Accuracy: Top1: 0.9311%, Top5: 4.7369% | [Test] Loss: 4.60633429 Accuracy: Top1: 0.9766%, Top5: 4.8828%
[Epoch 108] Time: 18.0526s | [Train] Loss: 4.60744303 Accuracy: Top1: 0.9052%, Top5: 4.7126% | [Test] Loss: 4.60663595 Accuracy: Top1: 0.9766%, Top5: 4.8828%
[Epoch 109] Time: 18.0287s | [Train] Loss: 4.60777904 Accuracy: Top1: 0.8853%, Top5: 4.6708% | [Test] Loss: 4.60623014 Accuracy: Top1: 0.9766%, Top5: 5.1758%
[Epoch 110] Time: 18.0070s | [Train] Loss: 4.60793482 Accuracy: Top1: 0.9331%, Top5: 4.7050% | [Test] Loss: 4.60583842 Accuracy: Top1: 0.9766%, Top5: 5.0293%
[Epoch 111] Time: 17.9692s | [Train] Loss: 4.60749823 Accuracy: Top1: 0.9251%, Top5: 4.7485% | [Test] Loss: 4.60602567 Accuracy: Top1: 0.9766%, Top5: 5.3223%
[Epoch 112] Time: 18.0132s | [Train] Loss: 4.60771818 Accuracy: Top1: 0.9008%, Top5: 4.7214% | [Test] Loss: 4.60709770 Accuracy: Top1: 0.9766%, Top5: 4.8828%
[Epoch 113] Time: 18.1079s | [Train] Loss: 4.60759922 Accuracy: Top1: 0.9869%, Top5: 4.8940% | [Test] Loss: 4.60625045 Accuracy: Top1: 0.9766%, Top5: 4.8828%
[Epoch 114] Time: 18.0958s | [Train] Loss: 4.60769540 Accuracy: Top1: 0.9706%, Top5: 4.8812% | [Test] Loss: 4.60647774 Accuracy: Top1: 0.9766%, Top5: 4.8828%
[Epoch 115] Time: 18.0943s | [Train] Loss: 4.60757233 Accuracy: Top1: 0.9347%, Top5: 4.7266% | [Test] Loss: 4.60616417 Accuracy: Top1: 0.9766%, Top5: 4.8828%
[Epoch 116] Time: 18.0441s | [Train] Loss: 4.60729265 Accuracy: Top1: 0.9829%, Top5: 4.8824% | [Test] Loss: 4.60641346 Accuracy: Top1: 0.9766%, Top5: 4.8828%
[Epoch 117] Time: 18.0577s | [Train] Loss: 4.60751125 Accuracy: Top1: 0.9746%, Top5: 4.8099% | [Test] Loss: 4.60577625 Accuracy: Top1: 0.9766%, Top5: 5.1758%
[Epoch 118] Time: 18.0468s | [Train] Loss: 4.60723640 Accuracy: Top1: 1.0308%, Top5: 4.9510% | [Test] Loss: 4.60622752 Accuracy: Top1: 0.9766%, Top5: 4.8828%
[Epoch 119] Time: 18.0325s | [Train] Loss: 4.60740166 Accuracy: Top1: 0.9526%, Top5: 4.8477% | [Test] Loss: 4.60546656 Accuracy: Top1: 0.9766%, Top5: 5.3223%
[Epoch 120] Time: 18.0168s | [Train] Loss: 4.60756315 Accuracy: Top1: 0.8849%, Top5: 4.7194% | [Test] Loss: 4.60563824 Accuracy: Top1: 0.9766%, Top5: 5.1758%
[Epoch 121] Time: 18.1128s | [Train] Loss: 4.60740800 Accuracy: Top1: 1.0092%, Top5: 4.8517% | [Test] Loss: 4.60638671 Accuracy: Top1: 0.9766%, Top5: 4.8828%
[Epoch 122] Time: 18.1098s | [Train] Loss: 4.60740798 Accuracy: Top1: 0.9371%, Top5: 4.8147% | [Test] Loss: 4.60588058 Accuracy: Top1: 0.9766%, Top5: 5.1758%
[Epoch 123] Time: 18.0756s | [Train] Loss: 4.60732537 Accuracy: Top1: 0.9447%, Top5: 4.6943% | [Test] Loss: 4.60703679 Accuracy: Top1: 0.9766%, Top5: 4.8828%
[Epoch 124] Time: 18.1293s | [Train] Loss: 4.60748587 Accuracy: Top1: 0.9913%, Top5: 4.8920% | [Test] Loss: 4.60583600 Accuracy: Top1: 0.9766%, Top5: 4.8828%
[Epoch 125] Time: 18.0071s | [Train] Loss: 4.60738218 Accuracy: Top1: 0.9036%, Top5: 4.7541% | [Test] Loss: 4.60662616 Accuracy: Top1: 0.9766%, Top5: 4.8828%
[Epoch 126] Time: 17.9993s | [Train] Loss: 4.60732062 Accuracy: Top1: 0.9766%, Top5: 4.8083% | [Test] Loss: 4.60632713 Accuracy: Top1: 0.9766%, Top5: 4.8828%
[Epoch 127] Time: 18.0132s | [Train] Loss: 4.60726258 Accuracy: Top1: 0.9845%, Top5: 4.7620% | [Test] Loss: 4.60605452 Accuracy: Top1: 0.9766%, Top5: 4.8828%
[Epoch 128] Time: 18.0348s | [Train] Loss: 4.60754315 Accuracy: Top1: 0.9873%, Top5: 4.8469% | [Test] Loss: 4.60574874 Accuracy: Top1: 0.9766%, Top5: 4.8828%
[Epoch 129] Time: 18.0246s | [Train] Loss: 4.60710416 Accuracy: Top1: 0.9626%, Top5: 4.7744% | [Test] Loss: 4.60652168 Accuracy: Top1: 0.9766%, Top5: 5.0293%
[Epoch 130] Time: 18.0554s | [Train] Loss: 4.60757554 Accuracy: Top1: 0.9801%, Top5: 4.9195% | [Test] Loss: 4.60573393 Accuracy: Top1: 0.9766%, Top5: 5.1758%
[Epoch 131] Time: 18.1123s | [Train] Loss: 4.60731830 Accuracy: Top1: 0.9985%, Top5: 4.8051% | [Test] Loss: 4.60628570 Accuracy: Top1: 0.9766%, Top5: 4.8828%
[Epoch 132] Time: 18.0845s | [Train] Loss: 4.60736501 Accuracy: Top1: 0.9495%, Top5: 4.8665% | [Test] Loss: 4.60616859 Accuracy: Top1: 0.9766%, Top5: 5.0293%
[Epoch 133] Time: 18.0519s | [Train] Loss: 4.60758883 Accuracy: Top1: 0.9228%, Top5: 4.8131% | [Test] Loss: 4.60555521 Accuracy: Top1: 0.9766%, Top5: 5.0293%
[Epoch 134] Time: 18.1706s | [Train] Loss: 4.60722230 Accuracy: Top1: 0.8909%, Top5: 4.7182% | [Test] Loss: 4.60591744 Accuracy: Top1: 0.9766%, Top5: 4.8828%
[Epoch 135] Time: 18.1426s | [Train] Loss: 4.60697698 Accuracy: Top1: 0.9271%, Top5: 4.7533% | [Test] Loss: 4.60622450 Accuracy: Top1: 0.9766%, Top5: 4.8828%
[Epoch 136] Time: 18.0733s | [Train] Loss: 4.60740894 Accuracy: Top1: 0.9072%, Top5: 4.6747% | [Test] Loss: 4.60573102 Accuracy: Top1: 0.9766%, Top5: 5.3223%
[Epoch 137] Time: 18.0825s | [Train] Loss: 4.60702661 Accuracy: Top1: 0.9646%, Top5: 4.8856% | [Test] Loss: 4.60638599 Accuracy: Top1: 0.9766%, Top5: 4.8828%
[Epoch 138] Time: 18.0909s | [Train] Loss: 4.60740112 Accuracy: Top1: 0.9471%, Top5: 4.7329% | [Test] Loss: 4.60680861 Accuracy: Top1: 0.9766%, Top5: 4.8828%
[Epoch 139] Time: 18.0674s | [Train] Loss: 4.60717707 Accuracy: Top1: 0.9267%, Top5: 4.8645% | [Test] Loss: 4.60558703 Accuracy: Top1: 0.9766%, Top5: 5.0293%
[Epoch 140] Time: 18.0970s | [Train] Loss: 4.60706806 Accuracy: Top1: 0.9526%, Top5: 4.7469% | [Test] Loss: 4.60574048 Accuracy: Top1: 0.9766%, Top5: 5.0293%
[Epoch 141] Time: 18.0617s | [Train] Loss: 4.60736741 Accuracy: Top1: 0.8311%, Top5: 4.6381% | [Test] Loss: 4.60579456 Accuracy: Top1: 0.9766%, Top5: 5.0293%
[Epoch 142] Time: 18.0091s | [Train] Loss: 4.60702924 Accuracy: Top1: 0.9212%, Top5: 4.8055% | [Test] Loss: 4.60619128 Accuracy: Top1: 0.9766%, Top5: 4.8828%
[Epoch 143] Time: 17.9994s | [Train] Loss: 4.60713521 Accuracy: Top1: 0.9347%, Top5: 4.7489% | [Test] Loss: 4.60641408 Accuracy: Top1: 1.1230%, Top5: 5.0293%
[Epoch 144] Time: 18.0694s | [Train] Loss: 4.60706137 Accuracy: Top1: 0.9758%, Top5: 4.9290% | [Test] Loss: 4.60638580 Accuracy: Top1: 0.9766%, Top5: 4.8828%
[Epoch 145] Time: 18.0913s | [Train] Loss: 4.60707121 Accuracy: Top1: 0.9606%, Top5: 4.7935% | [Test] Loss: 4.60708417 Accuracy: Top1: 0.9766%, Top5: 4.8828%
[Epoch 146] Time: 17.9970s | [Train] Loss: 4.60716547 Accuracy: Top1: 0.9865%, Top5: 4.7959% | [Test] Loss: 4.60566559 Accuracy: Top1: 0.9766%, Top5: 5.1758%
[Epoch 147] Time: 18.0112s | [Train] Loss: 4.60725454 Accuracy: Top1: 0.9347%, Top5: 4.8198% | [Test] Loss: 4.60586960 Accuracy: Top1: 0.9766%, Top5: 4.8828%
[Epoch 148] Time: 18.0429s | [Train] Loss: 4.60714772 Accuracy: Top1: 0.9255%, Top5: 4.7114% | [Test] Loss: 4.60657843 Accuracy: Top1: 0.9766%, Top5: 4.8828%
[Epoch 149] Time: 18.0008s | [Train] Loss: 4.60716332 Accuracy: Top1: 0.8996%, Top5: 4.7353% | [Test] Loss: 4.60566202 Accuracy: Top1: 0.9766%, Top5: 5.0293%
[Epoch 150] Time: 18.0602s | [Train] Loss: 4.60705005 Accuracy: Top1: 0.9451%, Top5: 4.7565% | [Test] Loss: 4.60557238 Accuracy: Top1: 0.9766%, Top5: 4.8828%
✓ Experiment 1 succeeded

[2/2] Dataset=cifar100 | K=2 | Block=ConvNNAttention
Output: ./Final_Output/K_test_correct_random/ViT-Tiny-CIFAR100/ConvNNAttention_Random_K2_NS32_s42
Files already downloaded and verified
Files already downloaded and verified
Model: VIT ConvNNAttention
Total Parameters: 5501284
Trainable Parameters: 5501284
   - Trainable Parameters: 5.50128400 M
Model Complexity (Profiler):
   - GFLOPs: 2.03427782
   - Trainable Parameters: 5.50128400 M
[Epoch 001] Time: 20.7243s | [Train] Loss: 4.23649285 Accuracy: Top1: 5.9303%, Top5: 19.8346% | [Test] Loss: 3.94729770 Accuracy: Top1: 9.4043%, Top5: 28.5254%
[Epoch 002] Time: 20.1448s | [Train] Loss: 3.82950401 Accuracy: Top1: 10.8681%, Top5: 31.8040% | [Test] Loss: 3.68628517 Accuracy: Top1: 13.3594%, Top5: 36.4160%
[Epoch 003] Time: 20.2067s | [Train] Loss: 3.65510447 Accuracy: Top1: 13.3163%, Top5: 37.1632% | [Test] Loss: 3.56225896 Accuracy: Top1: 15.4297%, Top5: 40.5176%
[Epoch 004] Time: 20.0126s | [Train] Loss: 3.51612936 Accuracy: Top1: 15.5596%, Top5: 41.0850% | [Test] Loss: 3.52192399 Accuracy: Top1: 16.1816%, Top5: 40.9766%
[Epoch 005] Time: 20.0987s | [Train] Loss: 3.41491336 Accuracy: Top1: 17.6650%, Top5: 43.7006% | [Test] Loss: 3.33840690 Accuracy: Top1: 19.3359%, Top5: 46.7090%
[Epoch 006] Time: 20.2230s | [Train] Loss: 3.34112775 Accuracy: Top1: 18.9190%, Top5: 46.0651% | [Test] Loss: 3.30696127 Accuracy: Top1: 20.4785%, Top5: 47.5098%
[Epoch 007] Time: 20.0150s | [Train] Loss: 3.28829938 Accuracy: Top1: 19.7134%, Top5: 47.6104% | [Test] Loss: 3.19282076 Accuracy: Top1: 22.3145%, Top5: 50.4102%
[Epoch 008] Time: 20.2099s | [Train] Loss: 3.22434603 Accuracy: Top1: 20.9909%, Top5: 49.1753% | [Test] Loss: 3.13628472 Accuracy: Top1: 23.5254%, Top5: 52.8906%
[Epoch 009] Time: 20.0240s | [Train] Loss: 3.17053817 Accuracy: Top1: 21.8483%, Top5: 50.6952% | [Test] Loss: 3.11080070 Accuracy: Top1: 23.2617%, Top5: 52.4609%
[Epoch 010] Time: 20.0905s | [Train] Loss: 3.12118294 Accuracy: Top1: 22.6355%, Top5: 52.1947% | [Test] Loss: 3.07975101 Accuracy: Top1: 24.2578%, Top5: 53.5449%
[Epoch 011] Time: 20.0742s | [Train] Loss: 3.08175347 Accuracy: Top1: 23.5722%, Top5: 52.9054% | [Test] Loss: 3.12881919 Accuracy: Top1: 22.9883%, Top5: 52.7637%
[Epoch 012] Time: 20.0271s | [Train] Loss: 3.04069948 Accuracy: Top1: 24.4408%, Top5: 54.1960% | [Test] Loss: 3.03956488 Accuracy: Top1: 25.1074%, Top5: 54.2969%
[Epoch 013] Time: 20.1145s | [Train] Loss: 3.00193708 Accuracy: Top1: 25.1666%, Top5: 55.0371% | [Test] Loss: 3.01420411 Accuracy: Top1: 25.8105%, Top5: 55.5371%
[Epoch 014] Time: 20.0560s | [Train] Loss: 2.96402063 Accuracy: Top1: 25.7645%, Top5: 55.8004% | [Test] Loss: 2.91622797 Accuracy: Top1: 27.6855%, Top5: 57.3730%
[Epoch 015] Time: 20.3124s | [Train] Loss: 2.92494013 Accuracy: Top1: 26.5784%, Top5: 56.9491% | [Test] Loss: 2.93660392 Accuracy: Top1: 27.0312%, Top5: 57.3535%
[Epoch 016] Time: 20.1355s | [Train] Loss: 2.88584885 Accuracy: Top1: 27.5120%, Top5: 57.9827% | [Test] Loss: 2.87518426 Accuracy: Top1: 28.0566%, Top5: 59.0918%
[Epoch 017] Time: 20.0543s | [Train] Loss: 2.86399278 Accuracy: Top1: 27.8205%, Top5: 58.5216% | [Test] Loss: 2.87069555 Accuracy: Top1: 27.6270%, Top5: 58.7891%
[Epoch 018] Time: 20.0776s | [Train] Loss: 2.82211378 Accuracy: Top1: 28.5902%, Top5: 59.6600% | [Test] Loss: 2.80302767 Accuracy: Top1: 29.9707%, Top5: 60.5371%
[Epoch 019] Time: 20.1670s | [Train] Loss: 2.79423095 Accuracy: Top1: 29.2032%, Top5: 59.9267% | [Test] Loss: 2.77058470 Accuracy: Top1: 30.6836%, Top5: 60.4297%
[Epoch 020] Time: 20.1640s | [Train] Loss: 2.76532836 Accuracy: Top1: 29.5823%, Top5: 60.8371% | [Test] Loss: 2.76265081 Accuracy: Top1: 29.9805%, Top5: 61.0938%
[Epoch 021] Time: 20.0961s | [Train] Loss: 2.74828301 Accuracy: Top1: 30.0199%, Top5: 61.2380% | [Test] Loss: 2.74522558 Accuracy: Top1: 30.6250%, Top5: 61.5625%
[Epoch 022] Time: 20.0494s | [Train] Loss: 2.70980436 Accuracy: Top1: 30.8327%, Top5: 62.2301% | [Test] Loss: 2.68213719 Accuracy: Top1: 31.3379%, Top5: 63.0469%
[Epoch 023] Time: 20.0833s | [Train] Loss: 2.68020593 Accuracy: Top1: 31.5565%, Top5: 62.5845% | [Test] Loss: 2.65918846 Accuracy: Top1: 32.1289%, Top5: 63.6133%
[Epoch 024] Time: 20.0684s | [Train] Loss: 2.64843275 Accuracy: Top1: 31.8698%, Top5: 63.6484% | [Test] Loss: 2.65584751 Accuracy: Top1: 32.8223%, Top5: 63.3398%
[Epoch 025] Time: 20.2245s | [Train] Loss: 2.62462592 Accuracy: Top1: 32.2254%, Top5: 64.2419% | [Test] Loss: 2.65420018 Accuracy: Top1: 32.5879%, Top5: 62.9688%
[Epoch 026] Time: 20.0750s | [Train] Loss: 2.59682448 Accuracy: Top1: 32.9189%, Top5: 64.8605% | [Test] Loss: 2.58635815 Accuracy: Top1: 34.0918%, Top5: 64.6582%
[Epoch 027] Time: 20.0334s | [Train] Loss: 2.57717191 Accuracy: Top1: 33.3155%, Top5: 65.3544% | [Test] Loss: 2.55779927 Accuracy: Top1: 34.7363%, Top5: 65.9277%
[Epoch 028] Time: 20.0003s | [Train] Loss: 2.54633141 Accuracy: Top1: 33.9712%, Top5: 65.9889% | [Test] Loss: 2.57408209 Accuracy: Top1: 34.3457%, Top5: 65.3711%
[Epoch 029] Time: 20.1268s | [Train] Loss: 2.52060905 Accuracy: Top1: 34.4607%, Top5: 66.4250% | [Test] Loss: 2.53254966 Accuracy: Top1: 34.6387%, Top5: 65.6152%
[Epoch 030] Time: 20.0354s | [Train] Loss: 2.50002521 Accuracy: Top1: 35.0299%, Top5: 67.0045% | [Test] Loss: 2.54342851 Accuracy: Top1: 34.7852%, Top5: 66.1426%
[Epoch 031] Time: 20.1373s | [Train] Loss: 2.47569758 Accuracy: Top1: 35.5365%, Top5: 67.6032% | [Test] Loss: 2.51546027 Accuracy: Top1: 35.8496%, Top5: 66.4844%
[Epoch 032] Time: 20.0521s | [Train] Loss: 2.45521653 Accuracy: Top1: 35.9503%, Top5: 68.0074% | [Test] Loss: 2.52571273 Accuracy: Top1: 35.0977%, Top5: 66.2207%
[Epoch 033] Time: 20.1179s | [Train] Loss: 2.42845061 Accuracy: Top1: 36.2966%, Top5: 68.7368% | [Test] Loss: 2.44707619 Accuracy: Top1: 36.7969%, Top5: 67.8320%
[Epoch 034] Time: 20.0711s | [Train] Loss: 2.40599119 Accuracy: Top1: 36.8176%, Top5: 69.2610% | [Test] Loss: 2.44757307 Accuracy: Top1: 36.1816%, Top5: 68.1055%
[Epoch 035] Time: 20.0916s | [Train] Loss: 2.39449856 Accuracy: Top1: 37.1883%, Top5: 69.4344% | [Test] Loss: 2.46505437 Accuracy: Top1: 36.2500%, Top5: 68.6230%
[Epoch 036] Time: 20.1130s | [Train] Loss: 2.36966456 Accuracy: Top1: 37.3438%, Top5: 69.7357% | [Test] Loss: 2.41667948 Accuracy: Top1: 37.9980%, Top5: 68.5840%
[Epoch 037] Time: 20.0489s | [Train] Loss: 2.34820376 Accuracy: Top1: 37.9588%, Top5: 70.5752% | [Test] Loss: 2.43127002 Accuracy: Top1: 37.2266%, Top5: 68.7109%
[Epoch 038] Time: 20.0385s | [Train] Loss: 2.32747909 Accuracy: Top1: 38.5651%, Top5: 70.8586% | [Test] Loss: 2.43845657 Accuracy: Top1: 37.5195%, Top5: 68.5449%
[Epoch 039] Time: 20.0903s | [Train] Loss: 2.30939715 Accuracy: Top1: 38.8831%, Top5: 71.3333% | [Test] Loss: 2.38457280 Accuracy: Top1: 37.8125%, Top5: 69.2480%
[Epoch 040] Time: 20.0279s | [Train] Loss: 2.28515061 Accuracy: Top1: 39.3120%, Top5: 71.7427% | [Test] Loss: 2.34793627 Accuracy: Top1: 39.0723%, Top5: 70.8789%
[Epoch 041] Time: 20.0950s | [Train] Loss: 2.27650315 Accuracy: Top1: 39.7784%, Top5: 71.8543% | [Test] Loss: 2.35573341 Accuracy: Top1: 38.4375%, Top5: 70.1074%
[Epoch 042] Time: 20.2463s | [Train] Loss: 2.25484459 Accuracy: Top1: 40.1857%, Top5: 72.3107% | [Test] Loss: 2.32238766 Accuracy: Top1: 39.0039%, Top5: 70.3125%
[Epoch 043] Time: 20.1089s | [Train] Loss: 2.23995482 Accuracy: Top1: 40.3902%, Top5: 72.7599% | [Test] Loss: 2.32738904 Accuracy: Top1: 39.3848%, Top5: 71.0156%
[Epoch 044] Time: 20.0258s | [Train] Loss: 2.21568476 Accuracy: Top1: 40.7868%, Top5: 73.2725% | [Test] Loss: 2.32835185 Accuracy: Top1: 39.5703%, Top5: 70.4004%
[Epoch 045] Time: 19.9942s | [Train] Loss: 2.20366469 Accuracy: Top1: 41.1735%, Top5: 73.6217% | [Test] Loss: 2.32157422 Accuracy: Top1: 39.9512%, Top5: 70.8594%
[Epoch 046] Time: 20.0182s | [Train] Loss: 2.19172413 Accuracy: Top1: 41.5047%, Top5: 73.8333% | [Test] Loss: 2.29579355 Accuracy: Top1: 40.4785%, Top5: 71.1523%
[Epoch 047] Time: 20.0651s | [Train] Loss: 2.17222643 Accuracy: Top1: 41.6904%, Top5: 74.2813% | [Test] Loss: 2.27700515 Accuracy: Top1: 40.9082%, Top5: 71.7090%
[Epoch 048] Time: 20.0630s | [Train] Loss: 2.15588059 Accuracy: Top1: 42.0532%, Top5: 74.3208% | [Test] Loss: 2.30231315 Accuracy: Top1: 40.5176%, Top5: 71.2402%
[Epoch 049] Time: 20.0809s | [Train] Loss: 2.13328334 Accuracy: Top1: 42.7348%, Top5: 74.8768% | [Test] Loss: 2.27910311 Accuracy: Top1: 40.4199%, Top5: 71.7578%
[Epoch 050] Time: 20.1801s | [Train] Loss: 2.11694760 Accuracy: Top1: 43.0417%, Top5: 75.5162% | [Test] Loss: 2.25142896 Accuracy: Top1: 41.7676%, Top5: 72.4902%
[Epoch 051] Time: 20.0803s | [Train] Loss: 2.11012592 Accuracy: Top1: 43.2115%, Top5: 75.2842% | [Test] Loss: 2.25411891 Accuracy: Top1: 41.2695%, Top5: 71.8164%
[Epoch 052] Time: 20.0938s | [Train] Loss: 2.09249192 Accuracy: Top1: 43.3654%, Top5: 75.8462% | [Test] Loss: 2.21429236 Accuracy: Top1: 41.9629%, Top5: 73.1934%
[Epoch 053] Time: 20.1886s | [Train] Loss: 2.07770003 Accuracy: Top1: 43.8237%, Top5: 76.2165% | [Test] Loss: 2.22219714 Accuracy: Top1: 42.0117%, Top5: 73.1250%
[Epoch 054] Time: 20.0697s | [Train] Loss: 2.05936271 Accuracy: Top1: 44.4463%, Top5: 76.4126% | [Test] Loss: 2.21492064 Accuracy: Top1: 42.1191%, Top5: 72.7832%
[Epoch 055] Time: 20.1067s | [Train] Loss: 2.05346843 Accuracy: Top1: 44.2427%, Top5: 76.7929% | [Test] Loss: 2.23101666 Accuracy: Top1: 41.5430%, Top5: 72.7734%
[Epoch 056] Time: 20.0107s | [Train] Loss: 2.03236795 Accuracy: Top1: 44.9063%, Top5: 77.0536% | [Test] Loss: 2.21878907 Accuracy: Top1: 41.9336%, Top5: 72.8516%
[Epoch 057] Time: 20.0906s | [Train] Loss: 2.01353337 Accuracy: Top1: 44.9494%, Top5: 77.4797% | [Test] Loss: 2.19920284 Accuracy: Top1: 42.6172%, Top5: 73.1836%
[Epoch 058] Time: 20.1089s | [Train] Loss: 2.01104550 Accuracy: Top1: 45.4205%, Top5: 77.2939% | [Test] Loss: 2.17722761 Accuracy: Top1: 42.6367%, Top5: 73.5156%
[Epoch 059] Time: 20.2554s | [Train] Loss: 1.98459748 Accuracy: Top1: 46.0045%, Top5: 77.7208% | [Test] Loss: 2.18390019 Accuracy: Top1: 42.2168%, Top5: 73.7793%
[Epoch 060] Time: 20.1369s | [Train] Loss: 1.96852034 Accuracy: Top1: 46.1743%, Top5: 78.2490% | [Test] Loss: 2.18045202 Accuracy: Top1: 43.0957%, Top5: 73.6719%
[Epoch 061] Time: 20.1300s | [Train] Loss: 1.95581670 Accuracy: Top1: 46.5187%, Top5: 78.3279% | [Test] Loss: 2.15785744 Accuracy: Top1: 43.8770%, Top5: 73.5840%
[Epoch 062] Time: 20.0289s | [Train] Loss: 1.95102406 Accuracy: Top1: 46.6211%, Top5: 78.4774% | [Test] Loss: 2.17495693 Accuracy: Top1: 43.2617%, Top5: 73.9941%
[Epoch 063] Time: 20.2162s | [Train] Loss: 1.93298962 Accuracy: Top1: 47.2070%, Top5: 78.8524% | [Test] Loss: 2.16384423 Accuracy: Top1: 43.3594%, Top5: 74.5996%
[Epoch 064] Time: 20.2322s | [Train] Loss: 1.91730997 Accuracy: Top1: 47.5215%, Top5: 79.0119% | [Test] Loss: 2.15956889 Accuracy: Top1: 43.6719%, Top5: 73.7598%
[Epoch 065] Time: 20.0784s | [Train] Loss: 1.90887250 Accuracy: Top1: 47.6674%, Top5: 79.0725% | [Test] Loss: 2.14303320 Accuracy: Top1: 43.6621%, Top5: 75.0195%
[Epoch 066] Time: 20.0281s | [Train] Loss: 1.89842128 Accuracy: Top1: 47.8332%, Top5: 79.4838% | [Test] Loss: 2.12458730 Accuracy: Top1: 44.2188%, Top5: 74.9316%
[Epoch 067] Time: 20.0616s | [Train] Loss: 1.88871815 Accuracy: Top1: 48.0816%, Top5: 79.7740% | [Test] Loss: 2.13315167 Accuracy: Top1: 44.4043%, Top5: 74.6289%
[Epoch 068] Time: 20.0923s | [Train] Loss: 1.86501513 Accuracy: Top1: 48.9740%, Top5: 80.1602% | [Test] Loss: 2.14019807 Accuracy: Top1: 44.4727%, Top5: 74.9023%
[Epoch 069] Time: 20.0010s | [Train] Loss: 1.85612176 Accuracy: Top1: 48.8469%, Top5: 80.5521% | [Test] Loss: 2.10336210 Accuracy: Top1: 44.8340%, Top5: 75.3027%
[Epoch 070] Time: 20.0987s | [Train] Loss: 1.84531254 Accuracy: Top1: 49.3288%, Top5: 80.5046% | [Test] Loss: 2.14215248 Accuracy: Top1: 44.5605%, Top5: 75.1855%
[Epoch 071] Time: 20.1597s | [Train] Loss: 1.83180402 Accuracy: Top1: 49.2399%, Top5: 80.6585% | [Test] Loss: 2.12429091 Accuracy: Top1: 44.4824%, Top5: 75.3809%
[Epoch 072] Time: 20.2008s | [Train] Loss: 1.82669506 Accuracy: Top1: 49.5137%, Top5: 80.9849% | [Test] Loss: 2.10321441 Accuracy: Top1: 45.5078%, Top5: 75.4980%
[Epoch 073] Time: 20.0554s | [Train] Loss: 1.81613517 Accuracy: Top1: 49.6393%, Top5: 81.2193% | [Test] Loss: 2.07747055 Accuracy: Top1: 45.6250%, Top5: 76.1621%
[Epoch 074] Time: 20.1118s | [Train] Loss: 1.79766881 Accuracy: Top1: 50.1574%, Top5: 81.3803% | [Test] Loss: 2.11046988 Accuracy: Top1: 44.1504%, Top5: 75.2734%
[Epoch 075] Time: 20.0996s | [Train] Loss: 1.78468426 Accuracy: Top1: 50.3352%, Top5: 81.6621% | [Test] Loss: 2.10750670 Accuracy: Top1: 44.2969%, Top5: 75.2051%
[Epoch 076] Time: 20.1980s | [Train] Loss: 1.77790953 Accuracy: Top1: 50.5317%, Top5: 81.6223% | [Test] Loss: 2.07843049 Accuracy: Top1: 46.3184%, Top5: 75.9961%
[Epoch 077] Time: 20.0809s | [Train] Loss: 1.76654879 Accuracy: Top1: 50.8040%, Top5: 82.2509% | [Test] Loss: 2.07524908 Accuracy: Top1: 45.5273%, Top5: 76.1719%
[Epoch 078] Time: 20.0001s | [Train] Loss: 1.75076831 Accuracy: Top1: 51.1882%, Top5: 82.3031% | [Test] Loss: 2.05329825 Accuracy: Top1: 46.1426%, Top5: 76.4844%
[Epoch 079] Time: 20.0420s | [Train] Loss: 1.73857314 Accuracy: Top1: 51.3441%, Top5: 82.4976% | [Test] Loss: 2.07235109 Accuracy: Top1: 45.8691%, Top5: 76.2207%
[Epoch 080] Time: 20.0231s | [Train] Loss: 1.72830531 Accuracy: Top1: 51.7718%, Top5: 82.7089% | [Test] Loss: 2.08280251 Accuracy: Top1: 46.6113%, Top5: 75.5957%
[Epoch 081] Time: 20.1045s | [Train] Loss: 1.71043736 Accuracy: Top1: 52.1759%, Top5: 82.9102% | [Test] Loss: 2.04346210 Accuracy: Top1: 46.1816%, Top5: 77.0117%
[Epoch 082] Time: 20.0944s | [Train] Loss: 1.70078305 Accuracy: Top1: 52.2684%, Top5: 83.2270% | [Test] Loss: 2.07053370 Accuracy: Top1: 46.5527%, Top5: 76.2207%
[Epoch 083] Time: 20.4270s | [Train] Loss: 1.69195039 Accuracy: Top1: 52.4749%, Top5: 83.3741% | [Test] Loss: 2.05829925 Accuracy: Top1: 45.9961%, Top5: 76.5137%
[Epoch 084] Time: 20.1051s | [Train] Loss: 1.68319620 Accuracy: Top1: 52.9018%, Top5: 83.2545% | [Test] Loss: 2.05407739 Accuracy: Top1: 45.9766%, Top5: 76.8848%
[Epoch 085] Time: 20.0721s | [Train] Loss: 1.67161813 Accuracy: Top1: 52.8966%, Top5: 83.6356% | [Test] Loss: 2.03363727 Accuracy: Top1: 46.9531%, Top5: 77.3145%
[Epoch 086] Time: 20.2325s | [Train] Loss: 1.66587024 Accuracy: Top1: 53.0182%, Top5: 83.7568% | [Test] Loss: 2.05728081 Accuracy: Top1: 46.5137%, Top5: 76.7383%
[Epoch 087] Time: 20.2265s | [Train] Loss: 1.65153146 Accuracy: Top1: 53.2163%, Top5: 84.2271% | [Test] Loss: 2.05960129 Accuracy: Top1: 46.5527%, Top5: 76.6504%
[Epoch 088] Time: 20.0552s | [Train] Loss: 1.63994088 Accuracy: Top1: 53.6284%, Top5: 84.3200% | [Test] Loss: 2.05581212 Accuracy: Top1: 46.3477%, Top5: 76.8750%
[Epoch 089] Time: 20.0373s | [Train] Loss: 1.62479969 Accuracy: Top1: 54.1199%, Top5: 84.5548% | [Test] Loss: 1.99629182 Accuracy: Top1: 48.1250%, Top5: 77.9102%
[Epoch 090] Time: 20.1148s | [Train] Loss: 1.62127523 Accuracy: Top1: 54.0741%, Top5: 84.4719% | [Test] Loss: 2.01280554 Accuracy: Top1: 47.3047%, Top5: 77.4414%
[Epoch 091] Time: 20.1432s | [Train] Loss: 1.60457458 Accuracy: Top1: 54.4169%, Top5: 84.9322% | [Test] Loss: 2.02944091 Accuracy: Top1: 47.0117%, Top5: 77.6367%
[Epoch 092] Time: 20.0982s | [Train] Loss: 1.59283306 Accuracy: Top1: 54.9271%, Top5: 84.9514% | [Test] Loss: 2.04068258 Accuracy: Top1: 46.8359%, Top5: 77.5586%
[Epoch 093] Time: 20.0693s | [Train] Loss: 1.58741007 Accuracy: Top1: 54.8362%, Top5: 85.1846% | [Test] Loss: 2.01950060 Accuracy: Top1: 47.7637%, Top5: 77.3926%
[Epoch 094] Time: 20.1240s | [Train] Loss: 1.58166278 Accuracy: Top1: 55.1359%, Top5: 85.2503% | [Test] Loss: 2.01740671 Accuracy: Top1: 47.9980%, Top5: 77.5781%
[Epoch 095] Time: 20.0608s | [Train] Loss: 1.56413707 Accuracy: Top1: 55.5357%, Top5: 85.4823% | [Test] Loss: 1.97978473 Accuracy: Top1: 47.7441%, Top5: 78.1836%
[Epoch 096] Time: 20.0632s | [Train] Loss: 1.54682595 Accuracy: Top1: 55.8598%, Top5: 85.8785% | [Test] Loss: 2.00882813 Accuracy: Top1: 48.0762%, Top5: 77.5781%
[Epoch 097] Time: 20.1110s | [Train] Loss: 1.54591588 Accuracy: Top1: 55.8291%, Top5: 85.8076% | [Test] Loss: 2.01833398 Accuracy: Top1: 48.3496%, Top5: 77.7148%
[Epoch 098] Time: 20.0602s | [Train] Loss: 1.53922964 Accuracy: Top1: 56.0595%, Top5: 86.1783% | [Test] Loss: 2.01329414 Accuracy: Top1: 47.7051%, Top5: 77.5098%
[Epoch 099] Time: 20.0652s | [Train] Loss: 1.53152074 Accuracy: Top1: 56.4425%, Top5: 85.9578% | [Test] Loss: 1.98464393 Accuracy: Top1: 48.5449%, Top5: 78.2715%
[Epoch 100] Time: 20.2389s | [Train] Loss: 1.51903101 Accuracy: Top1: 56.5083%, Top5: 86.3297% | [Test] Loss: 2.01327929 Accuracy: Top1: 47.7051%, Top5: 77.8320%
[Epoch 101] Time: 20.2323s | [Train] Loss: 1.49976981 Accuracy: Top1: 57.0775%, Top5: 86.6809% | [Test] Loss: 1.99707833 Accuracy: Top1: 48.0957%, Top5: 77.5293%
[Epoch 102] Time: 20.1017s | [Train] Loss: 1.48620841 Accuracy: Top1: 57.5307%, Top5: 86.6303% | [Test] Loss: 1.99668862 Accuracy: Top1: 48.1836%, Top5: 78.1055%
[Epoch 103] Time: 20.0317s | [Train] Loss: 1.48328647 Accuracy: Top1: 57.4625%, Top5: 86.9774% | [Test] Loss: 1.99625754 Accuracy: Top1: 48.2227%, Top5: 77.8809%
[Epoch 104] Time: 20.0820s | [Train] Loss: 1.48236348 Accuracy: Top1: 57.1763%, Top5: 86.9105% | [Test] Loss: 2.00289482 Accuracy: Top1: 47.9688%, Top5: 77.7539%
[Epoch 105] Time: 20.2044s | [Train] Loss: 1.46814457 Accuracy: Top1: 57.8914%, Top5: 87.0177% | [Test] Loss: 2.00311081 Accuracy: Top1: 48.2227%, Top5: 77.8125%
[Epoch 106] Time: 20.0509s | [Train] Loss: 1.45808400 Accuracy: Top1: 58.2629%, Top5: 87.1588% | [Test] Loss: 1.99073837 Accuracy: Top1: 48.6035%, Top5: 78.7109%
[Epoch 107] Time: 20.2291s | [Train] Loss: 1.44115895 Accuracy: Top1: 58.4993%, Top5: 87.7392% | [Test] Loss: 2.00071687 Accuracy: Top1: 47.9980%, Top5: 77.8320%
[Epoch 108] Time: 20.1267s | [Train] Loss: 1.43729753 Accuracy: Top1: 58.4299%, Top5: 87.7439% | [Test] Loss: 1.97983056 Accuracy: Top1: 48.7695%, Top5: 78.5352%
[Epoch 109] Time: 20.0387s | [Train] Loss: 1.42439071 Accuracy: Top1: 58.9070%, Top5: 87.7966% | [Test] Loss: 2.00900771 Accuracy: Top1: 48.8965%, Top5: 78.2422%
[Epoch 110] Time: 20.1322s | [Train] Loss: 1.41950024 Accuracy: Top1: 58.8688%, Top5: 87.9325% | [Test] Loss: 2.01555464 Accuracy: Top1: 48.6133%, Top5: 78.0371%
[Epoch 111] Time: 19.9972s | [Train] Loss: 1.41095217 Accuracy: Top1: 59.1462%, Top5: 88.1362% | [Test] Loss: 1.99546297 Accuracy: Top1: 49.2090%, Top5: 78.1836%
[Epoch 112] Time: 20.0122s | [Train] Loss: 1.39827532 Accuracy: Top1: 59.4599%, Top5: 88.2306% | [Test] Loss: 1.99872817 Accuracy: Top1: 48.0566%, Top5: 78.5840%
[Epoch 113] Time: 20.0816s | [Train] Loss: 1.38099364 Accuracy: Top1: 60.0590%, Top5: 88.5503% | [Test] Loss: 1.99384137 Accuracy: Top1: 49.0234%, Top5: 78.4277%
[Epoch 114] Time: 20.0691s | [Train] Loss: 1.37503651 Accuracy: Top1: 60.0335%, Top5: 88.7715% | [Test] Loss: 1.98427932 Accuracy: Top1: 48.9453%, Top5: 78.7305%
[Epoch 115] Time: 20.0829s | [Train] Loss: 1.36779814 Accuracy: Top1: 60.1810%, Top5: 88.7408% | [Test] Loss: 1.99511062 Accuracy: Top1: 49.4238%, Top5: 78.7109%
[Epoch 116] Time: 20.0597s | [Train] Loss: 1.35939673 Accuracy: Top1: 60.5222%, Top5: 88.9098% | [Test] Loss: 1.98612378 Accuracy: Top1: 48.8477%, Top5: 77.9590%
[Epoch 117] Time: 20.2296s | [Train] Loss: 1.34270125 Accuracy: Top1: 60.8191%, Top5: 89.2885% | [Test] Loss: 1.99931662 Accuracy: Top1: 48.7109%, Top5: 78.3691%
[Epoch 118] Time: 20.2076s | [Train] Loss: 1.34818885 Accuracy: Top1: 60.5883%, Top5: 89.1940% | [Test] Loss: 1.97659123 Accuracy: Top1: 49.1699%, Top5: 78.9258%
[Epoch 119] Time: 20.0422s | [Train] Loss: 1.33458712 Accuracy: Top1: 60.9734%, Top5: 89.2188% | [Test] Loss: 1.99043246 Accuracy: Top1: 49.6289%, Top5: 78.5840%
[Epoch 120] Time: 20.2186s | [Train] Loss: 1.32990046 Accuracy: Top1: 61.1256%, Top5: 89.2570% | [Test] Loss: 1.96125706 Accuracy: Top1: 50.4297%, Top5: 78.9355%
[Epoch 121] Time: 20.1575s | [Train] Loss: 1.31198292 Accuracy: Top1: 61.3409%, Top5: 89.8262% | [Test] Loss: 1.95517727 Accuracy: Top1: 49.7070%, Top5: 79.2090%
[Epoch 122] Time: 20.0628s | [Train] Loss: 1.31081102 Accuracy: Top1: 61.5880%, Top5: 89.5918% | [Test] Loss: 1.97342593 Accuracy: Top1: 49.3652%, Top5: 79.2480%
[Epoch 123] Time: 19.9808s | [Train] Loss: 1.29114153 Accuracy: Top1: 62.0695%, Top5: 89.8154% | [Test] Loss: 1.97896082 Accuracy: Top1: 48.9453%, Top5: 79.3750%
[Epoch 124] Time: 20.0278s | [Train] Loss: 1.27934749 Accuracy: Top1: 62.3920%, Top5: 90.1176% | [Test] Loss: 2.02013733 Accuracy: Top1: 48.7012%, Top5: 78.4766%
[Epoch 125] Time: 20.1342s | [Train] Loss: 1.27251708 Accuracy: Top1: 62.3848%, Top5: 90.2479% | [Test] Loss: 1.97375574 Accuracy: Top1: 49.9316%, Top5: 79.1113%
[Epoch 126] Time: 20.1084s | [Train] Loss: 1.26960920 Accuracy: Top1: 62.5327%, Top5: 90.5301% | [Test] Loss: 1.99143552 Accuracy: Top1: 49.5801%, Top5: 78.2031%
[Epoch 127] Time: 20.0017s | [Train] Loss: 1.25872946 Accuracy: Top1: 62.5809%, Top5: 90.5246% | [Test] Loss: 2.01261636 Accuracy: Top1: 49.2188%, Top5: 78.5156%
[Epoch 128] Time: 20.1154s | [Train] Loss: 1.24397337 Accuracy: Top1: 63.2478%, Top5: 90.7426% | [Test] Loss: 1.98643385 Accuracy: Top1: 50.1660%, Top5: 78.6328%
[Epoch 129] Time: 20.0357s | [Train] Loss: 1.24387831 Accuracy: Top1: 63.4941%, Top5: 90.5281% | [Test] Loss: 1.97985132 Accuracy: Top1: 49.6387%, Top5: 79.2578%
[Epoch 130] Time: 20.2871s | [Train] Loss: 1.23728202 Accuracy: Top1: 63.6017%, Top5: 90.6154% | [Test] Loss: 1.97435144 Accuracy: Top1: 50.3125%, Top5: 79.0234%
[Epoch 131] Time: 20.0238s | [Train] Loss: 1.22560413 Accuracy: Top1: 63.6221%, Top5: 90.8574% | [Test] Loss: 1.97076390 Accuracy: Top1: 50.4492%, Top5: 79.1309%
[Epoch 132] Time: 20.0684s | [Train] Loss: 1.21690958 Accuracy: Top1: 63.9425%, Top5: 90.9857% | [Test] Loss: 1.98046220 Accuracy: Top1: 50.1562%, Top5: 78.7109%
[Epoch 133] Time: 20.0802s | [Train] Loss: 1.21108510 Accuracy: Top1: 63.9995%, Top5: 91.3186% | [Test] Loss: 1.96922715 Accuracy: Top1: 50.0879%, Top5: 80.0684%
[Epoch 134] Time: 20.0303s | [Train] Loss: 1.20249888 Accuracy: Top1: 64.1956%, Top5: 91.2938% | [Test] Loss: 2.01883086 Accuracy: Top1: 49.7852%, Top5: 78.2812%
[Epoch 135] Time: 20.1062s | [Train] Loss: 1.20264443 Accuracy: Top1: 64.3734%, Top5: 91.2911% | [Test] Loss: 2.00428687 Accuracy: Top1: 48.8965%, Top5: 79.3359%
[Epoch 136] Time: 20.0207s | [Train] Loss: 1.18025289 Accuracy: Top1: 64.6728%, Top5: 91.6067% | [Test] Loss: 2.01635199 Accuracy: Top1: 49.6484%, Top5: 78.8281%
[Epoch 137] Time: 20.0200s | [Train] Loss: 1.17004676 Accuracy: Top1: 64.9849%, Top5: 91.7769% | [Test] Loss: 2.02431708 Accuracy: Top1: 49.6289%, Top5: 78.3594%
[Epoch 138] Time: 20.0018s | [Train] Loss: 1.17209230 Accuracy: Top1: 65.1463%, Top5: 91.7112% | [Test] Loss: 2.02190141 Accuracy: Top1: 49.8145%, Top5: 78.7598%
[Epoch 139] Time: 19.9854s | [Train] Loss: 1.14533588 Accuracy: Top1: 65.6521%, Top5: 92.0340% | [Test] Loss: 2.00408566 Accuracy: Top1: 50.3418%, Top5: 78.8965%
[Epoch 140] Time: 20.0759s | [Train] Loss: 1.14917843 Accuracy: Top1: 65.6549%, Top5: 92.0277% | [Test] Loss: 2.02186641 Accuracy: Top1: 50.0098%, Top5: 78.9941%
[Epoch 141] Time: 20.0903s | [Train] Loss: 1.14401687 Accuracy: Top1: 65.7147%, Top5: 92.3230% | [Test] Loss: 2.03628379 Accuracy: Top1: 49.8438%, Top5: 79.1699%
[Epoch 142] Time: 20.0814s | [Train] Loss: 1.12314391 Accuracy: Top1: 66.4361%, Top5: 92.3426% | [Test] Loss: 2.03218113 Accuracy: Top1: 50.1758%, Top5: 78.9062%
[Epoch 143] Time: 20.0367s | [Train] Loss: 1.11925582 Accuracy: Top1: 66.3485%, Top5: 92.4685% | [Test] Loss: 2.05275996 Accuracy: Top1: 49.1309%, Top5: 78.5938%
[Epoch 144] Time: 20.0939s | [Train] Loss: 1.11757138 Accuracy: Top1: 66.5179%, Top5: 92.4605% | [Test] Loss: 2.01150840 Accuracy: Top1: 50.3223%, Top5: 79.3066%
[Epoch 145] Time: 20.1592s | [Train] Loss: 1.11033598 Accuracy: Top1: 66.7598%, Top5: 92.5741% | [Test] Loss: 2.00617038 Accuracy: Top1: 50.8984%, Top5: 79.3555%
[Epoch 146] Time: 20.0369s | [Train] Loss: 1.09351892 Accuracy: Top1: 66.9117%, Top5: 92.8954% | [Test] Loss: 2.02546749 Accuracy: Top1: 49.8730%, Top5: 79.0918%
[Epoch 147] Time: 20.1856s | [Train] Loss: 1.09484505 Accuracy: Top1: 66.7467%, Top5: 93.0014% | [Test] Loss: 2.04141794 Accuracy: Top1: 49.7559%, Top5: 79.0039%
[Epoch 148] Time: 20.0834s | [Train] Loss: 1.07363020 Accuracy: Top1: 67.6654%, Top5: 93.2338% | [Test] Loss: 2.03949966 Accuracy: Top1: 50.0293%, Top5: 78.9648%
[Epoch 149] Time: 20.1118s | [Train] Loss: 1.08136781 Accuracy: Top1: 67.3258%, Top5: 92.9723% | [Test] Loss: 2.04886634 Accuracy: Top1: 50.3125%, Top5: 78.5254%
[Epoch 150] Time: 20.2908s | [Train] Loss: 1.06869559 Accuracy: Top1: 67.5933%, Top5: 93.1553% | [Test] Loss: 1.99985155 Accuracy: Top1: 50.5859%, Top5: 79.1504%
✓ Experiment 2 succeeded

Files already downloaded and verified
Files already downloaded and verified
Model: VIT KvtAttention
Total Parameters: 5479306
Trainable Parameters: 5479306
   - Trainable Parameters: 5.47930600 M
Model Complexity (Profiler):
   - GFLOPs: 2.50839755
   - Trainable Parameters: 5.47930600 M
[Epoch 001] Time: 19.7662s | [Train] Loss: 1.74234453 Accuracy: Top1: 36.1695%, Top5: 85.4082% | [Test] Loss: 1.48512247 Accuracy: Top1: 45.9473%, Top5: 91.0254%
[Epoch 002] Time: 19.0795s | [Train] Loss: 1.41340826 Accuracy: Top1: 48.9629%, Top5: 92.3776% | [Test] Loss: 1.35090117 Accuracy: Top1: 51.0547%, Top5: 93.3008%
[Epoch 003] Time: 19.0301s | [Train] Loss: 1.27283267 Accuracy: Top1: 53.7703%, Top5: 94.3850% | [Test] Loss: 1.27416553 Accuracy: Top1: 53.1152%, Top5: 95.1855%
[Epoch 004] Time: 19.1237s | [Train] Loss: 1.17006672 Accuracy: Top1: 57.7519%, Top5: 95.4875% | [Test] Loss: 1.14214951 Accuracy: Top1: 57.4316%, Top5: 95.8789%
[Epoch 005] Time: 19.1105s | [Train] Loss: 1.08779376 Accuracy: Top1: 61.2105%, Top5: 96.1946% | [Test] Loss: 1.08544996 Accuracy: Top1: 60.7910%, Top5: 96.4258%
[Epoch 006] Time: 19.0596s | [Train] Loss: 1.03502657 Accuracy: Top1: 62.9656%, Top5: 96.6590% | [Test] Loss: 1.02579774 Accuracy: Top1: 62.9004%, Top5: 96.9141%
[Epoch 007] Time: 19.1042s | [Train] Loss: 0.98460201 Accuracy: Top1: 64.7349%, Top5: 97.0815% | [Test] Loss: 0.98632535 Accuracy: Top1: 64.6191%, Top5: 96.9727%
[Epoch 008] Time: 19.0641s | [Train] Loss: 0.93600010 Accuracy: Top1: 66.5218%, Top5: 97.3382% | [Test] Loss: 0.97708884 Accuracy: Top1: 64.6387%, Top5: 97.3145%
[Epoch 009] Time: 19.1427s | [Train] Loss: 0.90044705 Accuracy: Top1: 67.6495%, Top5: 97.6634% | [Test] Loss: 0.92145174 Accuracy: Top1: 66.9629%, Top5: 97.4805%
[Epoch 010] Time: 19.1200s | [Train] Loss: 0.85946062 Accuracy: Top1: 69.3674%, Top5: 97.8272% | [Test] Loss: 0.89541502 Accuracy: Top1: 67.7246%, Top5: 97.8516%
[Epoch 011] Time: 19.0084s | [Train] Loss: 0.82645906 Accuracy: Top1: 70.6015%, Top5: 98.0644% | [Test] Loss: 0.91259579 Accuracy: Top1: 67.3047%, Top5: 97.6465%
[Epoch 012] Time: 19.1338s | [Train] Loss: 0.79820219 Accuracy: Top1: 71.6103%, Top5: 98.2143% | [Test] Loss: 0.91840159 Accuracy: Top1: 67.3438%, Top5: 97.4805%
[Epoch 013] Time: 19.1229s | [Train] Loss: 0.77084212 Accuracy: Top1: 72.4498%, Top5: 98.4012% | [Test] Loss: 0.83105438 Accuracy: Top1: 70.0000%, Top5: 98.0371%
[Epoch 014] Time: 19.1075s | [Train] Loss: 0.74578041 Accuracy: Top1: 73.4801%, Top5: 98.5248% | [Test] Loss: 0.85404497 Accuracy: Top1: 69.8828%, Top5: 97.8418%
[Epoch 015] Time: 19.0809s | [Train] Loss: 0.71599176 Accuracy: Top1: 74.4025%, Top5: 98.6759% | [Test] Loss: 0.95300005 Accuracy: Top1: 67.7637%, Top5: 97.3145%
[Epoch 016] Time: 19.1262s | [Train] Loss: 0.69143270 Accuracy: Top1: 75.2148%, Top5: 98.8337% | [Test] Loss: 0.85144944 Accuracy: Top1: 70.5469%, Top5: 98.1348%
[Epoch 017] Time: 19.0289s | [Train] Loss: 0.66456320 Accuracy: Top1: 76.3206%, Top5: 98.8875% | [Test] Loss: 0.83922898 Accuracy: Top1: 71.0352%, Top5: 97.9590%
[Epoch 018] Time: 19.1381s | [Train] Loss: 0.64590417 Accuracy: Top1: 76.7873%, Top5: 99.0051% | [Test] Loss: 0.83697792 Accuracy: Top1: 71.2402%, Top5: 98.0859%
[Epoch 019] Time: 19.1594s | [Train] Loss: 0.61451564 Accuracy: Top1: 77.9703%, Top5: 98.9872% | [Test] Loss: 0.84142968 Accuracy: Top1: 71.7090%, Top5: 98.0273%
[Epoch 020] Time: 19.0861s | [Train] Loss: 0.59461868 Accuracy: Top1: 78.7277%, Top5: 99.1307% | [Test] Loss: 0.79663378 Accuracy: Top1: 72.9102%, Top5: 98.2129%
[Epoch 021] Time: 19.1645s | [Train] Loss: 0.57545619 Accuracy: Top1: 79.2447%, Top5: 99.1885% | [Test] Loss: 0.81507965 Accuracy: Top1: 71.8164%, Top5: 98.1445%
[Epoch 022] Time: 19.1065s | [Train] Loss: 0.54806228 Accuracy: Top1: 80.1965%, Top5: 99.3124% | [Test] Loss: 0.79790907 Accuracy: Top1: 73.1738%, Top5: 98.2324%
[Epoch 023] Time: 19.0594s | [Train] Loss: 0.53218520 Accuracy: Top1: 81.0208%, Top5: 99.3622% | [Test] Loss: 0.85585965 Accuracy: Top1: 71.7383%, Top5: 98.0762%
[Epoch 024] Time: 19.1316s | [Train] Loss: 0.51223739 Accuracy: Top1: 81.6845%, Top5: 99.3479% | [Test] Loss: 0.80026365 Accuracy: Top1: 73.8672%, Top5: 98.5254%
[Epoch 025] Time: 19.1313s | [Train] Loss: 0.49337294 Accuracy: Top1: 82.2700%, Top5: 99.4180% | [Test] Loss: 0.78982599 Accuracy: Top1: 74.0430%, Top5: 98.3887%
[Epoch 026] Time: 19.0437s | [Train] Loss: 0.46880672 Accuracy: Top1: 83.1585%, Top5: 99.5476% | [Test] Loss: 0.86119052 Accuracy: Top1: 72.1875%, Top5: 98.1836%
[Epoch 027] Time: 19.0798s | [Train] Loss: 0.44920010 Accuracy: Top1: 83.8596%, Top5: 99.5392% | [Test] Loss: 0.83182563 Accuracy: Top1: 72.8516%, Top5: 98.2617%
[Epoch 028] Time: 19.1381s | [Train] Loss: 0.43542444 Accuracy: Top1: 84.1303%, Top5: 99.6134% | [Test] Loss: 0.82803676 Accuracy: Top1: 74.0332%, Top5: 98.5254%
[Epoch 029] Time: 19.0950s | [Train] Loss: 0.42346153 Accuracy: Top1: 84.7186%, Top5: 99.6472% | [Test] Loss: 0.84359454 Accuracy: Top1: 73.5840%, Top5: 98.3301%
[Epoch 030] Time: 19.0880s | [Train] Loss: 0.40123534 Accuracy: Top1: 85.3009%, Top5: 99.7110% | [Test] Loss: 0.84452115 Accuracy: Top1: 73.7012%, Top5: 98.2715%
[Epoch 031] Time: 19.1159s | [Train] Loss: 0.38241773 Accuracy: Top1: 86.1065%, Top5: 99.7569% | [Test] Loss: 0.81181294 Accuracy: Top1: 74.4629%, Top5: 98.5352%
[Epoch 032] Time: 19.0829s | [Train] Loss: 0.36193174 Accuracy: Top1: 86.8196%, Top5: 99.7585% | [Test] Loss: 0.88551368 Accuracy: Top1: 73.4766%, Top5: 98.2031%
[Epoch 033] Time: 19.1164s | [Train] Loss: 0.34862743 Accuracy: Top1: 87.2891%, Top5: 99.7325% | [Test] Loss: 0.87215681 Accuracy: Top1: 74.1113%, Top5: 98.3691%
[Epoch 034] Time: 19.1129s | [Train] Loss: 0.33294186 Accuracy: Top1: 87.9532%, Top5: 99.8147% | [Test] Loss: 0.86784837 Accuracy: Top1: 73.7988%, Top5: 98.3887%
[Epoch 035] Time: 19.1256s | [Train] Loss: 0.32107267 Accuracy: Top1: 88.4885%, Top5: 99.8426% | [Test] Loss: 0.91606441 Accuracy: Top1: 73.4180%, Top5: 98.2617%
[Epoch 036] Time: 19.0373s | [Train] Loss: 0.30630316 Accuracy: Top1: 88.7133%, Top5: 99.8565% | [Test] Loss: 0.88194637 Accuracy: Top1: 74.2676%, Top5: 98.3301%
[Epoch 037] Time: 19.1030s | [Train] Loss: 0.29197068 Accuracy: Top1: 89.3870%, Top5: 99.8744% | [Test] Loss: 0.91903860 Accuracy: Top1: 74.4043%, Top5: 98.2129%
[Epoch 038] Time: 19.0632s | [Train] Loss: 0.27936735 Accuracy: Top1: 89.6995%, Top5: 99.8864% | [Test] Loss: 0.91474332 Accuracy: Top1: 74.6777%, Top5: 98.2520%
[Epoch 039] Time: 19.1437s | [Train] Loss: 0.26644131 Accuracy: Top1: 90.2619%, Top5: 99.9043% | [Test] Loss: 0.93305244 Accuracy: Top1: 74.1699%, Top5: 98.4863%
[Epoch 040] Time: 19.0829s | [Train] Loss: 0.25042949 Accuracy: Top1: 90.8873%, Top5: 99.9163% | [Test] Loss: 0.93028614 Accuracy: Top1: 75.5566%, Top5: 98.3105%
[Epoch 041] Time: 19.0717s | [Train] Loss: 0.24667201 Accuracy: Top1: 90.9243%, Top5: 99.9223% | [Test] Loss: 0.99204444 Accuracy: Top1: 74.5312%, Top5: 98.1445%
[Epoch 042] Time: 19.1415s | [Train] Loss: 0.22814141 Accuracy: Top1: 91.5509%, Top5: 99.9482% | [Test] Loss: 0.98662863 Accuracy: Top1: 74.9609%, Top5: 98.3789%
[Epoch 043] Time: 19.0343s | [Train] Loss: 0.21851010 Accuracy: Top1: 91.9149%, Top5: 99.9502% | [Test] Loss: 1.00742091 Accuracy: Top1: 74.0820%, Top5: 98.3496%
[Epoch 044] Time: 19.0338s | [Train] Loss: 0.21164110 Accuracy: Top1: 92.3673%, Top5: 99.9502% | [Test] Loss: 0.96458692 Accuracy: Top1: 75.3223%, Top5: 98.3398%
[Epoch 045] Time: 19.1118s | [Train] Loss: 0.19794602 Accuracy: Top1: 92.7627%, Top5: 99.9781% | [Test] Loss: 1.01499482 Accuracy: Top1: 75.2832%, Top5: 98.4180%
[Epoch 046] Time: 19.0959s | [Train] Loss: 0.19401809 Accuracy: Top1: 92.9106%, Top5: 99.9562% | [Test] Loss: 1.01460864 Accuracy: Top1: 75.3418%, Top5: 98.2812%
[Epoch 047] Time: 19.1536s | [Train] Loss: 0.19050108 Accuracy: Top1: 93.0054%, Top5: 99.9681% | [Test] Loss: 1.10450879 Accuracy: Top1: 74.4922%, Top5: 98.3398%
[Epoch 048] Time: 19.0766s | [Train] Loss: 0.17832845 Accuracy: Top1: 93.6001%, Top5: 99.9880% | [Test] Loss: 1.02399381 Accuracy: Top1: 75.5664%, Top5: 98.5254%
[Epoch 049] Time: 19.0973s | [Train] Loss: 0.17306335 Accuracy: Top1: 93.7022%, Top5: 99.9661% | [Test] Loss: 1.06729582 Accuracy: Top1: 74.5215%, Top5: 98.3105%
[Epoch 050] Time: 19.1095s | [Train] Loss: 0.16437701 Accuracy: Top1: 94.0669%, Top5: 99.9841% | [Test] Loss: 1.10321579 Accuracy: Top1: 75.1270%, Top5: 98.2910%
[Epoch 051] Time: 19.0510s | [Train] Loss: 0.15718999 Accuracy: Top1: 94.2391%, Top5: 99.9781% | [Test] Loss: 1.14665414 Accuracy: Top1: 74.3945%, Top5: 98.2324%
[Epoch 052] Time: 19.1117s | [Train] Loss: 0.15037907 Accuracy: Top1: 94.5041%, Top5: 99.9821% | [Test] Loss: 1.10642990 Accuracy: Top1: 75.4102%, Top5: 98.3887%
[Epoch 053] Time: 19.0381s | [Train] Loss: 0.14375459 Accuracy: Top1: 94.7991%, Top5: 99.9860% | [Test] Loss: 1.18266133 Accuracy: Top1: 74.8242%, Top5: 98.4863%
[Epoch 054] Time: 19.1558s | [Train] Loss: 0.14481328 Accuracy: Top1: 94.7891%, Top5: 99.9841% | [Test] Loss: 1.14348804 Accuracy: Top1: 75.3418%, Top5: 98.1738%
[Epoch 055] Time: 19.0371s | [Train] Loss: 0.13926698 Accuracy: Top1: 94.9621%, Top5: 99.9761% | [Test] Loss: 1.16670303 Accuracy: Top1: 74.7266%, Top5: 98.4082%
[Epoch 056] Time: 19.1606s | [Train] Loss: 0.12681764 Accuracy: Top1: 95.3001%, Top5: 99.9920% | [Test] Loss: 1.19152220 Accuracy: Top1: 74.8828%, Top5: 98.1641%
[Epoch 057] Time: 19.0509s | [Train] Loss: 0.12889579 Accuracy: Top1: 95.3663%, Top5: 99.9880% | [Test] Loss: 1.14962611 Accuracy: Top1: 74.9902%, Top5: 98.3594%
[Epoch 058] Time: 19.1723s | [Train] Loss: 0.12355436 Accuracy: Top1: 95.5417%, Top5: 99.9880% | [Test] Loss: 1.19212155 Accuracy: Top1: 74.7656%, Top5: 98.2422%
[Epoch 059] Time: 19.0414s | [Train] Loss: 0.11793318 Accuracy: Top1: 95.6728%, Top5: 99.9920% | [Test] Loss: 1.19175768 Accuracy: Top1: 75.5664%, Top5: 98.2129%
[Epoch 060] Time: 18.9969s | [Train] Loss: 0.11458596 Accuracy: Top1: 95.9363%, Top5: 99.9960% | [Test] Loss: 1.22962931 Accuracy: Top1: 75.1660%, Top5: 98.1348%
[Epoch 061] Time: 19.0470s | [Train] Loss: 0.11152521 Accuracy: Top1: 95.9455%, Top5: 99.9880% | [Test] Loss: 1.17770572 Accuracy: Top1: 75.9473%, Top5: 98.4766%
[Epoch 062] Time: 19.1257s | [Train] Loss: 0.11044242 Accuracy: Top1: 96.0316%, Top5: 99.9940% | [Test] Loss: 1.21379640 Accuracy: Top1: 75.3906%, Top5: 98.4668%
[Epoch 063] Time: 19.1509s | [Train] Loss: 0.10882297 Accuracy: Top1: 96.1683%, Top5: 99.9960% | [Test] Loss: 1.20706251 Accuracy: Top1: 75.5762%, Top5: 98.1543%
[Epoch 064] Time: 19.1532s | [Train] Loss: 0.10197115 Accuracy: Top1: 96.3760%, Top5: 99.9960% | [Test] Loss: 1.21525779 Accuracy: Top1: 75.0195%, Top5: 98.2715%
[Epoch 065] Time: 19.0624s | [Train] Loss: 0.10132049 Accuracy: Top1: 96.3564%, Top5: 99.9960% | [Test] Loss: 1.21792869 Accuracy: Top1: 75.8496%, Top5: 98.2324%
[Epoch 066] Time: 19.1313s | [Train] Loss: 0.09776681 Accuracy: Top1: 96.4453%, Top5: 100.0000% | [Test] Loss: 1.25659273 Accuracy: Top1: 75.3809%, Top5: 98.2910%
[Epoch 067] Time: 19.0787s | [Train] Loss: 0.09578557 Accuracy: Top1: 96.7080%, Top5: 99.9940% | [Test] Loss: 1.26327713 Accuracy: Top1: 75.4492%, Top5: 98.2031%
[Epoch 068] Time: 19.0105s | [Train] Loss: 0.09527087 Accuracy: Top1: 96.6115%, Top5: 99.9940% | [Test] Loss: 1.25591967 Accuracy: Top1: 75.6348%, Top5: 98.3398%
[Epoch 069] Time: 18.9967s | [Train] Loss: 0.08888927 Accuracy: Top1: 96.8718%, Top5: 99.9960% | [Test] Loss: 1.28405268 Accuracy: Top1: 75.4297%, Top5: 98.2520%
[Epoch 070] Time: 19.1122s | [Train] Loss: 0.08953780 Accuracy: Top1: 96.8778%, Top5: 99.9940% | [Test] Loss: 1.34288502 Accuracy: Top1: 74.3359%, Top5: 98.2031%
[Epoch 071] Time: 19.0395s | [Train] Loss: 0.08888926 Accuracy: Top1: 96.8379%, Top5: 99.9980% | [Test] Loss: 1.29342286 Accuracy: Top1: 75.3711%, Top5: 98.2031%
[Epoch 072] Time: 19.1092s | [Train] Loss: 0.08621403 Accuracy: Top1: 96.9340%, Top5: 99.9920% | [Test] Loss: 1.28928829 Accuracy: Top1: 75.3809%, Top5: 98.3594%
[Epoch 073] Time: 19.1620s | [Train] Loss: 0.08194091 Accuracy: Top1: 97.1716%, Top5: 99.9900% | [Test] Loss: 1.28623268 Accuracy: Top1: 75.1660%, Top5: 98.1836%
[Epoch 074] Time: 19.0532s | [Train] Loss: 0.07859247 Accuracy: Top1: 97.2600%, Top5: 99.9940% | [Test] Loss: 1.32819902 Accuracy: Top1: 75.7910%, Top5: 98.0371%
[Epoch 075] Time: 19.0358s | [Train] Loss: 0.07908730 Accuracy: Top1: 97.1560%, Top5: 99.9960% | [Test] Loss: 1.29103610 Accuracy: Top1: 76.1133%, Top5: 98.2910%
[Epoch 076] Time: 19.1517s | [Train] Loss: 0.07989081 Accuracy: Top1: 97.1301%, Top5: 99.9980% | [Test] Loss: 1.37774487 Accuracy: Top1: 75.0781%, Top5: 97.9980%
[Epoch 077] Time: 19.0322s | [Train] Loss: 0.07821214 Accuracy: Top1: 97.1947%, Top5: 99.9940% | [Test] Loss: 1.32616454 Accuracy: Top1: 75.5859%, Top5: 98.3398%
[Epoch 078] Time: 19.1263s | [Train] Loss: 0.07457638 Accuracy: Top1: 97.3589%, Top5: 99.9980% | [Test] Loss: 1.39723922 Accuracy: Top1: 75.0684%, Top5: 97.9297%
[Epoch 079] Time: 19.0106s | [Train] Loss: 0.07168387 Accuracy: Top1: 97.4833%, Top5: 99.9980% | [Test] Loss: 1.36997582 Accuracy: Top1: 75.1270%, Top5: 98.3789%
[Epoch 080] Time: 19.1177s | [Train] Loss: 0.07056476 Accuracy: Top1: 97.5502%, Top5: 99.9920% | [Test] Loss: 1.31738871 Accuracy: Top1: 76.2988%, Top5: 98.2031%
[Epoch 081] Time: 19.0931s | [Train] Loss: 0.06911313 Accuracy: Top1: 97.6371%, Top5: 100.0000% | [Test] Loss: 1.41713512 Accuracy: Top1: 75.4199%, Top5: 98.1738%
[Epoch 082] Time: 19.0967s | [Train] Loss: 0.06925473 Accuracy: Top1: 97.5618%, Top5: 99.9980% | [Test] Loss: 1.33953512 Accuracy: Top1: 75.7129%, Top5: 98.4863%
[Epoch 083] Time: 19.0791s | [Train] Loss: 0.06681644 Accuracy: Top1: 97.6204%, Top5: 99.9960% | [Test] Loss: 1.38182270 Accuracy: Top1: 75.8008%, Top5: 98.2812%
[Epoch 084] Time: 19.1419s | [Train] Loss: 0.06454171 Accuracy: Top1: 97.7376%, Top5: 99.9980% | [Test] Loss: 1.35507578 Accuracy: Top1: 76.0352%, Top5: 98.2422%
[Epoch 085] Time: 19.0583s | [Train] Loss: 0.06283465 Accuracy: Top1: 97.8173%, Top5: 100.0000% | [Test] Loss: 1.35775781 Accuracy: Top1: 75.3125%, Top5: 98.2910%
[Epoch 086] Time: 19.0740s | [Train] Loss: 0.05974007 Accuracy: Top1: 97.9114%, Top5: 100.0000% | [Test] Loss: 1.42066877 Accuracy: Top1: 75.6641%, Top5: 98.1543%
[Epoch 087] Time: 19.1106s | [Train] Loss: 0.06314558 Accuracy: Top1: 97.7691%, Top5: 99.9980% | [Test] Loss: 1.36911889 Accuracy: Top1: 75.7617%, Top5: 98.2227%
[Epoch 088] Time: 19.0842s | [Train] Loss: 0.05773605 Accuracy: Top1: 97.9038%, Top5: 99.9960% | [Test] Loss: 1.42377455 Accuracy: Top1: 75.3516%, Top5: 98.2422%
[Epoch 089] Time: 19.1284s | [Train] Loss: 0.06003685 Accuracy: Top1: 97.8894%, Top5: 99.9980% | [Test] Loss: 1.37983159 Accuracy: Top1: 76.2402%, Top5: 98.2129%
[Epoch 090] Time: 19.1380s | [Train] Loss: 0.05891525 Accuracy: Top1: 97.9811%, Top5: 99.9980% | [Test] Loss: 1.44779264 Accuracy: Top1: 75.5176%, Top5: 98.0273%
[Epoch 091] Time: 19.1356s | [Train] Loss: 0.05842893 Accuracy: Top1: 97.9684%, Top5: 99.9980% | [Test] Loss: 1.44094831 Accuracy: Top1: 75.8008%, Top5: 98.3887%
[Epoch 092] Time: 19.1268s | [Train] Loss: 0.05967071 Accuracy: Top1: 97.8946%, Top5: 100.0000% | [Test] Loss: 1.48708748 Accuracy: Top1: 75.8008%, Top5: 98.1641%
[Epoch 093] Time: 19.0651s | [Train] Loss: 0.05601631 Accuracy: Top1: 97.9887%, Top5: 99.9980% | [Test] Loss: 1.42634744 Accuracy: Top1: 76.0742%, Top5: 98.2129%
[Epoch 094] Time: 19.0143s | [Train] Loss: 0.05544039 Accuracy: Top1: 98.0186%, Top5: 100.0000% | [Test] Loss: 1.39602931 Accuracy: Top1: 75.1562%, Top5: 98.5645%
[Epoch 095] Time: 19.0726s | [Train] Loss: 0.05547763 Accuracy: Top1: 98.1067%, Top5: 99.9960% | [Test] Loss: 1.43462964 Accuracy: Top1: 76.3184%, Top5: 98.4180%
[Epoch 096] Time: 19.0490s | [Train] Loss: 0.05200753 Accuracy: Top1: 98.1621%, Top5: 99.9980% | [Test] Loss: 1.40370344 Accuracy: Top1: 76.0547%, Top5: 98.3496%
[Epoch 097] Time: 19.0419s | [Train] Loss: 0.05397553 Accuracy: Top1: 98.1517%, Top5: 99.9980% | [Test] Loss: 1.53341860 Accuracy: Top1: 75.3516%, Top5: 98.0566%
[Epoch 098] Time: 19.1553s | [Train] Loss: 0.05549271 Accuracy: Top1: 98.0744%, Top5: 100.0000% | [Test] Loss: 1.42518950 Accuracy: Top1: 76.1328%, Top5: 98.3008%
[Epoch 099] Time: 19.1165s | [Train] Loss: 0.05283066 Accuracy: Top1: 98.1597%, Top5: 99.9980% | [Test] Loss: 1.49275139 Accuracy: Top1: 75.5566%, Top5: 98.0762%
[Epoch 100] Time: 19.1414s | [Train] Loss: 0.05521151 Accuracy: Top1: 98.0923%, Top5: 99.9980% | [Test] Loss: 1.46358449 Accuracy: Top1: 75.1172%, Top5: 98.1348%
[Epoch 101] Time: 19.1016s | [Train] Loss: 0.04858829 Accuracy: Top1: 98.3311%, Top5: 100.0000% | [Test] Loss: 1.44411270 Accuracy: Top1: 76.1426%, Top5: 98.2031%
[Epoch 102] Time: 19.1544s | [Train] Loss: 0.05104733 Accuracy: Top1: 98.2438%, Top5: 99.9960% | [Test] Loss: 1.48308904 Accuracy: Top1: 76.2598%, Top5: 98.2422%
[Epoch 103] Time: 19.1133s | [Train] Loss: 0.04975198 Accuracy: Top1: 98.2478%, Top5: 100.0000% | [Test] Loss: 1.42209232 Accuracy: Top1: 76.4453%, Top5: 98.2520%
[Epoch 104] Time: 19.1312s | [Train] Loss: 0.04378923 Accuracy: Top1: 98.4212%, Top5: 100.0000% | [Test] Loss: 1.48295477 Accuracy: Top1: 75.4297%, Top5: 98.1738%
[Epoch 105] Time: 19.1038s | [Train] Loss: 0.04790432 Accuracy: Top1: 98.3677%, Top5: 99.9980% | [Test] Loss: 1.39792534 Accuracy: Top1: 76.6895%, Top5: 98.2715%
[Epoch 106] Time: 19.0541s | [Train] Loss: 0.04614926 Accuracy: Top1: 98.3638%, Top5: 100.0000% | [Test] Loss: 1.46420746 Accuracy: Top1: 76.1133%, Top5: 98.2324%
[Epoch 107] Time: 19.1273s | [Train] Loss: 0.04518218 Accuracy: Top1: 98.3988%, Top5: 99.9980% | [Test] Loss: 1.48903707 Accuracy: Top1: 76.1426%, Top5: 98.4082%
[Epoch 108] Time: 19.1013s | [Train] Loss: 0.04769911 Accuracy: Top1: 98.3271%, Top5: 100.0000% | [Test] Loss: 1.46040848 Accuracy: Top1: 75.9668%, Top5: 98.3691%
[Epoch 109] Time: 19.0919s | [Train] Loss: 0.04289234 Accuracy: Top1: 98.5041%, Top5: 100.0000% | [Test] Loss: 1.47157715 Accuracy: Top1: 75.9668%, Top5: 98.2812%
[Epoch 110] Time: 19.0880s | [Train] Loss: 0.04537727 Accuracy: Top1: 98.4435%, Top5: 99.9980% | [Test] Loss: 1.50480521 Accuracy: Top1: 75.9082%, Top5: 98.4570%
[Epoch 111] Time: 19.0365s | [Train] Loss: 0.04195298 Accuracy: Top1: 98.5280%, Top5: 100.0000% | [Test] Loss: 1.46320596 Accuracy: Top1: 75.6836%, Top5: 98.3008%
[Epoch 112] Time: 19.0768s | [Train] Loss: 0.04194215 Accuracy: Top1: 98.5368%, Top5: 99.9980% | [Test] Loss: 1.51879240 Accuracy: Top1: 75.9180%, Top5: 98.1934%
[Epoch 113] Time: 19.0956s | [Train] Loss: 0.04427388 Accuracy: Top1: 98.4610%, Top5: 99.9960% | [Test] Loss: 1.56591187 Accuracy: Top1: 74.9902%, Top5: 98.1543%
[Epoch 114] Time: 19.1631s | [Train] Loss: 0.04078483 Accuracy: Top1: 98.6069%, Top5: 100.0000% | [Test] Loss: 1.50508582 Accuracy: Top1: 75.9961%, Top5: 98.2324%
[Epoch 115] Time: 19.1310s | [Train] Loss: 0.04237707 Accuracy: Top1: 98.4953%, Top5: 100.0000% | [Test] Loss: 1.49741964 Accuracy: Top1: 75.9180%, Top5: 98.3301%
[Epoch 116] Time: 19.1494s | [Train] Loss: 0.04343449 Accuracy: Top1: 98.4435%, Top5: 100.0000% | [Test] Loss: 1.54898634 Accuracy: Top1: 75.7812%, Top5: 98.3789%
[Epoch 117] Time: 19.0887s | [Train] Loss: 0.03961897 Accuracy: Top1: 98.6061%, Top5: 100.0000% | [Test] Loss: 1.51542273 Accuracy: Top1: 75.7422%, Top5: 98.2129%
[Epoch 118] Time: 19.1038s | [Train] Loss: 0.03961247 Accuracy: Top1: 98.6316%, Top5: 99.9980% | [Test] Loss: 1.55273412 Accuracy: Top1: 75.6641%, Top5: 98.1934%
[Epoch 119] Time: 19.0706s | [Train] Loss: 0.03936829 Accuracy: Top1: 98.6563%, Top5: 99.9980% | [Test] Loss: 1.51660112 Accuracy: Top1: 76.4746%, Top5: 98.2031%
[Epoch 120] Time: 19.1574s | [Train] Loss: 0.04121396 Accuracy: Top1: 98.5467%, Top5: 99.9980% | [Test] Loss: 1.51755006 Accuracy: Top1: 76.4062%, Top5: 98.0371%
[Epoch 121] Time: 19.1580s | [Train] Loss: 0.03804857 Accuracy: Top1: 98.6822%, Top5: 100.0000% | [Test] Loss: 1.54069755 Accuracy: Top1: 76.2305%, Top5: 98.2812%
[Epoch 122] Time: 19.0675s | [Train] Loss: 0.03919524 Accuracy: Top1: 98.5682%, Top5: 100.0000% | [Test] Loss: 1.53214757 Accuracy: Top1: 75.5273%, Top5: 98.3008%
[Epoch 123] Time: 19.1402s | [Train] Loss: 0.03711511 Accuracy: Top1: 98.7879%, Top5: 99.9980% | [Test] Loss: 1.56587459 Accuracy: Top1: 76.2500%, Top5: 98.0566%
[Epoch 124] Time: 19.0618s | [Train] Loss: 0.04051195 Accuracy: Top1: 98.5890%, Top5: 100.0000% | [Test] Loss: 1.64165024 Accuracy: Top1: 75.8887%, Top5: 98.2520%
[Epoch 125] Time: 19.1551s | [Train] Loss: 0.03414198 Accuracy: Top1: 98.7954%, Top5: 100.0000% | [Test] Loss: 1.56383134 Accuracy: Top1: 76.1719%, Top5: 98.4277%
[Epoch 126] Time: 19.0501s | [Train] Loss: 0.03653693 Accuracy: Top1: 98.6886%, Top5: 100.0000% | [Test] Loss: 1.54143622 Accuracy: Top1: 76.0645%, Top5: 98.3203%
[Epoch 127] Time: 19.0714s | [Train] Loss: 0.03566294 Accuracy: Top1: 98.7895%, Top5: 100.0000% | [Test] Loss: 1.51295815 Accuracy: Top1: 76.5527%, Top5: 98.2520%
[Epoch 128] Time: 19.1405s | [Train] Loss: 0.03848726 Accuracy: Top1: 98.6551%, Top5: 99.9980% | [Test] Loss: 1.53826784 Accuracy: Top1: 76.3086%, Top5: 98.1055%
[Epoch 129] Time: 19.0598s | [Train] Loss: 0.03871261 Accuracy: Top1: 98.6739%, Top5: 99.9980% | [Test] Loss: 1.52784779 Accuracy: Top1: 75.5762%, Top5: 98.2617%
[Epoch 130] Time: 19.1425s | [Train] Loss: 0.03390217 Accuracy: Top1: 98.7915%, Top5: 100.0000% | [Test] Loss: 1.56048464 Accuracy: Top1: 75.8789%, Top5: 98.4863%
[Epoch 131] Time: 19.0407s | [Train] Loss: 0.03605533 Accuracy: Top1: 98.7476%, Top5: 99.9980% | [Test] Loss: 1.58608625 Accuracy: Top1: 76.0059%, Top5: 98.3301%
[Epoch 132] Time: 19.0912s | [Train] Loss: 0.03452606 Accuracy: Top1: 98.8660%, Top5: 100.0000% | [Test] Loss: 1.65105064 Accuracy: Top1: 75.5664%, Top5: 98.2812%
[Epoch 133] Time: 19.0825s | [Train] Loss: 0.03342361 Accuracy: Top1: 98.8560%, Top5: 100.0000% | [Test] Loss: 1.63499589 Accuracy: Top1: 75.9082%, Top5: 98.0859%
[Epoch 134] Time: 19.1408s | [Train] Loss: 0.03370187 Accuracy: Top1: 98.8369%, Top5: 100.0000% | [Test] Loss: 1.56849815 Accuracy: Top1: 76.4746%, Top5: 98.3496%
[Epoch 135] Time: 19.1195s | [Train] Loss: 0.03378974 Accuracy: Top1: 98.7934%, Top5: 99.9980% | [Test] Loss: 1.55729142 Accuracy: Top1: 76.3477%, Top5: 98.3008%
[Epoch 136] Time: 19.1314s | [Train] Loss: 0.03209301 Accuracy: Top1: 98.9198%, Top5: 99.9980% | [Test] Loss: 1.63069572 Accuracy: Top1: 75.8105%, Top5: 98.2227%
[Epoch 137] Time: 19.0897s | [Train] Loss: 0.03319829 Accuracy: Top1: 98.8142%, Top5: 99.9960% | [Test] Loss: 1.65492282 Accuracy: Top1: 76.2109%, Top5: 98.3691%
[Epoch 138] Time: 19.1217s | [Train] Loss: 0.03341538 Accuracy: Top1: 98.8859%, Top5: 100.0000% | [Test] Loss: 1.60352683 Accuracy: Top1: 76.6309%, Top5: 98.4277%
[Epoch 139] Time: 19.1336s | [Train] Loss: 0.03320910 Accuracy: Top1: 98.9059%, Top5: 100.0000% | [Test] Loss: 1.54029846 Accuracy: Top1: 76.5430%, Top5: 98.2324%
[Epoch 140] Time: 19.1862s | [Train] Loss: 0.03160644 Accuracy: Top1: 98.9138%, Top5: 99.9980% | [Test] Loss: 1.57781832 Accuracy: Top1: 75.9766%, Top5: 97.9785%
[Epoch 141] Time: 19.0387s | [Train] Loss: 0.03103050 Accuracy: Top1: 98.9752%, Top5: 99.9980% | [Test] Loss: 1.57865608 Accuracy: Top1: 76.4844%, Top5: 98.0859%
[Epoch 142] Time: 19.0278s | [Train] Loss: 0.02994971 Accuracy: Top1: 98.9417%, Top5: 100.0000% | [Test] Loss: 1.58109466 Accuracy: Top1: 76.4062%, Top5: 98.2129%
[Epoch 143] Time: 19.0644s | [Train] Loss: 0.02982935 Accuracy: Top1: 98.9915%, Top5: 100.0000% | [Test] Loss: 1.65810770 Accuracy: Top1: 76.3574%, Top5: 98.2324%
[Epoch 144] Time: 19.1059s | [Train] Loss: 0.03178263 Accuracy: Top1: 98.9094%, Top5: 100.0000% | [Test] Loss: 1.70289418 Accuracy: Top1: 75.4199%, Top5: 97.9883%
[Epoch 145] Time: 19.0547s | [Train] Loss: 0.03107472 Accuracy: Top1: 98.9338%, Top5: 100.0000% | [Test] Loss: 1.62212022 Accuracy: Top1: 76.4844%, Top5: 97.9492%
[Epoch 146] Time: 19.1058s | [Train] Loss: 0.03186840 Accuracy: Top1: 98.8835%, Top5: 100.0000% | [Test] Loss: 1.62593011 Accuracy: Top1: 75.5762%, Top5: 97.9980%
[Epoch 147] Time: 19.0579s | [Train] Loss: 0.02977528 Accuracy: Top1: 98.9772%, Top5: 100.0000% | [Test] Loss: 1.58648888 Accuracy: Top1: 76.1426%, Top5: 98.1836%
[Epoch 148] Time: 19.0832s | [Train] Loss: 0.02960200 Accuracy: Top1: 98.9589%, Top5: 100.0000% | [Test] Loss: 1.65597141 Accuracy: Top1: 77.0605%, Top5: 98.1055%
[Epoch 149] Time: 19.0693s | [Train] Loss: 0.03057286 Accuracy: Top1: 99.0250%, Top5: 100.0000% | [Test] Loss: 1.64955069 Accuracy: Top1: 75.7031%, Top5: 98.2227%
[Epoch 150] Time: 19.0801s | [Train] Loss: 0.03042512 Accuracy: Top1: 98.9696%, Top5: 100.0000% | [Test] Loss: 1.59312751 Accuracy: Top1: 76.4160%, Top5: 98.2617%
Files already downloaded and verified
Files already downloaded and verified
Model: VIT KvtAttention
Total Parameters: 5496676
Trainable Parameters: 5496676
   - Trainable Parameters: 5.49667600 M
Model Complexity (Profiler):
   - GFLOPs: 2.50843211
   - Trainable Parameters: 5.49667600 M
[Epoch 001] Time: 19.5068s | [Train] Loss: 4.04082956 Accuracy: Top1: 8.5336%, Top5: 25.9032% | [Test] Loss: 3.68459728 Accuracy: Top1: 13.7012%, Top5: 36.9922%
[Epoch 002] Time: 19.1342s | [Train] Loss: 3.48320057 Accuracy: Top1: 16.9408%, Top5: 42.6834% | [Test] Loss: 3.26623995 Accuracy: Top1: 21.1328%, Top5: 48.6426%
[Epoch 003] Time: 19.1314s | [Train] Loss: 3.19581330 Accuracy: Top1: 21.8331%, Top5: 50.2718% | [Test] Loss: 3.08707985 Accuracy: Top1: 24.9609%, Top5: 53.1738%
[Epoch 004] Time: 19.1739s | [Train] Loss: 3.02733929 Accuracy: Top1: 25.1519%, Top5: 54.5918% | [Test] Loss: 2.95605941 Accuracy: Top1: 27.1680%, Top5: 56.6406%
[Epoch 005] Time: 19.1482s | [Train] Loss: 2.88478818 Accuracy: Top1: 27.9070%, Top5: 58.1948% | [Test] Loss: 2.84745214 Accuracy: Top1: 28.9355%, Top5: 59.8535%
[Epoch 006] Time: 19.1405s | [Train] Loss: 2.76809055 Accuracy: Top1: 29.9179%, Top5: 61.1695% | [Test] Loss: 2.69857621 Accuracy: Top1: 32.0898%, Top5: 63.3008%
[Epoch 007] Time: 19.0517s | [Train] Loss: 2.65962761 Accuracy: Top1: 31.9651%, Top5: 63.6775% | [Test] Loss: 2.65502207 Accuracy: Top1: 33.0566%, Top5: 63.4668%
[Epoch 008] Time: 19.1462s | [Train] Loss: 2.57682402 Accuracy: Top1: 33.7460%, Top5: 65.5094% | [Test] Loss: 2.60333970 Accuracy: Top1: 33.7695%, Top5: 64.9902%
[Epoch 009] Time: 19.1462s | [Train] Loss: 2.49529619 Accuracy: Top1: 35.3587%, Top5: 67.3808% | [Test] Loss: 2.50753561 Accuracy: Top1: 36.3477%, Top5: 67.0996%
[Epoch 010] Time: 19.1198s | [Train] Loss: 2.40690129 Accuracy: Top1: 37.2150%, Top5: 69.2746% | [Test] Loss: 2.45165755 Accuracy: Top1: 36.8359%, Top5: 67.6270%
[Epoch 011] Time: 19.0868s | [Train] Loss: 2.33157483 Accuracy: Top1: 38.6866%, Top5: 71.0607% | [Test] Loss: 2.39752663 Accuracy: Top1: 37.8809%, Top5: 69.5605%
[Epoch 012] Time: 19.1625s | [Train] Loss: 2.26595460 Accuracy: Top1: 40.3938%, Top5: 72.2644% | [Test] Loss: 2.33453001 Accuracy: Top1: 39.3750%, Top5: 70.6445%
[Epoch 013] Time: 19.1708s | [Train] Loss: 2.20166380 Accuracy: Top1: 41.6980%, Top5: 73.6312% | [Test] Loss: 2.29728231 Accuracy: Top1: 40.0195%, Top5: 71.3379%
[Epoch 014] Time: 19.1749s | [Train] Loss: 2.13902511 Accuracy: Top1: 42.9329%, Top5: 74.8557% | [Test] Loss: 2.27569774 Accuracy: Top1: 40.8789%, Top5: 72.1875%
[Epoch 015] Time: 19.0180s | [Train] Loss: 2.07362345 Accuracy: Top1: 44.0824%, Top5: 76.2978% | [Test] Loss: 2.24053051 Accuracy: Top1: 42.3828%, Top5: 72.6855%
[Epoch 016] Time: 19.0768s | [Train] Loss: 2.01602933 Accuracy: Top1: 45.7235%, Top5: 77.2086% | [Test] Loss: 2.19946188 Accuracy: Top1: 42.8320%, Top5: 73.4180%
[Epoch 017] Time: 19.1192s | [Train] Loss: 1.96218882 Accuracy: Top1: 46.7160%, Top5: 78.2282% | [Test] Loss: 2.23474272 Accuracy: Top1: 42.4121%, Top5: 72.3535%
[Epoch 018] Time: 19.1074s | [Train] Loss: 1.90686332 Accuracy: Top1: 48.1629%, Top5: 79.2813% | [Test] Loss: 2.15696825 Accuracy: Top1: 44.2188%, Top5: 74.2578%
[Epoch 019] Time: 19.1139s | [Train] Loss: 1.84772125 Accuracy: Top1: 49.2973%, Top5: 80.4564% | [Test] Loss: 2.13786145 Accuracy: Top1: 44.2383%, Top5: 74.4238%
[Epoch 020] Time: 19.1058s | [Train] Loss: 1.78851753 Accuracy: Top1: 50.9096%, Top5: 81.5964% | [Test] Loss: 2.10840553 Accuracy: Top1: 45.0684%, Top5: 75.2051%
[Epoch 021] Time: 19.1468s | [Train] Loss: 1.74536559 Accuracy: Top1: 51.8933%, Top5: 82.4143% | [Test] Loss: 2.06615219 Accuracy: Top1: 46.0352%, Top5: 76.0938%
[Epoch 022] Time: 19.0494s | [Train] Loss: 1.69915070 Accuracy: Top1: 52.7152%, Top5: 83.2055% | [Test] Loss: 2.08810795 Accuracy: Top1: 46.0547%, Top5: 75.6445%
[Epoch 023] Time: 19.1665s | [Train] Loss: 1.63664489 Accuracy: Top1: 54.4328%, Top5: 84.2463% | [Test] Loss: 2.03047242 Accuracy: Top1: 46.9824%, Top5: 76.9922%
[Epoch 024] Time: 19.0842s | [Train] Loss: 1.60164787 Accuracy: Top1: 54.8832%, Top5: 84.7313% | [Test] Loss: 2.04554712 Accuracy: Top1: 47.0117%, Top5: 76.7578%
[Epoch 025] Time: 19.1103s | [Train] Loss: 1.55003550 Accuracy: Top1: 56.3548%, Top5: 85.7011% | [Test] Loss: 2.02106944 Accuracy: Top1: 47.2656%, Top5: 77.5488%
[Epoch 026] Time: 19.0772s | [Train] Loss: 1.50456685 Accuracy: Top1: 57.6192%, Top5: 86.4357% | [Test] Loss: 1.98559048 Accuracy: Top1: 48.4863%, Top5: 77.8223%
[Epoch 027] Time: 19.1710s | [Train] Loss: 1.46087569 Accuracy: Top1: 58.5427%, Top5: 87.0799% | [Test] Loss: 1.99043285 Accuracy: Top1: 48.8867%, Top5: 77.5684%
[Epoch 028] Time: 19.0567s | [Train] Loss: 1.40873886 Accuracy: Top1: 59.7612%, Top5: 87.8711% | [Test] Loss: 1.99859442 Accuracy: Top1: 48.4668%, Top5: 77.9297%
[Epoch 029] Time: 19.1635s | [Train] Loss: 1.36675485 Accuracy: Top1: 60.7115%, Top5: 88.5379% | [Test] Loss: 1.98405375 Accuracy: Top1: 49.3945%, Top5: 78.2617%
[Epoch 030] Time: 19.0780s | [Train] Loss: 1.32402618 Accuracy: Top1: 61.9974%, Top5: 89.2622% | [Test] Loss: 2.01075280 Accuracy: Top1: 48.5254%, Top5: 78.2617%
[Epoch 031] Time: 19.1642s | [Train] Loss: 1.28168160 Accuracy: Top1: 62.9110%, Top5: 89.6452% | [Test] Loss: 2.03435934 Accuracy: Top1: 48.4375%, Top5: 78.0859%
[Epoch 032] Time: 19.1002s | [Train] Loss: 1.23857781 Accuracy: Top1: 63.9019%, Top5: 90.4245% | [Test] Loss: 1.98626598 Accuracy: Top1: 50.4102%, Top5: 78.5742%
[Epoch 033] Time: 19.0845s | [Train] Loss: 1.19699978 Accuracy: Top1: 65.0869%, Top5: 91.1826% | [Test] Loss: 2.00761439 Accuracy: Top1: 49.3945%, Top5: 78.5254%
[Epoch 034] Time: 19.1519s | [Train] Loss: 1.15505693 Accuracy: Top1: 65.9228%, Top5: 91.8021% | [Test] Loss: 2.01758175 Accuracy: Top1: 49.7559%, Top5: 78.2910%
[Epoch 035] Time: 19.1171s | [Train] Loss: 1.12019335 Accuracy: Top1: 67.0472%, Top5: 92.2250% | [Test] Loss: 2.07384973 Accuracy: Top1: 48.5938%, Top5: 78.1348%
[Epoch 036] Time: 19.1517s | [Train] Loss: 1.07284745 Accuracy: Top1: 68.3490%, Top5: 92.9189% | [Test] Loss: 2.03763872 Accuracy: Top1: 49.9512%, Top5: 78.4473%
[Epoch 037] Time: 19.1605s | [Train] Loss: 1.03288426 Accuracy: Top1: 69.0872%, Top5: 93.4020% | [Test] Loss: 2.03765444 Accuracy: Top1: 50.5664%, Top5: 78.7598%
[Epoch 038] Time: 19.0392s | [Train] Loss: 0.99899060 Accuracy: Top1: 70.2886%, Top5: 93.7643% | [Test] Loss: 2.07030262 Accuracy: Top1: 49.7363%, Top5: 78.5449%
[Epoch 039] Time: 19.1182s | [Train] Loss: 0.96050824 Accuracy: Top1: 71.1838%, Top5: 94.3248% | [Test] Loss: 2.07824203 Accuracy: Top1: 49.2090%, Top5: 78.3887%
[Epoch 040] Time: 19.1358s | [Train] Loss: 0.92046955 Accuracy: Top1: 72.1078%, Top5: 94.8350% | [Test] Loss: 2.08670560 Accuracy: Top1: 50.6348%, Top5: 78.8379%
[Epoch 041] Time: 19.1711s | [Train] Loss: 0.88907490 Accuracy: Top1: 73.2083%, Top5: 95.0805% | [Test] Loss: 2.11576646 Accuracy: Top1: 50.3809%, Top5: 78.4473%
[Epoch 042] Time: 19.1609s | [Train] Loss: 0.85147529 Accuracy: Top1: 74.0115%, Top5: 95.6035% | [Test] Loss: 2.12492565 Accuracy: Top1: 49.9512%, Top5: 78.5547%
[Epoch 043] Time: 19.1067s | [Train] Loss: 0.81106714 Accuracy: Top1: 75.1913%, Top5: 96.0144% | [Test] Loss: 2.14868379 Accuracy: Top1: 50.3613%, Top5: 78.8184%
[Epoch 044] Time: 19.1133s | [Train] Loss: 0.77704147 Accuracy: Top1: 76.0244%, Top5: 96.3445% | [Test] Loss: 2.14794924 Accuracy: Top1: 50.2344%, Top5: 78.9648%
[Epoch 045] Time: 19.1759s | [Train] Loss: 0.74820899 Accuracy: Top1: 77.0145%, Top5: 96.6219% | [Test] Loss: 2.18333619 Accuracy: Top1: 50.2148%, Top5: 78.2422%
[Epoch 046] Time: 19.0865s | [Train] Loss: 0.72067328 Accuracy: Top1: 77.7376%, Top5: 96.9687% | [Test] Loss: 2.18762223 Accuracy: Top1: 50.2734%, Top5: 78.9160%
[Epoch 047] Time: 19.0810s | [Train] Loss: 0.68049846 Accuracy: Top1: 78.6771%, Top5: 97.3135% | [Test] Loss: 2.18509407 Accuracy: Top1: 51.2500%, Top5: 79.1406%
[Epoch 048] Time: 19.0458s | [Train] Loss: 0.65369675 Accuracy: Top1: 79.6329%, Top5: 97.5004% | [Test] Loss: 2.20864800 Accuracy: Top1: 50.8594%, Top5: 79.0625%
[Epoch 049] Time: 19.1276s | [Train] Loss: 0.62056388 Accuracy: Top1: 80.5979%, Top5: 97.7356% | [Test] Loss: 2.24095966 Accuracy: Top1: 51.1816%, Top5: 79.0918%
[Epoch 050] Time: 19.1274s | [Train] Loss: 0.60003079 Accuracy: Top1: 80.9981%, Top5: 98.0162% | [Test] Loss: 2.28879214 Accuracy: Top1: 50.4980%, Top5: 78.7988%
[Epoch 051] Time: 19.1774s | [Train] Loss: 0.57050613 Accuracy: Top1: 82.1739%, Top5: 98.1716% | [Test] Loss: 2.34124823 Accuracy: Top1: 49.5508%, Top5: 78.3887%
[Epoch 052] Time: 19.1474s | [Train] Loss: 0.54516331 Accuracy: Top1: 82.9381%, Top5: 98.3458% | [Test] Loss: 2.33307123 Accuracy: Top1: 50.4688%, Top5: 78.7402%
[Epoch 053] Time: 19.1729s | [Train] Loss: 0.52035105 Accuracy: Top1: 83.5375%, Top5: 98.5762% | [Test] Loss: 2.35636365 Accuracy: Top1: 50.5957%, Top5: 78.4961%
[Epoch 054] Time: 19.1598s | [Train] Loss: 0.49623911 Accuracy: Top1: 84.0075%, Top5: 98.7919% | [Test] Loss: 2.43437118 Accuracy: Top1: 49.7461%, Top5: 78.0762%
[Epoch 055] Time: 19.0493s | [Train] Loss: 0.47551238 Accuracy: Top1: 84.7852%, Top5: 98.8979% | [Test] Loss: 2.46436852 Accuracy: Top1: 50.1074%, Top5: 78.1641%
[Epoch 056] Time: 19.1969s | [Train] Loss: 0.44101799 Accuracy: Top1: 85.9786%, Top5: 99.0350% | [Test] Loss: 2.48944068 Accuracy: Top1: 49.5215%, Top5: 77.8711%
[Epoch 057] Time: 19.1360s | [Train] Loss: 0.42548509 Accuracy: Top1: 86.4636%, Top5: 99.1462% | [Test] Loss: 2.49678566 Accuracy: Top1: 49.9902%, Top5: 78.1250%
[Epoch 058] Time: 19.0952s | [Train] Loss: 0.40983680 Accuracy: Top1: 86.8706%, Top5: 99.2008% | [Test] Loss: 2.54152752 Accuracy: Top1: 50.3125%, Top5: 78.0566%
[Epoch 059] Time: 19.0719s | [Train] Loss: 0.39375747 Accuracy: Top1: 87.2054%, Top5: 99.3563% | [Test] Loss: 2.55289961 Accuracy: Top1: 50.2344%, Top5: 78.4570%
[Epoch 060] Time: 19.0879s | [Train] Loss: 0.37507184 Accuracy: Top1: 87.8563%, Top5: 99.4372% | [Test] Loss: 2.56128308 Accuracy: Top1: 50.9570%, Top5: 78.7305%
[Epoch 061] Time: 19.0529s | [Train] Loss: 0.36633776 Accuracy: Top1: 88.2262%, Top5: 99.4479% | [Test] Loss: 2.58838705 Accuracy: Top1: 49.9219%, Top5: 78.3301%
[Epoch 062] Time: 19.0506s | [Train] Loss: 0.34217683 Accuracy: Top1: 89.0900%, Top5: 99.5217% | [Test] Loss: 2.60086735 Accuracy: Top1: 50.4102%, Top5: 78.6523%
[Epoch 063] Time: 19.1095s | [Train] Loss: 0.32568627 Accuracy: Top1: 89.5309%, Top5: 99.5376% | [Test] Loss: 2.64835772 Accuracy: Top1: 49.7070%, Top5: 78.2422%
[Epoch 064] Time: 19.1070s | [Train] Loss: 0.31288306 Accuracy: Top1: 89.9191%, Top5: 99.6652% | [Test] Loss: 2.67304354 Accuracy: Top1: 50.0391%, Top5: 77.8125%
[Epoch 065] Time: 19.1201s | [Train] Loss: 0.29853069 Accuracy: Top1: 90.2695%, Top5: 99.6588% | [Test] Loss: 2.75019373 Accuracy: Top1: 50.0098%, Top5: 78.0469%
[Epoch 066] Time: 19.1315s | [Train] Loss: 0.29035527 Accuracy: Top1: 90.6318%, Top5: 99.6971% | [Test] Loss: 2.76784034 Accuracy: Top1: 49.9805%, Top5: 77.8613%
[Epoch 067] Time: 19.1187s | [Train] Loss: 0.27221611 Accuracy: Top1: 91.2544%, Top5: 99.7110% | [Test] Loss: 2.76520624 Accuracy: Top1: 50.0977%, Top5: 78.4277%
[Epoch 068] Time: 19.1760s | [Train] Loss: 0.26605639 Accuracy: Top1: 91.4632%, Top5: 99.7349% | [Test] Loss: 2.77081345 Accuracy: Top1: 49.6680%, Top5: 78.6230%
[Epoch 069] Time: 19.0449s | [Train] Loss: 0.25748718 Accuracy: Top1: 91.7044%, Top5: 99.7748% | [Test] Loss: 2.82237215 Accuracy: Top1: 49.5801%, Top5: 78.1836%
[Epoch 070] Time: 19.1282s | [Train] Loss: 0.24733265 Accuracy: Top1: 92.1245%, Top5: 99.7788% | [Test] Loss: 2.84036750 Accuracy: Top1: 49.8926%, Top5: 78.2324%
[Epoch 071] Time: 19.0834s | [Train] Loss: 0.23680684 Accuracy: Top1: 92.2158%, Top5: 99.8047% | [Test] Loss: 2.86221803 Accuracy: Top1: 49.1406%, Top5: 78.1934%
[Epoch 072] Time: 19.1816s | [Train] Loss: 0.23356291 Accuracy: Top1: 92.4892%, Top5: 99.8166% | [Test] Loss: 2.86506977 Accuracy: Top1: 50.3320%, Top5: 78.1738%
[Epoch 073] Time: 19.0892s | [Train] Loss: 0.22566946 Accuracy: Top1: 92.7742%, Top5: 99.8262% | [Test] Loss: 2.95416320 Accuracy: Top1: 49.9414%, Top5: 78.1055%
[Epoch 074] Time: 19.0587s | [Train] Loss: 0.21459524 Accuracy: Top1: 93.1461%, Top5: 99.8465% | [Test] Loss: 2.90054442 Accuracy: Top1: 50.4980%, Top5: 78.0664%
[Epoch 075] Time: 19.1212s | [Train] Loss: 0.21076703 Accuracy: Top1: 93.1960%, Top5: 99.8322% | [Test] Loss: 2.96090319 Accuracy: Top1: 49.9512%, Top5: 77.9492%
[Epoch 076] Time: 19.0609s | [Train] Loss: 0.20180662 Accuracy: Top1: 93.3837%, Top5: 99.8565% | [Test] Loss: 2.97118198 Accuracy: Top1: 50.6543%, Top5: 78.0371%
[Epoch 077] Time: 19.0542s | [Train] Loss: 0.19657270 Accuracy: Top1: 93.6611%, Top5: 99.8426% | [Test] Loss: 2.98964262 Accuracy: Top1: 49.7656%, Top5: 78.2324%
[Epoch 078] Time: 19.0847s | [Train] Loss: 0.19185641 Accuracy: Top1: 93.7273%, Top5: 99.8864% | [Test] Loss: 2.98984470 Accuracy: Top1: 50.0098%, Top5: 78.3496%
[Epoch 079] Time: 19.1281s | [Train] Loss: 0.18577000 Accuracy: Top1: 93.9919%, Top5: 99.8764% | [Test] Loss: 3.01413860 Accuracy: Top1: 50.2246%, Top5: 78.0566%
[Epoch 080] Time: 19.0493s | [Train] Loss: 0.17837614 Accuracy: Top1: 94.2642%, Top5: 99.8665% | [Test] Loss: 3.03130053 Accuracy: Top1: 49.9121%, Top5: 77.9883%
[Epoch 081] Time: 19.1137s | [Train] Loss: 0.17733221 Accuracy: Top1: 94.2028%, Top5: 99.8804% | [Test] Loss: 3.03588902 Accuracy: Top1: 50.8887%, Top5: 78.1836%
[Epoch 082] Time: 19.1306s | [Train] Loss: 0.17182497 Accuracy: Top1: 94.4069%, Top5: 99.8964% | [Test] Loss: 3.08929790 Accuracy: Top1: 50.1465%, Top5: 77.8027%
[Epoch 083] Time: 19.1113s | [Train] Loss: 0.16261941 Accuracy: Top1: 94.7102%, Top5: 99.8860% | [Test] Loss: 3.10990912 Accuracy: Top1: 49.9805%, Top5: 77.9688%
[Epoch 084] Time: 19.1432s | [Train] Loss: 0.15551193 Accuracy: Top1: 94.9243%, Top5: 99.9402% | [Test] Loss: 3.14041569 Accuracy: Top1: 50.3613%, Top5: 77.9395%
[Epoch 085] Time: 19.1174s | [Train] Loss: 0.15560702 Accuracy: Top1: 94.8808%, Top5: 99.9163% | [Test] Loss: 3.06275979 Accuracy: Top1: 50.8105%, Top5: 78.3008%
[Epoch 086] Time: 19.0407s | [Train] Loss: 0.15562898 Accuracy: Top1: 94.8772%, Top5: 99.8944% | [Test] Loss: 3.13437122 Accuracy: Top1: 49.9609%, Top5: 78.0273%
[Epoch 087] Time: 19.1252s | [Train] Loss: 0.15007329 Accuracy: Top1: 95.1790%, Top5: 99.9063% | [Test] Loss: 3.09739033 Accuracy: Top1: 50.8594%, Top5: 78.7109%
[Epoch 088] Time: 19.0409s | [Train] Loss: 0.14383640 Accuracy: Top1: 95.3420%, Top5: 99.9119% | [Test] Loss: 3.11766548 Accuracy: Top1: 50.2441%, Top5: 78.4668%
[Epoch 089] Time: 19.0200s | [Train] Loss: 0.14202935 Accuracy: Top1: 95.4233%, Top5: 99.9223% | [Test] Loss: 3.15559283 Accuracy: Top1: 50.2930%, Top5: 78.4277%
[Epoch 090] Time: 19.1876s | [Train] Loss: 0.13616804 Accuracy: Top1: 95.6242%, Top5: 99.9382% | [Test] Loss: 3.14842606 Accuracy: Top1: 50.5566%, Top5: 78.3789%
[Epoch 091] Time: 19.1845s | [Train] Loss: 0.13502994 Accuracy: Top1: 95.6505%, Top5: 99.9362% | [Test] Loss: 3.20189302 Accuracy: Top1: 50.3809%, Top5: 78.4961%
[Epoch 092] Time: 19.1691s | [Train] Loss: 0.13118295 Accuracy: Top1: 95.8155%, Top5: 99.9143% | [Test] Loss: 3.16739235 Accuracy: Top1: 51.1133%, Top5: 78.5059%
[Epoch 093] Time: 19.0578s | [Train] Loss: 0.12761805 Accuracy: Top1: 95.8781%, Top5: 99.9063% | [Test] Loss: 3.20396878 Accuracy: Top1: 50.5469%, Top5: 78.3203%
[Epoch 094] Time: 19.1534s | [Train] Loss: 0.12835267 Accuracy: Top1: 95.8673%, Top5: 99.9243% | [Test] Loss: 3.29087756 Accuracy: Top1: 50.1172%, Top5: 77.8613%
[Epoch 095] Time: 19.0852s | [Train] Loss: 0.12216999 Accuracy: Top1: 96.0168%, Top5: 99.9542% | [Test] Loss: 3.29449694 Accuracy: Top1: 50.6738%, Top5: 78.1445%
[Epoch 096] Time: 19.1415s | [Train] Loss: 0.12416197 Accuracy: Top1: 96.0065%, Top5: 99.9063% | [Test] Loss: 3.33391976 Accuracy: Top1: 50.5371%, Top5: 78.0957%
[Epoch 097] Time: 19.1893s | [Train] Loss: 0.11757857 Accuracy: Top1: 96.1826%, Top5: 99.9621% | [Test] Loss: 3.25642579 Accuracy: Top1: 50.8594%, Top5: 78.1738%
[Epoch 098] Time: 19.1462s | [Train] Loss: 0.11273057 Accuracy: Top1: 96.3361%, Top5: 99.9398% | [Test] Loss: 3.33816261 Accuracy: Top1: 50.1465%, Top5: 77.9004%
[Epoch 099] Time: 19.1563s | [Train] Loss: 0.11375780 Accuracy: Top1: 96.2620%, Top5: 99.9482% | [Test] Loss: 3.26829223 Accuracy: Top1: 50.7520%, Top5: 78.5840%
[Epoch 100] Time: 19.0311s | [Train] Loss: 0.10743314 Accuracy: Top1: 96.5386%, Top5: 99.9581% | [Test] Loss: 3.33371745 Accuracy: Top1: 49.6289%, Top5: 78.4473%
[Epoch 101] Time: 19.0303s | [Train] Loss: 0.10627387 Accuracy: Top1: 96.5792%, Top5: 99.9522% | [Test] Loss: 3.34488719 Accuracy: Top1: 50.2441%, Top5: 78.2031%
[Epoch 102] Time: 19.1571s | [Train] Loss: 0.10429860 Accuracy: Top1: 96.5804%, Top5: 99.9641% | [Test] Loss: 3.39199032 Accuracy: Top1: 50.6445%, Top5: 78.1934%
[Epoch 103] Time: 19.1465s | [Train] Loss: 0.10322921 Accuracy: Top1: 96.7188%, Top5: 99.9601% | [Test] Loss: 3.35585185 Accuracy: Top1: 50.3809%, Top5: 78.2617%
[Epoch 104] Time: 19.0607s | [Train] Loss: 0.10266494 Accuracy: Top1: 96.6378%, Top5: 99.9522% | [Test] Loss: 3.38244517 Accuracy: Top1: 50.1465%, Top5: 78.3105%
[Epoch 105] Time: 19.1349s | [Train] Loss: 0.10047773 Accuracy: Top1: 96.7506%, Top5: 99.9601% | [Test] Loss: 3.35659447 Accuracy: Top1: 50.6641%, Top5: 78.3203%
[Epoch 106] Time: 19.0811s | [Train] Loss: 0.09795834 Accuracy: Top1: 96.8455%, Top5: 99.9761% | [Test] Loss: 3.44089078 Accuracy: Top1: 50.0000%, Top5: 77.8027%
[Epoch 107] Time: 19.0927s | [Train] Loss: 0.09413402 Accuracy: Top1: 96.9954%, Top5: 99.9442% | [Test] Loss: 3.48688926 Accuracy: Top1: 50.0977%, Top5: 77.8516%
[Epoch 108] Time: 19.0901s | [Train] Loss: 0.09401078 Accuracy: Top1: 96.9802%, Top5: 99.9641% | [Test] Loss: 3.41399966 Accuracy: Top1: 50.5469%, Top5: 78.4766%
[Epoch 109] Time: 19.1070s | [Train] Loss: 0.09367962 Accuracy: Top1: 96.9176%, Top5: 99.9581% | [Test] Loss: 3.45064024 Accuracy: Top1: 50.2930%, Top5: 77.8906%
[Epoch 110] Time: 19.1751s | [Train] Loss: 0.09252488 Accuracy: Top1: 97.0476%, Top5: 99.9482% | [Test] Loss: 3.47286980 Accuracy: Top1: 50.2246%, Top5: 78.2422%
[Epoch 111] Time: 19.1650s | [Train] Loss: 0.09501732 Accuracy: Top1: 96.9125%, Top5: 99.9601% | [Test] Loss: 3.41092893 Accuracy: Top1: 50.3906%, Top5: 78.3691%
[Epoch 112] Time: 19.0941s | [Train] Loss: 0.09045608 Accuracy: Top1: 97.0432%, Top5: 99.9641% | [Test] Loss: 3.45096077 Accuracy: Top1: 50.8789%, Top5: 78.6621%
[Epoch 113] Time: 19.0546s | [Train] Loss: 0.09083743 Accuracy: Top1: 97.1193%, Top5: 99.9581% | [Test] Loss: 3.49823233 Accuracy: Top1: 50.7422%, Top5: 78.2129%
[Epoch 114] Time: 19.0383s | [Train] Loss: 0.08938428 Accuracy: Top1: 97.1301%, Top5: 99.9581% | [Test] Loss: 3.46755355 Accuracy: Top1: 50.7617%, Top5: 78.2910%
[Epoch 115] Time: 19.1442s | [Train] Loss: 0.08486740 Accuracy: Top1: 97.2636%, Top5: 99.9681% | [Test] Loss: 3.46403683 Accuracy: Top1: 50.8887%, Top5: 78.3301%
[Epoch 116] Time: 19.1332s | [Train] Loss: 0.08473723 Accuracy: Top1: 97.2907%, Top5: 99.9581% | [Test] Loss: 3.46807173 Accuracy: Top1: 50.8496%, Top5: 77.9883%
[Epoch 117] Time: 19.2081s | [Train] Loss: 0.08209112 Accuracy: Top1: 97.3143%, Top5: 99.9681% | [Test] Loss: 3.49948078 Accuracy: Top1: 50.3809%, Top5: 78.3105%
[Epoch 118] Time: 19.1273s | [Train] Loss: 0.08057979 Accuracy: Top1: 97.4083%, Top5: 99.9721% | [Test] Loss: 3.48804206 Accuracy: Top1: 50.3223%, Top5: 78.1738%
[Epoch 119] Time: 19.1945s | [Train] Loss: 0.07931579 Accuracy: Top1: 97.4418%, Top5: 99.9801% | [Test] Loss: 3.50901403 Accuracy: Top1: 50.3711%, Top5: 78.3789%
[Epoch 120] Time: 19.1117s | [Train] Loss: 0.07956764 Accuracy: Top1: 97.4366%, Top5: 99.9741% | [Test] Loss: 3.55238137 Accuracy: Top1: 50.5859%, Top5: 77.9980%
[Epoch 121] Time: 19.1646s | [Train] Loss: 0.08109778 Accuracy: Top1: 97.3143%, Top5: 99.9701% | [Test] Loss: 3.58661653 Accuracy: Top1: 50.1367%, Top5: 77.8809%
[Epoch 122] Time: 19.0806s | [Train] Loss: 0.07881837 Accuracy: Top1: 97.4410%, Top5: 99.9721% | [Test] Loss: 3.57023773 Accuracy: Top1: 50.0195%, Top5: 77.9395%
[Epoch 123] Time: 19.1420s | [Train] Loss: 0.07571265 Accuracy: Top1: 97.5008%, Top5: 99.9721% | [Test] Loss: 3.54216893 Accuracy: Top1: 50.4102%, Top5: 78.5059%
[Epoch 124] Time: 19.1066s | [Train] Loss: 0.07374995 Accuracy: Top1: 97.6654%, Top5: 99.9721% | [Test] Loss: 3.57550620 Accuracy: Top1: 51.0156%, Top5: 78.0371%
[Epoch 125] Time: 19.1226s | [Train] Loss: 0.07301610 Accuracy: Top1: 97.5833%, Top5: 99.9741% | [Test] Loss: 3.59404188 Accuracy: Top1: 50.3711%, Top5: 78.1934%
[Epoch 126] Time: 19.1479s | [Train] Loss: 0.07404094 Accuracy: Top1: 97.6056%, Top5: 99.9701% | [Test] Loss: 3.57203535 Accuracy: Top1: 50.8301%, Top5: 77.8906%
[Epoch 127] Time: 19.0713s | [Train] Loss: 0.07210042 Accuracy: Top1: 97.6977%, Top5: 99.9860% | [Test] Loss: 3.59710886 Accuracy: Top1: 50.2441%, Top5: 78.3691%
[Epoch 128] Time: 19.1503s | [Train] Loss: 0.07209012 Accuracy: Top1: 97.6108%, Top5: 99.9801% | [Test] Loss: 3.61620821 Accuracy: Top1: 49.8047%, Top5: 77.8223%
[Epoch 129] Time: 19.0711s | [Train] Loss: 0.07174093 Accuracy: Top1: 97.6395%, Top5: 99.9801% | [Test] Loss: 3.59991862 Accuracy: Top1: 50.7812%, Top5: 78.5742%
[Epoch 130] Time: 19.0543s | [Train] Loss: 0.07160550 Accuracy: Top1: 97.7547%, Top5: 99.9581% | [Test] Loss: 3.63729496 Accuracy: Top1: 50.2344%, Top5: 78.1641%
[Epoch 131] Time: 19.1528s | [Train] Loss: 0.06749649 Accuracy: Top1: 97.7966%, Top5: 99.9761% | [Test] Loss: 3.58891994 Accuracy: Top1: 51.3672%, Top5: 78.2715%
[Epoch 132] Time: 19.0799s | [Train] Loss: 0.06921701 Accuracy: Top1: 97.8408%, Top5: 99.9801% | [Test] Loss: 3.52939717 Accuracy: Top1: 51.3574%, Top5: 78.7305%
[Epoch 133] Time: 19.1294s | [Train] Loss: 0.06525282 Accuracy: Top1: 97.9472%, Top5: 99.9841% | [Test] Loss: 3.63267851 Accuracy: Top1: 50.4297%, Top5: 77.8516%
[Epoch 134] Time: 19.0514s | [Train] Loss: 0.06595354 Accuracy: Top1: 97.8731%, Top5: 99.9781% | [Test] Loss: 3.64370845 Accuracy: Top1: 50.6250%, Top5: 77.9980%
[Epoch 135] Time: 19.1639s | [Train] Loss: 0.06589753 Accuracy: Top1: 97.8548%, Top5: 99.9900% | [Test] Loss: 3.63226486 Accuracy: Top1: 51.2695%, Top5: 78.2715%
[Epoch 136] Time: 19.0982s | [Train] Loss: 0.06402507 Accuracy: Top1: 97.9169%, Top5: 99.9701% | [Test] Loss: 3.62999901 Accuracy: Top1: 50.7227%, Top5: 78.1055%
[Epoch 137] Time: 19.1183s | [Train] Loss: 0.06493342 Accuracy: Top1: 97.8950%, Top5: 99.9860% | [Test] Loss: 3.67369888 Accuracy: Top1: 50.9473%, Top5: 77.8027%
[Epoch 138] Time: 19.1783s | [Train] Loss: 0.06164500 Accuracy: Top1: 98.0030%, Top5: 99.9801% | [Test] Loss: 3.69076324 Accuracy: Top1: 50.4688%, Top5: 78.1152%
[Epoch 139] Time: 19.0997s | [Train] Loss: 0.06315017 Accuracy: Top1: 97.9173%, Top5: 99.9741% | [Test] Loss: 3.71229283 Accuracy: Top1: 50.4688%, Top5: 78.0078%
[Epoch 140] Time: 19.1344s | [Train] Loss: 0.06214982 Accuracy: Top1: 97.9309%, Top5: 99.9821% | [Test] Loss: 3.66842859 Accuracy: Top1: 51.0938%, Top5: 77.9883%
[Epoch 141] Time: 19.0659s | [Train] Loss: 0.06086355 Accuracy: Top1: 98.0250%, Top5: 99.9741% | [Test] Loss: 3.71100060 Accuracy: Top1: 50.6348%, Top5: 78.0859%
[Epoch 142] Time: 19.1588s | [Train] Loss: 0.06019753 Accuracy: Top1: 98.0883%, Top5: 99.9721% | [Test] Loss: 3.71507447 Accuracy: Top1: 50.0977%, Top5: 78.1152%
[Epoch 143] Time: 19.1178s | [Train] Loss: 0.05830260 Accuracy: Top1: 98.1824%, Top5: 99.9741% | [Test] Loss: 3.73893278 Accuracy: Top1: 50.6934%, Top5: 78.0469%
[Epoch 144] Time: 19.0508s | [Train] Loss: 0.06018710 Accuracy: Top1: 98.1162%, Top5: 99.9900% | [Test] Loss: 3.67493276 Accuracy: Top1: 51.1816%, Top5: 78.6035%
[Epoch 145] Time: 19.0987s | [Train] Loss: 0.05824023 Accuracy: Top1: 98.1645%, Top5: 99.9821% | [Test] Loss: 3.73860283 Accuracy: Top1: 50.7031%, Top5: 77.9199%
[Epoch 146] Time: 19.1401s | [Train] Loss: 0.06143640 Accuracy: Top1: 98.0489%, Top5: 99.9741% | [Test] Loss: 3.68001400 Accuracy: Top1: 51.0840%, Top5: 78.4961%
[Epoch 147] Time: 19.1830s | [Train] Loss: 0.05597721 Accuracy: Top1: 98.1820%, Top5: 99.9920% | [Test] Loss: 3.76119286 Accuracy: Top1: 50.7520%, Top5: 77.7637%
[Epoch 148] Time: 19.0271s | [Train] Loss: 0.05469691 Accuracy: Top1: 98.1960%, Top5: 99.9761% | [Test] Loss: 3.78611395 Accuracy: Top1: 50.2637%, Top5: 78.3105%
[Epoch 149] Time: 19.0989s | [Train] Loss: 0.05658058 Accuracy: Top1: 98.1720%, Top5: 99.9701% | [Test] Loss: 3.70930215 Accuracy: Top1: 50.4199%, Top5: 77.4219%
[Epoch 150] Time: 19.0502s | [Train] Loss: 0.05462897 Accuracy: Top1: 98.1405%, Top5: 99.9860% | [Test] Loss: 3.73851328 Accuracy: Top1: 50.3418%, Top5: 77.7637%
==========================================
K-Test for Random Sampling Complete!
==========================================
Total experiments: 2
Successful: 2
Failed: 0
==========================================
